-- The C compiler identification is GNU 9.4.0
-- The CXX compiler identification is GNU 9.4.0
-- Check for working C compiler: /usr/bin/cc
-- Check for working C compiler: /usr/bin/cc -- works
-- Detecting C compiler ABI info
-- Detecting C compiler ABI info - done
-- Detecting C compile features
-- Detecting C compile features - done
-- Check for working CXX compiler: /usr/bin/c++
-- Check for working CXX compiler: /usr/bin/c++ -- works
-- Detecting CXX compiler ABI info
-- Detecting CXX compiler ABI info - done
-- Detecting CXX compile features
-- Detecting CXX compile features - done
-- Found ament_cmake_auto: 0.9.11 (/opt/ros/foxy/share/ament_cmake_auto/cmake)
-- Found PythonInterp: /usr/bin/python3 (found suitable version "3.8.10", minimum required is "3") 
-- Using PYTHON_EXECUTABLE: /usr/bin/python3
-- Using all available rosidl_typesupport_c: rosidl_typesupport_fastrtps_c;rosidl_typesupport_introspection_c
-- Found rosidl_adapter: 1.3.0 (/opt/ros/foxy/share/rosidl_adapter/cmake)
-- Found OpenSSL: /usr/lib/aarch64-linux-gnu/libcrypto.so (found version "1.1.1f")  
-- Found FastRTPS: /opt/ros/foxy/include  
-- Using all available rosidl_typesupport_cpp: rosidl_typesupport_fastrtps_cpp;rosidl_typesupport_introspection_cpp
-- Found PythonInterp: /usr/bin/python3 (found version "3.8.10") 
-- Found ament_cmake_cppcheck: 0.9.7 (/opt/ros/foxy/share/ament_cmake_cppcheck/cmake)
-- Found ament_cmake_cpplint: 0.9.7 (/opt/ros/foxy/share/ament_cmake_cpplint/cmake)
-- Found ament_cmake_uncrustify: 0.9.7 (/opt/ros/foxy/share/ament_cmake_uncrustify/cmake)
-- Found ament_cmake_ros: 0.9.2 (/opt/ros/foxy/share/ament_cmake_ros/cmake)
-- Using all available rosidl_typesupport_c: rosidl_typesupport_fastrtps_c;rosidl_typesupport_introspection_c
-- Using all available rosidl_typesupport_cpp: rosidl_typesupport_fastrtps_cpp;rosidl_typesupport_introspection_cpp
-- Found PythonInterp: /usr/bin/python3 (found suitable version "3.8.10", minimum required is "3.5") 
-- Found python_cmake_module: 0.8.1 (/opt/ros/foxy/share/python_cmake_module/cmake)
-- Found PythonLibs: /usr/lib/aarch64-linux-gnu/libpython3.8.so (found suitable version "3.8.10", minimum required is "3.5") 
-- Using PYTHON_EXECUTABLE: /usr/bin/python3
-- Using PYTHON_INCLUDE_DIRS: /usr/include/python3.8
-- Using PYTHON_LIBRARIES: /usr/lib/aarch64-linux-gnu/libpython3.8.so
-- Found PythonExtra: .so  
-- Found ament_cmake_flake8: 0.9.7 (/opt/ros/foxy/share/ament_cmake_flake8/cmake)
-- Found ament_cmake_pep257: 0.9.7 (/opt/ros/foxy/share/ament_cmake_pep257/cmake)
-- Found ament_lint_auto: 0.9.7 (/opt/ros/foxy/share/ament_lint_auto/cmake)
-- Added test 'copyright' to check source files copyright and LICENSE
-- Added test 'lint_cmake' to check CMake code style
-- Added test 'xmllint' to check XML markup files
-- Configuring done
-- Generating done
-- Build files have been written to: /root/r2ware/build/autoware_vehicle_msgs
[35m[1mScanning dependencies of target autoware_vehicle_msgs__cpp[0m
[  0%] [34m[1mGenerating C++ code for ROS interfaces[0m
[  0%] Built target autoware_vehicle_msgs__cpp
[  1%] [34m[1mGenerating C code for ROS interfaces[0m
[35m[1mScanning dependencies of target autoware_vehicle_msgs__rosidl_generator_c[0m
[  1%] [32mBuilding C object CMakeFiles/autoware_vehicle_msgs__rosidl_generator_c.dir/rosidl_generator_c/autoware_vehicle_msgs/msg/detail/control_mode_command__functions.c.o[0m
[  1%] [32mBuilding C object CMakeFiles/autoware_vehicle_msgs__rosidl_generator_c.dir/rosidl_generator_c/autoware_vehicle_msgs/msg/detail/gear_report__functions.c.o[0m
[  2%] [32mBuilding C object CMakeFiles/autoware_vehicle_msgs__rosidl_generator_c.dir/rosidl_generator_c/autoware_vehicle_msgs/msg/detail/hazard_lights_command__functions.c.o[0m
[  3%] [32mBuilding C object CMakeFiles/autoware_vehicle_msgs__rosidl_generator_c.dir/rosidl_generator_c/autoware_vehicle_msgs/msg/detail/hazard_lights_report__functions.c.o[0m
[  3%] [32mBuilding C object CMakeFiles/autoware_vehicle_msgs__rosidl_generator_c.dir/rosidl_generator_c/autoware_vehicle_msgs/msg/detail/steering_report__functions.c.o[0m
[  4%] [32mBuilding C object CMakeFiles/autoware_vehicle_msgs__rosidl_generator_c.dir/rosidl_generator_c/autoware_vehicle_msgs/msg/detail/turn_indicators_command__functions.c.o[0m
[  5%] [32mBuilding C object CMakeFiles/autoware_vehicle_msgs__rosidl_generator_c.dir/rosidl_generator_c/autoware_vehicle_msgs/msg/detail/turn_indicators_report__functions.c.o[0m
[  5%] [32mBuilding C object CMakeFiles/autoware_vehicle_msgs__rosidl_generator_c.dir/rosidl_generator_c/autoware_vehicle_msgs/msg/detail/vehicle_control_command__functions.c.o[0m
[  6%] [32mBuilding C object CMakeFiles/autoware_vehicle_msgs__rosidl_generator_c.dir/rosidl_generator_c/autoware_vehicle_msgs/msg/detail/vehicle_kinematic_state__functions.c.o[0m
[  7%] [32mBuilding C object CMakeFiles/autoware_vehicle_msgs__rosidl_generator_c.dir/rosidl_generator_c/autoware_vehicle_msgs/msg/detail/vehicle_odometry__functions.c.o[0m
[  8%] [32mBuilding C object CMakeFiles/autoware_vehicle_msgs__rosidl_generator_c.dir/rosidl_generator_c/autoware_vehicle_msgs/msg/detail/velocity_report__functions.c.o[0m
[  8%] [32mBuilding C object CMakeFiles/autoware_vehicle_msgs__rosidl_generator_c.dir/rosidl_generator_c/autoware_vehicle_msgs/srv/detail/control_mode_command__functions.c.o[0m
[  9%] [32mBuilding C object CMakeFiles/autoware_vehicle_msgs__rosidl_generator_c.dir/rosidl_generator_c/autoware_vehicle_msgs/msg/detail/gear_command__functions.c.o[0m
[ 10%] [32mBuilding C object CMakeFiles/autoware_vehicle_msgs__rosidl_generator_c.dir/rosidl_generator_c/autoware_vehicle_msgs/msg/detail/engage__functions.c.o[0m
[ 11%] [32mBuilding C object CMakeFiles/autoware_vehicle_msgs__rosidl_generator_c.dir/rosidl_generator_c/autoware_vehicle_msgs/msg/detail/control_mode_report__functions.c.o[0m
[ 12%] [32m[1mLinking C shared library libautoware_vehicle_msgs__rosidl_generator_c.so[0m
[ 12%] Built target autoware_vehicle_msgs__rosidl_generator_c
[ 13%] [34m[1mGenerating C++ type support dispatch for ROS interfaces[0m
[35m[1mScanning dependencies of target autoware_vehicle_msgs__rosidl_typesupport_cpp[0m
[ 14%] [32mBuilding CXX object CMakeFiles/autoware_vehicle_msgs__rosidl_typesupport_cpp.dir/rosidl_typesupport_cpp/autoware_vehicle_msgs/msg/control_mode_command__type_support.cpp.o[0m
[ 15%] [32mBuilding CXX object CMakeFiles/autoware_vehicle_msgs__rosidl_typesupport_cpp.dir/rosidl_typesupport_cpp/autoware_vehicle_msgs/msg/gear_command__type_support.cpp.o[0m
[ 15%] [32mBuilding CXX object CMakeFiles/autoware_vehicle_msgs__rosidl_typesupport_cpp.dir/rosidl_typesupport_cpp/autoware_vehicle_msgs/msg/gear_report__type_support.cpp.o[0m
[ 16%] [32mBuilding CXX object CMakeFiles/autoware_vehicle_msgs__rosidl_typesupport_cpp.dir/rosidl_typesupport_cpp/autoware_vehicle_msgs/msg/hazard_lights_command__type_support.cpp.o[0m
[ 17%] [32mBuilding CXX object CMakeFiles/autoware_vehicle_msgs__rosidl_typesupport_cpp.dir/rosidl_typesupport_cpp/autoware_vehicle_msgs/msg/hazard_lights_report__type_support.cpp.o[0m
[ 18%] [32mBuilding CXX object CMakeFiles/autoware_vehicle_msgs__rosidl_typesupport_cpp.dir/rosidl_typesupport_cpp/autoware_vehicle_msgs/msg/steering_report__type_support.cpp.o[0m
[ 18%] [32mBuilding CXX object CMakeFiles/autoware_vehicle_msgs__rosidl_typesupport_cpp.dir/rosidl_typesupport_cpp/autoware_vehicle_msgs/msg/turn_indicators_command__type_support.cpp.o[0m
[ 19%] [32mBuilding CXX object CMakeFiles/autoware_vehicle_msgs__rosidl_typesupport_cpp.dir/rosidl_typesupport_cpp/autoware_vehicle_msgs/msg/turn_indicators_report__type_support.cpp.o[0m
[ 20%] [32mBuilding CXX object CMakeFiles/autoware_vehicle_msgs__rosidl_typesupport_cpp.dir/rosidl_typesupport_cpp/autoware_vehicle_msgs/msg/vehicle_control_command__type_support.cpp.o[0m
[ 20%] [32mBuilding CXX object CMakeFiles/autoware_vehicle_msgs__rosidl_typesupport_cpp.dir/rosidl_typesupport_cpp/autoware_vehicle_msgs/msg/vehicle_kinematic_state__type_support.cpp.o[0m
[ 21%] [32mBuilding CXX object CMakeFiles/autoware_vehicle_msgs__rosidl_typesupport_cpp.dir/rosidl_typesupport_cpp/autoware_vehicle_msgs/msg/vehicle_odometry__type_support.cpp.o[0m
[ 22%] [32mBuilding CXX object CMakeFiles/autoware_vehicle_msgs__rosidl_typesupport_cpp.dir/rosidl_typesupport_cpp/autoware_vehicle_msgs/msg/velocity_report__type_support.cpp.o[0m
[ 22%] [32mBuilding CXX object CMakeFiles/autoware_vehicle_msgs__rosidl_typesupport_cpp.dir/rosidl_typesupport_cpp/autoware_vehicle_msgs/srv/control_mode_command__type_support.cpp.o[0m
[ 23%] [32mBuilding CXX object CMakeFiles/autoware_vehicle_msgs__rosidl_typesupport_cpp.dir/rosidl_typesupport_cpp/autoware_vehicle_msgs/msg/engage__type_support.cpp.o[0m
[ 23%] [32mBuilding CXX object CMakeFiles/autoware_vehicle_msgs__rosidl_typesupport_cpp.dir/rosidl_typesupport_cpp/autoware_vehicle_msgs/msg/control_mode_report__type_support.cpp.o[0m
[ 24%] [32m[1mLinking CXX shared library libautoware_vehicle_msgs__rosidl_typesupport_cpp.so[0m
[ 24%] Built target autoware_vehicle_msgs__rosidl_typesupport_cpp
[ 25%] [34m[1mGenerating C type support dispatch for ROS interfaces[0m
[35m[1mScanning dependencies of target autoware_vehicle_msgs__rosidl_typesupport_c[0m
[ 25%] [32mBuilding CXX object CMakeFiles/autoware_vehicle_msgs__rosidl_typesupport_c.dir/rosidl_typesupport_c/autoware_vehicle_msgs/msg/control_mode_command__type_support.cpp.o[0m
[ 26%] [32mBuilding CXX object CMakeFiles/autoware_vehicle_msgs__rosidl_typesupport_c.dir/rosidl_typesupport_c/autoware_vehicle_msgs/msg/gear_report__type_support.cpp.o[0m
[ 27%] [32mBuilding CXX object CMakeFiles/autoware_vehicle_msgs__rosidl_typesupport_c.dir/rosidl_typesupport_c/autoware_vehicle_msgs/msg/hazard_lights_command__type_support.cpp.o[0m
[ 28%] [32mBuilding CXX object CMakeFiles/autoware_vehicle_msgs__rosidl_typesupport_c.dir/rosidl_typesupport_c/autoware_vehicle_msgs/msg/hazard_lights_report__type_support.cpp.o[0m
[ 28%] [32mBuilding CXX object CMakeFiles/autoware_vehicle_msgs__rosidl_typesupport_c.dir/rosidl_typesupport_c/autoware_vehicle_msgs/msg/steering_report__type_support.cpp.o[0m
[ 29%] [32mBuilding CXX object CMakeFiles/autoware_vehicle_msgs__rosidl_typesupport_c.dir/rosidl_typesupport_c/autoware_vehicle_msgs/msg/turn_indicators_command__type_support.cpp.o[0m
[ 30%] [32mBuilding CXX object CMakeFiles/autoware_vehicle_msgs__rosidl_typesupport_c.dir/rosidl_typesupport_c/autoware_vehicle_msgs/msg/turn_indicators_report__type_support.cpp.o[0m
[ 30%] [32mBuilding CXX object CMakeFiles/autoware_vehicle_msgs__rosidl_typesupport_c.dir/rosidl_typesupport_c/autoware_vehicle_msgs/msg/vehicle_control_command__type_support.cpp.o[0m
[ 31%] [32mBuilding CXX object CMakeFiles/autoware_vehicle_msgs__rosidl_typesupport_c.dir/rosidl_typesupport_c/autoware_vehicle_msgs/msg/vehicle_kinematic_state__type_support.cpp.o[0m
[ 32%] [32mBuilding CXX object CMakeFiles/autoware_vehicle_msgs__rosidl_typesupport_c.dir/rosidl_typesupport_c/autoware_vehicle_msgs/msg/vehicle_odometry__type_support.cpp.o[0m
[ 32%] [32mBuilding CXX object CMakeFiles/autoware_vehicle_msgs__rosidl_typesupport_c.dir/rosidl_typesupport_c/autoware_vehicle_msgs/msg/velocity_report__type_support.cpp.o[0m
[ 33%] [32mBuilding CXX object CMakeFiles/autoware_vehicle_msgs__rosidl_typesupport_c.dir/rosidl_typesupport_c/autoware_vehicle_msgs/srv/control_mode_command__type_support.cpp.o[0m
[ 33%] [32mBuilding CXX object CMakeFiles/autoware_vehicle_msgs__rosidl_typesupport_c.dir/rosidl_typesupport_c/autoware_vehicle_msgs/msg/gear_command__type_support.cpp.o[0m
[ 34%] [32mBuilding CXX object CMakeFiles/autoware_vehicle_msgs__rosidl_typesupport_c.dir/rosidl_typesupport_c/autoware_vehicle_msgs/msg/engage__type_support.cpp.o[0m
[ 35%] [32mBuilding CXX object CMakeFiles/autoware_vehicle_msgs__rosidl_typesupport_c.dir/rosidl_typesupport_c/autoware_vehicle_msgs/msg/control_mode_report__type_support.cpp.o[0m
[ 36%] [32m[1mLinking CXX shared library libautoware_vehicle_msgs__rosidl_typesupport_c.so[0m
[ 36%] Built target autoware_vehicle_msgs__rosidl_typesupport_c
[ 37%] [34m[1mGenerating C introspection for ROS interfaces[0m
[35m[1mScanning dependencies of target autoware_vehicle_msgs__rosidl_typesupport_introspection_c[0m
[ 38%] [32mBuilding C object CMakeFiles/autoware_vehicle_msgs__rosidl_typesupport_introspection_c.dir/rosidl_typesupport_introspection_c/autoware_vehicle_msgs/msg/detail/control_mode_command__type_support.c.o[0m
[ 38%] [32mBuilding C object CMakeFiles/autoware_vehicle_msgs__rosidl_typesupport_introspection_c.dir/rosidl_typesupport_introspection_c/autoware_vehicle_msgs/msg/detail/hazard_lights_command__type_support.c.o[0m
[ 39%] [32mBuilding C object CMakeFiles/autoware_vehicle_msgs__rosidl_typesupport_introspection_c.dir/rosidl_typesupport_introspection_c/autoware_vehicle_msgs/msg/detail/hazard_lights_report__type_support.c.o[0m
[ 40%] [32mBuilding C object CMakeFiles/autoware_vehicle_msgs__rosidl_typesupport_introspection_c.dir/rosidl_typesupport_introspection_c/autoware_vehicle_msgs/msg/detail/steering_report__type_support.c.o[0m
[ 40%] [32mBuilding C object CMakeFiles/autoware_vehicle_msgs__rosidl_typesupport_introspection_c.dir/rosidl_typesupport_introspection_c/autoware_vehicle_msgs/msg/detail/turn_indicators_command__type_support.c.o[0m
[ 41%] [32mBuilding C object CMakeFiles/autoware_vehicle_msgs__rosidl_typesupport_introspection_c.dir/rosidl_typesupport_introspection_c/autoware_vehicle_msgs/msg/detail/turn_indicators_report__type_support.c.o[0m
[ 42%] [32mBuilding C object CMakeFiles/autoware_vehicle_msgs__rosidl_typesupport_introspection_c.dir/rosidl_typesupport_introspection_c/autoware_vehicle_msgs/msg/detail/vehicle_control_command__type_support.c.o[0m
[ 42%] [32mBuilding C object CMakeFiles/autoware_vehicle_msgs__rosidl_typesupport_introspection_c.dir/rosidl_typesupport_introspection_c/autoware_vehicle_msgs/msg/detail/vehicle_kinematic_state__type_support.c.o[0m
[ 43%] [32mBuilding C object CMakeFiles/autoware_vehicle_msgs__rosidl_typesupport_introspection_c.dir/rosidl_typesupport_introspection_c/autoware_vehicle_msgs/msg/detail/vehicle_odometry__type_support.c.o[0m
[ 44%] [32mBuilding C object CMakeFiles/autoware_vehicle_msgs__rosidl_typesupport_introspection_c.dir/rosidl_typesupport_introspection_c/autoware_vehicle_msgs/msg/detail/velocity_report__type_support.c.o[0m
[ 45%] [32mBuilding C object CMakeFiles/autoware_vehicle_msgs__rosidl_typesupport_introspection_c.dir/rosidl_typesupport_introspection_c/autoware_vehicle_msgs/srv/detail/control_mode_command__type_support.c.o[0m
[ 46%] [32mBuilding C object CMakeFiles/autoware_vehicle_msgs__rosidl_typesupport_introspection_c.dir/rosidl_typesupport_introspection_c/autoware_vehicle_msgs/msg/detail/gear_report__type_support.c.o[0m
[ 47%] [32mBuilding C object CMakeFiles/autoware_vehicle_msgs__rosidl_typesupport_introspection_c.dir/rosidl_typesupport_introspection_c/autoware_vehicle_msgs/msg/detail/gear_command__type_support.c.o[0m
[ 48%] [32mBuilding C object CMakeFiles/autoware_vehicle_msgs__rosidl_typesupport_introspection_c.dir/rosidl_typesupport_introspection_c/autoware_vehicle_msgs/msg/detail/engage__type_support.c.o[0m
[ 48%] [32mBuilding C object CMakeFiles/autoware_vehicle_msgs__rosidl_typesupport_introspection_c.dir/rosidl_typesupport_introspection_c/autoware_vehicle_msgs/msg/detail/control_mode_report__type_support.c.o[0m
[ 48%] [32m[1mLinking C shared library libautoware_vehicle_msgs__rosidl_typesupport_introspection_c.so[0m
[ 48%] Built target autoware_vehicle_msgs__rosidl_typesupport_introspection_c
[ 49%] [34m[1mGenerating C++ type support for eProsima Fast-RTPS[0m
[35m[1mScanning dependencies of target autoware_vehicle_msgs__rosidl_typesupport_fastrtps_cpp[0m
[ 51%] [32mBuilding CXX object CMakeFiles/autoware_vehicle_msgs__rosidl_typesupport_fastrtps_cpp.dir/rosidl_typesupport_fastrtps_cpp/autoware_vehicle_msgs/msg/detail/dds_fastrtps/control_mode_command__type_support.cpp.o[0m
[ 51%] [32mBuilding CXX object CMakeFiles/autoware_vehicle_msgs__rosidl_typesupport_fastrtps_cpp.dir/rosidl_typesupport_fastrtps_cpp/autoware_vehicle_msgs/msg/detail/dds_fastrtps/control_mode_report__type_support.cpp.o[0m
[ 52%] [32mBuilding CXX object CMakeFiles/autoware_vehicle_msgs__rosidl_typesupport_fastrtps_cpp.dir/rosidl_typesupport_fastrtps_cpp/autoware_vehicle_msgs/msg/detail/dds_fastrtps/hazard_lights_report__type_support.cpp.o[0m
[ 53%] [32mBuilding CXX object CMakeFiles/autoware_vehicle_msgs__rosidl_typesupport_fastrtps_cpp.dir/rosidl_typesupport_fastrtps_cpp/autoware_vehicle_msgs/msg/detail/dds_fastrtps/steering_report__type_support.cpp.o[0m
[ 53%] [32mBuilding CXX object CMakeFiles/autoware_vehicle_msgs__rosidl_typesupport_fastrtps_cpp.dir/rosidl_typesupport_fastrtps_cpp/autoware_vehicle_msgs/msg/detail/dds_fastrtps/turn_indicators_command__type_support.cpp.o[0m
[ 53%] [32mBuilding CXX object CMakeFiles/autoware_vehicle_msgs__rosidl_typesupport_fastrtps_cpp.dir/rosidl_typesupport_fastrtps_cpp/autoware_vehicle_msgs/msg/detail/dds_fastrtps/hazard_lights_command__type_support.cpp.o[0m
[ 54%] [32mBuilding CXX object CMakeFiles/autoware_vehicle_msgs__rosidl_typesupport_fastrtps_cpp.dir/rosidl_typesupport_fastrtps_cpp/autoware_vehicle_msgs/msg/detail/dds_fastrtps/vehicle_control_command__type_support.cpp.o[0m
[ 55%] [32mBuilding CXX object CMakeFiles/autoware_vehicle_msgs__rosidl_typesupport_fastrtps_cpp.dir/rosidl_typesupport_fastrtps_cpp/autoware_vehicle_msgs/msg/detail/dds_fastrtps/gear_report__type_support.cpp.o[0m
[ 56%] [32mBuilding CXX object CMakeFiles/autoware_vehicle_msgs__rosidl_typesupport_fastrtps_cpp.dir/rosidl_typesupport_fastrtps_cpp/autoware_vehicle_msgs/msg/detail/dds_fastrtps/turn_indicators_report__type_support.cpp.o[0m
[ 57%] [32mBuilding CXX object CMakeFiles/autoware_vehicle_msgs__rosidl_typesupport_fastrtps_cpp.dir/rosidl_typesupport_fastrtps_cpp/autoware_vehicle_msgs/msg/detail/dds_fastrtps/vehicle_kinematic_state__type_support.cpp.o[0m
[ 57%] [32mBuilding CXX object CMakeFiles/autoware_vehicle_msgs__rosidl_typesupport_fastrtps_cpp.dir/rosidl_typesupport_fastrtps_cpp/autoware_vehicle_msgs/msg/detail/dds_fastrtps/vehicle_odometry__type_support.cpp.o[0m
[ 58%] [32mBuilding CXX object CMakeFiles/autoware_vehicle_msgs__rosidl_typesupport_fastrtps_cpp.dir/rosidl_typesupport_fastrtps_cpp/autoware_vehicle_msgs/msg/detail/dds_fastrtps/velocity_report__type_support.cpp.o[0m
[ 59%] [32mBuilding CXX object CMakeFiles/autoware_vehicle_msgs__rosidl_typesupport_fastrtps_cpp.dir/rosidl_typesupport_fastrtps_cpp/autoware_vehicle_msgs/srv/detail/dds_fastrtps/control_mode_command__type_support.cpp.o[0m
[ 59%] [32mBuilding CXX object CMakeFiles/autoware_vehicle_msgs__rosidl_typesupport_fastrtps_cpp.dir/rosidl_typesupport_fastrtps_cpp/autoware_vehicle_msgs/msg/detail/dds_fastrtps/engage__type_support.cpp.o[0m
[ 60%] [32mBuilding CXX object CMakeFiles/autoware_vehicle_msgs__rosidl_typesupport_fastrtps_cpp.dir/rosidl_typesupport_fastrtps_cpp/autoware_vehicle_msgs/msg/detail/dds_fastrtps/gear_command__type_support.cpp.o[0m
[ 60%] [32m[1mLinking CXX shared library libautoware_vehicle_msgs__rosidl_typesupport_fastrtps_cpp.so[0m
[ 60%] Built target autoware_vehicle_msgs__rosidl_typesupport_fastrtps_cpp
[ 60%] [34m[1mGenerating C++ introspection for ROS interfaces[0m
[35m[1mScanning dependencies of target autoware_vehicle_msgs__rosidl_typesupport_introspection_cpp[0m
[ 61%] [32mBuilding CXX object CMakeFiles/autoware_vehicle_msgs__rosidl_typesupport_introspection_cpp.dir/rosidl_typesupport_introspection_cpp/autoware_vehicle_msgs/msg/detail/control_mode_command__type_support.cpp.o[0m
[ 61%] [32mBuilding CXX object CMakeFiles/autoware_vehicle_msgs__rosidl_typesupport_introspection_cpp.dir/rosidl_typesupport_introspection_cpp/autoware_vehicle_msgs/msg/detail/hazard_lights_report__type_support.cpp.o[0m
[ 62%] [32mBuilding CXX object CMakeFiles/autoware_vehicle_msgs__rosidl_typesupport_introspection_cpp.dir/rosidl_typesupport_introspection_cpp/autoware_vehicle_msgs/msg/detail/steering_report__type_support.cpp.o[0m
[ 63%] [32mBuilding CXX object CMakeFiles/autoware_vehicle_msgs__rosidl_typesupport_introspection_cpp.dir/rosidl_typesupport_introspection_cpp/autoware_vehicle_msgs/msg/detail/turn_indicators_command__type_support.cpp.o[0m
[ 63%] [32mBuilding CXX object CMakeFiles/autoware_vehicle_msgs__rosidl_typesupport_introspection_cpp.dir/rosidl_typesupport_introspection_cpp/autoware_vehicle_msgs/msg/detail/turn_indicators_report__type_support.cpp.o[0m
[ 64%] [32mBuilding CXX object CMakeFiles/autoware_vehicle_msgs__rosidl_typesupport_introspection_cpp.dir/rosidl_typesupport_introspection_cpp/autoware_vehicle_msgs/msg/detail/vehicle_control_command__type_support.cpp.o[0m
[ 65%] [32mBuilding CXX object CMakeFiles/autoware_vehicle_msgs__rosidl_typesupport_introspection_cpp.dir/rosidl_typesupport_introspection_cpp/autoware_vehicle_msgs/msg/detail/vehicle_kinematic_state__type_support.cpp.o[0m
[ 65%] [32mBuilding CXX object CMakeFiles/autoware_vehicle_msgs__rosidl_typesupport_introspection_cpp.dir/rosidl_typesupport_introspection_cpp/autoware_vehicle_msgs/msg/detail/vehicle_odometry__type_support.cpp.o[0m
[ 66%] [32mBuilding CXX object CMakeFiles/autoware_vehicle_msgs__rosidl_typesupport_introspection_cpp.dir/rosidl_typesupport_introspection_cpp/autoware_vehicle_msgs/msg/detail/velocity_report__type_support.cpp.o[0m
[ 67%] [32mBuilding CXX object CMakeFiles/autoware_vehicle_msgs__rosidl_typesupport_introspection_cpp.dir/rosidl_typesupport_introspection_cpp/autoware_vehicle_msgs/srv/detail/control_mode_command__type_support.cpp.o[0m
[ 68%] [32mBuilding CXX object CMakeFiles/autoware_vehicle_msgs__rosidl_typesupport_introspection_cpp.dir/rosidl_typesupport_introspection_cpp/autoware_vehicle_msgs/msg/detail/hazard_lights_command__type_support.cpp.o[0m
[ 70%] [32mBuilding CXX object CMakeFiles/autoware_vehicle_msgs__rosidl_typesupport_introspection_cpp.dir/rosidl_typesupport_introspection_cpp/autoware_vehicle_msgs/msg/detail/gear_command__type_support.cpp.o[0m
[ 70%] [32mBuilding CXX object CMakeFiles/autoware_vehicle_msgs__rosidl_typesupport_introspection_cpp.dir/rosidl_typesupport_introspection_cpp/autoware_vehicle_msgs/msg/detail/gear_report__type_support.cpp.o[0m
[ 70%] [32mBuilding CXX object CMakeFiles/autoware_vehicle_msgs__rosidl_typesupport_introspection_cpp.dir/rosidl_typesupport_introspection_cpp/autoware_vehicle_msgs/msg/detail/engage__type_support.cpp.o[0m
[ 71%] [32mBuilding CXX object CMakeFiles/autoware_vehicle_msgs__rosidl_typesupport_introspection_cpp.dir/rosidl_typesupport_introspection_cpp/autoware_vehicle_msgs/msg/detail/control_mode_report__type_support.cpp.o[0m
[ 72%] [32m[1mLinking CXX shared library libautoware_vehicle_msgs__rosidl_typesupport_introspection_cpp.so[0m
[ 72%] Built target autoware_vehicle_msgs__rosidl_typesupport_introspection_cpp
[ 73%] [34m[1mGenerating C type support for eProsima Fast-RTPS[0m
[35m[1mScanning dependencies of target autoware_vehicle_msgs__rosidl_typesupport_fastrtps_c[0m
[ 74%] [32mBuilding CXX object CMakeFiles/autoware_vehicle_msgs__rosidl_typesupport_fastrtps_c.dir/rosidl_typesupport_fastrtps_c/autoware_vehicle_msgs/msg/detail/control_mode_command__type_support_c.cpp.o[0m
[ 74%] [32mBuilding CXX object CMakeFiles/autoware_vehicle_msgs__rosidl_typesupport_fastrtps_c.dir/rosidl_typesupport_fastrtps_c/autoware_vehicle_msgs/msg/detail/control_mode_report__type_support_c.cpp.o[0m
[ 74%] [32mBuilding CXX object CMakeFiles/autoware_vehicle_msgs__rosidl_typesupport_fastrtps_c.dir/rosidl_typesupport_fastrtps_c/autoware_vehicle_msgs/msg/detail/steering_report__type_support_c.cpp.o[0m
[ 75%] [32mBuilding CXX object CMakeFiles/autoware_vehicle_msgs__rosidl_typesupport_fastrtps_c.dir/rosidl_typesupport_fastrtps_c/autoware_vehicle_msgs/msg/detail/turn_indicators_command__type_support_c.cpp.o[0m
[ 76%] [32mBuilding CXX object CMakeFiles/autoware_vehicle_msgs__rosidl_typesupport_fastrtps_c.dir/rosidl_typesupport_fastrtps_c/autoware_vehicle_msgs/msg/detail/turn_indicators_report__type_support_c.cpp.o[0m
[ 77%] [32mBuilding CXX object CMakeFiles/autoware_vehicle_msgs__rosidl_typesupport_fastrtps_c.dir/rosidl_typesupport_fastrtps_c/autoware_vehicle_msgs/msg/detail/vehicle_control_command__type_support_c.cpp.o[0m
[ 77%] [32mBuilding CXX object CMakeFiles/autoware_vehicle_msgs__rosidl_typesupport_fastrtps_c.dir/rosidl_typesupport_fastrtps_c/autoware_vehicle_msgs/msg/detail/vehicle_kinematic_state__type_support_c.cpp.o[0m
[ 78%] [32mBuilding CXX object CMakeFiles/autoware_vehicle_msgs__rosidl_typesupport_fastrtps_c.dir/rosidl_typesupport_fastrtps_c/autoware_vehicle_msgs/msg/detail/vehicle_odometry__type_support_c.cpp.o[0m
[ 79%] [32mBuilding CXX object CMakeFiles/autoware_vehicle_msgs__rosidl_typesupport_fastrtps_c.dir/rosidl_typesupport_fastrtps_c/autoware_vehicle_msgs/msg/detail/velocity_report__type_support_c.cpp.o[0m
[ 79%] [32mBuilding CXX object CMakeFiles/autoware_vehicle_msgs__rosidl_typesupport_fastrtps_c.dir/rosidl_typesupport_fastrtps_c/autoware_vehicle_msgs/srv/detail/control_mode_command__type_support_c.cpp.o[0m
[ 80%] [32mBuilding CXX object CMakeFiles/autoware_vehicle_msgs__rosidl_typesupport_fastrtps_c.dir/rosidl_typesupport_fastrtps_c/autoware_vehicle_msgs/msg/detail/hazard_lights_report__type_support_c.cpp.o[0m
[ 81%] [32mBuilding CXX object CMakeFiles/autoware_vehicle_msgs__rosidl_typesupport_fastrtps_c.dir/rosidl_typesupport_fastrtps_c/autoware_vehicle_msgs/msg/detail/hazard_lights_command__type_support_c.cpp.o[0m
[ 81%] [32mBuilding CXX object CMakeFiles/autoware_vehicle_msgs__rosidl_typesupport_fastrtps_c.dir/rosidl_typesupport_fastrtps_c/autoware_vehicle_msgs/msg/detail/gear_report__type_support_c.cpp.o[0m
[ 82%] [32mBuilding CXX object CMakeFiles/autoware_vehicle_msgs__rosidl_typesupport_fastrtps_c.dir/rosidl_typesupport_fastrtps_c/autoware_vehicle_msgs/msg/detail/gear_command__type_support_c.cpp.o[0m
[ 83%] [32mBuilding CXX object CMakeFiles/autoware_vehicle_msgs__rosidl_typesupport_fastrtps_c.dir/rosidl_typesupport_fastrtps_c/autoware_vehicle_msgs/msg/detail/engage__type_support_c.cpp.o[0m
[ 84%] [32m[1mLinking CXX shared library libautoware_vehicle_msgs__rosidl_typesupport_fastrtps_c.so[0m
[ 84%] Built target autoware_vehicle_msgs__rosidl_typesupport_fastrtps_c
[35m[1mScanning dependencies of target autoware_vehicle_msgs[0m
[ 84%] Built target autoware_vehicle_msgs
[35m[1mScanning dependencies of target autoware_vehicle_msgs__py[0m
[ 85%] [34m[1mGenerating Python code for ROS interfaces[0m
[ 85%] Built target autoware_vehicle_msgs__py
[35m[1mScanning dependencies of target autoware_vehicle_msgs__python[0m
[ 86%] [32mBuilding C object CMakeFiles/autoware_vehicle_msgs__python.dir/rosidl_generator_py/autoware_vehicle_msgs/msg/_control_mode_report_s.c.o[0m
[ 86%] [32mBuilding C object CMakeFiles/autoware_vehicle_msgs__python.dir/rosidl_generator_py/autoware_vehicle_msgs/msg/_control_mode_command_s.c.o[0m
[ 86%] [32mBuilding C object CMakeFiles/autoware_vehicle_msgs__python.dir/rosidl_generator_py/autoware_vehicle_msgs/msg/_steering_report_s.c.o[0m
[ 87%] [32mBuilding C object CMakeFiles/autoware_vehicle_msgs__python.dir/rosidl_generator_py/autoware_vehicle_msgs/msg/_turn_indicators_command_s.c.o[0m
[ 88%] [32mBuilding C object CMakeFiles/autoware_vehicle_msgs__python.dir/rosidl_generator_py/autoware_vehicle_msgs/msg/_turn_indicators_report_s.c.o[0m
[ 89%] [32mBuilding C object CMakeFiles/autoware_vehicle_msgs__python.dir/rosidl_generator_py/autoware_vehicle_msgs/msg/_vehicle_control_command_s.c.o[0m
[ 89%] [32mBuilding C object CMakeFiles/autoware_vehicle_msgs__python.dir/rosidl_generator_py/autoware_vehicle_msgs/msg/_vehicle_kinematic_state_s.c.o[0m
[ 90%] [32mBuilding C object CMakeFiles/autoware_vehicle_msgs__python.dir/rosidl_generator_py/autoware_vehicle_msgs/msg/_vehicle_odometry_s.c.o[0m
[ 91%] [32mBuilding C object CMakeFiles/autoware_vehicle_msgs__python.dir/rosidl_generator_py/autoware_vehicle_msgs/msg/_velocity_report_s.c.o[0m
[ 91%] [32mBuilding C object CMakeFiles/autoware_vehicle_msgs__python.dir/rosidl_generator_py/autoware_vehicle_msgs/srv/_control_mode_command_s.c.o[0m
[ 92%] [32mBuilding C object CMakeFiles/autoware_vehicle_msgs__python.dir/rosidl_generator_py/autoware_vehicle_msgs/msg/_hazard_lights_report_s.c.o[0m
[ 93%] [32mBuilding C object CMakeFiles/autoware_vehicle_msgs__python.dir/rosidl_generator_py/autoware_vehicle_msgs/msg/_hazard_lights_command_s.c.o[0m
[ 94%] [32mBuilding C object CMakeFiles/autoware_vehicle_msgs__python.dir/rosidl_generator_py/autoware_vehicle_msgs/msg/_gear_report_s.c.o[0m
[ 94%] [32mBuilding C object CMakeFiles/autoware_vehicle_msgs__python.dir/rosidl_generator_py/autoware_vehicle_msgs/msg/_gear_command_s.c.o[0m
[ 95%] [32mBuilding C object CMakeFiles/autoware_vehicle_msgs__python.dir/rosidl_generator_py/autoware_vehicle_msgs/msg/_engage_s.c.o[0m
[ 96%] [32m[1mLinking C shared library rosidl_generator_py/autoware_vehicle_msgs/libautoware_vehicle_msgs__python.so[0m
[ 96%] Built target autoware_vehicle_msgs__python
[35m[1mScanning dependencies of target autoware_vehicle_msgs__rosidl_typesupport_introspection_c__pyext[0m
[35m[1mScanning dependencies of target autoware_vehicle_msgs__rosidl_typesupport_fastrtps_c__pyext[0m
[35m[1mScanning dependencies of target autoware_vehicle_msgs__rosidl_typesupport_c__pyext[0m
[ 98%] [32mBuilding C object CMakeFiles/autoware_vehicle_msgs__rosidl_typesupport_c__pyext.dir/rosidl_generator_py/autoware_vehicle_msgs/_autoware_vehicle_msgs_s.ep.rosidl_typesupport_c.c.o[0m
[ 98%] [32mBuilding C object CMakeFiles/autoware_vehicle_msgs__rosidl_typesupport_introspection_c__pyext.dir/rosidl_generator_py/autoware_vehicle_msgs/_autoware_vehicle_msgs_s.ep.rosidl_typesupport_introspection_c.c.o[0m
[ 99%] [32mBuilding C object CMakeFiles/autoware_vehicle_msgs__rosidl_typesupport_fastrtps_c__pyext.dir/rosidl_generator_py/autoware_vehicle_msgs/_autoware_vehicle_msgs_s.ep.rosidl_typesupport_fastrtps_c.c.o[0m
[100%] [32m[1mLinking C shared library rosidl_generator_py/autoware_vehicle_msgs/autoware_vehicle_msgs_s__rosidl_typesupport_introspection_c.cpython-38-aarch64-linux-gnu.so[0m
[100%] [32m[1mLinking C shared library rosidl_generator_py/autoware_vehicle_msgs/autoware_vehicle_msgs_s__rosidl_typesupport_c.cpython-38-aarch64-linux-gnu.so[0m
[100%] [32m[1mLinking CXX shared library rosidl_generator_py/autoware_vehicle_msgs/autoware_vehicle_msgs_s__rosidl_typesupport_fastrtps_c.cpython-38-aarch64-linux-gnu.so[0m
[100%] Built target autoware_vehicle_msgs__rosidl_typesupport_c__pyext
[100%] Built target autoware_vehicle_msgs__rosidl_typesupport_introspection_c__pyext
[100%] Built target autoware_vehicle_msgs__rosidl_typesupport_fastrtps_c__pyext
-- Install configuration: ""
-- Installing: /root/r2ware/install/autoware_vehicle_msgs/share/ament_index/resource_index/rosidl_interfaces/autoware_vehicle_msgs
-- Installing: /root/r2ware/install/autoware_vehicle_msgs/include/autoware_vehicle_msgs
-- Installing: /root/r2ware/install/autoware_vehicle_msgs/include/autoware_vehicle_msgs/msg
-- Installing: /root/r2ware/install/autoware_vehicle_msgs/include/autoware_vehicle_msgs/msg/velocity_report.h
-- Installing: /root/r2ware/install/autoware_vehicle_msgs/include/autoware_vehicle_msgs/msg/hazard_lights_command.h
-- Installing: /root/r2ware/install/autoware_vehicle_msgs/include/autoware_vehicle_msgs/msg/rosidl_generator_c__visibility_control.h
-- Installing: /root/r2ware/install/autoware_vehicle_msgs/include/autoware_vehicle_msgs/msg/engage.h
-- Installing: /root/r2ware/install/autoware_vehicle_msgs/include/autoware_vehicle_msgs/msg/gear_report.h
-- Installing: /root/r2ware/install/autoware_vehicle_msgs/include/autoware_vehicle_msgs/msg/hazard_lights_report.h
-- Installing: /root/r2ware/install/autoware_vehicle_msgs/include/autoware_vehicle_msgs/msg/vehicle_odometry.h
-- Installing: /root/r2ware/install/autoware_vehicle_msgs/include/autoware_vehicle_msgs/msg/control_mode_report.h
-- Installing: /root/r2ware/install/autoware_vehicle_msgs/include/autoware_vehicle_msgs/msg/turn_indicators_report.h
-- Installing: /root/r2ware/install/autoware_vehicle_msgs/include/autoware_vehicle_msgs/msg/vehicle_kinematic_state.h
-- Installing: /root/r2ware/install/autoware_vehicle_msgs/include/autoware_vehicle_msgs/msg/vehicle_control_command.h
-- Installing: /root/r2ware/install/autoware_vehicle_msgs/include/autoware_vehicle_msgs/msg/detail
-- Installing: /root/r2ware/install/autoware_vehicle_msgs/include/autoware_vehicle_msgs/msg/detail/steering_report__functions.h
-- Installing: /root/r2ware/install/autoware_vehicle_msgs/include/autoware_vehicle_msgs/msg/detail/control_mode_command__type_support.h
-- Installing: /root/r2ware/install/autoware_vehicle_msgs/include/autoware_vehicle_msgs/msg/detail/turn_indicators_report__functions.c
-- Installing: /root/r2ware/install/autoware_vehicle_msgs/include/autoware_vehicle_msgs/msg/detail/gear_report__struct.h
-- Installing: /root/r2ware/install/autoware_vehicle_msgs/include/autoware_vehicle_msgs/msg/detail/vehicle_control_command__functions.h
-- Installing: /root/r2ware/install/autoware_vehicle_msgs/include/autoware_vehicle_msgs/msg/detail/velocity_report__struct.h
-- Installing: /root/r2ware/install/autoware_vehicle_msgs/include/autoware_vehicle_msgs/msg/detail/vehicle_kinematic_state__functions.c
-- Installing: /root/r2ware/install/autoware_vehicle_msgs/include/autoware_vehicle_msgs/msg/detail/control_mode_report__functions.c
-- Installing: /root/r2ware/install/autoware_vehicle_msgs/include/autoware_vehicle_msgs/msg/detail/gear_report__functions.c
-- Installing: /root/r2ware/install/autoware_vehicle_msgs/include/autoware_vehicle_msgs/msg/detail/engage__functions.h
-- Installing: /root/r2ware/install/autoware_vehicle_msgs/include/autoware_vehicle_msgs/msg/detail/engage__struct.h
-- Installing: /root/r2ware/install/autoware_vehicle_msgs/include/autoware_vehicle_msgs/msg/detail/steering_report__functions.c
-- Installing: /root/r2ware/install/autoware_vehicle_msgs/include/autoware_vehicle_msgs/msg/detail/vehicle_odometry__struct.h
-- Installing: /root/r2ware/install/autoware_vehicle_msgs/include/autoware_vehicle_msgs/msg/detail/gear_report__functions.h
-- Installing: /root/r2ware/install/autoware_vehicle_msgs/include/autoware_vehicle_msgs/msg/detail/velocity_report__type_support.h
-- Installing: /root/r2ware/install/autoware_vehicle_msgs/include/autoware_vehicle_msgs/msg/detail/velocity_report__functions.h
-- Installing: /root/r2ware/install/autoware_vehicle_msgs/include/autoware_vehicle_msgs/msg/detail/control_mode_command__struct.h
-- Installing: /root/r2ware/install/autoware_vehicle_msgs/include/autoware_vehicle_msgs/msg/detail/hazard_lights_command__struct.h
-- Installing: /root/r2ware/install/autoware_vehicle_msgs/include/autoware_vehicle_msgs/msg/detail/vehicle_kinematic_state__struct.h
-- Installing: /root/r2ware/install/autoware_vehicle_msgs/include/autoware_vehicle_msgs/msg/detail/control_mode_report__type_support.h
-- Installing: /root/r2ware/install/autoware_vehicle_msgs/include/autoware_vehicle_msgs/msg/detail/control_mode_command__functions.h
-- Installing: /root/r2ware/install/autoware_vehicle_msgs/include/autoware_vehicle_msgs/msg/detail/turn_indicators_command__functions.c
-- Installing: /root/r2ware/install/autoware_vehicle_msgs/include/autoware_vehicle_msgs/msg/detail/turn_indicators_report__struct.h
-- Installing: /root/r2ware/install/autoware_vehicle_msgs/include/autoware_vehicle_msgs/msg/detail/engage__functions.c
-- Installing: /root/r2ware/install/autoware_vehicle_msgs/include/autoware_vehicle_msgs/msg/detail/gear_command__struct.h
-- Installing: /root/r2ware/install/autoware_vehicle_msgs/include/autoware_vehicle_msgs/msg/detail/control_mode_report__struct.h
-- Installing: /root/r2ware/install/autoware_vehicle_msgs/include/autoware_vehicle_msgs/msg/detail/vehicle_control_command__type_support.h
-- Installing: /root/r2ware/install/autoware_vehicle_msgs/include/autoware_vehicle_msgs/msg/detail/control_mode_command__functions.c
-- Installing: /root/r2ware/install/autoware_vehicle_msgs/include/autoware_vehicle_msgs/msg/detail/hazard_lights_report__functions.c
-- Installing: /root/r2ware/install/autoware_vehicle_msgs/include/autoware_vehicle_msgs/msg/detail/hazard_lights_command__functions.c
-- Installing: /root/r2ware/install/autoware_vehicle_msgs/include/autoware_vehicle_msgs/msg/detail/vehicle_control_command__struct.h
-- Installing: /root/r2ware/install/autoware_vehicle_msgs/include/autoware_vehicle_msgs/msg/detail/vehicle_control_command__functions.c
-- Installing: /root/r2ware/install/autoware_vehicle_msgs/include/autoware_vehicle_msgs/msg/detail/gear_command__type_support.h
-- Installing: /root/r2ware/install/autoware_vehicle_msgs/include/autoware_vehicle_msgs/msg/detail/gear_command__functions.h
-- Installing: /root/r2ware/install/autoware_vehicle_msgs/include/autoware_vehicle_msgs/msg/detail/turn_indicators_report__type_support.h
-- Installing: /root/r2ware/install/autoware_vehicle_msgs/include/autoware_vehicle_msgs/msg/detail/engage__type_support.h
-- Installing: /root/r2ware/install/autoware_vehicle_msgs/include/autoware_vehicle_msgs/msg/detail/turn_indicators_command__functions.h
-- Installing: /root/r2ware/install/autoware_vehicle_msgs/include/autoware_vehicle_msgs/msg/detail/turn_indicators_command__struct.h
-- Installing: /root/r2ware/install/autoware_vehicle_msgs/include/autoware_vehicle_msgs/msg/detail/hazard_lights_report__struct.h
-- Installing: /root/r2ware/install/autoware_vehicle_msgs/include/autoware_vehicle_msgs/msg/detail/control_mode_report__functions.h
-- Installing: /root/r2ware/install/autoware_vehicle_msgs/include/autoware_vehicle_msgs/msg/detail/vehicle_odometry__type_support.h
-- Installing: /root/r2ware/install/autoware_vehicle_msgs/include/autoware_vehicle_msgs/msg/detail/hazard_lights_command__functions.h
-- Installing: /root/r2ware/install/autoware_vehicle_msgs/include/autoware_vehicle_msgs/msg/detail/vehicle_kinematic_state__functions.h
-- Installing: /root/r2ware/install/autoware_vehicle_msgs/include/autoware_vehicle_msgs/msg/detail/turn_indicators_report__functions.h
-- Installing: /root/r2ware/install/autoware_vehicle_msgs/include/autoware_vehicle_msgs/msg/detail/vehicle_odometry__functions.c
-- Installing: /root/r2ware/install/autoware_vehicle_msgs/include/autoware_vehicle_msgs/msg/detail/steering_report__type_support.h
-- Installing: /root/r2ware/install/autoware_vehicle_msgs/include/autoware_vehicle_msgs/msg/detail/steering_report__struct.h
-- Installing: /root/r2ware/install/autoware_vehicle_msgs/include/autoware_vehicle_msgs/msg/detail/gear_command__functions.c
-- Installing: /root/r2ware/install/autoware_vehicle_msgs/include/autoware_vehicle_msgs/msg/detail/hazard_lights_command__type_support.h
-- Installing: /root/r2ware/install/autoware_vehicle_msgs/include/autoware_vehicle_msgs/msg/detail/vehicle_kinematic_state__type_support.h
-- Installing: /root/r2ware/install/autoware_vehicle_msgs/include/autoware_vehicle_msgs/msg/detail/turn_indicators_command__type_support.h
-- Installing: /root/r2ware/install/autoware_vehicle_msgs/include/autoware_vehicle_msgs/msg/detail/velocity_report__functions.c
-- Installing: /root/r2ware/install/autoware_vehicle_msgs/include/autoware_vehicle_msgs/msg/detail/hazard_lights_report__type_support.h
-- Installing: /root/r2ware/install/autoware_vehicle_msgs/include/autoware_vehicle_msgs/msg/detail/gear_report__type_support.h
-- Installing: /root/r2ware/install/autoware_vehicle_msgs/include/autoware_vehicle_msgs/msg/detail/vehicle_odometry__functions.h
-- Installing: /root/r2ware/install/autoware_vehicle_msgs/include/autoware_vehicle_msgs/msg/detail/hazard_lights_report__functions.h
-- Installing: /root/r2ware/install/autoware_vehicle_msgs/include/autoware_vehicle_msgs/msg/turn_indicators_command.h
-- Installing: /root/r2ware/install/autoware_vehicle_msgs/include/autoware_vehicle_msgs/msg/gear_command.h
-- Installing: /root/r2ware/install/autoware_vehicle_msgs/include/autoware_vehicle_msgs/msg/steering_report.h
-- Installing: /root/r2ware/install/autoware_vehicle_msgs/include/autoware_vehicle_msgs/msg/control_mode_command.h
-- Installing: /root/r2ware/install/autoware_vehicle_msgs/include/autoware_vehicle_msgs/srv
-- Installing: /root/r2ware/install/autoware_vehicle_msgs/include/autoware_vehicle_msgs/srv/detail
-- Installing: /root/r2ware/install/autoware_vehicle_msgs/include/autoware_vehicle_msgs/srv/detail/control_mode_command__type_support.h
-- Installing: /root/r2ware/install/autoware_vehicle_msgs/include/autoware_vehicle_msgs/srv/detail/control_mode_command__struct.h
-- Installing: /root/r2ware/install/autoware_vehicle_msgs/include/autoware_vehicle_msgs/srv/detail/control_mode_command__functions.h
-- Installing: /root/r2ware/install/autoware_vehicle_msgs/include/autoware_vehicle_msgs/srv/detail/control_mode_command__functions.c
-- Installing: /root/r2ware/install/autoware_vehicle_msgs/include/autoware_vehicle_msgs/srv/control_mode_command.h
-- Installing: /root/r2ware/install/autoware_vehicle_msgs/share/autoware_vehicle_msgs/environment/library_path.sh
-- Installing: /root/r2ware/install/autoware_vehicle_msgs/share/autoware_vehicle_msgs/environment/library_path.dsv
-- Installing: /root/r2ware/install/autoware_vehicle_msgs/lib/libautoware_vehicle_msgs__rosidl_generator_c.so
-- Set runtime path of "/root/r2ware/install/autoware_vehicle_msgs/lib/libautoware_vehicle_msgs__rosidl_generator_c.so" to ""
-- Up-to-date: /root/r2ware/install/autoware_vehicle_msgs/include/autoware_vehicle_msgs
-- Up-to-date: /root/r2ware/install/autoware_vehicle_msgs/include/autoware_vehicle_msgs/msg
-- Installing: /root/r2ware/install/autoware_vehicle_msgs/include/autoware_vehicle_msgs/msg/rosidl_typesupport_fastrtps_c__visibility_control.h
-- Up-to-date: /root/r2ware/install/autoware_vehicle_msgs/include/autoware_vehicle_msgs/msg/detail
-- Installing: /root/r2ware/install/autoware_vehicle_msgs/include/autoware_vehicle_msgs/msg/detail/vehicle_kinematic_state__rosidl_typesupport_fastrtps_c.h
-- Installing: /root/r2ware/install/autoware_vehicle_msgs/include/autoware_vehicle_msgs/msg/detail/gear_command__rosidl_typesupport_fastrtps_c.h
-- Installing: /root/r2ware/install/autoware_vehicle_msgs/include/autoware_vehicle_msgs/msg/detail/turn_indicators_report__rosidl_typesupport_fastrtps_c.h
-- Installing: /root/r2ware/install/autoware_vehicle_msgs/include/autoware_vehicle_msgs/msg/detail/gear_report__rosidl_typesupport_fastrtps_c.h
-- Installing: /root/r2ware/install/autoware_vehicle_msgs/include/autoware_vehicle_msgs/msg/detail/vehicle_odometry__rosidl_typesupport_fastrtps_c.h
-- Installing: /root/r2ware/install/autoware_vehicle_msgs/include/autoware_vehicle_msgs/msg/detail/engage__rosidl_typesupport_fastrtps_c.h
-- Installing: /root/r2ware/install/autoware_vehicle_msgs/include/autoware_vehicle_msgs/msg/detail/turn_indicators_command__rosidl_typesupport_fastrtps_c.h
-- Installing: /root/r2ware/install/autoware_vehicle_msgs/include/autoware_vehicle_msgs/msg/detail/hazard_lights_command__rosidl_typesupport_fastrtps_c.h
-- Installing: /root/r2ware/install/autoware_vehicle_msgs/include/autoware_vehicle_msgs/msg/detail/vehicle_control_command__rosidl_typesupport_fastrtps_c.h
-- Installing: /root/r2ware/install/autoware_vehicle_msgs/include/autoware_vehicle_msgs/msg/detail/control_mode_command__rosidl_typesupport_fastrtps_c.h
-- Installing: /root/r2ware/install/autoware_vehicle_msgs/include/autoware_vehicle_msgs/msg/detail/control_mode_report__rosidl_typesupport_fastrtps_c.h
-- Installing: /root/r2ware/install/autoware_vehicle_msgs/include/autoware_vehicle_msgs/msg/detail/steering_report__rosidl_typesupport_fastrtps_c.h
-- Installing: /root/r2ware/install/autoware_vehicle_msgs/include/autoware_vehicle_msgs/msg/detail/hazard_lights_report__rosidl_typesupport_fastrtps_c.h
-- Installing: /root/r2ware/install/autoware_vehicle_msgs/include/autoware_vehicle_msgs/msg/detail/velocity_report__rosidl_typesupport_fastrtps_c.h
-- Up-to-date: /root/r2ware/install/autoware_vehicle_msgs/include/autoware_vehicle_msgs/srv
-- Up-to-date: /root/r2ware/install/autoware_vehicle_msgs/include/autoware_vehicle_msgs/srv/detail
-- Installing: /root/r2ware/install/autoware_vehicle_msgs/include/autoware_vehicle_msgs/srv/detail/control_mode_command__rosidl_typesupport_fastrtps_c.h
-- Installing: /root/r2ware/install/autoware_vehicle_msgs/lib/libautoware_vehicle_msgs__rosidl_typesupport_fastrtps_c.so
-- Set runtime path of "/root/r2ware/install/autoware_vehicle_msgs/lib/libautoware_vehicle_msgs__rosidl_typesupport_fastrtps_c.so" to ""
-- Up-to-date: /root/r2ware/install/autoware_vehicle_msgs/include/autoware_vehicle_msgs
-- Up-to-date: /root/r2ware/install/autoware_vehicle_msgs/include/autoware_vehicle_msgs/msg
-- Installing: /root/r2ware/install/autoware_vehicle_msgs/include/autoware_vehicle_msgs/msg/rosidl_typesupport_fastrtps_cpp__visibility_control.h
-- Up-to-date: /root/r2ware/install/autoware_vehicle_msgs/include/autoware_vehicle_msgs/msg/detail
-- Installing: /root/r2ware/install/autoware_vehicle_msgs/include/autoware_vehicle_msgs/msg/detail/vehicle_control_command__rosidl_typesupport_fastrtps_cpp.hpp
-- Installing: /root/r2ware/install/autoware_vehicle_msgs/include/autoware_vehicle_msgs/msg/detail/turn_indicators_report__rosidl_typesupport_fastrtps_cpp.hpp
-- Installing: /root/r2ware/install/autoware_vehicle_msgs/include/autoware_vehicle_msgs/msg/detail/vehicle_kinematic_state__rosidl_typesupport_fastrtps_cpp.hpp
-- Installing: /root/r2ware/install/autoware_vehicle_msgs/include/autoware_vehicle_msgs/msg/detail/gear_command__rosidl_typesupport_fastrtps_cpp.hpp
-- Installing: /root/r2ware/install/autoware_vehicle_msgs/include/autoware_vehicle_msgs/msg/detail/turn_indicators_command__rosidl_typesupport_fastrtps_cpp.hpp
-- Installing: /root/r2ware/install/autoware_vehicle_msgs/include/autoware_vehicle_msgs/msg/detail/velocity_report__rosidl_typesupport_fastrtps_cpp.hpp
-- Installing: /root/r2ware/install/autoware_vehicle_msgs/include/autoware_vehicle_msgs/msg/detail/control_mode_report__rosidl_typesupport_fastrtps_cpp.hpp
-- Installing: /root/r2ware/install/autoware_vehicle_msgs/include/autoware_vehicle_msgs/msg/detail/dds_fastrtps
-- Installing: /root/r2ware/install/autoware_vehicle_msgs/include/autoware_vehicle_msgs/msg/detail/hazard_lights_report__rosidl_typesupport_fastrtps_cpp.hpp
-- Installing: /root/r2ware/install/autoware_vehicle_msgs/include/autoware_vehicle_msgs/msg/detail/steering_report__rosidl_typesupport_fastrtps_cpp.hpp
-- Installing: /root/r2ware/install/autoware_vehicle_msgs/include/autoware_vehicle_msgs/msg/detail/gear_report__rosidl_typesupport_fastrtps_cpp.hpp
-- Installing: /root/r2ware/install/autoware_vehicle_msgs/include/autoware_vehicle_msgs/msg/detail/control_mode_command__rosidl_typesupport_fastrtps_cpp.hpp
-- Installing: /root/r2ware/install/autoware_vehicle_msgs/include/autoware_vehicle_msgs/msg/detail/hazard_lights_command__rosidl_typesupport_fastrtps_cpp.hpp
-- Installing: /root/r2ware/install/autoware_vehicle_msgs/include/autoware_vehicle_msgs/msg/detail/engage__rosidl_typesupport_fastrtps_cpp.hpp
-- Installing: /root/r2ware/install/autoware_vehicle_msgs/include/autoware_vehicle_msgs/msg/detail/vehicle_odometry__rosidl_typesupport_fastrtps_cpp.hpp
-- Up-to-date: /root/r2ware/install/autoware_vehicle_msgs/include/autoware_vehicle_msgs/srv
-- Up-to-date: /root/r2ware/install/autoware_vehicle_msgs/include/autoware_vehicle_msgs/srv/detail
-- Installing: /root/r2ware/install/autoware_vehicle_msgs/include/autoware_vehicle_msgs/srv/detail/dds_fastrtps
-- Installing: /root/r2ware/install/autoware_vehicle_msgs/include/autoware_vehicle_msgs/srv/detail/control_mode_command__rosidl_typesupport_fastrtps_cpp.hpp
-- Installing: /root/r2ware/install/autoware_vehicle_msgs/lib/libautoware_vehicle_msgs__rosidl_typesupport_fastrtps_cpp.so
-- Set runtime path of "/root/r2ware/install/autoware_vehicle_msgs/lib/libautoware_vehicle_msgs__rosidl_typesupport_fastrtps_cpp.so" to ""
-- Up-to-date: /root/r2ware/install/autoware_vehicle_msgs/include/autoware_vehicle_msgs
-- Up-to-date: /root/r2ware/install/autoware_vehicle_msgs/include/autoware_vehicle_msgs/msg
-- Installing: /root/r2ware/install/autoware_vehicle_msgs/include/autoware_vehicle_msgs/msg/rosidl_typesupport_introspection_c__visibility_control.h
-- Up-to-date: /root/r2ware/install/autoware_vehicle_msgs/include/autoware_vehicle_msgs/msg/detail
-- Installing: /root/r2ware/install/autoware_vehicle_msgs/include/autoware_vehicle_msgs/msg/detail/gear_command__type_support.c
-- Installing: /root/r2ware/install/autoware_vehicle_msgs/include/autoware_vehicle_msgs/msg/detail/vehicle_control_command__type_support.c
-- Installing: /root/r2ware/install/autoware_vehicle_msgs/include/autoware_vehicle_msgs/msg/detail/control_mode_command__rosidl_typesupport_introspection_c.h
-- Installing: /root/r2ware/install/autoware_vehicle_msgs/include/autoware_vehicle_msgs/msg/detail/engage__rosidl_typesupport_introspection_c.h
-- Installing: /root/r2ware/install/autoware_vehicle_msgs/include/autoware_vehicle_msgs/msg/detail/gear_report__type_support.c
-- Installing: /root/r2ware/install/autoware_vehicle_msgs/include/autoware_vehicle_msgs/msg/detail/engage__type_support.c
-- Installing: /root/r2ware/install/autoware_vehicle_msgs/include/autoware_vehicle_msgs/msg/detail/turn_indicators_command__rosidl_typesupport_introspection_c.h
-- Installing: /root/r2ware/install/autoware_vehicle_msgs/include/autoware_vehicle_msgs/msg/detail/vehicle_odometry__rosidl_typesupport_introspection_c.h
-- Installing: /root/r2ware/install/autoware_vehicle_msgs/include/autoware_vehicle_msgs/msg/detail/steering_report__rosidl_typesupport_introspection_c.h
-- Installing: /root/r2ware/install/autoware_vehicle_msgs/include/autoware_vehicle_msgs/msg/detail/control_mode_report__rosidl_typesupport_introspection_c.h
-- Installing: /root/r2ware/install/autoware_vehicle_msgs/include/autoware_vehicle_msgs/msg/detail/control_mode_report__type_support.c
-- Installing: /root/r2ware/install/autoware_vehicle_msgs/include/autoware_vehicle_msgs/msg/detail/turn_indicators_command__type_support.c
-- Installing: /root/r2ware/install/autoware_vehicle_msgs/include/autoware_vehicle_msgs/msg/detail/hazard_lights_report__rosidl_typesupport_introspection_c.h
-- Installing: /root/r2ware/install/autoware_vehicle_msgs/include/autoware_vehicle_msgs/msg/detail/gear_report__rosidl_typesupport_introspection_c.h
-- Installing: /root/r2ware/install/autoware_vehicle_msgs/include/autoware_vehicle_msgs/msg/detail/vehicle_kinematic_state__rosidl_typesupport_introspection_c.h
-- Installing: /root/r2ware/install/autoware_vehicle_msgs/include/autoware_vehicle_msgs/msg/detail/hazard_lights_command__type_support.c
-- Installing: /root/r2ware/install/autoware_vehicle_msgs/include/autoware_vehicle_msgs/msg/detail/vehicle_kinematic_state__type_support.c
-- Installing: /root/r2ware/install/autoware_vehicle_msgs/include/autoware_vehicle_msgs/msg/detail/gear_command__rosidl_typesupport_introspection_c.h
-- Installing: /root/r2ware/install/autoware_vehicle_msgs/include/autoware_vehicle_msgs/msg/detail/turn_indicators_report__rosidl_typesupport_introspection_c.h
-- Installing: /root/r2ware/install/autoware_vehicle_msgs/include/autoware_vehicle_msgs/msg/detail/velocity_report__rosidl_typesupport_introspection_c.h
-- Installing: /root/r2ware/install/autoware_vehicle_msgs/include/autoware_vehicle_msgs/msg/detail/hazard_lights_command__rosidl_typesupport_introspection_c.h
-- Installing: /root/r2ware/install/autoware_vehicle_msgs/include/autoware_vehicle_msgs/msg/detail/hazard_lights_report__type_support.c
-- Installing: /root/r2ware/install/autoware_vehicle_msgs/include/autoware_vehicle_msgs/msg/detail/vehicle_odometry__type_support.c
-- Installing: /root/r2ware/install/autoware_vehicle_msgs/include/autoware_vehicle_msgs/msg/detail/steering_report__type_support.c
-- Installing: /root/r2ware/install/autoware_vehicle_msgs/include/autoware_vehicle_msgs/msg/detail/turn_indicators_report__type_support.c
-- Installing: /root/r2ware/install/autoware_vehicle_msgs/include/autoware_vehicle_msgs/msg/detail/velocity_report__type_support.c
-- Installing: /root/r2ware/install/autoware_vehicle_msgs/include/autoware_vehicle_msgs/msg/detail/vehicle_control_command__rosidl_typesupport_introspection_c.h
-- Installing: /root/r2ware/install/autoware_vehicle_msgs/include/autoware_vehicle_msgs/msg/detail/control_mode_command__type_support.c
-- Up-to-date: /root/r2ware/install/autoware_vehicle_msgs/include/autoware_vehicle_msgs/srv
-- Up-to-date: /root/r2ware/install/autoware_vehicle_msgs/include/autoware_vehicle_msgs/srv/detail
-- Installing: /root/r2ware/install/autoware_vehicle_msgs/include/autoware_vehicle_msgs/srv/detail/control_mode_command__rosidl_typesupport_introspection_c.h
-- Installing: /root/r2ware/install/autoware_vehicle_msgs/include/autoware_vehicle_msgs/srv/detail/control_mode_command__type_support.c
-- Installing: /root/r2ware/install/autoware_vehicle_msgs/lib/libautoware_vehicle_msgs__rosidl_typesupport_introspection_c.so
-- Set runtime path of "/root/r2ware/install/autoware_vehicle_msgs/lib/libautoware_vehicle_msgs__rosidl_typesupport_introspection_c.so" to ""
-- Installing: /root/r2ware/install/autoware_vehicle_msgs/lib/libautoware_vehicle_msgs__rosidl_typesupport_c.so
-- Set runtime path of "/root/r2ware/install/autoware_vehicle_msgs/lib/libautoware_vehicle_msgs__rosidl_typesupport_c.so" to ""
-- Up-to-date: /root/r2ware/install/autoware_vehicle_msgs/include/autoware_vehicle_msgs
-- Up-to-date: /root/r2ware/install/autoware_vehicle_msgs/include/autoware_vehicle_msgs/msg
-- Installing: /root/r2ware/install/autoware_vehicle_msgs/include/autoware_vehicle_msgs/msg/hazard_lights_command.hpp
-- Installing: /root/r2ware/install/autoware_vehicle_msgs/include/autoware_vehicle_msgs/msg/engage.hpp
-- Installing: /root/r2ware/install/autoware_vehicle_msgs/include/autoware_vehicle_msgs/msg/turn_indicators_command.hpp
-- Installing: /root/r2ware/install/autoware_vehicle_msgs/include/autoware_vehicle_msgs/msg/control_mode_command.hpp
-- Installing: /root/r2ware/install/autoware_vehicle_msgs/include/autoware_vehicle_msgs/msg/gear_command.hpp
-- Installing: /root/r2ware/install/autoware_vehicle_msgs/include/autoware_vehicle_msgs/msg/velocity_report.hpp
-- Installing: /root/r2ware/install/autoware_vehicle_msgs/include/autoware_vehicle_msgs/msg/hazard_lights_report.hpp
-- Installing: /root/r2ware/install/autoware_vehicle_msgs/include/autoware_vehicle_msgs/msg/turn_indicators_report.hpp
-- Up-to-date: /root/r2ware/install/autoware_vehicle_msgs/include/autoware_vehicle_msgs/msg/detail
-- Installing: /root/r2ware/install/autoware_vehicle_msgs/include/autoware_vehicle_msgs/msg/detail/vehicle_control_command__traits.hpp
-- Installing: /root/r2ware/install/autoware_vehicle_msgs/include/autoware_vehicle_msgs/msg/detail/hazard_lights_command__builder.hpp
-- Installing: /root/r2ware/install/autoware_vehicle_msgs/include/autoware_vehicle_msgs/msg/detail/control_mode_command__traits.hpp
-- Installing: /root/r2ware/install/autoware_vehicle_msgs/include/autoware_vehicle_msgs/msg/detail/hazard_lights_command__traits.hpp
-- Installing: /root/r2ware/install/autoware_vehicle_msgs/include/autoware_vehicle_msgs/msg/detail/turn_indicators_command__traits.hpp
-- Installing: /root/r2ware/install/autoware_vehicle_msgs/include/autoware_vehicle_msgs/msg/detail/steering_report__traits.hpp
-- Installing: /root/r2ware/install/autoware_vehicle_msgs/include/autoware_vehicle_msgs/msg/detail/gear_command__struct.hpp
-- Installing: /root/r2ware/install/autoware_vehicle_msgs/include/autoware_vehicle_msgs/msg/detail/vehicle_kinematic_state__builder.hpp
-- Installing: /root/r2ware/install/autoware_vehicle_msgs/include/autoware_vehicle_msgs/msg/detail/hazard_lights_report__builder.hpp
-- Installing: /root/r2ware/install/autoware_vehicle_msgs/include/autoware_vehicle_msgs/msg/detail/engage__builder.hpp
-- Installing: /root/r2ware/install/autoware_vehicle_msgs/include/autoware_vehicle_msgs/msg/detail/gear_report__struct.hpp
-- Installing: /root/r2ware/install/autoware_vehicle_msgs/include/autoware_vehicle_msgs/msg/detail/gear_report__builder.hpp
-- Installing: /root/r2ware/install/autoware_vehicle_msgs/include/autoware_vehicle_msgs/msg/detail/turn_indicators_report__builder.hpp
-- Installing: /root/r2ware/install/autoware_vehicle_msgs/include/autoware_vehicle_msgs/msg/detail/control_mode_report__traits.hpp
-- Installing: /root/r2ware/install/autoware_vehicle_msgs/include/autoware_vehicle_msgs/msg/detail/steering_report__struct.hpp
-- Installing: /root/r2ware/install/autoware_vehicle_msgs/include/autoware_vehicle_msgs/msg/detail/turn_indicators_report__struct.hpp
-- Installing: /root/r2ware/install/autoware_vehicle_msgs/include/autoware_vehicle_msgs/msg/detail/gear_report__traits.hpp
-- Installing: /root/r2ware/install/autoware_vehicle_msgs/include/autoware_vehicle_msgs/msg/detail/control_mode_report__struct.hpp
-- Installing: /root/r2ware/install/autoware_vehicle_msgs/include/autoware_vehicle_msgs/msg/detail/velocity_report__traits.hpp
-- Installing: /root/r2ware/install/autoware_vehicle_msgs/include/autoware_vehicle_msgs/msg/detail/vehicle_odometry__traits.hpp
-- Installing: /root/r2ware/install/autoware_vehicle_msgs/include/autoware_vehicle_msgs/msg/detail/steering_report__builder.hpp
-- Installing: /root/r2ware/install/autoware_vehicle_msgs/include/autoware_vehicle_msgs/msg/detail/gear_command__traits.hpp
-- Installing: /root/r2ware/install/autoware_vehicle_msgs/include/autoware_vehicle_msgs/msg/detail/vehicle_control_command__struct.hpp
-- Installing: /root/r2ware/install/autoware_vehicle_msgs/include/autoware_vehicle_msgs/msg/detail/velocity_report__builder.hpp
-- Installing: /root/r2ware/install/autoware_vehicle_msgs/include/autoware_vehicle_msgs/msg/detail/turn_indicators_report__traits.hpp
-- Installing: /root/r2ware/install/autoware_vehicle_msgs/include/autoware_vehicle_msgs/msg/detail/hazard_lights_command__struct.hpp
-- Installing: /root/r2ware/install/autoware_vehicle_msgs/include/autoware_vehicle_msgs/msg/detail/engage__struct.hpp
-- Installing: /root/r2ware/install/autoware_vehicle_msgs/include/autoware_vehicle_msgs/msg/detail/hazard_lights_report__traits.hpp
-- Installing: /root/r2ware/install/autoware_vehicle_msgs/include/autoware_vehicle_msgs/msg/detail/gear_command__builder.hpp
-- Installing: /root/r2ware/install/autoware_vehicle_msgs/include/autoware_vehicle_msgs/msg/detail/engage__traits.hpp
-- Installing: /root/r2ware/install/autoware_vehicle_msgs/include/autoware_vehicle_msgs/msg/detail/turn_indicators_command__builder.hpp
-- Installing: /root/r2ware/install/autoware_vehicle_msgs/include/autoware_vehicle_msgs/msg/detail/vehicle_odometry__struct.hpp
-- Installing: /root/r2ware/install/autoware_vehicle_msgs/include/autoware_vehicle_msgs/msg/detail/vehicle_kinematic_state__struct.hpp
-- Installing: /root/r2ware/install/autoware_vehicle_msgs/include/autoware_vehicle_msgs/msg/detail/velocity_report__struct.hpp
-- Installing: /root/r2ware/install/autoware_vehicle_msgs/include/autoware_vehicle_msgs/msg/detail/vehicle_kinematic_state__traits.hpp
-- Installing: /root/r2ware/install/autoware_vehicle_msgs/include/autoware_vehicle_msgs/msg/detail/vehicle_control_command__builder.hpp
-- Installing: /root/r2ware/install/autoware_vehicle_msgs/include/autoware_vehicle_msgs/msg/detail/control_mode_command__builder.hpp
-- Installing: /root/r2ware/install/autoware_vehicle_msgs/include/autoware_vehicle_msgs/msg/detail/hazard_lights_report__struct.hpp
-- Installing: /root/r2ware/install/autoware_vehicle_msgs/include/autoware_vehicle_msgs/msg/detail/control_mode_report__builder.hpp
-- Installing: /root/r2ware/install/autoware_vehicle_msgs/include/autoware_vehicle_msgs/msg/detail/turn_indicators_command__struct.hpp
-- Installing: /root/r2ware/install/autoware_vehicle_msgs/include/autoware_vehicle_msgs/msg/detail/vehicle_odometry__builder.hpp
-- Installing: /root/r2ware/install/autoware_vehicle_msgs/include/autoware_vehicle_msgs/msg/detail/control_mode_command__struct.hpp
-- Installing: /root/r2ware/install/autoware_vehicle_msgs/include/autoware_vehicle_msgs/msg/vehicle_odometry.hpp
-- Installing: /root/r2ware/install/autoware_vehicle_msgs/include/autoware_vehicle_msgs/msg/steering_report.hpp
-- Installing: /root/r2ware/install/autoware_vehicle_msgs/include/autoware_vehicle_msgs/msg/control_mode_report.hpp
-- Installing: /root/r2ware/install/autoware_vehicle_msgs/include/autoware_vehicle_msgs/msg/vehicle_kinematic_state.hpp
-- Installing: /root/r2ware/install/autoware_vehicle_msgs/include/autoware_vehicle_msgs/msg/vehicle_control_command.hpp
-- Installing: /root/r2ware/install/autoware_vehicle_msgs/include/autoware_vehicle_msgs/msg/gear_report.hpp
-- Up-to-date: /root/r2ware/install/autoware_vehicle_msgs/include/autoware_vehicle_msgs/srv
-- Installing: /root/r2ware/install/autoware_vehicle_msgs/include/autoware_vehicle_msgs/srv/control_mode_command.hpp
-- Up-to-date: /root/r2ware/install/autoware_vehicle_msgs/include/autoware_vehicle_msgs/srv/detail
-- Installing: /root/r2ware/install/autoware_vehicle_msgs/include/autoware_vehicle_msgs/srv/detail/control_mode_command__traits.hpp
-- Installing: /root/r2ware/install/autoware_vehicle_msgs/include/autoware_vehicle_msgs/srv/detail/control_mode_command__builder.hpp
-- Installing: /root/r2ware/install/autoware_vehicle_msgs/include/autoware_vehicle_msgs/srv/detail/control_mode_command__struct.hpp
-- Up-to-date: /root/r2ware/install/autoware_vehicle_msgs/include/autoware_vehicle_msgs
-- Up-to-date: /root/r2ware/install/autoware_vehicle_msgs/include/autoware_vehicle_msgs/msg
-- Up-to-date: /root/r2ware/install/autoware_vehicle_msgs/include/autoware_vehicle_msgs/msg/detail
-- Installing: /root/r2ware/install/autoware_vehicle_msgs/include/autoware_vehicle_msgs/msg/detail/velocity_report__rosidl_typesupport_introspection_cpp.hpp
-- Installing: /root/r2ware/install/autoware_vehicle_msgs/include/autoware_vehicle_msgs/msg/detail/vehicle_control_command__type_support.cpp
-- Installing: /root/r2ware/install/autoware_vehicle_msgs/include/autoware_vehicle_msgs/msg/detail/gear_command__type_support.cpp
-- Installing: /root/r2ware/install/autoware_vehicle_msgs/include/autoware_vehicle_msgs/msg/detail/vehicle_control_command__rosidl_typesupport_introspection_cpp.hpp
-- Installing: /root/r2ware/install/autoware_vehicle_msgs/include/autoware_vehicle_msgs/msg/detail/vehicle_odometry__type_support.cpp
-- Installing: /root/r2ware/install/autoware_vehicle_msgs/include/autoware_vehicle_msgs/msg/detail/control_mode_command__rosidl_typesupport_introspection_cpp.hpp
-- Installing: /root/r2ware/install/autoware_vehicle_msgs/include/autoware_vehicle_msgs/msg/detail/control_mode_report__type_support.cpp
-- Installing: /root/r2ware/install/autoware_vehicle_msgs/include/autoware_vehicle_msgs/msg/detail/turn_indicators_report__rosidl_typesupport_introspection_cpp.hpp
-- Installing: /root/r2ware/install/autoware_vehicle_msgs/include/autoware_vehicle_msgs/msg/detail/velocity_report__type_support.cpp
-- Installing: /root/r2ware/install/autoware_vehicle_msgs/include/autoware_vehicle_msgs/msg/detail/turn_indicators_report__type_support.cpp
-- Installing: /root/r2ware/install/autoware_vehicle_msgs/include/autoware_vehicle_msgs/msg/detail/steering_report__rosidl_typesupport_introspection_cpp.hpp
-- Installing: /root/r2ware/install/autoware_vehicle_msgs/include/autoware_vehicle_msgs/msg/detail/hazard_lights_command__rosidl_typesupport_introspection_cpp.hpp
-- Installing: /root/r2ware/install/autoware_vehicle_msgs/include/autoware_vehicle_msgs/msg/detail/gear_report__rosidl_typesupport_introspection_cpp.hpp
-- Installing: /root/r2ware/install/autoware_vehicle_msgs/include/autoware_vehicle_msgs/msg/detail/vehicle_odometry__rosidl_typesupport_introspection_cpp.hpp
-- Installing: /root/r2ware/install/autoware_vehicle_msgs/include/autoware_vehicle_msgs/msg/detail/control_mode_command__type_support.cpp
-- Installing: /root/r2ware/install/autoware_vehicle_msgs/include/autoware_vehicle_msgs/msg/detail/engage__rosidl_typesupport_introspection_cpp.hpp
-- Installing: /root/r2ware/install/autoware_vehicle_msgs/include/autoware_vehicle_msgs/msg/detail/hazard_lights_report__type_support.cpp
-- Installing: /root/r2ware/install/autoware_vehicle_msgs/include/autoware_vehicle_msgs/msg/detail/vehicle_kinematic_state__type_support.cpp
-- Installing: /root/r2ware/install/autoware_vehicle_msgs/include/autoware_vehicle_msgs/msg/detail/control_mode_report__rosidl_typesupport_introspection_cpp.hpp
-- Installing: /root/r2ware/install/autoware_vehicle_msgs/include/autoware_vehicle_msgs/msg/detail/hazard_lights_report__rosidl_typesupport_introspection_cpp.hpp
-- Installing: /root/r2ware/install/autoware_vehicle_msgs/include/autoware_vehicle_msgs/msg/detail/gear_command__rosidl_typesupport_introspection_cpp.hpp
-- Installing: /root/r2ware/install/autoware_vehicle_msgs/include/autoware_vehicle_msgs/msg/detail/steering_report__type_support.cpp
-- Installing: /root/r2ware/install/autoware_vehicle_msgs/include/autoware_vehicle_msgs/msg/detail/gear_report__type_support.cpp
-- Installing: /root/r2ware/install/autoware_vehicle_msgs/include/autoware_vehicle_msgs/msg/detail/vehicle_kinematic_state__rosidl_typesupport_introspection_cpp.hpp
-- Installing: /root/r2ware/install/autoware_vehicle_msgs/include/autoware_vehicle_msgs/msg/detail/hazard_lights_command__type_support.cpp
-- Installing: /root/r2ware/install/autoware_vehicle_msgs/include/autoware_vehicle_msgs/msg/detail/turn_indicators_command__rosidl_typesupport_introspection_cpp.hpp
-- Installing: /root/r2ware/install/autoware_vehicle_msgs/include/autoware_vehicle_msgs/msg/detail/turn_indicators_command__type_support.cpp
-- Installing: /root/r2ware/install/autoware_vehicle_msgs/include/autoware_vehicle_msgs/msg/detail/engage__type_support.cpp
-- Up-to-date: /root/r2ware/install/autoware_vehicle_msgs/include/autoware_vehicle_msgs/srv
-- Up-to-date: /root/r2ware/install/autoware_vehicle_msgs/include/autoware_vehicle_msgs/srv/detail
-- Installing: /root/r2ware/install/autoware_vehicle_msgs/include/autoware_vehicle_msgs/srv/detail/control_mode_command__rosidl_typesupport_introspection_cpp.hpp
-- Installing: /root/r2ware/install/autoware_vehicle_msgs/include/autoware_vehicle_msgs/srv/detail/control_mode_command__type_support.cpp
-- Installing: /root/r2ware/install/autoware_vehicle_msgs/lib/libautoware_vehicle_msgs__rosidl_typesupport_introspection_cpp.so
-- Set runtime path of "/root/r2ware/install/autoware_vehicle_msgs/lib/libautoware_vehicle_msgs__rosidl_typesupport_introspection_cpp.so" to ""
-- Installing: /root/r2ware/install/autoware_vehicle_msgs/lib/libautoware_vehicle_msgs__rosidl_typesupport_cpp.so
-- Set runtime path of "/root/r2ware/install/autoware_vehicle_msgs/lib/libautoware_vehicle_msgs__rosidl_typesupport_cpp.so" to ""
-- Installing: /root/r2ware/install/autoware_vehicle_msgs/share/autoware_vehicle_msgs/environment/pythonpath.sh
-- Installing: /root/r2ware/install/autoware_vehicle_msgs/share/autoware_vehicle_msgs/environment/pythonpath.dsv
-- Installing: /root/r2ware/install/autoware_vehicle_msgs/lib/python3.8/site-packages/autoware_vehicle_msgs/__init__.py
Compiling '/root/r2ware/install/autoware_vehicle_msgs/lib/python3.8/site-packages/autoware_vehicle_msgs/__init__.py'...
-- Installing: /root/r2ware/install/autoware_vehicle_msgs/lib/python3.8/site-packages/autoware_vehicle_msgs/msg
-- Installing: /root/r2ware/install/autoware_vehicle_msgs/lib/python3.8/site-packages/autoware_vehicle_msgs/msg/_velocity_report.py
-- Installing: /root/r2ware/install/autoware_vehicle_msgs/lib/python3.8/site-packages/autoware_vehicle_msgs/msg/_gear_command.py
-- Installing: /root/r2ware/install/autoware_vehicle_msgs/lib/python3.8/site-packages/autoware_vehicle_msgs/msg/_gear_command_s.c
-- Installing: /root/r2ware/install/autoware_vehicle_msgs/lib/python3.8/site-packages/autoware_vehicle_msgs/msg/__init__.py
-- Installing: /root/r2ware/install/autoware_vehicle_msgs/lib/python3.8/site-packages/autoware_vehicle_msgs/msg/_engage_s.c
-- Installing: /root/r2ware/install/autoware_vehicle_msgs/lib/python3.8/site-packages/autoware_vehicle_msgs/msg/_vehicle_kinematic_state_s.c
-- Installing: /root/r2ware/install/autoware_vehicle_msgs/lib/python3.8/site-packages/autoware_vehicle_msgs/msg/_vehicle_odometry.py
-- Installing: /root/r2ware/install/autoware_vehicle_msgs/lib/python3.8/site-packages/autoware_vehicle_msgs/msg/_turn_indicators_report_s.c
-- Installing: /root/r2ware/install/autoware_vehicle_msgs/lib/python3.8/site-packages/autoware_vehicle_msgs/msg/_hazard_lights_command.py
-- Installing: /root/r2ware/install/autoware_vehicle_msgs/lib/python3.8/site-packages/autoware_vehicle_msgs/msg/_steering_report.py
-- Installing: /root/r2ware/install/autoware_vehicle_msgs/lib/python3.8/site-packages/autoware_vehicle_msgs/msg/_vehicle_kinematic_state.py
-- Installing: /root/r2ware/install/autoware_vehicle_msgs/lib/python3.8/site-packages/autoware_vehicle_msgs/msg/_control_mode_command.py
-- Installing: /root/r2ware/install/autoware_vehicle_msgs/lib/python3.8/site-packages/autoware_vehicle_msgs/msg/_vehicle_control_command.py
-- Installing: /root/r2ware/install/autoware_vehicle_msgs/lib/python3.8/site-packages/autoware_vehicle_msgs/msg/_engage.py
-- Installing: /root/r2ware/install/autoware_vehicle_msgs/lib/python3.8/site-packages/autoware_vehicle_msgs/msg/_control_mode_report.py
-- Installing: /root/r2ware/install/autoware_vehicle_msgs/lib/python3.8/site-packages/autoware_vehicle_msgs/msg/_control_mode_report_s.c
-- Installing: /root/r2ware/install/autoware_vehicle_msgs/lib/python3.8/site-packages/autoware_vehicle_msgs/msg/_hazard_lights_command_s.c
-- Installing: /root/r2ware/install/autoware_vehicle_msgs/lib/python3.8/site-packages/autoware_vehicle_msgs/msg/_steering_report_s.c
-- Installing: /root/r2ware/install/autoware_vehicle_msgs/lib/python3.8/site-packages/autoware_vehicle_msgs/msg/_gear_report_s.c
-- Installing: /root/r2ware/install/autoware_vehicle_msgs/lib/python3.8/site-packages/autoware_vehicle_msgs/msg/_gear_report.py
-- Installing: /root/r2ware/install/autoware_vehicle_msgs/lib/python3.8/site-packages/autoware_vehicle_msgs/msg/_turn_indicators_report.py
-- Installing: /root/r2ware/install/autoware_vehicle_msgs/lib/python3.8/site-packages/autoware_vehicle_msgs/msg/_turn_indicators_command_s.c
-- Installing: /root/r2ware/install/autoware_vehicle_msgs/lib/python3.8/site-packages/autoware_vehicle_msgs/msg/_vehicle_odometry_s.c
-- Installing: /root/r2ware/install/autoware_vehicle_msgs/lib/python3.8/site-packages/autoware_vehicle_msgs/msg/_hazard_lights_report.py
-- Installing: /root/r2ware/install/autoware_vehicle_msgs/lib/python3.8/site-packages/autoware_vehicle_msgs/msg/_hazard_lights_report_s.c
-- Installing: /root/r2ware/install/autoware_vehicle_msgs/lib/python3.8/site-packages/autoware_vehicle_msgs/msg/_velocity_report_s.c
-- Installing: /root/r2ware/install/autoware_vehicle_msgs/lib/python3.8/site-packages/autoware_vehicle_msgs/msg/_turn_indicators_command.py
-- Installing: /root/r2ware/install/autoware_vehicle_msgs/lib/python3.8/site-packages/autoware_vehicle_msgs/msg/_control_mode_command_s.c
-- Installing: /root/r2ware/install/autoware_vehicle_msgs/lib/python3.8/site-packages/autoware_vehicle_msgs/msg/_vehicle_control_command_s.c
-- Installing: /root/r2ware/install/autoware_vehicle_msgs/lib/python3.8/site-packages/autoware_vehicle_msgs/srv
-- Installing: /root/r2ware/install/autoware_vehicle_msgs/lib/python3.8/site-packages/autoware_vehicle_msgs/srv/__init__.py
-- Installing: /root/r2ware/install/autoware_vehicle_msgs/lib/python3.8/site-packages/autoware_vehicle_msgs/srv/_control_mode_command.py
-- Installing: /root/r2ware/install/autoware_vehicle_msgs/lib/python3.8/site-packages/autoware_vehicle_msgs/srv/_control_mode_command_s.c
-- Installing: /root/r2ware/install/autoware_vehicle_msgs/lib/python3.8/site-packages/autoware_vehicle_msgs/autoware_vehicle_msgs_s__rosidl_typesupport_fastrtps_c.cpython-38-aarch64-linux-gnu.so
-- Set runtime path of "/root/r2ware/install/autoware_vehicle_msgs/lib/python3.8/site-packages/autoware_vehicle_msgs/autoware_vehicle_msgs_s__rosidl_typesupport_fastrtps_c.cpython-38-aarch64-linux-gnu.so" to ""
-- Installing: /root/r2ware/install/autoware_vehicle_msgs/lib/python3.8/site-packages/autoware_vehicle_msgs/autoware_vehicle_msgs_s__rosidl_typesupport_introspection_c.cpython-38-aarch64-linux-gnu.so
-- Set runtime path of "/root/r2ware/install/autoware_vehicle_msgs/lib/python3.8/site-packages/autoware_vehicle_msgs/autoware_vehicle_msgs_s__rosidl_typesupport_introspection_c.cpython-38-aarch64-linux-gnu.so" to ""
-- Installing: /root/r2ware/install/autoware_vehicle_msgs/lib/python3.8/site-packages/autoware_vehicle_msgs/autoware_vehicle_msgs_s__rosidl_typesupport_c.cpython-38-aarch64-linux-gnu.so
-- Set runtime path of "/root/r2ware/install/autoware_vehicle_msgs/lib/python3.8/site-packages/autoware_vehicle_msgs/autoware_vehicle_msgs_s__rosidl_typesupport_c.cpython-38-aarch64-linux-gnu.so" to ""
-- Installing: /root/r2ware/install/autoware_vehicle_msgs/lib/libautoware_vehicle_msgs__python.so
-- Set runtime path of "/root/r2ware/install/autoware_vehicle_msgs/lib/libautoware_vehicle_msgs__python.so" to ""
-- Installing: /root/r2ware/install/autoware_vehicle_msgs/share/autoware_vehicle_msgs/msg/ControlModeCommand.idl
-- Installing: /root/r2ware/install/autoware_vehicle_msgs/share/autoware_vehicle_msgs/msg/ControlModeReport.idl
-- Installing: /root/r2ware/install/autoware_vehicle_msgs/share/autoware_vehicle_msgs/msg/Engage.idl
-- Installing: /root/r2ware/install/autoware_vehicle_msgs/share/autoware_vehicle_msgs/msg/GearCommand.idl
-- Installing: /root/r2ware/install/autoware_vehicle_msgs/share/autoware_vehicle_msgs/msg/GearReport.idl
-- Installing: /root/r2ware/install/autoware_vehicle_msgs/share/autoware_vehicle_msgs/msg/HazardLightsCommand.idl
-- Installing: /root/r2ware/install/autoware_vehicle_msgs/share/autoware_vehicle_msgs/msg/HazardLightsReport.idl
-- Installing: /root/r2ware/install/autoware_vehicle_msgs/share/autoware_vehicle_msgs/msg/SteeringReport.idl
-- Installing: /root/r2ware/install/autoware_vehicle_msgs/share/autoware_vehicle_msgs/msg/TurnIndicatorsCommand.idl
-- Installing: /root/r2ware/install/autoware_vehicle_msgs/share/autoware_vehicle_msgs/msg/TurnIndicatorsReport.idl
-- Installing: /root/r2ware/install/autoware_vehicle_msgs/share/autoware_vehicle_msgs/msg/VehicleControlCommand.idl
-- Installing: /root/r2ware/install/autoware_vehicle_msgs/share/autoware_vehicle_msgs/msg/VehicleKinematicState.idl
-- Installing: /root/r2ware/install/autoware_vehicle_msgs/share/autoware_vehicle_msgs/msg/VehicleOdometry.idl
-- Installing: /root/r2ware/install/autoware_vehicle_msgs/share/autoware_vehicle_msgs/msg/VelocityReport.idl
-- Installing: /root/r2ware/install/autoware_vehicle_msgs/share/autoware_vehicle_msgs/srv/ControlModeCommand.idl
-- Installing: /root/r2ware/install/autoware_vehicle_msgs/share/autoware_vehicle_msgs/msg/ControlModeCommand.msg
-- Installing: /root/r2ware/install/autoware_vehicle_msgs/share/autoware_vehicle_msgs/msg/ControlModeReport.msg
-- Installing: /root/r2ware/install/autoware_vehicle_msgs/share/autoware_vehicle_msgs/msg/Engage.msg
-- Installing: /root/r2ware/install/autoware_vehicle_msgs/share/autoware_vehicle_msgs/msg/GearCommand.msg
-- Installing: /root/r2ware/install/autoware_vehicle_msgs/share/autoware_vehicle_msgs/msg/GearReport.msg
-- Installing: /root/r2ware/install/autoware_vehicle_msgs/share/autoware_vehicle_msgs/msg/HazardLightsCommand.msg
-- Installing: /root/r2ware/install/autoware_vehicle_msgs/share/autoware_vehicle_msgs/msg/HazardLightsReport.msg
-- Installing: /root/r2ware/install/autoware_vehicle_msgs/share/autoware_vehicle_msgs/msg/SteeringReport.msg
-- Installing: /root/r2ware/install/autoware_vehicle_msgs/share/autoware_vehicle_msgs/msg/TurnIndicatorsCommand.msg
-- Installing: /root/r2ware/install/autoware_vehicle_msgs/share/autoware_vehicle_msgs/msg/TurnIndicatorsReport.msg
-- Installing: /root/r2ware/install/autoware_vehicle_msgs/share/autoware_vehicle_msgs/msg/VehicleControlCommand.msg
-- Installing: /root/r2ware/install/autoware_vehicle_msgs/share/autoware_vehicle_msgs/msg/VehicleKinematicState.msg
-- Installing: /root/r2ware/install/autoware_vehicle_msgs/share/autoware_vehicle_msgs/msg/VehicleOdometry.msg
-- Installing: /root/r2ware/install/autoware_vehicle_msgs/share/autoware_vehicle_msgs/msg/VelocityReport.msg
-- Installing: /root/r2ware/install/autoware_vehicle_msgs/share/autoware_vehicle_msgs/srv/ControlModeCommand.srv
-- Installing: /root/r2ware/install/autoware_vehicle_msgs/share/autoware_vehicle_msgs/srv/ControlModeCommand_Request.msg
-- Installing: /root/r2ware/install/autoware_vehicle_msgs/share/autoware_vehicle_msgs/srv/ControlModeCommand_Response.msg
-- Installing: /root/r2ware/install/autoware_vehicle_msgs/share/ament_index/resource_index/package_run_dependencies/autoware_vehicle_msgs
-- Installing: /root/r2ware/install/autoware_vehicle_msgs/share/ament_index/resource_index/parent_prefix_path/autoware_vehicle_msgs
-- Installing: /root/r2ware/install/autoware_vehicle_msgs/share/autoware_vehicle_msgs/environment/ament_prefix_path.sh
-- Installing: /root/r2ware/install/autoware_vehicle_msgs/share/autoware_vehicle_msgs/environment/ament_prefix_path.dsv
-- Installing: /root/r2ware/install/autoware_vehicle_msgs/share/autoware_vehicle_msgs/environment/path.sh
-- Installing: /root/r2ware/install/autoware_vehicle_msgs/share/autoware_vehicle_msgs/environment/path.dsv
-- Installing: /root/r2ware/install/autoware_vehicle_msgs/share/autoware_vehicle_msgs/local_setup.bash
-- Installing: /root/r2ware/install/autoware_vehicle_msgs/share/autoware_vehicle_msgs/local_setup.sh
-- Installing: /root/r2ware/install/autoware_vehicle_msgs/share/autoware_vehicle_msgs/local_setup.zsh
-- Installing: /root/r2ware/install/autoware_vehicle_msgs/share/autoware_vehicle_msgs/local_setup.dsv
-- Installing: /root/r2ware/install/autoware_vehicle_msgs/share/autoware_vehicle_msgs/package.dsv
-- Installing: /root/r2ware/install/autoware_vehicle_msgs/share/ament_index/resource_index/packages/autoware_vehicle_msgs
-- Installing: /root/r2ware/install/autoware_vehicle_msgs/share/autoware_vehicle_msgs/cmake/autoware_vehicle_msgs__rosidl_generator_cExport.cmake
-- Installing: /root/r2ware/install/autoware_vehicle_msgs/share/autoware_vehicle_msgs/cmake/autoware_vehicle_msgs__rosidl_generator_cExport-noconfig.cmake
-- Installing: /root/r2ware/install/autoware_vehicle_msgs/share/autoware_vehicle_msgs/cmake/autoware_vehicle_msgs__rosidl_typesupport_introspection_cExport.cmake
-- Installing: /root/r2ware/install/autoware_vehicle_msgs/share/autoware_vehicle_msgs/cmake/autoware_vehicle_msgs__rosidl_typesupport_introspection_cExport-noconfig.cmake
-- Installing: /root/r2ware/install/autoware_vehicle_msgs/share/autoware_vehicle_msgs/cmake/autoware_vehicle_msgs__rosidl_typesupport_cExport.cmake
-- Installing: /root/r2ware/install/autoware_vehicle_msgs/share/autoware_vehicle_msgs/cmake/autoware_vehicle_msgs__rosidl_typesupport_cExport-noconfig.cmake
-- Installing: /root/r2ware/install/autoware_vehicle_msgs/share/autoware_vehicle_msgs/cmake/autoware_vehicle_msgs__rosidl_generator_cppExport.cmake
-- Installing: /root/r2ware/install/autoware_vehicle_msgs/share/autoware_vehicle_msgs/cmake/autoware_vehicle_msgs__rosidl_typesupport_introspection_cppExport.cmake
-- Installing: /root/r2ware/install/autoware_vehicle_msgs/share/autoware_vehicle_msgs/cmake/autoware_vehicle_msgs__rosidl_typesupport_introspection_cppExport-noconfig.cmake
-- Installing: /root/r2ware/install/autoware_vehicle_msgs/share/autoware_vehicle_msgs/cmake/autoware_vehicle_msgs__rosidl_typesupport_cppExport.cmake
-- Installing: /root/r2ware/install/autoware_vehicle_msgs/share/autoware_vehicle_msgs/cmake/autoware_vehicle_msgs__rosidl_typesupport_cppExport-noconfig.cmake
-- Installing: /root/r2ware/install/autoware_vehicle_msgs/share/autoware_vehicle_msgs/cmake/rosidl_cmake-extras.cmake
-- Installing: /root/r2ware/install/autoware_vehicle_msgs/share/autoware_vehicle_msgs/cmake/ament_cmake_export_dependencies-extras.cmake
-- Installing: /root/r2ware/install/autoware_vehicle_msgs/share/autoware_vehicle_msgs/cmake/ament_cmake_export_libraries-extras.cmake
-- Installing: /root/r2ware/install/autoware_vehicle_msgs/share/autoware_vehicle_msgs/cmake/ament_cmake_export_targets-extras.cmake
-- Installing: /root/r2ware/install/autoware_vehicle_msgs/share/autoware_vehicle_msgs/cmake/ament_cmake_export_include_directories-extras.cmake
-- Installing: /root/r2ware/install/autoware_vehicle_msgs/share/autoware_vehicle_msgs/cmake/rosidl_cmake_export_typesupport_libraries-extras.cmake
-- Installing: /root/r2ware/install/autoware_vehicle_msgs/share/autoware_vehicle_msgs/cmake/rosidl_cmake_export_typesupport_targets-extras.cmake
-- Installing: /root/r2ware/install/autoware_vehicle_msgs/share/autoware_vehicle_msgs/cmake/autoware_vehicle_msgsConfig.cmake
-- Installing: /root/r2ware/install/autoware_vehicle_msgs/share/autoware_vehicle_msgs/cmake/autoware_vehicle_msgsConfig-version.cmake
-- Installing: /root/r2ware/install/autoware_vehicle_msgs/share/autoware_vehicle_msgs/package.xml
