-- The C compiler identification is GNU 9.4.0
-- The CXX compiler identification is GNU 9.4.0
-- Check for working C compiler: /usr/bin/cc
-- Check for working C compiler: /usr/bin/cc -- works
-- Detecting C compiler ABI info
-- Detecting C compiler ABI info - done
-- Detecting C compile features
-- Detecting C compile features - done
-- Check for working CXX compiler: /usr/bin/c++
-- Check for working CXX compiler: /usr/bin/c++ -- works
-- Detecting CXX compiler ABI info
-- Detecting CXX compiler ABI info - done
-- Detecting CXX compile features
-- Detecting CXX compile features - done
-- Found ament_cmake_auto: 0.9.11 (/opt/ros/foxy/share/ament_cmake_auto/cmake)
-- Found PythonInterp: /usr/bin/python3 (found suitable version "3.8.10", minimum required is "3") 
-- Using PYTHON_EXECUTABLE: /usr/bin/python3
-- Using all available rosidl_typesupport_c: rosidl_typesupport_fastrtps_c;rosidl_typesupport_introspection_c
-- Found rosidl_adapter: 1.3.0 (/opt/ros/foxy/share/rosidl_adapter/cmake)
-- Found OpenSSL: /usr/lib/aarch64-linux-gnu/libcrypto.so (found version "1.1.1f")  
-- Found FastRTPS: /opt/ros/foxy/include  
-- Using all available rosidl_typesupport_cpp: rosidl_typesupport_fastrtps_cpp;rosidl_typesupport_introspection_cpp
-- Found PythonInterp: /usr/bin/python3 (found version "3.8.10") 
-- Found ament_cmake_cppcheck: 0.9.7 (/opt/ros/foxy/share/ament_cmake_cppcheck/cmake)
-- Found ament_cmake_cpplint: 0.9.7 (/opt/ros/foxy/share/ament_cmake_cpplint/cmake)
-- Found ament_cmake_uncrustify: 0.9.7 (/opt/ros/foxy/share/ament_cmake_uncrustify/cmake)
-- Found ament_cmake_ros: 0.9.2 (/opt/ros/foxy/share/ament_cmake_ros/cmake)
-- Using all available rosidl_typesupport_c: rosidl_typesupport_fastrtps_c;rosidl_typesupport_introspection_c
-- Using all available rosidl_typesupport_cpp: rosidl_typesupport_fastrtps_cpp;rosidl_typesupport_introspection_cpp
-- Found PythonInterp: /usr/bin/python3 (found suitable version "3.8.10", minimum required is "3.5") 
-- Found python_cmake_module: 0.8.1 (/opt/ros/foxy/share/python_cmake_module/cmake)
-- Found PythonLibs: /usr/lib/aarch64-linux-gnu/libpython3.8.so (found suitable version "3.8.10", minimum required is "3.5") 
-- Using PYTHON_EXECUTABLE: /usr/bin/python3
-- Using PYTHON_INCLUDE_DIRS: /usr/include/python3.8
-- Using PYTHON_LIBRARIES: /usr/lib/aarch64-linux-gnu/libpython3.8.so
-- Found PythonExtra: .so  
-- Found ament_cmake_flake8: 0.9.7 (/opt/ros/foxy/share/ament_cmake_flake8/cmake)
-- Found ament_cmake_pep257: 0.9.7 (/opt/ros/foxy/share/ament_cmake_pep257/cmake)
-- Found ament_lint_auto: 0.9.7 (/opt/ros/foxy/share/ament_lint_auto/cmake)
-- Added test 'copyright' to check source files copyright and LICENSE
-- Added test 'lint_cmake' to check CMake code style
-- Added test 'xmllint' to check XML markup files
-- Configuring done
-- Generating done
-- Build files have been written to: /root/r2ware/build/autoware_system_msgs
[35m[1mScanning dependencies of target autoware_system_msgs__cpp[0m
[  2%] [34m[1mGenerating C++ code for ROS interfaces[0m
[  2%] Built target autoware_system_msgs__cpp
[  4%] [34m[1mGenerating C code for ROS interfaces[0m
[35m[1mScanning dependencies of target autoware_system_msgs__rosidl_generator_c[0m
[  6%] [32mBuilding C object CMakeFiles/autoware_system_msgs__rosidl_generator_c.dir/rosidl_generator_c/autoware_system_msgs/msg/detail/autoware_state__functions.c.o[0m
[  8%] [32mBuilding C object CMakeFiles/autoware_system_msgs__rosidl_generator_c.dir/rosidl_generator_c/autoware_system_msgs/msg/detail/hazard_status_stamped__functions.c.o[0m
[ 10%] [32mBuilding C object CMakeFiles/autoware_system_msgs__rosidl_generator_c.dir/rosidl_generator_c/autoware_system_msgs/msg/detail/hazard_status__functions.c.o[0m
[ 12%] [32m[1mLinking C shared library libautoware_system_msgs__rosidl_generator_c.so[0m
[ 12%] Built target autoware_system_msgs__rosidl_generator_c
[ 14%] [34m[1mGenerating C++ introspection for ROS interfaces[0m
[35m[1mScanning dependencies of target autoware_system_msgs__rosidl_typesupport_introspection_cpp[0m
[ 17%] [32mBuilding CXX object CMakeFiles/autoware_system_msgs__rosidl_typesupport_introspection_cpp.dir/rosidl_typesupport_introspection_cpp/autoware_system_msgs/msg/detail/autoware_state__type_support.cpp.o[0m
[ 19%] [32mBuilding CXX object CMakeFiles/autoware_system_msgs__rosidl_typesupport_introspection_cpp.dir/rosidl_typesupport_introspection_cpp/autoware_system_msgs/msg/detail/hazard_status_stamped__type_support.cpp.o[0m
[ 21%] [32mBuilding CXX object CMakeFiles/autoware_system_msgs__rosidl_typesupport_introspection_cpp.dir/rosidl_typesupport_introspection_cpp/autoware_system_msgs/msg/detail/hazard_status__type_support.cpp.o[0m
[ 23%] [32m[1mLinking CXX shared library libautoware_system_msgs__rosidl_typesupport_introspection_cpp.so[0m
[ 23%] Built target autoware_system_msgs__rosidl_typesupport_introspection_cpp
[ 25%] [34m[1mGenerating C type support dispatch for ROS interfaces[0m
[35m[1mScanning dependencies of target autoware_system_msgs__rosidl_typesupport_c[0m
[ 27%] [32mBuilding CXX object CMakeFiles/autoware_system_msgs__rosidl_typesupport_c.dir/rosidl_typesupport_c/autoware_system_msgs/msg/autoware_state__type_support.cpp.o[0m
[ 29%] [32mBuilding CXX object CMakeFiles/autoware_system_msgs__rosidl_typesupport_c.dir/rosidl_typesupport_c/autoware_system_msgs/msg/hazard_status_stamped__type_support.cpp.o[0m
[ 31%] [32mBuilding CXX object CMakeFiles/autoware_system_msgs__rosidl_typesupport_c.dir/rosidl_typesupport_c/autoware_system_msgs/msg/hazard_status__type_support.cpp.o[0m
[ 34%] [32m[1mLinking CXX shared library libautoware_system_msgs__rosidl_typesupport_c.so[0m
[ 34%] Built target autoware_system_msgs__rosidl_typesupport_c
[ 36%] [34m[1mGenerating C introspection for ROS interfaces[0m
[35m[1mScanning dependencies of target autoware_system_msgs__rosidl_typesupport_introspection_c[0m
[ 38%] [32mBuilding C object CMakeFiles/autoware_system_msgs__rosidl_typesupport_introspection_c.dir/rosidl_typesupport_introspection_c/autoware_system_msgs/msg/detail/autoware_state__type_support.c.o[0m
[ 40%] [32mBuilding C object CMakeFiles/autoware_system_msgs__rosidl_typesupport_introspection_c.dir/rosidl_typesupport_introspection_c/autoware_system_msgs/msg/detail/hazard_status_stamped__type_support.c.o[0m
[ 42%] [32mBuilding C object CMakeFiles/autoware_system_msgs__rosidl_typesupport_introspection_c.dir/rosidl_typesupport_introspection_c/autoware_system_msgs/msg/detail/hazard_status__type_support.c.o[0m
[ 44%] [32m[1mLinking C shared library libautoware_system_msgs__rosidl_typesupport_introspection_c.so[0m
[ 44%] Built target autoware_system_msgs__rosidl_typesupport_introspection_c
[ 46%] [34m[1mGenerating C++ type support for eProsima Fast-RTPS[0m
[35m[1mScanning dependencies of target autoware_system_msgs__rosidl_typesupport_fastrtps_cpp[0m
[ 48%] [32mBuilding CXX object CMakeFiles/autoware_system_msgs__rosidl_typesupport_fastrtps_cpp.dir/rosidl_typesupport_fastrtps_cpp/autoware_system_msgs/msg/detail/dds_fastrtps/autoware_state__type_support.cpp.o[0m
[ 51%] [32mBuilding CXX object CMakeFiles/autoware_system_msgs__rosidl_typesupport_fastrtps_cpp.dir/rosidl_typesupport_fastrtps_cpp/autoware_system_msgs/msg/detail/dds_fastrtps/hazard_status_stamped__type_support.cpp.o[0m
[ 53%] [32mBuilding CXX object CMakeFiles/autoware_system_msgs__rosidl_typesupport_fastrtps_cpp.dir/rosidl_typesupport_fastrtps_cpp/autoware_system_msgs/msg/detail/dds_fastrtps/hazard_status__type_support.cpp.o[0m
[ 55%] [32m[1mLinking CXX shared library libautoware_system_msgs__rosidl_typesupport_fastrtps_cpp.so[0m
[ 55%] Built target autoware_system_msgs__rosidl_typesupport_fastrtps_cpp
[ 57%] [34m[1mGenerating C++ type support dispatch for ROS interfaces[0m
[35m[1mScanning dependencies of target autoware_system_msgs__rosidl_typesupport_cpp[0m
[ 59%] [32mBuilding CXX object CMakeFiles/autoware_system_msgs__rosidl_typesupport_cpp.dir/rosidl_typesupport_cpp/autoware_system_msgs/msg/autoware_state__type_support.cpp.o[0m
[ 61%] [32mBuilding CXX object CMakeFiles/autoware_system_msgs__rosidl_typesupport_cpp.dir/rosidl_typesupport_cpp/autoware_system_msgs/msg/hazard_status_stamped__type_support.cpp.o[0m
[ 63%] [32mBuilding CXX object CMakeFiles/autoware_system_msgs__rosidl_typesupport_cpp.dir/rosidl_typesupport_cpp/autoware_system_msgs/msg/hazard_status__type_support.cpp.o[0m
[ 65%] [32m[1mLinking CXX shared library libautoware_system_msgs__rosidl_typesupport_cpp.so[0m
[ 65%] Built target autoware_system_msgs__rosidl_typesupport_cpp
[ 68%] [34m[1mGenerating C type support for eProsima Fast-RTPS[0m
[35m[1mScanning dependencies of target autoware_system_msgs__rosidl_typesupport_fastrtps_c[0m
[ 70%] [32mBuilding CXX object CMakeFiles/autoware_system_msgs__rosidl_typesupport_fastrtps_c.dir/rosidl_typesupport_fastrtps_c/autoware_system_msgs/msg/detail/autoware_state__type_support_c.cpp.o[0m
[ 72%] [32mBuilding CXX object CMakeFiles/autoware_system_msgs__rosidl_typesupport_fastrtps_c.dir/rosidl_typesupport_fastrtps_c/autoware_system_msgs/msg/detail/hazard_status_stamped__type_support_c.cpp.o[0m
[ 74%] [32mBuilding CXX object CMakeFiles/autoware_system_msgs__rosidl_typesupport_fastrtps_c.dir/rosidl_typesupport_fastrtps_c/autoware_system_msgs/msg/detail/hazard_status__type_support_c.cpp.o[0m
[ 76%] [32m[1mLinking CXX shared library libautoware_system_msgs__rosidl_typesupport_fastrtps_c.so[0m
[ 76%] Built target autoware_system_msgs__rosidl_typesupport_fastrtps_c
[35m[1mScanning dependencies of target autoware_system_msgs[0m
[ 76%] Built target autoware_system_msgs
[35m[1mScanning dependencies of target autoware_system_msgs__py[0m
[ 78%] [34m[1mGenerating Python code for ROS interfaces[0m
[ 78%] Built target autoware_system_msgs__py
[35m[1mScanning dependencies of target autoware_system_msgs__python[0m
[ 80%] [32mBuilding C object CMakeFiles/autoware_system_msgs__python.dir/rosidl_generator_py/autoware_system_msgs/msg/_autoware_state_s.c.o[0m
[ 82%] [32mBuilding C object CMakeFiles/autoware_system_msgs__python.dir/rosidl_generator_py/autoware_system_msgs/msg/_hazard_status_stamped_s.c.o[0m
[ 85%] [32mBuilding C object CMakeFiles/autoware_system_msgs__python.dir/rosidl_generator_py/autoware_system_msgs/msg/_hazard_status_s.c.o[0m
[ 87%] [32m[1mLinking C shared library rosidl_generator_py/autoware_system_msgs/libautoware_system_msgs__python.so[0m
[ 87%] Built target autoware_system_msgs__python
[35m[1mScanning dependencies of target autoware_system_msgs__rosidl_typesupport_c__pyext[0m
[ 89%] [32mBuilding C object CMakeFiles/autoware_system_msgs__rosidl_typesupport_c__pyext.dir/rosidl_generator_py/autoware_system_msgs/_autoware_system_msgs_s.ep.rosidl_typesupport_c.c.o[0m
[ 91%] [32m[1mLinking C shared library rosidl_generator_py/autoware_system_msgs/autoware_system_msgs_s__rosidl_typesupport_c.cpython-38-aarch64-linux-gnu.so[0m
[ 91%] Built target autoware_system_msgs__rosidl_typesupport_c__pyext
[35m[1mScanning dependencies of target autoware_system_msgs__rosidl_typesupport_fastrtps_c__pyext[0m
[ 93%] [32mBuilding C object CMakeFiles/autoware_system_msgs__rosidl_typesupport_fastrtps_c__pyext.dir/rosidl_generator_py/autoware_system_msgs/_autoware_system_msgs_s.ep.rosidl_typesupport_fastrtps_c.c.o[0m
[ 95%] [32m[1mLinking CXX shared library rosidl_generator_py/autoware_system_msgs/autoware_system_msgs_s__rosidl_typesupport_fastrtps_c.cpython-38-aarch64-linux-gnu.so[0m
[ 95%] Built target autoware_system_msgs__rosidl_typesupport_fastrtps_c__pyext
[35m[1mScanning dependencies of target autoware_system_msgs__rosidl_typesupport_introspection_c__pyext[0m
[ 97%] [32mBuilding C object CMakeFiles/autoware_system_msgs__rosidl_typesupport_introspection_c__pyext.dir/rosidl_generator_py/autoware_system_msgs/_autoware_system_msgs_s.ep.rosidl_typesupport_introspection_c.c.o[0m
[100%] [32m[1mLinking C shared library rosidl_generator_py/autoware_system_msgs/autoware_system_msgs_s__rosidl_typesupport_introspection_c.cpython-38-aarch64-linux-gnu.so[0m
[100%] Built target autoware_system_msgs__rosidl_typesupport_introspection_c__pyext
-- Install configuration: ""
-- Installing: /root/r2ware/install/autoware_system_msgs/share/ament_index/resource_index/rosidl_interfaces/autoware_system_msgs
-- Installing: /root/r2ware/install/autoware_system_msgs/include/autoware_system_msgs
-- Installing: /root/r2ware/install/autoware_system_msgs/include/autoware_system_msgs/msg
-- Installing: /root/r2ware/install/autoware_system_msgs/include/autoware_system_msgs/msg/hazard_status.h
-- Installing: /root/r2ware/install/autoware_system_msgs/include/autoware_system_msgs/msg/hazard_status_stamped.h
-- Installing: /root/r2ware/install/autoware_system_msgs/include/autoware_system_msgs/msg/rosidl_generator_c__visibility_control.h
-- Installing: /root/r2ware/install/autoware_system_msgs/include/autoware_system_msgs/msg/autoware_state.h
-- Installing: /root/r2ware/install/autoware_system_msgs/include/autoware_system_msgs/msg/detail
-- Installing: /root/r2ware/install/autoware_system_msgs/include/autoware_system_msgs/msg/detail/autoware_state__struct.h
-- Installing: /root/r2ware/install/autoware_system_msgs/include/autoware_system_msgs/msg/detail/autoware_state__functions.c
-- Installing: /root/r2ware/install/autoware_system_msgs/include/autoware_system_msgs/msg/detail/hazard_status_stamped__struct.h
-- Installing: /root/r2ware/install/autoware_system_msgs/include/autoware_system_msgs/msg/detail/hazard_status_stamped__functions.h
-- Installing: /root/r2ware/install/autoware_system_msgs/include/autoware_system_msgs/msg/detail/autoware_state__functions.h
-- Installing: /root/r2ware/install/autoware_system_msgs/include/autoware_system_msgs/msg/detail/hazard_status_stamped__type_support.h
-- Installing: /root/r2ware/install/autoware_system_msgs/include/autoware_system_msgs/msg/detail/hazard_status_stamped__functions.c
-- Installing: /root/r2ware/install/autoware_system_msgs/include/autoware_system_msgs/msg/detail/hazard_status__functions.c
-- Installing: /root/r2ware/install/autoware_system_msgs/include/autoware_system_msgs/msg/detail/hazard_status__type_support.h
-- Installing: /root/r2ware/install/autoware_system_msgs/include/autoware_system_msgs/msg/detail/hazard_status__struct.h
-- Installing: /root/r2ware/install/autoware_system_msgs/include/autoware_system_msgs/msg/detail/hazard_status__functions.h
-- Installing: /root/r2ware/install/autoware_system_msgs/include/autoware_system_msgs/msg/detail/autoware_state__type_support.h
-- Installing: /root/r2ware/install/autoware_system_msgs/share/autoware_system_msgs/environment/library_path.sh
-- Installing: /root/r2ware/install/autoware_system_msgs/share/autoware_system_msgs/environment/library_path.dsv
-- Installing: /root/r2ware/install/autoware_system_msgs/lib/libautoware_system_msgs__rosidl_generator_c.so
-- Set runtime path of "/root/r2ware/install/autoware_system_msgs/lib/libautoware_system_msgs__rosidl_generator_c.so" to ""
-- Up-to-date: /root/r2ware/install/autoware_system_msgs/include/autoware_system_msgs
-- Up-to-date: /root/r2ware/install/autoware_system_msgs/include/autoware_system_msgs/msg
-- Installing: /root/r2ware/install/autoware_system_msgs/include/autoware_system_msgs/msg/rosidl_typesupport_fastrtps_c__visibility_control.h
-- Up-to-date: /root/r2ware/install/autoware_system_msgs/include/autoware_system_msgs/msg/detail
-- Installing: /root/r2ware/install/autoware_system_msgs/include/autoware_system_msgs/msg/detail/hazard_status_stamped__rosidl_typesupport_fastrtps_c.h
-- Installing: /root/r2ware/install/autoware_system_msgs/include/autoware_system_msgs/msg/detail/autoware_state__rosidl_typesupport_fastrtps_c.h
-- Installing: /root/r2ware/install/autoware_system_msgs/include/autoware_system_msgs/msg/detail/hazard_status__rosidl_typesupport_fastrtps_c.h
-- Installing: /root/r2ware/install/autoware_system_msgs/lib/libautoware_system_msgs__rosidl_typesupport_fastrtps_c.so
-- Set runtime path of "/root/r2ware/install/autoware_system_msgs/lib/libautoware_system_msgs__rosidl_typesupport_fastrtps_c.so" to ""
-- Up-to-date: /root/r2ware/install/autoware_system_msgs/include/autoware_system_msgs
-- Up-to-date: /root/r2ware/install/autoware_system_msgs/include/autoware_system_msgs/msg
-- Installing: /root/r2ware/install/autoware_system_msgs/include/autoware_system_msgs/msg/rosidl_typesupport_fastrtps_cpp__visibility_control.h
-- Up-to-date: /root/r2ware/install/autoware_system_msgs/include/autoware_system_msgs/msg/detail
-- Installing: /root/r2ware/install/autoware_system_msgs/include/autoware_system_msgs/msg/detail/hazard_status__rosidl_typesupport_fastrtps_cpp.hpp
-- Installing: /root/r2ware/install/autoware_system_msgs/include/autoware_system_msgs/msg/detail/hazard_status_stamped__rosidl_typesupport_fastrtps_cpp.hpp
-- Installing: /root/r2ware/install/autoware_system_msgs/include/autoware_system_msgs/msg/detail/autoware_state__rosidl_typesupport_fastrtps_cpp.hpp
-- Installing: /root/r2ware/install/autoware_system_msgs/include/autoware_system_msgs/msg/detail/dds_fastrtps
-- Installing: /root/r2ware/install/autoware_system_msgs/lib/libautoware_system_msgs__rosidl_typesupport_fastrtps_cpp.so
-- Set runtime path of "/root/r2ware/install/autoware_system_msgs/lib/libautoware_system_msgs__rosidl_typesupport_fastrtps_cpp.so" to ""
-- Up-to-date: /root/r2ware/install/autoware_system_msgs/include/autoware_system_msgs
-- Up-to-date: /root/r2ware/install/autoware_system_msgs/include/autoware_system_msgs/msg
-- Installing: /root/r2ware/install/autoware_system_msgs/include/autoware_system_msgs/msg/rosidl_typesupport_introspection_c__visibility_control.h
-- Up-to-date: /root/r2ware/install/autoware_system_msgs/include/autoware_system_msgs/msg/detail
-- Installing: /root/r2ware/install/autoware_system_msgs/include/autoware_system_msgs/msg/detail/hazard_status_stamped__rosidl_typesupport_introspection_c.h
-- Installing: /root/r2ware/install/autoware_system_msgs/include/autoware_system_msgs/msg/detail/autoware_state__type_support.c
-- Installing: /root/r2ware/install/autoware_system_msgs/include/autoware_system_msgs/msg/detail/autoware_state__rosidl_typesupport_introspection_c.h
-- Installing: /root/r2ware/install/autoware_system_msgs/include/autoware_system_msgs/msg/detail/hazard_status__type_support.c
-- Installing: /root/r2ware/install/autoware_system_msgs/include/autoware_system_msgs/msg/detail/hazard_status_stamped__type_support.c
-- Installing: /root/r2ware/install/autoware_system_msgs/include/autoware_system_msgs/msg/detail/hazard_status__rosidl_typesupport_introspection_c.h
-- Installing: /root/r2ware/install/autoware_system_msgs/lib/libautoware_system_msgs__rosidl_typesupport_introspection_c.so
-- Set runtime path of "/root/r2ware/install/autoware_system_msgs/lib/libautoware_system_msgs__rosidl_typesupport_introspection_c.so" to ""
-- Installing: /root/r2ware/install/autoware_system_msgs/lib/libautoware_system_msgs__rosidl_typesupport_c.so
-- Set runtime path of "/root/r2ware/install/autoware_system_msgs/lib/libautoware_system_msgs__rosidl_typesupport_c.so" to ""
-- Up-to-date: /root/r2ware/install/autoware_system_msgs/include/autoware_system_msgs
-- Up-to-date: /root/r2ware/install/autoware_system_msgs/include/autoware_system_msgs/msg
-- Installing: /root/r2ware/install/autoware_system_msgs/include/autoware_system_msgs/msg/autoware_state.hpp
-- Installing: /root/r2ware/install/autoware_system_msgs/include/autoware_system_msgs/msg/hazard_status_stamped.hpp
-- Up-to-date: /root/r2ware/install/autoware_system_msgs/include/autoware_system_msgs/msg/detail
-- Installing: /root/r2ware/install/autoware_system_msgs/include/autoware_system_msgs/msg/detail/autoware_state__struct.hpp
-- Installing: /root/r2ware/install/autoware_system_msgs/include/autoware_system_msgs/msg/detail/hazard_status_stamped__struct.hpp
-- Installing: /root/r2ware/install/autoware_system_msgs/include/autoware_system_msgs/msg/detail/hazard_status__traits.hpp
-- Installing: /root/r2ware/install/autoware_system_msgs/include/autoware_system_msgs/msg/detail/hazard_status__struct.hpp
-- Installing: /root/r2ware/install/autoware_system_msgs/include/autoware_system_msgs/msg/detail/hazard_status_stamped__traits.hpp
-- Installing: /root/r2ware/install/autoware_system_msgs/include/autoware_system_msgs/msg/detail/hazard_status_stamped__builder.hpp
-- Installing: /root/r2ware/install/autoware_system_msgs/include/autoware_system_msgs/msg/detail/autoware_state__builder.hpp
-- Installing: /root/r2ware/install/autoware_system_msgs/include/autoware_system_msgs/msg/detail/autoware_state__traits.hpp
-- Installing: /root/r2ware/install/autoware_system_msgs/include/autoware_system_msgs/msg/detail/hazard_status__builder.hpp
-- Installing: /root/r2ware/install/autoware_system_msgs/include/autoware_system_msgs/msg/hazard_status.hpp
-- Up-to-date: /root/r2ware/install/autoware_system_msgs/include/autoware_system_msgs
-- Up-to-date: /root/r2ware/install/autoware_system_msgs/include/autoware_system_msgs/msg
-- Up-to-date: /root/r2ware/install/autoware_system_msgs/include/autoware_system_msgs/msg/detail
-- Installing: /root/r2ware/install/autoware_system_msgs/include/autoware_system_msgs/msg/detail/hazard_status__rosidl_typesupport_introspection_cpp.hpp
-- Installing: /root/r2ware/install/autoware_system_msgs/include/autoware_system_msgs/msg/detail/hazard_status_stamped__type_support.cpp
-- Installing: /root/r2ware/install/autoware_system_msgs/include/autoware_system_msgs/msg/detail/autoware_state__type_support.cpp
-- Installing: /root/r2ware/install/autoware_system_msgs/include/autoware_system_msgs/msg/detail/hazard_status_stamped__rosidl_typesupport_introspection_cpp.hpp
-- Installing: /root/r2ware/install/autoware_system_msgs/include/autoware_system_msgs/msg/detail/autoware_state__rosidl_typesupport_introspection_cpp.hpp
-- Installing: /root/r2ware/install/autoware_system_msgs/include/autoware_system_msgs/msg/detail/hazard_status__type_support.cpp
-- Installing: /root/r2ware/install/autoware_system_msgs/lib/libautoware_system_msgs__rosidl_typesupport_introspection_cpp.so
-- Set runtime path of "/root/r2ware/install/autoware_system_msgs/lib/libautoware_system_msgs__rosidl_typesupport_introspection_cpp.so" to ""
-- Installing: /root/r2ware/install/autoware_system_msgs/lib/libautoware_system_msgs__rosidl_typesupport_cpp.so
-- Set runtime path of "/root/r2ware/install/autoware_system_msgs/lib/libautoware_system_msgs__rosidl_typesupport_cpp.so" to ""
-- Installing: /root/r2ware/install/autoware_system_msgs/share/autoware_system_msgs/environment/pythonpath.sh
-- Installing: /root/r2ware/install/autoware_system_msgs/share/autoware_system_msgs/environment/pythonpath.dsv
-- Installing: /root/r2ware/install/autoware_system_msgs/lib/python3.8/site-packages/autoware_system_msgs/__init__.py
Compiling '/root/r2ware/install/autoware_system_msgs/lib/python3.8/site-packages/autoware_system_msgs/__init__.py'...
-- Installing: /root/r2ware/install/autoware_system_msgs/lib/python3.8/site-packages/autoware_system_msgs/msg
-- Installing: /root/r2ware/install/autoware_system_msgs/lib/python3.8/site-packages/autoware_system_msgs/msg/__init__.py
-- Installing: /root/r2ware/install/autoware_system_msgs/lib/python3.8/site-packages/autoware_system_msgs/msg/_hazard_status.py
-- Installing: /root/r2ware/install/autoware_system_msgs/lib/python3.8/site-packages/autoware_system_msgs/msg/_autoware_state_s.c
-- Installing: /root/r2ware/install/autoware_system_msgs/lib/python3.8/site-packages/autoware_system_msgs/msg/_autoware_state.py
-- Installing: /root/r2ware/install/autoware_system_msgs/lib/python3.8/site-packages/autoware_system_msgs/msg/_hazard_status_stamped.py
-- Installing: /root/r2ware/install/autoware_system_msgs/lib/python3.8/site-packages/autoware_system_msgs/msg/_hazard_status_stamped_s.c
-- Installing: /root/r2ware/install/autoware_system_msgs/lib/python3.8/site-packages/autoware_system_msgs/msg/_hazard_status_s.c
-- Installing: /root/r2ware/install/autoware_system_msgs/lib/python3.8/site-packages/autoware_system_msgs/autoware_system_msgs_s__rosidl_typesupport_fastrtps_c.cpython-38-aarch64-linux-gnu.so
-- Set runtime path of "/root/r2ware/install/autoware_system_msgs/lib/python3.8/site-packages/autoware_system_msgs/autoware_system_msgs_s__rosidl_typesupport_fastrtps_c.cpython-38-aarch64-linux-gnu.so" to ""
-- Installing: /root/r2ware/install/autoware_system_msgs/lib/python3.8/site-packages/autoware_system_msgs/autoware_system_msgs_s__rosidl_typesupport_introspection_c.cpython-38-aarch64-linux-gnu.so
-- Set runtime path of "/root/r2ware/install/autoware_system_msgs/lib/python3.8/site-packages/autoware_system_msgs/autoware_system_msgs_s__rosidl_typesupport_introspection_c.cpython-38-aarch64-linux-gnu.so" to ""
-- Installing: /root/r2ware/install/autoware_system_msgs/lib/python3.8/site-packages/autoware_system_msgs/autoware_system_msgs_s__rosidl_typesupport_c.cpython-38-aarch64-linux-gnu.so
-- Set runtime path of "/root/r2ware/install/autoware_system_msgs/lib/python3.8/site-packages/autoware_system_msgs/autoware_system_msgs_s__rosidl_typesupport_c.cpython-38-aarch64-linux-gnu.so" to ""
-- Installing: /root/r2ware/install/autoware_system_msgs/lib/libautoware_system_msgs__python.so
-- Set runtime path of "/root/r2ware/install/autoware_system_msgs/lib/libautoware_system_msgs__python.so" to ""
-- Installing: /root/r2ware/install/autoware_system_msgs/share/autoware_system_msgs/msg/AutowareState.idl
-- Installing: /root/r2ware/install/autoware_system_msgs/share/autoware_system_msgs/msg/HazardStatus.idl
-- Installing: /root/r2ware/install/autoware_system_msgs/share/autoware_system_msgs/msg/HazardStatusStamped.idl
-- Installing: /root/r2ware/install/autoware_system_msgs/share/autoware_system_msgs/msg/AutowareState.msg
-- Installing: /root/r2ware/install/autoware_system_msgs/share/autoware_system_msgs/msg/HazardStatus.msg
-- Installing: /root/r2ware/install/autoware_system_msgs/share/autoware_system_msgs/msg/HazardStatusStamped.msg
-- Installing: /root/r2ware/install/autoware_system_msgs/share/ament_index/resource_index/package_run_dependencies/autoware_system_msgs
-- Installing: /root/r2ware/install/autoware_system_msgs/share/ament_index/resource_index/parent_prefix_path/autoware_system_msgs
-- Installing: /root/r2ware/install/autoware_system_msgs/share/autoware_system_msgs/environment/ament_prefix_path.sh
-- Installing: /root/r2ware/install/autoware_system_msgs/share/autoware_system_msgs/environment/ament_prefix_path.dsv
-- Installing: /root/r2ware/install/autoware_system_msgs/share/autoware_system_msgs/environment/path.sh
-- Installing: /root/r2ware/install/autoware_system_msgs/share/autoware_system_msgs/environment/path.dsv
-- Installing: /root/r2ware/install/autoware_system_msgs/share/autoware_system_msgs/local_setup.bash
-- Installing: /root/r2ware/install/autoware_system_msgs/share/autoware_system_msgs/local_setup.sh
-- Installing: /root/r2ware/install/autoware_system_msgs/share/autoware_system_msgs/local_setup.zsh
-- Installing: /root/r2ware/install/autoware_system_msgs/share/autoware_system_msgs/local_setup.dsv
-- Installing: /root/r2ware/install/autoware_system_msgs/share/autoware_system_msgs/package.dsv
-- Installing: /root/r2ware/install/autoware_system_msgs/share/ament_index/resource_index/packages/autoware_system_msgs
-- Installing: /root/r2ware/install/autoware_system_msgs/share/autoware_system_msgs/cmake/autoware_system_msgs__rosidl_generator_cExport.cmake
-- Installing: /root/r2ware/install/autoware_system_msgs/share/autoware_system_msgs/cmake/autoware_system_msgs__rosidl_generator_cExport-noconfig.cmake
-- Installing: /root/r2ware/install/autoware_system_msgs/share/autoware_system_msgs/cmake/autoware_system_msgs__rosidl_typesupport_introspection_cExport.cmake
-- Installing: /root/r2ware/install/autoware_system_msgs/share/autoware_system_msgs/cmake/autoware_system_msgs__rosidl_typesupport_introspection_cExport-noconfig.cmake
-- Installing: /root/r2ware/install/autoware_system_msgs/share/autoware_system_msgs/cmake/autoware_system_msgs__rosidl_typesupport_cExport.cmake
-- Installing: /root/r2ware/install/autoware_system_msgs/share/autoware_system_msgs/cmake/autoware_system_msgs__rosidl_typesupport_cExport-noconfig.cmake
-- Installing: /root/r2ware/install/autoware_system_msgs/share/autoware_system_msgs/cmake/autoware_system_msgs__rosidl_generator_cppExport.cmake
-- Installing: /root/r2ware/install/autoware_system_msgs/share/autoware_system_msgs/cmake/autoware_system_msgs__rosidl_typesupport_introspection_cppExport.cmake
-- Installing: /root/r2ware/install/autoware_system_msgs/share/autoware_system_msgs/cmake/autoware_system_msgs__rosidl_typesupport_introspection_cppExport-noconfig.cmake
-- Installing: /root/r2ware/install/autoware_system_msgs/share/autoware_system_msgs/cmake/autoware_system_msgs__rosidl_typesupport_cppExport.cmake
-- Installing: /root/r2ware/install/autoware_system_msgs/share/autoware_system_msgs/cmake/autoware_system_msgs__rosidl_typesupport_cppExport-noconfig.cmake
-- Installing: /root/r2ware/install/autoware_system_msgs/share/autoware_system_msgs/cmake/rosidl_cmake-extras.cmake
-- Installing: /root/r2ware/install/autoware_system_msgs/share/autoware_system_msgs/cmake/ament_cmake_export_dependencies-extras.cmake
-- Installing: /root/r2ware/install/autoware_system_msgs/share/autoware_system_msgs/cmake/ament_cmake_export_libraries-extras.cmake
-- Installing: /root/r2ware/install/autoware_system_msgs/share/autoware_system_msgs/cmake/ament_cmake_export_targets-extras.cmake
-- Installing: /root/r2ware/install/autoware_system_msgs/share/autoware_system_msgs/cmake/ament_cmake_export_include_directories-extras.cmake
-- Installing: /root/r2ware/install/autoware_system_msgs/share/autoware_system_msgs/cmake/rosidl_cmake_export_typesupport_libraries-extras.cmake
-- Installing: /root/r2ware/install/autoware_system_msgs/share/autoware_system_msgs/cmake/rosidl_cmake_export_typesupport_targets-extras.cmake
-- Installing: /root/r2ware/install/autoware_system_msgs/share/autoware_system_msgs/cmake/autoware_system_msgsConfig.cmake
-- Installing: /root/r2ware/install/autoware_system_msgs/share/autoware_system_msgs/cmake/autoware_system_msgsConfig-version.cmake
-- Installing: /root/r2ware/install/autoware_system_msgs/share/autoware_system_msgs/package.xml
