[0.061s] Invoking command in '/root/r2ware/build/autoware_system_msgs': CMAKE_PREFIX_PATH=${CMAKE_PREFIX_PATH}:/root/yahboomcar_ros2_ws/yahboomcar_ws/install/yahboomcar_voice_ctrl:/root/yahboomcar_ros2_ws/yahboomcar_ws/install/yahboomcar_visual:/root/yahboomcar_ros2_ws/yahboomcar_ws/install/yahboomcar_nav:/root/yahboomcar_ros2_ws/yahboomcar_ws/install/yahboomcar_multi:/root/yahboomcar_ros2_ws/yahboomcar_ws/install/yahboomcar_mediapipe:/root/yahboomcar_ros2_ws/yahboomcar_ws/install/yahboomcar_linefollow:/root/yahboomcar_ros2_ws/yahboomcar_ws/install/yahboomcar_laser:/root/yahboomcar_ros2_ws/yahboomcar_ws/install/yahboomcar_description_x1:/root/yahboomcar_ros2_ws/yahboomcar_ws/install/yahboomcar_description:/root/yahboomcar_ros2_ws/yahboomcar_ws/install/yahboomcar_ctrl:/root/yahboomcar_ros2_ws/yahboomcar_ws/install/yahboomcar_bringup:/root/yahboomcar_ros2_ws/yahboomcar_ws/install/yahboomcar_astra:/root/yahboomcar_ros2_ws/yahboomcar_ws/install/yahboom_app_save_map:/root/yahboomcar_ros2_ws/yahboomcar_ws/install/robot_pose_publisher:/root/yahboomcar_ros2_ws/yahboomcar_ws/install/laserscan_to_point_pulisher:/opt/ros/foxy /usr/bin/cmake /root/r2ware/src/autoware_dependencies/core/autoware_msgs/autoware_system_msgs -DCMAKE_INSTALL_PREFIX=/root/r2ware/install/autoware_system_msgs
[6.389s] -- The C compiler identification is GNU 9.4.0
[6.389s] -- The CXX compiler identification is GNU 9.4.0
[6.389s] -- Check for working C compiler: /usr/bin/cc
[6.390s] -- Check for working C compiler: /usr/bin/cc -- works
[6.390s] -- Detecting C compiler ABI info
[6.390s] -- Detecting C compiler ABI info - done
[6.390s] -- Detecting C compile features
[6.390s] -- Detecting C compile features - done
[6.390s] -- Check for working CXX compiler: /usr/bin/c++
[6.390s] -- Check for working CXX compiler: /usr/bin/c++ -- works
[6.390s] -- Detecting CXX compiler ABI info
[6.391s] -- Detecting CXX compiler ABI info - done
[6.391s] -- Detecting CXX compile features
[6.391s] -- Detecting CXX compile features - done
[6.391s] -- Found ament_cmake_auto: 0.9.11 (/opt/ros/foxy/share/ament_cmake_auto/cmake)
[6.391s] -- Found PythonInterp: /usr/bin/python3 (found suitable version "3.8.10", minimum required is "3") 
[6.391s] -- Using PYTHON_EXECUTABLE: /usr/bin/python3
[6.391s] -- Using all available rosidl_typesupport_c: rosidl_typesupport_fastrtps_c;rosidl_typesupport_introspection_c
[6.391s] -- Found rosidl_adapter: 1.3.0 (/opt/ros/foxy/share/rosidl_adapter/cmake)
[6.392s] -- Found OpenSSL: /usr/lib/aarch64-linux-gnu/libcrypto.so (found version "1.1.1f")  
[6.392s] -- Found FastRTPS: /opt/ros/foxy/include  
[6.392s] -- Using all available rosidl_typesupport_cpp: rosidl_typesupport_fastrtps_cpp;rosidl_typesupport_introspection_cpp
[6.392s] -- Found PythonInterp: /usr/bin/python3 (found version "3.8.10") 
[6.392s] -- Found ament_cmake_cppcheck: 0.9.7 (/opt/ros/foxy/share/ament_cmake_cppcheck/cmake)
[6.392s] -- Found ament_cmake_cpplint: 0.9.7 (/opt/ros/foxy/share/ament_cmake_cpplint/cmake)
[6.392s] -- Found ament_cmake_uncrustify: 0.9.7 (/opt/ros/foxy/share/ament_cmake_uncrustify/cmake)
[6.392s] -- Found ament_cmake_ros: 0.9.2 (/opt/ros/foxy/share/ament_cmake_ros/cmake)
[6.392s] -- Using all available rosidl_typesupport_c: rosidl_typesupport_fastrtps_c;rosidl_typesupport_introspection_c
[6.393s] -- Using all available rosidl_typesupport_cpp: rosidl_typesupport_fastrtps_cpp;rosidl_typesupport_introspection_cpp
[6.393s] -- Found PythonInterp: /usr/bin/python3 (found suitable version "3.8.10", minimum required is "3.5") 
[6.393s] -- Found python_cmake_module: 0.8.1 (/opt/ros/foxy/share/python_cmake_module/cmake)
[6.455s] -- Found PythonLibs: /usr/lib/aarch64-linux-gnu/libpython3.8.so (found suitable version "3.8.10", minimum required is "3.5") 
[6.456s] -- Using PYTHON_EXECUTABLE: /usr/bin/python3
[6.457s] -- Using PYTHON_INCLUDE_DIRS: /usr/include/python3.8
[6.457s] -- Using PYTHON_LIBRARIES: /usr/lib/aarch64-linux-gnu/libpython3.8.so
[6.538s] -- Found PythonExtra: .so  
[6.903s] -- Found ament_cmake_flake8: 0.9.7 (/opt/ros/foxy/share/ament_cmake_flake8/cmake)
[6.923s] -- Found ament_cmake_pep257: 0.9.7 (/opt/ros/foxy/share/ament_cmake_pep257/cmake)
[6.948s] -- Found ament_lint_auto: 0.9.7 (/opt/ros/foxy/share/ament_lint_auto/cmake)
[7.045s] -- Added test 'copyright' to check source files copyright and LICENSE
[7.047s] -- Added test 'lint_cmake' to check CMake code style
[7.050s] -- Added test 'xmllint' to check XML markup files
[7.069s] -- Configuring done
[7.254s] -- Generating done
[7.262s] -- Build files have been written to: /root/r2ware/build/autoware_system_msgs
[7.309s] Invoked command in '/root/r2ware/build/autoware_system_msgs' returned '0': CMAKE_PREFIX_PATH=${CMAKE_PREFIX_PATH}:/root/yahboomcar_ros2_ws/yahboomcar_ws/install/yahboomcar_voice_ctrl:/root/yahboomcar_ros2_ws/yahboomcar_ws/install/yahboomcar_visual:/root/yahboomcar_ros2_ws/yahboomcar_ws/install/yahboomcar_nav:/root/yahboomcar_ros2_ws/yahboomcar_ws/install/yahboomcar_multi:/root/yahboomcar_ros2_ws/yahboomcar_ws/install/yahboomcar_mediapipe:/root/yahboomcar_ros2_ws/yahboomcar_ws/install/yahboomcar_linefollow:/root/yahboomcar_ros2_ws/yahboomcar_ws/install/yahboomcar_laser:/root/yahboomcar_ros2_ws/yahboomcar_ws/install/yahboomcar_description_x1:/root/yahboomcar_ros2_ws/yahboomcar_ws/install/yahboomcar_description:/root/yahboomcar_ros2_ws/yahboomcar_ws/install/yahboomcar_ctrl:/root/yahboomcar_ros2_ws/yahboomcar_ws/install/yahboomcar_bringup:/root/yahboomcar_ros2_ws/yahboomcar_ws/install/yahboomcar_astra:/root/yahboomcar_ros2_ws/yahboomcar_ws/install/yahboom_app_save_map:/root/yahboomcar_ros2_ws/yahboomcar_ws/install/robot_pose_publisher:/root/yahboomcar_ros2_ws/yahboomcar_ws/install/laserscan_to_point_pulisher:/opt/ros/foxy /usr/bin/cmake /root/r2ware/src/autoware_dependencies/core/autoware_msgs/autoware_system_msgs -DCMAKE_INSTALL_PREFIX=/root/r2ware/install/autoware_system_msgs
[7.311s] Invoking command in '/root/r2ware/build/autoware_system_msgs': CMAKE_PREFIX_PATH=${CMAKE_PREFIX_PATH}:/root/yahboomcar_ros2_ws/yahboomcar_ws/install/yahboomcar_voice_ctrl:/root/yahboomcar_ros2_ws/yahboomcar_ws/install/yahboomcar_visual:/root/yahboomcar_ros2_ws/yahboomcar_ws/install/yahboomcar_nav:/root/yahboomcar_ros2_ws/yahboomcar_ws/install/yahboomcar_multi:/root/yahboomcar_ros2_ws/yahboomcar_ws/install/yahboomcar_mediapipe:/root/yahboomcar_ros2_ws/yahboomcar_ws/install/yahboomcar_linefollow:/root/yahboomcar_ros2_ws/yahboomcar_ws/install/yahboomcar_laser:/root/yahboomcar_ros2_ws/yahboomcar_ws/install/yahboomcar_description_x1:/root/yahboomcar_ros2_ws/yahboomcar_ws/install/yahboomcar_description:/root/yahboomcar_ros2_ws/yahboomcar_ws/install/yahboomcar_ctrl:/root/yahboomcar_ros2_ws/yahboomcar_ws/install/yahboomcar_bringup:/root/yahboomcar_ros2_ws/yahboomcar_ws/install/yahboomcar_astra:/root/yahboomcar_ros2_ws/yahboomcar_ws/install/yahboom_app_save_map:/root/yahboomcar_ros2_ws/yahboomcar_ws/install/robot_pose_publisher:/root/yahboomcar_ros2_ws/yahboomcar_ws/install/laserscan_to_point_pulisher:/opt/ros/foxy /usr/bin/cmake --build /root/r2ware/build/autoware_system_msgs -- -j8 -l8
[26.752s] [35m[1mScanning dependencies of target autoware_system_msgs__cpp[0m
[26.752s] [  2%] [34m[1mGenerating C++ code for ROS interfaces[0m
[26.752s] [  2%] Built target autoware_system_msgs__cpp
[26.752s] [  4%] [34m[1mGenerating C code for ROS interfaces[0m
[26.752s] [35m[1mScanning dependencies of target autoware_system_msgs__rosidl_generator_c[0m
[26.753s] [  6%] [32mBuilding C object CMakeFiles/autoware_system_msgs__rosidl_generator_c.dir/rosidl_generator_c/autoware_system_msgs/msg/detail/autoware_state__functions.c.o[0m
[26.753s] [  8%] [32mBuilding C object CMakeFiles/autoware_system_msgs__rosidl_generator_c.dir/rosidl_generator_c/autoware_system_msgs/msg/detail/hazard_status_stamped__functions.c.o[0m
[26.753s] [ 10%] [32mBuilding C object CMakeFiles/autoware_system_msgs__rosidl_generator_c.dir/rosidl_generator_c/autoware_system_msgs/msg/detail/hazard_status__functions.c.o[0m
[26.753s] [ 12%] [32m[1mLinking C shared library libautoware_system_msgs__rosidl_generator_c.so[0m
[26.753s] [ 12%] Built target autoware_system_msgs__rosidl_generator_c
[26.753s] [ 14%] [34m[1mGenerating C++ introspection for ROS interfaces[0m
[26.753s] [35m[1mScanning dependencies of target autoware_system_msgs__rosidl_typesupport_introspection_cpp[0m
[26.754s] [ 17%] [32mBuilding CXX object CMakeFiles/autoware_system_msgs__rosidl_typesupport_introspection_cpp.dir/rosidl_typesupport_introspection_cpp/autoware_system_msgs/msg/detail/autoware_state__type_support.cpp.o[0m
[26.754s] [ 19%] [32mBuilding CXX object CMakeFiles/autoware_system_msgs__rosidl_typesupport_introspection_cpp.dir/rosidl_typesupport_introspection_cpp/autoware_system_msgs/msg/detail/hazard_status_stamped__type_support.cpp.o[0m
[26.754s] [ 21%] [32mBuilding CXX object CMakeFiles/autoware_system_msgs__rosidl_typesupport_introspection_cpp.dir/rosidl_typesupport_introspection_cpp/autoware_system_msgs/msg/detail/hazard_status__type_support.cpp.o[0m
[26.754s] [ 23%] [32m[1mLinking CXX shared library libautoware_system_msgs__rosidl_typesupport_introspection_cpp.so[0m
[26.754s] [ 23%] Built target autoware_system_msgs__rosidl_typesupport_introspection_cpp
[26.754s] [ 25%] [34m[1mGenerating C type support dispatch for ROS interfaces[0m
[26.754s] [35m[1mScanning dependencies of target autoware_system_msgs__rosidl_typesupport_c[0m
[26.755s] [ 27%] [32mBuilding CXX object CMakeFiles/autoware_system_msgs__rosidl_typesupport_c.dir/rosidl_typesupport_c/autoware_system_msgs/msg/autoware_state__type_support.cpp.o[0m
[26.755s] [ 29%] [32mBuilding CXX object CMakeFiles/autoware_system_msgs__rosidl_typesupport_c.dir/rosidl_typesupport_c/autoware_system_msgs/msg/hazard_status_stamped__type_support.cpp.o[0m
[26.755s] [ 31%] [32mBuilding CXX object CMakeFiles/autoware_system_msgs__rosidl_typesupport_c.dir/rosidl_typesupport_c/autoware_system_msgs/msg/hazard_status__type_support.cpp.o[0m
[26.755s] [ 34%] [32m[1mLinking CXX shared library libautoware_system_msgs__rosidl_typesupport_c.so[0m
[26.755s] [ 34%] Built target autoware_system_msgs__rosidl_typesupport_c
[26.755s] [ 36%] [34m[1mGenerating C introspection for ROS interfaces[0m
[26.755s] [35m[1mScanning dependencies of target autoware_system_msgs__rosidl_typesupport_introspection_c[0m
[26.755s] [ 38%] [32mBuilding C object CMakeFiles/autoware_system_msgs__rosidl_typesupport_introspection_c.dir/rosidl_typesupport_introspection_c/autoware_system_msgs/msg/detail/autoware_state__type_support.c.o[0m
[26.756s] [ 40%] [32mBuilding C object CMakeFiles/autoware_system_msgs__rosidl_typesupport_introspection_c.dir/rosidl_typesupport_introspection_c/autoware_system_msgs/msg/detail/hazard_status_stamped__type_support.c.o[0m
[26.756s] [ 42%] [32mBuilding C object CMakeFiles/autoware_system_msgs__rosidl_typesupport_introspection_c.dir/rosidl_typesupport_introspection_c/autoware_system_msgs/msg/detail/hazard_status__type_support.c.o[0m
[26.756s] [ 44%] [32m[1mLinking C shared library libautoware_system_msgs__rosidl_typesupport_introspection_c.so[0m
[26.756s] [ 44%] Built target autoware_system_msgs__rosidl_typesupport_introspection_c
[26.756s] [ 46%] [34m[1mGenerating C++ type support for eProsima Fast-RTPS[0m
[26.756s] [35m[1mScanning dependencies of target autoware_system_msgs__rosidl_typesupport_fastrtps_cpp[0m
[26.756s] [ 48%] [32mBuilding CXX object CMakeFiles/autoware_system_msgs__rosidl_typesupport_fastrtps_cpp.dir/rosidl_typesupport_fastrtps_cpp/autoware_system_msgs/msg/detail/dds_fastrtps/autoware_state__type_support.cpp.o[0m
[26.756s] [ 51%] [32mBuilding CXX object CMakeFiles/autoware_system_msgs__rosidl_typesupport_fastrtps_cpp.dir/rosidl_typesupport_fastrtps_cpp/autoware_system_msgs/msg/detail/dds_fastrtps/hazard_status_stamped__type_support.cpp.o[0m
[26.757s] [ 53%] [32mBuilding CXX object CMakeFiles/autoware_system_msgs__rosidl_typesupport_fastrtps_cpp.dir/rosidl_typesupport_fastrtps_cpp/autoware_system_msgs/msg/detail/dds_fastrtps/hazard_status__type_support.cpp.o[0m
[26.757s] [ 55%] [32m[1mLinking CXX shared library libautoware_system_msgs__rosidl_typesupport_fastrtps_cpp.so[0m
[26.757s] [ 55%] Built target autoware_system_msgs__rosidl_typesupport_fastrtps_cpp
[26.757s] [ 57%] [34m[1mGenerating C++ type support dispatch for ROS interfaces[0m
[26.757s] [35m[1mScanning dependencies of target autoware_system_msgs__rosidl_typesupport_cpp[0m
[26.757s] [ 59%] [32mBuilding CXX object CMakeFiles/autoware_system_msgs__rosidl_typesupport_cpp.dir/rosidl_typesupport_cpp/autoware_system_msgs/msg/autoware_state__type_support.cpp.o[0m
[26.757s] [ 61%] [32mBuilding CXX object CMakeFiles/autoware_system_msgs__rosidl_typesupport_cpp.dir/rosidl_typesupport_cpp/autoware_system_msgs/msg/hazard_status_stamped__type_support.cpp.o[0m
[26.758s] [ 63%] [32mBuilding CXX object CMakeFiles/autoware_system_msgs__rosidl_typesupport_cpp.dir/rosidl_typesupport_cpp/autoware_system_msgs/msg/hazard_status__type_support.cpp.o[0m
[26.758s] [ 65%] [32m[1mLinking CXX shared library libautoware_system_msgs__rosidl_typesupport_cpp.so[0m
[26.758s] [ 65%] Built target autoware_system_msgs__rosidl_typesupport_cpp
[26.758s] [ 68%] [34m[1mGenerating C type support for eProsima Fast-RTPS[0m
[26.758s] [35m[1mScanning dependencies of target autoware_system_msgs__rosidl_typesupport_fastrtps_c[0m
[26.758s] [ 70%] [32mBuilding CXX object CMakeFiles/autoware_system_msgs__rosidl_typesupport_fastrtps_c.dir/rosidl_typesupport_fastrtps_c/autoware_system_msgs/msg/detail/autoware_state__type_support_c.cpp.o[0m
[26.900s] [ 72%] [32mBuilding CXX object CMakeFiles/autoware_system_msgs__rosidl_typesupport_fastrtps_c.dir/rosidl_typesupport_fastrtps_c/autoware_system_msgs/msg/detail/hazard_status_stamped__type_support_c.cpp.o[0m
[27.808s] [ 74%] [32mBuilding CXX object CMakeFiles/autoware_system_msgs__rosidl_typesupport_fastrtps_c.dir/rosidl_typesupport_fastrtps_c/autoware_system_msgs/msg/detail/hazard_status__type_support_c.cpp.o[0m
[28.691s] [ 76%] [32m[1mLinking CXX shared library libautoware_system_msgs__rosidl_typesupport_fastrtps_c.so[0m
[28.932s] [ 76%] Built target autoware_system_msgs__rosidl_typesupport_fastrtps_c
[28.966s] [35m[1mScanning dependencies of target autoware_system_msgs[0m
[29.006s] [ 76%] Built target autoware_system_msgs
[29.044s] [35m[1mScanning dependencies of target autoware_system_msgs__py[0m
[29.082s] [ 78%] [34m[1mGenerating Python code for ROS interfaces[0m
[30.704s] [ 78%] Built target autoware_system_msgs__py
[30.742s] [35m[1mScanning dependencies of target autoware_system_msgs__python[0m
[30.817s] [ 80%] [32mBuilding C object CMakeFiles/autoware_system_msgs__python.dir/rosidl_generator_py/autoware_system_msgs/msg/_autoware_state_s.c.o[0m
[31.050s] [ 82%] [32mBuilding C object CMakeFiles/autoware_system_msgs__python.dir/rosidl_generator_py/autoware_system_msgs/msg/_hazard_status_stamped_s.c.o[0m
[31.267s] [ 85%] [32mBuilding C object CMakeFiles/autoware_system_msgs__python.dir/rosidl_generator_py/autoware_system_msgs/msg/_hazard_status_s.c.o[0m
[31.517s] [ 87%] [32m[1mLinking C shared library rosidl_generator_py/autoware_system_msgs/libautoware_system_msgs__python.so[0m
[31.654s] [ 87%] Built target autoware_system_msgs__python
[31.694s] [35m[1mScanning dependencies of target autoware_system_msgs__rosidl_typesupport_c__pyext[0m
[31.750s] [ 89%] [32mBuilding C object CMakeFiles/autoware_system_msgs__rosidl_typesupport_c__pyext.dir/rosidl_generator_py/autoware_system_msgs/_autoware_system_msgs_s.ep.rosidl_typesupport_c.c.o[0m
[31.971s] [ 91%] [32m[1mLinking C shared library rosidl_generator_py/autoware_system_msgs/autoware_system_msgs_s__rosidl_typesupport_c.cpython-38-aarch64-linux-gnu.so[0m
[32.120s] [ 91%] Built target autoware_system_msgs__rosidl_typesupport_c__pyext
[32.160s] [35m[1mScanning dependencies of target autoware_system_msgs__rosidl_typesupport_fastrtps_c__pyext[0m
[32.226s] [ 93%] [32mBuilding C object CMakeFiles/autoware_system_msgs__rosidl_typesupport_fastrtps_c__pyext.dir/rosidl_generator_py/autoware_system_msgs/_autoware_system_msgs_s.ep.rosidl_typesupport_fastrtps_c.c.o[0m
[32.447s] [ 95%] [32m[1mLinking CXX shared library rosidl_generator_py/autoware_system_msgs/autoware_system_msgs_s__rosidl_typesupport_fastrtps_c.cpython-38-aarch64-linux-gnu.so[0m
[32.663s] [ 95%] Built target autoware_system_msgs__rosidl_typesupport_fastrtps_c__pyext
[32.693s] [35m[1mScanning dependencies of target autoware_system_msgs__rosidl_typesupport_introspection_c__pyext[0m
[32.756s] [ 97%] [32mBuilding C object CMakeFiles/autoware_system_msgs__rosidl_typesupport_introspection_c__pyext.dir/rosidl_generator_py/autoware_system_msgs/_autoware_system_msgs_s.ep.rosidl_typesupport_introspection_c.c.o[0m
[32.989s] [100%] [32m[1mLinking C shared library rosidl_generator_py/autoware_system_msgs/autoware_system_msgs_s__rosidl_typesupport_introspection_c.cpython-38-aarch64-linux-gnu.so[0m
[33.132s] [100%] Built target autoware_system_msgs__rosidl_typesupport_introspection_c__pyext
[33.200s] Invoked command in '/root/r2ware/build/autoware_system_msgs' returned '0': CMAKE_PREFIX_PATH=${CMAKE_PREFIX_PATH}:/root/yahboomcar_ros2_ws/yahboomcar_ws/install/yahboomcar_voice_ctrl:/root/yahboomcar_ros2_ws/yahboomcar_ws/install/yahboomcar_visual:/root/yahboomcar_ros2_ws/yahboomcar_ws/install/yahboomcar_nav:/root/yahboomcar_ros2_ws/yahboomcar_ws/install/yahboomcar_multi:/root/yahboomcar_ros2_ws/yahboomcar_ws/install/yahboomcar_mediapipe:/root/yahboomcar_ros2_ws/yahboomcar_ws/install/yahboomcar_linefollow:/root/yahboomcar_ros2_ws/yahboomcar_ws/install/yahboomcar_laser:/root/yahboomcar_ros2_ws/yahboomcar_ws/install/yahboomcar_description_x1:/root/yahboomcar_ros2_ws/yahboomcar_ws/install/yahboomcar_description:/root/yahboomcar_ros2_ws/yahboomcar_ws/install/yahboomcar_ctrl:/root/yahboomcar_ros2_ws/yahboomcar_ws/install/yahboomcar_bringup:/root/yahboomcar_ros2_ws/yahboomcar_ws/install/yahboomcar_astra:/root/yahboomcar_ros2_ws/yahboomcar_ws/install/yahboom_app_save_map:/root/yahboomcar_ros2_ws/yahboomcar_ws/install/robot_pose_publisher:/root/yahboomcar_ros2_ws/yahboomcar_ws/install/laserscan_to_point_pulisher:/opt/ros/foxy /usr/bin/cmake --build /root/r2ware/build/autoware_system_msgs -- -j8 -l8
[33.781s] Invoking command in '/root/r2ware/build/autoware_system_msgs': CMAKE_PREFIX_PATH=${CMAKE_PREFIX_PATH}:/root/yahboomcar_ros2_ws/yahboomcar_ws/install/yahboomcar_voice_ctrl:/root/yahboomcar_ros2_ws/yahboomcar_ws/install/yahboomcar_visual:/root/yahboomcar_ros2_ws/yahboomcar_ws/install/yahboomcar_nav:/root/yahboomcar_ros2_ws/yahboomcar_ws/install/yahboomcar_multi:/root/yahboomcar_ros2_ws/yahboomcar_ws/install/yahboomcar_mediapipe:/root/yahboomcar_ros2_ws/yahboomcar_ws/install/yahboomcar_linefollow:/root/yahboomcar_ros2_ws/yahboomcar_ws/install/yahboomcar_laser:/root/yahboomcar_ros2_ws/yahboomcar_ws/install/yahboomcar_description_x1:/root/yahboomcar_ros2_ws/yahboomcar_ws/install/yahboomcar_description:/root/yahboomcar_ros2_ws/yahboomcar_ws/install/yahboomcar_ctrl:/root/yahboomcar_ros2_ws/yahboomcar_ws/install/yahboomcar_bringup:/root/yahboomcar_ros2_ws/yahboomcar_ws/install/yahboomcar_astra:/root/yahboomcar_ros2_ws/yahboomcar_ws/install/yahboom_app_save_map:/root/yahboomcar_ros2_ws/yahboomcar_ws/install/robot_pose_publisher:/root/yahboomcar_ros2_ws/yahboomcar_ws/install/laserscan_to_point_pulisher:/opt/ros/foxy /usr/bin/cmake --install /root/r2ware/build/autoware_system_msgs
[33.818s] -- Install configuration: ""
[33.819s] -- Installing: /root/r2ware/install/autoware_system_msgs/share/ament_index/resource_index/rosidl_interfaces/autoware_system_msgs
[33.819s] -- Installing: /root/r2ware/install/autoware_system_msgs/include/autoware_system_msgs
[33.820s] -- Installing: /root/r2ware/install/autoware_system_msgs/include/autoware_system_msgs/msg
[33.820s] -- Installing: /root/r2ware/install/autoware_system_msgs/include/autoware_system_msgs/msg/hazard_status.h
[33.820s] -- Installing: /root/r2ware/install/autoware_system_msgs/include/autoware_system_msgs/msg/hazard_status_stamped.h
[33.820s] -- Installing: /root/r2ware/install/autoware_system_msgs/include/autoware_system_msgs/msg/rosidl_generator_c__visibility_control.h
[33.820s] -- Installing: /root/r2ware/install/autoware_system_msgs/include/autoware_system_msgs/msg/autoware_state.h
[33.820s] -- Installing: /root/r2ware/install/autoware_system_msgs/include/autoware_system_msgs/msg/detail
[33.820s] -- Installing: /root/r2ware/install/autoware_system_msgs/include/autoware_system_msgs/msg/detail/autoware_state__struct.h
[33.821s] -- Installing: /root/r2ware/install/autoware_system_msgs/include/autoware_system_msgs/msg/detail/autoware_state__functions.c
[33.821s] -- Installing: /root/r2ware/install/autoware_system_msgs/include/autoware_system_msgs/msg/detail/hazard_status_stamped__struct.h
[33.821s] -- Installing: /root/r2ware/install/autoware_system_msgs/include/autoware_system_msgs/msg/detail/hazard_status_stamped__functions.h
[33.821s] -- Installing: /root/r2ware/install/autoware_system_msgs/include/autoware_system_msgs/msg/detail/autoware_state__functions.h
[33.821s] -- Installing: /root/r2ware/install/autoware_system_msgs/include/autoware_system_msgs/msg/detail/hazard_status_stamped__type_support.h
[33.821s] -- Installing: /root/r2ware/install/autoware_system_msgs/include/autoware_system_msgs/msg/detail/hazard_status_stamped__functions.c
[33.822s] -- Installing: /root/r2ware/install/autoware_system_msgs/include/autoware_system_msgs/msg/detail/hazard_status__functions.c
[33.822s] -- Installing: /root/r2ware/install/autoware_system_msgs/include/autoware_system_msgs/msg/detail/hazard_status__type_support.h
[33.822s] -- Installing: /root/r2ware/install/autoware_system_msgs/include/autoware_system_msgs/msg/detail/hazard_status__struct.h
[33.822s] -- Installing: /root/r2ware/install/autoware_system_msgs/include/autoware_system_msgs/msg/detail/hazard_status__functions.h
[33.823s] -- Installing: /root/r2ware/install/autoware_system_msgs/include/autoware_system_msgs/msg/detail/autoware_state__type_support.h
[33.823s] -- Installing: /root/r2ware/install/autoware_system_msgs/share/autoware_system_msgs/environment/library_path.sh
[33.824s] -- Installing: /root/r2ware/install/autoware_system_msgs/share/autoware_system_msgs/environment/library_path.dsv
[33.824s] -- Installing: /root/r2ware/install/autoware_system_msgs/lib/libautoware_system_msgs__rosidl_generator_c.so
[33.825s] -- Set runtime path of "/root/r2ware/install/autoware_system_msgs/lib/libautoware_system_msgs__rosidl_generator_c.so" to ""
[33.825s] -- Up-to-date: /root/r2ware/install/autoware_system_msgs/include/autoware_system_msgs
[33.825s] -- Up-to-date: /root/r2ware/install/autoware_system_msgs/include/autoware_system_msgs/msg
[33.826s] -- Installing: /root/r2ware/install/autoware_system_msgs/include/autoware_system_msgs/msg/rosidl_typesupport_fastrtps_c__visibility_control.h
[33.826s] -- Up-to-date: /root/r2ware/install/autoware_system_msgs/include/autoware_system_msgs/msg/detail
[33.826s] -- Installing: /root/r2ware/install/autoware_system_msgs/include/autoware_system_msgs/msg/detail/hazard_status_stamped__rosidl_typesupport_fastrtps_c.h
[33.826s] -- Installing: /root/r2ware/install/autoware_system_msgs/include/autoware_system_msgs/msg/detail/autoware_state__rosidl_typesupport_fastrtps_c.h
[33.826s] -- Installing: /root/r2ware/install/autoware_system_msgs/include/autoware_system_msgs/msg/detail/hazard_status__rosidl_typesupport_fastrtps_c.h
[33.827s] -- Installing: /root/r2ware/install/autoware_system_msgs/lib/libautoware_system_msgs__rosidl_typesupport_fastrtps_c.so
[33.828s] -- Set runtime path of "/root/r2ware/install/autoware_system_msgs/lib/libautoware_system_msgs__rosidl_typesupport_fastrtps_c.so" to ""
[33.828s] -- Up-to-date: /root/r2ware/install/autoware_system_msgs/include/autoware_system_msgs
[33.828s] -- Up-to-date: /root/r2ware/install/autoware_system_msgs/include/autoware_system_msgs/msg
[33.828s] -- Installing: /root/r2ware/install/autoware_system_msgs/include/autoware_system_msgs/msg/rosidl_typesupport_fastrtps_cpp__visibility_control.h
[33.828s] -- Up-to-date: /root/r2ware/install/autoware_system_msgs/include/autoware_system_msgs/msg/detail
[33.828s] -- Installing: /root/r2ware/install/autoware_system_msgs/include/autoware_system_msgs/msg/detail/hazard_status__rosidl_typesupport_fastrtps_cpp.hpp
[33.829s] -- Installing: /root/r2ware/install/autoware_system_msgs/include/autoware_system_msgs/msg/detail/hazard_status_stamped__rosidl_typesupport_fastrtps_cpp.hpp
[33.829s] -- Installing: /root/r2ware/install/autoware_system_msgs/include/autoware_system_msgs/msg/detail/autoware_state__rosidl_typesupport_fastrtps_cpp.hpp
[33.829s] -- Installing: /root/r2ware/install/autoware_system_msgs/include/autoware_system_msgs/msg/detail/dds_fastrtps
[33.829s] -- Installing: /root/r2ware/install/autoware_system_msgs/lib/libautoware_system_msgs__rosidl_typesupport_fastrtps_cpp.so
[33.830s] -- Set runtime path of "/root/r2ware/install/autoware_system_msgs/lib/libautoware_system_msgs__rosidl_typesupport_fastrtps_cpp.so" to ""
[33.831s] -- Up-to-date: /root/r2ware/install/autoware_system_msgs/include/autoware_system_msgs
[33.831s] -- Up-to-date: /root/r2ware/install/autoware_system_msgs/include/autoware_system_msgs/msg
[33.831s] -- Installing: /root/r2ware/install/autoware_system_msgs/include/autoware_system_msgs/msg/rosidl_typesupport_introspection_c__visibility_control.h
[33.831s] -- Up-to-date: /root/r2ware/install/autoware_system_msgs/include/autoware_system_msgs/msg/detail
[33.831s] -- Installing: /root/r2ware/install/autoware_system_msgs/include/autoware_system_msgs/msg/detail/hazard_status_stamped__rosidl_typesupport_introspection_c.h
[33.832s] -- Installing: /root/r2ware/install/autoware_system_msgs/include/autoware_system_msgs/msg/detail/autoware_state__type_support.c
[33.832s] -- Installing: /root/r2ware/install/autoware_system_msgs/include/autoware_system_msgs/msg/detail/autoware_state__rosidl_typesupport_introspection_c.h
[33.832s] -- Installing: /root/r2ware/install/autoware_system_msgs/include/autoware_system_msgs/msg/detail/hazard_status__type_support.c
[33.832s] -- Installing: /root/r2ware/install/autoware_system_msgs/include/autoware_system_msgs/msg/detail/hazard_status_stamped__type_support.c
[33.832s] -- Installing: /root/r2ware/install/autoware_system_msgs/include/autoware_system_msgs/msg/detail/hazard_status__rosidl_typesupport_introspection_c.h
[33.833s] -- Installing: /root/r2ware/install/autoware_system_msgs/lib/libautoware_system_msgs__rosidl_typesupport_introspection_c.so
[33.834s] -- Set runtime path of "/root/r2ware/install/autoware_system_msgs/lib/libautoware_system_msgs__rosidl_typesupport_introspection_c.so" to ""
[33.834s] -- Installing: /root/r2ware/install/autoware_system_msgs/lib/libautoware_system_msgs__rosidl_typesupport_c.so
[33.835s] -- Set runtime path of "/root/r2ware/install/autoware_system_msgs/lib/libautoware_system_msgs__rosidl_typesupport_c.so" to ""
[33.835s] -- Up-to-date: /root/r2ware/install/autoware_system_msgs/include/autoware_system_msgs
[33.835s] -- Up-to-date: /root/r2ware/install/autoware_system_msgs/include/autoware_system_msgs/msg
[33.835s] -- Installing: /root/r2ware/install/autoware_system_msgs/include/autoware_system_msgs/msg/autoware_state.hpp
[33.835s] -- Installing: /root/r2ware/install/autoware_system_msgs/include/autoware_system_msgs/msg/hazard_status_stamped.hpp
[33.835s] -- Up-to-date: /root/r2ware/install/autoware_system_msgs/include/autoware_system_msgs/msg/detail
[33.836s] -- Installing: /root/r2ware/install/autoware_system_msgs/include/autoware_system_msgs/msg/detail/autoware_state__struct.hpp
[33.839s] -- Installing: /root/r2ware/install/autoware_system_msgs/include/autoware_system_msgs/msg/detail/hazard_status_stamped__struct.hpp
[33.840s] -- Installing: /root/r2ware/install/autoware_system_msgs/include/autoware_system_msgs/msg/detail/hazard_status__traits.hpp
[33.840s] -- Installing: /root/r2ware/install/autoware_system_msgs/include/autoware_system_msgs/msg/detail/hazard_status__struct.hpp
[33.840s] -- Installing: /root/r2ware/install/autoware_system_msgs/include/autoware_system_msgs/msg/detail/hazard_status_stamped__traits.hpp
[33.840s] -- Installing: /root/r2ware/install/autoware_system_msgs/include/autoware_system_msgs/msg/detail/hazard_status_stamped__builder.hpp
[33.840s] -- Installing: /root/r2ware/install/autoware_system_msgs/include/autoware_system_msgs/msg/detail/autoware_state__builder.hpp
[33.841s] -- Installing: /root/r2ware/install/autoware_system_msgs/include/autoware_system_msgs/msg/detail/autoware_state__traits.hpp
[33.841s] -- Installing: /root/r2ware/install/autoware_system_msgs/include/autoware_system_msgs/msg/detail/hazard_status__builder.hpp
[33.841s] -- Installing: /root/r2ware/install/autoware_system_msgs/include/autoware_system_msgs/msg/hazard_status.hpp
[33.841s] -- Up-to-date: /root/r2ware/install/autoware_system_msgs/include/autoware_system_msgs
[33.841s] -- Up-to-date: /root/r2ware/install/autoware_system_msgs/include/autoware_system_msgs/msg
[33.841s] -- Up-to-date: /root/r2ware/install/autoware_system_msgs/include/autoware_system_msgs/msg/detail
[33.841s] -- Installing: /root/r2ware/install/autoware_system_msgs/include/autoware_system_msgs/msg/detail/hazard_status__rosidl_typesupport_introspection_cpp.hpp
[33.842s] -- Installing: /root/r2ware/install/autoware_system_msgs/include/autoware_system_msgs/msg/detail/hazard_status_stamped__type_support.cpp
[33.842s] -- Installing: /root/r2ware/install/autoware_system_msgs/include/autoware_system_msgs/msg/detail/autoware_state__type_support.cpp
[33.842s] -- Installing: /root/r2ware/install/autoware_system_msgs/include/autoware_system_msgs/msg/detail/hazard_status_stamped__rosidl_typesupport_introspection_cpp.hpp
[33.842s] -- Installing: /root/r2ware/install/autoware_system_msgs/include/autoware_system_msgs/msg/detail/autoware_state__rosidl_typesupport_introspection_cpp.hpp
[33.842s] -- Installing: /root/r2ware/install/autoware_system_msgs/include/autoware_system_msgs/msg/detail/hazard_status__type_support.cpp
[33.842s] -- Installing: /root/r2ware/install/autoware_system_msgs/lib/libautoware_system_msgs__rosidl_typesupport_introspection_cpp.so
[33.842s] -- Set runtime path of "/root/r2ware/install/autoware_system_msgs/lib/libautoware_system_msgs__rosidl_typesupport_introspection_cpp.so" to ""
[33.843s] -- Installing: /root/r2ware/install/autoware_system_msgs/lib/libautoware_system_msgs__rosidl_typesupport_cpp.so
[33.843s] -- Set runtime path of "/root/r2ware/install/autoware_system_msgs/lib/libautoware_system_msgs__rosidl_typesupport_cpp.so" to ""
[33.843s] -- Installing: /root/r2ware/install/autoware_system_msgs/share/autoware_system_msgs/environment/pythonpath.sh
[33.843s] -- Installing: /root/r2ware/install/autoware_system_msgs/share/autoware_system_msgs/environment/pythonpath.dsv
[33.844s] -- Installing: /root/r2ware/install/autoware_system_msgs/lib/python3.8/site-packages/autoware_system_msgs/__init__.py
[33.955s] Compiling '/root/r2ware/install/autoware_system_msgs/lib/python3.8/site-packages/autoware_system_msgs/__init__.py'...
[33.970s] -- Installing: /root/r2ware/install/autoware_system_msgs/lib/python3.8/site-packages/autoware_system_msgs/msg
[33.970s] -- Installing: /root/r2ware/install/autoware_system_msgs/lib/python3.8/site-packages/autoware_system_msgs/msg/__init__.py
[33.970s] -- Installing: /root/r2ware/install/autoware_system_msgs/lib/python3.8/site-packages/autoware_system_msgs/msg/_hazard_status.py
[33.971s] -- Installing: /root/r2ware/install/autoware_system_msgs/lib/python3.8/site-packages/autoware_system_msgs/msg/_autoware_state_s.c
[33.971s] -- Installing: /root/r2ware/install/autoware_system_msgs/lib/python3.8/site-packages/autoware_system_msgs/msg/_autoware_state.py
[33.971s] -- Installing: /root/r2ware/install/autoware_system_msgs/lib/python3.8/site-packages/autoware_system_msgs/msg/_hazard_status_stamped.py
[33.971s] -- Installing: /root/r2ware/install/autoware_system_msgs/lib/python3.8/site-packages/autoware_system_msgs/msg/_hazard_status_stamped_s.c
[33.971s] -- Installing: /root/r2ware/install/autoware_system_msgs/lib/python3.8/site-packages/autoware_system_msgs/msg/_hazard_status_s.c
[33.972s] -- Installing: /root/r2ware/install/autoware_system_msgs/lib/python3.8/site-packages/autoware_system_msgs/autoware_system_msgs_s__rosidl_typesupport_fastrtps_c.cpython-38-aarch64-linux-gnu.so
[33.973s] -- Set runtime path of "/root/r2ware/install/autoware_system_msgs/lib/python3.8/site-packages/autoware_system_msgs/autoware_system_msgs_s__rosidl_typesupport_fastrtps_c.cpython-38-aarch64-linux-gnu.so" to ""
[33.974s] -- Installing: /root/r2ware/install/autoware_system_msgs/lib/python3.8/site-packages/autoware_system_msgs/autoware_system_msgs_s__rosidl_typesupport_introspection_c.cpython-38-aarch64-linux-gnu.so
[33.975s] -- Set runtime path of "/root/r2ware/install/autoware_system_msgs/lib/python3.8/site-packages/autoware_system_msgs/autoware_system_msgs_s__rosidl_typesupport_introspection_c.cpython-38-aarch64-linux-gnu.so" to ""
[33.975s] -- Installing: /root/r2ware/install/autoware_system_msgs/lib/python3.8/site-packages/autoware_system_msgs/autoware_system_msgs_s__rosidl_typesupport_c.cpython-38-aarch64-linux-gnu.so
[33.976s] -- Set runtime path of "/root/r2ware/install/autoware_system_msgs/lib/python3.8/site-packages/autoware_system_msgs/autoware_system_msgs_s__rosidl_typesupport_c.cpython-38-aarch64-linux-gnu.so" to ""
[33.977s] -- Installing: /root/r2ware/install/autoware_system_msgs/lib/libautoware_system_msgs__python.so
[33.977s] -- Set runtime path of "/root/r2ware/install/autoware_system_msgs/lib/libautoware_system_msgs__python.so" to ""
[33.978s] -- Installing: /root/r2ware/install/autoware_system_msgs/share/autoware_system_msgs/msg/AutowareState.idl
[33.978s] -- Installing: /root/r2ware/install/autoware_system_msgs/share/autoware_system_msgs/msg/HazardStatus.idl
[33.978s] -- Installing: /root/r2ware/install/autoware_system_msgs/share/autoware_system_msgs/msg/HazardStatusStamped.idl
[33.979s] -- Installing: /root/r2ware/install/autoware_system_msgs/share/autoware_system_msgs/msg/AutowareState.msg
[33.979s] -- Installing: /root/r2ware/install/autoware_system_msgs/share/autoware_system_msgs/msg/HazardStatus.msg
[33.979s] -- Installing: /root/r2ware/install/autoware_system_msgs/share/autoware_system_msgs/msg/HazardStatusStamped.msg
[33.980s] -- Installing: /root/r2ware/install/autoware_system_msgs/share/ament_index/resource_index/package_run_dependencies/autoware_system_msgs
[33.980s] -- Installing: /root/r2ware/install/autoware_system_msgs/share/ament_index/resource_index/parent_prefix_path/autoware_system_msgs
[33.981s] -- Installing: /root/r2ware/install/autoware_system_msgs/share/autoware_system_msgs/environment/ament_prefix_path.sh
[33.981s] -- Installing: /root/r2ware/install/autoware_system_msgs/share/autoware_system_msgs/environment/ament_prefix_path.dsv
[33.981s] -- Installing: /root/r2ware/install/autoware_system_msgs/share/autoware_system_msgs/environment/path.sh
[33.982s] -- Installing: /root/r2ware/install/autoware_system_msgs/share/autoware_system_msgs/environment/path.dsv
[33.982s] -- Installing: /root/r2ware/install/autoware_system_msgs/share/autoware_system_msgs/local_setup.bash
[33.982s] -- Installing: /root/r2ware/install/autoware_system_msgs/share/autoware_system_msgs/local_setup.sh
[33.983s] -- Installing: /root/r2ware/install/autoware_system_msgs/share/autoware_system_msgs/local_setup.zsh
[33.983s] -- Installing: /root/r2ware/install/autoware_system_msgs/share/autoware_system_msgs/local_setup.dsv
[33.983s] -- Installing: /root/r2ware/install/autoware_system_msgs/share/autoware_system_msgs/package.dsv
[33.984s] -- Installing: /root/r2ware/install/autoware_system_msgs/share/ament_index/resource_index/packages/autoware_system_msgs
[33.984s] -- Installing: /root/r2ware/install/autoware_system_msgs/share/autoware_system_msgs/cmake/autoware_system_msgs__rosidl_generator_cExport.cmake
[33.985s] -- Installing: /root/r2ware/install/autoware_system_msgs/share/autoware_system_msgs/cmake/autoware_system_msgs__rosidl_generator_cExport-noconfig.cmake
[33.985s] -- Installing: /root/r2ware/install/autoware_system_msgs/share/autoware_system_msgs/cmake/autoware_system_msgs__rosidl_typesupport_introspection_cExport.cmake
[33.985s] -- Installing: /root/r2ware/install/autoware_system_msgs/share/autoware_system_msgs/cmake/autoware_system_msgs__rosidl_typesupport_introspection_cExport-noconfig.cmake
[33.986s] -- Installing: /root/r2ware/install/autoware_system_msgs/share/autoware_system_msgs/cmake/autoware_system_msgs__rosidl_typesupport_cExport.cmake
[33.986s] -- Installing: /root/r2ware/install/autoware_system_msgs/share/autoware_system_msgs/cmake/autoware_system_msgs__rosidl_typesupport_cExport-noconfig.cmake
[33.987s] -- Installing: /root/r2ware/install/autoware_system_msgs/share/autoware_system_msgs/cmake/autoware_system_msgs__rosidl_generator_cppExport.cmake
[33.987s] -- Installing: /root/r2ware/install/autoware_system_msgs/share/autoware_system_msgs/cmake/autoware_system_msgs__rosidl_typesupport_introspection_cppExport.cmake
[33.988s] -- Installing: /root/r2ware/install/autoware_system_msgs/share/autoware_system_msgs/cmake/autoware_system_msgs__rosidl_typesupport_introspection_cppExport-noconfig.cmake
[33.988s] -- Installing: /root/r2ware/install/autoware_system_msgs/share/autoware_system_msgs/cmake/autoware_system_msgs__rosidl_typesupport_cppExport.cmake
[33.988s] -- Installing: /root/r2ware/install/autoware_system_msgs/share/autoware_system_msgs/cmake/autoware_system_msgs__rosidl_typesupport_cppExport-noconfig.cmake
[33.989s] -- Installing: /root/r2ware/install/autoware_system_msgs/share/autoware_system_msgs/cmake/rosidl_cmake-extras.cmake
[33.990s] -- Installing: /root/r2ware/install/autoware_system_msgs/share/autoware_system_msgs/cmake/ament_cmake_export_dependencies-extras.cmake
[33.990s] -- Installing: /root/r2ware/install/autoware_system_msgs/share/autoware_system_msgs/cmake/ament_cmake_export_libraries-extras.cmake
[33.990s] -- Installing: /root/r2ware/install/autoware_system_msgs/share/autoware_system_msgs/cmake/ament_cmake_export_targets-extras.cmake
[33.990s] -- Installing: /root/r2ware/install/autoware_system_msgs/share/autoware_system_msgs/cmake/ament_cmake_export_include_directories-extras.cmake
[33.991s] -- Installing: /root/r2ware/install/autoware_system_msgs/share/autoware_system_msgs/cmake/rosidl_cmake_export_typesupport_libraries-extras.cmake
[33.991s] -- Installing: /root/r2ware/install/autoware_system_msgs/share/autoware_system_msgs/cmake/rosidl_cmake_export_typesupport_targets-extras.cmake
[33.992s] -- Installing: /root/r2ware/install/autoware_system_msgs/share/autoware_system_msgs/cmake/autoware_system_msgsConfig.cmake
[33.992s] -- Installing: /root/r2ware/install/autoware_system_msgs/share/autoware_system_msgs/cmake/autoware_system_msgsConfig-version.cmake
[33.992s] -- Installing: /root/r2ware/install/autoware_system_msgs/share/autoware_system_msgs/package.xml
[34.611s] Invoked command in '/root/r2ware/build/autoware_system_msgs' returned '0': CMAKE_PREFIX_PATH=${CMAKE_PREFIX_PATH}:/root/yahboomcar_ros2_ws/yahboomcar_ws/install/yahboomcar_voice_ctrl:/root/yahboomcar_ros2_ws/yahboomcar_ws/install/yahboomcar_visual:/root/yahboomcar_ros2_ws/yahboomcar_ws/install/yahboomcar_nav:/root/yahboomcar_ros2_ws/yahboomcar_ws/install/yahboomcar_multi:/root/yahboomcar_ros2_ws/yahboomcar_ws/install/yahboomcar_mediapipe:/root/yahboomcar_ros2_ws/yahboomcar_ws/install/yahboomcar_linefollow:/root/yahboomcar_ros2_ws/yahboomcar_ws/install/yahboomcar_laser:/root/yahboomcar_ros2_ws/yahboomcar_ws/install/yahboomcar_description_x1:/root/yahboomcar_ros2_ws/yahboomcar_ws/install/yahboomcar_description:/root/yahboomcar_ros2_ws/yahboomcar_ws/install/yahboomcar_ctrl:/root/yahboomcar_ros2_ws/yahboomcar_ws/install/yahboomcar_bringup:/root/yahboomcar_ros2_ws/yahboomcar_ws/install/yahboomcar_astra:/root/yahboomcar_ros2_ws/yahboomcar_ws/install/yahboom_app_save_map:/root/yahboomcar_ros2_ws/yahboomcar_ws/install/robot_pose_publisher:/root/yahboomcar_ros2_ws/yahboomcar_ws/install/laserscan_to_point_pulisher:/opt/ros/foxy /usr/bin/cmake --install /root/r2ware/build/autoware_system_msgs
