-- The C compiler identification is GNU 9.4.0
-- The CXX compiler identification is GNU 9.4.0
-- Check for working C compiler: /usr/bin/cc
-- Check for working C compiler: /usr/bin/cc -- works
-- Detecting C compiler ABI info
-- Detecting C compiler ABI info - done
-- Detecting C compile features
-- Detecting C compile features - done
-- Check for working CXX compiler: /usr/bin/c++
-- Check for working CXX compiler: /usr/bin/c++ -- works
-- Detecting CXX compiler ABI info
-- Detecting CXX compiler ABI info - done
-- Detecting CXX compile features
-- Detecting CXX compile features - done
-- Found ament_cmake_auto: 0.9.11 (/opt/ros/foxy/share/ament_cmake_auto/cmake)
-- Found PythonInterp: /usr/bin/python3 (found suitable version "3.8.10", minimum required is "3") 
-- Using PYTHON_EXECUTABLE: /usr/bin/python3
-- Using all available rosidl_typesupport_c: rosidl_typesupport_fastrtps_c;rosidl_typesupport_introspection_c
-- Found rosidl_adapter: 1.3.0 (/opt/ros/foxy/share/rosidl_adapter/cmake)
-- Found OpenSSL: /usr/lib/aarch64-linux-gnu/libcrypto.so (found version "1.1.1f")  
-- Found FastRTPS: /opt/ros/foxy/include  
-- Using all available rosidl_typesupport_cpp: rosidl_typesupport_fastrtps_cpp;rosidl_typesupport_introspection_cpp
-- Found ament_cmake_cppcheck: 0.9.7 (/opt/ros/foxy/share/ament_cmake_cppcheck/cmake)
-- Found ament_cmake_cpplint: 0.9.7 (/opt/ros/foxy/share/ament_cmake_cpplint/cmake)
-- Found ament_cmake_uncrustify: 0.9.7 (/opt/ros/foxy/share/ament_cmake_uncrustify/cmake)
-- Found ament_cmake_ros: 0.9.2 (/opt/ros/foxy/share/ament_cmake_ros/cmake)
-- Using all available rosidl_typesupport_c: rosidl_typesupport_fastrtps_c;rosidl_typesupport_introspection_c
-- Using all available rosidl_typesupport_cpp: rosidl_typesupport_fastrtps_cpp;rosidl_typesupport_introspection_cpp
-- Found PythonInterp: /usr/bin/python3 (found suitable version "3.8.10", minimum required is "3.5") 
-- Found python_cmake_module: 0.8.1 (/opt/ros/foxy/share/python_cmake_module/cmake)
-- Found PythonLibs: /usr/lib/aarch64-linux-gnu/libpython3.8.so (found suitable version "3.8.10", minimum required is "3.5") 
-- Using PYTHON_EXECUTABLE: /usr/bin/python3
-- Using PYTHON_INCLUDE_DIRS: /usr/include/python3.8
-- Using PYTHON_LIBRARIES: /usr/lib/aarch64-linux-gnu/libpython3.8.so
-- Found PythonExtra: .so  
-- Found ament_cmake_flake8: 0.9.7 (/opt/ros/foxy/share/ament_cmake_flake8/cmake)
-- Found ament_cmake_pep257: 0.9.7 (/opt/ros/foxy/share/ament_cmake_pep257/cmake)
-- Found ament_lint_auto: 0.9.7 (/opt/ros/foxy/share/ament_lint_auto/cmake)
-- Added test 'copyright' to check source files copyright and LICENSE
-- Added test 'lint_cmake' to check CMake code style
-- Added test 'xmllint' to check XML markup files
-- Configuring done
-- Generating done
-- Build files have been written to: /root/r2ware/build/autoware_auto_perception_msgs
[35m[1mScanning dependencies of target autoware_auto_perception_msgs__cpp[0m
[  0%] [34m[1mGenerating C++ code for ROS interfaces[0m
[  0%] Built target autoware_auto_perception_msgs__cpp
[  0%] [34m[1mGenerating C code for ROS interfaces[0m
[35m[1mScanning dependencies of target autoware_auto_perception_msgs__rosidl_generator_c[0m
[  1%] [32mBuilding C object CMakeFiles/autoware_auto_perception_msgs__rosidl_generator_c.dir/rosidl_generator_c/autoware_auto_perception_msgs/msg/detail/bounding_box__functions.c.o[0m
[  2%] [32mBuilding C object CMakeFiles/autoware_auto_perception_msgs__rosidl_generator_c.dir/rosidl_generator_c/autoware_auto_perception_msgs/msg/detail/detected_object__functions.c.o[0m
[  2%] [32mBuilding C object CMakeFiles/autoware_auto_perception_msgs__rosidl_generator_c.dir/rosidl_generator_c/autoware_auto_perception_msgs/msg/detail/detected_object_kinematics__functions.c.o[0m
[  3%] [32mBuilding C object CMakeFiles/autoware_auto_perception_msgs__rosidl_generator_c.dir/rosidl_generator_c/autoware_auto_perception_msgs/msg/detail/detected_objects__functions.c.o[0m
[  3%] [32mBuilding C object CMakeFiles/autoware_auto_perception_msgs__rosidl_generator_c.dir/rosidl_generator_c/autoware_auto_perception_msgs/msg/detail/looking_traffic_signal__functions.c.o[0m
[  3%] [32mBuilding C object CMakeFiles/autoware_auto_perception_msgs__rosidl_generator_c.dir/rosidl_generator_c/autoware_auto_perception_msgs/msg/detail/object_classification__functions.c.o[0m
[  4%] [32mBuilding C object CMakeFiles/autoware_auto_perception_msgs__rosidl_generator_c.dir/rosidl_generator_c/autoware_auto_perception_msgs/msg/detail/point_clusters__functions.c.o[0m
[  4%] [32mBuilding C object CMakeFiles/autoware_auto_perception_msgs__rosidl_generator_c.dir/rosidl_generator_c/autoware_auto_perception_msgs/msg/detail/point_xyzif__functions.c.o[0m
[  5%] [32mBuilding C object CMakeFiles/autoware_auto_perception_msgs__rosidl_generator_c.dir/rosidl_generator_c/autoware_auto_perception_msgs/msg/detail/predicted_object__functions.c.o[0m
[  5%] [32mBuilding C object CMakeFiles/autoware_auto_perception_msgs__rosidl_generator_c.dir/rosidl_generator_c/autoware_auto_perception_msgs/msg/detail/predicted_object_kinematics__functions.c.o[0m
[  6%] [32mBuilding C object CMakeFiles/autoware_auto_perception_msgs__rosidl_generator_c.dir/rosidl_generator_c/autoware_auto_perception_msgs/msg/detail/predicted_objects__functions.c.o[0m
[  6%] [32mBuilding C object CMakeFiles/autoware_auto_perception_msgs__rosidl_generator_c.dir/rosidl_generator_c/autoware_auto_perception_msgs/msg/detail/predicted_path__functions.c.o[0m
[  6%] [32mBuilding C object CMakeFiles/autoware_auto_perception_msgs__rosidl_generator_c.dir/rosidl_generator_c/autoware_auto_perception_msgs/msg/detail/shape__functions.c.o[0m
[  7%] [32mBuilding C object CMakeFiles/autoware_auto_perception_msgs__rosidl_generator_c.dir/rosidl_generator_c/autoware_auto_perception_msgs/msg/detail/tracked_object__functions.c.o[0m
[  7%] [32mBuilding C object CMakeFiles/autoware_auto_perception_msgs__rosidl_generator_c.dir/rosidl_generator_c/autoware_auto_perception_msgs/msg/detail/tracked_object_kinematics__functions.c.o[0m
[  8%] [32mBuilding C object CMakeFiles/autoware_auto_perception_msgs__rosidl_generator_c.dir/rosidl_generator_c/autoware_auto_perception_msgs/msg/detail/tracked_objects__functions.c.o[0m
[  8%] [32mBuilding C object CMakeFiles/autoware_auto_perception_msgs__rosidl_generator_c.dir/rosidl_generator_c/autoware_auto_perception_msgs/msg/detail/traffic_light__functions.c.o[0m
[  9%] [32mBuilding C object CMakeFiles/autoware_auto_perception_msgs__rosidl_generator_c.dir/rosidl_generator_c/autoware_auto_perception_msgs/msg/detail/traffic_light_roi__functions.c.o[0m
[  9%] [32mBuilding C object CMakeFiles/autoware_auto_perception_msgs__rosidl_generator_c.dir/rosidl_generator_c/autoware_auto_perception_msgs/msg/detail/traffic_light_roi_array__functions.c.o[0m
[  9%] [32mBuilding C object CMakeFiles/autoware_auto_perception_msgs__rosidl_generator_c.dir/rosidl_generator_c/autoware_auto_perception_msgs/msg/detail/traffic_signal__functions.c.o[0m
[ 10%] [32mBuilding C object CMakeFiles/autoware_auto_perception_msgs__rosidl_generator_c.dir/rosidl_generator_c/autoware_auto_perception_msgs/msg/detail/traffic_signal_array__functions.c.o[0m
[ 10%] [32mBuilding C object CMakeFiles/autoware_auto_perception_msgs__rosidl_generator_c.dir/rosidl_generator_c/autoware_auto_perception_msgs/msg/detail/traffic_signal_stamped__functions.c.o[0m
[ 11%] [32mBuilding C object CMakeFiles/autoware_auto_perception_msgs__rosidl_generator_c.dir/rosidl_generator_c/autoware_auto_perception_msgs/msg/detail/traffic_signal_with_judge__functions.c.o[0m
[ 11%] [32mBuilding C object CMakeFiles/autoware_auto_perception_msgs__rosidl_generator_c.dir/rosidl_generator_c/autoware_auto_perception_msgs/msg/detail/classified_roi_array__functions.c.o[0m
[ 12%] [32mBuilding C object CMakeFiles/autoware_auto_perception_msgs__rosidl_generator_c.dir/rosidl_generator_c/autoware_auto_perception_msgs/msg/detail/classified_roi__functions.c.o[0m
[ 12%] [32mBuilding C object CMakeFiles/autoware_auto_perception_msgs__rosidl_generator_c.dir/rosidl_generator_c/autoware_auto_perception_msgs/msg/detail/bounding_box_array__functions.c.o[0m
[ 12%] [32m[1mLinking C shared library libautoware_auto_perception_msgs__rosidl_generator_c.so[0m
[ 12%] Built target autoware_auto_perception_msgs__rosidl_generator_c
[ 13%] [34m[1mGenerating C++ introspection for ROS interfaces[0m
[35m[1mScanning dependencies of target autoware_auto_perception_msgs__rosidl_typesupport_introspection_cpp[0m
[ 13%] [32mBuilding CXX object CMakeFiles/autoware_auto_perception_msgs__rosidl_typesupport_introspection_cpp.dir/rosidl_typesupport_introspection_cpp/autoware_auto_perception_msgs/msg/detail/bounding_box__type_support.cpp.o[0m
[ 14%] [32mBuilding CXX object CMakeFiles/autoware_auto_perception_msgs__rosidl_typesupport_introspection_cpp.dir/rosidl_typesupport_introspection_cpp/autoware_auto_perception_msgs/msg/detail/classified_roi_array__type_support.cpp.o[0m
[ 14%] [32mBuilding CXX object CMakeFiles/autoware_auto_perception_msgs__rosidl_typesupport_introspection_cpp.dir/rosidl_typesupport_introspection_cpp/autoware_auto_perception_msgs/msg/detail/detected_object__type_support.cpp.o[0m
[ 14%] [32mBuilding CXX object CMakeFiles/autoware_auto_perception_msgs__rosidl_typesupport_introspection_cpp.dir/rosidl_typesupport_introspection_cpp/autoware_auto_perception_msgs/msg/detail/detected_object_kinematics__type_support.cpp.o[0m
[ 15%] [32mBuilding CXX object CMakeFiles/autoware_auto_perception_msgs__rosidl_typesupport_introspection_cpp.dir/rosidl_typesupport_introspection_cpp/autoware_auto_perception_msgs/msg/detail/detected_objects__type_support.cpp.o[0m
[ 15%] [32mBuilding CXX object CMakeFiles/autoware_auto_perception_msgs__rosidl_typesupport_introspection_cpp.dir/rosidl_typesupport_introspection_cpp/autoware_auto_perception_msgs/msg/detail/looking_traffic_signal__type_support.cpp.o[0m
[ 16%] [32mBuilding CXX object CMakeFiles/autoware_auto_perception_msgs__rosidl_typesupport_introspection_cpp.dir/rosidl_typesupport_introspection_cpp/autoware_auto_perception_msgs/msg/detail/object_classification__type_support.cpp.o[0m
[ 16%] [32mBuilding CXX object CMakeFiles/autoware_auto_perception_msgs__rosidl_typesupport_introspection_cpp.dir/rosidl_typesupport_introspection_cpp/autoware_auto_perception_msgs/msg/detail/point_clusters__type_support.cpp.o[0m
[ 17%] [32mBuilding CXX object CMakeFiles/autoware_auto_perception_msgs__rosidl_typesupport_introspection_cpp.dir/rosidl_typesupport_introspection_cpp/autoware_auto_perception_msgs/msg/detail/point_xyzif__type_support.cpp.o[0m
[ 17%] [32mBuilding CXX object CMakeFiles/autoware_auto_perception_msgs__rosidl_typesupport_introspection_cpp.dir/rosidl_typesupport_introspection_cpp/autoware_auto_perception_msgs/msg/detail/predicted_object__type_support.cpp.o[0m
[ 17%] [32mBuilding CXX object CMakeFiles/autoware_auto_perception_msgs__rosidl_typesupport_introspection_cpp.dir/rosidl_typesupport_introspection_cpp/autoware_auto_perception_msgs/msg/detail/predicted_object_kinematics__type_support.cpp.o[0m
[ 18%] [32mBuilding CXX object CMakeFiles/autoware_auto_perception_msgs__rosidl_typesupport_introspection_cpp.dir/rosidl_typesupport_introspection_cpp/autoware_auto_perception_msgs/msg/detail/predicted_objects__type_support.cpp.o[0m
[ 18%] [32mBuilding CXX object CMakeFiles/autoware_auto_perception_msgs__rosidl_typesupport_introspection_cpp.dir/rosidl_typesupport_introspection_cpp/autoware_auto_perception_msgs/msg/detail/predicted_path__type_support.cpp.o[0m
[ 19%] [32mBuilding CXX object CMakeFiles/autoware_auto_perception_msgs__rosidl_typesupport_introspection_cpp.dir/rosidl_typesupport_introspection_cpp/autoware_auto_perception_msgs/msg/detail/shape__type_support.cpp.o[0m
[ 19%] [32mBuilding CXX object CMakeFiles/autoware_auto_perception_msgs__rosidl_typesupport_introspection_cpp.dir/rosidl_typesupport_introspection_cpp/autoware_auto_perception_msgs/msg/detail/tracked_object__type_support.cpp.o[0m
[ 20%] [32mBuilding CXX object CMakeFiles/autoware_auto_perception_msgs__rosidl_typesupport_introspection_cpp.dir/rosidl_typesupport_introspection_cpp/autoware_auto_perception_msgs/msg/detail/tracked_object_kinematics__type_support.cpp.o[0m
[ 20%] [32mBuilding CXX object CMakeFiles/autoware_auto_perception_msgs__rosidl_typesupport_introspection_cpp.dir/rosidl_typesupport_introspection_cpp/autoware_auto_perception_msgs/msg/detail/tracked_objects__type_support.cpp.o[0m
[ 20%] [32mBuilding CXX object CMakeFiles/autoware_auto_perception_msgs__rosidl_typesupport_introspection_cpp.dir/rosidl_typesupport_introspection_cpp/autoware_auto_perception_msgs/msg/detail/traffic_light__type_support.cpp.o[0m
[ 21%] [32mBuilding CXX object CMakeFiles/autoware_auto_perception_msgs__rosidl_typesupport_introspection_cpp.dir/rosidl_typesupport_introspection_cpp/autoware_auto_perception_msgs/msg/detail/traffic_light_roi__type_support.cpp.o[0m
[ 21%] [32mBuilding CXX object CMakeFiles/autoware_auto_perception_msgs__rosidl_typesupport_introspection_cpp.dir/rosidl_typesupport_introspection_cpp/autoware_auto_perception_msgs/msg/detail/traffic_light_roi_array__type_support.cpp.o[0m
[ 22%] [32mBuilding CXX object CMakeFiles/autoware_auto_perception_msgs__rosidl_typesupport_introspection_cpp.dir/rosidl_typesupport_introspection_cpp/autoware_auto_perception_msgs/msg/detail/traffic_signal__type_support.cpp.o[0m
[ 22%] [32mBuilding CXX object CMakeFiles/autoware_auto_perception_msgs__rosidl_typesupport_introspection_cpp.dir/rosidl_typesupport_introspection_cpp/autoware_auto_perception_msgs/msg/detail/traffic_signal_array__type_support.cpp.o[0m
[ 23%] [32mBuilding CXX object CMakeFiles/autoware_auto_perception_msgs__rosidl_typesupport_introspection_cpp.dir/rosidl_typesupport_introspection_cpp/autoware_auto_perception_msgs/msg/detail/traffic_signal_stamped__type_support.cpp.o[0m
[ 23%] [32mBuilding CXX object CMakeFiles/autoware_auto_perception_msgs__rosidl_typesupport_introspection_cpp.dir/rosidl_typesupport_introspection_cpp/autoware_auto_perception_msgs/msg/detail/traffic_signal_with_judge__type_support.cpp.o[0m
[ 23%] [32mBuilding CXX object CMakeFiles/autoware_auto_perception_msgs__rosidl_typesupport_introspection_cpp.dir/rosidl_typesupport_introspection_cpp/autoware_auto_perception_msgs/msg/detail/classified_roi__type_support.cpp.o[0m
[ 24%] [32mBuilding CXX object CMakeFiles/autoware_auto_perception_msgs__rosidl_typesupport_introspection_cpp.dir/rosidl_typesupport_introspection_cpp/autoware_auto_perception_msgs/msg/detail/bounding_box_array__type_support.cpp.o[0m
[ 25%] [32m[1mLinking CXX shared library libautoware_auto_perception_msgs__rosidl_typesupport_introspection_cpp.so[0m
[ 25%] Built target autoware_auto_perception_msgs__rosidl_typesupport_introspection_cpp
[ 26%] [34m[1mGenerating C type support dispatch for ROS interfaces[0m
[35m[1mScanning dependencies of target autoware_auto_perception_msgs__rosidl_typesupport_c[0m
[ 26%] [32mBuilding CXX object CMakeFiles/autoware_auto_perception_msgs__rosidl_typesupport_c.dir/rosidl_typesupport_c/autoware_auto_perception_msgs/msg/bounding_box__type_support.cpp.o[0m
[ 27%] [32mBuilding CXX object CMakeFiles/autoware_auto_perception_msgs__rosidl_typesupport_c.dir/rosidl_typesupport_c/autoware_auto_perception_msgs/msg/detected_object__type_support.cpp.o[0m
[ 27%] [32mBuilding CXX object CMakeFiles/autoware_auto_perception_msgs__rosidl_typesupport_c.dir/rosidl_typesupport_c/autoware_auto_perception_msgs/msg/detected_object_kinematics__type_support.cpp.o[0m
[ 28%] [32mBuilding CXX object CMakeFiles/autoware_auto_perception_msgs__rosidl_typesupport_c.dir/rosidl_typesupport_c/autoware_auto_perception_msgs/msg/detected_objects__type_support.cpp.o[0m
[ 28%] [32mBuilding CXX object CMakeFiles/autoware_auto_perception_msgs__rosidl_typesupport_c.dir/rosidl_typesupport_c/autoware_auto_perception_msgs/msg/looking_traffic_signal__type_support.cpp.o[0m
[ 29%] [32mBuilding CXX object CMakeFiles/autoware_auto_perception_msgs__rosidl_typesupport_c.dir/rosidl_typesupport_c/autoware_auto_perception_msgs/msg/object_classification__type_support.cpp.o[0m
[ 29%] [32mBuilding CXX object CMakeFiles/autoware_auto_perception_msgs__rosidl_typesupport_c.dir/rosidl_typesupport_c/autoware_auto_perception_msgs/msg/point_clusters__type_support.cpp.o[0m
[ 29%] [32mBuilding CXX object CMakeFiles/autoware_auto_perception_msgs__rosidl_typesupport_c.dir/rosidl_typesupport_c/autoware_auto_perception_msgs/msg/point_xyzif__type_support.cpp.o[0m
[ 30%] [32mBuilding CXX object CMakeFiles/autoware_auto_perception_msgs__rosidl_typesupport_c.dir/rosidl_typesupport_c/autoware_auto_perception_msgs/msg/predicted_object__type_support.cpp.o[0m
[ 30%] [32mBuilding CXX object CMakeFiles/autoware_auto_perception_msgs__rosidl_typesupport_c.dir/rosidl_typesupport_c/autoware_auto_perception_msgs/msg/predicted_object_kinematics__type_support.cpp.o[0m
[ 31%] [32mBuilding CXX object CMakeFiles/autoware_auto_perception_msgs__rosidl_typesupport_c.dir/rosidl_typesupport_c/autoware_auto_perception_msgs/msg/predicted_objects__type_support.cpp.o[0m
[ 31%] [32mBuilding CXX object CMakeFiles/autoware_auto_perception_msgs__rosidl_typesupport_c.dir/rosidl_typesupport_c/autoware_auto_perception_msgs/msg/predicted_path__type_support.cpp.o[0m
[ 32%] [32mBuilding CXX object CMakeFiles/autoware_auto_perception_msgs__rosidl_typesupport_c.dir/rosidl_typesupport_c/autoware_auto_perception_msgs/msg/shape__type_support.cpp.o[0m
[ 32%] [32mBuilding CXX object CMakeFiles/autoware_auto_perception_msgs__rosidl_typesupport_c.dir/rosidl_typesupport_c/autoware_auto_perception_msgs/msg/tracked_object__type_support.cpp.o[0m
[ 32%] [32mBuilding CXX object CMakeFiles/autoware_auto_perception_msgs__rosidl_typesupport_c.dir/rosidl_typesupport_c/autoware_auto_perception_msgs/msg/tracked_object_kinematics__type_support.cpp.o[0m
[ 33%] [32mBuilding CXX object CMakeFiles/autoware_auto_perception_msgs__rosidl_typesupport_c.dir/rosidl_typesupport_c/autoware_auto_perception_msgs/msg/tracked_objects__type_support.cpp.o[0m
[ 33%] [32mBuilding CXX object CMakeFiles/autoware_auto_perception_msgs__rosidl_typesupport_c.dir/rosidl_typesupport_c/autoware_auto_perception_msgs/msg/traffic_light__type_support.cpp.o[0m
[ 34%] [32mBuilding CXX object CMakeFiles/autoware_auto_perception_msgs__rosidl_typesupport_c.dir/rosidl_typesupport_c/autoware_auto_perception_msgs/msg/traffic_light_roi__type_support.cpp.o[0m
[ 34%] [32mBuilding CXX object CMakeFiles/autoware_auto_perception_msgs__rosidl_typesupport_c.dir/rosidl_typesupport_c/autoware_auto_perception_msgs/msg/traffic_light_roi_array__type_support.cpp.o[0m
[ 35%] [32mBuilding CXX object CMakeFiles/autoware_auto_perception_msgs__rosidl_typesupport_c.dir/rosidl_typesupport_c/autoware_auto_perception_msgs/msg/traffic_signal__type_support.cpp.o[0m
[ 35%] [32mBuilding CXX object CMakeFiles/autoware_auto_perception_msgs__rosidl_typesupport_c.dir/rosidl_typesupport_c/autoware_auto_perception_msgs/msg/traffic_signal_array__type_support.cpp.o[0m
[ 35%] [32mBuilding CXX object CMakeFiles/autoware_auto_perception_msgs__rosidl_typesupport_c.dir/rosidl_typesupport_c/autoware_auto_perception_msgs/msg/traffic_signal_stamped__type_support.cpp.o[0m
[ 36%] [32mBuilding CXX object CMakeFiles/autoware_auto_perception_msgs__rosidl_typesupport_c.dir/rosidl_typesupport_c/autoware_auto_perception_msgs/msg/traffic_signal_with_judge__type_support.cpp.o[0m
[ 36%] [32mBuilding CXX object CMakeFiles/autoware_auto_perception_msgs__rosidl_typesupport_c.dir/rosidl_typesupport_c/autoware_auto_perception_msgs/msg/classified_roi_array__type_support.cpp.o[0m
[ 37%] [32mBuilding CXX object CMakeFiles/autoware_auto_perception_msgs__rosidl_typesupport_c.dir/rosidl_typesupport_c/autoware_auto_perception_msgs/msg/classified_roi__type_support.cpp.o[0m
[ 37%] [32mBuilding CXX object CMakeFiles/autoware_auto_perception_msgs__rosidl_typesupport_c.dir/rosidl_typesupport_c/autoware_auto_perception_msgs/msg/bounding_box_array__type_support.cpp.o[0m
[ 37%] [32m[1mLinking CXX shared library libautoware_auto_perception_msgs__rosidl_typesupport_c.so[0m
[ 37%] Built target autoware_auto_perception_msgs__rosidl_typesupport_c
[ 38%] [34m[1mGenerating C introspection for ROS interfaces[0m
[35m[1mScanning dependencies of target autoware_auto_perception_msgs__rosidl_typesupport_introspection_c[0m
[ 38%] [32mBuilding C object CMakeFiles/autoware_auto_perception_msgs__rosidl_typesupport_introspection_c.dir/rosidl_typesupport_introspection_c/autoware_auto_perception_msgs/msg/detail/bounding_box__type_support.c.o[0m
[ 38%] [32mBuilding C object CMakeFiles/autoware_auto_perception_msgs__rosidl_typesupport_introspection_c.dir/rosidl_typesupport_introspection_c/autoware_auto_perception_msgs/msg/detail/detected_object_kinematics__type_support.c.o[0m
[ 39%] [32mBuilding C object CMakeFiles/autoware_auto_perception_msgs__rosidl_typesupport_introspection_c.dir/rosidl_typesupport_introspection_c/autoware_auto_perception_msgs/msg/detail/detected_objects__type_support.c.o[0m
[ 39%] [32mBuilding C object CMakeFiles/autoware_auto_perception_msgs__rosidl_typesupport_introspection_c.dir/rosidl_typesupport_introspection_c/autoware_auto_perception_msgs/msg/detail/looking_traffic_signal__type_support.c.o[0m
[ 40%] [32mBuilding C object CMakeFiles/autoware_auto_perception_msgs__rosidl_typesupport_introspection_c.dir/rosidl_typesupport_introspection_c/autoware_auto_perception_msgs/msg/detail/object_classification__type_support.c.o[0m
[ 40%] [32mBuilding C object CMakeFiles/autoware_auto_perception_msgs__rosidl_typesupport_introspection_c.dir/rosidl_typesupport_introspection_c/autoware_auto_perception_msgs/msg/detail/point_clusters__type_support.c.o[0m
[ 41%] [32mBuilding C object CMakeFiles/autoware_auto_perception_msgs__rosidl_typesupport_introspection_c.dir/rosidl_typesupport_introspection_c/autoware_auto_perception_msgs/msg/detail/point_xyzif__type_support.c.o[0m
[ 41%] [32mBuilding C object CMakeFiles/autoware_auto_perception_msgs__rosidl_typesupport_introspection_c.dir/rosidl_typesupport_introspection_c/autoware_auto_perception_msgs/msg/detail/predicted_object__type_support.c.o[0m
[ 41%] [32mBuilding C object CMakeFiles/autoware_auto_perception_msgs__rosidl_typesupport_introspection_c.dir/rosidl_typesupport_introspection_c/autoware_auto_perception_msgs/msg/detail/predicted_object_kinematics__type_support.c.o[0m
[ 42%] [32mBuilding C object CMakeFiles/autoware_auto_perception_msgs__rosidl_typesupport_introspection_c.dir/rosidl_typesupport_introspection_c/autoware_auto_perception_msgs/msg/detail/predicted_objects__type_support.c.o[0m
[ 42%] [32mBuilding C object CMakeFiles/autoware_auto_perception_msgs__rosidl_typesupport_introspection_c.dir/rosidl_typesupport_introspection_c/autoware_auto_perception_msgs/msg/detail/predicted_path__type_support.c.o[0m
[ 43%] [32mBuilding C object CMakeFiles/autoware_auto_perception_msgs__rosidl_typesupport_introspection_c.dir/rosidl_typesupport_introspection_c/autoware_auto_perception_msgs/msg/detail/shape__type_support.c.o[0m
[ 43%] [32mBuilding C object CMakeFiles/autoware_auto_perception_msgs__rosidl_typesupport_introspection_c.dir/rosidl_typesupport_introspection_c/autoware_auto_perception_msgs/msg/detail/tracked_object__type_support.c.o[0m
[ 44%] [32mBuilding C object CMakeFiles/autoware_auto_perception_msgs__rosidl_typesupport_introspection_c.dir/rosidl_typesupport_introspection_c/autoware_auto_perception_msgs/msg/detail/tracked_object_kinematics__type_support.c.o[0m
[ 44%] [32mBuilding C object CMakeFiles/autoware_auto_perception_msgs__rosidl_typesupport_introspection_c.dir/rosidl_typesupport_introspection_c/autoware_auto_perception_msgs/msg/detail/tracked_objects__type_support.c.o[0m
[ 44%] [32mBuilding C object CMakeFiles/autoware_auto_perception_msgs__rosidl_typesupport_introspection_c.dir/rosidl_typesupport_introspection_c/autoware_auto_perception_msgs/msg/detail/traffic_light__type_support.c.o[0m
[ 45%] [32mBuilding C object CMakeFiles/autoware_auto_perception_msgs__rosidl_typesupport_introspection_c.dir/rosidl_typesupport_introspection_c/autoware_auto_perception_msgs/msg/detail/traffic_light_roi__type_support.c.o[0m
[ 45%] [32mBuilding C object CMakeFiles/autoware_auto_perception_msgs__rosidl_typesupport_introspection_c.dir/rosidl_typesupport_introspection_c/autoware_auto_perception_msgs/msg/detail/traffic_light_roi_array__type_support.c.o[0m
[ 46%] [32mBuilding C object CMakeFiles/autoware_auto_perception_msgs__rosidl_typesupport_introspection_c.dir/rosidl_typesupport_introspection_c/autoware_auto_perception_msgs/msg/detail/traffic_signal__type_support.c.o[0m
[ 46%] [32mBuilding C object CMakeFiles/autoware_auto_perception_msgs__rosidl_typesupport_introspection_c.dir/rosidl_typesupport_introspection_c/autoware_auto_perception_msgs/msg/detail/traffic_signal_array__type_support.c.o[0m
[ 47%] [32mBuilding C object CMakeFiles/autoware_auto_perception_msgs__rosidl_typesupport_introspection_c.dir/rosidl_typesupport_introspection_c/autoware_auto_perception_msgs/msg/detail/traffic_signal_stamped__type_support.c.o[0m
[ 47%] [32mBuilding C object CMakeFiles/autoware_auto_perception_msgs__rosidl_typesupport_introspection_c.dir/rosidl_typesupport_introspection_c/autoware_auto_perception_msgs/msg/detail/traffic_signal_with_judge__type_support.c.o[0m
[ 47%] [32mBuilding C object CMakeFiles/autoware_auto_perception_msgs__rosidl_typesupport_introspection_c.dir/rosidl_typesupport_introspection_c/autoware_auto_perception_msgs/msg/detail/detected_object__type_support.c.o[0m
[ 48%] [32mBuilding C object CMakeFiles/autoware_auto_perception_msgs__rosidl_typesupport_introspection_c.dir/rosidl_typesupport_introspection_c/autoware_auto_perception_msgs/msg/detail/classified_roi_array__type_support.c.o[0m
[ 48%] [32mBuilding C object CMakeFiles/autoware_auto_perception_msgs__rosidl_typesupport_introspection_c.dir/rosidl_typesupport_introspection_c/autoware_auto_perception_msgs/msg/detail/classified_roi__type_support.c.o[0m
[ 49%] [32mBuilding C object CMakeFiles/autoware_auto_perception_msgs__rosidl_typesupport_introspection_c.dir/rosidl_typesupport_introspection_c/autoware_auto_perception_msgs/msg/detail/bounding_box_array__type_support.c.o[0m
make[2]: *** [CMakeFiles/autoware_auto_perception_msgs__rosidl_typesupport_introspection_c.dir/build.make:359: CMakeFiles/autoware_auto_perception_msgs__rosidl_typesupport_introspection_c.dir/rosidl_typesupport_introspection_c/autoware_auto_perception_msgs/msg/detail/bounding_box_array__type_support.c.o] Interrupt
make[1]: *** [CMakeFiles/Makefile2:361: CMakeFiles/autoware_auto_perception_msgs__rosidl_typesupport_introspection_c.dir/all] Interrupt
make: *** [Makefile:141: all] Interrupt
