[0.117s] Invoking command in '/root/r2ware/build/autoware_auto_perception_msgs': AMENT_PREFIX_PATH=/root/r2ware/install/autoware_auto_geometry_msgs:${AMENT_PREFIX_PATH} CMAKE_PREFIX_PATH=/root/r2ware/install/autoware_auto_geometry_msgs:/root/yahboomcar_ros2_ws/yahboomcar_ws/install/yahboomcar_slam:/root/yahboomcar_ros2_ws/yahboomcar_ws/install/yahboomcar_point:/root/yahboomcar_ros2_ws/yahboomcar_ws/install/yahboomcar_msgs:/root/yahboomcar_ros2_ws/yahboomcar_ws/install/yahboomcar_base_node:/root/yahboomcar_ros2_ws/yahboomcar_ws/install/yahboomcar_KCFTracker:/root/yahboomcar_ros2_ws/yahboomcar_ws/install/yahboom_web_savmap_interfaces:/root/yahboomcar_ros2_ws/yahboomcar_ws/install/robot_pose_publisher_ros2:/root/yahboomcar_ros2_ws/software/library_ws/install/ydlidar_ros2_driver:/root/yahboomcar_ros2_ws/software/library_ws/install/web_video_server:/root/yahboomcar_ros2_ws/software/library_ws/install/teb_local_planner:/root/yahboomcar_ros2_ws/software/library_ws/install/teb_msgs:/root/yahboomcar_ros2_ws/software/library_ws/install/sllidar_ros2:/root/yahboomcar_ros2_ws/software/library_ws/install/slam_gmapping:/root/yahboomcar_ros2_ws/software/library_ws/install/ros2_orbslam:/root/yahboomcar_ros2_ws/software/library_ws/install/robot_localization:/root/yahboomcar_ros2_ws/software/library_ws/install/openslam_gmapping:/root/yahboomcar_ros2_ws/software/library_ws/install/octomap_mapping:/root/yahboomcar_ros2_ws/software/library_ws/install/octomap_server:/root/yahboomcar_ros2_ws/software/library_ws/install/costmap_converter:/root/yahboomcar_ros2_ws/software/library_ws/install/costmap_converter_msgs:/root/yahboomcar_ros2_ws/software/library_ws/install/astra_camera:/root/yahboomcar_ros2_ws/software/library_ws/install/astra_camera_msgs:/root/yahboomcar_ros2_ws/yahboomcar_ws/install/yahboomcar_voice_ctrl:/root/yahboomcar_ros2_ws/yahboomcar_ws/install/yahboomcar_visual:/root/yahboomcar_ros2_ws/yahboomcar_ws/install/yahboomcar_nav:/root/yahboomcar_ros2_ws/yahboomcar_ws/install/yahboomcar_multi:/root/yahboomcar_ros2_ws/yahboomcar_ws/install/yahboomcar_mediapipe:/root/yahboomcar_ros2_ws/yahboomcar_ws/install/yahboomcar_linefollow:/root/yahboomcar_ros2_ws/yahboomcar_ws/install/yahboomcar_laser:/root/yahboomcar_ros2_ws/yahboomcar_ws/install/yahboomcar_description_x1:/root/yahboomcar_ros2_ws/yahboomcar_ws/install/yahboomcar_description:/root/yahboomcar_ros2_ws/yahboomcar_ws/install/yahboomcar_ctrl:/root/yahboomcar_ros2_ws/yahboomcar_ws/install/yahboomcar_bringup:/root/yahboomcar_ros2_ws/yahboomcar_ws/install/yahboomcar_astra:/root/yahboomcar_ros2_ws/yahboomcar_ws/install/yahboom_app_save_map:/root/yahboomcar_ros2_ws/yahboomcar_ws/install/robot_pose_publisher:/root/yahboomcar_ros2_ws/yahboomcar_ws/install/laserscan_to_point_pulisher:/opt/ros/foxy LD_LIBRARY_PATH=/root/r2ware/install/autoware_auto_geometry_msgs/lib:${LD_LIBRARY_PATH} PYTHONPATH=/root/r2ware/install/autoware_auto_geometry_msgs/lib/python3.8/site-packages:${PYTHONPATH} /usr/bin/cmake /root/r2ware/src/autoware_dependencies/core/external/autoware_auto_msgs/autoware_auto_perception_msgs -DCMAKE_INSTALL_PREFIX=/root/r2ware/install/autoware_auto_perception_msgs
[0.383s] -- The C compiler identification is GNU 9.4.0
[0.554s] -- The CXX compiler identification is GNU 9.4.0
[0.579s] -- Check for working C compiler: /usr/bin/cc
[0.848s] -- Check for working C compiler: /usr/bin/cc -- works
[0.852s] -- Detecting C compiler ABI info
[1.120s] -- Detecting C compiler ABI info - done
[1.142s] -- Detecting C compile features
[1.142s] -- Detecting C compile features - done
[1.149s] -- Check for working CXX compiler: /usr/bin/c++
[1.456s] -- Check for working CXX compiler: /usr/bin/c++ -- works
[1.456s] -- Detecting CXX compiler ABI info
[1.698s] -- Detecting CXX compiler ABI info - done
[1.720s] -- Detecting CXX compile features
[1.721s] -- Detecting CXX compile features - done
[1.743s] -- Found ament_cmake_auto: 0.9.11 (/opt/ros/foxy/share/ament_cmake_auto/cmake)
[1.877s] -- Found PythonInterp: /usr/bin/python3 (found suitable version "3.8.10", minimum required is "3") 
[1.878s] -- Using PYTHON_EXECUTABLE: /usr/bin/python3
[2.910s] -- Using all available rosidl_typesupport_c: rosidl_typesupport_fastrtps_c;rosidl_typesupport_introspection_c
[2.969s] -- Found rosidl_adapter: 1.3.0 (/opt/ros/foxy/share/rosidl_adapter/cmake)
[3.498s] -- Found OpenSSL: /usr/lib/aarch64-linux-gnu/libcrypto.so (found version "1.1.1f")  
[3.608s] -- Found FastRTPS: /opt/ros/foxy/include  
[3.978s] -- Using all available rosidl_typesupport_cpp: rosidl_typesupport_fastrtps_cpp;rosidl_typesupport_introspection_cpp
[4.981s] -- Found ament_cmake_cppcheck: 0.9.7 (/opt/ros/foxy/share/ament_cmake_cppcheck/cmake)
[5.001s] -- Found ament_cmake_cpplint: 0.9.7 (/opt/ros/foxy/share/ament_cmake_cpplint/cmake)
[5.022s] -- Found ament_cmake_uncrustify: 0.9.7 (/opt/ros/foxy/share/ament_cmake_uncrustify/cmake)
[5.043s] -- Found ament_cmake_ros: 0.9.2 (/opt/ros/foxy/share/ament_cmake_ros/cmake)
[5.911s] -- Using all available rosidl_typesupport_c: rosidl_typesupport_fastrtps_c;rosidl_typesupport_introspection_c
[6.304s] -- Using all available rosidl_typesupport_cpp: rosidl_typesupport_fastrtps_cpp;rosidl_typesupport_introspection_cpp
[6.412s] -- Found PythonInterp: /usr/bin/python3 (found suitable version "3.8.10", minimum required is "3.5") 
[6.428s] -- Found python_cmake_module: 0.8.1 (/opt/ros/foxy/share/python_cmake_module/cmake)
[6.524s] -- Found PythonLibs: /usr/lib/aarch64-linux-gnu/libpython3.8.so (found suitable version "3.8.10", minimum required is "3.5") 
[6.525s] -- Using PYTHON_EXECUTABLE: /usr/bin/python3
[6.525s] -- Using PYTHON_INCLUDE_DIRS: /usr/include/python3.8
[6.526s] -- Using PYTHON_LIBRARIES: /usr/lib/aarch64-linux-gnu/libpython3.8.so
[6.605s] -- Found PythonExtra: .so  
[6.946s] -- Found ament_cmake_flake8: 0.9.7 (/opt/ros/foxy/share/ament_cmake_flake8/cmake)
[6.965s] -- Found ament_cmake_pep257: 0.9.7 (/opt/ros/foxy/share/ament_cmake_pep257/cmake)
[6.992s] -- Found ament_lint_auto: 0.9.7 (/opt/ros/foxy/share/ament_lint_auto/cmake)
[7.092s] -- Added test 'copyright' to check source files copyright and LICENSE
[7.095s] -- Added test 'lint_cmake' to check CMake code style
[7.097s] -- Added test 'xmllint' to check XML markup files
[7.119s] -- Configuring done
[7.437s] -- Generating done
[7.446s] -- Build files have been written to: /root/r2ware/build/autoware_auto_perception_msgs
[7.498s] Invoked command in '/root/r2ware/build/autoware_auto_perception_msgs' returned '0': AMENT_PREFIX_PATH=/root/r2ware/install/autoware_auto_geometry_msgs:${AMENT_PREFIX_PATH} CMAKE_PREFIX_PATH=/root/r2ware/install/autoware_auto_geometry_msgs:/root/yahboomcar_ros2_ws/yahboomcar_ws/install/yahboomcar_slam:/root/yahboomcar_ros2_ws/yahboomcar_ws/install/yahboomcar_point:/root/yahboomcar_ros2_ws/yahboomcar_ws/install/yahboomcar_msgs:/root/yahboomcar_ros2_ws/yahboomcar_ws/install/yahboomcar_base_node:/root/yahboomcar_ros2_ws/yahboomcar_ws/install/yahboomcar_KCFTracker:/root/yahboomcar_ros2_ws/yahboomcar_ws/install/yahboom_web_savmap_interfaces:/root/yahboomcar_ros2_ws/yahboomcar_ws/install/robot_pose_publisher_ros2:/root/yahboomcar_ros2_ws/software/library_ws/install/ydlidar_ros2_driver:/root/yahboomcar_ros2_ws/software/library_ws/install/web_video_server:/root/yahboomcar_ros2_ws/software/library_ws/install/teb_local_planner:/root/yahboomcar_ros2_ws/software/library_ws/install/teb_msgs:/root/yahboomcar_ros2_ws/software/library_ws/install/sllidar_ros2:/root/yahboomcar_ros2_ws/software/library_ws/install/slam_gmapping:/root/yahboomcar_ros2_ws/software/library_ws/install/ros2_orbslam:/root/yahboomcar_ros2_ws/software/library_ws/install/robot_localization:/root/yahboomcar_ros2_ws/software/library_ws/install/openslam_gmapping:/root/yahboomcar_ros2_ws/software/library_ws/install/octomap_mapping:/root/yahboomcar_ros2_ws/software/library_ws/install/octomap_server:/root/yahboomcar_ros2_ws/software/library_ws/install/costmap_converter:/root/yahboomcar_ros2_ws/software/library_ws/install/costmap_converter_msgs:/root/yahboomcar_ros2_ws/software/library_ws/install/astra_camera:/root/yahboomcar_ros2_ws/software/library_ws/install/astra_camera_msgs:/root/yahboomcar_ros2_ws/yahboomcar_ws/install/yahboomcar_voice_ctrl:/root/yahboomcar_ros2_ws/yahboomcar_ws/install/yahboomcar_visual:/root/yahboomcar_ros2_ws/yahboomcar_ws/install/yahboomcar_nav:/root/yahboomcar_ros2_ws/yahboomcar_ws/install/yahboomcar_multi:/root/yahboomcar_ros2_ws/yahboomcar_ws/install/yahboomcar_mediapipe:/root/yahboomcar_ros2_ws/yahboomcar_ws/install/yahboomcar_linefollow:/root/yahboomcar_ros2_ws/yahboomcar_ws/install/yahboomcar_laser:/root/yahboomcar_ros2_ws/yahboomcar_ws/install/yahboomcar_description_x1:/root/yahboomcar_ros2_ws/yahboomcar_ws/install/yahboomcar_description:/root/yahboomcar_ros2_ws/yahboomcar_ws/install/yahboomcar_ctrl:/root/yahboomcar_ros2_ws/yahboomcar_ws/install/yahboomcar_bringup:/root/yahboomcar_ros2_ws/yahboomcar_ws/install/yahboomcar_astra:/root/yahboomcar_ros2_ws/yahboomcar_ws/install/yahboom_app_save_map:/root/yahboomcar_ros2_ws/yahboomcar_ws/install/robot_pose_publisher:/root/yahboomcar_ros2_ws/yahboomcar_ws/install/laserscan_to_point_pulisher:/opt/ros/foxy LD_LIBRARY_PATH=/root/r2ware/install/autoware_auto_geometry_msgs/lib:${LD_LIBRARY_PATH} PYTHONPATH=/root/r2ware/install/autoware_auto_geometry_msgs/lib/python3.8/site-packages:${PYTHONPATH} /usr/bin/cmake /root/r2ware/src/autoware_dependencies/core/external/autoware_auto_msgs/autoware_auto_perception_msgs -DCMAKE_INSTALL_PREFIX=/root/r2ware/install/autoware_auto_perception_msgs
[7.500s] Invoking command in '/root/r2ware/build/autoware_auto_perception_msgs': AMENT_PREFIX_PATH=/root/r2ware/install/autoware_auto_geometry_msgs:${AMENT_PREFIX_PATH} CMAKE_PREFIX_PATH=/root/r2ware/install/autoware_auto_geometry_msgs:/root/yahboomcar_ros2_ws/yahboomcar_ws/install/yahboomcar_slam:/root/yahboomcar_ros2_ws/yahboomcar_ws/install/yahboomcar_point:/root/yahboomcar_ros2_ws/yahboomcar_ws/install/yahboomcar_msgs:/root/yahboomcar_ros2_ws/yahboomcar_ws/install/yahboomcar_base_node:/root/yahboomcar_ros2_ws/yahboomcar_ws/install/yahboomcar_KCFTracker:/root/yahboomcar_ros2_ws/yahboomcar_ws/install/yahboom_web_savmap_interfaces:/root/yahboomcar_ros2_ws/yahboomcar_ws/install/robot_pose_publisher_ros2:/root/yahboomcar_ros2_ws/software/library_ws/install/ydlidar_ros2_driver:/root/yahboomcar_ros2_ws/software/library_ws/install/web_video_server:/root/yahboomcar_ros2_ws/software/library_ws/install/teb_local_planner:/root/yahboomcar_ros2_ws/software/library_ws/install/teb_msgs:/root/yahboomcar_ros2_ws/software/library_ws/install/sllidar_ros2:/root/yahboomcar_ros2_ws/software/library_ws/install/slam_gmapping:/root/yahboomcar_ros2_ws/software/library_ws/install/ros2_orbslam:/root/yahboomcar_ros2_ws/software/library_ws/install/robot_localization:/root/yahboomcar_ros2_ws/software/library_ws/install/openslam_gmapping:/root/yahboomcar_ros2_ws/software/library_ws/install/octomap_mapping:/root/yahboomcar_ros2_ws/software/library_ws/install/octomap_server:/root/yahboomcar_ros2_ws/software/library_ws/install/costmap_converter:/root/yahboomcar_ros2_ws/software/library_ws/install/costmap_converter_msgs:/root/yahboomcar_ros2_ws/software/library_ws/install/astra_camera:/root/yahboomcar_ros2_ws/software/library_ws/install/astra_camera_msgs:/root/yahboomcar_ros2_ws/yahboomcar_ws/install/yahboomcar_voice_ctrl:/root/yahboomcar_ros2_ws/yahboomcar_ws/install/yahboomcar_visual:/root/yahboomcar_ros2_ws/yahboomcar_ws/install/yahboomcar_nav:/root/yahboomcar_ros2_ws/yahboomcar_ws/install/yahboomcar_multi:/root/yahboomcar_ros2_ws/yahboomcar_ws/install/yahboomcar_mediapipe:/root/yahboomcar_ros2_ws/yahboomcar_ws/install/yahboomcar_linefollow:/root/yahboomcar_ros2_ws/yahboomcar_ws/install/yahboomcar_laser:/root/yahboomcar_ros2_ws/yahboomcar_ws/install/yahboomcar_description_x1:/root/yahboomcar_ros2_ws/yahboomcar_ws/install/yahboomcar_description:/root/yahboomcar_ros2_ws/yahboomcar_ws/install/yahboomcar_ctrl:/root/yahboomcar_ros2_ws/yahboomcar_ws/install/yahboomcar_bringup:/root/yahboomcar_ros2_ws/yahboomcar_ws/install/yahboomcar_astra:/root/yahboomcar_ros2_ws/yahboomcar_ws/install/yahboom_app_save_map:/root/yahboomcar_ros2_ws/yahboomcar_ws/install/robot_pose_publisher:/root/yahboomcar_ros2_ws/yahboomcar_ws/install/laserscan_to_point_pulisher:/opt/ros/foxy LD_LIBRARY_PATH=/root/r2ware/install/autoware_auto_geometry_msgs/lib:${LD_LIBRARY_PATH} PYTHONPATH=/root/r2ware/install/autoware_auto_geometry_msgs/lib/python3.8/site-packages:${PYTHONPATH} /usr/bin/cmake --build /root/r2ware/build/autoware_auto_perception_msgs -- -j8 -l8
[14.068s] [35m[1mScanning dependencies of target autoware_auto_perception_msgs__cpp[0m
[14.068s] [  0%] [34m[1mGenerating C++ code for ROS interfaces[0m
[14.871s] [  0%] Built target autoware_auto_perception_msgs__cpp
[14.914s] [  0%] [34m[1mGenerating C code for ROS interfaces[0m
[22.832s] [35m[1mScanning dependencies of target autoware_auto_perception_msgs__rosidl_generator_c[0m
[22.912s] [  1%] [32mBuilding C object CMakeFiles/autoware_auto_perception_msgs__rosidl_generator_c.dir/rosidl_generator_c/autoware_auto_perception_msgs/msg/detail/bounding_box__functions.c.o[0m
[23.050s] [  2%] [32mBuilding C object CMakeFiles/autoware_auto_perception_msgs__rosidl_generator_c.dir/rosidl_generator_c/autoware_auto_perception_msgs/msg/detail/detected_object__functions.c.o[0m
[23.183s] [  2%] [32mBuilding C object CMakeFiles/autoware_auto_perception_msgs__rosidl_generator_c.dir/rosidl_generator_c/autoware_auto_perception_msgs/msg/detail/detected_object_kinematics__functions.c.o[0m
[23.315s] [  3%] [32mBuilding C object CMakeFiles/autoware_auto_perception_msgs__rosidl_generator_c.dir/rosidl_generator_c/autoware_auto_perception_msgs/msg/detail/detected_objects__functions.c.o[0m
[23.449s] [  3%] [32mBuilding C object CMakeFiles/autoware_auto_perception_msgs__rosidl_generator_c.dir/rosidl_generator_c/autoware_auto_perception_msgs/msg/detail/looking_traffic_signal__functions.c.o[0m
[23.577s] [  3%] [32mBuilding C object CMakeFiles/autoware_auto_perception_msgs__rosidl_generator_c.dir/rosidl_generator_c/autoware_auto_perception_msgs/msg/detail/object_classification__functions.c.o[0m
[23.703s] [  4%] [32mBuilding C object CMakeFiles/autoware_auto_perception_msgs__rosidl_generator_c.dir/rosidl_generator_c/autoware_auto_perception_msgs/msg/detail/point_clusters__functions.c.o[0m
[23.831s] [  4%] [32mBuilding C object CMakeFiles/autoware_auto_perception_msgs__rosidl_generator_c.dir/rosidl_generator_c/autoware_auto_perception_msgs/msg/detail/point_xyzif__functions.c.o[0m
[23.957s] [  5%] [32mBuilding C object CMakeFiles/autoware_auto_perception_msgs__rosidl_generator_c.dir/rosidl_generator_c/autoware_auto_perception_msgs/msg/detail/predicted_object__functions.c.o[0m
[24.085s] [  5%] [32mBuilding C object CMakeFiles/autoware_auto_perception_msgs__rosidl_generator_c.dir/rosidl_generator_c/autoware_auto_perception_msgs/msg/detail/predicted_object_kinematics__functions.c.o[0m
[24.208s] [  6%] [32mBuilding C object CMakeFiles/autoware_auto_perception_msgs__rosidl_generator_c.dir/rosidl_generator_c/autoware_auto_perception_msgs/msg/detail/predicted_objects__functions.c.o[0m
[24.336s] [  6%] [32mBuilding C object CMakeFiles/autoware_auto_perception_msgs__rosidl_generator_c.dir/rosidl_generator_c/autoware_auto_perception_msgs/msg/detail/predicted_path__functions.c.o[0m
[24.465s] [  6%] [32mBuilding C object CMakeFiles/autoware_auto_perception_msgs__rosidl_generator_c.dir/rosidl_generator_c/autoware_auto_perception_msgs/msg/detail/shape__functions.c.o[0m
[24.601s] [  7%] [32mBuilding C object CMakeFiles/autoware_auto_perception_msgs__rosidl_generator_c.dir/rosidl_generator_c/autoware_auto_perception_msgs/msg/detail/tracked_object__functions.c.o[0m
[24.735s] [  7%] [32mBuilding C object CMakeFiles/autoware_auto_perception_msgs__rosidl_generator_c.dir/rosidl_generator_c/autoware_auto_perception_msgs/msg/detail/tracked_object_kinematics__functions.c.o[0m
[24.860s] [  8%] [32mBuilding C object CMakeFiles/autoware_auto_perception_msgs__rosidl_generator_c.dir/rosidl_generator_c/autoware_auto_perception_msgs/msg/detail/tracked_objects__functions.c.o[0m
[24.988s] [  8%] [32mBuilding C object CMakeFiles/autoware_auto_perception_msgs__rosidl_generator_c.dir/rosidl_generator_c/autoware_auto_perception_msgs/msg/detail/traffic_light__functions.c.o[0m
[25.104s] [  9%] [32mBuilding C object CMakeFiles/autoware_auto_perception_msgs__rosidl_generator_c.dir/rosidl_generator_c/autoware_auto_perception_msgs/msg/detail/traffic_light_roi__functions.c.o[0m
[25.224s] [  9%] [32mBuilding C object CMakeFiles/autoware_auto_perception_msgs__rosidl_generator_c.dir/rosidl_generator_c/autoware_auto_perception_msgs/msg/detail/traffic_light_roi_array__functions.c.o[0m
[25.351s] [  9%] [32mBuilding C object CMakeFiles/autoware_auto_perception_msgs__rosidl_generator_c.dir/rosidl_generator_c/autoware_auto_perception_msgs/msg/detail/traffic_signal__functions.c.o[0m
[25.473s] [ 10%] [32mBuilding C object CMakeFiles/autoware_auto_perception_msgs__rosidl_generator_c.dir/rosidl_generator_c/autoware_auto_perception_msgs/msg/detail/traffic_signal_array__functions.c.o[0m
[25.596s] [ 10%] [32mBuilding C object CMakeFiles/autoware_auto_perception_msgs__rosidl_generator_c.dir/rosidl_generator_c/autoware_auto_perception_msgs/msg/detail/traffic_signal_stamped__functions.c.o[0m
[25.719s] [ 11%] [32mBuilding C object CMakeFiles/autoware_auto_perception_msgs__rosidl_generator_c.dir/rosidl_generator_c/autoware_auto_perception_msgs/msg/detail/traffic_signal_with_judge__functions.c.o[0m
[25.842s] [ 11%] [32mBuilding C object CMakeFiles/autoware_auto_perception_msgs__rosidl_generator_c.dir/rosidl_generator_c/autoware_auto_perception_msgs/msg/detail/classified_roi_array__functions.c.o[0m
[25.979s] [ 12%] [32mBuilding C object CMakeFiles/autoware_auto_perception_msgs__rosidl_generator_c.dir/rosidl_generator_c/autoware_auto_perception_msgs/msg/detail/classified_roi__functions.c.o[0m
[26.106s] [ 12%] [32mBuilding C object CMakeFiles/autoware_auto_perception_msgs__rosidl_generator_c.dir/rosidl_generator_c/autoware_auto_perception_msgs/msg/detail/bounding_box_array__functions.c.o[0m
[26.229s] [ 12%] [32m[1mLinking C shared library libautoware_auto_perception_msgs__rosidl_generator_c.so[0m
[26.361s] [ 12%] Built target autoware_auto_perception_msgs__rosidl_generator_c
[26.401s] [ 13%] [34m[1mGenerating C++ introspection for ROS interfaces[0m
[30.819s] [35m[1mScanning dependencies of target autoware_auto_perception_msgs__rosidl_typesupport_introspection_cpp[0m
[30.894s] [ 13%] [32mBuilding CXX object CMakeFiles/autoware_auto_perception_msgs__rosidl_typesupport_introspection_cpp.dir/rosidl_typesupport_introspection_cpp/autoware_auto_perception_msgs/msg/detail/bounding_box__type_support.cpp.o[0m
[31.638s] [ 14%] [32mBuilding CXX object CMakeFiles/autoware_auto_perception_msgs__rosidl_typesupport_introspection_cpp.dir/rosidl_typesupport_introspection_cpp/autoware_auto_perception_msgs/msg/detail/classified_roi_array__type_support.cpp.o[0m
[32.501s] [ 14%] [32mBuilding CXX object CMakeFiles/autoware_auto_perception_msgs__rosidl_typesupport_introspection_cpp.dir/rosidl_typesupport_introspection_cpp/autoware_auto_perception_msgs/msg/detail/detected_object__type_support.cpp.o[0m
[33.364s] [ 14%] [32mBuilding CXX object CMakeFiles/autoware_auto_perception_msgs__rosidl_typesupport_introspection_cpp.dir/rosidl_typesupport_introspection_cpp/autoware_auto_perception_msgs/msg/detail/detected_object_kinematics__type_support.cpp.o[0m
[34.076s] [ 15%] [32mBuilding CXX object CMakeFiles/autoware_auto_perception_msgs__rosidl_typesupport_introspection_cpp.dir/rosidl_typesupport_introspection_cpp/autoware_auto_perception_msgs/msg/detail/detected_objects__type_support.cpp.o[0m
[34.982s] [ 15%] [32mBuilding CXX object CMakeFiles/autoware_auto_perception_msgs__rosidl_typesupport_introspection_cpp.dir/rosidl_typesupport_introspection_cpp/autoware_auto_perception_msgs/msg/detail/looking_traffic_signal__type_support.cpp.o[0m
[35.727s] [ 16%] [32mBuilding CXX object CMakeFiles/autoware_auto_perception_msgs__rosidl_typesupport_introspection_cpp.dir/rosidl_typesupport_introspection_cpp/autoware_auto_perception_msgs/msg/detail/object_classification__type_support.cpp.o[0m
[36.399s] [ 16%] [32mBuilding CXX object CMakeFiles/autoware_auto_perception_msgs__rosidl_typesupport_introspection_cpp.dir/rosidl_typesupport_introspection_cpp/autoware_auto_perception_msgs/msg/detail/point_clusters__type_support.cpp.o[0m
[37.282s] [ 17%] [32mBuilding CXX object CMakeFiles/autoware_auto_perception_msgs__rosidl_typesupport_introspection_cpp.dir/rosidl_typesupport_introspection_cpp/autoware_auto_perception_msgs/msg/detail/point_xyzif__type_support.cpp.o[0m
[37.957s] [ 17%] [32mBuilding CXX object CMakeFiles/autoware_auto_perception_msgs__rosidl_typesupport_introspection_cpp.dir/rosidl_typesupport_introspection_cpp/autoware_auto_perception_msgs/msg/detail/predicted_object__type_support.cpp.o[0m
[38.882s] [ 17%] [32mBuilding CXX object CMakeFiles/autoware_auto_perception_msgs__rosidl_typesupport_introspection_cpp.dir/rosidl_typesupport_introspection_cpp/autoware_auto_perception_msgs/msg/detail/predicted_object_kinematics__type_support.cpp.o[0m
[39.744s] [ 18%] [32mBuilding CXX object CMakeFiles/autoware_auto_perception_msgs__rosidl_typesupport_introspection_cpp.dir/rosidl_typesupport_introspection_cpp/autoware_auto_perception_msgs/msg/detail/predicted_objects__type_support.cpp.o[0m
[40.733s] [ 18%] [32mBuilding CXX object CMakeFiles/autoware_auto_perception_msgs__rosidl_typesupport_introspection_cpp.dir/rosidl_typesupport_introspection_cpp/autoware_auto_perception_msgs/msg/detail/predicted_path__type_support.cpp.o[0m
[41.524s] [ 19%] [32mBuilding CXX object CMakeFiles/autoware_auto_perception_msgs__rosidl_typesupport_introspection_cpp.dir/rosidl_typesupport_introspection_cpp/autoware_auto_perception_msgs/msg/detail/shape__type_support.cpp.o[0m
[42.231s] [ 19%] [32mBuilding CXX object CMakeFiles/autoware_auto_perception_msgs__rosidl_typesupport_introspection_cpp.dir/rosidl_typesupport_introspection_cpp/autoware_auto_perception_msgs/msg/detail/tracked_object__type_support.cpp.o[0m
[43.100s] [ 20%] [32mBuilding CXX object CMakeFiles/autoware_auto_perception_msgs__rosidl_typesupport_introspection_cpp.dir/rosidl_typesupport_introspection_cpp/autoware_auto_perception_msgs/msg/detail/tracked_object_kinematics__type_support.cpp.o[0m
[43.815s] [ 20%] [32mBuilding CXX object CMakeFiles/autoware_auto_perception_msgs__rosidl_typesupport_introspection_cpp.dir/rosidl_typesupport_introspection_cpp/autoware_auto_perception_msgs/msg/detail/tracked_objects__type_support.cpp.o[0m
[44.744s] [ 20%] [32mBuilding CXX object CMakeFiles/autoware_auto_perception_msgs__rosidl_typesupport_introspection_cpp.dir/rosidl_typesupport_introspection_cpp/autoware_auto_perception_msgs/msg/detail/traffic_light__type_support.cpp.o[0m
[45.413s] [ 21%] [32mBuilding CXX object CMakeFiles/autoware_auto_perception_msgs__rosidl_typesupport_introspection_cpp.dir/rosidl_typesupport_introspection_cpp/autoware_auto_perception_msgs/msg/detail/traffic_light_roi__type_support.cpp.o[0m
[46.088s] [ 21%] [32mBuilding CXX object CMakeFiles/autoware_auto_perception_msgs__rosidl_typesupport_introspection_cpp.dir/rosidl_typesupport_introspection_cpp/autoware_auto_perception_msgs/msg/detail/traffic_light_roi_array__type_support.cpp.o[0m
[46.884s] [ 22%] [32mBuilding CXX object CMakeFiles/autoware_auto_perception_msgs__rosidl_typesupport_introspection_cpp.dir/rosidl_typesupport_introspection_cpp/autoware_auto_perception_msgs/msg/detail/traffic_signal__type_support.cpp.o[0m
[47.686s] [ 22%] [32mBuilding CXX object CMakeFiles/autoware_auto_perception_msgs__rosidl_typesupport_introspection_cpp.dir/rosidl_typesupport_introspection_cpp/autoware_auto_perception_msgs/msg/detail/traffic_signal_array__type_support.cpp.o[0m
[48.504s] [ 23%] [32mBuilding CXX object CMakeFiles/autoware_auto_perception_msgs__rosidl_typesupport_introspection_cpp.dir/rosidl_typesupport_introspection_cpp/autoware_auto_perception_msgs/msg/detail/traffic_signal_stamped__type_support.cpp.o[0m
[49.233s] [ 23%] [32mBuilding CXX object CMakeFiles/autoware_auto_perception_msgs__rosidl_typesupport_introspection_cpp.dir/rosidl_typesupport_introspection_cpp/autoware_auto_perception_msgs/msg/detail/traffic_signal_with_judge__type_support.cpp.o[0m
[49.943s] [ 23%] [32mBuilding CXX object CMakeFiles/autoware_auto_perception_msgs__rosidl_typesupport_introspection_cpp.dir/rosidl_typesupport_introspection_cpp/autoware_auto_perception_msgs/msg/detail/classified_roi__type_support.cpp.o[0m
[50.747s] [ 24%] [32mBuilding CXX object CMakeFiles/autoware_auto_perception_msgs__rosidl_typesupport_introspection_cpp.dir/rosidl_typesupport_introspection_cpp/autoware_auto_perception_msgs/msg/detail/bounding_box_array__type_support.cpp.o[0m
[51.587s] [ 25%] [32m[1mLinking CXX shared library libautoware_auto_perception_msgs__rosidl_typesupport_introspection_cpp.so[0m
[51.888s] [ 25%] Built target autoware_auto_perception_msgs__rosidl_typesupport_introspection_cpp
[51.928s] [ 26%] [34m[1mGenerating C type support dispatch for ROS interfaces[0m
[55.207s] [35m[1mScanning dependencies of target autoware_auto_perception_msgs__rosidl_typesupport_c[0m
[55.270s] [ 26%] [32mBuilding CXX object CMakeFiles/autoware_auto_perception_msgs__rosidl_typesupport_c.dir/rosidl_typesupport_c/autoware_auto_perception_msgs/msg/bounding_box__type_support.cpp.o[0m
[55.361s] [ 27%] [32mBuilding CXX object CMakeFiles/autoware_auto_perception_msgs__rosidl_typesupport_c.dir/rosidl_typesupport_c/autoware_auto_perception_msgs/msg/detected_object__type_support.cpp.o[0m
[55.448s] [ 27%] [32mBuilding CXX object CMakeFiles/autoware_auto_perception_msgs__rosidl_typesupport_c.dir/rosidl_typesupport_c/autoware_auto_perception_msgs/msg/detected_object_kinematics__type_support.cpp.o[0m
[55.534s] [ 28%] [32mBuilding CXX object CMakeFiles/autoware_auto_perception_msgs__rosidl_typesupport_c.dir/rosidl_typesupport_c/autoware_auto_perception_msgs/msg/detected_objects__type_support.cpp.o[0m
[55.621s] [ 28%] [32mBuilding CXX object CMakeFiles/autoware_auto_perception_msgs__rosidl_typesupport_c.dir/rosidl_typesupport_c/autoware_auto_perception_msgs/msg/looking_traffic_signal__type_support.cpp.o[0m
[55.708s] [ 29%] [32mBuilding CXX object CMakeFiles/autoware_auto_perception_msgs__rosidl_typesupport_c.dir/rosidl_typesupport_c/autoware_auto_perception_msgs/msg/object_classification__type_support.cpp.o[0m
[55.792s] [ 29%] [32mBuilding CXX object CMakeFiles/autoware_auto_perception_msgs__rosidl_typesupport_c.dir/rosidl_typesupport_c/autoware_auto_perception_msgs/msg/point_clusters__type_support.cpp.o[0m
[55.880s] [ 29%] [32mBuilding CXX object CMakeFiles/autoware_auto_perception_msgs__rosidl_typesupport_c.dir/rosidl_typesupport_c/autoware_auto_perception_msgs/msg/point_xyzif__type_support.cpp.o[0m
[55.968s] [ 30%] [32mBuilding CXX object CMakeFiles/autoware_auto_perception_msgs__rosidl_typesupport_c.dir/rosidl_typesupport_c/autoware_auto_perception_msgs/msg/predicted_object__type_support.cpp.o[0m
[56.097s] [ 30%] [32mBuilding CXX object CMakeFiles/autoware_auto_perception_msgs__rosidl_typesupport_c.dir/rosidl_typesupport_c/autoware_auto_perception_msgs/msg/predicted_object_kinematics__type_support.cpp.o[0m
[56.173s] [ 31%] [32mBuilding CXX object CMakeFiles/autoware_auto_perception_msgs__rosidl_typesupport_c.dir/rosidl_typesupport_c/autoware_auto_perception_msgs/msg/predicted_objects__type_support.cpp.o[0m
[56.274s] [ 31%] [32mBuilding CXX object CMakeFiles/autoware_auto_perception_msgs__rosidl_typesupport_c.dir/rosidl_typesupport_c/autoware_auto_perception_msgs/msg/predicted_path__type_support.cpp.o[0m
[56.361s] [ 32%] [32mBuilding CXX object CMakeFiles/autoware_auto_perception_msgs__rosidl_typesupport_c.dir/rosidl_typesupport_c/autoware_auto_perception_msgs/msg/shape__type_support.cpp.o[0m
[56.467s] [ 32%] [32mBuilding CXX object CMakeFiles/autoware_auto_perception_msgs__rosidl_typesupport_c.dir/rosidl_typesupport_c/autoware_auto_perception_msgs/msg/tracked_object__type_support.cpp.o[0m
[56.567s] [ 32%] [32mBuilding CXX object CMakeFiles/autoware_auto_perception_msgs__rosidl_typesupport_c.dir/rosidl_typesupport_c/autoware_auto_perception_msgs/msg/tracked_object_kinematics__type_support.cpp.o[0m
[56.675s] [ 33%] [32mBuilding CXX object CMakeFiles/autoware_auto_perception_msgs__rosidl_typesupport_c.dir/rosidl_typesupport_c/autoware_auto_perception_msgs/msg/tracked_objects__type_support.cpp.o[0m
[56.784s] [ 33%] [32mBuilding CXX object CMakeFiles/autoware_auto_perception_msgs__rosidl_typesupport_c.dir/rosidl_typesupport_c/autoware_auto_perception_msgs/msg/traffic_light__type_support.cpp.o[0m
[56.874s] [ 34%] [32mBuilding CXX object CMakeFiles/autoware_auto_perception_msgs__rosidl_typesupport_c.dir/rosidl_typesupport_c/autoware_auto_perception_msgs/msg/traffic_light_roi__type_support.cpp.o[0m
[56.966s] [ 34%] [32mBuilding CXX object CMakeFiles/autoware_auto_perception_msgs__rosidl_typesupport_c.dir/rosidl_typesupport_c/autoware_auto_perception_msgs/msg/traffic_light_roi_array__type_support.cpp.o[0m
[57.070s] [ 35%] [32mBuilding CXX object CMakeFiles/autoware_auto_perception_msgs__rosidl_typesupport_c.dir/rosidl_typesupport_c/autoware_auto_perception_msgs/msg/traffic_signal__type_support.cpp.o[0m
[57.164s] [ 35%] [32mBuilding CXX object CMakeFiles/autoware_auto_perception_msgs__rosidl_typesupport_c.dir/rosidl_typesupport_c/autoware_auto_perception_msgs/msg/traffic_signal_array__type_support.cpp.o[0m
[57.256s] [ 35%] [32mBuilding CXX object CMakeFiles/autoware_auto_perception_msgs__rosidl_typesupport_c.dir/rosidl_typesupport_c/autoware_auto_perception_msgs/msg/traffic_signal_stamped__type_support.cpp.o[0m
[57.361s] [ 36%] [32mBuilding CXX object CMakeFiles/autoware_auto_perception_msgs__rosidl_typesupport_c.dir/rosidl_typesupport_c/autoware_auto_perception_msgs/msg/traffic_signal_with_judge__type_support.cpp.o[0m
[57.447s] [ 36%] [32mBuilding CXX object CMakeFiles/autoware_auto_perception_msgs__rosidl_typesupport_c.dir/rosidl_typesupport_c/autoware_auto_perception_msgs/msg/classified_roi_array__type_support.cpp.o[0m
[57.544s] [ 37%] [32mBuilding CXX object CMakeFiles/autoware_auto_perception_msgs__rosidl_typesupport_c.dir/rosidl_typesupport_c/autoware_auto_perception_msgs/msg/classified_roi__type_support.cpp.o[0m
[57.631s] [ 37%] [32mBuilding CXX object CMakeFiles/autoware_auto_perception_msgs__rosidl_typesupport_c.dir/rosidl_typesupport_c/autoware_auto_perception_msgs/msg/bounding_box_array__type_support.cpp.o[0m
[57.727s] [ 37%] [32m[1mLinking CXX shared library libautoware_auto_perception_msgs__rosidl_typesupport_c.so[0m
[57.861s] [ 37%] Built target autoware_auto_perception_msgs__rosidl_typesupport_c
[57.902s] [ 38%] [34m[1mGenerating C introspection for ROS interfaces[0m
[62.631s] [35m[1mScanning dependencies of target autoware_auto_perception_msgs__rosidl_typesupport_introspection_c[0m
[62.728s] [ 38%] [32mBuilding C object CMakeFiles/autoware_auto_perception_msgs__rosidl_typesupport_introspection_c.dir/rosidl_typesupport_introspection_c/autoware_auto_perception_msgs/msg/detail/bounding_box__type_support.c.o[0m
[62.830s] [ 38%] [32mBuilding C object CMakeFiles/autoware_auto_perception_msgs__rosidl_typesupport_introspection_c.dir/rosidl_typesupport_introspection_c/autoware_auto_perception_msgs/msg/detail/detected_object_kinematics__type_support.c.o[0m
[62.930s] [ 39%] [32mBuilding C object CMakeFiles/autoware_auto_perception_msgs__rosidl_typesupport_introspection_c.dir/rosidl_typesupport_introspection_c/autoware_auto_perception_msgs/msg/detail/detected_objects__type_support.c.o[0m
[63.042s] [ 39%] [32mBuilding C object CMakeFiles/autoware_auto_perception_msgs__rosidl_typesupport_introspection_c.dir/rosidl_typesupport_introspection_c/autoware_auto_perception_msgs/msg/detail/looking_traffic_signal__type_support.c.o[0m
[63.138s] [ 40%] [32mBuilding C object CMakeFiles/autoware_auto_perception_msgs__rosidl_typesupport_introspection_c.dir/rosidl_typesupport_introspection_c/autoware_auto_perception_msgs/msg/detail/object_classification__type_support.c.o[0m
[63.235s] [ 40%] [32mBuilding C object CMakeFiles/autoware_auto_perception_msgs__rosidl_typesupport_introspection_c.dir/rosidl_typesupport_introspection_c/autoware_auto_perception_msgs/msg/detail/point_clusters__type_support.c.o[0m
[63.340s] [ 41%] [32mBuilding C object CMakeFiles/autoware_auto_perception_msgs__rosidl_typesupport_introspection_c.dir/rosidl_typesupport_introspection_c/autoware_auto_perception_msgs/msg/detail/point_xyzif__type_support.c.o[0m
[63.434s] [ 41%] [32mBuilding C object CMakeFiles/autoware_auto_perception_msgs__rosidl_typesupport_introspection_c.dir/rosidl_typesupport_introspection_c/autoware_auto_perception_msgs/msg/detail/predicted_object__type_support.c.o[0m
[63.541s] [ 41%] [32mBuilding C object CMakeFiles/autoware_auto_perception_msgs__rosidl_typesupport_introspection_c.dir/rosidl_typesupport_introspection_c/autoware_auto_perception_msgs/msg/detail/predicted_object_kinematics__type_support.c.o[0m
[63.653s] [ 42%] [32mBuilding C object CMakeFiles/autoware_auto_perception_msgs__rosidl_typesupport_introspection_c.dir/rosidl_typesupport_introspection_c/autoware_auto_perception_msgs/msg/detail/predicted_objects__type_support.c.o[0m
[63.767s] [ 42%] [32mBuilding C object CMakeFiles/autoware_auto_perception_msgs__rosidl_typesupport_introspection_c.dir/rosidl_typesupport_introspection_c/autoware_auto_perception_msgs/msg/detail/predicted_path__type_support.c.o[0m
[63.875s] [ 43%] [32mBuilding C object CMakeFiles/autoware_auto_perception_msgs__rosidl_typesupport_introspection_c.dir/rosidl_typesupport_introspection_c/autoware_auto_perception_msgs/msg/detail/shape__type_support.c.o[0m
[63.975s] [ 43%] [32mBuilding C object CMakeFiles/autoware_auto_perception_msgs__rosidl_typesupport_introspection_c.dir/rosidl_typesupport_introspection_c/autoware_auto_perception_msgs/msg/detail/tracked_object__type_support.c.o[0m
[64.083s] [ 44%] [32mBuilding C object CMakeFiles/autoware_auto_perception_msgs__rosidl_typesupport_introspection_c.dir/rosidl_typesupport_introspection_c/autoware_auto_perception_msgs/msg/detail/tracked_object_kinematics__type_support.c.o[0m
[64.189s] [ 44%] [32mBuilding C object CMakeFiles/autoware_auto_perception_msgs__rosidl_typesupport_introspection_c.dir/rosidl_typesupport_introspection_c/autoware_auto_perception_msgs/msg/detail/tracked_objects__type_support.c.o[0m
[64.300s] [ 44%] [32mBuilding C object CMakeFiles/autoware_auto_perception_msgs__rosidl_typesupport_introspection_c.dir/rosidl_typesupport_introspection_c/autoware_auto_perception_msgs/msg/detail/traffic_light__type_support.c.o[0m
[64.398s] [ 45%] [32mBuilding C object CMakeFiles/autoware_auto_perception_msgs__rosidl_typesupport_introspection_c.dir/rosidl_typesupport_introspection_c/autoware_auto_perception_msgs/msg/detail/traffic_light_roi__type_support.c.o[0m
[64.500s] [ 45%] [32mBuilding C object CMakeFiles/autoware_auto_perception_msgs__rosidl_typesupport_introspection_c.dir/rosidl_typesupport_introspection_c/autoware_auto_perception_msgs/msg/detail/traffic_light_roi_array__type_support.c.o[0m
[64.606s] [ 46%] [32mBuilding C object CMakeFiles/autoware_auto_perception_msgs__rosidl_typesupport_introspection_c.dir/rosidl_typesupport_introspection_c/autoware_auto_perception_msgs/msg/detail/traffic_signal__type_support.c.o[0m
[64.706s] [ 46%] [32mBuilding C object CMakeFiles/autoware_auto_perception_msgs__rosidl_typesupport_introspection_c.dir/rosidl_typesupport_introspection_c/autoware_auto_perception_msgs/msg/detail/traffic_signal_array__type_support.c.o[0m
[64.818s] [ 47%] [32mBuilding C object CMakeFiles/autoware_auto_perception_msgs__rosidl_typesupport_introspection_c.dir/rosidl_typesupport_introspection_c/autoware_auto_perception_msgs/msg/detail/traffic_signal_stamped__type_support.c.o[0m
[64.918s] [ 47%] [32mBuilding C object CMakeFiles/autoware_auto_perception_msgs__rosidl_typesupport_introspection_c.dir/rosidl_typesupport_introspection_c/autoware_auto_perception_msgs/msg/detail/traffic_signal_with_judge__type_support.c.o[0m
[65.009s] [ 47%] [32mBuilding C object CMakeFiles/autoware_auto_perception_msgs__rosidl_typesupport_introspection_c.dir/rosidl_typesupport_introspection_c/autoware_auto_perception_msgs/msg/detail/detected_object__type_support.c.o[0m
[65.109s] [ 48%] [32mBuilding C object CMakeFiles/autoware_auto_perception_msgs__rosidl_typesupport_introspection_c.dir/rosidl_typesupport_introspection_c/autoware_auto_perception_msgs/msg/detail/classified_roi_array__type_support.c.o[0m
[65.204s] [ 48%] [32mBuilding C object CMakeFiles/autoware_auto_perception_msgs__rosidl_typesupport_introspection_c.dir/rosidl_typesupport_introspection_c/autoware_auto_perception_msgs/msg/detail/classified_roi__type_support.c.o[0m
[65.299s] [ 49%] [32mBuilding C object CMakeFiles/autoware_auto_perception_msgs__rosidl_typesupport_introspection_c.dir/rosidl_typesupport_introspection_c/autoware_auto_perception_msgs/msg/detail/bounding_box_array__type_support.c.o[0m
[65.344s] make[2]: *** [CMakeFiles/autoware_auto_perception_msgs__rosidl_typesupport_introspection_c.dir/build.make:359: CMakeFiles/autoware_auto_perception_msgs__rosidl_typesupport_introspection_c.dir/rosidl_typesupport_introspection_c/autoware_auto_perception_msgs/msg/detail/bounding_box_array__type_support.c.o] Interrupt
[65.351s] make[1]: *** [CMakeFiles/Makefile2:361: CMakeFiles/autoware_auto_perception_msgs__rosidl_typesupport_introspection_c.dir/all] Interrupt
[65.351s] make: *** [Makefile:141: all] Interrupt
[65.424s] Invoked command in '/root/r2ware/build/autoware_auto_perception_msgs' returned '-2': AMENT_PREFIX_PATH=/root/r2ware/install/autoware_auto_geometry_msgs:${AMENT_PREFIX_PATH} CMAKE_PREFIX_PATH=/root/r2ware/install/autoware_auto_geometry_msgs:/root/yahboomcar_ros2_ws/yahboomcar_ws/install/yahboomcar_slam:/root/yahboomcar_ros2_ws/yahboomcar_ws/install/yahboomcar_point:/root/yahboomcar_ros2_ws/yahboomcar_ws/install/yahboomcar_msgs:/root/yahboomcar_ros2_ws/yahboomcar_ws/install/yahboomcar_base_node:/root/yahboomcar_ros2_ws/yahboomcar_ws/install/yahboomcar_KCFTracker:/root/yahboomcar_ros2_ws/yahboomcar_ws/install/yahboom_web_savmap_interfaces:/root/yahboomcar_ros2_ws/yahboomcar_ws/install/robot_pose_publisher_ros2:/root/yahboomcar_ros2_ws/software/library_ws/install/ydlidar_ros2_driver:/root/yahboomcar_ros2_ws/software/library_ws/install/web_video_server:/root/yahboomcar_ros2_ws/software/library_ws/install/teb_local_planner:/root/yahboomcar_ros2_ws/software/library_ws/install/teb_msgs:/root/yahboomcar_ros2_ws/software/library_ws/install/sllidar_ros2:/root/yahboomcar_ros2_ws/software/library_ws/install/slam_gmapping:/root/yahboomcar_ros2_ws/software/library_ws/install/ros2_orbslam:/root/yahboomcar_ros2_ws/software/library_ws/install/robot_localization:/root/yahboomcar_ros2_ws/software/library_ws/install/openslam_gmapping:/root/yahboomcar_ros2_ws/software/library_ws/install/octomap_mapping:/root/yahboomcar_ros2_ws/software/library_ws/install/octomap_server:/root/yahboomcar_ros2_ws/software/library_ws/install/costmap_converter:/root/yahboomcar_ros2_ws/software/library_ws/install/costmap_converter_msgs:/root/yahboomcar_ros2_ws/software/library_ws/install/astra_camera:/root/yahboomcar_ros2_ws/software/library_ws/install/astra_camera_msgs:/root/yahboomcar_ros2_ws/yahboomcar_ws/install/yahboomcar_voice_ctrl:/root/yahboomcar_ros2_ws/yahboomcar_ws/install/yahboomcar_visual:/root/yahboomcar_ros2_ws/yahboomcar_ws/install/yahboomcar_nav:/root/yahboomcar_ros2_ws/yahboomcar_ws/install/yahboomcar_multi:/root/yahboomcar_ros2_ws/yahboomcar_ws/install/yahboomcar_mediapipe:/root/yahboomcar_ros2_ws/yahboomcar_ws/install/yahboomcar_linefollow:/root/yahboomcar_ros2_ws/yahboomcar_ws/install/yahboomcar_laser:/root/yahboomcar_ros2_ws/yahboomcar_ws/install/yahboomcar_description_x1:/root/yahboomcar_ros2_ws/yahboomcar_ws/install/yahboomcar_description:/root/yahboomcar_ros2_ws/yahboomcar_ws/install/yahboomcar_ctrl:/root/yahboomcar_ros2_ws/yahboomcar_ws/install/yahboomcar_bringup:/root/yahboomcar_ros2_ws/yahboomcar_ws/install/yahboomcar_astra:/root/yahboomcar_ros2_ws/yahboomcar_ws/install/yahboom_app_save_map:/root/yahboomcar_ros2_ws/yahboomcar_ws/install/robot_pose_publisher:/root/yahboomcar_ros2_ws/yahboomcar_ws/install/laserscan_to_point_pulisher:/opt/ros/foxy LD_LIBRARY_PATH=/root/r2ware/install/autoware_auto_geometry_msgs/lib:${LD_LIBRARY_PATH} PYTHONPATH=/root/r2ware/install/autoware_auto_geometry_msgs/lib/python3.8/site-packages:${PYTHONPATH} /usr/bin/cmake --build /root/r2ware/build/autoware_auto_perception_msgs -- -j8 -l8
