[0.298s] Invoking command in '/root/r2ware/build/autoware_control_msgs': CMAKE_PREFIX_PATH=${CMAKE_PREFIX_PATH}:/root/yahboomcar_ros2_ws/yahboomcar_ws/install/yahboomcar_voice_ctrl:/root/yahboomcar_ros2_ws/yahboomcar_ws/install/yahboomcar_visual:/root/yahboomcar_ros2_ws/yahboomcar_ws/install/yahboomcar_nav:/root/yahboomcar_ros2_ws/yahboomcar_ws/install/yahboomcar_multi:/root/yahboomcar_ros2_ws/yahboomcar_ws/install/yahboomcar_mediapipe:/root/yahboomcar_ros2_ws/yahboomcar_ws/install/yahboomcar_linefollow:/root/yahboomcar_ros2_ws/yahboomcar_ws/install/yahboomcar_laser:/root/yahboomcar_ros2_ws/yahboomcar_ws/install/yahboomcar_description_x1:/root/yahboomcar_ros2_ws/yahboomcar_ws/install/yahboomcar_description:/root/yahboomcar_ros2_ws/yahboomcar_ws/install/yahboomcar_ctrl:/root/yahboomcar_ros2_ws/yahboomcar_ws/install/yahboomcar_bringup:/root/yahboomcar_ros2_ws/yahboomcar_ws/install/yahboomcar_astra:/root/yahboomcar_ros2_ws/yahboomcar_ws/install/yahboom_app_save_map:/root/yahboomcar_ros2_ws/yahboomcar_ws/install/robot_pose_publisher:/root/yahboomcar_ros2_ws/yahboomcar_ws/install/laserscan_to_point_pulisher:/opt/ros/foxy /usr/bin/cmake /root/r2ware/src/autoware_dependencies/core/autoware_msgs/autoware_control_msgs -DCMAKE_INSTALL_PREFIX=/root/r2ware/install/autoware_control_msgs
[0.807s] -- The C compiler identification is GNU 9.4.0
[1.159s] -- The CXX compiler identification is GNU 9.4.0
[1.197s] -- Check for working C compiler: /usr/bin/cc
[1.929s] -- Check for working C compiler: /usr/bin/cc -- works
[1.929s] -- Detecting C compiler ABI info
[2.315s] -- Detecting C compiler ABI info - done
[2.355s] -- Detecting C compile features
[2.356s] -- Detecting C compile features - done
[2.366s] -- Check for working CXX compiler: /usr/bin/c++
[2.847s] -- Check for working CXX compiler: /usr/bin/c++ -- works
[2.850s] -- Detecting CXX compiler ABI info
[3.461s] -- Detecting CXX compiler ABI info - done
[3.486s] -- Detecting CXX compile features
[3.506s] -- Detecting CXX compile features - done
[3.554s] -- Found ament_cmake_auto: 0.9.11 (/opt/ros/foxy/share/ament_cmake_auto/cmake)
[3.739s] -- Found PythonInterp: /usr/bin/python3 (found suitable version "3.8.10", minimum required is "3") 
[3.739s] -- Using PYTHON_EXECUTABLE: /usr/bin/python3
[5.402s] -- Using all available rosidl_typesupport_c: rosidl_typesupport_fastrtps_c;rosidl_typesupport_introspection_c
[5.477s] -- Found rosidl_adapter: 1.3.0 (/opt/ros/foxy/share/rosidl_adapter/cmake)
[6.111s] -- Found OpenSSL: /usr/lib/aarch64-linux-gnu/libcrypto.so (found version "1.1.1f")  
[6.240s] -- Found FastRTPS: /opt/ros/foxy/include  
[6.644s] -- Using all available rosidl_typesupport_cpp: rosidl_typesupport_fastrtps_cpp;rosidl_typesupport_introspection_cpp
[6.969s] -- Found PythonInterp: /usr/bin/python3 (found version "3.8.10") 
[7.255s] -- Found ament_cmake_cppcheck: 0.9.7 (/opt/ros/foxy/share/ament_cmake_cppcheck/cmake)
[7.289s] -- Found ament_cmake_cpplint: 0.9.7 (/opt/ros/foxy/share/ament_cmake_cpplint/cmake)
[7.317s] -- Found ament_cmake_uncrustify: 0.9.7 (/opt/ros/foxy/share/ament_cmake_uncrustify/cmake)
[7.345s] -- Found ament_cmake_ros: 0.9.2 (/opt/ros/foxy/share/ament_cmake_ros/cmake)
[7.890s] -- Using all available rosidl_typesupport_c: rosidl_typesupport_fastrtps_c;rosidl_typesupport_introspection_c
[7.944s] -- Using all available rosidl_typesupport_cpp: rosidl_typesupport_fastrtps_cpp;rosidl_typesupport_introspection_cpp
[8.040s] -- Found PythonInterp: /usr/bin/python3 (found suitable version "3.8.10", minimum required is "3.5") 
[8.059s] -- Found python_cmake_module: 0.8.1 (/opt/ros/foxy/share/python_cmake_module/cmake)
[8.169s] -- Found PythonLibs: /usr/lib/aarch64-linux-gnu/libpython3.8.so (found suitable version "3.8.10", minimum required is "3.5") 
[8.169s] -- Using PYTHON_EXECUTABLE: /usr/bin/python3
[8.169s] -- Using PYTHON_INCLUDE_DIRS: /usr/include/python3.8
[8.170s] -- Using PYTHON_LIBRARIES: /usr/lib/aarch64-linux-gnu/libpython3.8.so
[8.270s] -- Found PythonExtra: .so  
[8.534s] -- Found ament_cmake_flake8: 0.9.7 (/opt/ros/foxy/share/ament_cmake_flake8/cmake)
[8.556s] -- Found ament_cmake_pep257: 0.9.7 (/opt/ros/foxy/share/ament_cmake_pep257/cmake)
[8.582s] -- Found ament_lint_auto: 0.9.7 (/opt/ros/foxy/share/ament_lint_auto/cmake)
[8.713s] -- Added test 'copyright' to check source files copyright and LICENSE
[8.716s] -- Added test 'lint_cmake' to check CMake code style
[8.722s] -- Added test 'xmllint' to check XML markup files
[8.755s] -- Configuring done
[8.860s] -- Generating done
[8.867s] -- Build files have been written to: /root/r2ware/build/autoware_control_msgs
[8.914s] Invoked command in '/root/r2ware/build/autoware_control_msgs' returned '0': CMAKE_PREFIX_PATH=${CMAKE_PREFIX_PATH}:/root/yahboomcar_ros2_ws/yahboomcar_ws/install/yahboomcar_voice_ctrl:/root/yahboomcar_ros2_ws/yahboomcar_ws/install/yahboomcar_visual:/root/yahboomcar_ros2_ws/yahboomcar_ws/install/yahboomcar_nav:/root/yahboomcar_ros2_ws/yahboomcar_ws/install/yahboomcar_multi:/root/yahboomcar_ros2_ws/yahboomcar_ws/install/yahboomcar_mediapipe:/root/yahboomcar_ros2_ws/yahboomcar_ws/install/yahboomcar_linefollow:/root/yahboomcar_ros2_ws/yahboomcar_ws/install/yahboomcar_laser:/root/yahboomcar_ros2_ws/yahboomcar_ws/install/yahboomcar_description_x1:/root/yahboomcar_ros2_ws/yahboomcar_ws/install/yahboomcar_description:/root/yahboomcar_ros2_ws/yahboomcar_ws/install/yahboomcar_ctrl:/root/yahboomcar_ros2_ws/yahboomcar_ws/install/yahboomcar_bringup:/root/yahboomcar_ros2_ws/yahboomcar_ws/install/yahboomcar_astra:/root/yahboomcar_ros2_ws/yahboomcar_ws/install/yahboom_app_save_map:/root/yahboomcar_ros2_ws/yahboomcar_ws/install/robot_pose_publisher:/root/yahboomcar_ros2_ws/yahboomcar_ws/install/laserscan_to_point_pulisher:/opt/ros/foxy /usr/bin/cmake /root/r2ware/src/autoware_dependencies/core/autoware_msgs/autoware_control_msgs -DCMAKE_INSTALL_PREFIX=/root/r2ware/install/autoware_control_msgs
[8.915s] Invoking command in '/root/r2ware/build/autoware_control_msgs': CMAKE_PREFIX_PATH=${CMAKE_PREFIX_PATH}:/root/yahboomcar_ros2_ws/yahboomcar_ws/install/yahboomcar_voice_ctrl:/root/yahboomcar_ros2_ws/yahboomcar_ws/install/yahboomcar_visual:/root/yahboomcar_ros2_ws/yahboomcar_ws/install/yahboomcar_nav:/root/yahboomcar_ros2_ws/yahboomcar_ws/install/yahboomcar_multi:/root/yahboomcar_ros2_ws/yahboomcar_ws/install/yahboomcar_mediapipe:/root/yahboomcar_ros2_ws/yahboomcar_ws/install/yahboomcar_linefollow:/root/yahboomcar_ros2_ws/yahboomcar_ws/install/yahboomcar_laser:/root/yahboomcar_ros2_ws/yahboomcar_ws/install/yahboomcar_description_x1:/root/yahboomcar_ros2_ws/yahboomcar_ws/install/yahboomcar_description:/root/yahboomcar_ros2_ws/yahboomcar_ws/install/yahboomcar_ctrl:/root/yahboomcar_ros2_ws/yahboomcar_ws/install/yahboomcar_bringup:/root/yahboomcar_ros2_ws/yahboomcar_ws/install/yahboomcar_astra:/root/yahboomcar_ros2_ws/yahboomcar_ws/install/yahboom_app_save_map:/root/yahboomcar_ros2_ws/yahboomcar_ws/install/robot_pose_publisher:/root/yahboomcar_ros2_ws/yahboomcar_ws/install/laserscan_to_point_pulisher:/opt/ros/foxy /usr/bin/cmake --build /root/r2ware/build/autoware_control_msgs -- -j8 -l8
[9.635s] [35m[1mScanning dependencies of target autoware_control_msgs__cpp[0m
[9.635s] [  1%] [34m[1mGenerating C++ code for ROS interfaces[0m
[11.252s] [  1%] Built target autoware_control_msgs__cpp
[11.333s] [  3%] [34m[1mGenerating C code for ROS interfaces[0m
[13.649s] [35m[1mScanning dependencies of target autoware_control_msgs__rosidl_generator_c[0m
[13.712s] [  5%] [32mBuilding C object CMakeFiles/autoware_control_msgs__rosidl_generator_c.dir/rosidl_generator_c/autoware_control_msgs/msg/detail/control__functions.c.o[0m
[13.911s] [  7%] [32mBuilding C object CMakeFiles/autoware_control_msgs__rosidl_generator_c.dir/rosidl_generator_c/autoware_control_msgs/msg/detail/longitudinal__functions.c.o[0m
[14.109s] [  9%] [32mBuilding C object CMakeFiles/autoware_control_msgs__rosidl_generator_c.dir/rosidl_generator_c/autoware_control_msgs/msg/detail/lateral__functions.c.o[0m
[14.287s] [ 10%] [32mBuilding C object CMakeFiles/autoware_control_msgs__rosidl_generator_c.dir/rosidl_generator_c/autoware_control_msgs/msg/detail/control_horizon__functions.c.o[0m
[14.489s] [ 12%] [32m[1mLinking C shared library libautoware_control_msgs__rosidl_generator_c.so[0m
[14.686s] [ 12%] Built target autoware_control_msgs__rosidl_generator_c
[14.736s] [ 14%] [34m[1mGenerating C++ type support dispatch for ROS interfaces[0m
[16.109s] [35m[1mScanning dependencies of target autoware_control_msgs__rosidl_typesupport_cpp[0m
[16.179s] [ 16%] [32mBuilding CXX object CMakeFiles/autoware_control_msgs__rosidl_typesupport_cpp.dir/rosidl_typesupport_cpp/autoware_control_msgs/msg/control__type_support.cpp.o[0m
[16.925s] [ 18%] [32mBuilding CXX object CMakeFiles/autoware_control_msgs__rosidl_typesupport_cpp.dir/rosidl_typesupport_cpp/autoware_control_msgs/msg/longitudinal__type_support.cpp.o[0m
[17.712s] [ 20%] [32mBuilding CXX object CMakeFiles/autoware_control_msgs__rosidl_typesupport_cpp.dir/rosidl_typesupport_cpp/autoware_control_msgs/msg/lateral__type_support.cpp.o[0m
[18.508s] [ 21%] [32mBuilding CXX object CMakeFiles/autoware_control_msgs__rosidl_typesupport_cpp.dir/rosidl_typesupport_cpp/autoware_control_msgs/msg/control_horizon__type_support.cpp.o[0m
[19.325s] [ 23%] [32m[1mLinking CXX shared library libautoware_control_msgs__rosidl_typesupport_cpp.so[0m
[19.530s] [ 23%] Built target autoware_control_msgs__rosidl_typesupport_cpp
[19.609s] [ 25%] [34m[1mGenerating C type support dispatch for ROS interfaces[0m
[20.945s] [35m[1mScanning dependencies of target autoware_control_msgs__rosidl_typesupport_c[0m
[20.986s] [ 27%] [32mBuilding CXX object CMakeFiles/autoware_control_msgs__rosidl_typesupport_c.dir/rosidl_typesupport_c/autoware_control_msgs/msg/control__type_support.cpp.o[0m
[21.098s] [ 29%] [32mBuilding CXX object CMakeFiles/autoware_control_msgs__rosidl_typesupport_c.dir/rosidl_typesupport_c/autoware_control_msgs/msg/longitudinal__type_support.cpp.o[0m
[21.189s] [ 30%] [32mBuilding CXX object CMakeFiles/autoware_control_msgs__rosidl_typesupport_c.dir/rosidl_typesupport_c/autoware_control_msgs/msg/lateral__type_support.cpp.o[0m
[21.277s] [ 32%] [32mBuilding CXX object CMakeFiles/autoware_control_msgs__rosidl_typesupport_c.dir/rosidl_typesupport_c/autoware_control_msgs/msg/control_horizon__type_support.cpp.o[0m
[21.371s] [ 34%] [32m[1mLinking CXX shared library libautoware_control_msgs__rosidl_typesupport_c.so[0m
[21.499s] [ 34%] Built target autoware_control_msgs__rosidl_typesupport_c
[21.556s] [ 36%] [34m[1mGenerating C introspection for ROS interfaces[0m
[23.106s] [35m[1mScanning dependencies of target autoware_control_msgs__rosidl_typesupport_introspection_c[0m
[23.155s] [ 38%] [32mBuilding C object CMakeFiles/autoware_control_msgs__rosidl_typesupport_introspection_c.dir/rosidl_typesupport_introspection_c/autoware_control_msgs/msg/detail/control__type_support.c.o[0m
[23.271s] [ 40%] [32mBuilding C object CMakeFiles/autoware_control_msgs__rosidl_typesupport_introspection_c.dir/rosidl_typesupport_introspection_c/autoware_control_msgs/msg/detail/longitudinal__type_support.c.o[0m
[23.377s] [ 41%] [32mBuilding C object CMakeFiles/autoware_control_msgs__rosidl_typesupport_introspection_c.dir/rosidl_typesupport_introspection_c/autoware_control_msgs/msg/detail/lateral__type_support.c.o[0m
[23.558s] [ 43%] [32mBuilding C object CMakeFiles/autoware_control_msgs__rosidl_typesupport_introspection_c.dir/rosidl_typesupport_introspection_c/autoware_control_msgs/msg/detail/control_horizon__type_support.c.o[0m
[23.693s] [ 45%] [32m[1mLinking C shared library libautoware_control_msgs__rosidl_typesupport_introspection_c.so[0m
[23.833s] [ 45%] Built target autoware_control_msgs__rosidl_typesupport_introspection_c
[23.870s] [ 47%] [34m[1mGenerating C++ type support for eProsima Fast-RTPS[0m
[25.363s] [35m[1mScanning dependencies of target autoware_control_msgs__rosidl_typesupport_fastrtps_cpp[0m
[25.425s] [ 49%] [32mBuilding CXX object CMakeFiles/autoware_control_msgs__rosidl_typesupport_fastrtps_cpp.dir/rosidl_typesupport_fastrtps_cpp/autoware_control_msgs/msg/detail/dds_fastrtps/control__type_support.cpp.o[0m
[26.448s] [ 50%] [32mBuilding CXX object CMakeFiles/autoware_control_msgs__rosidl_typesupport_fastrtps_cpp.dir/rosidl_typesupport_fastrtps_cpp/autoware_control_msgs/msg/detail/dds_fastrtps/longitudinal__type_support.cpp.o[0m
[27.447s] [ 52%] [32mBuilding CXX object CMakeFiles/autoware_control_msgs__rosidl_typesupport_fastrtps_cpp.dir/rosidl_typesupport_fastrtps_cpp/autoware_control_msgs/msg/detail/dds_fastrtps/lateral__type_support.cpp.o[0m
[28.434s] [ 54%] [32mBuilding CXX object CMakeFiles/autoware_control_msgs__rosidl_typesupport_fastrtps_cpp.dir/rosidl_typesupport_fastrtps_cpp/autoware_control_msgs/msg/detail/dds_fastrtps/control_horizon__type_support.cpp.o[0m
[29.544s] [ 56%] [32m[1mLinking CXX shared library libautoware_control_msgs__rosidl_typesupport_fastrtps_cpp.so[0m
[29.769s] [ 56%] Built target autoware_control_msgs__rosidl_typesupport_fastrtps_cpp
[29.807s] [ 58%] [34m[1mGenerating C++ introspection for ROS interfaces[0m
[31.203s] [35m[1mScanning dependencies of target autoware_control_msgs__rosidl_typesupport_introspection_cpp[0m
[31.249s] [ 60%] [32mBuilding CXX object CMakeFiles/autoware_control_msgs__rosidl_typesupport_introspection_cpp.dir/rosidl_typesupport_introspection_cpp/autoware_control_msgs/msg/detail/control__type_support.cpp.o[0m
[31.946s] [ 61%] [32mBuilding CXX object CMakeFiles/autoware_control_msgs__rosidl_typesupport_introspection_cpp.dir/rosidl_typesupport_introspection_cpp/autoware_control_msgs/msg/detail/longitudinal__type_support.cpp.o[0m
[32.645s] [ 63%] [32mBuilding CXX object CMakeFiles/autoware_control_msgs__rosidl_typesupport_introspection_cpp.dir/rosidl_typesupport_introspection_cpp/autoware_control_msgs/msg/detail/lateral__type_support.cpp.o[0m
[33.363s] [ 65%] [32mBuilding CXX object CMakeFiles/autoware_control_msgs__rosidl_typesupport_introspection_cpp.dir/rosidl_typesupport_introspection_cpp/autoware_control_msgs/msg/detail/control_horizon__type_support.cpp.o[0m
[34.194s] [ 67%] [32m[1mLinking CXX shared library libautoware_control_msgs__rosidl_typesupport_introspection_cpp.so[0m
[34.395s] [ 67%] Built target autoware_control_msgs__rosidl_typesupport_introspection_cpp
[34.434s] [ 69%] [34m[1mGenerating C type support for eProsima Fast-RTPS[0m
[35.900s] [35m[1mScanning dependencies of target autoware_control_msgs__rosidl_typesupport_fastrtps_c[0m
[35.953s] [ 70%] [32mBuilding CXX object CMakeFiles/autoware_control_msgs__rosidl_typesupport_fastrtps_c.dir/rosidl_typesupport_fastrtps_c/autoware_control_msgs/msg/detail/control__type_support_c.cpp.o[0m
[36.809s] [ 72%] [32mBuilding CXX object CMakeFiles/autoware_control_msgs__rosidl_typesupport_fastrtps_c.dir/rosidl_typesupport_fastrtps_c/autoware_control_msgs/msg/detail/longitudinal__type_support_c.cpp.o[0m
[37.682s] [ 74%] [32mBuilding CXX object CMakeFiles/autoware_control_msgs__rosidl_typesupport_fastrtps_c.dir/rosidl_typesupport_fastrtps_c/autoware_control_msgs/msg/detail/lateral__type_support_c.cpp.o[0m
[38.532s] [ 76%] [32mBuilding CXX object CMakeFiles/autoware_control_msgs__rosidl_typesupport_fastrtps_c.dir/rosidl_typesupport_fastrtps_c/autoware_control_msgs/msg/detail/control_horizon__type_support_c.cpp.o[0m
[39.401s] [ 78%] [32m[1mLinking CXX shared library libautoware_control_msgs__rosidl_typesupport_fastrtps_c.so[0m
[39.626s] [ 78%] Built target autoware_control_msgs__rosidl_typesupport_fastrtps_c
[39.662s] [35m[1mScanning dependencies of target autoware_control_msgs[0m
[39.700s] [ 78%] Built target autoware_control_msgs
[39.738s] [35m[1mScanning dependencies of target autoware_control_msgs__py[0m
[39.777s] [ 80%] [34m[1mGenerating Python code for ROS interfaces[0m
[42.451s] [ 80%] Built target autoware_control_msgs__py
[42.489s] [35m[1mScanning dependencies of target autoware_control_msgs__python[0m
[42.559s] [ 81%] [32mBuilding C object CMakeFiles/autoware_control_msgs__python.dir/rosidl_generator_py/autoware_control_msgs/msg/_control_s.c.o[0m
[42.784s] [ 83%] [32mBuilding C object CMakeFiles/autoware_control_msgs__python.dir/rosidl_generator_py/autoware_control_msgs/msg/_longitudinal_s.c.o[0m
[43.023s] [ 85%] [32mBuilding C object CMakeFiles/autoware_control_msgs__python.dir/rosidl_generator_py/autoware_control_msgs/msg/_lateral_s.c.o[0m
[43.242s] [ 87%] [32mBuilding C object CMakeFiles/autoware_control_msgs__python.dir/rosidl_generator_py/autoware_control_msgs/msg/_control_horizon_s.c.o[0m
[43.466s] [ 89%] [32m[1mLinking C shared library rosidl_generator_py/autoware_control_msgs/libautoware_control_msgs__python.so[0m
[43.581s] [ 89%] Built target autoware_control_msgs__python
[43.618s] [35m[1mScanning dependencies of target autoware_control_msgs__rosidl_typesupport_fastrtps_c__pyext[0m
[43.676s] [ 90%] [32mBuilding C object CMakeFiles/autoware_control_msgs__rosidl_typesupport_fastrtps_c__pyext.dir/rosidl_generator_py/autoware_control_msgs/_autoware_control_msgs_s.ep.rosidl_typesupport_fastrtps_c.c.o[0m
[43.904s] [ 92%] [32m[1mLinking CXX shared library rosidl_generator_py/autoware_control_msgs/autoware_control_msgs_s__rosidl_typesupport_fastrtps_c.cpython-38-aarch64-linux-gnu.so[0m
[44.065s] [ 92%] Built target autoware_control_msgs__rosidl_typesupport_fastrtps_c__pyext
[44.101s] [35m[1mScanning dependencies of target autoware_control_msgs__rosidl_typesupport_introspection_c__pyext[0m
[44.155s] [ 94%] [32mBuilding C object CMakeFiles/autoware_control_msgs__rosidl_typesupport_introspection_c__pyext.dir/rosidl_generator_py/autoware_control_msgs/_autoware_control_msgs_s.ep.rosidl_typesupport_introspection_c.c.o[0m
[44.378s] [ 96%] [32m[1mLinking C shared library rosidl_generator_py/autoware_control_msgs/autoware_control_msgs_s__rosidl_typesupport_introspection_c.cpython-38-aarch64-linux-gnu.so[0m
[44.482s] [ 96%] Built target autoware_control_msgs__rosidl_typesupport_introspection_c__pyext
[44.520s] [35m[1mScanning dependencies of target autoware_control_msgs__rosidl_typesupport_c__pyext[0m
[44.576s] [ 98%] [32mBuilding C object CMakeFiles/autoware_control_msgs__rosidl_typesupport_c__pyext.dir/rosidl_generator_py/autoware_control_msgs/_autoware_control_msgs_s.ep.rosidl_typesupport_c.c.o[0m
[44.801s] [100%] [32m[1mLinking C shared library rosidl_generator_py/autoware_control_msgs/autoware_control_msgs_s__rosidl_typesupport_c.cpython-38-aarch64-linux-gnu.so[0m
[44.910s] [100%] Built target autoware_control_msgs__rosidl_typesupport_c__pyext
[44.949s] Invoked command in '/root/r2ware/build/autoware_control_msgs' returned '0': CMAKE_PREFIX_PATH=${CMAKE_PREFIX_PATH}:/root/yahboomcar_ros2_ws/yahboomcar_ws/install/yahboomcar_voice_ctrl:/root/yahboomcar_ros2_ws/yahboomcar_ws/install/yahboomcar_visual:/root/yahboomcar_ros2_ws/yahboomcar_ws/install/yahboomcar_nav:/root/yahboomcar_ros2_ws/yahboomcar_ws/install/yahboomcar_multi:/root/yahboomcar_ros2_ws/yahboomcar_ws/install/yahboomcar_mediapipe:/root/yahboomcar_ros2_ws/yahboomcar_ws/install/yahboomcar_linefollow:/root/yahboomcar_ros2_ws/yahboomcar_ws/install/yahboomcar_laser:/root/yahboomcar_ros2_ws/yahboomcar_ws/install/yahboomcar_description_x1:/root/yahboomcar_ros2_ws/yahboomcar_ws/install/yahboomcar_description:/root/yahboomcar_ros2_ws/yahboomcar_ws/install/yahboomcar_ctrl:/root/yahboomcar_ros2_ws/yahboomcar_ws/install/yahboomcar_bringup:/root/yahboomcar_ros2_ws/yahboomcar_ws/install/yahboomcar_astra:/root/yahboomcar_ros2_ws/yahboomcar_ws/install/yahboom_app_save_map:/root/yahboomcar_ros2_ws/yahboomcar_ws/install/robot_pose_publisher:/root/yahboomcar_ros2_ws/yahboomcar_ws/install/laserscan_to_point_pulisher:/opt/ros/foxy /usr/bin/cmake --build /root/r2ware/build/autoware_control_msgs -- -j8 -l8
[45.487s] Invoking command in '/root/r2ware/build/autoware_control_msgs': CMAKE_PREFIX_PATH=${CMAKE_PREFIX_PATH}:/root/yahboomcar_ros2_ws/yahboomcar_ws/install/yahboomcar_voice_ctrl:/root/yahboomcar_ros2_ws/yahboomcar_ws/install/yahboomcar_visual:/root/yahboomcar_ros2_ws/yahboomcar_ws/install/yahboomcar_nav:/root/yahboomcar_ros2_ws/yahboomcar_ws/install/yahboomcar_multi:/root/yahboomcar_ros2_ws/yahboomcar_ws/install/yahboomcar_mediapipe:/root/yahboomcar_ros2_ws/yahboomcar_ws/install/yahboomcar_linefollow:/root/yahboomcar_ros2_ws/yahboomcar_ws/install/yahboomcar_laser:/root/yahboomcar_ros2_ws/yahboomcar_ws/install/yahboomcar_description_x1:/root/yahboomcar_ros2_ws/yahboomcar_ws/install/yahboomcar_description:/root/yahboomcar_ros2_ws/yahboomcar_ws/install/yahboomcar_ctrl:/root/yahboomcar_ros2_ws/yahboomcar_ws/install/yahboomcar_bringup:/root/yahboomcar_ros2_ws/yahboomcar_ws/install/yahboomcar_astra:/root/yahboomcar_ros2_ws/yahboomcar_ws/install/yahboom_app_save_map:/root/yahboomcar_ros2_ws/yahboomcar_ws/install/robot_pose_publisher:/root/yahboomcar_ros2_ws/yahboomcar_ws/install/laserscan_to_point_pulisher:/opt/ros/foxy /usr/bin/cmake --install /root/r2ware/build/autoware_control_msgs
[45.529s] -- Install configuration: ""
[45.529s] -- Installing: /root/r2ware/install/autoware_control_msgs/share/ament_index/resource_index/rosidl_interfaces/autoware_control_msgs
[45.529s] -- Installing: /root/r2ware/install/autoware_control_msgs/include/autoware_control_msgs
[45.530s] -- Installing: /root/r2ware/install/autoware_control_msgs/include/autoware_control_msgs/msg
[45.530s] -- Installing: /root/r2ware/install/autoware_control_msgs/include/autoware_control_msgs/msg/longitudinal.h
[45.531s] -- Installing: /root/r2ware/install/autoware_control_msgs/include/autoware_control_msgs/msg/lateral.h
[45.532s] -- Installing: /root/r2ware/install/autoware_control_msgs/include/autoware_control_msgs/msg/rosidl_generator_c__visibility_control.h
[45.532s] -- Installing: /root/r2ware/install/autoware_control_msgs/include/autoware_control_msgs/msg/control.h
[45.532s] -- Installing: /root/r2ware/install/autoware_control_msgs/include/autoware_control_msgs/msg/control_horizon.h
[45.532s] -- Installing: /root/r2ware/install/autoware_control_msgs/include/autoware_control_msgs/msg/detail
[45.533s] -- Installing: /root/r2ware/install/autoware_control_msgs/include/autoware_control_msgs/msg/detail/control__type_support.h
[45.533s] -- Installing: /root/r2ware/install/autoware_control_msgs/include/autoware_control_msgs/msg/detail/longitudinal__functions.h
[45.533s] -- Installing: /root/r2ware/install/autoware_control_msgs/include/autoware_control_msgs/msg/detail/control__struct.h
[45.533s] -- Installing: /root/r2ware/install/autoware_control_msgs/include/autoware_control_msgs/msg/detail/control__functions.c
[45.533s] -- Installing: /root/r2ware/install/autoware_control_msgs/include/autoware_control_msgs/msg/detail/lateral__struct.h
[45.534s] -- Installing: /root/r2ware/install/autoware_control_msgs/include/autoware_control_msgs/msg/detail/longitudinal__functions.c
[45.534s] -- Installing: /root/r2ware/install/autoware_control_msgs/include/autoware_control_msgs/msg/detail/control_horizon__struct.h
[45.535s] -- Installing: /root/r2ware/install/autoware_control_msgs/include/autoware_control_msgs/msg/detail/control_horizon__functions.h
[45.535s] -- Installing: /root/r2ware/install/autoware_control_msgs/include/autoware_control_msgs/msg/detail/control_horizon__functions.c
[45.535s] -- Installing: /root/r2ware/install/autoware_control_msgs/include/autoware_control_msgs/msg/detail/control_horizon__type_support.h
[45.535s] -- Installing: /root/r2ware/install/autoware_control_msgs/include/autoware_control_msgs/msg/detail/lateral__functions.c
[45.536s] -- Installing: /root/r2ware/install/autoware_control_msgs/include/autoware_control_msgs/msg/detail/lateral__functions.h
[45.536s] -- Installing: /root/r2ware/install/autoware_control_msgs/include/autoware_control_msgs/msg/detail/lateral__type_support.h
[45.536s] -- Installing: /root/r2ware/install/autoware_control_msgs/include/autoware_control_msgs/msg/detail/control__functions.h
[45.536s] -- Installing: /root/r2ware/install/autoware_control_msgs/include/autoware_control_msgs/msg/detail/longitudinal__type_support.h
[45.537s] -- Installing: /root/r2ware/install/autoware_control_msgs/include/autoware_control_msgs/msg/detail/longitudinal__struct.h
[45.538s] -- Installing: /root/r2ware/install/autoware_control_msgs/share/autoware_control_msgs/environment/library_path.sh
[45.539s] -- Installing: /root/r2ware/install/autoware_control_msgs/share/autoware_control_msgs/environment/library_path.dsv
[45.539s] -- Installing: /root/r2ware/install/autoware_control_msgs/lib/libautoware_control_msgs__rosidl_generator_c.so
[45.540s] -- Set runtime path of "/root/r2ware/install/autoware_control_msgs/lib/libautoware_control_msgs__rosidl_generator_c.so" to ""
[45.541s] -- Up-to-date: /root/r2ware/install/autoware_control_msgs/include/autoware_control_msgs
[45.541s] -- Up-to-date: /root/r2ware/install/autoware_control_msgs/include/autoware_control_msgs/msg
[45.541s] -- Installing: /root/r2ware/install/autoware_control_msgs/include/autoware_control_msgs/msg/rosidl_typesupport_fastrtps_c__visibility_control.h
[45.541s] -- Up-to-date: /root/r2ware/install/autoware_control_msgs/include/autoware_control_msgs/msg/detail
[45.542s] -- Installing: /root/r2ware/install/autoware_control_msgs/include/autoware_control_msgs/msg/detail/control_horizon__rosidl_typesupport_fastrtps_c.h
[45.542s] -- Installing: /root/r2ware/install/autoware_control_msgs/include/autoware_control_msgs/msg/detail/control__rosidl_typesupport_fastrtps_c.h
[45.542s] -- Installing: /root/r2ware/install/autoware_control_msgs/include/autoware_control_msgs/msg/detail/lateral__rosidl_typesupport_fastrtps_c.h
[45.543s] -- Installing: /root/r2ware/install/autoware_control_msgs/include/autoware_control_msgs/msg/detail/longitudinal__rosidl_typesupport_fastrtps_c.h
[45.543s] -- Installing: /root/r2ware/install/autoware_control_msgs/lib/libautoware_control_msgs__rosidl_typesupport_fastrtps_c.so
[45.544s] -- Set runtime path of "/root/r2ware/install/autoware_control_msgs/lib/libautoware_control_msgs__rosidl_typesupport_fastrtps_c.so" to ""
[45.545s] -- Up-to-date: /root/r2ware/install/autoware_control_msgs/include/autoware_control_msgs
[45.545s] -- Up-to-date: /root/r2ware/install/autoware_control_msgs/include/autoware_control_msgs/msg
[45.545s] -- Installing: /root/r2ware/install/autoware_control_msgs/include/autoware_control_msgs/msg/rosidl_typesupport_fastrtps_cpp__visibility_control.h
[45.545s] -- Up-to-date: /root/r2ware/install/autoware_control_msgs/include/autoware_control_msgs/msg/detail
[45.545s] -- Installing: /root/r2ware/install/autoware_control_msgs/include/autoware_control_msgs/msg/detail/control_horizon__rosidl_typesupport_fastrtps_cpp.hpp
[45.545s] -- Installing: /root/r2ware/install/autoware_control_msgs/include/autoware_control_msgs/msg/detail/lateral__rosidl_typesupport_fastrtps_cpp.hpp
[45.546s] -- Installing: /root/r2ware/install/autoware_control_msgs/include/autoware_control_msgs/msg/detail/dds_fastrtps
[45.546s] -- Installing: /root/r2ware/install/autoware_control_msgs/include/autoware_control_msgs/msg/detail/longitudinal__rosidl_typesupport_fastrtps_cpp.hpp
[45.546s] -- Installing: /root/r2ware/install/autoware_control_msgs/include/autoware_control_msgs/msg/detail/control__rosidl_typesupport_fastrtps_cpp.hpp
[45.546s] -- Installing: /root/r2ware/install/autoware_control_msgs/lib/libautoware_control_msgs__rosidl_typesupport_fastrtps_cpp.so
[45.548s] -- Set runtime path of "/root/r2ware/install/autoware_control_msgs/lib/libautoware_control_msgs__rosidl_typesupport_fastrtps_cpp.so" to ""
[45.548s] -- Up-to-date: /root/r2ware/install/autoware_control_msgs/include/autoware_control_msgs
[45.549s] -- Up-to-date: /root/r2ware/install/autoware_control_msgs/include/autoware_control_msgs/msg
[45.549s] -- Installing: /root/r2ware/install/autoware_control_msgs/include/autoware_control_msgs/msg/rosidl_typesupport_introspection_c__visibility_control.h
[45.549s] -- Up-to-date: /root/r2ware/install/autoware_control_msgs/include/autoware_control_msgs/msg/detail
[45.549s] -- Installing: /root/r2ware/install/autoware_control_msgs/include/autoware_control_msgs/msg/detail/longitudinal__rosidl_typesupport_introspection_c.h
[45.549s] -- Installing: /root/r2ware/install/autoware_control_msgs/include/autoware_control_msgs/msg/detail/longitudinal__type_support.c
[45.550s] -- Installing: /root/r2ware/install/autoware_control_msgs/include/autoware_control_msgs/msg/detail/control_horizon__type_support.c
[45.550s] -- Installing: /root/r2ware/install/autoware_control_msgs/include/autoware_control_msgs/msg/detail/lateral__type_support.c
[45.550s] -- Installing: /root/r2ware/install/autoware_control_msgs/include/autoware_control_msgs/msg/detail/lateral__rosidl_typesupport_introspection_c.h
[45.550s] -- Installing: /root/r2ware/install/autoware_control_msgs/include/autoware_control_msgs/msg/detail/control_horizon__rosidl_typesupport_introspection_c.h
[45.550s] -- Installing: /root/r2ware/install/autoware_control_msgs/include/autoware_control_msgs/msg/detail/control__rosidl_typesupport_introspection_c.h
[45.551s] -- Installing: /root/r2ware/install/autoware_control_msgs/include/autoware_control_msgs/msg/detail/control__type_support.c
[45.551s] -- Installing: /root/r2ware/install/autoware_control_msgs/lib/libautoware_control_msgs__rosidl_typesupport_introspection_c.so
[45.552s] -- Set runtime path of "/root/r2ware/install/autoware_control_msgs/lib/libautoware_control_msgs__rosidl_typesupport_introspection_c.so" to ""
[45.552s] -- Installing: /root/r2ware/install/autoware_control_msgs/lib/libautoware_control_msgs__rosidl_typesupport_c.so
[45.553s] -- Set runtime path of "/root/r2ware/install/autoware_control_msgs/lib/libautoware_control_msgs__rosidl_typesupport_c.so" to ""
[45.553s] -- Up-to-date: /root/r2ware/install/autoware_control_msgs/include/autoware_control_msgs
[45.554s] -- Up-to-date: /root/r2ware/install/autoware_control_msgs/include/autoware_control_msgs/msg
[45.554s] -- Installing: /root/r2ware/install/autoware_control_msgs/include/autoware_control_msgs/msg/control.hpp
[45.555s] -- Installing: /root/r2ware/install/autoware_control_msgs/include/autoware_control_msgs/msg/lateral.hpp
[45.555s] -- Installing: /root/r2ware/install/autoware_control_msgs/include/autoware_control_msgs/msg/control_horizon.hpp
[45.556s] -- Up-to-date: /root/r2ware/install/autoware_control_msgs/include/autoware_control_msgs/msg/detail
[45.557s] -- Installing: /root/r2ware/install/autoware_control_msgs/include/autoware_control_msgs/msg/detail/control_horizon__builder.hpp
[45.557s] -- Installing: /root/r2ware/install/autoware_control_msgs/include/autoware_control_msgs/msg/detail/control_horizon__struct.hpp
[45.557s] -- Installing: /root/r2ware/install/autoware_control_msgs/include/autoware_control_msgs/msg/detail/control__builder.hpp
[45.558s] -- Installing: /root/r2ware/install/autoware_control_msgs/include/autoware_control_msgs/msg/detail/lateral__struct.hpp
[45.558s] -- Installing: /root/r2ware/install/autoware_control_msgs/include/autoware_control_msgs/msg/detail/longitudinal__struct.hpp
[45.559s] -- Installing: /root/r2ware/install/autoware_control_msgs/include/autoware_control_msgs/msg/detail/lateral__traits.hpp
[45.559s] -- Installing: /root/r2ware/install/autoware_control_msgs/include/autoware_control_msgs/msg/detail/control__struct.hpp
[45.559s] -- Installing: /root/r2ware/install/autoware_control_msgs/include/autoware_control_msgs/msg/detail/control__traits.hpp
[45.559s] -- Installing: /root/r2ware/install/autoware_control_msgs/include/autoware_control_msgs/msg/detail/lateral__builder.hpp
[45.560s] -- Installing: /root/r2ware/install/autoware_control_msgs/include/autoware_control_msgs/msg/detail/longitudinal__builder.hpp
[45.560s] -- Installing: /root/r2ware/install/autoware_control_msgs/include/autoware_control_msgs/msg/detail/control_horizon__traits.hpp
[45.560s] -- Installing: /root/r2ware/install/autoware_control_msgs/include/autoware_control_msgs/msg/detail/longitudinal__traits.hpp
[45.560s] -- Installing: /root/r2ware/install/autoware_control_msgs/include/autoware_control_msgs/msg/longitudinal.hpp
[45.561s] -- Up-to-date: /root/r2ware/install/autoware_control_msgs/include/autoware_control_msgs
[45.561s] -- Up-to-date: /root/r2ware/install/autoware_control_msgs/include/autoware_control_msgs/msg
[45.561s] -- Up-to-date: /root/r2ware/install/autoware_control_msgs/include/autoware_control_msgs/msg/detail
[45.561s] -- Installing: /root/r2ware/install/autoware_control_msgs/include/autoware_control_msgs/msg/detail/control_horizon__type_support.cpp
[45.562s] -- Installing: /root/r2ware/install/autoware_control_msgs/include/autoware_control_msgs/msg/detail/control__rosidl_typesupport_introspection_cpp.hpp
[45.562s] -- Installing: /root/r2ware/install/autoware_control_msgs/include/autoware_control_msgs/msg/detail/control_horizon__rosidl_typesupport_introspection_cpp.hpp
[45.562s] -- Installing: /root/r2ware/install/autoware_control_msgs/include/autoware_control_msgs/msg/detail/lateral__rosidl_typesupport_introspection_cpp.hpp
[45.562s] -- Installing: /root/r2ware/install/autoware_control_msgs/include/autoware_control_msgs/msg/detail/control__type_support.cpp
[45.562s] -- Installing: /root/r2ware/install/autoware_control_msgs/include/autoware_control_msgs/msg/detail/longitudinal__rosidl_typesupport_introspection_cpp.hpp
[45.563s] -- Installing: /root/r2ware/install/autoware_control_msgs/include/autoware_control_msgs/msg/detail/lateral__type_support.cpp
[45.563s] -- Installing: /root/r2ware/install/autoware_control_msgs/include/autoware_control_msgs/msg/detail/longitudinal__type_support.cpp
[45.564s] -- Installing: /root/r2ware/install/autoware_control_msgs/lib/libautoware_control_msgs__rosidl_typesupport_introspection_cpp.so
[45.565s] -- Set runtime path of "/root/r2ware/install/autoware_control_msgs/lib/libautoware_control_msgs__rosidl_typesupport_introspection_cpp.so" to ""
[45.565s] -- Installing: /root/r2ware/install/autoware_control_msgs/lib/libautoware_control_msgs__rosidl_typesupport_cpp.so
[45.566s] -- Set runtime path of "/root/r2ware/install/autoware_control_msgs/lib/libautoware_control_msgs__rosidl_typesupport_cpp.so" to ""
[45.566s] -- Installing: /root/r2ware/install/autoware_control_msgs/share/autoware_control_msgs/environment/pythonpath.sh
[45.567s] -- Installing: /root/r2ware/install/autoware_control_msgs/share/autoware_control_msgs/environment/pythonpath.dsv
[45.567s] -- Installing: /root/r2ware/install/autoware_control_msgs/lib/python3.8/site-packages/autoware_control_msgs/__init__.py
[45.694s] Compiling '/root/r2ware/install/autoware_control_msgs/lib/python3.8/site-packages/autoware_control_msgs/__init__.py'...
[45.714s] -- Installing: /root/r2ware/install/autoware_control_msgs/lib/python3.8/site-packages/autoware_control_msgs/msg
[45.714s] -- Installing: /root/r2ware/install/autoware_control_msgs/lib/python3.8/site-packages/autoware_control_msgs/msg/_lateral_s.c
[45.714s] -- Installing: /root/r2ware/install/autoware_control_msgs/lib/python3.8/site-packages/autoware_control_msgs/msg/__init__.py
[45.715s] -- Installing: /root/r2ware/install/autoware_control_msgs/lib/python3.8/site-packages/autoware_control_msgs/msg/_control.py
[45.715s] -- Installing: /root/r2ware/install/autoware_control_msgs/lib/python3.8/site-packages/autoware_control_msgs/msg/_lateral.py
[45.715s] -- Installing: /root/r2ware/install/autoware_control_msgs/lib/python3.8/site-packages/autoware_control_msgs/msg/_control_horizon_s.c
[45.715s] -- Installing: /root/r2ware/install/autoware_control_msgs/lib/python3.8/site-packages/autoware_control_msgs/msg/_control_s.c
[45.715s] -- Installing: /root/r2ware/install/autoware_control_msgs/lib/python3.8/site-packages/autoware_control_msgs/msg/_longitudinal_s.c
[45.715s] -- Installing: /root/r2ware/install/autoware_control_msgs/lib/python3.8/site-packages/autoware_control_msgs/msg/_control_horizon.py
[45.715s] -- Installing: /root/r2ware/install/autoware_control_msgs/lib/python3.8/site-packages/autoware_control_msgs/msg/_longitudinal.py
[45.717s] -- Installing: /root/r2ware/install/autoware_control_msgs/lib/python3.8/site-packages/autoware_control_msgs/autoware_control_msgs_s__rosidl_typesupport_fastrtps_c.cpython-38-aarch64-linux-gnu.so
[45.717s] -- Set runtime path of "/root/r2ware/install/autoware_control_msgs/lib/python3.8/site-packages/autoware_control_msgs/autoware_control_msgs_s__rosidl_typesupport_fastrtps_c.cpython-38-aarch64-linux-gnu.so" to ""
[45.717s] -- Installing: /root/r2ware/install/autoware_control_msgs/lib/python3.8/site-packages/autoware_control_msgs/autoware_control_msgs_s__rosidl_typesupport_introspection_c.cpython-38-aarch64-linux-gnu.so
[45.717s] -- Set runtime path of "/root/r2ware/install/autoware_control_msgs/lib/python3.8/site-packages/autoware_control_msgs/autoware_control_msgs_s__rosidl_typesupport_introspection_c.cpython-38-aarch64-linux-gnu.so" to ""
[45.717s] -- Installing: /root/r2ware/install/autoware_control_msgs/lib/python3.8/site-packages/autoware_control_msgs/autoware_control_msgs_s__rosidl_typesupport_c.cpython-38-aarch64-linux-gnu.so
[45.729s] -- Set runtime path of "/root/r2ware/install/autoware_control_msgs/lib/python3.8/site-packages/autoware_control_msgs/autoware_control_msgs_s__rosidl_typesupport_c.cpython-38-aarch64-linux-gnu.so" to ""
[45.729s] -- Installing: /root/r2ware/install/autoware_control_msgs/lib/libautoware_control_msgs__python.so
[45.729s] -- Set runtime path of "/root/r2ware/install/autoware_control_msgs/lib/libautoware_control_msgs__python.so" to ""
[45.730s] -- Installing: /root/r2ware/install/autoware_control_msgs/share/autoware_control_msgs/msg/Control.idl
[45.730s] -- Installing: /root/r2ware/install/autoware_control_msgs/share/autoware_control_msgs/msg/ControlHorizon.idl
[45.730s] -- Installing: /root/r2ware/install/autoware_control_msgs/share/autoware_control_msgs/msg/Lateral.idl
[45.730s] -- Installing: /root/r2ware/install/autoware_control_msgs/share/autoware_control_msgs/msg/Longitudinal.idl
[45.730s] -- Installing: /root/r2ware/install/autoware_control_msgs/share/autoware_control_msgs/msg/Control.msg
[45.730s] -- Installing: /root/r2ware/install/autoware_control_msgs/share/autoware_control_msgs/msg/ControlHorizon.msg
[45.730s] -- Installing: /root/r2ware/install/autoware_control_msgs/share/autoware_control_msgs/msg/Lateral.msg
[45.730s] -- Installing: /root/r2ware/install/autoware_control_msgs/share/autoware_control_msgs/msg/Longitudinal.msg
[45.731s] -- Installing: /root/r2ware/install/autoware_control_msgs/share/ament_index/resource_index/package_run_dependencies/autoware_control_msgs
[45.731s] -- Installing: /root/r2ware/install/autoware_control_msgs/share/ament_index/resource_index/parent_prefix_path/autoware_control_msgs
[45.731s] -- Installing: /root/r2ware/install/autoware_control_msgs/share/autoware_control_msgs/environment/ament_prefix_path.sh
[45.731s] -- Installing: /root/r2ware/install/autoware_control_msgs/share/autoware_control_msgs/environment/ament_prefix_path.dsv
[45.731s] -- Installing: /root/r2ware/install/autoware_control_msgs/share/autoware_control_msgs/environment/path.sh
[45.732s] -- Installing: /root/r2ware/install/autoware_control_msgs/share/autoware_control_msgs/environment/path.dsv
[45.732s] -- Installing: /root/r2ware/install/autoware_control_msgs/share/autoware_control_msgs/local_setup.bash
[45.732s] -- Installing: /root/r2ware/install/autoware_control_msgs/share/autoware_control_msgs/local_setup.sh
[45.732s] -- Installing: /root/r2ware/install/autoware_control_msgs/share/autoware_control_msgs/local_setup.zsh
[45.732s] -- Installing: /root/r2ware/install/autoware_control_msgs/share/autoware_control_msgs/local_setup.dsv
[45.732s] -- Installing: /root/r2ware/install/autoware_control_msgs/share/autoware_control_msgs/package.dsv
[45.733s] -- Installing: /root/r2ware/install/autoware_control_msgs/share/ament_index/resource_index/packages/autoware_control_msgs
[45.733s] -- Installing: /root/r2ware/install/autoware_control_msgs/share/autoware_control_msgs/cmake/autoware_control_msgs__rosidl_generator_cExport.cmake
[45.735s] -- Installing: /root/r2ware/install/autoware_control_msgs/share/autoware_control_msgs/cmake/autoware_control_msgs__rosidl_generator_cExport-noconfig.cmake
[45.736s] -- Installing: /root/r2ware/install/autoware_control_msgs/share/autoware_control_msgs/cmake/autoware_control_msgs__rosidl_typesupport_introspection_cExport.cmake
[45.737s] -- Installing: /root/r2ware/install/autoware_control_msgs/share/autoware_control_msgs/cmake/autoware_control_msgs__rosidl_typesupport_introspection_cExport-noconfig.cmake
[45.739s] -- Installing: /root/r2ware/install/autoware_control_msgs/share/autoware_control_msgs/cmake/autoware_control_msgs__rosidl_typesupport_cExport.cmake
[45.740s] -- Installing: /root/r2ware/install/autoware_control_msgs/share/autoware_control_msgs/cmake/autoware_control_msgs__rosidl_typesupport_cExport-noconfig.cmake
[45.742s] -- Installing: /root/r2ware/install/autoware_control_msgs/share/autoware_control_msgs/cmake/autoware_control_msgs__rosidl_generator_cppExport.cmake
[45.743s] -- Installing: /root/r2ware/install/autoware_control_msgs/share/autoware_control_msgs/cmake/autoware_control_msgs__rosidl_typesupport_introspection_cppExport.cmake
[45.744s] -- Installing: /root/r2ware/install/autoware_control_msgs/share/autoware_control_msgs/cmake/autoware_control_msgs__rosidl_typesupport_introspection_cppExport-noconfig.cmake
[45.745s] -- Installing: /root/r2ware/install/autoware_control_msgs/share/autoware_control_msgs/cmake/autoware_control_msgs__rosidl_typesupport_cppExport.cmake
[45.747s] -- Installing: /root/r2ware/install/autoware_control_msgs/share/autoware_control_msgs/cmake/autoware_control_msgs__rosidl_typesupport_cppExport-noconfig.cmake
[45.748s] -- Installing: /root/r2ware/install/autoware_control_msgs/share/autoware_control_msgs/cmake/rosidl_cmake-extras.cmake
[45.749s] -- Installing: /root/r2ware/install/autoware_control_msgs/share/autoware_control_msgs/cmake/ament_cmake_export_dependencies-extras.cmake
[45.750s] -- Installing: /root/r2ware/install/autoware_control_msgs/share/autoware_control_msgs/cmake/ament_cmake_export_libraries-extras.cmake
[45.751s] -- Installing: /root/r2ware/install/autoware_control_msgs/share/autoware_control_msgs/cmake/ament_cmake_export_targets-extras.cmake
[45.753s] -- Installing: /root/r2ware/install/autoware_control_msgs/share/autoware_control_msgs/cmake/ament_cmake_export_include_directories-extras.cmake
[45.754s] -- Installing: /root/r2ware/install/autoware_control_msgs/share/autoware_control_msgs/cmake/rosidl_cmake_export_typesupport_libraries-extras.cmake
[45.755s] -- Installing: /root/r2ware/install/autoware_control_msgs/share/autoware_control_msgs/cmake/rosidl_cmake_export_typesupport_targets-extras.cmake
[45.756s] -- Installing: /root/r2ware/install/autoware_control_msgs/share/autoware_control_msgs/cmake/autoware_control_msgsConfig.cmake
[45.757s] -- Installing: /root/r2ware/install/autoware_control_msgs/share/autoware_control_msgs/cmake/autoware_control_msgsConfig-version.cmake
[45.758s] -- Installing: /root/r2ware/install/autoware_control_msgs/share/autoware_control_msgs/package.xml
[45.766s] Invoked command in '/root/r2ware/build/autoware_control_msgs' returned '0': CMAKE_PREFIX_PATH=${CMAKE_PREFIX_PATH}:/root/yahboomcar_ros2_ws/yahboomcar_ws/install/yahboomcar_voice_ctrl:/root/yahboomcar_ros2_ws/yahboomcar_ws/install/yahboomcar_visual:/root/yahboomcar_ros2_ws/yahboomcar_ws/install/yahboomcar_nav:/root/yahboomcar_ros2_ws/yahboomcar_ws/install/yahboomcar_multi:/root/yahboomcar_ros2_ws/yahboomcar_ws/install/yahboomcar_mediapipe:/root/yahboomcar_ros2_ws/yahboomcar_ws/install/yahboomcar_linefollow:/root/yahboomcar_ros2_ws/yahboomcar_ws/install/yahboomcar_laser:/root/yahboomcar_ros2_ws/yahboomcar_ws/install/yahboomcar_description_x1:/root/yahboomcar_ros2_ws/yahboomcar_ws/install/yahboomcar_description:/root/yahboomcar_ros2_ws/yahboomcar_ws/install/yahboomcar_ctrl:/root/yahboomcar_ros2_ws/yahboomcar_ws/install/yahboomcar_bringup:/root/yahboomcar_ros2_ws/yahboomcar_ws/install/yahboomcar_astra:/root/yahboomcar_ros2_ws/yahboomcar_ws/install/yahboom_app_save_map:/root/yahboomcar_ros2_ws/yahboomcar_ws/install/robot_pose_publisher:/root/yahboomcar_ros2_ws/yahboomcar_ws/install/laserscan_to_point_pulisher:/opt/ros/foxy /usr/bin/cmake --install /root/r2ware/build/autoware_control_msgs
