-- Found ament_cmake_auto: 0.9.11 (/opt/ros/foxy/share/ament_cmake_auto/cmake)
-- Found PythonInterp: /usr/bin/python3 (found suitable version "3.8.10", minimum required is "3") 
-- Using PYTHON_EXECUTABLE: /usr/bin/python3
-- Using all available rosidl_typesupport_c: rosidl_typesupport_fastrtps_c;rosidl_typesupport_introspection_c
-- Found rosidl_adapter: 1.3.0 (/opt/ros/foxy/share/rosidl_adapter/cmake)
-- Using all available rosidl_typesupport_cpp: rosidl_typesupport_fastrtps_cpp;rosidl_typesupport_introspection_cpp
-- Found ament_cmake_cppcheck: 0.9.7 (/opt/ros/foxy/share/ament_cmake_cppcheck/cmake)
-- Found ament_cmake_cpplint: 0.9.7 (/opt/ros/foxy/share/ament_cmake_cpplint/cmake)
-- Found ament_cmake_uncrustify: 0.9.7 (/opt/ros/foxy/share/ament_cmake_uncrustify/cmake)
-- Found ament_cmake_ros: 0.9.2 (/opt/ros/foxy/share/ament_cmake_ros/cmake)
-- Using all available rosidl_typesupport_c: rosidl_typesupport_fastrtps_c;rosidl_typesupport_introspection_c
-- Using all available rosidl_typesupport_cpp: rosidl_typesupport_fastrtps_cpp;rosidl_typesupport_introspection_cpp
-- Found PythonInterp: /usr/bin/python3 (found suitable version "3.8.10", minimum required is "3.5") 
-- Found python_cmake_module: 0.8.1 (/opt/ros/foxy/share/python_cmake_module/cmake)
-- Using PYTHON_EXECUTABLE: /usr/bin/python3
-- Using PYTHON_INCLUDE_DIRS: /usr/include/python3.8
-- Using PYTHON_LIBRARIES: /usr/lib/aarch64-linux-gnu/libpython3.8.so
-- Found ament_cmake_flake8: 0.9.7 (/opt/ros/foxy/share/ament_cmake_flake8/cmake)
-- Found ament_cmake_pep257: 0.9.7 (/opt/ros/foxy/share/ament_cmake_pep257/cmake)
-- Found ament_lint_auto: 0.9.7 (/opt/ros/foxy/share/ament_lint_auto/cmake)
-- Added test 'copyright' to check source files copyright and LICENSE
-- Added test 'lint_cmake' to check CMake code style
-- Added test 'xmllint' to check XML markup files
-- Configuring done
-- Generating done
-- Build files have been written to: /root/r2ware/build/autoware_auto_planning_msgs
[  0%] [34m[1mGenerating C++ code for ROS interfaces[0m
[  0%] Built target autoware_auto_planning_msgs__cpp
[  1%] [34m[1mGenerating C code for ROS interfaces[0m
[35m[1mScanning dependencies of target autoware_auto_planning_msgs__rosidl_generator_c[0m
[  2%] [32mBuilding C object CMakeFiles/autoware_auto_planning_msgs__rosidl_generator_c.dir/rosidl_generator_c/autoware_auto_planning_msgs/action/detail/planner_costmap__functions.c.o[0m
[  3%] [32mBuilding C object CMakeFiles/autoware_auto_planning_msgs__rosidl_generator_c.dir/rosidl_generator_c/autoware_auto_planning_msgs/msg/detail/had_map_route__functions.c.o[0m
[  3%] [32mBuilding C object CMakeFiles/autoware_auto_planning_msgs__rosidl_generator_c.dir/rosidl_generator_c/autoware_auto_planning_msgs/msg/detail/order_movement__functions.c.o[0m
[  4%] [32mBuilding C object CMakeFiles/autoware_auto_planning_msgs__rosidl_generator_c.dir/rosidl_generator_c/autoware_auto_planning_msgs/msg/detail/route__functions.c.o[0m
[  5%] [32mBuilding C object CMakeFiles/autoware_auto_planning_msgs__rosidl_generator_c.dir/rosidl_generator_c/autoware_auto_planning_msgs/msg/detail/trajectory__functions.c.o[0m
[  6%] [32mBuilding C object CMakeFiles/autoware_auto_planning_msgs__rosidl_generator_c.dir/rosidl_generator_c/autoware_auto_planning_msgs/msg/detail/trajectory_point__functions.c.o[0m
[  6%] [32mBuilding C object CMakeFiles/autoware_auto_planning_msgs__rosidl_generator_c.dir/rosidl_generator_c/autoware_auto_planning_msgs/msg/detail/path__functions.c.o[0m
[  7%] [32mBuilding C object CMakeFiles/autoware_auto_planning_msgs__rosidl_generator_c.dir/rosidl_generator_c/autoware_auto_planning_msgs/msg/detail/path_point__functions.c.o[0m
[  8%] [32mBuilding C object CMakeFiles/autoware_auto_planning_msgs__rosidl_generator_c.dir/rosidl_generator_c/autoware_auto_planning_msgs/msg/detail/path_with_lane_id__functions.c.o[0m
[  8%] [32mBuilding C object CMakeFiles/autoware_auto_planning_msgs__rosidl_generator_c.dir/rosidl_generator_c/autoware_auto_planning_msgs/msg/detail/path_point_with_lane_id__functions.c.o[0m
[  9%] [32mBuilding C object CMakeFiles/autoware_auto_planning_msgs__rosidl_generator_c.dir/rosidl_generator_c/autoware_auto_planning_msgs/srv/detail/modify_trajectory__functions.c.o[0m
[ 10%] [32mBuilding C object CMakeFiles/autoware_auto_planning_msgs__rosidl_generator_c.dir/rosidl_generator_c/autoware_auto_planning_msgs/action/detail/replay_trajectory__functions.c.o[0m
[ 11%] [32mBuilding C object CMakeFiles/autoware_auto_planning_msgs__rosidl_generator_c.dir/rosidl_generator_c/autoware_auto_planning_msgs/action/detail/record_trajectory__functions.c.o[0m
[ 11%] [32mBuilding C object CMakeFiles/autoware_auto_planning_msgs__rosidl_generator_c.dir/rosidl_generator_c/autoware_auto_planning_msgs/action/detail/plan_trajectory__functions.c.o[0m
[ 12%] [32m[1mLinking C shared library libautoware_auto_planning_msgs__rosidl_generator_c.so[0m
[ 12%] Built target autoware_auto_planning_msgs__rosidl_generator_c
[ 12%] [34m[1mGenerating C++ introspection for ROS interfaces[0m
[35m[1mScanning dependencies of target autoware_auto_planning_msgs__rosidl_typesupport_introspection_cpp[0m
[ 13%] [32mBuilding CXX object CMakeFiles/autoware_auto_planning_msgs__rosidl_typesupport_introspection_cpp.dir/rosidl_typesupport_introspection_cpp/autoware_auto_planning_msgs/action/detail/planner_costmap__type_support.cpp.o[0m
[ 13%] [32mBuilding CXX object CMakeFiles/autoware_auto_planning_msgs__rosidl_typesupport_introspection_cpp.dir/rosidl_typesupport_introspection_cpp/autoware_auto_planning_msgs/action/detail/replay_trajectory__type_support.cpp.o[0m
[ 14%] [32mBuilding CXX object CMakeFiles/autoware_auto_planning_msgs__rosidl_typesupport_introspection_cpp.dir/rosidl_typesupport_introspection_cpp/autoware_auto_planning_msgs/msg/detail/had_map_route__type_support.cpp.o[0m
[ 15%] [32mBuilding CXX object CMakeFiles/autoware_auto_planning_msgs__rosidl_typesupport_introspection_cpp.dir/rosidl_typesupport_introspection_cpp/autoware_auto_planning_msgs/msg/detail/order_movement__type_support.cpp.o[0m
[ 16%] [32mBuilding CXX object CMakeFiles/autoware_auto_planning_msgs__rosidl_typesupport_introspection_cpp.dir/rosidl_typesupport_introspection_cpp/autoware_auto_planning_msgs/msg/detail/route__type_support.cpp.o[0m
[ 16%] [32mBuilding CXX object CMakeFiles/autoware_auto_planning_msgs__rosidl_typesupport_introspection_cpp.dir/rosidl_typesupport_introspection_cpp/autoware_auto_planning_msgs/msg/detail/trajectory__type_support.cpp.o[0m
[ 17%] [32mBuilding CXX object CMakeFiles/autoware_auto_planning_msgs__rosidl_typesupport_introspection_cpp.dir/rosidl_typesupport_introspection_cpp/autoware_auto_planning_msgs/msg/detail/trajectory_point__type_support.cpp.o[0m
[ 18%] [32mBuilding CXX object CMakeFiles/autoware_auto_planning_msgs__rosidl_typesupport_introspection_cpp.dir/rosidl_typesupport_introspection_cpp/autoware_auto_planning_msgs/msg/detail/path__type_support.cpp.o[0m
[ 19%] [32mBuilding CXX object CMakeFiles/autoware_auto_planning_msgs__rosidl_typesupport_introspection_cpp.dir/rosidl_typesupport_introspection_cpp/autoware_auto_planning_msgs/msg/detail/path_point__type_support.cpp.o[0m
[ 19%] [32mBuilding CXX object CMakeFiles/autoware_auto_planning_msgs__rosidl_typesupport_introspection_cpp.dir/rosidl_typesupport_introspection_cpp/autoware_auto_planning_msgs/msg/detail/path_with_lane_id__type_support.cpp.o[0m
[ 20%] [32mBuilding CXX object CMakeFiles/autoware_auto_planning_msgs__rosidl_typesupport_introspection_cpp.dir/rosidl_typesupport_introspection_cpp/autoware_auto_planning_msgs/msg/detail/path_point_with_lane_id__type_support.cpp.o[0m
[ 21%] [32mBuilding CXX object CMakeFiles/autoware_auto_planning_msgs__rosidl_typesupport_introspection_cpp.dir/rosidl_typesupport_introspection_cpp/autoware_auto_planning_msgs/srv/detail/modify_trajectory__type_support.cpp.o[0m
[ 22%] [32mBuilding CXX object CMakeFiles/autoware_auto_planning_msgs__rosidl_typesupport_introspection_cpp.dir/rosidl_typesupport_introspection_cpp/autoware_auto_planning_msgs/action/detail/record_trajectory__type_support.cpp.o[0m
[ 23%] [32mBuilding CXX object CMakeFiles/autoware_auto_planning_msgs__rosidl_typesupport_introspection_cpp.dir/rosidl_typesupport_introspection_cpp/autoware_auto_planning_msgs/action/detail/plan_trajectory__type_support.cpp.o[0m
[ 24%] [32m[1mLinking CXX shared library libautoware_auto_planning_msgs__rosidl_typesupport_introspection_cpp.so[0m
[ 24%] Built target autoware_auto_planning_msgs__rosidl_typesupport_introspection_cpp
[ 25%] [34m[1mGenerating C type support dispatch for ROS interfaces[0m
[35m[1mScanning dependencies of target autoware_auto_planning_msgs__rosidl_typesupport_c[0m
[ 25%] [32mBuilding CXX object CMakeFiles/autoware_auto_planning_msgs__rosidl_typesupport_c.dir/rosidl_typesupport_c/autoware_auto_planning_msgs/action/planner_costmap__type_support.cpp.o[0m
[ 25%] [32mBuilding CXX object CMakeFiles/autoware_auto_planning_msgs__rosidl_typesupport_c.dir/rosidl_typesupport_c/autoware_auto_planning_msgs/msg/had_map_route__type_support.cpp.o[0m
[ 26%] [32mBuilding CXX object CMakeFiles/autoware_auto_planning_msgs__rosidl_typesupport_c.dir/rosidl_typesupport_c/autoware_auto_planning_msgs/msg/order_movement__type_support.cpp.o[0m
[ 27%] [32mBuilding CXX object CMakeFiles/autoware_auto_planning_msgs__rosidl_typesupport_c.dir/rosidl_typesupport_c/autoware_auto_planning_msgs/msg/route__type_support.cpp.o[0m
[ 28%] [32mBuilding CXX object CMakeFiles/autoware_auto_planning_msgs__rosidl_typesupport_c.dir/rosidl_typesupport_c/autoware_auto_planning_msgs/msg/trajectory__type_support.cpp.o[0m
[ 28%] [32mBuilding CXX object CMakeFiles/autoware_auto_planning_msgs__rosidl_typesupport_c.dir/rosidl_typesupport_c/autoware_auto_planning_msgs/msg/trajectory_point__type_support.cpp.o[0m
[ 29%] [32mBuilding CXX object CMakeFiles/autoware_auto_planning_msgs__rosidl_typesupport_c.dir/rosidl_typesupport_c/autoware_auto_planning_msgs/msg/path__type_support.cpp.o[0m
[ 30%] [32mBuilding CXX object CMakeFiles/autoware_auto_planning_msgs__rosidl_typesupport_c.dir/rosidl_typesupport_c/autoware_auto_planning_msgs/msg/path_point__type_support.cpp.o[0m
[ 31%] [32mBuilding CXX object CMakeFiles/autoware_auto_planning_msgs__rosidl_typesupport_c.dir/rosidl_typesupport_c/autoware_auto_planning_msgs/msg/path_with_lane_id__type_support.cpp.o[0m
[ 31%] [32mBuilding CXX object CMakeFiles/autoware_auto_planning_msgs__rosidl_typesupport_c.dir/rosidl_typesupport_c/autoware_auto_planning_msgs/msg/path_point_with_lane_id__type_support.cpp.o[0m
[ 32%] [32mBuilding CXX object CMakeFiles/autoware_auto_planning_msgs__rosidl_typesupport_c.dir/rosidl_typesupport_c/autoware_auto_planning_msgs/srv/modify_trajectory__type_support.cpp.o[0m
[ 33%] [32mBuilding CXX object CMakeFiles/autoware_auto_planning_msgs__rosidl_typesupport_c.dir/rosidl_typesupport_c/autoware_auto_planning_msgs/action/replay_trajectory__type_support.cpp.o[0m
[ 34%] [32mBuilding CXX object CMakeFiles/autoware_auto_planning_msgs__rosidl_typesupport_c.dir/rosidl_typesupport_c/autoware_auto_planning_msgs/action/record_trajectory__type_support.cpp.o[0m
[ 35%] [32mBuilding CXX object CMakeFiles/autoware_auto_planning_msgs__rosidl_typesupport_c.dir/rosidl_typesupport_c/autoware_auto_planning_msgs/action/plan_trajectory__type_support.cpp.o[0m
[ 36%] [32m[1mLinking CXX shared library libautoware_auto_planning_msgs__rosidl_typesupport_c.so[0m
[ 36%] Built target autoware_auto_planning_msgs__rosidl_typesupport_c
[ 37%] [34m[1mGenerating C introspection for ROS interfaces[0m
[35m[1mScanning dependencies of target autoware_auto_planning_msgs__rosidl_typesupport_introspection_c[0m
[ 38%] [32mBuilding C object CMakeFiles/autoware_auto_planning_msgs__rosidl_typesupport_introspection_c.dir/rosidl_typesupport_introspection_c/autoware_auto_planning_msgs/action/detail/planner_costmap__type_support.c.o[0m
[ 39%] [32mBuilding C object CMakeFiles/autoware_auto_planning_msgs__rosidl_typesupport_introspection_c.dir/rosidl_typesupport_introspection_c/autoware_auto_planning_msgs/msg/detail/order_movement__type_support.c.o[0m
[ 39%] [32mBuilding C object CMakeFiles/autoware_auto_planning_msgs__rosidl_typesupport_introspection_c.dir/rosidl_typesupport_introspection_c/autoware_auto_planning_msgs/msg/detail/route__type_support.c.o[0m
[ 40%] [32mBuilding C object CMakeFiles/autoware_auto_planning_msgs__rosidl_typesupport_introspection_c.dir/rosidl_typesupport_introspection_c/autoware_auto_planning_msgs/msg/detail/trajectory__type_support.c.o[0m
[ 41%] [32mBuilding C object CMakeFiles/autoware_auto_planning_msgs__rosidl_typesupport_introspection_c.dir/rosidl_typesupport_introspection_c/autoware_auto_planning_msgs/msg/detail/trajectory_point__type_support.c.o[0m
[ 41%] [32mBuilding C object CMakeFiles/autoware_auto_planning_msgs__rosidl_typesupport_introspection_c.dir/rosidl_typesupport_introspection_c/autoware_auto_planning_msgs/msg/detail/path__type_support.c.o[0m
[ 42%] [32mBuilding C object CMakeFiles/autoware_auto_planning_msgs__rosidl_typesupport_introspection_c.dir/rosidl_typesupport_introspection_c/autoware_auto_planning_msgs/msg/detail/path_point__type_support.c.o[0m
[ 43%] [32mBuilding C object CMakeFiles/autoware_auto_planning_msgs__rosidl_typesupport_introspection_c.dir/rosidl_typesupport_introspection_c/autoware_auto_planning_msgs/msg/detail/path_with_lane_id__type_support.c.o[0m
[ 44%] [32mBuilding C object CMakeFiles/autoware_auto_planning_msgs__rosidl_typesupport_introspection_c.dir/rosidl_typesupport_introspection_c/autoware_auto_planning_msgs/msg/detail/path_point_with_lane_id__type_support.c.o[0m
[ 44%] [32mBuilding C object CMakeFiles/autoware_auto_planning_msgs__rosidl_typesupport_introspection_c.dir/rosidl_typesupport_introspection_c/autoware_auto_planning_msgs/srv/detail/modify_trajectory__type_support.c.o[0m
[ 45%] [32mBuilding C object CMakeFiles/autoware_auto_planning_msgs__rosidl_typesupport_introspection_c.dir/rosidl_typesupport_introspection_c/autoware_auto_planning_msgs/msg/detail/had_map_route__type_support.c.o[0m
[ 46%] [32mBuilding C object CMakeFiles/autoware_auto_planning_msgs__rosidl_typesupport_introspection_c.dir/rosidl_typesupport_introspection_c/autoware_auto_planning_msgs/action/detail/replay_trajectory__type_support.c.o[0m
[ 46%] [32mBuilding C object CMakeFiles/autoware_auto_planning_msgs__rosidl_typesupport_introspection_c.dir/rosidl_typesupport_introspection_c/autoware_auto_planning_msgs/action/detail/record_trajectory__type_support.c.o[0m
[ 47%] [32mBuilding C object CMakeFiles/autoware_auto_planning_msgs__rosidl_typesupport_introspection_c.dir/rosidl_typesupport_introspection_c/autoware_auto_planning_msgs/action/detail/plan_trajectory__type_support.c.o[0m
[ 48%] [32m[1mLinking C shared library libautoware_auto_planning_msgs__rosidl_typesupport_introspection_c.so[0m
[ 48%] Built target autoware_auto_planning_msgs__rosidl_typesupport_introspection_c
[ 49%] [34m[1mGenerating C++ type support dispatch for ROS interfaces[0m
[35m[1mScanning dependencies of target autoware_auto_planning_msgs__rosidl_typesupport_cpp[0m
[ 50%] [32mBuilding CXX object CMakeFiles/autoware_auto_planning_msgs__rosidl_typesupport_cpp.dir/rosidl_typesupport_cpp/autoware_auto_planning_msgs/action/planner_costmap__type_support.cpp.o[0m
[ 51%] [32mBuilding CXX object CMakeFiles/autoware_auto_planning_msgs__rosidl_typesupport_cpp.dir/rosidl_typesupport_cpp/autoware_auto_planning_msgs/msg/route__type_support.cpp.o[0m
[ 52%] [32mBuilding CXX object CMakeFiles/autoware_auto_planning_msgs__rosidl_typesupport_cpp.dir/rosidl_typesupport_cpp/autoware_auto_planning_msgs/msg/trajectory__type_support.cpp.o[0m
[ 53%] [32mBuilding CXX object CMakeFiles/autoware_auto_planning_msgs__rosidl_typesupport_cpp.dir/rosidl_typesupport_cpp/autoware_auto_planning_msgs/msg/trajectory_point__type_support.cpp.o[0m
[ 53%] [32mBuilding CXX object CMakeFiles/autoware_auto_planning_msgs__rosidl_typesupport_cpp.dir/rosidl_typesupport_cpp/autoware_auto_planning_msgs/msg/path__type_support.cpp.o[0m
[ 54%] [32mBuilding CXX object CMakeFiles/autoware_auto_planning_msgs__rosidl_typesupport_cpp.dir/rosidl_typesupport_cpp/autoware_auto_planning_msgs/msg/path_point__type_support.cpp.o[0m
[ 55%] [32mBuilding CXX object CMakeFiles/autoware_auto_planning_msgs__rosidl_typesupport_cpp.dir/rosidl_typesupport_cpp/autoware_auto_planning_msgs/msg/path_with_lane_id__type_support.cpp.o[0m
[ 56%] [32mBuilding CXX object CMakeFiles/autoware_auto_planning_msgs__rosidl_typesupport_cpp.dir/rosidl_typesupport_cpp/autoware_auto_planning_msgs/msg/path_point_with_lane_id__type_support.cpp.o[0m
[ 56%] [32mBuilding CXX object CMakeFiles/autoware_auto_planning_msgs__rosidl_typesupport_cpp.dir/rosidl_typesupport_cpp/autoware_auto_planning_msgs/srv/modify_trajectory__type_support.cpp.o[0m
[ 56%] [32mBuilding CXX object CMakeFiles/autoware_auto_planning_msgs__rosidl_typesupport_cpp.dir/rosidl_typesupport_cpp/autoware_auto_planning_msgs/msg/order_movement__type_support.cpp.o[0m
[ 57%] [32mBuilding CXX object CMakeFiles/autoware_auto_planning_msgs__rosidl_typesupport_cpp.dir/rosidl_typesupport_cpp/autoware_auto_planning_msgs/msg/had_map_route__type_support.cpp.o[0m
[ 58%] [32mBuilding CXX object CMakeFiles/autoware_auto_planning_msgs__rosidl_typesupport_cpp.dir/rosidl_typesupport_cpp/autoware_auto_planning_msgs/action/replay_trajectory__type_support.cpp.o[0m
[ 58%] [32mBuilding CXX object CMakeFiles/autoware_auto_planning_msgs__rosidl_typesupport_cpp.dir/rosidl_typesupport_cpp/autoware_auto_planning_msgs/action/record_trajectory__type_support.cpp.o[0m
[ 59%] [32mBuilding CXX object CMakeFiles/autoware_auto_planning_msgs__rosidl_typesupport_cpp.dir/rosidl_typesupport_cpp/autoware_auto_planning_msgs/action/plan_trajectory__type_support.cpp.o[0m
[ 60%] [32m[1mLinking CXX shared library libautoware_auto_planning_msgs__rosidl_typesupport_cpp.so[0m
[ 60%] Built target autoware_auto_planning_msgs__rosidl_typesupport_cpp
[ 61%] [34m[1mGenerating C++ type support for eProsima Fast-RTPS[0m
[35m[1mScanning dependencies of target autoware_auto_planning_msgs__rosidl_typesupport_fastrtps_cpp[0m
[ 62%] [32mBuilding CXX object CMakeFiles/autoware_auto_planning_msgs__rosidl_typesupport_fastrtps_cpp.dir/rosidl_typesupport_fastrtps_cpp/autoware_auto_planning_msgs/action/detail/dds_fastrtps/planner_costmap__type_support.cpp.o[0m
[ 63%] [32mBuilding CXX object CMakeFiles/autoware_auto_planning_msgs__rosidl_typesupport_fastrtps_cpp.dir/rosidl_typesupport_fastrtps_cpp/autoware_auto_planning_msgs/msg/detail/dds_fastrtps/trajectory__type_support.cpp.o[0m
[ 64%] [32mBuilding CXX object CMakeFiles/autoware_auto_planning_msgs__rosidl_typesupport_fastrtps_cpp.dir/rosidl_typesupport_fastrtps_cpp/autoware_auto_planning_msgs/msg/detail/dds_fastrtps/trajectory_point__type_support.cpp.o[0m
[ 65%] [32mBuilding CXX object CMakeFiles/autoware_auto_planning_msgs__rosidl_typesupport_fastrtps_cpp.dir/rosidl_typesupport_fastrtps_cpp/autoware_auto_planning_msgs/msg/detail/dds_fastrtps/path__type_support.cpp.o[0m
[ 65%] [32mBuilding CXX object CMakeFiles/autoware_auto_planning_msgs__rosidl_typesupport_fastrtps_cpp.dir/rosidl_typesupport_fastrtps_cpp/autoware_auto_planning_msgs/msg/detail/dds_fastrtps/path_point__type_support.cpp.o[0m
[ 66%] [32mBuilding CXX object CMakeFiles/autoware_auto_planning_msgs__rosidl_typesupport_fastrtps_cpp.dir/rosidl_typesupport_fastrtps_cpp/autoware_auto_planning_msgs/msg/detail/dds_fastrtps/path_with_lane_id__type_support.cpp.o[0m
[ 67%] [32mBuilding CXX object CMakeFiles/autoware_auto_planning_msgs__rosidl_typesupport_fastrtps_cpp.dir/rosidl_typesupport_fastrtps_cpp/autoware_auto_planning_msgs/msg/detail/dds_fastrtps/path_point_with_lane_id__type_support.cpp.o[0m
[ 68%] [32mBuilding CXX object CMakeFiles/autoware_auto_planning_msgs__rosidl_typesupport_fastrtps_cpp.dir/rosidl_typesupport_fastrtps_cpp/autoware_auto_planning_msgs/srv/detail/dds_fastrtps/modify_trajectory__type_support.cpp.o[0m
[ 68%] [32mBuilding CXX object CMakeFiles/autoware_auto_planning_msgs__rosidl_typesupport_fastrtps_cpp.dir/rosidl_typesupport_fastrtps_cpp/autoware_auto_planning_msgs/msg/detail/dds_fastrtps/route__type_support.cpp.o[0m
[ 69%] [32mBuilding CXX object CMakeFiles/autoware_auto_planning_msgs__rosidl_typesupport_fastrtps_cpp.dir/rosidl_typesupport_fastrtps_cpp/autoware_auto_planning_msgs/msg/detail/dds_fastrtps/order_movement__type_support.cpp.o[0m
[ 70%] [32mBuilding CXX object CMakeFiles/autoware_auto_planning_msgs__rosidl_typesupport_fastrtps_cpp.dir/rosidl_typesupport_fastrtps_cpp/autoware_auto_planning_msgs/msg/detail/dds_fastrtps/had_map_route__type_support.cpp.o[0m
[ 71%] [32mBuilding CXX object CMakeFiles/autoware_auto_planning_msgs__rosidl_typesupport_fastrtps_cpp.dir/rosidl_typesupport_fastrtps_cpp/autoware_auto_planning_msgs/action/detail/dds_fastrtps/replay_trajectory__type_support.cpp.o[0m
[ 71%] [32mBuilding CXX object CMakeFiles/autoware_auto_planning_msgs__rosidl_typesupport_fastrtps_cpp.dir/rosidl_typesupport_fastrtps_cpp/autoware_auto_planning_msgs/action/detail/dds_fastrtps/record_trajectory__type_support.cpp.o[0m
[ 72%] [32mBuilding CXX object CMakeFiles/autoware_auto_planning_msgs__rosidl_typesupport_fastrtps_cpp.dir/rosidl_typesupport_fastrtps_cpp/autoware_auto_planning_msgs/action/detail/dds_fastrtps/plan_trajectory__type_support.cpp.o[0m
[ 72%] [32m[1mLinking CXX shared library libautoware_auto_planning_msgs__rosidl_typesupport_fastrtps_cpp.so[0m
[ 72%] Built target autoware_auto_planning_msgs__rosidl_typesupport_fastrtps_cpp
[ 73%] [34m[1mGenerating C type support for eProsima Fast-RTPS[0m
[35m[1mScanning dependencies of target autoware_auto_planning_msgs__rosidl_typesupport_fastrtps_c[0m
[ 74%] [32mBuilding CXX object CMakeFiles/autoware_auto_planning_msgs__rosidl_typesupport_fastrtps_c.dir/rosidl_typesupport_fastrtps_c/autoware_auto_planning_msgs/action/detail/planner_costmap__type_support_c.cpp.o[0m
[ 75%] [32mBuilding CXX object CMakeFiles/autoware_auto_planning_msgs__rosidl_typesupport_fastrtps_c.dir/rosidl_typesupport_fastrtps_c/autoware_auto_planning_msgs/msg/detail/trajectory__type_support_c.cpp.o[0m
[ 76%] [32mBuilding CXX object CMakeFiles/autoware_auto_planning_msgs__rosidl_typesupport_fastrtps_c.dir/rosidl_typesupport_fastrtps_c/autoware_auto_planning_msgs/msg/detail/trajectory_point__type_support_c.cpp.o[0m
[ 76%] [32mBuilding CXX object CMakeFiles/autoware_auto_planning_msgs__rosidl_typesupport_fastrtps_c.dir/rosidl_typesupport_fastrtps_c/autoware_auto_planning_msgs/msg/detail/path__type_support_c.cpp.o[0m
[ 77%] [32mBuilding CXX object CMakeFiles/autoware_auto_planning_msgs__rosidl_typesupport_fastrtps_c.dir/rosidl_typesupport_fastrtps_c/autoware_auto_planning_msgs/msg/detail/path_point__type_support_c.cpp.o[0m
[ 78%] [32mBuilding CXX object CMakeFiles/autoware_auto_planning_msgs__rosidl_typesupport_fastrtps_c.dir/rosidl_typesupport_fastrtps_c/autoware_auto_planning_msgs/msg/detail/path_with_lane_id__type_support_c.cpp.o[0m
[ 79%] [32mBuilding CXX object CMakeFiles/autoware_auto_planning_msgs__rosidl_typesupport_fastrtps_c.dir/rosidl_typesupport_fastrtps_c/autoware_auto_planning_msgs/msg/detail/path_point_with_lane_id__type_support_c.cpp.o[0m
[ 79%] [32mBuilding CXX object CMakeFiles/autoware_auto_planning_msgs__rosidl_typesupport_fastrtps_c.dir/rosidl_typesupport_fastrtps_c/autoware_auto_planning_msgs/srv/detail/modify_trajectory__type_support_c.cpp.o[0m
[ 80%] [32mBuilding CXX object CMakeFiles/autoware_auto_planning_msgs__rosidl_typesupport_fastrtps_c.dir/rosidl_typesupport_fastrtps_c/autoware_auto_planning_msgs/msg/detail/route__type_support_c.cpp.o[0m
[ 80%] [32mBuilding CXX object CMakeFiles/autoware_auto_planning_msgs__rosidl_typesupport_fastrtps_c.dir/rosidl_typesupport_fastrtps_c/autoware_auto_planning_msgs/msg/detail/order_movement__type_support_c.cpp.o[0m
[ 81%] [32mBuilding CXX object CMakeFiles/autoware_auto_planning_msgs__rosidl_typesupport_fastrtps_c.dir/rosidl_typesupport_fastrtps_c/autoware_auto_planning_msgs/msg/detail/had_map_route__type_support_c.cpp.o[0m
[ 83%] [32mBuilding CXX object CMakeFiles/autoware_auto_planning_msgs__rosidl_typesupport_fastrtps_c.dir/rosidl_typesupport_fastrtps_c/autoware_auto_planning_msgs/action/detail/plan_trajectory__type_support_c.cpp.o[0m
[ 83%] [32mBuilding CXX object CMakeFiles/autoware_auto_planning_msgs__rosidl_typesupport_fastrtps_c.dir/rosidl_typesupport_fastrtps_c/autoware_auto_planning_msgs/action/detail/record_trajectory__type_support_c.cpp.o[0m
[ 83%] [32mBuilding CXX object CMakeFiles/autoware_auto_planning_msgs__rosidl_typesupport_fastrtps_c.dir/rosidl_typesupport_fastrtps_c/autoware_auto_planning_msgs/action/detail/replay_trajectory__type_support_c.cpp.o[0m
[ 84%] [32m[1mLinking CXX shared library libautoware_auto_planning_msgs__rosidl_typesupport_fastrtps_c.so[0m
[ 84%] Built target autoware_auto_planning_msgs__rosidl_typesupport_fastrtps_c
[35m[1mScanning dependencies of target autoware_auto_planning_msgs[0m
[ 84%] Built target autoware_auto_planning_msgs
[35m[1mScanning dependencies of target autoware_auto_planning_msgs__py[0m
[ 85%] [34m[1mGenerating Python code for ROS interfaces[0m
[ 85%] Built target autoware_auto_planning_msgs__py
[35m[1mScanning dependencies of target autoware_auto_planning_msgs__python[0m
[ 86%] [32mBuilding C object CMakeFiles/autoware_auto_planning_msgs__python.dir/rosidl_generator_py/autoware_auto_planning_msgs/action/_record_trajectory_s.c.o[0m
[ 87%] [32mBuilding C object CMakeFiles/autoware_auto_planning_msgs__python.dir/rosidl_generator_py/autoware_auto_planning_msgs/action/_planner_costmap_s.c.o[0m
[ 87%] [32mBuilding C object CMakeFiles/autoware_auto_planning_msgs__python.dir/rosidl_generator_py/autoware_auto_planning_msgs/action/_plan_trajectory_s.c.o[0m
[ 88%] [32mBuilding C object CMakeFiles/autoware_auto_planning_msgs__python.dir/rosidl_generator_py/autoware_auto_planning_msgs/msg/_route_s.c.o[0m
[ 89%] [32mBuilding C object CMakeFiles/autoware_auto_planning_msgs__python.dir/rosidl_generator_py/autoware_auto_planning_msgs/msg/_trajectory_s.c.o[0m
[ 90%] [32mBuilding C object CMakeFiles/autoware_auto_planning_msgs__python.dir/rosidl_generator_py/autoware_auto_planning_msgs/msg/_trajectory_point_s.c.o[0m
[ 90%] [32mBuilding C object CMakeFiles/autoware_auto_planning_msgs__python.dir/rosidl_generator_py/autoware_auto_planning_msgs/msg/_path_s.c.o[0m
[ 91%] [32mBuilding C object CMakeFiles/autoware_auto_planning_msgs__python.dir/rosidl_generator_py/autoware_auto_planning_msgs/msg/_path_point_s.c.o[0m
[ 92%] [32mBuilding C object CMakeFiles/autoware_auto_planning_msgs__python.dir/rosidl_generator_py/autoware_auto_planning_msgs/msg/_path_with_lane_id_s.c.o[0m
[ 93%] [32mBuilding C object CMakeFiles/autoware_auto_planning_msgs__python.dir/rosidl_generator_py/autoware_auto_planning_msgs/msg/_path_point_with_lane_id_s.c.o[0m
[ 93%] [32mBuilding C object CMakeFiles/autoware_auto_planning_msgs__python.dir/rosidl_generator_py/autoware_auto_planning_msgs/srv/_modify_trajectory_s.c.o[0m
[ 93%] [32mBuilding C object CMakeFiles/autoware_auto_planning_msgs__python.dir/rosidl_generator_py/autoware_auto_planning_msgs/msg/_order_movement_s.c.o[0m
[ 94%] [32mBuilding C object CMakeFiles/autoware_auto_planning_msgs__python.dir/rosidl_generator_py/autoware_auto_planning_msgs/msg/_had_map_route_s.c.o[0m
[ 95%] [32mBuilding C object CMakeFiles/autoware_auto_planning_msgs__python.dir/rosidl_generator_py/autoware_auto_planning_msgs/action/_replay_trajectory_s.c.o[0m
[ 96%] [32m[1mLinking C shared library rosidl_generator_py/autoware_auto_planning_msgs/libautoware_auto_planning_msgs__python.so[0m
[ 96%] Built target autoware_auto_planning_msgs__python
[35m[1mScanning dependencies of target autoware_auto_planning_msgs__rosidl_typesupport_c__pyext[0m
[35m[1mScanning dependencies of target autoware_auto_planning_msgs__rosidl_typesupport_introspection_c__pyext[0m
[35m[1mScanning dependencies of target autoware_auto_planning_msgs__rosidl_typesupport_fastrtps_c__pyext[0m
[ 97%] [32mBuilding C object CMakeFiles/autoware_auto_planning_msgs__rosidl_typesupport_c__pyext.dir/rosidl_generator_py/autoware_auto_planning_msgs/_autoware_auto_planning_msgs_s.ep.rosidl_typesupport_c.c.o[0m
[ 98%] [32mBuilding C object CMakeFiles/autoware_auto_planning_msgs__rosidl_typesupport_introspection_c__pyext.dir/rosidl_generator_py/autoware_auto_planning_msgs/_autoware_auto_planning_msgs_s.ep.rosidl_typesupport_introspection_c.c.o[0m
[ 99%] [32mBuilding C object CMakeFiles/autoware_auto_planning_msgs__rosidl_typesupport_fastrtps_c__pyext.dir/rosidl_generator_py/autoware_auto_planning_msgs/_autoware_auto_planning_msgs_s.ep.rosidl_typesupport_fastrtps_c.c.o[0m
[ 99%] [32m[1mLinking C shared library rosidl_generator_py/autoware_auto_planning_msgs/autoware_auto_planning_msgs_s__rosidl_typesupport_c.cpython-38-aarch64-linux-gnu.so[0m
[100%] [32m[1mLinking C shared library rosidl_generator_py/autoware_auto_planning_msgs/autoware_auto_planning_msgs_s__rosidl_typesupport_introspection_c.cpython-38-aarch64-linux-gnu.so[0m
[100%] [32m[1mLinking CXX shared library rosidl_generator_py/autoware_auto_planning_msgs/autoware_auto_planning_msgs_s__rosidl_typesupport_fastrtps_c.cpython-38-aarch64-linux-gnu.so[0m
[100%] Built target autoware_auto_planning_msgs__rosidl_typesupport_introspection_c__pyext
[100%] Built target autoware_auto_planning_msgs__rosidl_typesupport_c__pyext
[100%] Built target autoware_auto_planning_msgs__rosidl_typesupport_fastrtps_c__pyext
-- Install configuration: ""
-- Installing: /root/r2ware/install/autoware_auto_planning_msgs/share/ament_index/resource_index/rosidl_interfaces/autoware_auto_planning_msgs
-- Installing: /root/r2ware/install/autoware_auto_planning_msgs/include/autoware_auto_planning_msgs
-- Installing: /root/r2ware/install/autoware_auto_planning_msgs/include/autoware_auto_planning_msgs/msg
-- Installing: /root/r2ware/install/autoware_auto_planning_msgs/include/autoware_auto_planning_msgs/msg/path_point.h
-- Installing: /root/r2ware/install/autoware_auto_planning_msgs/include/autoware_auto_planning_msgs/msg/trajectory_point.h
-- Installing: /root/r2ware/install/autoware_auto_planning_msgs/include/autoware_auto_planning_msgs/msg/rosidl_generator_c__visibility_control.h
-- Installing: /root/r2ware/install/autoware_auto_planning_msgs/include/autoware_auto_planning_msgs/msg/path_with_lane_id.h
-- Installing: /root/r2ware/install/autoware_auto_planning_msgs/include/autoware_auto_planning_msgs/msg/route.h
-- Installing: /root/r2ware/install/autoware_auto_planning_msgs/include/autoware_auto_planning_msgs/msg/path.h
-- Installing: /root/r2ware/install/autoware_auto_planning_msgs/include/autoware_auto_planning_msgs/msg/detail
-- Installing: /root/r2ware/install/autoware_auto_planning_msgs/include/autoware_auto_planning_msgs/msg/detail/had_map_route__functions.h
-- Installing: /root/r2ware/install/autoware_auto_planning_msgs/include/autoware_auto_planning_msgs/msg/detail/path_point_with_lane_id__functions.c
-- Installing: /root/r2ware/install/autoware_auto_planning_msgs/include/autoware_auto_planning_msgs/msg/detail/path_with_lane_id__functions.h
-- Installing: /root/r2ware/install/autoware_auto_planning_msgs/include/autoware_auto_planning_msgs/msg/detail/order_movement__functions.h
-- Installing: /root/r2ware/install/autoware_auto_planning_msgs/include/autoware_auto_planning_msgs/msg/detail/trajectory_point__functions.c
-- Installing: /root/r2ware/install/autoware_auto_planning_msgs/include/autoware_auto_planning_msgs/msg/detail/trajectory_point__functions.h
-- Installing: /root/r2ware/install/autoware_auto_planning_msgs/include/autoware_auto_planning_msgs/msg/detail/trajectory_point__type_support.h
-- Installing: /root/r2ware/install/autoware_auto_planning_msgs/include/autoware_auto_planning_msgs/msg/detail/path_point__type_support.h
-- Installing: /root/r2ware/install/autoware_auto_planning_msgs/include/autoware_auto_planning_msgs/msg/detail/path_with_lane_id__functions.c
-- Installing: /root/r2ware/install/autoware_auto_planning_msgs/include/autoware_auto_planning_msgs/msg/detail/path__functions.c
-- Installing: /root/r2ware/install/autoware_auto_planning_msgs/include/autoware_auto_planning_msgs/msg/detail/route__functions.h
-- Installing: /root/r2ware/install/autoware_auto_planning_msgs/include/autoware_auto_planning_msgs/msg/detail/trajectory_point__struct.h
-- Installing: /root/r2ware/install/autoware_auto_planning_msgs/include/autoware_auto_planning_msgs/msg/detail/path_point_with_lane_id__functions.h
-- Installing: /root/r2ware/install/autoware_auto_planning_msgs/include/autoware_auto_planning_msgs/msg/detail/path_point_with_lane_id__struct.h
-- Installing: /root/r2ware/install/autoware_auto_planning_msgs/include/autoware_auto_planning_msgs/msg/detail/path_with_lane_id__type_support.h
-- Installing: /root/r2ware/install/autoware_auto_planning_msgs/include/autoware_auto_planning_msgs/msg/detail/order_movement__functions.c
-- Installing: /root/r2ware/install/autoware_auto_planning_msgs/include/autoware_auto_planning_msgs/msg/detail/path_point__struct.h
-- Installing: /root/r2ware/install/autoware_auto_planning_msgs/include/autoware_auto_planning_msgs/msg/detail/trajectory__type_support.h
-- Installing: /root/r2ware/install/autoware_auto_planning_msgs/include/autoware_auto_planning_msgs/msg/detail/had_map_route__functions.c
-- Installing: /root/r2ware/install/autoware_auto_planning_msgs/include/autoware_auto_planning_msgs/msg/detail/trajectory__struct.h
-- Installing: /root/r2ware/install/autoware_auto_planning_msgs/include/autoware_auto_planning_msgs/msg/detail/path__struct.h
-- Installing: /root/r2ware/install/autoware_auto_planning_msgs/include/autoware_auto_planning_msgs/msg/detail/path_point_with_lane_id__type_support.h
-- Installing: /root/r2ware/install/autoware_auto_planning_msgs/include/autoware_auto_planning_msgs/msg/detail/had_map_route__struct.h
-- Installing: /root/r2ware/install/autoware_auto_planning_msgs/include/autoware_auto_planning_msgs/msg/detail/trajectory__functions.c
-- Installing: /root/r2ware/install/autoware_auto_planning_msgs/include/autoware_auto_planning_msgs/msg/detail/path__functions.h
-- Installing: /root/r2ware/install/autoware_auto_planning_msgs/include/autoware_auto_planning_msgs/msg/detail/path__type_support.h
-- Installing: /root/r2ware/install/autoware_auto_planning_msgs/include/autoware_auto_planning_msgs/msg/detail/had_map_route__type_support.h
-- Installing: /root/r2ware/install/autoware_auto_planning_msgs/include/autoware_auto_planning_msgs/msg/detail/order_movement__struct.h
-- Installing: /root/r2ware/install/autoware_auto_planning_msgs/include/autoware_auto_planning_msgs/msg/detail/route__struct.h
-- Installing: /root/r2ware/install/autoware_auto_planning_msgs/include/autoware_auto_planning_msgs/msg/detail/path_point__functions.c
-- Installing: /root/r2ware/install/autoware_auto_planning_msgs/include/autoware_auto_planning_msgs/msg/detail/route__type_support.h
-- Installing: /root/r2ware/install/autoware_auto_planning_msgs/include/autoware_auto_planning_msgs/msg/detail/path_point__functions.h
-- Installing: /root/r2ware/install/autoware_auto_planning_msgs/include/autoware_auto_planning_msgs/msg/detail/route__functions.c
-- Installing: /root/r2ware/install/autoware_auto_planning_msgs/include/autoware_auto_planning_msgs/msg/detail/order_movement__type_support.h
-- Installing: /root/r2ware/install/autoware_auto_planning_msgs/include/autoware_auto_planning_msgs/msg/detail/trajectory__functions.h
-- Installing: /root/r2ware/install/autoware_auto_planning_msgs/include/autoware_auto_planning_msgs/msg/detail/path_with_lane_id__struct.h
-- Installing: /root/r2ware/install/autoware_auto_planning_msgs/include/autoware_auto_planning_msgs/msg/path_point_with_lane_id.h
-- Installing: /root/r2ware/install/autoware_auto_planning_msgs/include/autoware_auto_planning_msgs/msg/had_map_route.h
-- Installing: /root/r2ware/install/autoware_auto_planning_msgs/include/autoware_auto_planning_msgs/msg/trajectory.h
-- Installing: /root/r2ware/install/autoware_auto_planning_msgs/include/autoware_auto_planning_msgs/msg/order_movement.h
-- Installing: /root/r2ware/install/autoware_auto_planning_msgs/include/autoware_auto_planning_msgs/action
-- Installing: /root/r2ware/install/autoware_auto_planning_msgs/include/autoware_auto_planning_msgs/action/record_trajectory.h
-- Installing: /root/r2ware/install/autoware_auto_planning_msgs/include/autoware_auto_planning_msgs/action/plan_trajectory.h
-- Installing: /root/r2ware/install/autoware_auto_planning_msgs/include/autoware_auto_planning_msgs/action/detail
-- Installing: /root/r2ware/install/autoware_auto_planning_msgs/include/autoware_auto_planning_msgs/action/detail/planner_costmap__functions.h
-- Installing: /root/r2ware/install/autoware_auto_planning_msgs/include/autoware_auto_planning_msgs/action/detail/record_trajectory__struct.h
-- Installing: /root/r2ware/install/autoware_auto_planning_msgs/include/autoware_auto_planning_msgs/action/detail/planner_costmap__struct.h
-- Installing: /root/r2ware/install/autoware_auto_planning_msgs/include/autoware_auto_planning_msgs/action/detail/record_trajectory__type_support.h
-- Installing: /root/r2ware/install/autoware_auto_planning_msgs/include/autoware_auto_planning_msgs/action/detail/record_trajectory__functions.c
-- Installing: /root/r2ware/install/autoware_auto_planning_msgs/include/autoware_auto_planning_msgs/action/detail/replay_trajectory__struct.h
-- Installing: /root/r2ware/install/autoware_auto_planning_msgs/include/autoware_auto_planning_msgs/action/detail/plan_trajectory__struct.h
-- Installing: /root/r2ware/install/autoware_auto_planning_msgs/include/autoware_auto_planning_msgs/action/detail/plan_trajectory__functions.h
-- Installing: /root/r2ware/install/autoware_auto_planning_msgs/include/autoware_auto_planning_msgs/action/detail/replay_trajectory__functions.h
-- Installing: /root/r2ware/install/autoware_auto_planning_msgs/include/autoware_auto_planning_msgs/action/detail/replay_trajectory__functions.c
-- Installing: /root/r2ware/install/autoware_auto_planning_msgs/include/autoware_auto_planning_msgs/action/detail/plan_trajectory__type_support.h
-- Installing: /root/r2ware/install/autoware_auto_planning_msgs/include/autoware_auto_planning_msgs/action/detail/planner_costmap__functions.c
-- Installing: /root/r2ware/install/autoware_auto_planning_msgs/include/autoware_auto_planning_msgs/action/detail/replay_trajectory__type_support.h
-- Installing: /root/r2ware/install/autoware_auto_planning_msgs/include/autoware_auto_planning_msgs/action/detail/planner_costmap__type_support.h
-- Installing: /root/r2ware/install/autoware_auto_planning_msgs/include/autoware_auto_planning_msgs/action/detail/record_trajectory__functions.h
-- Installing: /root/r2ware/install/autoware_auto_planning_msgs/include/autoware_auto_planning_msgs/action/detail/plan_trajectory__functions.c
-- Installing: /root/r2ware/install/autoware_auto_planning_msgs/include/autoware_auto_planning_msgs/action/replay_trajectory.h
-- Installing: /root/r2ware/install/autoware_auto_planning_msgs/include/autoware_auto_planning_msgs/action/planner_costmap.h
-- Installing: /root/r2ware/install/autoware_auto_planning_msgs/include/autoware_auto_planning_msgs/srv
-- Installing: /root/r2ware/install/autoware_auto_planning_msgs/include/autoware_auto_planning_msgs/srv/modify_trajectory.h
-- Installing: /root/r2ware/install/autoware_auto_planning_msgs/include/autoware_auto_planning_msgs/srv/detail
-- Installing: /root/r2ware/install/autoware_auto_planning_msgs/include/autoware_auto_planning_msgs/srv/detail/modify_trajectory__functions.c
-- Installing: /root/r2ware/install/autoware_auto_planning_msgs/include/autoware_auto_planning_msgs/srv/detail/modify_trajectory__struct.h
-- Installing: /root/r2ware/install/autoware_auto_planning_msgs/include/autoware_auto_planning_msgs/srv/detail/modify_trajectory__type_support.h
-- Installing: /root/r2ware/install/autoware_auto_planning_msgs/include/autoware_auto_planning_msgs/srv/detail/modify_trajectory__functions.h
-- Installing: /root/r2ware/install/autoware_auto_planning_msgs/share/autoware_auto_planning_msgs/environment/library_path.sh
-- Installing: /root/r2ware/install/autoware_auto_planning_msgs/share/autoware_auto_planning_msgs/environment/library_path.dsv
-- Installing: /root/r2ware/install/autoware_auto_planning_msgs/lib/libautoware_auto_planning_msgs__rosidl_generator_c.so
-- Set runtime path of "/root/r2ware/install/autoware_auto_planning_msgs/lib/libautoware_auto_planning_msgs__rosidl_generator_c.so" to ""
-- Up-to-date: /root/r2ware/install/autoware_auto_planning_msgs/include/autoware_auto_planning_msgs
-- Up-to-date: /root/r2ware/install/autoware_auto_planning_msgs/include/autoware_auto_planning_msgs/msg
-- Installing: /root/r2ware/install/autoware_auto_planning_msgs/include/autoware_auto_planning_msgs/msg/rosidl_typesupport_fastrtps_c__visibility_control.h
-- Up-to-date: /root/r2ware/install/autoware_auto_planning_msgs/include/autoware_auto_planning_msgs/msg/detail
-- Installing: /root/r2ware/install/autoware_auto_planning_msgs/include/autoware_auto_planning_msgs/msg/detail/order_movement__rosidl_typesupport_fastrtps_c.h
-- Installing: /root/r2ware/install/autoware_auto_planning_msgs/include/autoware_auto_planning_msgs/msg/detail/had_map_route__rosidl_typesupport_fastrtps_c.h
-- Installing: /root/r2ware/install/autoware_auto_planning_msgs/include/autoware_auto_planning_msgs/msg/detail/path_with_lane_id__rosidl_typesupport_fastrtps_c.h
-- Installing: /root/r2ware/install/autoware_auto_planning_msgs/include/autoware_auto_planning_msgs/msg/detail/path__rosidl_typesupport_fastrtps_c.h
-- Installing: /root/r2ware/install/autoware_auto_planning_msgs/include/autoware_auto_planning_msgs/msg/detail/route__rosidl_typesupport_fastrtps_c.h
-- Installing: /root/r2ware/install/autoware_auto_planning_msgs/include/autoware_auto_planning_msgs/msg/detail/path_point__rosidl_typesupport_fastrtps_c.h
-- Installing: /root/r2ware/install/autoware_auto_planning_msgs/include/autoware_auto_planning_msgs/msg/detail/path_point_with_lane_id__rosidl_typesupport_fastrtps_c.h
-- Installing: /root/r2ware/install/autoware_auto_planning_msgs/include/autoware_auto_planning_msgs/msg/detail/trajectory_point__rosidl_typesupport_fastrtps_c.h
-- Installing: /root/r2ware/install/autoware_auto_planning_msgs/include/autoware_auto_planning_msgs/msg/detail/trajectory__rosidl_typesupport_fastrtps_c.h
-- Up-to-date: /root/r2ware/install/autoware_auto_planning_msgs/include/autoware_auto_planning_msgs/action
-- Up-to-date: /root/r2ware/install/autoware_auto_planning_msgs/include/autoware_auto_planning_msgs/action/detail
-- Installing: /root/r2ware/install/autoware_auto_planning_msgs/include/autoware_auto_planning_msgs/action/detail/replay_trajectory__rosidl_typesupport_fastrtps_c.h
-- Installing: /root/r2ware/install/autoware_auto_planning_msgs/include/autoware_auto_planning_msgs/action/detail/planner_costmap__rosidl_typesupport_fastrtps_c.h
-- Installing: /root/r2ware/install/autoware_auto_planning_msgs/include/autoware_auto_planning_msgs/action/detail/record_trajectory__rosidl_typesupport_fastrtps_c.h
-- Installing: /root/r2ware/install/autoware_auto_planning_msgs/include/autoware_auto_planning_msgs/action/detail/plan_trajectory__rosidl_typesupport_fastrtps_c.h
-- Up-to-date: /root/r2ware/install/autoware_auto_planning_msgs/include/autoware_auto_planning_msgs/srv
-- Up-to-date: /root/r2ware/install/autoware_auto_planning_msgs/include/autoware_auto_planning_msgs/srv/detail
-- Installing: /root/r2ware/install/autoware_auto_planning_msgs/include/autoware_auto_planning_msgs/srv/detail/modify_trajectory__rosidl_typesupport_fastrtps_c.h
-- Installing: /root/r2ware/install/autoware_auto_planning_msgs/lib/libautoware_auto_planning_msgs__rosidl_typesupport_fastrtps_c.so
-- Set runtime path of "/root/r2ware/install/autoware_auto_planning_msgs/lib/libautoware_auto_planning_msgs__rosidl_typesupport_fastrtps_c.so" to ""
-- Up-to-date: /root/r2ware/install/autoware_auto_planning_msgs/include/autoware_auto_planning_msgs
-- Up-to-date: /root/r2ware/install/autoware_auto_planning_msgs/include/autoware_auto_planning_msgs/msg
-- Installing: /root/r2ware/install/autoware_auto_planning_msgs/include/autoware_auto_planning_msgs/msg/rosidl_typesupport_fastrtps_cpp__visibility_control.h
-- Up-to-date: /root/r2ware/install/autoware_auto_planning_msgs/include/autoware_auto_planning_msgs/msg/detail
-- Installing: /root/r2ware/install/autoware_auto_planning_msgs/include/autoware_auto_planning_msgs/msg/detail/path_point_with_lane_id__rosidl_typesupport_fastrtps_cpp.hpp
-- Installing: /root/r2ware/install/autoware_auto_planning_msgs/include/autoware_auto_planning_msgs/msg/detail/path__rosidl_typesupport_fastrtps_cpp.hpp
-- Installing: /root/r2ware/install/autoware_auto_planning_msgs/include/autoware_auto_planning_msgs/msg/detail/route__rosidl_typesupport_fastrtps_cpp.hpp
-- Installing: /root/r2ware/install/autoware_auto_planning_msgs/include/autoware_auto_planning_msgs/msg/detail/dds_fastrtps
-- Installing: /root/r2ware/install/autoware_auto_planning_msgs/include/autoware_auto_planning_msgs/msg/detail/trajectory_point__rosidl_typesupport_fastrtps_cpp.hpp
-- Installing: /root/r2ware/install/autoware_auto_planning_msgs/include/autoware_auto_planning_msgs/msg/detail/had_map_route__rosidl_typesupport_fastrtps_cpp.hpp
-- Installing: /root/r2ware/install/autoware_auto_planning_msgs/include/autoware_auto_planning_msgs/msg/detail/trajectory__rosidl_typesupport_fastrtps_cpp.hpp
-- Installing: /root/r2ware/install/autoware_auto_planning_msgs/include/autoware_auto_planning_msgs/msg/detail/path_point__rosidl_typesupport_fastrtps_cpp.hpp
-- Installing: /root/r2ware/install/autoware_auto_planning_msgs/include/autoware_auto_planning_msgs/msg/detail/order_movement__rosidl_typesupport_fastrtps_cpp.hpp
-- Installing: /root/r2ware/install/autoware_auto_planning_msgs/include/autoware_auto_planning_msgs/msg/detail/path_with_lane_id__rosidl_typesupport_fastrtps_cpp.hpp
-- Up-to-date: /root/r2ware/install/autoware_auto_planning_msgs/include/autoware_auto_planning_msgs/action
-- Up-to-date: /root/r2ware/install/autoware_auto_planning_msgs/include/autoware_auto_planning_msgs/action/detail
-- Installing: /root/r2ware/install/autoware_auto_planning_msgs/include/autoware_auto_planning_msgs/action/detail/plan_trajectory__rosidl_typesupport_fastrtps_cpp.hpp
-- Installing: /root/r2ware/install/autoware_auto_planning_msgs/include/autoware_auto_planning_msgs/action/detail/dds_fastrtps
-- Installing: /root/r2ware/install/autoware_auto_planning_msgs/include/autoware_auto_planning_msgs/action/detail/planner_costmap__rosidl_typesupport_fastrtps_cpp.hpp
-- Installing: /root/r2ware/install/autoware_auto_planning_msgs/include/autoware_auto_planning_msgs/action/detail/record_trajectory__rosidl_typesupport_fastrtps_cpp.hpp
-- Installing: /root/r2ware/install/autoware_auto_planning_msgs/include/autoware_auto_planning_msgs/action/detail/replay_trajectory__rosidl_typesupport_fastrtps_cpp.hpp
-- Up-to-date: /root/r2ware/install/autoware_auto_planning_msgs/include/autoware_auto_planning_msgs/srv
-- Up-to-date: /root/r2ware/install/autoware_auto_planning_msgs/include/autoware_auto_planning_msgs/srv/detail
-- Installing: /root/r2ware/install/autoware_auto_planning_msgs/include/autoware_auto_planning_msgs/srv/detail/dds_fastrtps
-- Installing: /root/r2ware/install/autoware_auto_planning_msgs/include/autoware_auto_planning_msgs/srv/detail/modify_trajectory__rosidl_typesupport_fastrtps_cpp.hpp
-- Installing: /root/r2ware/install/autoware_auto_planning_msgs/lib/libautoware_auto_planning_msgs__rosidl_typesupport_fastrtps_cpp.so
-- Set runtime path of "/root/r2ware/install/autoware_auto_planning_msgs/lib/libautoware_auto_planning_msgs__rosidl_typesupport_fastrtps_cpp.so" to ""
-- Up-to-date: /root/r2ware/install/autoware_auto_planning_msgs/include/autoware_auto_planning_msgs
-- Up-to-date: /root/r2ware/install/autoware_auto_planning_msgs/include/autoware_auto_planning_msgs/msg
-- Installing: /root/r2ware/install/autoware_auto_planning_msgs/include/autoware_auto_planning_msgs/msg/rosidl_typesupport_introspection_c__visibility_control.h
-- Up-to-date: /root/r2ware/install/autoware_auto_planning_msgs/include/autoware_auto_planning_msgs/msg/detail
-- Installing: /root/r2ware/install/autoware_auto_planning_msgs/include/autoware_auto_planning_msgs/msg/detail/trajectory_point__rosidl_typesupport_introspection_c.h
-- Installing: /root/r2ware/install/autoware_auto_planning_msgs/include/autoware_auto_planning_msgs/msg/detail/had_map_route__type_support.c
-- Installing: /root/r2ware/install/autoware_auto_planning_msgs/include/autoware_auto_planning_msgs/msg/detail/path_with_lane_id__type_support.c
-- Installing: /root/r2ware/install/autoware_auto_planning_msgs/include/autoware_auto_planning_msgs/msg/detail/order_movement__type_support.c
-- Installing: /root/r2ware/install/autoware_auto_planning_msgs/include/autoware_auto_planning_msgs/msg/detail/trajectory__type_support.c
-- Installing: /root/r2ware/install/autoware_auto_planning_msgs/include/autoware_auto_planning_msgs/msg/detail/route__rosidl_typesupport_introspection_c.h
-- Installing: /root/r2ware/install/autoware_auto_planning_msgs/include/autoware_auto_planning_msgs/msg/detail/route__type_support.c
-- Installing: /root/r2ware/install/autoware_auto_planning_msgs/include/autoware_auto_planning_msgs/msg/detail/path_point_with_lane_id__rosidl_typesupport_introspection_c.h
-- Installing: /root/r2ware/install/autoware_auto_planning_msgs/include/autoware_auto_planning_msgs/msg/detail/trajectory__rosidl_typesupport_introspection_c.h
-- Installing: /root/r2ware/install/autoware_auto_planning_msgs/include/autoware_auto_planning_msgs/msg/detail/path_point_with_lane_id__type_support.c
-- Installing: /root/r2ware/install/autoware_auto_planning_msgs/include/autoware_auto_planning_msgs/msg/detail/had_map_route__rosidl_typesupport_introspection_c.h
-- Installing: /root/r2ware/install/autoware_auto_planning_msgs/include/autoware_auto_planning_msgs/msg/detail/path__rosidl_typesupport_introspection_c.h
-- Installing: /root/r2ware/install/autoware_auto_planning_msgs/include/autoware_auto_planning_msgs/msg/detail/trajectory_point__type_support.c
-- Installing: /root/r2ware/install/autoware_auto_planning_msgs/include/autoware_auto_planning_msgs/msg/detail/order_movement__rosidl_typesupport_introspection_c.h
-- Installing: /root/r2ware/install/autoware_auto_planning_msgs/include/autoware_auto_planning_msgs/msg/detail/path_point__rosidl_typesupport_introspection_c.h
-- Installing: /root/r2ware/install/autoware_auto_planning_msgs/include/autoware_auto_planning_msgs/msg/detail/path__type_support.c
-- Installing: /root/r2ware/install/autoware_auto_planning_msgs/include/autoware_auto_planning_msgs/msg/detail/path_point__type_support.c
-- Installing: /root/r2ware/install/autoware_auto_planning_msgs/include/autoware_auto_planning_msgs/msg/detail/path_with_lane_id__rosidl_typesupport_introspection_c.h
-- Up-to-date: /root/r2ware/install/autoware_auto_planning_msgs/include/autoware_auto_planning_msgs/action
-- Up-to-date: /root/r2ware/install/autoware_auto_planning_msgs/include/autoware_auto_planning_msgs/action/detail
-- Installing: /root/r2ware/install/autoware_auto_planning_msgs/include/autoware_auto_planning_msgs/action/detail/planner_costmap__type_support.c
-- Installing: /root/r2ware/install/autoware_auto_planning_msgs/include/autoware_auto_planning_msgs/action/detail/record_trajectory__type_support.c
-- Installing: /root/r2ware/install/autoware_auto_planning_msgs/include/autoware_auto_planning_msgs/action/detail/plan_trajectory__rosidl_typesupport_introspection_c.h
-- Installing: /root/r2ware/install/autoware_auto_planning_msgs/include/autoware_auto_planning_msgs/action/detail/record_trajectory__rosidl_typesupport_introspection_c.h
-- Installing: /root/r2ware/install/autoware_auto_planning_msgs/include/autoware_auto_planning_msgs/action/detail/planner_costmap__rosidl_typesupport_introspection_c.h
-- Installing: /root/r2ware/install/autoware_auto_planning_msgs/include/autoware_auto_planning_msgs/action/detail/replay_trajectory__type_support.c
-- Installing: /root/r2ware/install/autoware_auto_planning_msgs/include/autoware_auto_planning_msgs/action/detail/plan_trajectory__type_support.c
-- Installing: /root/r2ware/install/autoware_auto_planning_msgs/include/autoware_auto_planning_msgs/action/detail/replay_trajectory__rosidl_typesupport_introspection_c.h
-- Up-to-date: /root/r2ware/install/autoware_auto_planning_msgs/include/autoware_auto_planning_msgs/srv
-- Up-to-date: /root/r2ware/install/autoware_auto_planning_msgs/include/autoware_auto_planning_msgs/srv/detail
-- Installing: /root/r2ware/install/autoware_auto_planning_msgs/include/autoware_auto_planning_msgs/srv/detail/modify_trajectory__type_support.c
-- Installing: /root/r2ware/install/autoware_auto_planning_msgs/include/autoware_auto_planning_msgs/srv/detail/modify_trajectory__rosidl_typesupport_introspection_c.h
-- Installing: /root/r2ware/install/autoware_auto_planning_msgs/lib/libautoware_auto_planning_msgs__rosidl_typesupport_introspection_c.so
-- Set runtime path of "/root/r2ware/install/autoware_auto_planning_msgs/lib/libautoware_auto_planning_msgs__rosidl_typesupport_introspection_c.so" to ""
-- Installing: /root/r2ware/install/autoware_auto_planning_msgs/lib/libautoware_auto_planning_msgs__rosidl_typesupport_c.so
-- Set runtime path of "/root/r2ware/install/autoware_auto_planning_msgs/lib/libautoware_auto_planning_msgs__rosidl_typesupport_c.so" to ""
-- Up-to-date: /root/r2ware/install/autoware_auto_planning_msgs/include/autoware_auto_planning_msgs
-- Up-to-date: /root/r2ware/install/autoware_auto_planning_msgs/include/autoware_auto_planning_msgs/msg
-- Installing: /root/r2ware/install/autoware_auto_planning_msgs/include/autoware_auto_planning_msgs/msg/route.hpp
-- Installing: /root/r2ware/install/autoware_auto_planning_msgs/include/autoware_auto_planning_msgs/msg/path_point.hpp
-- Installing: /root/r2ware/install/autoware_auto_planning_msgs/include/autoware_auto_planning_msgs/msg/path.hpp
-- Installing: /root/r2ware/install/autoware_auto_planning_msgs/include/autoware_auto_planning_msgs/msg/had_map_route.hpp
-- Installing: /root/r2ware/install/autoware_auto_planning_msgs/include/autoware_auto_planning_msgs/msg/trajectory_point.hpp
-- Installing: /root/r2ware/install/autoware_auto_planning_msgs/include/autoware_auto_planning_msgs/msg/path_point_with_lane_id.hpp
-- Installing: /root/r2ware/install/autoware_auto_planning_msgs/include/autoware_auto_planning_msgs/msg/trajectory.hpp
-- Installing: /root/r2ware/install/autoware_auto_planning_msgs/include/autoware_auto_planning_msgs/msg/order_movement.hpp
-- Up-to-date: /root/r2ware/install/autoware_auto_planning_msgs/include/autoware_auto_planning_msgs/msg/detail
-- Installing: /root/r2ware/install/autoware_auto_planning_msgs/include/autoware_auto_planning_msgs/msg/detail/path_with_lane_id__struct.hpp
-- Installing: /root/r2ware/install/autoware_auto_planning_msgs/include/autoware_auto_planning_msgs/msg/detail/order_movement__struct.hpp
-- Installing: /root/r2ware/install/autoware_auto_planning_msgs/include/autoware_auto_planning_msgs/msg/detail/path__traits.hpp
-- Installing: /root/r2ware/install/autoware_auto_planning_msgs/include/autoware_auto_planning_msgs/msg/detail/trajectory_point__builder.hpp
-- Installing: /root/r2ware/install/autoware_auto_planning_msgs/include/autoware_auto_planning_msgs/msg/detail/trajectory__builder.hpp
-- Installing: /root/r2ware/install/autoware_auto_planning_msgs/include/autoware_auto_planning_msgs/msg/detail/path_point_with_lane_id__struct.hpp
-- Installing: /root/r2ware/install/autoware_auto_planning_msgs/include/autoware_auto_planning_msgs/msg/detail/path_with_lane_id__builder.hpp
-- Installing: /root/r2ware/install/autoware_auto_planning_msgs/include/autoware_auto_planning_msgs/msg/detail/path_point__struct.hpp
-- Installing: /root/r2ware/install/autoware_auto_planning_msgs/include/autoware_auto_planning_msgs/msg/detail/trajectory__struct.hpp
-- Installing: /root/r2ware/install/autoware_auto_planning_msgs/include/autoware_auto_planning_msgs/msg/detail/trajectory_point__traits.hpp
-- Installing: /root/r2ware/install/autoware_auto_planning_msgs/include/autoware_auto_planning_msgs/msg/detail/path__struct.hpp
-- Installing: /root/r2ware/install/autoware_auto_planning_msgs/include/autoware_auto_planning_msgs/msg/detail/trajectory__traits.hpp
-- Installing: /root/r2ware/install/autoware_auto_planning_msgs/include/autoware_auto_planning_msgs/msg/detail/trajectory_point__struct.hpp
-- Installing: /root/r2ware/install/autoware_auto_planning_msgs/include/autoware_auto_planning_msgs/msg/detail/path_point__builder.hpp
-- Installing: /root/r2ware/install/autoware_auto_planning_msgs/include/autoware_auto_planning_msgs/msg/detail/path__builder.hpp
-- Installing: /root/r2ware/install/autoware_auto_planning_msgs/include/autoware_auto_planning_msgs/msg/detail/had_map_route__builder.hpp
-- Installing: /root/r2ware/install/autoware_auto_planning_msgs/include/autoware_auto_planning_msgs/msg/detail/path_point_with_lane_id__traits.hpp
-- Installing: /root/r2ware/install/autoware_auto_planning_msgs/include/autoware_auto_planning_msgs/msg/detail/had_map_route__struct.hpp
-- Installing: /root/r2ware/install/autoware_auto_planning_msgs/include/autoware_auto_planning_msgs/msg/detail/path_with_lane_id__traits.hpp
-- Installing: /root/r2ware/install/autoware_auto_planning_msgs/include/autoware_auto_planning_msgs/msg/detail/path_point__traits.hpp
-- Installing: /root/r2ware/install/autoware_auto_planning_msgs/include/autoware_auto_planning_msgs/msg/detail/order_movement__traits.hpp
-- Installing: /root/r2ware/install/autoware_auto_planning_msgs/include/autoware_auto_planning_msgs/msg/detail/path_point_with_lane_id__builder.hpp
-- Installing: /root/r2ware/install/autoware_auto_planning_msgs/include/autoware_auto_planning_msgs/msg/detail/order_movement__builder.hpp
-- Installing: /root/r2ware/install/autoware_auto_planning_msgs/include/autoware_auto_planning_msgs/msg/detail/route__struct.hpp
-- Installing: /root/r2ware/install/autoware_auto_planning_msgs/include/autoware_auto_planning_msgs/msg/detail/route__builder.hpp
-- Installing: /root/r2ware/install/autoware_auto_planning_msgs/include/autoware_auto_planning_msgs/msg/detail/route__traits.hpp
-- Installing: /root/r2ware/install/autoware_auto_planning_msgs/include/autoware_auto_planning_msgs/msg/detail/had_map_route__traits.hpp
-- Installing: /root/r2ware/install/autoware_auto_planning_msgs/include/autoware_auto_planning_msgs/msg/path_with_lane_id.hpp
-- Up-to-date: /root/r2ware/install/autoware_auto_planning_msgs/include/autoware_auto_planning_msgs/action
-- Installing: /root/r2ware/install/autoware_auto_planning_msgs/include/autoware_auto_planning_msgs/action/record_trajectory.hpp
-- Installing: /root/r2ware/install/autoware_auto_planning_msgs/include/autoware_auto_planning_msgs/action/planner_costmap.hpp
-- Up-to-date: /root/r2ware/install/autoware_auto_planning_msgs/include/autoware_auto_planning_msgs/action/detail
-- Installing: /root/r2ware/install/autoware_auto_planning_msgs/include/autoware_auto_planning_msgs/action/detail/replay_trajectory__traits.hpp
-- Installing: /root/r2ware/install/autoware_auto_planning_msgs/include/autoware_auto_planning_msgs/action/detail/replay_trajectory__builder.hpp
-- Installing: /root/r2ware/install/autoware_auto_planning_msgs/include/autoware_auto_planning_msgs/action/detail/plan_trajectory__struct.hpp
-- Installing: /root/r2ware/install/autoware_auto_planning_msgs/include/autoware_auto_planning_msgs/action/detail/planner_costmap__builder.hpp
-- Installing: /root/r2ware/install/autoware_auto_planning_msgs/include/autoware_auto_planning_msgs/action/detail/replay_trajectory__struct.hpp
-- Installing: /root/r2ware/install/autoware_auto_planning_msgs/include/autoware_auto_planning_msgs/action/detail/planner_costmap__traits.hpp
-- Installing: /root/r2ware/install/autoware_auto_planning_msgs/include/autoware_auto_planning_msgs/action/detail/planner_costmap__struct.hpp
-- Installing: /root/r2ware/install/autoware_auto_planning_msgs/include/autoware_auto_planning_msgs/action/detail/record_trajectory__builder.hpp
-- Installing: /root/r2ware/install/autoware_auto_planning_msgs/include/autoware_auto_planning_msgs/action/detail/record_trajectory__struct.hpp
-- Installing: /root/r2ware/install/autoware_auto_planning_msgs/include/autoware_auto_planning_msgs/action/detail/plan_trajectory__traits.hpp
-- Installing: /root/r2ware/install/autoware_auto_planning_msgs/include/autoware_auto_planning_msgs/action/detail/plan_trajectory__builder.hpp
-- Installing: /root/r2ware/install/autoware_auto_planning_msgs/include/autoware_auto_planning_msgs/action/detail/record_trajectory__traits.hpp
-- Installing: /root/r2ware/install/autoware_auto_planning_msgs/include/autoware_auto_planning_msgs/action/plan_trajectory.hpp
-- Installing: /root/r2ware/install/autoware_auto_planning_msgs/include/autoware_auto_planning_msgs/action/replay_trajectory.hpp
-- Up-to-date: /root/r2ware/install/autoware_auto_planning_msgs/include/autoware_auto_planning_msgs/srv
-- Installing: /root/r2ware/install/autoware_auto_planning_msgs/include/autoware_auto_planning_msgs/srv/modify_trajectory.hpp
-- Up-to-date: /root/r2ware/install/autoware_auto_planning_msgs/include/autoware_auto_planning_msgs/srv/detail
-- Installing: /root/r2ware/install/autoware_auto_planning_msgs/include/autoware_auto_planning_msgs/srv/detail/modify_trajectory__builder.hpp
-- Installing: /root/r2ware/install/autoware_auto_planning_msgs/include/autoware_auto_planning_msgs/srv/detail/modify_trajectory__struct.hpp
-- Installing: /root/r2ware/install/autoware_auto_planning_msgs/include/autoware_auto_planning_msgs/srv/detail/modify_trajectory__traits.hpp
-- Up-to-date: /root/r2ware/install/autoware_auto_planning_msgs/include/autoware_auto_planning_msgs
-- Up-to-date: /root/r2ware/install/autoware_auto_planning_msgs/include/autoware_auto_planning_msgs/msg
-- Up-to-date: /root/r2ware/install/autoware_auto_planning_msgs/include/autoware_auto_planning_msgs/msg/detail
-- Installing: /root/r2ware/install/autoware_auto_planning_msgs/include/autoware_auto_planning_msgs/msg/detail/path_with_lane_id__type_support.cpp
-- Installing: /root/r2ware/install/autoware_auto_planning_msgs/include/autoware_auto_planning_msgs/msg/detail/route__type_support.cpp
-- Installing: /root/r2ware/install/autoware_auto_planning_msgs/include/autoware_auto_planning_msgs/msg/detail/path_with_lane_id__rosidl_typesupport_introspection_cpp.hpp
-- Installing: /root/r2ware/install/autoware_auto_planning_msgs/include/autoware_auto_planning_msgs/msg/detail/trajectory__type_support.cpp
-- Installing: /root/r2ware/install/autoware_auto_planning_msgs/include/autoware_auto_planning_msgs/msg/detail/path_point_with_lane_id__rosidl_typesupport_introspection_cpp.hpp
-- Installing: /root/r2ware/install/autoware_auto_planning_msgs/include/autoware_auto_planning_msgs/msg/detail/trajectory__rosidl_typesupport_introspection_cpp.hpp
-- Installing: /root/r2ware/install/autoware_auto_planning_msgs/include/autoware_auto_planning_msgs/msg/detail/trajectory_point__rosidl_typesupport_introspection_cpp.hpp
-- Installing: /root/r2ware/install/autoware_auto_planning_msgs/include/autoware_auto_planning_msgs/msg/detail/path_point__type_support.cpp
-- Installing: /root/r2ware/install/autoware_auto_planning_msgs/include/autoware_auto_planning_msgs/msg/detail/path__rosidl_typesupport_introspection_cpp.hpp
-- Installing: /root/r2ware/install/autoware_auto_planning_msgs/include/autoware_auto_planning_msgs/msg/detail/order_movement__type_support.cpp
-- Installing: /root/r2ware/install/autoware_auto_planning_msgs/include/autoware_auto_planning_msgs/msg/detail/path_point_with_lane_id__type_support.cpp
-- Installing: /root/r2ware/install/autoware_auto_planning_msgs/include/autoware_auto_planning_msgs/msg/detail/had_map_route__rosidl_typesupport_introspection_cpp.hpp
-- Installing: /root/r2ware/install/autoware_auto_planning_msgs/include/autoware_auto_planning_msgs/msg/detail/had_map_route__type_support.cpp
-- Installing: /root/r2ware/install/autoware_auto_planning_msgs/include/autoware_auto_planning_msgs/msg/detail/path__type_support.cpp
-- Installing: /root/r2ware/install/autoware_auto_planning_msgs/include/autoware_auto_planning_msgs/msg/detail/trajectory_point__type_support.cpp
-- Installing: /root/r2ware/install/autoware_auto_planning_msgs/include/autoware_auto_planning_msgs/msg/detail/route__rosidl_typesupport_introspection_cpp.hpp
-- Installing: /root/r2ware/install/autoware_auto_planning_msgs/include/autoware_auto_planning_msgs/msg/detail/path_point__rosidl_typesupport_introspection_cpp.hpp
-- Installing: /root/r2ware/install/autoware_auto_planning_msgs/include/autoware_auto_planning_msgs/msg/detail/order_movement__rosidl_typesupport_introspection_cpp.hpp
-- Up-to-date: /root/r2ware/install/autoware_auto_planning_msgs/include/autoware_auto_planning_msgs/action
-- Up-to-date: /root/r2ware/install/autoware_auto_planning_msgs/include/autoware_auto_planning_msgs/action/detail
-- Installing: /root/r2ware/install/autoware_auto_planning_msgs/include/autoware_auto_planning_msgs/action/detail/plan_trajectory__type_support.cpp
-- Installing: /root/r2ware/install/autoware_auto_planning_msgs/include/autoware_auto_planning_msgs/action/detail/record_trajectory__rosidl_typesupport_introspection_cpp.hpp
-- Installing: /root/r2ware/install/autoware_auto_planning_msgs/include/autoware_auto_planning_msgs/action/detail/replay_trajectory__type_support.cpp
-- Installing: /root/r2ware/install/autoware_auto_planning_msgs/include/autoware_auto_planning_msgs/action/detail/replay_trajectory__rosidl_typesupport_introspection_cpp.hpp
-- Installing: /root/r2ware/install/autoware_auto_planning_msgs/include/autoware_auto_planning_msgs/action/detail/planner_costmap__type_support.cpp
-- Installing: /root/r2ware/install/autoware_auto_planning_msgs/include/autoware_auto_planning_msgs/action/detail/plan_trajectory__rosidl_typesupport_introspection_cpp.hpp
-- Installing: /root/r2ware/install/autoware_auto_planning_msgs/include/autoware_auto_planning_msgs/action/detail/planner_costmap__rosidl_typesupport_introspection_cpp.hpp
-- Installing: /root/r2ware/install/autoware_auto_planning_msgs/include/autoware_auto_planning_msgs/action/detail/record_trajectory__type_support.cpp
-- Up-to-date: /root/r2ware/install/autoware_auto_planning_msgs/include/autoware_auto_planning_msgs/srv
-- Up-to-date: /root/r2ware/install/autoware_auto_planning_msgs/include/autoware_auto_planning_msgs/srv/detail
-- Installing: /root/r2ware/install/autoware_auto_planning_msgs/include/autoware_auto_planning_msgs/srv/detail/modify_trajectory__type_support.cpp
-- Installing: /root/r2ware/install/autoware_auto_planning_msgs/include/autoware_auto_planning_msgs/srv/detail/modify_trajectory__rosidl_typesupport_introspection_cpp.hpp
-- Installing: /root/r2ware/install/autoware_auto_planning_msgs/lib/libautoware_auto_planning_msgs__rosidl_typesupport_introspection_cpp.so
-- Set runtime path of "/root/r2ware/install/autoware_auto_planning_msgs/lib/libautoware_auto_planning_msgs__rosidl_typesupport_introspection_cpp.so" to ""
-- Installing: /root/r2ware/install/autoware_auto_planning_msgs/lib/libautoware_auto_planning_msgs__rosidl_typesupport_cpp.so
-- Set runtime path of "/root/r2ware/install/autoware_auto_planning_msgs/lib/libautoware_auto_planning_msgs__rosidl_typesupport_cpp.so" to ""
-- Installing: /root/r2ware/install/autoware_auto_planning_msgs/share/autoware_auto_planning_msgs/environment/pythonpath.sh
-- Installing: /root/r2ware/install/autoware_auto_planning_msgs/share/autoware_auto_planning_msgs/environment/pythonpath.dsv
-- Installing: /root/r2ware/install/autoware_auto_planning_msgs/lib/python3.8/site-packages/autoware_auto_planning_msgs/__init__.py
Compiling '/root/r2ware/install/autoware_auto_planning_msgs/lib/python3.8/site-packages/autoware_auto_planning_msgs/__init__.py'...
-- Installing: /root/r2ware/install/autoware_auto_planning_msgs/lib/python3.8/site-packages/autoware_auto_planning_msgs/action
-- Installing: /root/r2ware/install/autoware_auto_planning_msgs/lib/python3.8/site-packages/autoware_auto_planning_msgs/action/_planner_costmap.py
-- Installing: /root/r2ware/install/autoware_auto_planning_msgs/lib/python3.8/site-packages/autoware_auto_planning_msgs/action/_record_trajectory_s.c
-- Installing: /root/r2ware/install/autoware_auto_planning_msgs/lib/python3.8/site-packages/autoware_auto_planning_msgs/action/__init__.py
-- Installing: /root/r2ware/install/autoware_auto_planning_msgs/lib/python3.8/site-packages/autoware_auto_planning_msgs/action/_record_trajectory.py
-- Installing: /root/r2ware/install/autoware_auto_planning_msgs/lib/python3.8/site-packages/autoware_auto_planning_msgs/action/_replay_trajectory.py
-- Installing: /root/r2ware/install/autoware_auto_planning_msgs/lib/python3.8/site-packages/autoware_auto_planning_msgs/action/_replay_trajectory_s.c
-- Installing: /root/r2ware/install/autoware_auto_planning_msgs/lib/python3.8/site-packages/autoware_auto_planning_msgs/action/_plan_trajectory.py
-- Installing: /root/r2ware/install/autoware_auto_planning_msgs/lib/python3.8/site-packages/autoware_auto_planning_msgs/action/_plan_trajectory_s.c
-- Installing: /root/r2ware/install/autoware_auto_planning_msgs/lib/python3.8/site-packages/autoware_auto_planning_msgs/action/_planner_costmap_s.c
-- Installing: /root/r2ware/install/autoware_auto_planning_msgs/lib/python3.8/site-packages/autoware_auto_planning_msgs/msg
-- Installing: /root/r2ware/install/autoware_auto_planning_msgs/lib/python3.8/site-packages/autoware_auto_planning_msgs/msg/_had_map_route.py
-- Installing: /root/r2ware/install/autoware_auto_planning_msgs/lib/python3.8/site-packages/autoware_auto_planning_msgs/msg/_path_point_with_lane_id_s.c
-- Installing: /root/r2ware/install/autoware_auto_planning_msgs/lib/python3.8/site-packages/autoware_auto_planning_msgs/msg/__init__.py
-- Installing: /root/r2ware/install/autoware_auto_planning_msgs/lib/python3.8/site-packages/autoware_auto_planning_msgs/msg/_path.py
-- Installing: /root/r2ware/install/autoware_auto_planning_msgs/lib/python3.8/site-packages/autoware_auto_planning_msgs/msg/_had_map_route_s.c
-- Installing: /root/r2ware/install/autoware_auto_planning_msgs/lib/python3.8/site-packages/autoware_auto_planning_msgs/msg/_trajectory_point.py
-- Installing: /root/r2ware/install/autoware_auto_planning_msgs/lib/python3.8/site-packages/autoware_auto_planning_msgs/msg/_path_point.py
-- Installing: /root/r2ware/install/autoware_auto_planning_msgs/lib/python3.8/site-packages/autoware_auto_planning_msgs/msg/_route_s.c
-- Installing: /root/r2ware/install/autoware_auto_planning_msgs/lib/python3.8/site-packages/autoware_auto_planning_msgs/msg/_order_movement.py
-- Installing: /root/r2ware/install/autoware_auto_planning_msgs/lib/python3.8/site-packages/autoware_auto_planning_msgs/msg/_path_point_s.c
-- Installing: /root/r2ware/install/autoware_auto_planning_msgs/lib/python3.8/site-packages/autoware_auto_planning_msgs/msg/_trajectory.py
-- Installing: /root/r2ware/install/autoware_auto_planning_msgs/lib/python3.8/site-packages/autoware_auto_planning_msgs/msg/_path_with_lane_id.py
-- Installing: /root/r2ware/install/autoware_auto_planning_msgs/lib/python3.8/site-packages/autoware_auto_planning_msgs/msg/_trajectory_point_s.c
-- Installing: /root/r2ware/install/autoware_auto_planning_msgs/lib/python3.8/site-packages/autoware_auto_planning_msgs/msg/_path_s.c
-- Installing: /root/r2ware/install/autoware_auto_planning_msgs/lib/python3.8/site-packages/autoware_auto_planning_msgs/msg/_order_movement_s.c
-- Installing: /root/r2ware/install/autoware_auto_planning_msgs/lib/python3.8/site-packages/autoware_auto_planning_msgs/msg/_path_with_lane_id_s.c
-- Installing: /root/r2ware/install/autoware_auto_planning_msgs/lib/python3.8/site-packages/autoware_auto_planning_msgs/msg/_trajectory_s.c
-- Installing: /root/r2ware/install/autoware_auto_planning_msgs/lib/python3.8/site-packages/autoware_auto_planning_msgs/msg/_route.py
-- Installing: /root/r2ware/install/autoware_auto_planning_msgs/lib/python3.8/site-packages/autoware_auto_planning_msgs/msg/_path_point_with_lane_id.py
-- Installing: /root/r2ware/install/autoware_auto_planning_msgs/lib/python3.8/site-packages/autoware_auto_planning_msgs/srv
-- Installing: /root/r2ware/install/autoware_auto_planning_msgs/lib/python3.8/site-packages/autoware_auto_planning_msgs/srv/__init__.py
-- Installing: /root/r2ware/install/autoware_auto_planning_msgs/lib/python3.8/site-packages/autoware_auto_planning_msgs/srv/_modify_trajectory.py
-- Installing: /root/r2ware/install/autoware_auto_planning_msgs/lib/python3.8/site-packages/autoware_auto_planning_msgs/srv/_modify_trajectory_s.c
-- Installing: /root/r2ware/install/autoware_auto_planning_msgs/lib/python3.8/site-packages/autoware_auto_planning_msgs/autoware_auto_planning_msgs_s__rosidl_typesupport_fastrtps_c.cpython-38-aarch64-linux-gnu.so
-- Set runtime path of "/root/r2ware/install/autoware_auto_planning_msgs/lib/python3.8/site-packages/autoware_auto_planning_msgs/autoware_auto_planning_msgs_s__rosidl_typesupport_fastrtps_c.cpython-38-aarch64-linux-gnu.so" to ""
-- Installing: /root/r2ware/install/autoware_auto_planning_msgs/lib/python3.8/site-packages/autoware_auto_planning_msgs/autoware_auto_planning_msgs_s__rosidl_typesupport_introspection_c.cpython-38-aarch64-linux-gnu.so
-- Set runtime path of "/root/r2ware/install/autoware_auto_planning_msgs/lib/python3.8/site-packages/autoware_auto_planning_msgs/autoware_auto_planning_msgs_s__rosidl_typesupport_introspection_c.cpython-38-aarch64-linux-gnu.so" to ""
-- Installing: /root/r2ware/install/autoware_auto_planning_msgs/lib/python3.8/site-packages/autoware_auto_planning_msgs/autoware_auto_planning_msgs_s__rosidl_typesupport_c.cpython-38-aarch64-linux-gnu.so
-- Set runtime path of "/root/r2ware/install/autoware_auto_planning_msgs/lib/python3.8/site-packages/autoware_auto_planning_msgs/autoware_auto_planning_msgs_s__rosidl_typesupport_c.cpython-38-aarch64-linux-gnu.so" to ""
-- Installing: /root/r2ware/install/autoware_auto_planning_msgs/lib/libautoware_auto_planning_msgs__python.so
-- Set runtime path of "/root/r2ware/install/autoware_auto_planning_msgs/lib/libautoware_auto_planning_msgs__python.so" to ""
-- Installing: /root/r2ware/install/autoware_auto_planning_msgs/share/autoware_auto_planning_msgs/action/PlannerCostmap.idl
-- Installing: /root/r2ware/install/autoware_auto_planning_msgs/share/autoware_auto_planning_msgs/action/PlanTrajectory.idl
-- Installing: /root/r2ware/install/autoware_auto_planning_msgs/share/autoware_auto_planning_msgs/action/RecordTrajectory.idl
-- Installing: /root/r2ware/install/autoware_auto_planning_msgs/share/autoware_auto_planning_msgs/action/ReplayTrajectory.idl
-- Installing: /root/r2ware/install/autoware_auto_planning_msgs/share/autoware_auto_planning_msgs/msg/HADMapRoute.idl
-- Installing: /root/r2ware/install/autoware_auto_planning_msgs/share/autoware_auto_planning_msgs/msg/OrderMovement.idl
-- Installing: /root/r2ware/install/autoware_auto_planning_msgs/share/autoware_auto_planning_msgs/msg/Route.idl
-- Installing: /root/r2ware/install/autoware_auto_planning_msgs/share/autoware_auto_planning_msgs/msg/Trajectory.idl
-- Installing: /root/r2ware/install/autoware_auto_planning_msgs/share/autoware_auto_planning_msgs/msg/TrajectoryPoint.idl
-- Installing: /root/r2ware/install/autoware_auto_planning_msgs/share/autoware_auto_planning_msgs/msg/Path.idl
-- Installing: /root/r2ware/install/autoware_auto_planning_msgs/share/autoware_auto_planning_msgs/msg/PathPoint.idl
-- Installing: /root/r2ware/install/autoware_auto_planning_msgs/share/autoware_auto_planning_msgs/msg/PathWithLaneId.idl
-- Installing: /root/r2ware/install/autoware_auto_planning_msgs/share/autoware_auto_planning_msgs/msg/PathPointWithLaneId.idl
-- Installing: /root/r2ware/install/autoware_auto_planning_msgs/share/autoware_auto_planning_msgs/srv/ModifyTrajectory.idl
-- Installing: /root/r2ware/install/autoware_auto_planning_msgs/share/ament_index/resource_index/package_run_dependencies/autoware_auto_planning_msgs
-- Installing: /root/r2ware/install/autoware_auto_planning_msgs/share/ament_index/resource_index/parent_prefix_path/autoware_auto_planning_msgs
-- Installing: /root/r2ware/install/autoware_auto_planning_msgs/share/autoware_auto_planning_msgs/environment/ament_prefix_path.sh
-- Installing: /root/r2ware/install/autoware_auto_planning_msgs/share/autoware_auto_planning_msgs/environment/ament_prefix_path.dsv
-- Installing: /root/r2ware/install/autoware_auto_planning_msgs/share/autoware_auto_planning_msgs/environment/path.sh
-- Installing: /root/r2ware/install/autoware_auto_planning_msgs/share/autoware_auto_planning_msgs/environment/path.dsv
-- Installing: /root/r2ware/install/autoware_auto_planning_msgs/share/autoware_auto_planning_msgs/local_setup.bash
-- Installing: /root/r2ware/install/autoware_auto_planning_msgs/share/autoware_auto_planning_msgs/local_setup.sh
-- Installing: /root/r2ware/install/autoware_auto_planning_msgs/share/autoware_auto_planning_msgs/local_setup.zsh
-- Installing: /root/r2ware/install/autoware_auto_planning_msgs/share/autoware_auto_planning_msgs/local_setup.dsv
-- Installing: /root/r2ware/install/autoware_auto_planning_msgs/share/autoware_auto_planning_msgs/package.dsv
-- Installing: /root/r2ware/install/autoware_auto_planning_msgs/share/ament_index/resource_index/packages/autoware_auto_planning_msgs
-- Installing: /root/r2ware/install/autoware_auto_planning_msgs/share/autoware_auto_planning_msgs/cmake/autoware_auto_planning_msgs__rosidl_generator_cExport.cmake
-- Installing: /root/r2ware/install/autoware_auto_planning_msgs/share/autoware_auto_planning_msgs/cmake/autoware_auto_planning_msgs__rosidl_generator_cExport-noconfig.cmake
-- Installing: /root/r2ware/install/autoware_auto_planning_msgs/share/autoware_auto_planning_msgs/cmake/autoware_auto_planning_msgs__rosidl_typesupport_introspection_cExport.cmake
-- Installing: /root/r2ware/install/autoware_auto_planning_msgs/share/autoware_auto_planning_msgs/cmake/autoware_auto_planning_msgs__rosidl_typesupport_introspection_cExport-noconfig.cmake
-- Installing: /root/r2ware/install/autoware_auto_planning_msgs/share/autoware_auto_planning_msgs/cmake/autoware_auto_planning_msgs__rosidl_typesupport_cExport.cmake
-- Installing: /root/r2ware/install/autoware_auto_planning_msgs/share/autoware_auto_planning_msgs/cmake/autoware_auto_planning_msgs__rosidl_typesupport_cExport-noconfig.cmake
-- Installing: /root/r2ware/install/autoware_auto_planning_msgs/share/autoware_auto_planning_msgs/cmake/autoware_auto_planning_msgs__rosidl_generator_cppExport.cmake
-- Installing: /root/r2ware/install/autoware_auto_planning_msgs/share/autoware_auto_planning_msgs/cmake/autoware_auto_planning_msgs__rosidl_typesupport_introspection_cppExport.cmake
-- Installing: /root/r2ware/install/autoware_auto_planning_msgs/share/autoware_auto_planning_msgs/cmake/autoware_auto_planning_msgs__rosidl_typesupport_introspection_cppExport-noconfig.cmake
-- Installing: /root/r2ware/install/autoware_auto_planning_msgs/share/autoware_auto_planning_msgs/cmake/autoware_auto_planning_msgs__rosidl_typesupport_cppExport.cmake
-- Installing: /root/r2ware/install/autoware_auto_planning_msgs/share/autoware_auto_planning_msgs/cmake/autoware_auto_planning_msgs__rosidl_typesupport_cppExport-noconfig.cmake
-- Installing: /root/r2ware/install/autoware_auto_planning_msgs/share/autoware_auto_planning_msgs/cmake/rosidl_cmake-extras.cmake
-- Installing: /root/r2ware/install/autoware_auto_planning_msgs/share/autoware_auto_planning_msgs/cmake/ament_cmake_export_dependencies-extras.cmake
-- Installing: /root/r2ware/install/autoware_auto_planning_msgs/share/autoware_auto_planning_msgs/cmake/ament_cmake_export_libraries-extras.cmake
-- Installing: /root/r2ware/install/autoware_auto_planning_msgs/share/autoware_auto_planning_msgs/cmake/ament_cmake_export_targets-extras.cmake
-- Installing: /root/r2ware/install/autoware_auto_planning_msgs/share/autoware_auto_planning_msgs/cmake/ament_cmake_export_include_directories-extras.cmake
-- Installing: /root/r2ware/install/autoware_auto_planning_msgs/share/autoware_auto_planning_msgs/cmake/rosidl_cmake_export_typesupport_libraries-extras.cmake
-- Installing: /root/r2ware/install/autoware_auto_planning_msgs/share/autoware_auto_planning_msgs/cmake/rosidl_cmake_export_typesupport_targets-extras.cmake
-- Installing: /root/r2ware/install/autoware_auto_planning_msgs/share/autoware_auto_planning_msgs/cmake/autoware_auto_planning_msgsConfig.cmake
-- Installing: /root/r2ware/install/autoware_auto_planning_msgs/share/autoware_auto_planning_msgs/cmake/autoware_auto_planning_msgsConfig-version.cmake
-- Installing: /root/r2ware/install/autoware_auto_planning_msgs/share/autoware_auto_planning_msgs/package.xml
