-- The C compiler identification is GNU 9.4.0
-- The CXX compiler identification is GNU 9.4.0
-- Check for working C compiler: /usr/bin/cc
-- Check for working C compiler: /usr/bin/cc -- works
-- Detecting C compiler ABI info
-- Detecting C compiler ABI info - done
-- Detecting C compile features
-- Detecting C compile features - done
-- Check for working CXX compiler: /usr/bin/c++
-- Check for working CXX compiler: /usr/bin/c++ -- works
-- Detecting CXX compiler ABI info
-- Detecting CXX compiler ABI info - done
-- Detecting CXX compile features
-- Detecting CXX compile features - done
-- Found ament_cmake_auto: 0.9.11 (/opt/ros/foxy/share/ament_cmake_auto/cmake)
-- Found PythonInterp: /usr/bin/python3 (found suitable version "3.8.10", minimum required is "3") 
-- Using PYTHON_EXECUTABLE: /usr/bin/python3
-- Using all available rosidl_typesupport_c: rosidl_typesupport_fastrtps_c;rosidl_typesupport_introspection_c
-- Found rosidl_adapter: 1.3.0 (/opt/ros/foxy/share/rosidl_adapter/cmake)
-- Found OpenSSL: /usr/lib/aarch64-linux-gnu/libcrypto.so (found version "1.1.1f")  
-- Found FastRTPS: /opt/ros/foxy/include  
-- Using all available rosidl_typesupport_cpp: rosidl_typesupport_fastrtps_cpp;rosidl_typesupport_introspection_cpp
-- Found PythonInterp: /usr/bin/python3 (found version "3.8.10") 
-- Found ament_cmake_ros: 0.9.2 (/opt/ros/foxy/share/ament_cmake_ros/cmake)
-- Using all available rosidl_typesupport_c: rosidl_typesupport_fastrtps_c;rosidl_typesupport_introspection_c
-- Using all available rosidl_typesupport_cpp: rosidl_typesupport_fastrtps_cpp;rosidl_typesupport_introspection_cpp
-- Found PythonInterp: /usr/bin/python3 (found suitable version "3.8.10", minimum required is "3.5") 
-- Found python_cmake_module: 0.8.1 (/opt/ros/foxy/share/python_cmake_module/cmake)
-- Found PythonLibs: /usr/lib/aarch64-linux-gnu/libpython3.8.so (found suitable version "3.8.10", minimum required is "3.5") 
-- Using PYTHON_EXECUTABLE: /usr/bin/python3
-- Using PYTHON_INCLUDE_DIRS: /usr/include/python3.8
-- Using PYTHON_LIBRARIES: /usr/lib/aarch64-linux-gnu/libpython3.8.so
-- Found PythonExtra: .so  
-- Found ament_lint_auto: 0.9.7 (/opt/ros/foxy/share/ament_lint_auto/cmake)
-- Added test 'copyright' to check source files copyright and LICENSE
-- Added test 'lint_cmake' to check CMake code style
-- Added test 'xmllint' to check XML markup files
-- Configuring done
-- Generating done
-- Build files have been written to: /root/r2ware/build/tier4_external_api_msgs
[35m[1mScanning dependencies of target tier4_external_api_msgs__cpp[0m
[  0%] [34m[1mGenerating C code for ROS interfaces[0m
[  0%] [34m[1mGenerating C++ code for ROS interfaces[0m
[  0%] Built target tier4_external_api_msgs__cpp
[35m[1mScanning dependencies of target tier4_external_api_msgs__rosidl_generator_c[0m
[  0%] [32mBuilding C object CMakeFiles/tier4_external_api_msgs__rosidl_generator_c.dir/rosidl_generator_c/tier4_external_api_msgs/msg/detail/calibration_status__functions.c.o[0m
[  0%] [32mBuilding C object CMakeFiles/tier4_external_api_msgs__rosidl_generator_c.dir/rosidl_generator_c/tier4_external_api_msgs/msg/detail/control_command_stamped__functions.c.o[0m
[  1%] [32mBuilding C object CMakeFiles/tier4_external_api_msgs__rosidl_generator_c.dir/rosidl_generator_c/tier4_external_api_msgs/msg/detail/cpu_status__functions.c.o[0m
[  1%] [32mBuilding C object CMakeFiles/tier4_external_api_msgs__rosidl_generator_c.dir/rosidl_generator_c/tier4_external_api_msgs/msg/detail/cpu_usage__functions.c.o[0m
[  1%] [32mBuilding C object CMakeFiles/tier4_external_api_msgs__rosidl_generator_c.dir/rosidl_generator_c/tier4_external_api_msgs/msg/detail/door_status__functions.c.o[0m
[  1%] [32mBuilding C object CMakeFiles/tier4_external_api_msgs__rosidl_generator_c.dir/rosidl_generator_c/tier4_external_api_msgs/msg/detail/emergency__functions.c.o[0m
[  1%] [32mBuilding C object CMakeFiles/tier4_external_api_msgs__rosidl_generator_c.dir/rosidl_generator_c/tier4_external_api_msgs/msg/detail/engage_status__functions.c.o[0m
[  2%] [32mBuilding C object CMakeFiles/tier4_external_api_msgs__rosidl_generator_c.dir/rosidl_generator_c/tier4_external_api_msgs/msg/detail/fail_safe_state__functions.c.o[0m
[  2%] [32mBuilding C object CMakeFiles/tier4_external_api_msgs__rosidl_generator_c.dir/rosidl_generator_c/tier4_external_api_msgs/msg/detail/fail_safe_state_stamped__functions.c.o[0m
[  2%] [32mBuilding C object CMakeFiles/tier4_external_api_msgs__rosidl_generator_c.dir/rosidl_generator_c/tier4_external_api_msgs/msg/detail/gear_shift__functions.c.o[0m
[  2%] [32mBuilding C object CMakeFiles/tier4_external_api_msgs__rosidl_generator_c.dir/rosidl_generator_c/tier4_external_api_msgs/msg/detail/gear_shift_stamped__functions.c.o[0m
[  3%] [32mBuilding C object CMakeFiles/tier4_external_api_msgs__rosidl_generator_c.dir/rosidl_generator_c/tier4_external_api_msgs/msg/detail/heartbeat__functions.c.o[0m
[  3%] [32mBuilding C object CMakeFiles/tier4_external_api_msgs__rosidl_generator_c.dir/rosidl_generator_c/tier4_external_api_msgs/msg/detail/localization_score__functions.c.o[0m
[  3%] [32mBuilding C object CMakeFiles/tier4_external_api_msgs__rosidl_generator_c.dir/rosidl_generator_c/tier4_external_api_msgs/msg/detail/localization_score_array__functions.c.o[0m
[  3%] [32mBuilding C object CMakeFiles/tier4_external_api_msgs__rosidl_generator_c.dir/rosidl_generator_c/tier4_external_api_msgs/msg/detail/map_hash__functions.c.o[0m
[  3%] [32mBuilding C object CMakeFiles/tier4_external_api_msgs__rosidl_generator_c.dir/rosidl_generator_c/tier4_external_api_msgs/msg/detail/metadata_packages__functions.c.o[0m
[  4%] [32mBuilding C object CMakeFiles/tier4_external_api_msgs__rosidl_generator_c.dir/rosidl_generator_c/tier4_external_api_msgs/msg/detail/observer__functions.c.o[0m
[  4%] [32mBuilding C object CMakeFiles/tier4_external_api_msgs__rosidl_generator_c.dir/rosidl_generator_c/tier4_external_api_msgs/msg/detail/operator__functions.c.o[0m
[  4%] [32mBuilding C object CMakeFiles/tier4_external_api_msgs__rosidl_generator_c.dir/rosidl_generator_c/tier4_external_api_msgs/msg/detail/rosbag_copy_status__functions.c.o[0m
[  4%] [32mBuilding C object CMakeFiles/tier4_external_api_msgs__rosidl_generator_c.dir/rosidl_generator_c/tier4_external_api_msgs/msg/detail/rosbag_logging_mode__functions.c.o[0m
[  5%] [32mBuilding C object CMakeFiles/tier4_external_api_msgs__rosidl_generator_c.dir/rosidl_generator_c/tier4_external_api_msgs/msg/detail/response_status__functions.c.o[0m
[  5%] [32mBuilding C object CMakeFiles/tier4_external_api_msgs__rosidl_generator_c.dir/rosidl_generator_c/tier4_external_api_msgs/msg/detail/route__functions.c.o[0m
[  5%] [32mBuilding C object CMakeFiles/tier4_external_api_msgs__rosidl_generator_c.dir/rosidl_generator_c/tier4_external_api_msgs/msg/detail/route_section__functions.c.o[0m
[  5%] [32mBuilding C object CMakeFiles/tier4_external_api_msgs__rosidl_generator_c.dir/rosidl_generator_c/tier4_external_api_msgs/msg/detail/service__functions.c.o[0m
[  5%] [32mBuilding C object CMakeFiles/tier4_external_api_msgs__rosidl_generator_c.dir/rosidl_generator_c/tier4_external_api_msgs/msg/detail/text_file__functions.c.o[0m
[  6%] [32mBuilding C object CMakeFiles/tier4_external_api_msgs__rosidl_generator_c.dir/rosidl_generator_c/tier4_external_api_msgs/msg/detail/steering__functions.c.o[0m
[  6%] [32mBuilding C object CMakeFiles/tier4_external_api_msgs__rosidl_generator_c.dir/rosidl_generator_c/tier4_external_api_msgs/msg/detail/turn_signal__functions.c.o[0m
[  6%] [32mBuilding C object CMakeFiles/tier4_external_api_msgs__rosidl_generator_c.dir/rosidl_generator_c/tier4_external_api_msgs/msg/detail/turn_signal_stamped__functions.c.o[0m
[  6%] [32mBuilding C object CMakeFiles/tier4_external_api_msgs__rosidl_generator_c.dir/rosidl_generator_c/tier4_external_api_msgs/msg/detail/vehicle_command__functions.c.o[0m
[  7%] [32mBuilding C object CMakeFiles/tier4_external_api_msgs__rosidl_generator_c.dir/rosidl_generator_c/tier4_external_api_msgs/msg/detail/vehicle_command_stamped__functions.c.o[0m
[  7%] [32mBuilding C object CMakeFiles/tier4_external_api_msgs__rosidl_generator_c.dir/rosidl_generator_c/tier4_external_api_msgs/msg/detail/vehicle_status__functions.c.o[0m
[  7%] [32mBuilding C object CMakeFiles/tier4_external_api_msgs__rosidl_generator_c.dir/rosidl_generator_c/tier4_external_api_msgs/msg/detail/vehicle_status_stamped__functions.c.o[0m
[  7%] [32mBuilding C object CMakeFiles/tier4_external_api_msgs__rosidl_generator_c.dir/rosidl_generator_c/tier4_external_api_msgs/srv/detail/get_accel_brake_map_calibration_data__functions.c.o[0m
[  7%] [32mBuilding C object CMakeFiles/tier4_external_api_msgs__rosidl_generator_c.dir/rosidl_generator_c/tier4_external_api_msgs/srv/detail/clear_route__functions.c.o[0m
[  8%] [32mBuilding C object CMakeFiles/tier4_external_api_msgs__rosidl_generator_c.dir/rosidl_generator_c/tier4_external_api_msgs/srv/detail/engage__functions.c.o[0m
[  8%] [32mBuilding C object CMakeFiles/tier4_external_api_msgs__rosidl_generator_c.dir/rosidl_generator_c/tier4_external_api_msgs/srv/detail/get_metadata_packages__functions.c.o[0m
[  8%] [32mBuilding C object CMakeFiles/tier4_external_api_msgs__rosidl_generator_c.dir/rosidl_generator_c/tier4_external_api_msgs/srv/detail/get_rosbag_copy_list__functions.c.o[0m
[  8%] [32mBuilding C object CMakeFiles/tier4_external_api_msgs__rosidl_generator_c.dir/rosidl_generator_c/tier4_external_api_msgs/srv/detail/get_text_file__functions.c.o[0m
[  8%] [32mBuilding C object CMakeFiles/tier4_external_api_msgs__rosidl_generator_c.dir/rosidl_generator_c/tier4_external_api_msgs/srv/detail/initialize_pose__functions.c.o[0m
[  9%] [32mBuilding C object CMakeFiles/tier4_external_api_msgs__rosidl_generator_c.dir/rosidl_generator_c/tier4_external_api_msgs/srv/detail/initialize_pose_auto__functions.c.o[0m
[  9%] [32mBuilding C object CMakeFiles/tier4_external_api_msgs__rosidl_generator_c.dir/rosidl_generator_c/tier4_external_api_msgs/srv/detail/pause_driving__functions.c.o[0m
[  9%] [32mBuilding C object CMakeFiles/tier4_external_api_msgs__rosidl_generator_c.dir/rosidl_generator_c/tier4_external_api_msgs/srv/detail/set_door__functions.c.o[0m
[  9%] [32mBuilding C object CMakeFiles/tier4_external_api_msgs__rosidl_generator_c.dir/rosidl_generator_c/tier4_external_api_msgs/srv/detail/set_observer__functions.c.o[0m
[ 10%] [32mBuilding C object CMakeFiles/tier4_external_api_msgs__rosidl_generator_c.dir/rosidl_generator_c/tier4_external_api_msgs/srv/detail/set_operator__functions.c.o[0m
[ 10%] [32mBuilding C object CMakeFiles/tier4_external_api_msgs__rosidl_generator_c.dir/rosidl_generator_c/tier4_external_api_msgs/srv/detail/set_emergency__functions.c.o[0m
[ 10%] [32mBuilding C object CMakeFiles/tier4_external_api_msgs__rosidl_generator_c.dir/rosidl_generator_c/tier4_external_api_msgs/srv/detail/set_pose__functions.c.o[0m
[ 10%] [32mBuilding C object CMakeFiles/tier4_external_api_msgs__rosidl_generator_c.dir/rosidl_generator_c/tier4_external_api_msgs/srv/detail/set_rosbag_logging_mode__functions.c.o[0m
[ 10%] [32mBuilding C object CMakeFiles/tier4_external_api_msgs__rosidl_generator_c.dir/rosidl_generator_c/tier4_external_api_msgs/srv/detail/set_route__functions.c.o[0m
[ 11%] [32mBuilding C object CMakeFiles/tier4_external_api_msgs__rosidl_generator_c.dir/rosidl_generator_c/tier4_external_api_msgs/srv/detail/set_service__functions.c.o[0m
[ 11%] [32mBuilding C object CMakeFiles/tier4_external_api_msgs__rosidl_generator_c.dir/rosidl_generator_c/tier4_external_api_msgs/srv/detail/set_velocity_limit__functions.c.o[0m
[ 11%] [32mBuilding C object CMakeFiles/tier4_external_api_msgs__rosidl_generator_c.dir/rosidl_generator_c/tier4_external_api_msgs/srv/detail/start_rosbag_copy__functions.c.o[0m
[ 11%] [32mBuilding C object CMakeFiles/tier4_external_api_msgs__rosidl_generator_c.dir/rosidl_generator_c/tier4_external_api_msgs/msg/detail/control_command__functions.c.o[0m
[ 11%] [32mBuilding C object CMakeFiles/tier4_external_api_msgs__rosidl_generator_c.dir/rosidl_generator_c/tier4_external_api_msgs/msg/detail/classified_diagnostics__functions.c.o[0m
[ 12%] [32mBuilding C object CMakeFiles/tier4_external_api_msgs__rosidl_generator_c.dir/rosidl_generator_c/tier4_external_api_msgs/msg/detail/calibration_status_array__functions.c.o[0m
[ 12%] [32m[1mLinking C shared library libtier4_external_api_msgs__rosidl_generator_c.so[0m
[ 12%] Built target tier4_external_api_msgs__rosidl_generator_c
[ 12%] [34m[1mGenerating C++ type support for eProsima Fast-RTPS[0m
[35m[1mScanning dependencies of target tier4_external_api_msgs__rosidl_typesupport_fastrtps_cpp[0m
[ 13%] [32mBuilding CXX object CMakeFiles/tier4_external_api_msgs__rosidl_typesupport_fastrtps_cpp.dir/rosidl_typesupport_fastrtps_cpp/tier4_external_api_msgs/msg/detail/dds_fastrtps/calibration_status__type_support.cpp.o[0m
[ 13%] [32mBuilding CXX object CMakeFiles/tier4_external_api_msgs__rosidl_typesupport_fastrtps_cpp.dir/rosidl_typesupport_fastrtps_cpp/tier4_external_api_msgs/msg/detail/dds_fastrtps/control_command__type_support.cpp.o[0m
[ 13%] [32mBuilding CXX object CMakeFiles/tier4_external_api_msgs__rosidl_typesupport_fastrtps_cpp.dir/rosidl_typesupport_fastrtps_cpp/tier4_external_api_msgs/msg/detail/dds_fastrtps/control_command_stamped__type_support.cpp.o[0m
[ 14%] [32mBuilding CXX object CMakeFiles/tier4_external_api_msgs__rosidl_typesupport_fastrtps_cpp.dir/rosidl_typesupport_fastrtps_cpp/tier4_external_api_msgs/msg/detail/dds_fastrtps/cpu_status__type_support.cpp.o[0m
[ 14%] [32mBuilding CXX object CMakeFiles/tier4_external_api_msgs__rosidl_typesupport_fastrtps_cpp.dir/rosidl_typesupport_fastrtps_cpp/tier4_external_api_msgs/msg/detail/dds_fastrtps/cpu_usage__type_support.cpp.o[0m
[ 14%] [32mBuilding CXX object CMakeFiles/tier4_external_api_msgs__rosidl_typesupport_fastrtps_cpp.dir/rosidl_typesupport_fastrtps_cpp/tier4_external_api_msgs/msg/detail/dds_fastrtps/door_status__type_support.cpp.o[0m
[ 14%] [32mBuilding CXX object CMakeFiles/tier4_external_api_msgs__rosidl_typesupport_fastrtps_cpp.dir/rosidl_typesupport_fastrtps_cpp/tier4_external_api_msgs/msg/detail/dds_fastrtps/emergency__type_support.cpp.o[0m
[ 15%] [32mBuilding CXX object CMakeFiles/tier4_external_api_msgs__rosidl_typesupport_fastrtps_cpp.dir/rosidl_typesupport_fastrtps_cpp/tier4_external_api_msgs/msg/detail/dds_fastrtps/engage_status__type_support.cpp.o[0m
[ 15%] [32mBuilding CXX object CMakeFiles/tier4_external_api_msgs__rosidl_typesupport_fastrtps_cpp.dir/rosidl_typesupport_fastrtps_cpp/tier4_external_api_msgs/msg/detail/dds_fastrtps/fail_safe_state__type_support.cpp.o[0m
[ 15%] [32mBuilding CXX object CMakeFiles/tier4_external_api_msgs__rosidl_typesupport_fastrtps_cpp.dir/rosidl_typesupport_fastrtps_cpp/tier4_external_api_msgs/msg/detail/dds_fastrtps/fail_safe_state_stamped__type_support.cpp.o[0m
[ 15%] [32mBuilding CXX object CMakeFiles/tier4_external_api_msgs__rosidl_typesupport_fastrtps_cpp.dir/rosidl_typesupport_fastrtps_cpp/tier4_external_api_msgs/msg/detail/dds_fastrtps/gear_shift__type_support.cpp.o[0m
[ 15%] [32mBuilding CXX object CMakeFiles/tier4_external_api_msgs__rosidl_typesupport_fastrtps_cpp.dir/rosidl_typesupport_fastrtps_cpp/tier4_external_api_msgs/msg/detail/dds_fastrtps/gear_shift_stamped__type_support.cpp.o[0m
[ 16%] [32mBuilding CXX object CMakeFiles/tier4_external_api_msgs__rosidl_typesupport_fastrtps_cpp.dir/rosidl_typesupport_fastrtps_cpp/tier4_external_api_msgs/msg/detail/dds_fastrtps/heartbeat__type_support.cpp.o[0m
[ 16%] [32mBuilding CXX object CMakeFiles/tier4_external_api_msgs__rosidl_typesupport_fastrtps_cpp.dir/rosidl_typesupport_fastrtps_cpp/tier4_external_api_msgs/msg/detail/dds_fastrtps/localization_score__type_support.cpp.o[0m
[ 16%] [32mBuilding CXX object CMakeFiles/tier4_external_api_msgs__rosidl_typesupport_fastrtps_cpp.dir/rosidl_typesupport_fastrtps_cpp/tier4_external_api_msgs/msg/detail/dds_fastrtps/localization_score_array__type_support.cpp.o[0m
[ 16%] [32mBuilding CXX object CMakeFiles/tier4_external_api_msgs__rosidl_typesupport_fastrtps_cpp.dir/rosidl_typesupport_fastrtps_cpp/tier4_external_api_msgs/msg/detail/dds_fastrtps/map_hash__type_support.cpp.o[0m
[ 17%] [32mBuilding CXX object CMakeFiles/tier4_external_api_msgs__rosidl_typesupport_fastrtps_cpp.dir/rosidl_typesupport_fastrtps_cpp/tier4_external_api_msgs/msg/detail/dds_fastrtps/metadata_packages__type_support.cpp.o[0m
[ 17%] [32mBuilding CXX object CMakeFiles/tier4_external_api_msgs__rosidl_typesupport_fastrtps_cpp.dir/rosidl_typesupport_fastrtps_cpp/tier4_external_api_msgs/msg/detail/dds_fastrtps/observer__type_support.cpp.o[0m
[ 17%] [32mBuilding CXX object CMakeFiles/tier4_external_api_msgs__rosidl_typesupport_fastrtps_cpp.dir/rosidl_typesupport_fastrtps_cpp/tier4_external_api_msgs/msg/detail/dds_fastrtps/operator__type_support.cpp.o[0m
[ 17%] [32mBuilding CXX object CMakeFiles/tier4_external_api_msgs__rosidl_typesupport_fastrtps_cpp.dir/rosidl_typesupport_fastrtps_cpp/tier4_external_api_msgs/msg/detail/dds_fastrtps/rosbag_copy_status__type_support.cpp.o[0m
[ 17%] [32mBuilding CXX object CMakeFiles/tier4_external_api_msgs__rosidl_typesupport_fastrtps_cpp.dir/rosidl_typesupport_fastrtps_cpp/tier4_external_api_msgs/msg/detail/dds_fastrtps/rosbag_logging_mode__type_support.cpp.o[0m
[ 18%] [32mBuilding CXX object CMakeFiles/tier4_external_api_msgs__rosidl_typesupport_fastrtps_cpp.dir/rosidl_typesupport_fastrtps_cpp/tier4_external_api_msgs/msg/detail/dds_fastrtps/response_status__type_support.cpp.o[0m
[ 18%] [32mBuilding CXX object CMakeFiles/tier4_external_api_msgs__rosidl_typesupport_fastrtps_cpp.dir/rosidl_typesupport_fastrtps_cpp/tier4_external_api_msgs/msg/detail/dds_fastrtps/route__type_support.cpp.o[0m
[ 18%] [32mBuilding CXX object CMakeFiles/tier4_external_api_msgs__rosidl_typesupport_fastrtps_cpp.dir/rosidl_typesupport_fastrtps_cpp/tier4_external_api_msgs/msg/detail/dds_fastrtps/route_section__type_support.cpp.o[0m
[ 18%] [32mBuilding CXX object CMakeFiles/tier4_external_api_msgs__rosidl_typesupport_fastrtps_cpp.dir/rosidl_typesupport_fastrtps_cpp/tier4_external_api_msgs/msg/detail/dds_fastrtps/service__type_support.cpp.o[0m
[ 19%] [32mBuilding CXX object CMakeFiles/tier4_external_api_msgs__rosidl_typesupport_fastrtps_cpp.dir/rosidl_typesupport_fastrtps_cpp/tier4_external_api_msgs/msg/detail/dds_fastrtps/text_file__type_support.cpp.o[0m
[ 19%] [32mBuilding CXX object CMakeFiles/tier4_external_api_msgs__rosidl_typesupport_fastrtps_cpp.dir/rosidl_typesupport_fastrtps_cpp/tier4_external_api_msgs/msg/detail/dds_fastrtps/steering__type_support.cpp.o[0m
[ 19%] [32mBuilding CXX object CMakeFiles/tier4_external_api_msgs__rosidl_typesupport_fastrtps_cpp.dir/rosidl_typesupport_fastrtps_cpp/tier4_external_api_msgs/msg/detail/dds_fastrtps/turn_signal__type_support.cpp.o[0m
[ 19%] [32mBuilding CXX object CMakeFiles/tier4_external_api_msgs__rosidl_typesupport_fastrtps_cpp.dir/rosidl_typesupport_fastrtps_cpp/tier4_external_api_msgs/msg/detail/dds_fastrtps/turn_signal_stamped__type_support.cpp.o[0m
[ 19%] [32mBuilding CXX object CMakeFiles/tier4_external_api_msgs__rosidl_typesupport_fastrtps_cpp.dir/rosidl_typesupport_fastrtps_cpp/tier4_external_api_msgs/msg/detail/dds_fastrtps/vehicle_command__type_support.cpp.o[0m
[ 20%] [32mBuilding CXX object CMakeFiles/tier4_external_api_msgs__rosidl_typesupport_fastrtps_cpp.dir/rosidl_typesupport_fastrtps_cpp/tier4_external_api_msgs/msg/detail/dds_fastrtps/vehicle_command_stamped__type_support.cpp.o[0m
[ 20%] [32mBuilding CXX object CMakeFiles/tier4_external_api_msgs__rosidl_typesupport_fastrtps_cpp.dir/rosidl_typesupport_fastrtps_cpp/tier4_external_api_msgs/msg/detail/dds_fastrtps/vehicle_status__type_support.cpp.o[0m
[ 20%] [32mBuilding CXX object CMakeFiles/tier4_external_api_msgs__rosidl_typesupport_fastrtps_cpp.dir/rosidl_typesupport_fastrtps_cpp/tier4_external_api_msgs/msg/detail/dds_fastrtps/vehicle_status_stamped__type_support.cpp.o[0m
[ 20%] [32mBuilding CXX object CMakeFiles/tier4_external_api_msgs__rosidl_typesupport_fastrtps_cpp.dir/rosidl_typesupport_fastrtps_cpp/tier4_external_api_msgs/srv/detail/dds_fastrtps/get_accel_brake_map_calibration_data__type_support.cpp.o[0m
[ 20%] [32mBuilding CXX object CMakeFiles/tier4_external_api_msgs__rosidl_typesupport_fastrtps_cpp.dir/rosidl_typesupport_fastrtps_cpp/tier4_external_api_msgs/srv/detail/dds_fastrtps/clear_route__type_support.cpp.o[0m
[ 21%] [32mBuilding CXX object CMakeFiles/tier4_external_api_msgs__rosidl_typesupport_fastrtps_cpp.dir/rosidl_typesupport_fastrtps_cpp/tier4_external_api_msgs/srv/detail/dds_fastrtps/engage__type_support.cpp.o[0m
[ 21%] [32mBuilding CXX object CMakeFiles/tier4_external_api_msgs__rosidl_typesupport_fastrtps_cpp.dir/rosidl_typesupport_fastrtps_cpp/tier4_external_api_msgs/srv/detail/dds_fastrtps/get_metadata_packages__type_support.cpp.o[0m
[ 21%] [32mBuilding CXX object CMakeFiles/tier4_external_api_msgs__rosidl_typesupport_fastrtps_cpp.dir/rosidl_typesupport_fastrtps_cpp/tier4_external_api_msgs/srv/detail/dds_fastrtps/get_rosbag_copy_list__type_support.cpp.o[0m
[ 21%] [32mBuilding CXX object CMakeFiles/tier4_external_api_msgs__rosidl_typesupport_fastrtps_cpp.dir/rosidl_typesupport_fastrtps_cpp/tier4_external_api_msgs/srv/detail/dds_fastrtps/get_text_file__type_support.cpp.o[0m
[ 22%] [32mBuilding CXX object CMakeFiles/tier4_external_api_msgs__rosidl_typesupport_fastrtps_cpp.dir/rosidl_typesupport_fastrtps_cpp/tier4_external_api_msgs/srv/detail/dds_fastrtps/initialize_pose__type_support.cpp.o[0m
[ 22%] [32mBuilding CXX object CMakeFiles/tier4_external_api_msgs__rosidl_typesupport_fastrtps_cpp.dir/rosidl_typesupport_fastrtps_cpp/tier4_external_api_msgs/srv/detail/dds_fastrtps/initialize_pose_auto__type_support.cpp.o[0m
[ 22%] [32mBuilding CXX object CMakeFiles/tier4_external_api_msgs__rosidl_typesupport_fastrtps_cpp.dir/rosidl_typesupport_fastrtps_cpp/tier4_external_api_msgs/srv/detail/dds_fastrtps/pause_driving__type_support.cpp.o[0m
[ 22%] [32mBuilding CXX object CMakeFiles/tier4_external_api_msgs__rosidl_typesupport_fastrtps_cpp.dir/rosidl_typesupport_fastrtps_cpp/tier4_external_api_msgs/srv/detail/dds_fastrtps/set_door__type_support.cpp.o[0m
[ 22%] [32mBuilding CXX object CMakeFiles/tier4_external_api_msgs__rosidl_typesupport_fastrtps_cpp.dir/rosidl_typesupport_fastrtps_cpp/tier4_external_api_msgs/srv/detail/dds_fastrtps/set_observer__type_support.cpp.o[0m
[ 23%] [32mBuilding CXX object CMakeFiles/tier4_external_api_msgs__rosidl_typesupport_fastrtps_cpp.dir/rosidl_typesupport_fastrtps_cpp/tier4_external_api_msgs/srv/detail/dds_fastrtps/set_operator__type_support.cpp.o[0m
