[0.136s] Invoking command in '/root/r2ware/build/tier4_external_api_msgs': CMAKE_PREFIX_PATH=${CMAKE_PREFIX_PATH}:/root/yahboomcar_ros2_ws/yahboomcar_ws/install/yahboomcar_voice_ctrl:/root/yahboomcar_ros2_ws/yahboomcar_ws/install/yahboomcar_visual:/root/yahboomcar_ros2_ws/yahboomcar_ws/install/yahboomcar_nav:/root/yahboomcar_ros2_ws/yahboomcar_ws/install/yahboomcar_multi:/root/yahboomcar_ros2_ws/yahboomcar_ws/install/yahboomcar_mediapipe:/root/yahboomcar_ros2_ws/yahboomcar_ws/install/yahboomcar_linefollow:/root/yahboomcar_ros2_ws/yahboomcar_ws/install/yahboomcar_laser:/root/yahboomcar_ros2_ws/yahboomcar_ws/install/yahboomcar_description_x1:/root/yahboomcar_ros2_ws/yahboomcar_ws/install/yahboomcar_description:/root/yahboomcar_ros2_ws/yahboomcar_ws/install/yahboomcar_ctrl:/root/yahboomcar_ros2_ws/yahboomcar_ws/install/yahboomcar_bringup:/root/yahboomcar_ros2_ws/yahboomcar_ws/install/yahboomcar_astra:/root/yahboomcar_ros2_ws/yahboomcar_ws/install/yahboom_app_save_map:/root/yahboomcar_ros2_ws/yahboomcar_ws/install/robot_pose_publisher:/root/yahboomcar_ros2_ws/yahboomcar_ws/install/laserscan_to_point_pulisher:/opt/ros/foxy /usr/bin/cmake /root/r2ware/src/autoware_dependencies/universe/external/tier4_autoware_msgs/tier4_external_api_msgs -DCMAKE_INSTALL_PREFIX=/root/r2ware/install/tier4_external_api_msgs
[6.076s] -- The C compiler identification is GNU 9.4.0
[6.076s] -- The CXX compiler identification is GNU 9.4.0
[6.076s] -- Check for working C compiler: /usr/bin/cc
[6.077s] -- Check for working C compiler: /usr/bin/cc -- works
[6.077s] -- Detecting C compiler ABI info
[6.077s] -- Detecting C compiler ABI info - done
[6.077s] -- Detecting C compile features
[6.077s] -- Detecting C compile features - done
[6.077s] -- Check for working CXX compiler: /usr/bin/c++
[6.077s] -- Check for working CXX compiler: /usr/bin/c++ -- works
[6.078s] -- Detecting CXX compiler ABI info
[6.078s] -- Detecting CXX compiler ABI info - done
[6.078s] -- Detecting CXX compile features
[6.078s] -- Detecting CXX compile features - done
[6.078s] -- Found ament_cmake_auto: 0.9.11 (/opt/ros/foxy/share/ament_cmake_auto/cmake)
[6.078s] -- Found PythonInterp: /usr/bin/python3 (found suitable version "3.8.10", minimum required is "3") 
[6.079s] -- Using PYTHON_EXECUTABLE: /usr/bin/python3
[6.079s] -- Using all available rosidl_typesupport_c: rosidl_typesupport_fastrtps_c;rosidl_typesupport_introspection_c
[6.079s] -- Found rosidl_adapter: 1.3.0 (/opt/ros/foxy/share/rosidl_adapter/cmake)
[6.079s] -- Found OpenSSL: /usr/lib/aarch64-linux-gnu/libcrypto.so (found version "1.1.1f")  
[6.079s] -- Found FastRTPS: /opt/ros/foxy/include  
[6.079s] -- Using all available rosidl_typesupport_cpp: rosidl_typesupport_fastrtps_cpp;rosidl_typesupport_introspection_cpp
[6.079s] -- Found PythonInterp: /usr/bin/python3 (found version "3.8.10") 
[6.143s] -- Found ament_cmake_ros: 0.9.2 (/opt/ros/foxy/share/ament_cmake_ros/cmake)
[7.037s] -- Using all available rosidl_typesupport_c: rosidl_typesupport_fastrtps_c;rosidl_typesupport_introspection_c
[7.415s] -- Using all available rosidl_typesupport_cpp: rosidl_typesupport_fastrtps_cpp;rosidl_typesupport_introspection_cpp
[7.624s] -- Found PythonInterp: /usr/bin/python3 (found suitable version "3.8.10", minimum required is "3.5") 
[7.652s] -- Found python_cmake_module: 0.8.1 (/opt/ros/foxy/share/python_cmake_module/cmake)
[7.855s] -- Found PythonLibs: /usr/lib/aarch64-linux-gnu/libpython3.8.so (found suitable version "3.8.10", minimum required is "3.5") 
[7.855s] -- Using PYTHON_EXECUTABLE: /usr/bin/python3
[7.855s] -- Using PYTHON_INCLUDE_DIRS: /usr/include/python3.8
[7.855s] -- Using PYTHON_LIBRARIES: /usr/lib/aarch64-linux-gnu/libpython3.8.so
[8.017s] -- Found PythonExtra: .so  
[8.773s] -- Found ament_lint_auto: 0.9.7 (/opt/ros/foxy/share/ament_lint_auto/cmake)
[8.989s] -- Added test 'copyright' to check source files copyright and LICENSE
[9.071s] -- Added test 'lint_cmake' to check CMake code style
[9.100s] -- Added test 'xmllint' to check XML markup files
[9.162s] -- Configuring done
[10.784s] -- Generating done
[10.808s] -- Build files have been written to: /root/r2ware/build/tier4_external_api_msgs
[10.940s] Invoked command in '/root/r2ware/build/tier4_external_api_msgs' returned '0': CMAKE_PREFIX_PATH=${CMAKE_PREFIX_PATH}:/root/yahboomcar_ros2_ws/yahboomcar_ws/install/yahboomcar_voice_ctrl:/root/yahboomcar_ros2_ws/yahboomcar_ws/install/yahboomcar_visual:/root/yahboomcar_ros2_ws/yahboomcar_ws/install/yahboomcar_nav:/root/yahboomcar_ros2_ws/yahboomcar_ws/install/yahboomcar_multi:/root/yahboomcar_ros2_ws/yahboomcar_ws/install/yahboomcar_mediapipe:/root/yahboomcar_ros2_ws/yahboomcar_ws/install/yahboomcar_linefollow:/root/yahboomcar_ros2_ws/yahboomcar_ws/install/yahboomcar_laser:/root/yahboomcar_ros2_ws/yahboomcar_ws/install/yahboomcar_description_x1:/root/yahboomcar_ros2_ws/yahboomcar_ws/install/yahboomcar_description:/root/yahboomcar_ros2_ws/yahboomcar_ws/install/yahboomcar_ctrl:/root/yahboomcar_ros2_ws/yahboomcar_ws/install/yahboomcar_bringup:/root/yahboomcar_ros2_ws/yahboomcar_ws/install/yahboomcar_astra:/root/yahboomcar_ros2_ws/yahboomcar_ws/install/yahboom_app_save_map:/root/yahboomcar_ros2_ws/yahboomcar_ws/install/robot_pose_publisher:/root/yahboomcar_ros2_ws/yahboomcar_ws/install/laserscan_to_point_pulisher:/opt/ros/foxy /usr/bin/cmake /root/r2ware/src/autoware_dependencies/universe/external/tier4_autoware_msgs/tier4_external_api_msgs -DCMAKE_INSTALL_PREFIX=/root/r2ware/install/tier4_external_api_msgs
[10.950s] Invoking command in '/root/r2ware/build/tier4_external_api_msgs': CMAKE_PREFIX_PATH=${CMAKE_PREFIX_PATH}:/root/yahboomcar_ros2_ws/yahboomcar_ws/install/yahboomcar_voice_ctrl:/root/yahboomcar_ros2_ws/yahboomcar_ws/install/yahboomcar_visual:/root/yahboomcar_ros2_ws/yahboomcar_ws/install/yahboomcar_nav:/root/yahboomcar_ros2_ws/yahboomcar_ws/install/yahboomcar_multi:/root/yahboomcar_ros2_ws/yahboomcar_ws/install/yahboomcar_mediapipe:/root/yahboomcar_ros2_ws/yahboomcar_ws/install/yahboomcar_linefollow:/root/yahboomcar_ros2_ws/yahboomcar_ws/install/yahboomcar_laser:/root/yahboomcar_ros2_ws/yahboomcar_ws/install/yahboomcar_description_x1:/root/yahboomcar_ros2_ws/yahboomcar_ws/install/yahboomcar_description:/root/yahboomcar_ros2_ws/yahboomcar_ws/install/yahboomcar_ctrl:/root/yahboomcar_ros2_ws/yahboomcar_ws/install/yahboomcar_bringup:/root/yahboomcar_ros2_ws/yahboomcar_ws/install/yahboomcar_astra:/root/yahboomcar_ros2_ws/yahboomcar_ws/install/yahboom_app_save_map:/root/yahboomcar_ros2_ws/yahboomcar_ws/install/robot_pose_publisher:/root/yahboomcar_ros2_ws/yahboomcar_ws/install/laserscan_to_point_pulisher:/opt/ros/foxy /usr/bin/cmake --build /root/r2ware/build/tier4_external_api_msgs -- -j8 -l8
[29.533s] [35m[1mScanning dependencies of target tier4_external_api_msgs__cpp[0m
[29.533s] [  0%] [34m[1mGenerating C code for ROS interfaces[0m
[29.533s] [  0%] [34m[1mGenerating C++ code for ROS interfaces[0m
[40.529s] [  0%] Built target tier4_external_api_msgs__cpp
[42.755s] [35m[1mScanning dependencies of target tier4_external_api_msgs__rosidl_generator_c[0m
[42.853s] [  0%] [32mBuilding C object CMakeFiles/tier4_external_api_msgs__rosidl_generator_c.dir/rosidl_generator_c/tier4_external_api_msgs/msg/detail/calibration_status__functions.c.o[0m
[42.999s] [  0%] [32mBuilding C object CMakeFiles/tier4_external_api_msgs__rosidl_generator_c.dir/rosidl_generator_c/tier4_external_api_msgs/msg/detail/control_command_stamped__functions.c.o[0m
[43.157s] [  1%] [32mBuilding C object CMakeFiles/tier4_external_api_msgs__rosidl_generator_c.dir/rosidl_generator_c/tier4_external_api_msgs/msg/detail/cpu_status__functions.c.o[0m
[43.284s] [  1%] [32mBuilding C object CMakeFiles/tier4_external_api_msgs__rosidl_generator_c.dir/rosidl_generator_c/tier4_external_api_msgs/msg/detail/cpu_usage__functions.c.o[0m
[43.420s] [  1%] [32mBuilding C object CMakeFiles/tier4_external_api_msgs__rosidl_generator_c.dir/rosidl_generator_c/tier4_external_api_msgs/msg/detail/door_status__functions.c.o[0m
[43.548s] [  1%] [32mBuilding C object CMakeFiles/tier4_external_api_msgs__rosidl_generator_c.dir/rosidl_generator_c/tier4_external_api_msgs/msg/detail/emergency__functions.c.o[0m
[43.676s] [  1%] [32mBuilding C object CMakeFiles/tier4_external_api_msgs__rosidl_generator_c.dir/rosidl_generator_c/tier4_external_api_msgs/msg/detail/engage_status__functions.c.o[0m
[43.808s] [  2%] [32mBuilding C object CMakeFiles/tier4_external_api_msgs__rosidl_generator_c.dir/rosidl_generator_c/tier4_external_api_msgs/msg/detail/fail_safe_state__functions.c.o[0m
[43.930s] [  2%] [32mBuilding C object CMakeFiles/tier4_external_api_msgs__rosidl_generator_c.dir/rosidl_generator_c/tier4_external_api_msgs/msg/detail/fail_safe_state_stamped__functions.c.o[0m
[44.058s] [  2%] [32mBuilding C object CMakeFiles/tier4_external_api_msgs__rosidl_generator_c.dir/rosidl_generator_c/tier4_external_api_msgs/msg/detail/gear_shift__functions.c.o[0m
[44.202s] [  2%] [32mBuilding C object CMakeFiles/tier4_external_api_msgs__rosidl_generator_c.dir/rosidl_generator_c/tier4_external_api_msgs/msg/detail/gear_shift_stamped__functions.c.o[0m
[44.331s] [  3%] [32mBuilding C object CMakeFiles/tier4_external_api_msgs__rosidl_generator_c.dir/rosidl_generator_c/tier4_external_api_msgs/msg/detail/heartbeat__functions.c.o[0m
[44.457s] [  3%] [32mBuilding C object CMakeFiles/tier4_external_api_msgs__rosidl_generator_c.dir/rosidl_generator_c/tier4_external_api_msgs/msg/detail/localization_score__functions.c.o[0m
[44.589s] [  3%] [32mBuilding C object CMakeFiles/tier4_external_api_msgs__rosidl_generator_c.dir/rosidl_generator_c/tier4_external_api_msgs/msg/detail/localization_score_array__functions.c.o[0m
[44.725s] [  3%] [32mBuilding C object CMakeFiles/tier4_external_api_msgs__rosidl_generator_c.dir/rosidl_generator_c/tier4_external_api_msgs/msg/detail/map_hash__functions.c.o[0m
[44.854s] [  3%] [32mBuilding C object CMakeFiles/tier4_external_api_msgs__rosidl_generator_c.dir/rosidl_generator_c/tier4_external_api_msgs/msg/detail/metadata_packages__functions.c.o[0m
[44.984s] [  4%] [32mBuilding C object CMakeFiles/tier4_external_api_msgs__rosidl_generator_c.dir/rosidl_generator_c/tier4_external_api_msgs/msg/detail/observer__functions.c.o[0m
[45.145s] [  4%] [32mBuilding C object CMakeFiles/tier4_external_api_msgs__rosidl_generator_c.dir/rosidl_generator_c/tier4_external_api_msgs/msg/detail/operator__functions.c.o[0m
[45.269s] [  4%] [32mBuilding C object CMakeFiles/tier4_external_api_msgs__rosidl_generator_c.dir/rosidl_generator_c/tier4_external_api_msgs/msg/detail/rosbag_copy_status__functions.c.o[0m
[45.439s] [  4%] [32mBuilding C object CMakeFiles/tier4_external_api_msgs__rosidl_generator_c.dir/rosidl_generator_c/tier4_external_api_msgs/msg/detail/rosbag_logging_mode__functions.c.o[0m
[45.581s] [  5%] [32mBuilding C object CMakeFiles/tier4_external_api_msgs__rosidl_generator_c.dir/rosidl_generator_c/tier4_external_api_msgs/msg/detail/response_status__functions.c.o[0m
[45.723s] [  5%] [32mBuilding C object CMakeFiles/tier4_external_api_msgs__rosidl_generator_c.dir/rosidl_generator_c/tier4_external_api_msgs/msg/detail/route__functions.c.o[0m
[45.885s] [  5%] [32mBuilding C object CMakeFiles/tier4_external_api_msgs__rosidl_generator_c.dir/rosidl_generator_c/tier4_external_api_msgs/msg/detail/route_section__functions.c.o[0m
[46.011s] [  5%] [32mBuilding C object CMakeFiles/tier4_external_api_msgs__rosidl_generator_c.dir/rosidl_generator_c/tier4_external_api_msgs/msg/detail/service__functions.c.o[0m
[46.145s] [  5%] [32mBuilding C object CMakeFiles/tier4_external_api_msgs__rosidl_generator_c.dir/rosidl_generator_c/tier4_external_api_msgs/msg/detail/text_file__functions.c.o[0m
[46.286s] [  6%] [32mBuilding C object CMakeFiles/tier4_external_api_msgs__rosidl_generator_c.dir/rosidl_generator_c/tier4_external_api_msgs/msg/detail/steering__functions.c.o[0m
[46.423s] [  6%] [32mBuilding C object CMakeFiles/tier4_external_api_msgs__rosidl_generator_c.dir/rosidl_generator_c/tier4_external_api_msgs/msg/detail/turn_signal__functions.c.o[0m
[46.550s] [  6%] [32mBuilding C object CMakeFiles/tier4_external_api_msgs__rosidl_generator_c.dir/rosidl_generator_c/tier4_external_api_msgs/msg/detail/turn_signal_stamped__functions.c.o[0m
[46.673s] [  6%] [32mBuilding C object CMakeFiles/tier4_external_api_msgs__rosidl_generator_c.dir/rosidl_generator_c/tier4_external_api_msgs/msg/detail/vehicle_command__functions.c.o[0m
[46.809s] [  7%] [32mBuilding C object CMakeFiles/tier4_external_api_msgs__rosidl_generator_c.dir/rosidl_generator_c/tier4_external_api_msgs/msg/detail/vehicle_command_stamped__functions.c.o[0m
[46.962s] [  7%] [32mBuilding C object CMakeFiles/tier4_external_api_msgs__rosidl_generator_c.dir/rosidl_generator_c/tier4_external_api_msgs/msg/detail/vehicle_status__functions.c.o[0m
[47.105s] [  7%] [32mBuilding C object CMakeFiles/tier4_external_api_msgs__rosidl_generator_c.dir/rosidl_generator_c/tier4_external_api_msgs/msg/detail/vehicle_status_stamped__functions.c.o[0m
[47.256s] [  7%] [32mBuilding C object CMakeFiles/tier4_external_api_msgs__rosidl_generator_c.dir/rosidl_generator_c/tier4_external_api_msgs/srv/detail/get_accel_brake_map_calibration_data__functions.c.o[0m
[47.414s] [  7%] [32mBuilding C object CMakeFiles/tier4_external_api_msgs__rosidl_generator_c.dir/rosidl_generator_c/tier4_external_api_msgs/srv/detail/clear_route__functions.c.o[0m
[47.572s] [  8%] [32mBuilding C object CMakeFiles/tier4_external_api_msgs__rosidl_generator_c.dir/rosidl_generator_c/tier4_external_api_msgs/srv/detail/engage__functions.c.o[0m
[47.728s] [  8%] [32mBuilding C object CMakeFiles/tier4_external_api_msgs__rosidl_generator_c.dir/rosidl_generator_c/tier4_external_api_msgs/srv/detail/get_metadata_packages__functions.c.o[0m
[47.889s] [  8%] [32mBuilding C object CMakeFiles/tier4_external_api_msgs__rosidl_generator_c.dir/rosidl_generator_c/tier4_external_api_msgs/srv/detail/get_rosbag_copy_list__functions.c.o[0m
[48.059s] [  8%] [32mBuilding C object CMakeFiles/tier4_external_api_msgs__rosidl_generator_c.dir/rosidl_generator_c/tier4_external_api_msgs/srv/detail/get_text_file__functions.c.o[0m
[48.230s] [  8%] [32mBuilding C object CMakeFiles/tier4_external_api_msgs__rosidl_generator_c.dir/rosidl_generator_c/tier4_external_api_msgs/srv/detail/initialize_pose__functions.c.o[0m
[48.486s] [  9%] [32mBuilding C object CMakeFiles/tier4_external_api_msgs__rosidl_generator_c.dir/rosidl_generator_c/tier4_external_api_msgs/srv/detail/initialize_pose_auto__functions.c.o[0m
[48.691s] [  9%] [32mBuilding C object CMakeFiles/tier4_external_api_msgs__rosidl_generator_c.dir/rosidl_generator_c/tier4_external_api_msgs/srv/detail/pause_driving__functions.c.o[0m
[48.863s] [  9%] [32mBuilding C object CMakeFiles/tier4_external_api_msgs__rosidl_generator_c.dir/rosidl_generator_c/tier4_external_api_msgs/srv/detail/set_door__functions.c.o[0m
[49.033s] [  9%] [32mBuilding C object CMakeFiles/tier4_external_api_msgs__rosidl_generator_c.dir/rosidl_generator_c/tier4_external_api_msgs/srv/detail/set_observer__functions.c.o[0m
[49.203s] [ 10%] [32mBuilding C object CMakeFiles/tier4_external_api_msgs__rosidl_generator_c.dir/rosidl_generator_c/tier4_external_api_msgs/srv/detail/set_operator__functions.c.o[0m
[49.357s] [ 10%] [32mBuilding C object CMakeFiles/tier4_external_api_msgs__rosidl_generator_c.dir/rosidl_generator_c/tier4_external_api_msgs/srv/detail/set_emergency__functions.c.o[0m
[49.513s] [ 10%] [32mBuilding C object CMakeFiles/tier4_external_api_msgs__rosidl_generator_c.dir/rosidl_generator_c/tier4_external_api_msgs/srv/detail/set_pose__functions.c.o[0m
[49.678s] [ 10%] [32mBuilding C object CMakeFiles/tier4_external_api_msgs__rosidl_generator_c.dir/rosidl_generator_c/tier4_external_api_msgs/srv/detail/set_rosbag_logging_mode__functions.c.o[0m
[49.852s] [ 10%] [32mBuilding C object CMakeFiles/tier4_external_api_msgs__rosidl_generator_c.dir/rosidl_generator_c/tier4_external_api_msgs/srv/detail/set_route__functions.c.o[0m
[50.014s] [ 11%] [32mBuilding C object CMakeFiles/tier4_external_api_msgs__rosidl_generator_c.dir/rosidl_generator_c/tier4_external_api_msgs/srv/detail/set_service__functions.c.o[0m
[50.225s] [ 11%] [32mBuilding C object CMakeFiles/tier4_external_api_msgs__rosidl_generator_c.dir/rosidl_generator_c/tier4_external_api_msgs/srv/detail/set_velocity_limit__functions.c.o[0m
[50.377s] [ 11%] [32mBuilding C object CMakeFiles/tier4_external_api_msgs__rosidl_generator_c.dir/rosidl_generator_c/tier4_external_api_msgs/srv/detail/start_rosbag_copy__functions.c.o[0m
[50.533s] [ 11%] [32mBuilding C object CMakeFiles/tier4_external_api_msgs__rosidl_generator_c.dir/rosidl_generator_c/tier4_external_api_msgs/msg/detail/control_command__functions.c.o[0m
[50.668s] [ 11%] [32mBuilding C object CMakeFiles/tier4_external_api_msgs__rosidl_generator_c.dir/rosidl_generator_c/tier4_external_api_msgs/msg/detail/classified_diagnostics__functions.c.o[0m
[50.791s] [ 12%] [32mBuilding C object CMakeFiles/tier4_external_api_msgs__rosidl_generator_c.dir/rosidl_generator_c/tier4_external_api_msgs/msg/detail/calibration_status_array__functions.c.o[0m
[50.939s] [ 12%] [32m[1mLinking C shared library libtier4_external_api_msgs__rosidl_generator_c.so[0m
[51.111s] [ 12%] Built target tier4_external_api_msgs__rosidl_generator_c
[51.156s] [ 12%] [34m[1mGenerating C++ type support for eProsima Fast-RTPS[0m
[59.890s] [35m[1mScanning dependencies of target tier4_external_api_msgs__rosidl_typesupport_fastrtps_cpp[0m
[60.039s] [ 13%] [32mBuilding CXX object CMakeFiles/tier4_external_api_msgs__rosidl_typesupport_fastrtps_cpp.dir/rosidl_typesupport_fastrtps_cpp/tier4_external_api_msgs/msg/detail/dds_fastrtps/calibration_status__type_support.cpp.o[0m
[61.027s] [ 13%] [32mBuilding CXX object CMakeFiles/tier4_external_api_msgs__rosidl_typesupport_fastrtps_cpp.dir/rosidl_typesupport_fastrtps_cpp/tier4_external_api_msgs/msg/detail/dds_fastrtps/control_command__type_support.cpp.o[0m
[62.011s] [ 13%] [32mBuilding CXX object CMakeFiles/tier4_external_api_msgs__rosidl_typesupport_fastrtps_cpp.dir/rosidl_typesupport_fastrtps_cpp/tier4_external_api_msgs/msg/detail/dds_fastrtps/control_command_stamped__type_support.cpp.o[0m
[62.997s] [ 14%] [32mBuilding CXX object CMakeFiles/tier4_external_api_msgs__rosidl_typesupport_fastrtps_cpp.dir/rosidl_typesupport_fastrtps_cpp/tier4_external_api_msgs/msg/detail/dds_fastrtps/cpu_status__type_support.cpp.o[0m
[63.985s] [ 14%] [32mBuilding CXX object CMakeFiles/tier4_external_api_msgs__rosidl_typesupport_fastrtps_cpp.dir/rosidl_typesupport_fastrtps_cpp/tier4_external_api_msgs/msg/detail/dds_fastrtps/cpu_usage__type_support.cpp.o[0m
[65.075s] [ 14%] [32mBuilding CXX object CMakeFiles/tier4_external_api_msgs__rosidl_typesupport_fastrtps_cpp.dir/rosidl_typesupport_fastrtps_cpp/tier4_external_api_msgs/msg/detail/dds_fastrtps/door_status__type_support.cpp.o[0m
[66.061s] [ 14%] [32mBuilding CXX object CMakeFiles/tier4_external_api_msgs__rosidl_typesupport_fastrtps_cpp.dir/rosidl_typesupport_fastrtps_cpp/tier4_external_api_msgs/msg/detail/dds_fastrtps/emergency__type_support.cpp.o[0m
[67.023s] [ 15%] [32mBuilding CXX object CMakeFiles/tier4_external_api_msgs__rosidl_typesupport_fastrtps_cpp.dir/rosidl_typesupport_fastrtps_cpp/tier4_external_api_msgs/msg/detail/dds_fastrtps/engage_status__type_support.cpp.o[0m
[67.989s] [ 15%] [32mBuilding CXX object CMakeFiles/tier4_external_api_msgs__rosidl_typesupport_fastrtps_cpp.dir/rosidl_typesupport_fastrtps_cpp/tier4_external_api_msgs/msg/detail/dds_fastrtps/fail_safe_state__type_support.cpp.o[0m
[68.935s] [ 15%] [32mBuilding CXX object CMakeFiles/tier4_external_api_msgs__rosidl_typesupport_fastrtps_cpp.dir/rosidl_typesupport_fastrtps_cpp/tier4_external_api_msgs/msg/detail/dds_fastrtps/fail_safe_state_stamped__type_support.cpp.o[0m
[69.894s] [ 15%] [32mBuilding CXX object CMakeFiles/tier4_external_api_msgs__rosidl_typesupport_fastrtps_cpp.dir/rosidl_typesupport_fastrtps_cpp/tier4_external_api_msgs/msg/detail/dds_fastrtps/gear_shift__type_support.cpp.o[0m
[70.848s] [ 15%] [32mBuilding CXX object CMakeFiles/tier4_external_api_msgs__rosidl_typesupport_fastrtps_cpp.dir/rosidl_typesupport_fastrtps_cpp/tier4_external_api_msgs/msg/detail/dds_fastrtps/gear_shift_stamped__type_support.cpp.o[0m
[71.813s] [ 16%] [32mBuilding CXX object CMakeFiles/tier4_external_api_msgs__rosidl_typesupport_fastrtps_cpp.dir/rosidl_typesupport_fastrtps_cpp/tier4_external_api_msgs/msg/detail/dds_fastrtps/heartbeat__type_support.cpp.o[0m
[72.783s] [ 16%] [32mBuilding CXX object CMakeFiles/tier4_external_api_msgs__rosidl_typesupport_fastrtps_cpp.dir/rosidl_typesupport_fastrtps_cpp/tier4_external_api_msgs/msg/detail/dds_fastrtps/localization_score__type_support.cpp.o[0m
[73.744s] [ 16%] [32mBuilding CXX object CMakeFiles/tier4_external_api_msgs__rosidl_typesupport_fastrtps_cpp.dir/rosidl_typesupport_fastrtps_cpp/tier4_external_api_msgs/msg/detail/dds_fastrtps/localization_score_array__type_support.cpp.o[0m
[74.784s] [ 16%] [32mBuilding CXX object CMakeFiles/tier4_external_api_msgs__rosidl_typesupport_fastrtps_cpp.dir/rosidl_typesupport_fastrtps_cpp/tier4_external_api_msgs/msg/detail/dds_fastrtps/map_hash__type_support.cpp.o[0m
[75.750s] [ 17%] [32mBuilding CXX object CMakeFiles/tier4_external_api_msgs__rosidl_typesupport_fastrtps_cpp.dir/rosidl_typesupport_fastrtps_cpp/tier4_external_api_msgs/msg/detail/dds_fastrtps/metadata_packages__type_support.cpp.o[0m
[76.723s] [ 17%] [32mBuilding CXX object CMakeFiles/tier4_external_api_msgs__rosidl_typesupport_fastrtps_cpp.dir/rosidl_typesupport_fastrtps_cpp/tier4_external_api_msgs/msg/detail/dds_fastrtps/observer__type_support.cpp.o[0m
[77.685s] [ 17%] [32mBuilding CXX object CMakeFiles/tier4_external_api_msgs__rosidl_typesupport_fastrtps_cpp.dir/rosidl_typesupport_fastrtps_cpp/tier4_external_api_msgs/msg/detail/dds_fastrtps/operator__type_support.cpp.o[0m
[78.645s] [ 17%] [32mBuilding CXX object CMakeFiles/tier4_external_api_msgs__rosidl_typesupport_fastrtps_cpp.dir/rosidl_typesupport_fastrtps_cpp/tier4_external_api_msgs/msg/detail/dds_fastrtps/rosbag_copy_status__type_support.cpp.o[0m
[79.622s] [ 17%] [32mBuilding CXX object CMakeFiles/tier4_external_api_msgs__rosidl_typesupport_fastrtps_cpp.dir/rosidl_typesupport_fastrtps_cpp/tier4_external_api_msgs/msg/detail/dds_fastrtps/rosbag_logging_mode__type_support.cpp.o[0m
[80.593s] [ 18%] [32mBuilding CXX object CMakeFiles/tier4_external_api_msgs__rosidl_typesupport_fastrtps_cpp.dir/rosidl_typesupport_fastrtps_cpp/tier4_external_api_msgs/msg/detail/dds_fastrtps/response_status__type_support.cpp.o[0m
[81.562s] [ 18%] [32mBuilding CXX object CMakeFiles/tier4_external_api_msgs__rosidl_typesupport_fastrtps_cpp.dir/rosidl_typesupport_fastrtps_cpp/tier4_external_api_msgs/msg/detail/dds_fastrtps/route__type_support.cpp.o[0m
[82.667s] [ 18%] [32mBuilding CXX object CMakeFiles/tier4_external_api_msgs__rosidl_typesupport_fastrtps_cpp.dir/rosidl_typesupport_fastrtps_cpp/tier4_external_api_msgs/msg/detail/dds_fastrtps/route_section__type_support.cpp.o[0m
[83.725s] [ 18%] [32mBuilding CXX object CMakeFiles/tier4_external_api_msgs__rosidl_typesupport_fastrtps_cpp.dir/rosidl_typesupport_fastrtps_cpp/tier4_external_api_msgs/msg/detail/dds_fastrtps/service__type_support.cpp.o[0m
[84.679s] [ 19%] [32mBuilding CXX object CMakeFiles/tier4_external_api_msgs__rosidl_typesupport_fastrtps_cpp.dir/rosidl_typesupport_fastrtps_cpp/tier4_external_api_msgs/msg/detail/dds_fastrtps/text_file__type_support.cpp.o[0m
[85.642s] [ 19%] [32mBuilding CXX object CMakeFiles/tier4_external_api_msgs__rosidl_typesupport_fastrtps_cpp.dir/rosidl_typesupport_fastrtps_cpp/tier4_external_api_msgs/msg/detail/dds_fastrtps/steering__type_support.cpp.o[0m
[86.597s] [ 19%] [32mBuilding CXX object CMakeFiles/tier4_external_api_msgs__rosidl_typesupport_fastrtps_cpp.dir/rosidl_typesupport_fastrtps_cpp/tier4_external_api_msgs/msg/detail/dds_fastrtps/turn_signal__type_support.cpp.o[0m
[87.556s] [ 19%] [32mBuilding CXX object CMakeFiles/tier4_external_api_msgs__rosidl_typesupport_fastrtps_cpp.dir/rosidl_typesupport_fastrtps_cpp/tier4_external_api_msgs/msg/detail/dds_fastrtps/turn_signal_stamped__type_support.cpp.o[0m
[88.510s] [ 19%] [32mBuilding CXX object CMakeFiles/tier4_external_api_msgs__rosidl_typesupport_fastrtps_cpp.dir/rosidl_typesupport_fastrtps_cpp/tier4_external_api_msgs/msg/detail/dds_fastrtps/vehicle_command__type_support.cpp.o[0m
[89.524s] [ 20%] [32mBuilding CXX object CMakeFiles/tier4_external_api_msgs__rosidl_typesupport_fastrtps_cpp.dir/rosidl_typesupport_fastrtps_cpp/tier4_external_api_msgs/msg/detail/dds_fastrtps/vehicle_command_stamped__type_support.cpp.o[0m
[90.473s] [ 20%] [32mBuilding CXX object CMakeFiles/tier4_external_api_msgs__rosidl_typesupport_fastrtps_cpp.dir/rosidl_typesupport_fastrtps_cpp/tier4_external_api_msgs/msg/detail/dds_fastrtps/vehicle_status__type_support.cpp.o[0m
[91.450s] [ 20%] [32mBuilding CXX object CMakeFiles/tier4_external_api_msgs__rosidl_typesupport_fastrtps_cpp.dir/rosidl_typesupport_fastrtps_cpp/tier4_external_api_msgs/msg/detail/dds_fastrtps/vehicle_status_stamped__type_support.cpp.o[0m
[92.429s] [ 20%] [32mBuilding CXX object CMakeFiles/tier4_external_api_msgs__rosidl_typesupport_fastrtps_cpp.dir/rosidl_typesupport_fastrtps_cpp/tier4_external_api_msgs/srv/detail/dds_fastrtps/get_accel_brake_map_calibration_data__type_support.cpp.o[0m
[93.519s] [ 20%] [32mBuilding CXX object CMakeFiles/tier4_external_api_msgs__rosidl_typesupport_fastrtps_cpp.dir/rosidl_typesupport_fastrtps_cpp/tier4_external_api_msgs/srv/detail/dds_fastrtps/clear_route__type_support.cpp.o[0m
[94.509s] [ 21%] [32mBuilding CXX object CMakeFiles/tier4_external_api_msgs__rosidl_typesupport_fastrtps_cpp.dir/rosidl_typesupport_fastrtps_cpp/tier4_external_api_msgs/srv/detail/dds_fastrtps/engage__type_support.cpp.o[0m
[95.517s] [ 21%] [32mBuilding CXX object CMakeFiles/tier4_external_api_msgs__rosidl_typesupport_fastrtps_cpp.dir/rosidl_typesupport_fastrtps_cpp/tier4_external_api_msgs/srv/detail/dds_fastrtps/get_metadata_packages__type_support.cpp.o[0m
[96.554s] [ 21%] [32mBuilding CXX object CMakeFiles/tier4_external_api_msgs__rosidl_typesupport_fastrtps_cpp.dir/rosidl_typesupport_fastrtps_cpp/tier4_external_api_msgs/srv/detail/dds_fastrtps/get_rosbag_copy_list__type_support.cpp.o[0m
[97.584s] [ 21%] [32mBuilding CXX object CMakeFiles/tier4_external_api_msgs__rosidl_typesupport_fastrtps_cpp.dir/rosidl_typesupport_fastrtps_cpp/tier4_external_api_msgs/srv/detail/dds_fastrtps/get_text_file__type_support.cpp.o[0m
[98.593s] [ 22%] [32mBuilding CXX object CMakeFiles/tier4_external_api_msgs__rosidl_typesupport_fastrtps_cpp.dir/rosidl_typesupport_fastrtps_cpp/tier4_external_api_msgs/srv/detail/dds_fastrtps/initialize_pose__type_support.cpp.o[0m
[99.617s] [ 22%] [32mBuilding CXX object CMakeFiles/tier4_external_api_msgs__rosidl_typesupport_fastrtps_cpp.dir/rosidl_typesupport_fastrtps_cpp/tier4_external_api_msgs/srv/detail/dds_fastrtps/initialize_pose_auto__type_support.cpp.o[0m
[100.622s] [ 22%] [32mBuilding CXX object CMakeFiles/tier4_external_api_msgs__rosidl_typesupport_fastrtps_cpp.dir/rosidl_typesupport_fastrtps_cpp/tier4_external_api_msgs/srv/detail/dds_fastrtps/pause_driving__type_support.cpp.o[0m
[101.647s] [ 22%] [32mBuilding CXX object CMakeFiles/tier4_external_api_msgs__rosidl_typesupport_fastrtps_cpp.dir/rosidl_typesupport_fastrtps_cpp/tier4_external_api_msgs/srv/detail/dds_fastrtps/set_door__type_support.cpp.o[0m
[102.675s] [ 22%] [32mBuilding CXX object CMakeFiles/tier4_external_api_msgs__rosidl_typesupport_fastrtps_cpp.dir/rosidl_typesupport_fastrtps_cpp/tier4_external_api_msgs/srv/detail/dds_fastrtps/set_observer__type_support.cpp.o[0m
[103.706s] [ 23%] [32mBuilding CXX object CMakeFiles/tier4_external_api_msgs__rosidl_typesupport_fastrtps_cpp.dir/rosidl_typesupport_fastrtps_cpp/tier4_external_api_msgs/srv/detail/dds_fastrtps/set_operator__type_support.cpp.o[0m
[104.682s] make[2]: *** [CMakeFiles/tier4_external_api_msgs__rosidl_typesupport_fastrtps_cpp.dir/build.make:1113: CMakeFiles/tier4_external_api_msgs__rosidl_typesupport_fastrtps_cpp.dir/rosidl_typesupport_fastrtps_cpp/tier4_external_api_msgs/srv/detail/dds_fastrtps/set_operator__type_support.cpp.o] Interrupt
[104.685s] make[1]: *** [CMakeFiles/Makefile2:469: CMakeFiles/tier4_external_api_msgs__rosidl_typesupport_fastrtps_cpp.dir/all] Interrupt
[104.686s] make: *** [Makefile:141: all] Interrupt
[104.778s] Invoked command in '/root/r2ware/build/tier4_external_api_msgs' returned '-2': CMAKE_PREFIX_PATH=${CMAKE_PREFIX_PATH}:/root/yahboomcar_ros2_ws/yahboomcar_ws/install/yahboomcar_voice_ctrl:/root/yahboomcar_ros2_ws/yahboomcar_ws/install/yahboomcar_visual:/root/yahboomcar_ros2_ws/yahboomcar_ws/install/yahboomcar_nav:/root/yahboomcar_ros2_ws/yahboomcar_ws/install/yahboomcar_multi:/root/yahboomcar_ros2_ws/yahboomcar_ws/install/yahboomcar_mediapipe:/root/yahboomcar_ros2_ws/yahboomcar_ws/install/yahboomcar_linefollow:/root/yahboomcar_ros2_ws/yahboomcar_ws/install/yahboomcar_laser:/root/yahboomcar_ros2_ws/yahboomcar_ws/install/yahboomcar_description_x1:/root/yahboomcar_ros2_ws/yahboomcar_ws/install/yahboomcar_description:/root/yahboomcar_ros2_ws/yahboomcar_ws/install/yahboomcar_ctrl:/root/yahboomcar_ros2_ws/yahboomcar_ws/install/yahboomcar_bringup:/root/yahboomcar_ros2_ws/yahboomcar_ws/install/yahboomcar_astra:/root/yahboomcar_ros2_ws/yahboomcar_ws/install/yahboom_app_save_map:/root/yahboomcar_ros2_ws/yahboomcar_ws/install/robot_pose_publisher:/root/yahboomcar_ros2_ws/yahboomcar_ws/install/laserscan_to_point_pulisher:/opt/ros/foxy /usr/bin/cmake --build /root/r2ware/build/tier4_external_api_msgs -- -j8 -l8
