[0.075s] Invoking command in '/root/r2ware/build/autoware_sensing_msgs': CMAKE_PREFIX_PATH=${CMAKE_PREFIX_PATH}:/root/yahboomcar_ros2_ws/yahboomcar_ws/install/yahboomcar_voice_ctrl:/root/yahboomcar_ros2_ws/yahboomcar_ws/install/yahboomcar_visual:/root/yahboomcar_ros2_ws/yahboomcar_ws/install/yahboomcar_nav:/root/yahboomcar_ros2_ws/yahboomcar_ws/install/yahboomcar_multi:/root/yahboomcar_ros2_ws/yahboomcar_ws/install/yahboomcar_mediapipe:/root/yahboomcar_ros2_ws/yahboomcar_ws/install/yahboomcar_linefollow:/root/yahboomcar_ros2_ws/yahboomcar_ws/install/yahboomcar_laser:/root/yahboomcar_ros2_ws/yahboomcar_ws/install/yahboomcar_description_x1:/root/yahboomcar_ros2_ws/yahboomcar_ws/install/yahboomcar_description:/root/yahboomcar_ros2_ws/yahboomcar_ws/install/yahboomcar_ctrl:/root/yahboomcar_ros2_ws/yahboomcar_ws/install/yahboomcar_bringup:/root/yahboomcar_ros2_ws/yahboomcar_ws/install/yahboomcar_astra:/root/yahboomcar_ros2_ws/yahboomcar_ws/install/yahboom_app_save_map:/root/yahboomcar_ros2_ws/yahboomcar_ws/install/robot_pose_publisher:/root/yahboomcar_ros2_ws/yahboomcar_ws/install/laserscan_to_point_pulisher:/opt/ros/foxy /usr/bin/cmake /root/r2ware/src/autoware_dependencies/core/autoware_msgs/autoware_sensing_msgs -DCMAKE_INSTALL_PREFIX=/root/r2ware/install/autoware_sensing_msgs
[0.265s] -- The C compiler identification is GNU 9.4.0
[0.432s] -- The CXX compiler identification is GNU 9.4.0
[0.459s] -- Check for working C compiler: /usr/bin/cc
[0.689s] -- Check for working C compiler: /usr/bin/cc -- works
[0.691s] -- Detecting C compiler ABI info
[0.947s] -- Detecting C compiler ABI info - done
[0.960s] -- Detecting C compile features
[0.960s] -- Detecting C compile features - done
[0.970s] -- Check for working CXX compiler: /usr/bin/c++
[1.254s] -- Check for working CXX compiler: /usr/bin/c++ -- works
[1.256s] -- Detecting CXX compiler ABI info
[1.530s] -- Detecting CXX compiler ABI info - done
[1.553s] -- Detecting CXX compile features
[1.555s] -- Detecting CXX compile features - done
[1.575s] -- Found ament_cmake_auto: 0.9.11 (/opt/ros/foxy/share/ament_cmake_auto/cmake)
[1.708s] -- Found PythonInterp: /usr/bin/python3 (found suitable version "3.8.10", minimum required is "3") 
[1.709s] -- Using PYTHON_EXECUTABLE: /usr/bin/python3
[2.998s] -- Using all available rosidl_typesupport_c: rosidl_typesupport_fastrtps_c;rosidl_typesupport_introspection_c
[3.058s] -- Found rosidl_adapter: 1.3.0 (/opt/ros/foxy/share/rosidl_adapter/cmake)
[3.540s] -- Found OpenSSL: /usr/lib/aarch64-linux-gnu/libcrypto.so (found version "1.1.1f")  
[3.636s] -- Found FastRTPS: /opt/ros/foxy/include  
[3.945s] -- Using all available rosidl_typesupport_cpp: rosidl_typesupport_fastrtps_cpp;rosidl_typesupport_introspection_cpp
[4.318s] -- Found PythonInterp: /usr/bin/python3 (found version "3.8.10") 
[4.671s] -- Found ament_cmake_cppcheck: 0.9.7 (/opt/ros/foxy/share/ament_cmake_cppcheck/cmake)
[4.691s] -- Found ament_cmake_cpplint: 0.9.7 (/opt/ros/foxy/share/ament_cmake_cpplint/cmake)
[4.712s] -- Found ament_cmake_uncrustify: 0.9.7 (/opt/ros/foxy/share/ament_cmake_uncrustify/cmake)
[4.736s] -- Found ament_cmake_ros: 0.9.2 (/opt/ros/foxy/share/ament_cmake_ros/cmake)
[5.480s] -- Using all available rosidl_typesupport_c: rosidl_typesupport_fastrtps_c;rosidl_typesupport_introspection_c
[5.754s] -- Using all available rosidl_typesupport_cpp: rosidl_typesupport_fastrtps_cpp;rosidl_typesupport_introspection_cpp
[5.881s] -- Found PythonInterp: /usr/bin/python3 (found suitable version "3.8.10", minimum required is "3.5") 
[5.896s] -- Found python_cmake_module: 0.8.1 (/opt/ros/foxy/share/python_cmake_module/cmake)
[5.992s] -- Found PythonLibs: /usr/lib/aarch64-linux-gnu/libpython3.8.so (found suitable version "3.8.10", minimum required is "3.5") 
[5.993s] -- Using PYTHON_EXECUTABLE: /usr/bin/python3
[5.993s] -- Using PYTHON_INCLUDE_DIRS: /usr/include/python3.8
[5.993s] -- Using PYTHON_LIBRARIES: /usr/lib/aarch64-linux-gnu/libpython3.8.so
[6.071s] -- Found PythonExtra: .so  
[6.389s] -- Found ament_cmake_flake8: 0.9.7 (/opt/ros/foxy/share/ament_cmake_flake8/cmake)
[6.411s] -- Found ament_cmake_pep257: 0.9.7 (/opt/ros/foxy/share/ament_cmake_pep257/cmake)
[6.437s] -- Found ament_lint_auto: 0.9.7 (/opt/ros/foxy/share/ament_lint_auto/cmake)
[6.554s] -- Added test 'copyright' to check source files copyright and LICENSE
[6.556s] -- Added test 'lint_cmake' to check CMake code style
[6.559s] -- Added test 'xmllint' to check XML markup files
[6.585s] -- Configuring done
[6.743s] -- Generating done
[6.750s] -- Build files have been written to: /root/r2ware/build/autoware_sensing_msgs
[6.802s] Invoked command in '/root/r2ware/build/autoware_sensing_msgs' returned '0': CMAKE_PREFIX_PATH=${CMAKE_PREFIX_PATH}:/root/yahboomcar_ros2_ws/yahboomcar_ws/install/yahboomcar_voice_ctrl:/root/yahboomcar_ros2_ws/yahboomcar_ws/install/yahboomcar_visual:/root/yahboomcar_ros2_ws/yahboomcar_ws/install/yahboomcar_nav:/root/yahboomcar_ros2_ws/yahboomcar_ws/install/yahboomcar_multi:/root/yahboomcar_ros2_ws/yahboomcar_ws/install/yahboomcar_mediapipe:/root/yahboomcar_ros2_ws/yahboomcar_ws/install/yahboomcar_linefollow:/root/yahboomcar_ros2_ws/yahboomcar_ws/install/yahboomcar_laser:/root/yahboomcar_ros2_ws/yahboomcar_ws/install/yahboomcar_description_x1:/root/yahboomcar_ros2_ws/yahboomcar_ws/install/yahboomcar_description:/root/yahboomcar_ros2_ws/yahboomcar_ws/install/yahboomcar_ctrl:/root/yahboomcar_ros2_ws/yahboomcar_ws/install/yahboomcar_bringup:/root/yahboomcar_ros2_ws/yahboomcar_ws/install/yahboomcar_astra:/root/yahboomcar_ros2_ws/yahboomcar_ws/install/yahboom_app_save_map:/root/yahboomcar_ros2_ws/yahboomcar_ws/install/robot_pose_publisher:/root/yahboomcar_ros2_ws/yahboomcar_ws/install/laserscan_to_point_pulisher:/opt/ros/foxy /usr/bin/cmake /root/r2ware/src/autoware_dependencies/core/autoware_msgs/autoware_sensing_msgs -DCMAKE_INSTALL_PREFIX=/root/r2ware/install/autoware_sensing_msgs
[6.803s] Invoking command in '/root/r2ware/build/autoware_sensing_msgs': CMAKE_PREFIX_PATH=${CMAKE_PREFIX_PATH}:/root/yahboomcar_ros2_ws/yahboomcar_ws/install/yahboomcar_voice_ctrl:/root/yahboomcar_ros2_ws/yahboomcar_ws/install/yahboomcar_visual:/root/yahboomcar_ros2_ws/yahboomcar_ws/install/yahboomcar_nav:/root/yahboomcar_ros2_ws/yahboomcar_ws/install/yahboomcar_multi:/root/yahboomcar_ros2_ws/yahboomcar_ws/install/yahboomcar_mediapipe:/root/yahboomcar_ros2_ws/yahboomcar_ws/install/yahboomcar_linefollow:/root/yahboomcar_ros2_ws/yahboomcar_ws/install/yahboomcar_laser:/root/yahboomcar_ros2_ws/yahboomcar_ws/install/yahboomcar_description_x1:/root/yahboomcar_ros2_ws/yahboomcar_ws/install/yahboomcar_description:/root/yahboomcar_ros2_ws/yahboomcar_ws/install/yahboomcar_ctrl:/root/yahboomcar_ros2_ws/yahboomcar_ws/install/yahboomcar_bringup:/root/yahboomcar_ros2_ws/yahboomcar_ws/install/yahboomcar_astra:/root/yahboomcar_ros2_ws/yahboomcar_ws/install/yahboom_app_save_map:/root/yahboomcar_ros2_ws/yahboomcar_ws/install/robot_pose_publisher:/root/yahboomcar_ros2_ws/yahboomcar_ws/install/laserscan_to_point_pulisher:/opt/ros/foxy /usr/bin/cmake --build /root/r2ware/build/autoware_sensing_msgs -- -j8 -l8
[8.804s] [35m[1mScanning dependencies of target autoware_sensing_msgs__cpp[0m
[8.804s] [  2%] [34m[1mGenerating C++ code for ROS interfaces[0m
[8.804s] [  2%] Built target autoware_sensing_msgs__cpp
[8.804s] [  5%] [34m[1mGenerating C code for ROS interfaces[0m
[9.167s] [35m[1mScanning dependencies of target autoware_sensing_msgs__rosidl_generator_c[0m
[9.230s] [  7%] [32mBuilding C object CMakeFiles/autoware_sensing_msgs__rosidl_generator_c.dir/rosidl_generator_c/autoware_sensing_msgs/msg/detail/gnss_ins_orientation__functions.c.o[0m
[9.361s] [ 10%] [32mBuilding C object CMakeFiles/autoware_sensing_msgs__rosidl_generator_c.dir/rosidl_generator_c/autoware_sensing_msgs/msg/detail/gnss_ins_orientation_stamped__functions.c.o[0m
[9.498s] [ 12%] [32m[1mLinking C shared library libautoware_sensing_msgs__rosidl_generator_c.so[0m
[9.625s] [ 12%] Built target autoware_sensing_msgs__rosidl_generator_c
[9.666s] [ 15%] [34m[1mGenerating C++ introspection for ROS interfaces[0m
[10.459s] [35m[1mScanning dependencies of target autoware_sensing_msgs__rosidl_typesupport_introspection_cpp[0m
[10.527s] [ 17%] [32mBuilding CXX object CMakeFiles/autoware_sensing_msgs__rosidl_typesupport_introspection_cpp.dir/rosidl_typesupport_introspection_cpp/autoware_sensing_msgs/msg/detail/gnss_ins_orientation__type_support.cpp.o[0m
[11.223s] [ 20%] [32mBuilding CXX object CMakeFiles/autoware_sensing_msgs__rosidl_typesupport_introspection_cpp.dir/rosidl_typesupport_introspection_cpp/autoware_sensing_msgs/msg/detail/gnss_ins_orientation_stamped__type_support.cpp.o[0m
[11.956s] [ 23%] [32m[1mLinking CXX shared library libautoware_sensing_msgs__rosidl_typesupport_introspection_cpp.so[0m
[12.146s] [ 23%] Built target autoware_sensing_msgs__rosidl_typesupport_introspection_cpp
[12.189s] [ 25%] [34m[1mGenerating C type support dispatch for ROS interfaces[0m
[12.883s] [35m[1mScanning dependencies of target autoware_sensing_msgs__rosidl_typesupport_c[0m
[12.935s] [ 28%] [32mBuilding CXX object CMakeFiles/autoware_sensing_msgs__rosidl_typesupport_c.dir/rosidl_typesupport_c/autoware_sensing_msgs/msg/gnss_ins_orientation__type_support.cpp.o[0m
[13.057s] [ 30%] [32mBuilding CXX object CMakeFiles/autoware_sensing_msgs__rosidl_typesupport_c.dir/rosidl_typesupport_c/autoware_sensing_msgs/msg/gnss_ins_orientation_stamped__type_support.cpp.o[0m
[13.154s] [ 33%] [32m[1mLinking CXX shared library libautoware_sensing_msgs__rosidl_typesupport_c.so[0m
[13.284s] [ 33%] Built target autoware_sensing_msgs__rosidl_typesupport_c
[13.325s] [ 35%] [34m[1mGenerating C introspection for ROS interfaces[0m
[14.145s] [35m[1mScanning dependencies of target autoware_sensing_msgs__rosidl_typesupport_introspection_c[0m
[14.194s] [ 38%] [32mBuilding C object CMakeFiles/autoware_sensing_msgs__rosidl_typesupport_introspection_c.dir/rosidl_typesupport_introspection_c/autoware_sensing_msgs/msg/detail/gnss_ins_orientation__type_support.c.o[0m
[14.289s] [ 41%] [32mBuilding C object CMakeFiles/autoware_sensing_msgs__rosidl_typesupport_introspection_c.dir/rosidl_typesupport_introspection_c/autoware_sensing_msgs/msg/detail/gnss_ins_orientation_stamped__type_support.c.o[0m
[14.404s] [ 43%] [32m[1mLinking C shared library libautoware_sensing_msgs__rosidl_typesupport_introspection_c.so[0m
[14.503s] [ 43%] Built target autoware_sensing_msgs__rosidl_typesupport_introspection_c
[14.543s] [ 46%] [34m[1mGenerating C++ type support dispatch for ROS interfaces[0m
[15.226s] [35m[1mScanning dependencies of target autoware_sensing_msgs__rosidl_typesupport_cpp[0m
[15.273s] [ 48%] [32mBuilding CXX object CMakeFiles/autoware_sensing_msgs__rosidl_typesupport_cpp.dir/rosidl_typesupport_cpp/autoware_sensing_msgs/msg/gnss_ins_orientation__type_support.cpp.o[0m
[15.976s] [ 51%] [32mBuilding CXX object CMakeFiles/autoware_sensing_msgs__rosidl_typesupport_cpp.dir/rosidl_typesupport_cpp/autoware_sensing_msgs/msg/gnss_ins_orientation_stamped__type_support.cpp.o[0m
[16.721s] [ 53%] [32m[1mLinking CXX shared library libautoware_sensing_msgs__rosidl_typesupport_cpp.so[0m
[16.893s] [ 53%] Built target autoware_sensing_msgs__rosidl_typesupport_cpp
[16.935s] [ 56%] [34m[1mGenerating C++ type support for eProsima Fast-RTPS[0m
[17.764s] [35m[1mScanning dependencies of target autoware_sensing_msgs__rosidl_typesupport_fastrtps_cpp[0m
[17.823s] [ 58%] [32mBuilding CXX object CMakeFiles/autoware_sensing_msgs__rosidl_typesupport_fastrtps_cpp.dir/rosidl_typesupport_fastrtps_cpp/autoware_sensing_msgs/msg/detail/dds_fastrtps/gnss_ins_orientation__type_support.cpp.o[0m
[18.875s] [ 61%] [32mBuilding CXX object CMakeFiles/autoware_sensing_msgs__rosidl_typesupport_fastrtps_cpp.dir/rosidl_typesupport_fastrtps_cpp/autoware_sensing_msgs/msg/detail/dds_fastrtps/gnss_ins_orientation_stamped__type_support.cpp.o[0m
[19.962s] [ 64%] [32m[1mLinking CXX shared library libautoware_sensing_msgs__rosidl_typesupport_fastrtps_cpp.so[0m
[20.199s] [ 64%] Built target autoware_sensing_msgs__rosidl_typesupport_fastrtps_cpp
[20.237s] [ 66%] [34m[1mGenerating C type support for eProsima Fast-RTPS[0m
[21.082s] [35m[1mScanning dependencies of target autoware_sensing_msgs__rosidl_typesupport_fastrtps_c[0m
[21.139s] [ 69%] [32mBuilding CXX object CMakeFiles/autoware_sensing_msgs__rosidl_typesupport_fastrtps_c.dir/rosidl_typesupport_fastrtps_c/autoware_sensing_msgs/msg/detail/gnss_ins_orientation__type_support_c.cpp.o[0m
[22.010s] [ 71%] [32mBuilding CXX object CMakeFiles/autoware_sensing_msgs__rosidl_typesupport_fastrtps_c.dir/rosidl_typesupport_fastrtps_c/autoware_sensing_msgs/msg/detail/gnss_ins_orientation_stamped__type_support_c.cpp.o[0m
[22.881s] [ 74%] [32m[1mLinking CXX shared library libautoware_sensing_msgs__rosidl_typesupport_fastrtps_c.so[0m
[23.140s] [ 74%] Built target autoware_sensing_msgs__rosidl_typesupport_fastrtps_c
[23.181s] [35m[1mScanning dependencies of target autoware_sensing_msgs[0m
[23.221s] [ 74%] Built target autoware_sensing_msgs
[23.259s] [35m[1mScanning dependencies of target autoware_sensing_msgs__py[0m
[23.298s] [ 76%] [34m[1mGenerating Python code for ROS interfaces[0m
[24.829s] [ 76%] Built target autoware_sensing_msgs__py
[24.895s] [35m[1mScanning dependencies of target autoware_sensing_msgs__python[0m
[24.972s] [ 79%] [32mBuilding C object CMakeFiles/autoware_sensing_msgs__python.dir/rosidl_generator_py/autoware_sensing_msgs/msg/_gnss_ins_orientation_s.c.o[0m
[25.233s] [ 82%] [32mBuilding C object CMakeFiles/autoware_sensing_msgs__python.dir/rosidl_generator_py/autoware_sensing_msgs/msg/_gnss_ins_orientation_stamped_s.c.o[0m
[25.466s] [ 84%] [32m[1mLinking C shared library rosidl_generator_py/autoware_sensing_msgs/libautoware_sensing_msgs__python.so[0m
[25.625s] [ 84%] Built target autoware_sensing_msgs__python
[25.671s] [35m[1mScanning dependencies of target autoware_sensing_msgs__rosidl_typesupport_introspection_c__pyext[0m
[25.734s] [ 87%] [32mBuilding C object CMakeFiles/autoware_sensing_msgs__rosidl_typesupport_introspection_c__pyext.dir/rosidl_generator_py/autoware_sensing_msgs/_autoware_sensing_msgs_s.ep.rosidl_typesupport_introspection_c.c.o[0m
[25.957s] [ 89%] [32m[1mLinking C shared library rosidl_generator_py/autoware_sensing_msgs/autoware_sensing_msgs_s__rosidl_typesupport_introspection_c.cpython-38-aarch64-linux-gnu.so[0m
[26.081s] [ 89%] Built target autoware_sensing_msgs__rosidl_typesupport_introspection_c__pyext
[26.118s] [35m[1mScanning dependencies of target autoware_sensing_msgs__rosidl_typesupport_c__pyext[0m
[26.177s] [ 92%] [32mBuilding C object CMakeFiles/autoware_sensing_msgs__rosidl_typesupport_c__pyext.dir/rosidl_generator_py/autoware_sensing_msgs/_autoware_sensing_msgs_s.ep.rosidl_typesupport_c.c.o[0m
[26.409s] [ 94%] [32m[1mLinking C shared library rosidl_generator_py/autoware_sensing_msgs/autoware_sensing_msgs_s__rosidl_typesupport_c.cpython-38-aarch64-linux-gnu.so[0m
[26.535s] [ 94%] Built target autoware_sensing_msgs__rosidl_typesupport_c__pyext
[26.580s] [35m[1mScanning dependencies of target autoware_sensing_msgs__rosidl_typesupport_fastrtps_c__pyext[0m
[26.656s] [ 97%] [32mBuilding C object CMakeFiles/autoware_sensing_msgs__rosidl_typesupport_fastrtps_c__pyext.dir/rosidl_generator_py/autoware_sensing_msgs/_autoware_sensing_msgs_s.ep.rosidl_typesupport_fastrtps_c.c.o[0m
[26.907s] [100%] [32m[1mLinking CXX shared library rosidl_generator_py/autoware_sensing_msgs/autoware_sensing_msgs_s__rosidl_typesupport_fastrtps_c.cpython-38-aarch64-linux-gnu.so[0m
[27.113s] [100%] Built target autoware_sensing_msgs__rosidl_typesupport_fastrtps_c__pyext
[27.166s] Invoked command in '/root/r2ware/build/autoware_sensing_msgs' returned '0': CMAKE_PREFIX_PATH=${CMAKE_PREFIX_PATH}:/root/yahboomcar_ros2_ws/yahboomcar_ws/install/yahboomcar_voice_ctrl:/root/yahboomcar_ros2_ws/yahboomcar_ws/install/yahboomcar_visual:/root/yahboomcar_ros2_ws/yahboomcar_ws/install/yahboomcar_nav:/root/yahboomcar_ros2_ws/yahboomcar_ws/install/yahboomcar_multi:/root/yahboomcar_ros2_ws/yahboomcar_ws/install/yahboomcar_mediapipe:/root/yahboomcar_ros2_ws/yahboomcar_ws/install/yahboomcar_linefollow:/root/yahboomcar_ros2_ws/yahboomcar_ws/install/yahboomcar_laser:/root/yahboomcar_ros2_ws/yahboomcar_ws/install/yahboomcar_description_x1:/root/yahboomcar_ros2_ws/yahboomcar_ws/install/yahboomcar_description:/root/yahboomcar_ros2_ws/yahboomcar_ws/install/yahboomcar_ctrl:/root/yahboomcar_ros2_ws/yahboomcar_ws/install/yahboomcar_bringup:/root/yahboomcar_ros2_ws/yahboomcar_ws/install/yahboomcar_astra:/root/yahboomcar_ros2_ws/yahboomcar_ws/install/yahboom_app_save_map:/root/yahboomcar_ros2_ws/yahboomcar_ws/install/robot_pose_publisher:/root/yahboomcar_ros2_ws/yahboomcar_ws/install/laserscan_to_point_pulisher:/opt/ros/foxy /usr/bin/cmake --build /root/r2ware/build/autoware_sensing_msgs -- -j8 -l8
[27.574s] Invoking command in '/root/r2ware/build/autoware_sensing_msgs': CMAKE_PREFIX_PATH=${CMAKE_PREFIX_PATH}:/root/yahboomcar_ros2_ws/yahboomcar_ws/install/yahboomcar_voice_ctrl:/root/yahboomcar_ros2_ws/yahboomcar_ws/install/yahboomcar_visual:/root/yahboomcar_ros2_ws/yahboomcar_ws/install/yahboomcar_nav:/root/yahboomcar_ros2_ws/yahboomcar_ws/install/yahboomcar_multi:/root/yahboomcar_ros2_ws/yahboomcar_ws/install/yahboomcar_mediapipe:/root/yahboomcar_ros2_ws/yahboomcar_ws/install/yahboomcar_linefollow:/root/yahboomcar_ros2_ws/yahboomcar_ws/install/yahboomcar_laser:/root/yahboomcar_ros2_ws/yahboomcar_ws/install/yahboomcar_description_x1:/root/yahboomcar_ros2_ws/yahboomcar_ws/install/yahboomcar_description:/root/yahboomcar_ros2_ws/yahboomcar_ws/install/yahboomcar_ctrl:/root/yahboomcar_ros2_ws/yahboomcar_ws/install/yahboomcar_bringup:/root/yahboomcar_ros2_ws/yahboomcar_ws/install/yahboomcar_astra:/root/yahboomcar_ros2_ws/yahboomcar_ws/install/yahboom_app_save_map:/root/yahboomcar_ros2_ws/yahboomcar_ws/install/robot_pose_publisher:/root/yahboomcar_ros2_ws/yahboomcar_ws/install/laserscan_to_point_pulisher:/opt/ros/foxy /usr/bin/cmake --install /root/r2ware/build/autoware_sensing_msgs
[33.573s] -- Install configuration: ""
[33.573s] -- Installing: /root/r2ware/install/autoware_sensing_msgs/share/ament_index/resource_index/rosidl_interfaces/autoware_sensing_msgs
[33.573s] -- Installing: /root/r2ware/install/autoware_sensing_msgs/include/autoware_sensing_msgs
[33.574s] -- Installing: /root/r2ware/install/autoware_sensing_msgs/include/autoware_sensing_msgs/msg
[33.574s] -- Installing: /root/r2ware/install/autoware_sensing_msgs/include/autoware_sensing_msgs/msg/rosidl_generator_c__visibility_control.h
[33.574s] -- Installing: /root/r2ware/install/autoware_sensing_msgs/include/autoware_sensing_msgs/msg/gnss_ins_orientation.h
[33.574s] -- Installing: /root/r2ware/install/autoware_sensing_msgs/include/autoware_sensing_msgs/msg/gnss_ins_orientation_stamped.h
[33.574s] -- Installing: /root/r2ware/install/autoware_sensing_msgs/include/autoware_sensing_msgs/msg/detail
[33.574s] -- Installing: /root/r2ware/install/autoware_sensing_msgs/include/autoware_sensing_msgs/msg/detail/gnss_ins_orientation__functions.c
[33.574s] -- Installing: /root/r2ware/install/autoware_sensing_msgs/include/autoware_sensing_msgs/msg/detail/gnss_ins_orientation_stamped__functions.h
[33.574s] -- Installing: /root/r2ware/install/autoware_sensing_msgs/include/autoware_sensing_msgs/msg/detail/gnss_ins_orientation_stamped__functions.c
[33.575s] -- Installing: /root/r2ware/install/autoware_sensing_msgs/include/autoware_sensing_msgs/msg/detail/gnss_ins_orientation_stamped__struct.h
[33.575s] -- Installing: /root/r2ware/install/autoware_sensing_msgs/include/autoware_sensing_msgs/msg/detail/gnss_ins_orientation__type_support.h
[33.575s] -- Installing: /root/r2ware/install/autoware_sensing_msgs/include/autoware_sensing_msgs/msg/detail/gnss_ins_orientation_stamped__type_support.h
[33.575s] -- Installing: /root/r2ware/install/autoware_sensing_msgs/include/autoware_sensing_msgs/msg/detail/gnss_ins_orientation__functions.h
[33.575s] -- Installing: /root/r2ware/install/autoware_sensing_msgs/include/autoware_sensing_msgs/msg/detail/gnss_ins_orientation__struct.h
[33.575s] -- Installing: /root/r2ware/install/autoware_sensing_msgs/share/autoware_sensing_msgs/environment/library_path.sh
[33.576s] -- Installing: /root/r2ware/install/autoware_sensing_msgs/share/autoware_sensing_msgs/environment/library_path.dsv
[33.576s] -- Installing: /root/r2ware/install/autoware_sensing_msgs/lib/libautoware_sensing_msgs__rosidl_generator_c.so
[33.577s] -- Set runtime path of "/root/r2ware/install/autoware_sensing_msgs/lib/libautoware_sensing_msgs__rosidl_generator_c.so" to ""
[33.577s] -- Up-to-date: /root/r2ware/install/autoware_sensing_msgs/include/autoware_sensing_msgs
[33.577s] -- Up-to-date: /root/r2ware/install/autoware_sensing_msgs/include/autoware_sensing_msgs/msg
[33.577s] -- Installing: /root/r2ware/install/autoware_sensing_msgs/include/autoware_sensing_msgs/msg/rosidl_typesupport_fastrtps_c__visibility_control.h
[33.578s] -- Up-to-date: /root/r2ware/install/autoware_sensing_msgs/include/autoware_sensing_msgs/msg/detail
[33.578s] -- Installing: /root/r2ware/install/autoware_sensing_msgs/include/autoware_sensing_msgs/msg/detail/gnss_ins_orientation__rosidl_typesupport_fastrtps_c.h
[33.578s] -- Installing: /root/r2ware/install/autoware_sensing_msgs/include/autoware_sensing_msgs/msg/detail/gnss_ins_orientation_stamped__rosidl_typesupport_fastrtps_c.h
[33.578s] -- Installing: /root/r2ware/install/autoware_sensing_msgs/lib/libautoware_sensing_msgs__rosidl_typesupport_fastrtps_c.so
[33.578s] -- Set runtime path of "/root/r2ware/install/autoware_sensing_msgs/lib/libautoware_sensing_msgs__rosidl_typesupport_fastrtps_c.so" to ""
[33.578s] -- Up-to-date: /root/r2ware/install/autoware_sensing_msgs/include/autoware_sensing_msgs
[33.578s] -- Up-to-date: /root/r2ware/install/autoware_sensing_msgs/include/autoware_sensing_msgs/msg
[33.579s] -- Installing: /root/r2ware/install/autoware_sensing_msgs/include/autoware_sensing_msgs/msg/rosidl_typesupport_fastrtps_cpp__visibility_control.h
[33.579s] -- Up-to-date: /root/r2ware/install/autoware_sensing_msgs/include/autoware_sensing_msgs/msg/detail
[33.579s] -- Installing: /root/r2ware/install/autoware_sensing_msgs/include/autoware_sensing_msgs/msg/detail/gnss_ins_orientation__rosidl_typesupport_fastrtps_cpp.hpp
[33.579s] -- Installing: /root/r2ware/install/autoware_sensing_msgs/include/autoware_sensing_msgs/msg/detail/dds_fastrtps
[33.579s] -- Installing: /root/r2ware/install/autoware_sensing_msgs/include/autoware_sensing_msgs/msg/detail/gnss_ins_orientation_stamped__rosidl_typesupport_fastrtps_cpp.hpp
[33.579s] -- Installing: /root/r2ware/install/autoware_sensing_msgs/lib/libautoware_sensing_msgs__rosidl_typesupport_fastrtps_cpp.so
[33.579s] -- Set runtime path of "/root/r2ware/install/autoware_sensing_msgs/lib/libautoware_sensing_msgs__rosidl_typesupport_fastrtps_cpp.so" to ""
[33.579s] -- Up-to-date: /root/r2ware/install/autoware_sensing_msgs/include/autoware_sensing_msgs
[33.580s] -- Up-to-date: /root/r2ware/install/autoware_sensing_msgs/include/autoware_sensing_msgs/msg
[33.580s] -- Installing: /root/r2ware/install/autoware_sensing_msgs/include/autoware_sensing_msgs/msg/rosidl_typesupport_introspection_c__visibility_control.h
[33.580s] -- Up-to-date: /root/r2ware/install/autoware_sensing_msgs/include/autoware_sensing_msgs/msg/detail
[33.580s] -- Installing: /root/r2ware/install/autoware_sensing_msgs/include/autoware_sensing_msgs/msg/detail/gnss_ins_orientation__rosidl_typesupport_introspection_c.h
[33.580s] -- Installing: /root/r2ware/install/autoware_sensing_msgs/include/autoware_sensing_msgs/msg/detail/gnss_ins_orientation__type_support.c
[33.580s] -- Installing: /root/r2ware/install/autoware_sensing_msgs/include/autoware_sensing_msgs/msg/detail/gnss_ins_orientation_stamped__type_support.c
[33.580s] -- Installing: /root/r2ware/install/autoware_sensing_msgs/include/autoware_sensing_msgs/msg/detail/gnss_ins_orientation_stamped__rosidl_typesupport_introspection_c.h
[33.580s] -- Installing: /root/r2ware/install/autoware_sensing_msgs/lib/libautoware_sensing_msgs__rosidl_typesupport_introspection_c.so
[33.587s] -- Set runtime path of "/root/r2ware/install/autoware_sensing_msgs/lib/libautoware_sensing_msgs__rosidl_typesupport_introspection_c.so" to ""
[33.589s] -- Installing: /root/r2ware/install/autoware_sensing_msgs/lib/libautoware_sensing_msgs__rosidl_typesupport_c.so
[33.589s] -- Set runtime path of "/root/r2ware/install/autoware_sensing_msgs/lib/libautoware_sensing_msgs__rosidl_typesupport_c.so" to ""
[33.589s] -- Up-to-date: /root/r2ware/install/autoware_sensing_msgs/include/autoware_sensing_msgs
[33.589s] -- Up-to-date: /root/r2ware/install/autoware_sensing_msgs/include/autoware_sensing_msgs/msg
[33.589s] -- Installing: /root/r2ware/install/autoware_sensing_msgs/include/autoware_sensing_msgs/msg/gnss_ins_orientation_stamped.hpp
[33.589s] -- Installing: /root/r2ware/install/autoware_sensing_msgs/include/autoware_sensing_msgs/msg/gnss_ins_orientation.hpp
[33.590s] -- Up-to-date: /root/r2ware/install/autoware_sensing_msgs/include/autoware_sensing_msgs/msg/detail
[33.590s] -- Installing: /root/r2ware/install/autoware_sensing_msgs/include/autoware_sensing_msgs/msg/detail/gnss_ins_orientation_stamped__struct.hpp
[33.590s] -- Installing: /root/r2ware/install/autoware_sensing_msgs/include/autoware_sensing_msgs/msg/detail/gnss_ins_orientation__builder.hpp
[33.590s] -- Installing: /root/r2ware/install/autoware_sensing_msgs/include/autoware_sensing_msgs/msg/detail/gnss_ins_orientation__traits.hpp
[33.590s] -- Installing: /root/r2ware/install/autoware_sensing_msgs/include/autoware_sensing_msgs/msg/detail/gnss_ins_orientation_stamped__builder.hpp
[33.590s] -- Installing: /root/r2ware/install/autoware_sensing_msgs/include/autoware_sensing_msgs/msg/detail/gnss_ins_orientation__struct.hpp
[33.590s] -- Installing: /root/r2ware/install/autoware_sensing_msgs/include/autoware_sensing_msgs/msg/detail/gnss_ins_orientation_stamped__traits.hpp
[33.591s] -- Up-to-date: /root/r2ware/install/autoware_sensing_msgs/include/autoware_sensing_msgs
[33.591s] -- Up-to-date: /root/r2ware/install/autoware_sensing_msgs/include/autoware_sensing_msgs/msg
[33.591s] -- Up-to-date: /root/r2ware/install/autoware_sensing_msgs/include/autoware_sensing_msgs/msg/detail
[33.591s] -- Installing: /root/r2ware/install/autoware_sensing_msgs/include/autoware_sensing_msgs/msg/detail/gnss_ins_orientation_stamped__rosidl_typesupport_introspection_cpp.hpp
[33.591s] -- Installing: /root/r2ware/install/autoware_sensing_msgs/include/autoware_sensing_msgs/msg/detail/gnss_ins_orientation_stamped__type_support.cpp
[33.591s] -- Installing: /root/r2ware/install/autoware_sensing_msgs/include/autoware_sensing_msgs/msg/detail/gnss_ins_orientation__rosidl_typesupport_introspection_cpp.hpp
[33.591s] -- Installing: /root/r2ware/install/autoware_sensing_msgs/include/autoware_sensing_msgs/msg/detail/gnss_ins_orientation__type_support.cpp
[33.591s] -- Installing: /root/r2ware/install/autoware_sensing_msgs/lib/libautoware_sensing_msgs__rosidl_typesupport_introspection_cpp.so
[33.592s] -- Set runtime path of "/root/r2ware/install/autoware_sensing_msgs/lib/libautoware_sensing_msgs__rosidl_typesupport_introspection_cpp.so" to ""
[33.592s] -- Installing: /root/r2ware/install/autoware_sensing_msgs/lib/libautoware_sensing_msgs__rosidl_typesupport_cpp.so
[33.592s] -- Set runtime path of "/root/r2ware/install/autoware_sensing_msgs/lib/libautoware_sensing_msgs__rosidl_typesupport_cpp.so" to ""
[33.592s] -- Installing: /root/r2ware/install/autoware_sensing_msgs/share/autoware_sensing_msgs/environment/pythonpath.sh
[33.592s] -- Installing: /root/r2ware/install/autoware_sensing_msgs/share/autoware_sensing_msgs/environment/pythonpath.dsv
[33.592s] -- Installing: /root/r2ware/install/autoware_sensing_msgs/lib/python3.8/site-packages/autoware_sensing_msgs/__init__.py
[33.592s] Compiling '/root/r2ware/install/autoware_sensing_msgs/lib/python3.8/site-packages/autoware_sensing_msgs/__init__.py'...
[33.592s] -- Installing: /root/r2ware/install/autoware_sensing_msgs/lib/python3.8/site-packages/autoware_sensing_msgs/msg
[33.593s] -- Installing: /root/r2ware/install/autoware_sensing_msgs/lib/python3.8/site-packages/autoware_sensing_msgs/msg/_gnss_ins_orientation_stamped.py
[33.593s] -- Installing: /root/r2ware/install/autoware_sensing_msgs/lib/python3.8/site-packages/autoware_sensing_msgs/msg/__init__.py
[33.593s] -- Installing: /root/r2ware/install/autoware_sensing_msgs/lib/python3.8/site-packages/autoware_sensing_msgs/msg/_gnss_ins_orientation_s.c
[33.593s] -- Installing: /root/r2ware/install/autoware_sensing_msgs/lib/python3.8/site-packages/autoware_sensing_msgs/msg/_gnss_ins_orientation.py
[33.593s] -- Installing: /root/r2ware/install/autoware_sensing_msgs/lib/python3.8/site-packages/autoware_sensing_msgs/msg/_gnss_ins_orientation_stamped_s.c
[33.593s] -- Installing: /root/r2ware/install/autoware_sensing_msgs/lib/python3.8/site-packages/autoware_sensing_msgs/autoware_sensing_msgs_s__rosidl_typesupport_fastrtps_c.cpython-38-aarch64-linux-gnu.so
[33.593s] -- Set runtime path of "/root/r2ware/install/autoware_sensing_msgs/lib/python3.8/site-packages/autoware_sensing_msgs/autoware_sensing_msgs_s__rosidl_typesupport_fastrtps_c.cpython-38-aarch64-linux-gnu.so" to ""
[33.593s] -- Installing: /root/r2ware/install/autoware_sensing_msgs/lib/python3.8/site-packages/autoware_sensing_msgs/autoware_sensing_msgs_s__rosidl_typesupport_introspection_c.cpython-38-aarch64-linux-gnu.so
[33.594s] -- Set runtime path of "/root/r2ware/install/autoware_sensing_msgs/lib/python3.8/site-packages/autoware_sensing_msgs/autoware_sensing_msgs_s__rosidl_typesupport_introspection_c.cpython-38-aarch64-linux-gnu.so" to ""
[33.594s] -- Installing: /root/r2ware/install/autoware_sensing_msgs/lib/python3.8/site-packages/autoware_sensing_msgs/autoware_sensing_msgs_s__rosidl_typesupport_c.cpython-38-aarch64-linux-gnu.so
[33.594s] -- Set runtime path of "/root/r2ware/install/autoware_sensing_msgs/lib/python3.8/site-packages/autoware_sensing_msgs/autoware_sensing_msgs_s__rosidl_typesupport_c.cpython-38-aarch64-linux-gnu.so" to ""
[33.594s] -- Installing: /root/r2ware/install/autoware_sensing_msgs/lib/libautoware_sensing_msgs__python.so
[33.594s] -- Set runtime path of "/root/r2ware/install/autoware_sensing_msgs/lib/libautoware_sensing_msgs__python.so" to ""
[33.594s] -- Installing: /root/r2ware/install/autoware_sensing_msgs/share/autoware_sensing_msgs/msg/GnssInsOrientation.idl
[33.594s] -- Installing: /root/r2ware/install/autoware_sensing_msgs/share/autoware_sensing_msgs/msg/GnssInsOrientationStamped.idl
[33.594s] -- Installing: /root/r2ware/install/autoware_sensing_msgs/share/autoware_sensing_msgs/msg/GnssInsOrientation.msg
[33.595s] -- Installing: /root/r2ware/install/autoware_sensing_msgs/share/autoware_sensing_msgs/msg/GnssInsOrientationStamped.msg
[33.595s] -- Installing: /root/r2ware/install/autoware_sensing_msgs/share/ament_index/resource_index/package_run_dependencies/autoware_sensing_msgs
[33.595s] -- Installing: /root/r2ware/install/autoware_sensing_msgs/share/ament_index/resource_index/parent_prefix_path/autoware_sensing_msgs
[33.595s] -- Installing: /root/r2ware/install/autoware_sensing_msgs/share/autoware_sensing_msgs/environment/ament_prefix_path.sh
[33.595s] -- Installing: /root/r2ware/install/autoware_sensing_msgs/share/autoware_sensing_msgs/environment/ament_prefix_path.dsv
[33.595s] -- Installing: /root/r2ware/install/autoware_sensing_msgs/share/autoware_sensing_msgs/environment/path.sh
[33.595s] -- Installing: /root/r2ware/install/autoware_sensing_msgs/share/autoware_sensing_msgs/environment/path.dsv
[33.595s] -- Installing: /root/r2ware/install/autoware_sensing_msgs/share/autoware_sensing_msgs/local_setup.bash
[33.596s] -- Installing: /root/r2ware/install/autoware_sensing_msgs/share/autoware_sensing_msgs/local_setup.sh
[33.596s] -- Installing: /root/r2ware/install/autoware_sensing_msgs/share/autoware_sensing_msgs/local_setup.zsh
[33.596s] -- Installing: /root/r2ware/install/autoware_sensing_msgs/share/autoware_sensing_msgs/local_setup.dsv
[33.596s] -- Installing: /root/r2ware/install/autoware_sensing_msgs/share/autoware_sensing_msgs/package.dsv
[33.596s] -- Installing: /root/r2ware/install/autoware_sensing_msgs/share/ament_index/resource_index/packages/autoware_sensing_msgs
[33.596s] -- Installing: /root/r2ware/install/autoware_sensing_msgs/share/autoware_sensing_msgs/cmake/autoware_sensing_msgs__rosidl_generator_cExport.cmake
[33.597s] -- Installing: /root/r2ware/install/autoware_sensing_msgs/share/autoware_sensing_msgs/cmake/autoware_sensing_msgs__rosidl_generator_cExport-noconfig.cmake
[33.597s] -- Installing: /root/r2ware/install/autoware_sensing_msgs/share/autoware_sensing_msgs/cmake/autoware_sensing_msgs__rosidl_typesupport_introspection_cExport.cmake
[33.597s] -- Installing: /root/r2ware/install/autoware_sensing_msgs/share/autoware_sensing_msgs/cmake/autoware_sensing_msgs__rosidl_typesupport_introspection_cExport-noconfig.cmake
[33.597s] -- Installing: /root/r2ware/install/autoware_sensing_msgs/share/autoware_sensing_msgs/cmake/autoware_sensing_msgs__rosidl_typesupport_cExport.cmake
[33.597s] -- Installing: /root/r2ware/install/autoware_sensing_msgs/share/autoware_sensing_msgs/cmake/autoware_sensing_msgs__rosidl_typesupport_cExport-noconfig.cmake
[33.597s] -- Installing: /root/r2ware/install/autoware_sensing_msgs/share/autoware_sensing_msgs/cmake/autoware_sensing_msgs__rosidl_generator_cppExport.cmake
[33.597s] -- Installing: /root/r2ware/install/autoware_sensing_msgs/share/autoware_sensing_msgs/cmake/autoware_sensing_msgs__rosidl_typesupport_introspection_cppExport.cmake
[33.597s] -- Installing: /root/r2ware/install/autoware_sensing_msgs/share/autoware_sensing_msgs/cmake/autoware_sensing_msgs__rosidl_typesupport_introspection_cppExport-noconfig.cmake
[33.598s] -- Installing: /root/r2ware/install/autoware_sensing_msgs/share/autoware_sensing_msgs/cmake/autoware_sensing_msgs__rosidl_typesupport_cppExport.cmake
[33.598s] -- Installing: /root/r2ware/install/autoware_sensing_msgs/share/autoware_sensing_msgs/cmake/autoware_sensing_msgs__rosidl_typesupport_cppExport-noconfig.cmake
[33.598s] -- Installing: /root/r2ware/install/autoware_sensing_msgs/share/autoware_sensing_msgs/cmake/rosidl_cmake-extras.cmake
[33.598s] -- Installing: /root/r2ware/install/autoware_sensing_msgs/share/autoware_sensing_msgs/cmake/ament_cmake_export_dependencies-extras.cmake
[33.598s] -- Installing: /root/r2ware/install/autoware_sensing_msgs/share/autoware_sensing_msgs/cmake/ament_cmake_export_libraries-extras.cmake
[33.598s] -- Installing: /root/r2ware/install/autoware_sensing_msgs/share/autoware_sensing_msgs/cmake/ament_cmake_export_targets-extras.cmake
[33.598s] -- Installing: /root/r2ware/install/autoware_sensing_msgs/share/autoware_sensing_msgs/cmake/ament_cmake_export_include_directories-extras.cmake
[33.599s] -- Installing: /root/r2ware/install/autoware_sensing_msgs/share/autoware_sensing_msgs/cmake/rosidl_cmake_export_typesupport_libraries-extras.cmake
[33.599s] -- Installing: /root/r2ware/install/autoware_sensing_msgs/share/autoware_sensing_msgs/cmake/rosidl_cmake_export_typesupport_targets-extras.cmake
[33.599s] -- Installing: /root/r2ware/install/autoware_sensing_msgs/share/autoware_sensing_msgs/cmake/autoware_sensing_msgsConfig.cmake
[33.600s] -- Installing: /root/r2ware/install/autoware_sensing_msgs/share/autoware_sensing_msgs/cmake/autoware_sensing_msgsConfig-version.cmake
[33.600s] -- Installing: /root/r2ware/install/autoware_sensing_msgs/share/autoware_sensing_msgs/package.xml
[33.615s] Invoked command in '/root/r2ware/build/autoware_sensing_msgs' returned '0': CMAKE_PREFIX_PATH=${CMAKE_PREFIX_PATH}:/root/yahboomcar_ros2_ws/yahboomcar_ws/install/yahboomcar_voice_ctrl:/root/yahboomcar_ros2_ws/yahboomcar_ws/install/yahboomcar_visual:/root/yahboomcar_ros2_ws/yahboomcar_ws/install/yahboomcar_nav:/root/yahboomcar_ros2_ws/yahboomcar_ws/install/yahboomcar_multi:/root/yahboomcar_ros2_ws/yahboomcar_ws/install/yahboomcar_mediapipe:/root/yahboomcar_ros2_ws/yahboomcar_ws/install/yahboomcar_linefollow:/root/yahboomcar_ros2_ws/yahboomcar_ws/install/yahboomcar_laser:/root/yahboomcar_ros2_ws/yahboomcar_ws/install/yahboomcar_description_x1:/root/yahboomcar_ros2_ws/yahboomcar_ws/install/yahboomcar_description:/root/yahboomcar_ros2_ws/yahboomcar_ws/install/yahboomcar_ctrl:/root/yahboomcar_ros2_ws/yahboomcar_ws/install/yahboomcar_bringup:/root/yahboomcar_ros2_ws/yahboomcar_ws/install/yahboomcar_astra:/root/yahboomcar_ros2_ws/yahboomcar_ws/install/yahboom_app_save_map:/root/yahboomcar_ros2_ws/yahboomcar_ws/install/robot_pose_publisher:/root/yahboomcar_ros2_ws/yahboomcar_ws/install/laserscan_to_point_pulisher:/opt/ros/foxy /usr/bin/cmake --install /root/r2ware/build/autoware_sensing_msgs
