[0.258s] Invoking command in '/root/r2ware/build/autoware_auto_mapping_msgs': CMAKE_PREFIX_PATH=${CMAKE_PREFIX_PATH}:/root/yahboomcar_ros2_ws/yahboomcar_ws/install/yahboomcar_voice_ctrl:/root/yahboomcar_ros2_ws/yahboomcar_ws/install/yahboomcar_visual:/root/yahboomcar_ros2_ws/yahboomcar_ws/install/yahboomcar_nav:/root/yahboomcar_ros2_ws/yahboomcar_ws/install/yahboomcar_multi:/root/yahboomcar_ros2_ws/yahboomcar_ws/install/yahboomcar_mediapipe:/root/yahboomcar_ros2_ws/yahboomcar_ws/install/yahboomcar_linefollow:/root/yahboomcar_ros2_ws/yahboomcar_ws/install/yahboomcar_laser:/root/yahboomcar_ros2_ws/yahboomcar_ws/install/yahboomcar_description_x1:/root/yahboomcar_ros2_ws/yahboomcar_ws/install/yahboomcar_description:/root/yahboomcar_ros2_ws/yahboomcar_ws/install/yahboomcar_ctrl:/root/yahboomcar_ros2_ws/yahboomcar_ws/install/yahboomcar_bringup:/root/yahboomcar_ros2_ws/yahboomcar_ws/install/yahboomcar_astra:/root/yahboomcar_ros2_ws/yahboomcar_ws/install/yahboom_app_save_map:/root/yahboomcar_ros2_ws/yahboomcar_ws/install/robot_pose_publisher:/root/yahboomcar_ros2_ws/yahboomcar_ws/install/laserscan_to_point_pulisher:/opt/ros/foxy /usr/bin/cmake --build /root/r2ware/build/autoware_auto_mapping_msgs -- -j8 -l8
[0.363s] -- Found ament_cmake_auto: 0.9.11 (/opt/ros/foxy/share/ament_cmake_auto/cmake)
[0.430s] -- Found PythonInterp: /usr/bin/python3 (found suitable version "3.8.10", minimum required is "3") 
[0.431s] -- Using PYTHON_EXECUTABLE: /usr/bin/python3
[1.212s] -- Using all available rosidl_typesupport_c: rosidl_typesupport_fastrtps_c;rosidl_typesupport_introspection_c
[1.212s] -- Found rosidl_adapter: 1.3.0 (/opt/ros/foxy/share/rosidl_adapter/cmake)
[1.832s] -- Using all available rosidl_typesupport_cpp: rosidl_typesupport_fastrtps_cpp;rosidl_typesupport_introspection_cpp
[2.026s] -- Found ament_cmake_cppcheck: 0.9.7 (/opt/ros/foxy/share/ament_cmake_cppcheck/cmake)
[2.028s] -- Found ament_cmake_cpplint: 0.9.7 (/opt/ros/foxy/share/ament_cmake_cpplint/cmake)
[2.031s] -- Found ament_cmake_uncrustify: 0.9.7 (/opt/ros/foxy/share/ament_cmake_uncrustify/cmake)
[2.035s] -- Found ament_cmake_ros: 0.9.2 (/opt/ros/foxy/share/ament_cmake_ros/cmake)
[2.623s] -- Using all available rosidl_typesupport_c: rosidl_typesupport_fastrtps_c;rosidl_typesupport_introspection_c
[2.769s] -- Using all available rosidl_typesupport_cpp: rosidl_typesupport_fastrtps_cpp;rosidl_typesupport_introspection_cpp
[2.859s] -- Found PythonInterp: /usr/bin/python3 (found suitable version "3.8.10", minimum required is "3.5") 
[2.859s] -- Found python_cmake_module: 0.8.1 (/opt/ros/foxy/share/python_cmake_module/cmake)
[2.951s] -- Using PYTHON_EXECUTABLE: /usr/bin/python3
[2.951s] -- Using PYTHON_INCLUDE_DIRS: /usr/include/python3.8
[2.951s] -- Using PYTHON_LIBRARIES: /usr/lib/aarch64-linux-gnu/libpython3.8.so
[3.074s] -- Found ament_cmake_flake8: 0.9.7 (/opt/ros/foxy/share/ament_cmake_flake8/cmake)
[3.077s] -- Found ament_cmake_pep257: 0.9.7 (/opt/ros/foxy/share/ament_cmake_pep257/cmake)
[3.084s] -- Found ament_lint_auto: 0.9.7 (/opt/ros/foxy/share/ament_lint_auto/cmake)
[3.111s] -- Added test 'copyright' to check source files copyright and LICENSE
[3.113s] -- Added test 'lint_cmake' to check CMake code style
[3.114s] -- Added test 'xmllint' to check XML markup files
[3.128s] -- Configuring done
[3.261s] -- Generating done
[3.270s] -- Build files have been written to: /root/r2ware/build/autoware_auto_mapping_msgs
[3.470s] [  1%] [34m[1mGenerating C code for ROS interfaces[0m
[3.568s] [  3%] [34m[1mGenerating C++ code for ROS interfaces[0m
[5.624s] [35m[1mScanning dependencies of target autoware_auto_mapping_msgs__rosidl_generator_c[0m
[5.688s] [  3%] Built target autoware_auto_mapping_msgs__cpp
[5.774s] [  5%] [32mBuilding C object CMakeFiles/autoware_auto_mapping_msgs__rosidl_generator_c.dir/rosidl_generator_c/autoware_auto_mapping_msgs/msg/detail/map_primitive__functions.c.o[0m
[5.808s] [  7%] [32mBuilding C object CMakeFiles/autoware_auto_mapping_msgs__rosidl_generator_c.dir/rosidl_generator_c/autoware_auto_mapping_msgs/srv/detail/had_map_service__functions.c.o[0m
[5.816s] [  9%] [34m[1mGenerating C++ type support for eProsima Fast-RTPS[0m
[5.816s] [ 10%] [32mBuilding C object CMakeFiles/autoware_auto_mapping_msgs__rosidl_generator_c.dir/rosidl_generator_c/autoware_auto_mapping_msgs/msg/detail/had_map_segment__functions.c.o[0m
[5.822s] [ 12%] [32mBuilding C object CMakeFiles/autoware_auto_mapping_msgs__rosidl_generator_c.dir/rosidl_generator_c/autoware_auto_mapping_msgs/msg/detail/had_map_bin__functions.c.o[0m
[5.828s] [ 14%] [34m[1mGenerating C++ introspection for ROS interfaces[0m
[5.844s] [ 16%] [34m[1mGenerating C++ type support dispatch for ROS interfaces[0m
[6.359s] [ 18%] [32m[1mLinking C shared library libautoware_auto_mapping_msgs__rosidl_generator_c.so[0m
[6.659s] [ 18%] Built target autoware_auto_mapping_msgs__rosidl_generator_c
[6.773s] [ 20%] [34m[1mGenerating C introspection for ROS interfaces[0m
[6.816s] [ 21%] [34m[1mGenerating C type support dispatch for ROS interfaces[0m
[9.268s] [35m[1mScanning dependencies of target autoware_auto_mapping_msgs__rosidl_typesupport_fastrtps_cpp[0m
[9.545s] [ 23%] [32mBuilding CXX object CMakeFiles/autoware_auto_mapping_msgs__rosidl_typesupport_fastrtps_cpp.dir/rosidl_typesupport_fastrtps_cpp/autoware_auto_mapping_msgs/msg/detail/dds_fastrtps/had_map_bin__type_support.cpp.o[0m
[9.734s] [ 25%] [32mBuilding CXX object CMakeFiles/autoware_auto_mapping_msgs__rosidl_typesupport_fastrtps_cpp.dir/rosidl_typesupport_fastrtps_cpp/autoware_auto_mapping_msgs/msg/detail/dds_fastrtps/had_map_segment__type_support.cpp.o[0m
[9.803s] [ 27%] [32mBuilding CXX object CMakeFiles/autoware_auto_mapping_msgs__rosidl_typesupport_fastrtps_cpp.dir/rosidl_typesupport_fastrtps_cpp/autoware_auto_mapping_msgs/msg/detail/dds_fastrtps/map_primitive__type_support.cpp.o[0m
[9.959s] [35m[1mScanning dependencies of target autoware_auto_mapping_msgs__rosidl_typesupport_cpp[0m
[9.971s] [35m[1mScanning dependencies of target autoware_auto_mapping_msgs__rosidl_typesupport_introspection_cpp[0m
[10.011s] [ 29%] [32mBuilding CXX object CMakeFiles/autoware_auto_mapping_msgs__rosidl_typesupport_fastrtps_cpp.dir/rosidl_typesupport_fastrtps_cpp/autoware_auto_mapping_msgs/srv/detail/dds_fastrtps/had_map_service__type_support.cpp.o[0m
[10.254s] [ 32%] [32mBuilding CXX object CMakeFiles/autoware_auto_mapping_msgs__rosidl_typesupport_introspection_cpp.dir/rosidl_typesupport_introspection_cpp/autoware_auto_mapping_msgs/msg/detail/had_map_bin__type_support.cpp.o[0m
[10.257s] [ 30%] [32mBuilding CXX object CMakeFiles/autoware_auto_mapping_msgs__rosidl_typesupport_cpp.dir/rosidl_typesupport_cpp/autoware_auto_mapping_msgs/msg/had_map_bin__type_support.cpp.o[0m
[11.779s] [35m[1mScanning dependencies of target autoware_auto_mapping_msgs__rosidl_typesupport_c[0m
[11.977s] [ 34%] [32mBuilding CXX object CMakeFiles/autoware_auto_mapping_msgs__rosidl_typesupport_c.dir/rosidl_typesupport_c/autoware_auto_mapping_msgs/msg/had_map_bin__type_support.cpp.o[0m
[12.452s] [ 36%] [32mBuilding CXX object CMakeFiles/autoware_auto_mapping_msgs__rosidl_typesupport_c.dir/rosidl_typesupport_c/autoware_auto_mapping_msgs/msg/had_map_segment__type_support.cpp.o[0m
[12.692s] [35m[1mScanning dependencies of target autoware_auto_mapping_msgs__rosidl_typesupport_introspection_c[0m
[12.826s] [ 38%] [32mBuilding CXX object CMakeFiles/autoware_auto_mapping_msgs__rosidl_typesupport_c.dir/rosidl_typesupport_c/autoware_auto_mapping_msgs/msg/map_primitive__type_support.cpp.o[0m
[12.936s] [ 40%] [32mBuilding C object CMakeFiles/autoware_auto_mapping_msgs__rosidl_typesupport_introspection_c.dir/rosidl_typesupport_introspection_c/autoware_auto_mapping_msgs/msg/detail/had_map_bin__type_support.c.o[0m
[13.148s] [ 41%] [32mBuilding CXX object CMakeFiles/autoware_auto_mapping_msgs__rosidl_typesupport_c.dir/rosidl_typesupport_c/autoware_auto_mapping_msgs/srv/had_map_service__type_support.cpp.o[0m
[13.289s] [ 43%] [32mBuilding C object CMakeFiles/autoware_auto_mapping_msgs__rosidl_typesupport_introspection_c.dir/rosidl_typesupport_introspection_c/autoware_auto_mapping_msgs/msg/detail/had_map_segment__type_support.c.o[0m
[13.515s] [ 45%] [32mBuilding CXX object CMakeFiles/autoware_auto_mapping_msgs__rosidl_typesupport_cpp.dir/rosidl_typesupport_cpp/autoware_auto_mapping_msgs/msg/had_map_segment__type_support.cpp.o[0m
[13.579s] [ 47%] [32m[1mLinking CXX shared library libautoware_auto_mapping_msgs__rosidl_typesupport_c.so[0m
[13.775s] [ 49%] [32mBuilding C object CMakeFiles/autoware_auto_mapping_msgs__rosidl_typesupport_introspection_c.dir/rosidl_typesupport_introspection_c/autoware_auto_mapping_msgs/msg/detail/map_primitive__type_support.c.o[0m
[13.994s] [ 50%] [32mBuilding CXX object CMakeFiles/autoware_auto_mapping_msgs__rosidl_typesupport_cpp.dir/rosidl_typesupport_cpp/autoware_auto_mapping_msgs/msg/map_primitive__type_support.cpp.o[0m
[14.200s] [ 52%] [32mBuilding C object CMakeFiles/autoware_auto_mapping_msgs__rosidl_typesupport_introspection_c.dir/rosidl_typesupport_introspection_c/autoware_auto_mapping_msgs/srv/detail/had_map_service__type_support.c.o[0m
[14.213s] [ 52%] Built target autoware_auto_mapping_msgs__rosidl_typesupport_c
[14.441s] [ 54%] [32mBuilding CXX object CMakeFiles/autoware_auto_mapping_msgs__rosidl_typesupport_cpp.dir/rosidl_typesupport_cpp/autoware_auto_mapping_msgs/srv/had_map_service__type_support.cpp.o[0m
[14.650s] [ 56%] [32mBuilding CXX object CMakeFiles/autoware_auto_mapping_msgs__rosidl_typesupport_introspection_cpp.dir/rosidl_typesupport_introspection_cpp/autoware_auto_mapping_msgs/msg/detail/had_map_segment__type_support.cpp.o[0m
[14.680s] [ 58%] [32mBuilding CXX object CMakeFiles/autoware_auto_mapping_msgs__rosidl_typesupport_introspection_cpp.dir/rosidl_typesupport_introspection_cpp/autoware_auto_mapping_msgs/msg/detail/map_primitive__type_support.cpp.o[0m
[14.746s] [ 60%] [32m[1mLinking C shared library libautoware_auto_mapping_msgs__rosidl_typesupport_introspection_c.so[0m
[14.900s] [ 61%] [32mBuilding CXX object CMakeFiles/autoware_auto_mapping_msgs__rosidl_typesupport_introspection_cpp.dir/rosidl_typesupport_introspection_cpp/autoware_auto_mapping_msgs/srv/detail/had_map_service__type_support.cpp.o[0m
[15.191s] [ 61%] Built target autoware_auto_mapping_msgs__rosidl_typesupport_introspection_c
[15.243s] [ 63%] [32m[1mLinking CXX shared library libautoware_auto_mapping_msgs__rosidl_typesupport_fastrtps_cpp.so[0m
[16.050s] [ 63%] Built target autoware_auto_mapping_msgs__rosidl_typesupport_fastrtps_cpp
[16.221s] [ 65%] [34m[1mGenerating C type support for eProsima Fast-RTPS[0m
[16.873s] [ 67%] [32m[1mLinking CXX shared library libautoware_auto_mapping_msgs__rosidl_typesupport_cpp.so[0m
[17.211s] [ 67%] Built target autoware_auto_mapping_msgs__rosidl_typesupport_cpp
[17.449s] [ 69%] [32m[1mLinking CXX shared library libautoware_auto_mapping_msgs__rosidl_typesupport_introspection_cpp.so[0m
[17.943s] [ 69%] Built target autoware_auto_mapping_msgs__rosidl_typesupport_introspection_cpp
[18.747s] [35m[1mScanning dependencies of target autoware_auto_mapping_msgs__rosidl_typesupport_fastrtps_c[0m
[18.951s] [ 72%] [32mBuilding CXX object CMakeFiles/autoware_auto_mapping_msgs__rosidl_typesupport_fastrtps_c.dir/rosidl_typesupport_fastrtps_c/autoware_auto_mapping_msgs/msg/detail/had_map_bin__type_support_c.cpp.o[0m
[18.952s] [ 72%] [32mBuilding CXX object CMakeFiles/autoware_auto_mapping_msgs__rosidl_typesupport_fastrtps_c.dir/rosidl_typesupport_fastrtps_c/autoware_auto_mapping_msgs/msg/detail/map_primitive__type_support_c.cpp.o[0m
[18.991s] [ 74%] [32mBuilding CXX object CMakeFiles/autoware_auto_mapping_msgs__rosidl_typesupport_fastrtps_c.dir/rosidl_typesupport_fastrtps_c/autoware_auto_mapping_msgs/msg/detail/had_map_segment__type_support_c.cpp.o[0m
[21.281s] [ 76%] [32mBuilding CXX object CMakeFiles/autoware_auto_mapping_msgs__rosidl_typesupport_fastrtps_c.dir/rosidl_typesupport_fastrtps_c/autoware_auto_mapping_msgs/srv/detail/had_map_service__type_support_c.cpp.o[0m
[22.837s] [ 78%] [32m[1mLinking CXX shared library libautoware_auto_mapping_msgs__rosidl_typesupport_fastrtps_c.so[0m
[23.239s] [ 78%] Built target autoware_auto_mapping_msgs__rosidl_typesupport_fastrtps_c
[23.371s] [ 78%] Built target autoware_auto_mapping_msgs
[23.568s] [ 80%] [34m[1mGenerating Python code for ROS interfaces[0m
[26.479s] [ 80%] Built target autoware_auto_mapping_msgs__py
[26.538s] [35m[1mScanning dependencies of target autoware_auto_mapping_msgs__python[0m
[26.628s] [ 81%] [32mBuilding C object CMakeFiles/autoware_auto_mapping_msgs__python.dir/rosidl_generator_py/autoware_auto_mapping_msgs/msg/_had_map_bin_s.c.o[0m
[26.922s] [ 83%] [32mBuilding C object CMakeFiles/autoware_auto_mapping_msgs__python.dir/rosidl_generator_py/autoware_auto_mapping_msgs/srv/_had_map_service_s.c.o[0m
[27.257s] [ 85%] [32mBuilding C object CMakeFiles/autoware_auto_mapping_msgs__python.dir/rosidl_generator_py/autoware_auto_mapping_msgs/msg/_map_primitive_s.c.o[0m
[27.583s] [ 87%] [32mBuilding C object CMakeFiles/autoware_auto_mapping_msgs__python.dir/rosidl_generator_py/autoware_auto_mapping_msgs/msg/_had_map_segment_s.c.o[0m
[27.883s] [ 89%] [32m[1mLinking C shared library rosidl_generator_py/autoware_auto_mapping_msgs/libautoware_auto_mapping_msgs__python.so[0m
[28.072s] [ 89%] Built target autoware_auto_mapping_msgs__python
[28.141s] [35m[1mScanning dependencies of target autoware_auto_mapping_msgs__rosidl_typesupport_introspection_c__pyext[0m
[28.256s] [ 90%] [32mBuilding C object CMakeFiles/autoware_auto_mapping_msgs__rosidl_typesupport_introspection_c__pyext.dir/rosidl_generator_py/autoware_auto_mapping_msgs/_autoware_auto_mapping_msgs_s.ep.rosidl_typesupport_introspection_c.c.o[0m
[28.541s] [ 92%] [32m[1mLinking C shared library rosidl_generator_py/autoware_auto_mapping_msgs/autoware_auto_mapping_msgs_s__rosidl_typesupport_introspection_c.cpython-38-aarch64-linux-gnu.so[0m
[28.693s] [ 92%] Built target autoware_auto_mapping_msgs__rosidl_typesupport_introspection_c__pyext
[28.738s] [35m[1mScanning dependencies of target autoware_auto_mapping_msgs__rosidl_typesupport_c__pyext[0m
[28.796s] [ 94%] [32mBuilding C object CMakeFiles/autoware_auto_mapping_msgs__rosidl_typesupport_c__pyext.dir/rosidl_generator_py/autoware_auto_mapping_msgs/_autoware_auto_mapping_msgs_s.ep.rosidl_typesupport_c.c.o[0m
[29.088s] [ 96%] [32m[1mLinking C shared library rosidl_generator_py/autoware_auto_mapping_msgs/autoware_auto_mapping_msgs_s__rosidl_typesupport_c.cpython-38-aarch64-linux-gnu.so[0m
[29.240s] [ 96%] Built target autoware_auto_mapping_msgs__rosidl_typesupport_c__pyext
[29.309s] [35m[1mScanning dependencies of target autoware_auto_mapping_msgs__rosidl_typesupport_fastrtps_c__pyext[0m
[29.418s] [ 98%] [32mBuilding C object CMakeFiles/autoware_auto_mapping_msgs__rosidl_typesupport_fastrtps_c__pyext.dir/rosidl_generator_py/autoware_auto_mapping_msgs/_autoware_auto_mapping_msgs_s.ep.rosidl_typesupport_fastrtps_c.c.o[0m
[29.731s] [100%] [32m[1mLinking CXX shared library rosidl_generator_py/autoware_auto_mapping_msgs/autoware_auto_mapping_msgs_s__rosidl_typesupport_fastrtps_c.cpython-38-aarch64-linux-gnu.so[0m
[29.983s] [100%] Built target autoware_auto_mapping_msgs__rosidl_typesupport_fastrtps_c__pyext
[30.051s] Invoked command in '/root/r2ware/build/autoware_auto_mapping_msgs' returned '0': CMAKE_PREFIX_PATH=${CMAKE_PREFIX_PATH}:/root/yahboomcar_ros2_ws/yahboomcar_ws/install/yahboomcar_voice_ctrl:/root/yahboomcar_ros2_ws/yahboomcar_ws/install/yahboomcar_visual:/root/yahboomcar_ros2_ws/yahboomcar_ws/install/yahboomcar_nav:/root/yahboomcar_ros2_ws/yahboomcar_ws/install/yahboomcar_multi:/root/yahboomcar_ros2_ws/yahboomcar_ws/install/yahboomcar_mediapipe:/root/yahboomcar_ros2_ws/yahboomcar_ws/install/yahboomcar_linefollow:/root/yahboomcar_ros2_ws/yahboomcar_ws/install/yahboomcar_laser:/root/yahboomcar_ros2_ws/yahboomcar_ws/install/yahboomcar_description_x1:/root/yahboomcar_ros2_ws/yahboomcar_ws/install/yahboomcar_description:/root/yahboomcar_ros2_ws/yahboomcar_ws/install/yahboomcar_ctrl:/root/yahboomcar_ros2_ws/yahboomcar_ws/install/yahboomcar_bringup:/root/yahboomcar_ros2_ws/yahboomcar_ws/install/yahboomcar_astra:/root/yahboomcar_ros2_ws/yahboomcar_ws/install/yahboom_app_save_map:/root/yahboomcar_ros2_ws/yahboomcar_ws/install/robot_pose_publisher:/root/yahboomcar_ros2_ws/yahboomcar_ws/install/laserscan_to_point_pulisher:/opt/ros/foxy /usr/bin/cmake --build /root/r2ware/build/autoware_auto_mapping_msgs -- -j8 -l8
[31.012s] Invoking command in '/root/r2ware/build/autoware_auto_mapping_msgs': CMAKE_PREFIX_PATH=${CMAKE_PREFIX_PATH}:/root/yahboomcar_ros2_ws/yahboomcar_ws/install/yahboomcar_voice_ctrl:/root/yahboomcar_ros2_ws/yahboomcar_ws/install/yahboomcar_visual:/root/yahboomcar_ros2_ws/yahboomcar_ws/install/yahboomcar_nav:/root/yahboomcar_ros2_ws/yahboomcar_ws/install/yahboomcar_multi:/root/yahboomcar_ros2_ws/yahboomcar_ws/install/yahboomcar_mediapipe:/root/yahboomcar_ros2_ws/yahboomcar_ws/install/yahboomcar_linefollow:/root/yahboomcar_ros2_ws/yahboomcar_ws/install/yahboomcar_laser:/root/yahboomcar_ros2_ws/yahboomcar_ws/install/yahboomcar_description_x1:/root/yahboomcar_ros2_ws/yahboomcar_ws/install/yahboomcar_description:/root/yahboomcar_ros2_ws/yahboomcar_ws/install/yahboomcar_ctrl:/root/yahboomcar_ros2_ws/yahboomcar_ws/install/yahboomcar_bringup:/root/yahboomcar_ros2_ws/yahboomcar_ws/install/yahboomcar_astra:/root/yahboomcar_ros2_ws/yahboomcar_ws/install/yahboom_app_save_map:/root/yahboomcar_ros2_ws/yahboomcar_ws/install/robot_pose_publisher:/root/yahboomcar_ros2_ws/yahboomcar_ws/install/laserscan_to_point_pulisher:/opt/ros/foxy /usr/bin/cmake --install /root/r2ware/build/autoware_auto_mapping_msgs
[31.066s] -- Install configuration: ""
[31.066s] -- Up-to-date: /root/r2ware/install/autoware_auto_mapping_msgs/share/ament_index/resource_index/rosidl_interfaces/autoware_auto_mapping_msgs
[31.066s] -- Up-to-date: /root/r2ware/install/autoware_auto_mapping_msgs/include/autoware_auto_mapping_msgs
[31.074s] -- Up-to-date: /root/r2ware/install/autoware_auto_mapping_msgs/include/autoware_auto_mapping_msgs/msg
[31.074s] -- Installing: /root/r2ware/install/autoware_auto_mapping_msgs/include/autoware_auto_mapping_msgs/msg/map_primitive.h
[31.075s] -- Installing: /root/r2ware/install/autoware_auto_mapping_msgs/include/autoware_auto_mapping_msgs/msg/had_map_bin.h
[31.075s] -- Up-to-date: /root/r2ware/install/autoware_auto_mapping_msgs/include/autoware_auto_mapping_msgs/msg/rosidl_generator_c__visibility_control.h
[31.075s] -- Up-to-date: /root/r2ware/install/autoware_auto_mapping_msgs/include/autoware_auto_mapping_msgs/msg/detail
[31.075s] -- Installing: /root/r2ware/install/autoware_auto_mapping_msgs/include/autoware_auto_mapping_msgs/msg/detail/map_primitive__functions.h
[31.076s] -- Installing: /root/r2ware/install/autoware_auto_mapping_msgs/include/autoware_auto_mapping_msgs/msg/detail/had_map_bin__type_support.h
[31.076s] -- Installing: /root/r2ware/install/autoware_auto_mapping_msgs/include/autoware_auto_mapping_msgs/msg/detail/had_map_bin__functions.h
[31.076s] -- Installing: /root/r2ware/install/autoware_auto_mapping_msgs/include/autoware_auto_mapping_msgs/msg/detail/map_primitive__functions.c
[31.076s] -- Installing: /root/r2ware/install/autoware_auto_mapping_msgs/include/autoware_auto_mapping_msgs/msg/detail/had_map_segment__struct.h
[31.077s] -- Installing: /root/r2ware/install/autoware_auto_mapping_msgs/include/autoware_auto_mapping_msgs/msg/detail/had_map_bin__struct.h
[31.077s] -- Installing: /root/r2ware/install/autoware_auto_mapping_msgs/include/autoware_auto_mapping_msgs/msg/detail/had_map_segment__functions.c
[31.077s] -- Installing: /root/r2ware/install/autoware_auto_mapping_msgs/include/autoware_auto_mapping_msgs/msg/detail/map_primitive__struct.h
[31.078s] -- Installing: /root/r2ware/install/autoware_auto_mapping_msgs/include/autoware_auto_mapping_msgs/msg/detail/map_primitive__type_support.h
[31.078s] -- Installing: /root/r2ware/install/autoware_auto_mapping_msgs/include/autoware_auto_mapping_msgs/msg/detail/had_map_bin__functions.c
[31.078s] -- Installing: /root/r2ware/install/autoware_auto_mapping_msgs/include/autoware_auto_mapping_msgs/msg/detail/had_map_segment__type_support.h
[31.078s] -- Installing: /root/r2ware/install/autoware_auto_mapping_msgs/include/autoware_auto_mapping_msgs/msg/detail/had_map_segment__functions.h
[31.078s] -- Installing: /root/r2ware/install/autoware_auto_mapping_msgs/include/autoware_auto_mapping_msgs/msg/had_map_segment.h
[31.079s] -- Up-to-date: /root/r2ware/install/autoware_auto_mapping_msgs/include/autoware_auto_mapping_msgs/srv
[31.079s] -- Installing: /root/r2ware/install/autoware_auto_mapping_msgs/include/autoware_auto_mapping_msgs/srv/had_map_service.h
[31.079s] -- Up-to-date: /root/r2ware/install/autoware_auto_mapping_msgs/include/autoware_auto_mapping_msgs/srv/detail
[31.079s] -- Installing: /root/r2ware/install/autoware_auto_mapping_msgs/include/autoware_auto_mapping_msgs/srv/detail/had_map_service__type_support.h
[31.080s] -- Installing: /root/r2ware/install/autoware_auto_mapping_msgs/include/autoware_auto_mapping_msgs/srv/detail/had_map_service__functions.c
[31.080s] -- Installing: /root/r2ware/install/autoware_auto_mapping_msgs/include/autoware_auto_mapping_msgs/srv/detail/had_map_service__functions.h
[31.080s] -- Installing: /root/r2ware/install/autoware_auto_mapping_msgs/include/autoware_auto_mapping_msgs/srv/detail/had_map_service__struct.h
[31.082s] -- Up-to-date: /root/r2ware/install/autoware_auto_mapping_msgs/share/autoware_auto_mapping_msgs/environment/library_path.sh
[31.082s] -- Installing: /root/r2ware/install/autoware_auto_mapping_msgs/share/autoware_auto_mapping_msgs/environment/library_path.dsv
[31.082s] -- Installing: /root/r2ware/install/autoware_auto_mapping_msgs/lib/libautoware_auto_mapping_msgs__rosidl_generator_c.so
[31.083s] -- Set runtime path of "/root/r2ware/install/autoware_auto_mapping_msgs/lib/libautoware_auto_mapping_msgs__rosidl_generator_c.so" to ""
[31.083s] -- Up-to-date: /root/r2ware/install/autoware_auto_mapping_msgs/include/autoware_auto_mapping_msgs
[31.084s] -- Up-to-date: /root/r2ware/install/autoware_auto_mapping_msgs/include/autoware_auto_mapping_msgs/msg
[31.084s] -- Up-to-date: /root/r2ware/install/autoware_auto_mapping_msgs/include/autoware_auto_mapping_msgs/msg/rosidl_typesupport_fastrtps_c__visibility_control.h
[31.084s] -- Up-to-date: /root/r2ware/install/autoware_auto_mapping_msgs/include/autoware_auto_mapping_msgs/msg/detail
[31.084s] -- Installing: /root/r2ware/install/autoware_auto_mapping_msgs/include/autoware_auto_mapping_msgs/msg/detail/had_map_segment__rosidl_typesupport_fastrtps_c.h
[31.085s] -- Installing: /root/r2ware/install/autoware_auto_mapping_msgs/include/autoware_auto_mapping_msgs/msg/detail/had_map_bin__rosidl_typesupport_fastrtps_c.h
[31.085s] -- Installing: /root/r2ware/install/autoware_auto_mapping_msgs/include/autoware_auto_mapping_msgs/msg/detail/map_primitive__rosidl_typesupport_fastrtps_c.h
[31.085s] -- Up-to-date: /root/r2ware/install/autoware_auto_mapping_msgs/include/autoware_auto_mapping_msgs/srv
[31.086s] -- Up-to-date: /root/r2ware/install/autoware_auto_mapping_msgs/include/autoware_auto_mapping_msgs/srv/detail
[31.086s] -- Installing: /root/r2ware/install/autoware_auto_mapping_msgs/include/autoware_auto_mapping_msgs/srv/detail/had_map_service__rosidl_typesupport_fastrtps_c.h
[31.086s] -- Installing: /root/r2ware/install/autoware_auto_mapping_msgs/lib/libautoware_auto_mapping_msgs__rosidl_typesupport_fastrtps_c.so
[31.087s] -- Set runtime path of "/root/r2ware/install/autoware_auto_mapping_msgs/lib/libautoware_auto_mapping_msgs__rosidl_typesupport_fastrtps_c.so" to ""
[31.087s] -- Up-to-date: /root/r2ware/install/autoware_auto_mapping_msgs/include/autoware_auto_mapping_msgs
[31.087s] -- Up-to-date: /root/r2ware/install/autoware_auto_mapping_msgs/include/autoware_auto_mapping_msgs/msg
[31.088s] -- Up-to-date: /root/r2ware/install/autoware_auto_mapping_msgs/include/autoware_auto_mapping_msgs/msg/rosidl_typesupport_fastrtps_cpp__visibility_control.h
[31.088s] -- Up-to-date: /root/r2ware/install/autoware_auto_mapping_msgs/include/autoware_auto_mapping_msgs/msg/detail
[31.088s] -- Installing: /root/r2ware/install/autoware_auto_mapping_msgs/include/autoware_auto_mapping_msgs/msg/detail/had_map_bin__rosidl_typesupport_fastrtps_cpp.hpp
[31.088s] -- Up-to-date: /root/r2ware/install/autoware_auto_mapping_msgs/include/autoware_auto_mapping_msgs/msg/detail/dds_fastrtps
[31.089s] -- Installing: /root/r2ware/install/autoware_auto_mapping_msgs/include/autoware_auto_mapping_msgs/msg/detail/map_primitive__rosidl_typesupport_fastrtps_cpp.hpp
[31.089s] -- Installing: /root/r2ware/install/autoware_auto_mapping_msgs/include/autoware_auto_mapping_msgs/msg/detail/had_map_segment__rosidl_typesupport_fastrtps_cpp.hpp
[31.089s] -- Up-to-date: /root/r2ware/install/autoware_auto_mapping_msgs/include/autoware_auto_mapping_msgs/srv
[31.089s] -- Up-to-date: /root/r2ware/install/autoware_auto_mapping_msgs/include/autoware_auto_mapping_msgs/srv/detail
[31.089s] -- Up-to-date: /root/r2ware/install/autoware_auto_mapping_msgs/include/autoware_auto_mapping_msgs/srv/detail/dds_fastrtps
[31.089s] -- Installing: /root/r2ware/install/autoware_auto_mapping_msgs/include/autoware_auto_mapping_msgs/srv/detail/had_map_service__rosidl_typesupport_fastrtps_cpp.hpp
[31.092s] -- Installing: /root/r2ware/install/autoware_auto_mapping_msgs/lib/libautoware_auto_mapping_msgs__rosidl_typesupport_fastrtps_cpp.so
[31.094s] -- Set runtime path of "/root/r2ware/install/autoware_auto_mapping_msgs/lib/libautoware_auto_mapping_msgs__rosidl_typesupport_fastrtps_cpp.so" to ""
[31.094s] -- Up-to-date: /root/r2ware/install/autoware_auto_mapping_msgs/include/autoware_auto_mapping_msgs
[31.095s] -- Up-to-date: /root/r2ware/install/autoware_auto_mapping_msgs/include/autoware_auto_mapping_msgs/msg
[31.098s] -- Up-to-date: /root/r2ware/install/autoware_auto_mapping_msgs/include/autoware_auto_mapping_msgs/msg/rosidl_typesupport_introspection_c__visibility_control.h
[31.098s] -- Up-to-date: /root/r2ware/install/autoware_auto_mapping_msgs/include/autoware_auto_mapping_msgs/msg/detail
[31.099s] -- Installing: /root/r2ware/install/autoware_auto_mapping_msgs/include/autoware_auto_mapping_msgs/msg/detail/had_map_segment__rosidl_typesupport_introspection_c.h
[31.099s] -- Installing: /root/r2ware/install/autoware_auto_mapping_msgs/include/autoware_auto_mapping_msgs/msg/detail/had_map_bin__rosidl_typesupport_introspection_c.h
[31.099s] -- Installing: /root/r2ware/install/autoware_auto_mapping_msgs/include/autoware_auto_mapping_msgs/msg/detail/map_primitive__type_support.c
[31.099s] -- Installing: /root/r2ware/install/autoware_auto_mapping_msgs/include/autoware_auto_mapping_msgs/msg/detail/had_map_bin__type_support.c
[31.099s] -- Installing: /root/r2ware/install/autoware_auto_mapping_msgs/include/autoware_auto_mapping_msgs/msg/detail/had_map_segment__type_support.c
[31.100s] -- Installing: /root/r2ware/install/autoware_auto_mapping_msgs/include/autoware_auto_mapping_msgs/msg/detail/map_primitive__rosidl_typesupport_introspection_c.h
[31.100s] -- Up-to-date: /root/r2ware/install/autoware_auto_mapping_msgs/include/autoware_auto_mapping_msgs/srv
[31.100s] -- Up-to-date: /root/r2ware/install/autoware_auto_mapping_msgs/include/autoware_auto_mapping_msgs/srv/detail
[31.101s] -- Installing: /root/r2ware/install/autoware_auto_mapping_msgs/include/autoware_auto_mapping_msgs/srv/detail/had_map_service__type_support.c
[31.101s] -- Installing: /root/r2ware/install/autoware_auto_mapping_msgs/include/autoware_auto_mapping_msgs/srv/detail/had_map_service__rosidl_typesupport_introspection_c.h
[31.101s] -- Installing: /root/r2ware/install/autoware_auto_mapping_msgs/lib/libautoware_auto_mapping_msgs__rosidl_typesupport_introspection_c.so
[31.101s] -- Set runtime path of "/root/r2ware/install/autoware_auto_mapping_msgs/lib/libautoware_auto_mapping_msgs__rosidl_typesupport_introspection_c.so" to ""
[31.103s] -- Installing: /root/r2ware/install/autoware_auto_mapping_msgs/lib/libautoware_auto_mapping_msgs__rosidl_typesupport_c.so
[31.104s] -- Set runtime path of "/root/r2ware/install/autoware_auto_mapping_msgs/lib/libautoware_auto_mapping_msgs__rosidl_typesupport_c.so" to ""
[31.104s] -- Up-to-date: /root/r2ware/install/autoware_auto_mapping_msgs/include/autoware_auto_mapping_msgs
[31.104s] -- Up-to-date: /root/r2ware/install/autoware_auto_mapping_msgs/include/autoware_auto_mapping_msgs/msg
[31.115s] -- Installing: /root/r2ware/install/autoware_auto_mapping_msgs/include/autoware_auto_mapping_msgs/msg/had_map_segment.hpp
[31.116s] -- Installing: /root/r2ware/install/autoware_auto_mapping_msgs/include/autoware_auto_mapping_msgs/msg/map_primitive.hpp
[31.116s] -- Up-to-date: /root/r2ware/install/autoware_auto_mapping_msgs/include/autoware_auto_mapping_msgs/msg/detail
[31.116s] -- Installing: /root/r2ware/install/autoware_auto_mapping_msgs/include/autoware_auto_mapping_msgs/msg/detail/map_primitive__traits.hpp
[31.116s] -- Installing: /root/r2ware/install/autoware_auto_mapping_msgs/include/autoware_auto_mapping_msgs/msg/detail/had_map_segment__traits.hpp
[31.117s] -- Installing: /root/r2ware/install/autoware_auto_mapping_msgs/include/autoware_auto_mapping_msgs/msg/detail/had_map_bin__traits.hpp
[31.117s] -- Installing: /root/r2ware/install/autoware_auto_mapping_msgs/include/autoware_auto_mapping_msgs/msg/detail/had_map_bin__struct.hpp
[31.117s] -- Installing: /root/r2ware/install/autoware_auto_mapping_msgs/include/autoware_auto_mapping_msgs/msg/detail/had_map_segment__builder.hpp
[31.117s] -- Installing: /root/r2ware/install/autoware_auto_mapping_msgs/include/autoware_auto_mapping_msgs/msg/detail/had_map_segment__struct.hpp
[31.117s] -- Installing: /root/r2ware/install/autoware_auto_mapping_msgs/include/autoware_auto_mapping_msgs/msg/detail/had_map_bin__builder.hpp
[31.117s] -- Installing: /root/r2ware/install/autoware_auto_mapping_msgs/include/autoware_auto_mapping_msgs/msg/detail/map_primitive__builder.hpp
[31.117s] -- Installing: /root/r2ware/install/autoware_auto_mapping_msgs/include/autoware_auto_mapping_msgs/msg/detail/map_primitive__struct.hpp
[31.117s] -- Installing: /root/r2ware/install/autoware_auto_mapping_msgs/include/autoware_auto_mapping_msgs/msg/had_map_bin.hpp
[31.118s] -- Up-to-date: /root/r2ware/install/autoware_auto_mapping_msgs/include/autoware_auto_mapping_msgs/srv
[31.118s] -- Installing: /root/r2ware/install/autoware_auto_mapping_msgs/include/autoware_auto_mapping_msgs/srv/had_map_service.hpp
[31.118s] -- Up-to-date: /root/r2ware/install/autoware_auto_mapping_msgs/include/autoware_auto_mapping_msgs/srv/detail
[31.118s] -- Installing: /root/r2ware/install/autoware_auto_mapping_msgs/include/autoware_auto_mapping_msgs/srv/detail/had_map_service__builder.hpp
[31.118s] -- Installing: /root/r2ware/install/autoware_auto_mapping_msgs/include/autoware_auto_mapping_msgs/srv/detail/had_map_service__struct.hpp
[31.118s] -- Installing: /root/r2ware/install/autoware_auto_mapping_msgs/include/autoware_auto_mapping_msgs/srv/detail/had_map_service__traits.hpp
[31.118s] -- Up-to-date: /root/r2ware/install/autoware_auto_mapping_msgs/include/autoware_auto_mapping_msgs
[31.118s] -- Up-to-date: /root/r2ware/install/autoware_auto_mapping_msgs/include/autoware_auto_mapping_msgs/msg
[31.119s] -- Up-to-date: /root/r2ware/install/autoware_auto_mapping_msgs/include/autoware_auto_mapping_msgs/msg/detail
[31.119s] -- Installing: /root/r2ware/install/autoware_auto_mapping_msgs/include/autoware_auto_mapping_msgs/msg/detail/map_primitive__type_support.cpp
[31.119s] -- Installing: /root/r2ware/install/autoware_auto_mapping_msgs/include/autoware_auto_mapping_msgs/msg/detail/map_primitive__rosidl_typesupport_introspection_cpp.hpp
[31.119s] -- Installing: /root/r2ware/install/autoware_auto_mapping_msgs/include/autoware_auto_mapping_msgs/msg/detail/had_map_bin__type_support.cpp
[31.119s] -- Installing: /root/r2ware/install/autoware_auto_mapping_msgs/include/autoware_auto_mapping_msgs/msg/detail/had_map_segment__rosidl_typesupport_introspection_cpp.hpp
[31.119s] -- Installing: /root/r2ware/install/autoware_auto_mapping_msgs/include/autoware_auto_mapping_msgs/msg/detail/had_map_bin__rosidl_typesupport_introspection_cpp.hpp
[31.123s] -- Installing: /root/r2ware/install/autoware_auto_mapping_msgs/include/autoware_auto_mapping_msgs/msg/detail/had_map_segment__type_support.cpp
[31.124s] -- Up-to-date: /root/r2ware/install/autoware_auto_mapping_msgs/include/autoware_auto_mapping_msgs/srv
[31.124s] -- Up-to-date: /root/r2ware/install/autoware_auto_mapping_msgs/include/autoware_auto_mapping_msgs/srv/detail
[31.124s] -- Installing: /root/r2ware/install/autoware_auto_mapping_msgs/include/autoware_auto_mapping_msgs/srv/detail/had_map_service__rosidl_typesupport_introspection_cpp.hpp
[31.125s] -- Installing: /root/r2ware/install/autoware_auto_mapping_msgs/include/autoware_auto_mapping_msgs/srv/detail/had_map_service__type_support.cpp
[31.125s] -- Installing: /root/r2ware/install/autoware_auto_mapping_msgs/lib/libautoware_auto_mapping_msgs__rosidl_typesupport_introspection_cpp.so
[31.125s] -- Set runtime path of "/root/r2ware/install/autoware_auto_mapping_msgs/lib/libautoware_auto_mapping_msgs__rosidl_typesupport_introspection_cpp.so" to ""
[31.125s] -- Installing: /root/r2ware/install/autoware_auto_mapping_msgs/lib/libautoware_auto_mapping_msgs__rosidl_typesupport_cpp.so
[31.125s] -- Set runtime path of "/root/r2ware/install/autoware_auto_mapping_msgs/lib/libautoware_auto_mapping_msgs__rosidl_typesupport_cpp.so" to ""
[31.126s] -- Up-to-date: /root/r2ware/install/autoware_auto_mapping_msgs/share/autoware_auto_mapping_msgs/environment/pythonpath.sh
[31.126s] -- Installing: /root/r2ware/install/autoware_auto_mapping_msgs/share/autoware_auto_mapping_msgs/environment/pythonpath.dsv
[31.126s] -- Installing: /root/r2ware/install/autoware_auto_mapping_msgs/lib/python3.8/site-packages/autoware_auto_mapping_msgs/__init__.py
[31.243s] Compiling '/root/r2ware/install/autoware_auto_mapping_msgs/lib/python3.8/site-packages/autoware_auto_mapping_msgs/__init__.py'...
[31.252s] -- Up-to-date: /root/r2ware/install/autoware_auto_mapping_msgs/lib/python3.8/site-packages/autoware_auto_mapping_msgs/msg
[31.252s] -- Installing: /root/r2ware/install/autoware_auto_mapping_msgs/lib/python3.8/site-packages/autoware_auto_mapping_msgs/msg/_map_primitive.py
[31.253s] -- Installing: /root/r2ware/install/autoware_auto_mapping_msgs/lib/python3.8/site-packages/autoware_auto_mapping_msgs/msg/__init__.py
[31.253s] -- Installing: /root/r2ware/install/autoware_auto_mapping_msgs/lib/python3.8/site-packages/autoware_auto_mapping_msgs/msg/_had_map_bin_s.c
[31.253s] -- Installing: /root/r2ware/install/autoware_auto_mapping_msgs/lib/python3.8/site-packages/autoware_auto_mapping_msgs/msg/_map_primitive_s.c
[31.253s] -- Installing: /root/r2ware/install/autoware_auto_mapping_msgs/lib/python3.8/site-packages/autoware_auto_mapping_msgs/msg/_had_map_segment_s.c
[31.253s] -- Installing: /root/r2ware/install/autoware_auto_mapping_msgs/lib/python3.8/site-packages/autoware_auto_mapping_msgs/msg/_had_map_bin.py
[31.253s] -- Installing: /root/r2ware/install/autoware_auto_mapping_msgs/lib/python3.8/site-packages/autoware_auto_mapping_msgs/msg/_had_map_segment.py
[31.253s] -- Up-to-date: /root/r2ware/install/autoware_auto_mapping_msgs/lib/python3.8/site-packages/autoware_auto_mapping_msgs/srv
[31.253s] -- Installing: /root/r2ware/install/autoware_auto_mapping_msgs/lib/python3.8/site-packages/autoware_auto_mapping_msgs/srv/__init__.py
[31.254s] -- Installing: /root/r2ware/install/autoware_auto_mapping_msgs/lib/python3.8/site-packages/autoware_auto_mapping_msgs/srv/_had_map_service_s.c
[31.254s] -- Installing: /root/r2ware/install/autoware_auto_mapping_msgs/lib/python3.8/site-packages/autoware_auto_mapping_msgs/srv/_had_map_service.py
[31.254s] -- Installing: /root/r2ware/install/autoware_auto_mapping_msgs/lib/python3.8/site-packages/autoware_auto_mapping_msgs/autoware_auto_mapping_msgs_s__rosidl_typesupport_fastrtps_c.cpython-38-aarch64-linux-gnu.so
[31.254s] -- Set runtime path of "/root/r2ware/install/autoware_auto_mapping_msgs/lib/python3.8/site-packages/autoware_auto_mapping_msgs/autoware_auto_mapping_msgs_s__rosidl_typesupport_fastrtps_c.cpython-38-aarch64-linux-gnu.so" to ""
[31.254s] -- Installing: /root/r2ware/install/autoware_auto_mapping_msgs/lib/python3.8/site-packages/autoware_auto_mapping_msgs/autoware_auto_mapping_msgs_s__rosidl_typesupport_introspection_c.cpython-38-aarch64-linux-gnu.so
[31.260s] -- Set runtime path of "/root/r2ware/install/autoware_auto_mapping_msgs/lib/python3.8/site-packages/autoware_auto_mapping_msgs/autoware_auto_mapping_msgs_s__rosidl_typesupport_introspection_c.cpython-38-aarch64-linux-gnu.so" to ""
[31.261s] -- Installing: /root/r2ware/install/autoware_auto_mapping_msgs/lib/python3.8/site-packages/autoware_auto_mapping_msgs/autoware_auto_mapping_msgs_s__rosidl_typesupport_c.cpython-38-aarch64-linux-gnu.so
[31.261s] -- Set runtime path of "/root/r2ware/install/autoware_auto_mapping_msgs/lib/python3.8/site-packages/autoware_auto_mapping_msgs/autoware_auto_mapping_msgs_s__rosidl_typesupport_c.cpython-38-aarch64-linux-gnu.so" to ""
[31.261s] -- Installing: /root/r2ware/install/autoware_auto_mapping_msgs/lib/libautoware_auto_mapping_msgs__python.so
[31.261s] -- Set runtime path of "/root/r2ware/install/autoware_auto_mapping_msgs/lib/libautoware_auto_mapping_msgs__python.so" to ""
[31.261s] -- Installing: /root/r2ware/install/autoware_auto_mapping_msgs/share/autoware_auto_mapping_msgs/msg/HADMapBin.idl
[31.261s] -- Installing: /root/r2ware/install/autoware_auto_mapping_msgs/share/autoware_auto_mapping_msgs/msg/HADMapSegment.idl
[31.263s] -- Installing: /root/r2ware/install/autoware_auto_mapping_msgs/share/autoware_auto_mapping_msgs/msg/MapPrimitive.idl
[31.264s] -- Installing: /root/r2ware/install/autoware_auto_mapping_msgs/share/autoware_auto_mapping_msgs/srv/HADMapService.idl
[31.264s] -- Up-to-date: /root/r2ware/install/autoware_auto_mapping_msgs/share/ament_index/resource_index/package_run_dependencies/autoware_auto_mapping_msgs
[31.265s] -- Installing: /root/r2ware/install/autoware_auto_mapping_msgs/share/ament_index/resource_index/parent_prefix_path/autoware_auto_mapping_msgs
[31.265s] -- Up-to-date: /root/r2ware/install/autoware_auto_mapping_msgs/share/autoware_auto_mapping_msgs/environment/ament_prefix_path.sh
[31.265s] -- Installing: /root/r2ware/install/autoware_auto_mapping_msgs/share/autoware_auto_mapping_msgs/environment/ament_prefix_path.dsv
[31.265s] -- Up-to-date: /root/r2ware/install/autoware_auto_mapping_msgs/share/autoware_auto_mapping_msgs/environment/path.sh
[31.265s] -- Installing: /root/r2ware/install/autoware_auto_mapping_msgs/share/autoware_auto_mapping_msgs/environment/path.dsv
[31.265s] -- Up-to-date: /root/r2ware/install/autoware_auto_mapping_msgs/share/autoware_auto_mapping_msgs/local_setup.bash
[31.265s] -- Up-to-date: /root/r2ware/install/autoware_auto_mapping_msgs/share/autoware_auto_mapping_msgs/local_setup.sh
[31.266s] -- Up-to-date: /root/r2ware/install/autoware_auto_mapping_msgs/share/autoware_auto_mapping_msgs/local_setup.zsh
[31.266s] -- Installing: /root/r2ware/install/autoware_auto_mapping_msgs/share/autoware_auto_mapping_msgs/local_setup.dsv
[31.266s] -- Installing: /root/r2ware/install/autoware_auto_mapping_msgs/share/autoware_auto_mapping_msgs/package.dsv
[31.266s] -- Up-to-date: /root/r2ware/install/autoware_auto_mapping_msgs/share/ament_index/resource_index/packages/autoware_auto_mapping_msgs
[31.267s] -- Up-to-date: /root/r2ware/install/autoware_auto_mapping_msgs/share/autoware_auto_mapping_msgs/cmake/autoware_auto_mapping_msgs__rosidl_generator_cExport.cmake
[31.267s] -- Installing: /root/r2ware/install/autoware_auto_mapping_msgs/share/autoware_auto_mapping_msgs/cmake/autoware_auto_mapping_msgs__rosidl_generator_cExport-noconfig.cmake
[31.269s] -- Up-to-date: /root/r2ware/install/autoware_auto_mapping_msgs/share/autoware_auto_mapping_msgs/cmake/autoware_auto_mapping_msgs__rosidl_typesupport_introspection_cExport.cmake
[31.277s] -- Installing: /root/r2ware/install/autoware_auto_mapping_msgs/share/autoware_auto_mapping_msgs/cmake/autoware_auto_mapping_msgs__rosidl_typesupport_introspection_cExport-noconfig.cmake
[31.278s] -- Up-to-date: /root/r2ware/install/autoware_auto_mapping_msgs/share/autoware_auto_mapping_msgs/cmake/autoware_auto_mapping_msgs__rosidl_typesupport_cExport.cmake
[31.279s] -- Installing: /root/r2ware/install/autoware_auto_mapping_msgs/share/autoware_auto_mapping_msgs/cmake/autoware_auto_mapping_msgs__rosidl_typesupport_cExport-noconfig.cmake
[31.279s] -- Up-to-date: /root/r2ware/install/autoware_auto_mapping_msgs/share/autoware_auto_mapping_msgs/cmake/autoware_auto_mapping_msgs__rosidl_generator_cppExport.cmake
[31.286s] -- Up-to-date: /root/r2ware/install/autoware_auto_mapping_msgs/share/autoware_auto_mapping_msgs/cmake/autoware_auto_mapping_msgs__rosidl_typesupport_introspection_cppExport.cmake
[31.287s] -- Installing: /root/r2ware/install/autoware_auto_mapping_msgs/share/autoware_auto_mapping_msgs/cmake/autoware_auto_mapping_msgs__rosidl_typesupport_introspection_cppExport-noconfig.cmake
[31.287s] -- Up-to-date: /root/r2ware/install/autoware_auto_mapping_msgs/share/autoware_auto_mapping_msgs/cmake/autoware_auto_mapping_msgs__rosidl_typesupport_cppExport.cmake
[31.287s] -- Installing: /root/r2ware/install/autoware_auto_mapping_msgs/share/autoware_auto_mapping_msgs/cmake/autoware_auto_mapping_msgs__rosidl_typesupport_cppExport-noconfig.cmake
[31.287s] -- Up-to-date: /root/r2ware/install/autoware_auto_mapping_msgs/share/autoware_auto_mapping_msgs/cmake/rosidl_cmake-extras.cmake
[31.287s] -- Up-to-date: /root/r2ware/install/autoware_auto_mapping_msgs/share/autoware_auto_mapping_msgs/cmake/ament_cmake_export_dependencies-extras.cmake
[31.287s] -- Up-to-date: /root/r2ware/install/autoware_auto_mapping_msgs/share/autoware_auto_mapping_msgs/cmake/ament_cmake_export_libraries-extras.cmake
[31.288s] -- Up-to-date: /root/r2ware/install/autoware_auto_mapping_msgs/share/autoware_auto_mapping_msgs/cmake/ament_cmake_export_targets-extras.cmake
[31.288s] -- Up-to-date: /root/r2ware/install/autoware_auto_mapping_msgs/share/autoware_auto_mapping_msgs/cmake/ament_cmake_export_include_directories-extras.cmake
[31.288s] -- Up-to-date: /root/r2ware/install/autoware_auto_mapping_msgs/share/autoware_auto_mapping_msgs/cmake/rosidl_cmake_export_typesupport_libraries-extras.cmake
[31.288s] -- Up-to-date: /root/r2ware/install/autoware_auto_mapping_msgs/share/autoware_auto_mapping_msgs/cmake/rosidl_cmake_export_typesupport_targets-extras.cmake
[31.288s] -- Up-to-date: /root/r2ware/install/autoware_auto_mapping_msgs/share/autoware_auto_mapping_msgs/cmake/autoware_auto_mapping_msgsConfig.cmake
[31.288s] -- Up-to-date: /root/r2ware/install/autoware_auto_mapping_msgs/share/autoware_auto_mapping_msgs/cmake/autoware_auto_mapping_msgsConfig-version.cmake
[31.288s] -- Installing: /root/r2ware/install/autoware_auto_mapping_msgs/share/autoware_auto_mapping_msgs/package.xml
[31.387s] Invoked command in '/root/r2ware/build/autoware_auto_mapping_msgs' returned '0': CMAKE_PREFIX_PATH=${CMAKE_PREFIX_PATH}:/root/yahboomcar_ros2_ws/yahboomcar_ws/install/yahboomcar_voice_ctrl:/root/yahboomcar_ros2_ws/yahboomcar_ws/install/yahboomcar_visual:/root/yahboomcar_ros2_ws/yahboomcar_ws/install/yahboomcar_nav:/root/yahboomcar_ros2_ws/yahboomcar_ws/install/yahboomcar_multi:/root/yahboomcar_ros2_ws/yahboomcar_ws/install/yahboomcar_mediapipe:/root/yahboomcar_ros2_ws/yahboomcar_ws/install/yahboomcar_linefollow:/root/yahboomcar_ros2_ws/yahboomcar_ws/install/yahboomcar_laser:/root/yahboomcar_ros2_ws/yahboomcar_ws/install/yahboomcar_description_x1:/root/yahboomcar_ros2_ws/yahboomcar_ws/install/yahboomcar_description:/root/yahboomcar_ros2_ws/yahboomcar_ws/install/yahboomcar_ctrl:/root/yahboomcar_ros2_ws/yahboomcar_ws/install/yahboomcar_bringup:/root/yahboomcar_ros2_ws/yahboomcar_ws/install/yahboomcar_astra:/root/yahboomcar_ros2_ws/yahboomcar_ws/install/yahboom_app_save_map:/root/yahboomcar_ros2_ws/yahboomcar_ws/install/robot_pose_publisher:/root/yahboomcar_ros2_ws/yahboomcar_ws/install/laserscan_to_point_pulisher:/opt/ros/foxy /usr/bin/cmake --install /root/r2ware/build/autoware_auto_mapping_msgs
