[0.143s] Invoking command in '/root/r2ware/build/autoware_map_msgs': CMAKE_PREFIX_PATH=${CMAKE_PREFIX_PATH}:/root/yahboomcar_ros2_ws/yahboomcar_ws/install/yahboomcar_voice_ctrl:/root/yahboomcar_ros2_ws/yahboomcar_ws/install/yahboomcar_visual:/root/yahboomcar_ros2_ws/yahboomcar_ws/install/yahboomcar_nav:/root/yahboomcar_ros2_ws/yahboomcar_ws/install/yahboomcar_multi:/root/yahboomcar_ros2_ws/yahboomcar_ws/install/yahboomcar_mediapipe:/root/yahboomcar_ros2_ws/yahboomcar_ws/install/yahboomcar_linefollow:/root/yahboomcar_ros2_ws/yahboomcar_ws/install/yahboomcar_laser:/root/yahboomcar_ros2_ws/yahboomcar_ws/install/yahboomcar_description_x1:/root/yahboomcar_ros2_ws/yahboomcar_ws/install/yahboomcar_description:/root/yahboomcar_ros2_ws/yahboomcar_ws/install/yahboomcar_ctrl:/root/yahboomcar_ros2_ws/yahboomcar_ws/install/yahboomcar_bringup:/root/yahboomcar_ros2_ws/yahboomcar_ws/install/yahboomcar_astra:/root/yahboomcar_ros2_ws/yahboomcar_ws/install/yahboom_app_save_map:/root/yahboomcar_ros2_ws/yahboomcar_ws/install/robot_pose_publisher:/root/yahboomcar_ros2_ws/yahboomcar_ws/install/laserscan_to_point_pulisher:/opt/ros/foxy /usr/bin/cmake /root/r2ware/src/autoware_dependencies/core/autoware_msgs/autoware_map_msgs -DCMAKE_INSTALL_PREFIX=/root/r2ware/install/autoware_map_msgs
[6.644s] -- The C compiler identification is GNU 9.4.0
[6.644s] -- The CXX compiler identification is GNU 9.4.0
[6.644s] -- Check for working C compiler: /usr/bin/cc
[6.644s] -- Check for working C compiler: /usr/bin/cc -- works
[6.644s] -- Detecting C compiler ABI info
[6.644s] -- Detecting C compiler ABI info - done
[6.645s] -- Detecting C compile features
[6.645s] -- Detecting C compile features - done
[6.645s] -- Check for working CXX compiler: /usr/bin/c++
[6.645s] -- Check for working CXX compiler: /usr/bin/c++ -- works
[6.645s] -- Detecting CXX compiler ABI info
[6.645s] -- Detecting CXX compiler ABI info - done
[6.645s] -- Detecting CXX compile features
[6.645s] -- Detecting CXX compile features - done
[6.646s] -- Found ament_cmake_auto: 0.9.11 (/opt/ros/foxy/share/ament_cmake_auto/cmake)
[6.646s] -- Found PythonInterp: /usr/bin/python3 (found suitable version "3.8.10", minimum required is "3") 
[6.646s] -- Using PYTHON_EXECUTABLE: /usr/bin/python3
[6.646s] -- Using all available rosidl_typesupport_c: rosidl_typesupport_fastrtps_c;rosidl_typesupport_introspection_c
[6.646s] -- Found rosidl_adapter: 1.3.0 (/opt/ros/foxy/share/rosidl_adapter/cmake)
[6.646s] -- Found OpenSSL: /usr/lib/aarch64-linux-gnu/libcrypto.so (found version "1.1.1f")  
[6.647s] -- Found FastRTPS: /opt/ros/foxy/include  
[6.647s] -- Using all available rosidl_typesupport_cpp: rosidl_typesupport_fastrtps_cpp;rosidl_typesupport_introspection_cpp
[6.647s] -- Found PythonInterp: /usr/bin/python3 (found version "3.8.10") 
[6.647s] -- Found ament_cmake_cppcheck: 0.9.7 (/opt/ros/foxy/share/ament_cmake_cppcheck/cmake)
[6.647s] -- Found ament_cmake_cpplint: 0.9.7 (/opt/ros/foxy/share/ament_cmake_cpplint/cmake)
[6.647s] -- Found ament_cmake_uncrustify: 0.9.7 (/opt/ros/foxy/share/ament_cmake_uncrustify/cmake)
[6.647s] -- Found ament_cmake_ros: 0.9.2 (/opt/ros/foxy/share/ament_cmake_ros/cmake)
[7.605s] -- Using all available rosidl_typesupport_c: rosidl_typesupport_fastrtps_c;rosidl_typesupport_introspection_c
[7.977s] -- Using all available rosidl_typesupport_cpp: rosidl_typesupport_fastrtps_cpp;rosidl_typesupport_introspection_cpp
[8.111s] -- Found PythonInterp: /usr/bin/python3 (found suitable version "3.8.10", minimum required is "3.5") 
[8.134s] -- Found python_cmake_module: 0.8.1 (/opt/ros/foxy/share/python_cmake_module/cmake)
[8.242s] -- Found PythonLibs: /usr/lib/aarch64-linux-gnu/libpython3.8.so (found suitable version "3.8.10", minimum required is "3.5") 
[8.243s] -- Using PYTHON_EXECUTABLE: /usr/bin/python3
[8.243s] -- Using PYTHON_INCLUDE_DIRS: /usr/include/python3.8
[8.244s] -- Using PYTHON_LIBRARIES: /usr/lib/aarch64-linux-gnu/libpython3.8.so
[8.363s] -- Found PythonExtra: .so  
[8.770s] -- Found ament_cmake_flake8: 0.9.7 (/opt/ros/foxy/share/ament_cmake_flake8/cmake)
[8.791s] -- Found ament_cmake_pep257: 0.9.7 (/opt/ros/foxy/share/ament_cmake_pep257/cmake)
[8.817s] -- Found ament_lint_auto: 0.9.7 (/opt/ros/foxy/share/ament_lint_auto/cmake)
[8.923s] -- Added test 'copyright' to check source files copyright and LICENSE
[8.926s] -- Added test 'lint_cmake' to check CMake code style
[8.930s] -- Added test 'xmllint' to check XML markup files
[8.951s] -- Configuring done
[9.146s] -- Generating done
[9.153s] -- Build files have been written to: /root/r2ware/build/autoware_map_msgs
[9.200s] Invoked command in '/root/r2ware/build/autoware_map_msgs' returned '0': CMAKE_PREFIX_PATH=${CMAKE_PREFIX_PATH}:/root/yahboomcar_ros2_ws/yahboomcar_ws/install/yahboomcar_voice_ctrl:/root/yahboomcar_ros2_ws/yahboomcar_ws/install/yahboomcar_visual:/root/yahboomcar_ros2_ws/yahboomcar_ws/install/yahboomcar_nav:/root/yahboomcar_ros2_ws/yahboomcar_ws/install/yahboomcar_multi:/root/yahboomcar_ros2_ws/yahboomcar_ws/install/yahboomcar_mediapipe:/root/yahboomcar_ros2_ws/yahboomcar_ws/install/yahboomcar_linefollow:/root/yahboomcar_ros2_ws/yahboomcar_ws/install/yahboomcar_laser:/root/yahboomcar_ros2_ws/yahboomcar_ws/install/yahboomcar_description_x1:/root/yahboomcar_ros2_ws/yahboomcar_ws/install/yahboomcar_description:/root/yahboomcar_ros2_ws/yahboomcar_ws/install/yahboomcar_ctrl:/root/yahboomcar_ros2_ws/yahboomcar_ws/install/yahboomcar_bringup:/root/yahboomcar_ros2_ws/yahboomcar_ws/install/yahboomcar_astra:/root/yahboomcar_ros2_ws/yahboomcar_ws/install/yahboom_app_save_map:/root/yahboomcar_ros2_ws/yahboomcar_ws/install/robot_pose_publisher:/root/yahboomcar_ros2_ws/yahboomcar_ws/install/laserscan_to_point_pulisher:/opt/ros/foxy /usr/bin/cmake /root/r2ware/src/autoware_dependencies/core/autoware_msgs/autoware_map_msgs -DCMAKE_INSTALL_PREFIX=/root/r2ware/install/autoware_map_msgs
[9.202s] Invoking command in '/root/r2ware/build/autoware_map_msgs': CMAKE_PREFIX_PATH=${CMAKE_PREFIX_PATH}:/root/yahboomcar_ros2_ws/yahboomcar_ws/install/yahboomcar_voice_ctrl:/root/yahboomcar_ros2_ws/yahboomcar_ws/install/yahboomcar_visual:/root/yahboomcar_ros2_ws/yahboomcar_ws/install/yahboomcar_nav:/root/yahboomcar_ros2_ws/yahboomcar_ws/install/yahboomcar_multi:/root/yahboomcar_ros2_ws/yahboomcar_ws/install/yahboomcar_mediapipe:/root/yahboomcar_ros2_ws/yahboomcar_ws/install/yahboomcar_linefollow:/root/yahboomcar_ros2_ws/yahboomcar_ws/install/yahboomcar_laser:/root/yahboomcar_ros2_ws/yahboomcar_ws/install/yahboomcar_description_x1:/root/yahboomcar_ros2_ws/yahboomcar_ws/install/yahboomcar_description:/root/yahboomcar_ros2_ws/yahboomcar_ws/install/yahboomcar_ctrl:/root/yahboomcar_ros2_ws/yahboomcar_ws/install/yahboomcar_bringup:/root/yahboomcar_ros2_ws/yahboomcar_ws/install/yahboomcar_astra:/root/yahboomcar_ros2_ws/yahboomcar_ws/install/yahboom_app_save_map:/root/yahboomcar_ros2_ws/yahboomcar_ws/install/robot_pose_publisher:/root/yahboomcar_ros2_ws/yahboomcar_ws/install/laserscan_to_point_pulisher:/opt/ros/foxy /usr/bin/cmake --build /root/r2ware/build/autoware_map_msgs -- -j8 -l8
[9.402s] [  1%] [34m[1mGenerating C code for ROS interfaces[0m
[13.611s] [35m[1mScanning dependencies of target autoware_map_msgs__rosidl_generator_c[0m
[13.691s] [  2%] [32mBuilding C object CMakeFiles/autoware_map_msgs__rosidl_generator_c.dir/rosidl_generator_c/autoware_map_msgs/msg/detail/area_info__functions.c.o[0m
[13.837s] [  3%] [32mBuilding C object CMakeFiles/autoware_map_msgs__rosidl_generator_c.dir/rosidl_generator_c/autoware_map_msgs/srv/detail/get_partial_point_cloud_map__functions.c.o[0m
[14.039s] [  4%] [32mBuilding C object CMakeFiles/autoware_map_msgs__rosidl_generator_c.dir/rosidl_generator_c/autoware_map_msgs/srv/detail/get_differential_point_cloud_map__functions.c.o[0m
[14.252s] [  5%] [32mBuilding C object CMakeFiles/autoware_map_msgs__rosidl_generator_c.dir/rosidl_generator_c/autoware_map_msgs/srv/detail/get_selected_point_cloud_map__functions.c.o[0m
[14.504s] [  6%] [32mBuilding C object CMakeFiles/autoware_map_msgs__rosidl_generator_c.dir/rosidl_generator_c/autoware_map_msgs/msg/detail/point_cloud_map_meta_data__functions.c.o[0m
[14.734s] [  7%] [32mBuilding C object CMakeFiles/autoware_map_msgs__rosidl_generator_c.dir/rosidl_generator_c/autoware_map_msgs/msg/detail/point_cloud_map_cell_meta_data_with_id__functions.c.o[0m
[14.886s] [  8%] [32mBuilding C object CMakeFiles/autoware_map_msgs__rosidl_generator_c.dir/rosidl_generator_c/autoware_map_msgs/msg/detail/point_cloud_map_cell_meta_data__functions.c.o[0m
[15.088s] [  9%] [32mBuilding C object CMakeFiles/autoware_map_msgs__rosidl_generator_c.dir/rosidl_generator_c/autoware_map_msgs/msg/detail/point_cloud_map_cell_with_id__functions.c.o[0m
[15.277s] [ 10%] [32mBuilding C object CMakeFiles/autoware_map_msgs__rosidl_generator_c.dir/rosidl_generator_c/autoware_map_msgs/msg/detail/lanelet_map_bin__functions.c.o[0m
[15.551s] [ 11%] [32m[1mLinking C shared library libautoware_map_msgs__rosidl_generator_c.so[0m
[15.746s] [ 11%] Built target autoware_map_msgs__rosidl_generator_c
[15.855s] [35m[1mScanning dependencies of target autoware_map_msgs__cpp[0m
[15.915s] [ 12%] [34m[1mGenerating C++ code for ROS interfaces[0m
[19.044s] [ 12%] Built target autoware_map_msgs__cpp
[19.102s] [ 13%] [34m[1mGenerating C type support dispatch for ROS interfaces[0m
[20.857s] [35m[1mScanning dependencies of target autoware_map_msgs__rosidl_typesupport_c[0m
[20.925s] [ 14%] [32mBuilding CXX object CMakeFiles/autoware_map_msgs__rosidl_typesupport_c.dir/rosidl_typesupport_c/autoware_map_msgs/msg/area_info__type_support.cpp.o[0m
[21.063s] [ 15%] [32mBuilding CXX object CMakeFiles/autoware_map_msgs__rosidl_typesupport_c.dir/rosidl_typesupport_c/autoware_map_msgs/msg/point_cloud_map_cell_meta_data__type_support.cpp.o[0m
[21.181s] [ 16%] [32mBuilding CXX object CMakeFiles/autoware_map_msgs__rosidl_typesupport_c.dir/rosidl_typesupport_c/autoware_map_msgs/msg/point_cloud_map_cell_meta_data_with_id__type_support.cpp.o[0m
[21.281s] [ 17%] [32mBuilding CXX object CMakeFiles/autoware_map_msgs__rosidl_typesupport_c.dir/rosidl_typesupport_c/autoware_map_msgs/msg/point_cloud_map_meta_data__type_support.cpp.o[0m
[21.377s] [ 18%] [32mBuilding CXX object CMakeFiles/autoware_map_msgs__rosidl_typesupport_c.dir/rosidl_typesupport_c/autoware_map_msgs/srv/get_partial_point_cloud_map__type_support.cpp.o[0m
[21.479s] [ 20%] [32mBuilding CXX object CMakeFiles/autoware_map_msgs__rosidl_typesupport_c.dir/rosidl_typesupport_c/autoware_map_msgs/srv/get_differential_point_cloud_map__type_support.cpp.o[0m
[21.587s] [ 21%] [32mBuilding CXX object CMakeFiles/autoware_map_msgs__rosidl_typesupport_c.dir/rosidl_typesupport_c/autoware_map_msgs/srv/get_selected_point_cloud_map__type_support.cpp.o[0m
[21.696s] [ 22%] [32mBuilding CXX object CMakeFiles/autoware_map_msgs__rosidl_typesupport_c.dir/rosidl_typesupport_c/autoware_map_msgs/msg/point_cloud_map_cell_with_id__type_support.cpp.o[0m
[21.792s] [ 23%] [32mBuilding CXX object CMakeFiles/autoware_map_msgs__rosidl_typesupport_c.dir/rosidl_typesupport_c/autoware_map_msgs/msg/lanelet_map_bin__type_support.cpp.o[0m
[21.885s] [ 24%] [32m[1mLinking CXX shared library libautoware_map_msgs__rosidl_typesupport_c.so[0m
[22.025s] [ 24%] Built target autoware_map_msgs__rosidl_typesupport_c
[22.084s] [ 25%] [34m[1mGenerating C++ type support dispatch for ROS interfaces[0m
[23.723s] [35m[1mScanning dependencies of target autoware_map_msgs__rosidl_typesupport_cpp[0m
[23.784s] [ 26%] [32mBuilding CXX object CMakeFiles/autoware_map_msgs__rosidl_typesupport_cpp.dir/rosidl_typesupport_cpp/autoware_map_msgs/msg/area_info__type_support.cpp.o[0m
[24.473s] [ 27%] [32mBuilding CXX object CMakeFiles/autoware_map_msgs__rosidl_typesupport_cpp.dir/rosidl_typesupport_cpp/autoware_map_msgs/msg/point_cloud_map_cell_meta_data_with_id__type_support.cpp.o[0m
[25.131s] [ 28%] [32mBuilding CXX object CMakeFiles/autoware_map_msgs__rosidl_typesupport_cpp.dir/rosidl_typesupport_cpp/autoware_map_msgs/msg/point_cloud_map_meta_data__type_support.cpp.o[0m
[25.813s] [ 29%] [32mBuilding CXX object CMakeFiles/autoware_map_msgs__rosidl_typesupport_cpp.dir/rosidl_typesupport_cpp/autoware_map_msgs/srv/get_partial_point_cloud_map__type_support.cpp.o[0m
[26.518s] [ 30%] [32mBuilding CXX object CMakeFiles/autoware_map_msgs__rosidl_typesupport_cpp.dir/rosidl_typesupport_cpp/autoware_map_msgs/srv/get_differential_point_cloud_map__type_support.cpp.o[0m
[27.228s] [ 31%] [32mBuilding CXX object CMakeFiles/autoware_map_msgs__rosidl_typesupport_cpp.dir/rosidl_typesupport_cpp/autoware_map_msgs/srv/get_selected_point_cloud_map__type_support.cpp.o[0m
[27.927s] [ 32%] [32mBuilding CXX object CMakeFiles/autoware_map_msgs__rosidl_typesupport_cpp.dir/rosidl_typesupport_cpp/autoware_map_msgs/msg/point_cloud_map_cell_meta_data__type_support.cpp.o[0m
[28.619s] [ 33%] [32mBuilding CXX object CMakeFiles/autoware_map_msgs__rosidl_typesupport_cpp.dir/rosidl_typesupport_cpp/autoware_map_msgs/msg/point_cloud_map_cell_with_id__type_support.cpp.o[0m
[29.309s] [ 34%] [32mBuilding CXX object CMakeFiles/autoware_map_msgs__rosidl_typesupport_cpp.dir/rosidl_typesupport_cpp/autoware_map_msgs/msg/lanelet_map_bin__type_support.cpp.o[0m
[30.007s] [ 35%] [32m[1mLinking CXX shared library libautoware_map_msgs__rosidl_typesupport_cpp.so[0m
[30.134s] [ 35%] Built target autoware_map_msgs__rosidl_typesupport_cpp
[30.174s] [ 36%] [34m[1mGenerating C++ introspection for ROS interfaces[0m
[32.176s] [35m[1mScanning dependencies of target autoware_map_msgs__rosidl_typesupport_introspection_cpp[0m
[32.239s] [ 37%] [32mBuilding CXX object CMakeFiles/autoware_map_msgs__rosidl_typesupport_introspection_cpp.dir/rosidl_typesupport_introspection_cpp/autoware_map_msgs/msg/detail/area_info__type_support.cpp.o[0m
[32.941s] [ 38%] [32mBuilding CXX object CMakeFiles/autoware_map_msgs__rosidl_typesupport_introspection_cpp.dir/rosidl_typesupport_introspection_cpp/autoware_map_msgs/msg/detail/point_cloud_map_meta_data__type_support.cpp.o[0m
[33.784s] [ 40%] [32mBuilding CXX object CMakeFiles/autoware_map_msgs__rosidl_typesupport_introspection_cpp.dir/rosidl_typesupport_introspection_cpp/autoware_map_msgs/srv/detail/get_partial_point_cloud_map__type_support.cpp.o[0m
[34.697s] [ 41%] [32mBuilding CXX object CMakeFiles/autoware_map_msgs__rosidl_typesupport_introspection_cpp.dir/rosidl_typesupport_introspection_cpp/autoware_map_msgs/srv/detail/get_differential_point_cloud_map__type_support.cpp.o[0m
[35.721s] [ 42%] [32mBuilding CXX object CMakeFiles/autoware_map_msgs__rosidl_typesupport_introspection_cpp.dir/rosidl_typesupport_introspection_cpp/autoware_map_msgs/srv/detail/get_selected_point_cloud_map__type_support.cpp.o[0m
[36.729s] [ 43%] [32mBuilding CXX object CMakeFiles/autoware_map_msgs__rosidl_typesupport_introspection_cpp.dir/rosidl_typesupport_introspection_cpp/autoware_map_msgs/msg/detail/point_cloud_map_cell_meta_data_with_id__type_support.cpp.o[0m
[37.433s] [ 44%] [32mBuilding CXX object CMakeFiles/autoware_map_msgs__rosidl_typesupport_introspection_cpp.dir/rosidl_typesupport_introspection_cpp/autoware_map_msgs/msg/detail/point_cloud_map_cell_meta_data__type_support.cpp.o[0m
[38.126s] [ 45%] [32mBuilding CXX object CMakeFiles/autoware_map_msgs__rosidl_typesupport_introspection_cpp.dir/rosidl_typesupport_introspection_cpp/autoware_map_msgs/msg/detail/point_cloud_map_cell_with_id__type_support.cpp.o[0m
[38.905s] [ 46%] [32mBuilding CXX object CMakeFiles/autoware_map_msgs__rosidl_typesupport_introspection_cpp.dir/rosidl_typesupport_introspection_cpp/autoware_map_msgs/msg/detail/lanelet_map_bin__type_support.cpp.o[0m
[39.697s] [ 47%] [32m[1mLinking CXX shared library libautoware_map_msgs__rosidl_typesupport_introspection_cpp.so[0m
[39.928s] [ 47%] Built target autoware_map_msgs__rosidl_typesupport_introspection_cpp
[39.967s] [ 48%] [34m[1mGenerating C++ type support for eProsima Fast-RTPS[0m
[42.104s] [35m[1mScanning dependencies of target autoware_map_msgs__rosidl_typesupport_fastrtps_cpp[0m
[42.184s] [ 49%] [32mBuilding CXX object CMakeFiles/autoware_map_msgs__rosidl_typesupport_fastrtps_cpp.dir/rosidl_typesupport_fastrtps_cpp/autoware_map_msgs/msg/detail/dds_fastrtps/area_info__type_support.cpp.o[0m
[43.184s] [ 50%] [32mBuilding CXX object CMakeFiles/autoware_map_msgs__rosidl_typesupport_fastrtps_cpp.dir/rosidl_typesupport_fastrtps_cpp/autoware_map_msgs/srv/detail/dds_fastrtps/get_partial_point_cloud_map__type_support.cpp.o[0m
[44.545s] [ 51%] [32mBuilding CXX object CMakeFiles/autoware_map_msgs__rosidl_typesupport_fastrtps_cpp.dir/rosidl_typesupport_fastrtps_cpp/autoware_map_msgs/srv/detail/dds_fastrtps/get_differential_point_cloud_map__type_support.cpp.o[0m
[45.943s] [ 52%] [32mBuilding CXX object CMakeFiles/autoware_map_msgs__rosidl_typesupport_fastrtps_cpp.dir/rosidl_typesupport_fastrtps_cpp/autoware_map_msgs/srv/detail/dds_fastrtps/get_selected_point_cloud_map__type_support.cpp.o[0m
[47.339s] [ 53%] [32mBuilding CXX object CMakeFiles/autoware_map_msgs__rosidl_typesupport_fastrtps_cpp.dir/rosidl_typesupport_fastrtps_cpp/autoware_map_msgs/msg/detail/dds_fastrtps/point_cloud_map_meta_data__type_support.cpp.o[0m
[48.463s] [ 54%] [32mBuilding CXX object CMakeFiles/autoware_map_msgs__rosidl_typesupport_fastrtps_cpp.dir/rosidl_typesupport_fastrtps_cpp/autoware_map_msgs/msg/detail/dds_fastrtps/point_cloud_map_cell_meta_data_with_id__type_support.cpp.o[0m
[49.477s] [ 55%] [32mBuilding CXX object CMakeFiles/autoware_map_msgs__rosidl_typesupport_fastrtps_cpp.dir/rosidl_typesupport_fastrtps_cpp/autoware_map_msgs/msg/detail/dds_fastrtps/point_cloud_map_cell_meta_data__type_support.cpp.o[0m
[50.478s] [ 56%] [32mBuilding CXX object CMakeFiles/autoware_map_msgs__rosidl_typesupport_fastrtps_cpp.dir/rosidl_typesupport_fastrtps_cpp/autoware_map_msgs/msg/detail/dds_fastrtps/point_cloud_map_cell_with_id__type_support.cpp.o[0m
[51.531s] [ 57%] [32mBuilding CXX object CMakeFiles/autoware_map_msgs__rosidl_typesupport_fastrtps_cpp.dir/rosidl_typesupport_fastrtps_cpp/autoware_map_msgs/msg/detail/dds_fastrtps/lanelet_map_bin__type_support.cpp.o[0m
[52.696s] [ 58%] [32m[1mLinking CXX shared library libautoware_map_msgs__rosidl_typesupport_fastrtps_cpp.so[0m
[52.965s] [ 58%] Built target autoware_map_msgs__rosidl_typesupport_fastrtps_cpp
[53.021s] [ 60%] [34m[1mGenerating C introspection for ROS interfaces[0m
[55.086s] [35m[1mScanning dependencies of target autoware_map_msgs__rosidl_typesupport_introspection_c[0m
[55.165s] [ 61%] [32mBuilding C object CMakeFiles/autoware_map_msgs__rosidl_typesupport_introspection_c.dir/rosidl_typesupport_introspection_c/autoware_map_msgs/msg/detail/area_info__type_support.c.o[0m
[55.291s] [ 62%] [32mBuilding C object CMakeFiles/autoware_map_msgs__rosidl_typesupport_introspection_c.dir/rosidl_typesupport_introspection_c/autoware_map_msgs/srv/detail/get_partial_point_cloud_map__type_support.c.o[0m
[55.413s] [ 63%] [32mBuilding C object CMakeFiles/autoware_map_msgs__rosidl_typesupport_introspection_c.dir/rosidl_typesupport_introspection_c/autoware_map_msgs/srv/detail/get_differential_point_cloud_map__type_support.c.o[0m
[55.530s] [ 64%] [32mBuilding C object CMakeFiles/autoware_map_msgs__rosidl_typesupport_introspection_c.dir/rosidl_typesupport_introspection_c/autoware_map_msgs/srv/detail/get_selected_point_cloud_map__type_support.c.o[0m
[55.661s] [ 65%] [32mBuilding C object CMakeFiles/autoware_map_msgs__rosidl_typesupport_introspection_c.dir/rosidl_typesupport_introspection_c/autoware_map_msgs/msg/detail/point_cloud_map_meta_data__type_support.c.o[0m
[55.777s] [ 66%] [32mBuilding C object CMakeFiles/autoware_map_msgs__rosidl_typesupport_introspection_c.dir/rosidl_typesupport_introspection_c/autoware_map_msgs/msg/detail/point_cloud_map_cell_meta_data_with_id__type_support.c.o[0m
[55.918s] [ 67%] [32mBuilding C object CMakeFiles/autoware_map_msgs__rosidl_typesupport_introspection_c.dir/rosidl_typesupport_introspection_c/autoware_map_msgs/msg/detail/point_cloud_map_cell_meta_data__type_support.c.o[0m
[56.023s] [ 68%] [32mBuilding C object CMakeFiles/autoware_map_msgs__rosidl_typesupport_introspection_c.dir/rosidl_typesupport_introspection_c/autoware_map_msgs/msg/detail/point_cloud_map_cell_with_id__type_support.c.o[0m
[56.145s] [ 69%] [32mBuilding C object CMakeFiles/autoware_map_msgs__rosidl_typesupport_introspection_c.dir/rosidl_typesupport_introspection_c/autoware_map_msgs/msg/detail/lanelet_map_bin__type_support.c.o[0m
[56.272s] [ 70%] [32m[1mLinking C shared library libautoware_map_msgs__rosidl_typesupport_introspection_c.so[0m
[56.390s] [ 70%] Built target autoware_map_msgs__rosidl_typesupport_introspection_c
[56.448s] [ 71%] [34m[1mGenerating C type support for eProsima Fast-RTPS[0m
[58.673s] [35m[1mScanning dependencies of target autoware_map_msgs__rosidl_typesupport_fastrtps_c[0m
[58.779s] [ 72%] [32mBuilding CXX object CMakeFiles/autoware_map_msgs__rosidl_typesupport_fastrtps_c.dir/rosidl_typesupport_fastrtps_c/autoware_map_msgs/msg/detail/area_info__type_support_c.cpp.o[0m
[59.682s] [ 73%] [32mBuilding CXX object CMakeFiles/autoware_map_msgs__rosidl_typesupport_fastrtps_c.dir/rosidl_typesupport_fastrtps_c/autoware_map_msgs/srv/detail/get_differential_point_cloud_map__type_support_c.cpp.o[0m
[60.640s] [ 74%] [32mBuilding CXX object CMakeFiles/autoware_map_msgs__rosidl_typesupport_fastrtps_c.dir/rosidl_typesupport_fastrtps_c/autoware_map_msgs/srv/detail/get_selected_point_cloud_map__type_support_c.cpp.o[0m
[61.607s] [ 75%] [32mBuilding CXX object CMakeFiles/autoware_map_msgs__rosidl_typesupport_fastrtps_c.dir/rosidl_typesupport_fastrtps_c/autoware_map_msgs/srv/detail/get_partial_point_cloud_map__type_support_c.cpp.o[0m
[62.530s] [ 76%] [32mBuilding CXX object CMakeFiles/autoware_map_msgs__rosidl_typesupport_fastrtps_c.dir/rosidl_typesupport_fastrtps_c/autoware_map_msgs/msg/detail/point_cloud_map_meta_data__type_support_c.cpp.o[0m
[63.439s] [ 77%] [32mBuilding CXX object CMakeFiles/autoware_map_msgs__rosidl_typesupport_fastrtps_c.dir/rosidl_typesupport_fastrtps_c/autoware_map_msgs/msg/detail/point_cloud_map_cell_meta_data_with_id__type_support_c.cpp.o[0m
[64.346s] [ 78%] [32mBuilding CXX object CMakeFiles/autoware_map_msgs__rosidl_typesupport_fastrtps_c.dir/rosidl_typesupport_fastrtps_c/autoware_map_msgs/msg/detail/point_cloud_map_cell_meta_data__type_support_c.cpp.o[0m
[65.221s] [ 80%] [32mBuilding CXX object CMakeFiles/autoware_map_msgs__rosidl_typesupport_fastrtps_c.dir/rosidl_typesupport_fastrtps_c/autoware_map_msgs/msg/detail/point_cloud_map_cell_with_id__type_support_c.cpp.o[0m
[66.109s] [ 81%] [32mBuilding CXX object CMakeFiles/autoware_map_msgs__rosidl_typesupport_fastrtps_c.dir/rosidl_typesupport_fastrtps_c/autoware_map_msgs/msg/detail/lanelet_map_bin__type_support_c.cpp.o[0m
[67.066s] [ 82%] [32m[1mLinking CXX shared library libautoware_map_msgs__rosidl_typesupport_fastrtps_c.so[0m
[67.330s] [ 82%] Built target autoware_map_msgs__rosidl_typesupport_fastrtps_c
[67.372s] [35m[1mScanning dependencies of target autoware_map_msgs[0m
[67.414s] [ 82%] Built target autoware_map_msgs
[67.455s] [35m[1mScanning dependencies of target autoware_map_msgs__py[0m
[67.499s] [ 83%] [34m[1mGenerating Python code for ROS interfaces[0m
[71.750s] [ 83%] Built target autoware_map_msgs__py
[71.789s] [35m[1mScanning dependencies of target autoware_map_msgs__python[0m
[71.879s] [ 84%] [32mBuilding C object CMakeFiles/autoware_map_msgs__python.dir/rosidl_generator_py/autoware_map_msgs/msg/_area_info_s.c.o[0m
[72.102s] [ 85%] [32mBuilding C object CMakeFiles/autoware_map_msgs__python.dir/rosidl_generator_py/autoware_map_msgs/srv/_get_differential_point_cloud_map_s.c.o[0m
[72.376s] [ 86%] [32mBuilding C object CMakeFiles/autoware_map_msgs__python.dir/rosidl_generator_py/autoware_map_msgs/srv/_get_selected_point_cloud_map_s.c.o[0m
[72.644s] [ 87%] [32mBuilding C object CMakeFiles/autoware_map_msgs__python.dir/rosidl_generator_py/autoware_map_msgs/srv/_get_partial_point_cloud_map_s.c.o[0m
[72.912s] [ 88%] [32mBuilding C object CMakeFiles/autoware_map_msgs__python.dir/rosidl_generator_py/autoware_map_msgs/msg/_point_cloud_map_meta_data_s.c.o[0m
[73.141s] [ 89%] [32mBuilding C object CMakeFiles/autoware_map_msgs__python.dir/rosidl_generator_py/autoware_map_msgs/msg/_point_cloud_map_cell_meta_data_with_id_s.c.o[0m
[73.379s] [ 90%] [32mBuilding C object CMakeFiles/autoware_map_msgs__python.dir/rosidl_generator_py/autoware_map_msgs/msg/_point_cloud_map_cell_meta_data_s.c.o[0m
[73.638s] [ 91%] [32mBuilding C object CMakeFiles/autoware_map_msgs__python.dir/rosidl_generator_py/autoware_map_msgs/msg/_point_cloud_map_cell_with_id_s.c.o[0m
[73.874s] [ 92%] [32mBuilding C object CMakeFiles/autoware_map_msgs__python.dir/rosidl_generator_py/autoware_map_msgs/msg/_lanelet_map_bin_s.c.o[0m
[74.117s] [ 93%] [32m[1mLinking C shared library rosidl_generator_py/autoware_map_msgs/libautoware_map_msgs__python.so[0m
[74.254s] [ 93%] Built target autoware_map_msgs__python
[74.293s] [35m[1mScanning dependencies of target autoware_map_msgs__rosidl_typesupport_introspection_c__pyext[0m
[74.351s] [ 94%] [32mBuilding C object CMakeFiles/autoware_map_msgs__rosidl_typesupport_introspection_c__pyext.dir/rosidl_generator_py/autoware_map_msgs/_autoware_map_msgs_s.ep.rosidl_typesupport_introspection_c.c.o[0m
[74.642s] [ 95%] [32m[1mLinking C shared library rosidl_generator_py/autoware_map_msgs/autoware_map_msgs_s__rosidl_typesupport_introspection_c.cpython-38-aarch64-linux-gnu.so[0m
[74.769s] [ 95%] Built target autoware_map_msgs__rosidl_typesupport_introspection_c__pyext
[74.806s] [35m[1mScanning dependencies of target autoware_map_msgs__rosidl_typesupport_c__pyext[0m
[74.872s] [ 96%] [32mBuilding C object CMakeFiles/autoware_map_msgs__rosidl_typesupport_c__pyext.dir/rosidl_generator_py/autoware_map_msgs/_autoware_map_msgs_s.ep.rosidl_typesupport_c.c.o[0m
[75.159s] [ 97%] [32m[1mLinking C shared library rosidl_generator_py/autoware_map_msgs/autoware_map_msgs_s__rosidl_typesupport_c.cpython-38-aarch64-linux-gnu.so[0m
[75.287s] [ 97%] Built target autoware_map_msgs__rosidl_typesupport_c__pyext
[75.323s] [35m[1mScanning dependencies of target autoware_map_msgs__rosidl_typesupport_fastrtps_c__pyext[0m
[75.385s] [ 98%] [32mBuilding C object CMakeFiles/autoware_map_msgs__rosidl_typesupport_fastrtps_c__pyext.dir/rosidl_generator_py/autoware_map_msgs/_autoware_map_msgs_s.ep.rosidl_typesupport_fastrtps_c.c.o[0m
[75.671s] [100%] [32m[1mLinking CXX shared library rosidl_generator_py/autoware_map_msgs/autoware_map_msgs_s__rosidl_typesupport_fastrtps_c.cpython-38-aarch64-linux-gnu.so[0m
[75.851s] [100%] Built target autoware_map_msgs__rosidl_typesupport_fastrtps_c__pyext
[75.906s] Invoked command in '/root/r2ware/build/autoware_map_msgs' returned '0': CMAKE_PREFIX_PATH=${CMAKE_PREFIX_PATH}:/root/yahboomcar_ros2_ws/yahboomcar_ws/install/yahboomcar_voice_ctrl:/root/yahboomcar_ros2_ws/yahboomcar_ws/install/yahboomcar_visual:/root/yahboomcar_ros2_ws/yahboomcar_ws/install/yahboomcar_nav:/root/yahboomcar_ros2_ws/yahboomcar_ws/install/yahboomcar_multi:/root/yahboomcar_ros2_ws/yahboomcar_ws/install/yahboomcar_mediapipe:/root/yahboomcar_ros2_ws/yahboomcar_ws/install/yahboomcar_linefollow:/root/yahboomcar_ros2_ws/yahboomcar_ws/install/yahboomcar_laser:/root/yahboomcar_ros2_ws/yahboomcar_ws/install/yahboomcar_description_x1:/root/yahboomcar_ros2_ws/yahboomcar_ws/install/yahboomcar_description:/root/yahboomcar_ros2_ws/yahboomcar_ws/install/yahboomcar_ctrl:/root/yahboomcar_ros2_ws/yahboomcar_ws/install/yahboomcar_bringup:/root/yahboomcar_ros2_ws/yahboomcar_ws/install/yahboomcar_astra:/root/yahboomcar_ros2_ws/yahboomcar_ws/install/yahboom_app_save_map:/root/yahboomcar_ros2_ws/yahboomcar_ws/install/robot_pose_publisher:/root/yahboomcar_ros2_ws/yahboomcar_ws/install/laserscan_to_point_pulisher:/opt/ros/foxy /usr/bin/cmake --build /root/r2ware/build/autoware_map_msgs -- -j8 -l8
[77.034s] Invoking command in '/root/r2ware/build/autoware_map_msgs': CMAKE_PREFIX_PATH=${CMAKE_PREFIX_PATH}:/root/yahboomcar_ros2_ws/yahboomcar_ws/install/yahboomcar_voice_ctrl:/root/yahboomcar_ros2_ws/yahboomcar_ws/install/yahboomcar_visual:/root/yahboomcar_ros2_ws/yahboomcar_ws/install/yahboomcar_nav:/root/yahboomcar_ros2_ws/yahboomcar_ws/install/yahboomcar_multi:/root/yahboomcar_ros2_ws/yahboomcar_ws/install/yahboomcar_mediapipe:/root/yahboomcar_ros2_ws/yahboomcar_ws/install/yahboomcar_linefollow:/root/yahboomcar_ros2_ws/yahboomcar_ws/install/yahboomcar_laser:/root/yahboomcar_ros2_ws/yahboomcar_ws/install/yahboomcar_description_x1:/root/yahboomcar_ros2_ws/yahboomcar_ws/install/yahboomcar_description:/root/yahboomcar_ros2_ws/yahboomcar_ws/install/yahboomcar_ctrl:/root/yahboomcar_ros2_ws/yahboomcar_ws/install/yahboomcar_bringup:/root/yahboomcar_ros2_ws/yahboomcar_ws/install/yahboomcar_astra:/root/yahboomcar_ros2_ws/yahboomcar_ws/install/yahboom_app_save_map:/root/yahboomcar_ros2_ws/yahboomcar_ws/install/robot_pose_publisher:/root/yahboomcar_ros2_ws/yahboomcar_ws/install/laserscan_to_point_pulisher:/opt/ros/foxy /usr/bin/cmake --install /root/r2ware/build/autoware_map_msgs
[77.795s] -- Install configuration: ""
[77.795s] -- Installing: /root/r2ware/install/autoware_map_msgs/share/ament_index/resource_index/rosidl_interfaces/autoware_map_msgs
[77.795s] -- Installing: /root/r2ware/install/autoware_map_msgs/include/autoware_map_msgs
[77.796s] -- Installing: /root/r2ware/install/autoware_map_msgs/include/autoware_map_msgs/msg
[77.797s] -- Installing: /root/r2ware/install/autoware_map_msgs/include/autoware_map_msgs/msg/point_cloud_map_cell_meta_data_with_id.h
[77.797s] -- Installing: /root/r2ware/install/autoware_map_msgs/include/autoware_map_msgs/msg/point_cloud_map_cell_meta_data.h
[77.797s] -- Installing: /root/r2ware/install/autoware_map_msgs/include/autoware_map_msgs/msg/rosidl_generator_c__visibility_control.h
[77.797s] -- Installing: /root/r2ware/install/autoware_map_msgs/include/autoware_map_msgs/msg/point_cloud_map_cell_with_id.h
[77.798s] -- Installing: /root/r2ware/install/autoware_map_msgs/include/autoware_map_msgs/msg/area_info.h
[77.798s] -- Installing: /root/r2ware/install/autoware_map_msgs/include/autoware_map_msgs/msg/detail
[77.798s] -- Installing: /root/r2ware/install/autoware_map_msgs/include/autoware_map_msgs/msg/detail/point_cloud_map_cell_meta_data_with_id__type_support.h
[77.798s] -- Installing: /root/r2ware/install/autoware_map_msgs/include/autoware_map_msgs/msg/detail/point_cloud_map_meta_data__functions.h
[77.798s] -- Installing: /root/r2ware/install/autoware_map_msgs/include/autoware_map_msgs/msg/detail/point_cloud_map_meta_data__functions.c
[77.798s] -- Installing: /root/r2ware/install/autoware_map_msgs/include/autoware_map_msgs/msg/detail/point_cloud_map_cell_with_id__type_support.h
[77.799s] -- Installing: /root/r2ware/install/autoware_map_msgs/include/autoware_map_msgs/msg/detail/point_cloud_map_meta_data__struct.h
[77.799s] -- Installing: /root/r2ware/install/autoware_map_msgs/include/autoware_map_msgs/msg/detail/point_cloud_map_cell_meta_data_with_id__functions.c
[77.799s] -- Installing: /root/r2ware/install/autoware_map_msgs/include/autoware_map_msgs/msg/detail/lanelet_map_bin__type_support.h
[77.799s] -- Installing: /root/r2ware/install/autoware_map_msgs/include/autoware_map_msgs/msg/detail/point_cloud_map_cell_with_id__functions.h
[77.799s] -- Installing: /root/r2ware/install/autoware_map_msgs/include/autoware_map_msgs/msg/detail/area_info__functions.h
[77.799s] -- Installing: /root/r2ware/install/autoware_map_msgs/include/autoware_map_msgs/msg/detail/point_cloud_map_meta_data__type_support.h
[77.799s] -- Installing: /root/r2ware/install/autoware_map_msgs/include/autoware_map_msgs/msg/detail/point_cloud_map_cell_meta_data_with_id__struct.h
[77.799s] -- Installing: /root/r2ware/install/autoware_map_msgs/include/autoware_map_msgs/msg/detail/point_cloud_map_cell_meta_data__struct.h
[77.800s] -- Installing: /root/r2ware/install/autoware_map_msgs/include/autoware_map_msgs/msg/detail/area_info__struct.h
[77.800s] -- Installing: /root/r2ware/install/autoware_map_msgs/include/autoware_map_msgs/msg/detail/area_info__functions.c
[77.800s] -- Installing: /root/r2ware/install/autoware_map_msgs/include/autoware_map_msgs/msg/detail/point_cloud_map_cell_meta_data__type_support.h
[77.800s] -- Installing: /root/r2ware/install/autoware_map_msgs/include/autoware_map_msgs/msg/detail/point_cloud_map_cell_meta_data_with_id__functions.h
[77.800s] -- Installing: /root/r2ware/install/autoware_map_msgs/include/autoware_map_msgs/msg/detail/area_info__type_support.h
[77.800s] -- Installing: /root/r2ware/install/autoware_map_msgs/include/autoware_map_msgs/msg/detail/lanelet_map_bin__struct.h
[77.808s] -- Installing: /root/r2ware/install/autoware_map_msgs/include/autoware_map_msgs/msg/detail/point_cloud_map_cell_meta_data__functions.c
[77.809s] -- Installing: /root/r2ware/install/autoware_map_msgs/include/autoware_map_msgs/msg/detail/lanelet_map_bin__functions.c
[77.810s] -- Installing: /root/r2ware/install/autoware_map_msgs/include/autoware_map_msgs/msg/detail/point_cloud_map_cell_with_id__functions.c
[77.810s] -- Installing: /root/r2ware/install/autoware_map_msgs/include/autoware_map_msgs/msg/detail/lanelet_map_bin__functions.h
[77.810s] -- Installing: /root/r2ware/install/autoware_map_msgs/include/autoware_map_msgs/msg/detail/point_cloud_map_cell_meta_data__functions.h
[77.811s] -- Installing: /root/r2ware/install/autoware_map_msgs/include/autoware_map_msgs/msg/detail/point_cloud_map_cell_with_id__struct.h
[77.811s] -- Installing: /root/r2ware/install/autoware_map_msgs/include/autoware_map_msgs/msg/point_cloud_map_meta_data.h
[77.811s] -- Installing: /root/r2ware/install/autoware_map_msgs/include/autoware_map_msgs/msg/lanelet_map_bin.h
[77.812s] -- Installing: /root/r2ware/install/autoware_map_msgs/include/autoware_map_msgs/srv
[77.812s] -- Installing: /root/r2ware/install/autoware_map_msgs/include/autoware_map_msgs/srv/get_partial_point_cloud_map.h
[77.813s] -- Installing: /root/r2ware/install/autoware_map_msgs/include/autoware_map_msgs/srv/detail
[77.813s] -- Installing: /root/r2ware/install/autoware_map_msgs/include/autoware_map_msgs/srv/detail/get_selected_point_cloud_map__type_support.h
[77.813s] -- Installing: /root/r2ware/install/autoware_map_msgs/include/autoware_map_msgs/srv/detail/get_partial_point_cloud_map__functions.c
[77.813s] -- Installing: /root/r2ware/install/autoware_map_msgs/include/autoware_map_msgs/srv/detail/get_differential_point_cloud_map__functions.h
[77.813s] -- Installing: /root/r2ware/install/autoware_map_msgs/include/autoware_map_msgs/srv/detail/get_selected_point_cloud_map__struct.h
[77.813s] -- Installing: /root/r2ware/install/autoware_map_msgs/include/autoware_map_msgs/srv/detail/get_partial_point_cloud_map__functions.h
[77.813s] -- Installing: /root/r2ware/install/autoware_map_msgs/include/autoware_map_msgs/srv/detail/get_selected_point_cloud_map__functions.h
[77.813s] -- Installing: /root/r2ware/install/autoware_map_msgs/include/autoware_map_msgs/srv/detail/get_differential_point_cloud_map__functions.c
[77.813s] -- Installing: /root/r2ware/install/autoware_map_msgs/include/autoware_map_msgs/srv/detail/get_partial_point_cloud_map__type_support.h
[77.814s] -- Installing: /root/r2ware/install/autoware_map_msgs/include/autoware_map_msgs/srv/detail/get_differential_point_cloud_map__type_support.h
[77.814s] -- Installing: /root/r2ware/install/autoware_map_msgs/include/autoware_map_msgs/srv/detail/get_differential_point_cloud_map__struct.h
[77.814s] -- Installing: /root/r2ware/install/autoware_map_msgs/include/autoware_map_msgs/srv/detail/get_partial_point_cloud_map__struct.h
[77.814s] -- Installing: /root/r2ware/install/autoware_map_msgs/include/autoware_map_msgs/srv/detail/get_selected_point_cloud_map__functions.c
[77.814s] -- Installing: /root/r2ware/install/autoware_map_msgs/include/autoware_map_msgs/srv/get_selected_point_cloud_map.h
[77.814s] -- Installing: /root/r2ware/install/autoware_map_msgs/include/autoware_map_msgs/srv/get_differential_point_cloud_map.h
[77.814s] -- Installing: /root/r2ware/install/autoware_map_msgs/share/autoware_map_msgs/environment/library_path.sh
[77.814s] -- Installing: /root/r2ware/install/autoware_map_msgs/share/autoware_map_msgs/environment/library_path.dsv
[77.815s] -- Installing: /root/r2ware/install/autoware_map_msgs/lib/libautoware_map_msgs__rosidl_generator_c.so
[77.815s] -- Set runtime path of "/root/r2ware/install/autoware_map_msgs/lib/libautoware_map_msgs__rosidl_generator_c.so" to ""
[77.815s] -- Up-to-date: /root/r2ware/install/autoware_map_msgs/include/autoware_map_msgs
[77.815s] -- Up-to-date: /root/r2ware/install/autoware_map_msgs/include/autoware_map_msgs/msg
[77.815s] -- Installing: /root/r2ware/install/autoware_map_msgs/include/autoware_map_msgs/msg/rosidl_typesupport_fastrtps_c__visibility_control.h
[77.815s] -- Up-to-date: /root/r2ware/install/autoware_map_msgs/include/autoware_map_msgs/msg/detail
[77.815s] -- Installing: /root/r2ware/install/autoware_map_msgs/include/autoware_map_msgs/msg/detail/point_cloud_map_cell_meta_data_with_id__rosidl_typesupport_fastrtps_c.h
[77.815s] -- Installing: /root/r2ware/install/autoware_map_msgs/include/autoware_map_msgs/msg/detail/lanelet_map_bin__rosidl_typesupport_fastrtps_c.h
[77.816s] -- Installing: /root/r2ware/install/autoware_map_msgs/include/autoware_map_msgs/msg/detail/area_info__rosidl_typesupport_fastrtps_c.h
[77.816s] -- Installing: /root/r2ware/install/autoware_map_msgs/include/autoware_map_msgs/msg/detail/point_cloud_map_meta_data__rosidl_typesupport_fastrtps_c.h
[77.816s] -- Installing: /root/r2ware/install/autoware_map_msgs/include/autoware_map_msgs/msg/detail/point_cloud_map_cell_meta_data__rosidl_typesupport_fastrtps_c.h
[77.816s] -- Installing: /root/r2ware/install/autoware_map_msgs/include/autoware_map_msgs/msg/detail/point_cloud_map_cell_with_id__rosidl_typesupport_fastrtps_c.h
[77.816s] -- Up-to-date: /root/r2ware/install/autoware_map_msgs/include/autoware_map_msgs/srv
[77.816s] -- Up-to-date: /root/r2ware/install/autoware_map_msgs/include/autoware_map_msgs/srv/detail
[77.816s] -- Installing: /root/r2ware/install/autoware_map_msgs/include/autoware_map_msgs/srv/detail/get_selected_point_cloud_map__rosidl_typesupport_fastrtps_c.h
[77.816s] -- Installing: /root/r2ware/install/autoware_map_msgs/include/autoware_map_msgs/srv/detail/get_differential_point_cloud_map__rosidl_typesupport_fastrtps_c.h
[77.817s] -- Installing: /root/r2ware/install/autoware_map_msgs/include/autoware_map_msgs/srv/detail/get_partial_point_cloud_map__rosidl_typesupport_fastrtps_c.h
[77.817s] -- Installing: /root/r2ware/install/autoware_map_msgs/lib/libautoware_map_msgs__rosidl_typesupport_fastrtps_c.so
[77.817s] -- Set runtime path of "/root/r2ware/install/autoware_map_msgs/lib/libautoware_map_msgs__rosidl_typesupport_fastrtps_c.so" to ""
[77.817s] -- Up-to-date: /root/r2ware/install/autoware_map_msgs/include/autoware_map_msgs
[77.817s] -- Up-to-date: /root/r2ware/install/autoware_map_msgs/include/autoware_map_msgs/msg
[77.817s] -- Installing: /root/r2ware/install/autoware_map_msgs/include/autoware_map_msgs/msg/rosidl_typesupport_fastrtps_cpp__visibility_control.h
[77.817s] -- Up-to-date: /root/r2ware/install/autoware_map_msgs/include/autoware_map_msgs/msg/detail
[77.817s] -- Installing: /root/r2ware/install/autoware_map_msgs/include/autoware_map_msgs/msg/detail/point_cloud_map_cell_meta_data_with_id__rosidl_typesupport_fastrtps_cpp.hpp
[77.817s] -- Installing: /root/r2ware/install/autoware_map_msgs/include/autoware_map_msgs/msg/detail/area_info__rosidl_typesupport_fastrtps_cpp.hpp
[77.818s] -- Installing: /root/r2ware/install/autoware_map_msgs/include/autoware_map_msgs/msg/detail/dds_fastrtps
[77.818s] -- Installing: /root/r2ware/install/autoware_map_msgs/include/autoware_map_msgs/msg/detail/point_cloud_map_meta_data__rosidl_typesupport_fastrtps_cpp.hpp
[77.818s] -- Installing: /root/r2ware/install/autoware_map_msgs/include/autoware_map_msgs/msg/detail/lanelet_map_bin__rosidl_typesupport_fastrtps_cpp.hpp
[77.818s] -- Installing: /root/r2ware/install/autoware_map_msgs/include/autoware_map_msgs/msg/detail/point_cloud_map_cell_meta_data__rosidl_typesupport_fastrtps_cpp.hpp
[77.818s] -- Installing: /root/r2ware/install/autoware_map_msgs/include/autoware_map_msgs/msg/detail/point_cloud_map_cell_with_id__rosidl_typesupport_fastrtps_cpp.hpp
[77.818s] -- Up-to-date: /root/r2ware/install/autoware_map_msgs/include/autoware_map_msgs/srv
[77.818s] -- Up-to-date: /root/r2ware/install/autoware_map_msgs/include/autoware_map_msgs/srv/detail
[77.818s] -- Installing: /root/r2ware/install/autoware_map_msgs/include/autoware_map_msgs/srv/detail/get_partial_point_cloud_map__rosidl_typesupport_fastrtps_cpp.hpp
[77.819s] -- Installing: /root/r2ware/install/autoware_map_msgs/include/autoware_map_msgs/srv/detail/get_selected_point_cloud_map__rosidl_typesupport_fastrtps_cpp.hpp
[77.819s] -- Installing: /root/r2ware/install/autoware_map_msgs/include/autoware_map_msgs/srv/detail/dds_fastrtps
[77.819s] -- Installing: /root/r2ware/install/autoware_map_msgs/include/autoware_map_msgs/srv/detail/get_differential_point_cloud_map__rosidl_typesupport_fastrtps_cpp.hpp
[77.819s] -- Installing: /root/r2ware/install/autoware_map_msgs/lib/libautoware_map_msgs__rosidl_typesupport_fastrtps_cpp.so
[77.819s] -- Set runtime path of "/root/r2ware/install/autoware_map_msgs/lib/libautoware_map_msgs__rosidl_typesupport_fastrtps_cpp.so" to ""
[77.819s] -- Up-to-date: /root/r2ware/install/autoware_map_msgs/include/autoware_map_msgs
[77.819s] -- Up-to-date: /root/r2ware/install/autoware_map_msgs/include/autoware_map_msgs/msg
[77.819s] -- Installing: /root/r2ware/install/autoware_map_msgs/include/autoware_map_msgs/msg/rosidl_typesupport_introspection_c__visibility_control.h
[77.819s] -- Up-to-date: /root/r2ware/install/autoware_map_msgs/include/autoware_map_msgs/msg/detail
[77.820s] -- Installing: /root/r2ware/install/autoware_map_msgs/include/autoware_map_msgs/msg/detail/point_cloud_map_cell_with_id__type_support.c
[77.820s] -- Installing: /root/r2ware/install/autoware_map_msgs/include/autoware_map_msgs/msg/detail/lanelet_map_bin__rosidl_typesupport_introspection_c.h
[77.820s] -- Installing: /root/r2ware/install/autoware_map_msgs/include/autoware_map_msgs/msg/detail/point_cloud_map_cell_meta_data_with_id__rosidl_typesupport_introspection_c.h
[77.820s] -- Installing: /root/r2ware/install/autoware_map_msgs/include/autoware_map_msgs/msg/detail/point_cloud_map_cell_meta_data__rosidl_typesupport_introspection_c.h
[77.820s] -- Installing: /root/r2ware/install/autoware_map_msgs/include/autoware_map_msgs/msg/detail/point_cloud_map_cell_meta_data__type_support.c
[77.820s] -- Installing: /root/r2ware/install/autoware_map_msgs/include/autoware_map_msgs/msg/detail/area_info__rosidl_typesupport_introspection_c.h
[77.820s] -- Installing: /root/r2ware/install/autoware_map_msgs/include/autoware_map_msgs/msg/detail/lanelet_map_bin__type_support.c
[77.820s] -- Installing: /root/r2ware/install/autoware_map_msgs/include/autoware_map_msgs/msg/detail/point_cloud_map_cell_with_id__rosidl_typesupport_introspection_c.h
[77.821s] -- Installing: /root/r2ware/install/autoware_map_msgs/include/autoware_map_msgs/msg/detail/point_cloud_map_meta_data__type_support.c
[77.821s] -- Installing: /root/r2ware/install/autoware_map_msgs/include/autoware_map_msgs/msg/detail/point_cloud_map_cell_meta_data_with_id__type_support.c
[77.821s] -- Installing: /root/r2ware/install/autoware_map_msgs/include/autoware_map_msgs/msg/detail/area_info__type_support.c
[77.821s] -- Installing: /root/r2ware/install/autoware_map_msgs/include/autoware_map_msgs/msg/detail/point_cloud_map_meta_data__rosidl_typesupport_introspection_c.h
[77.821s] -- Up-to-date: /root/r2ware/install/autoware_map_msgs/include/autoware_map_msgs/srv
[77.821s] -- Up-to-date: /root/r2ware/install/autoware_map_msgs/include/autoware_map_msgs/srv/detail
[77.821s] -- Installing: /root/r2ware/install/autoware_map_msgs/include/autoware_map_msgs/srv/detail/get_selected_point_cloud_map__type_support.c
[77.821s] -- Installing: /root/r2ware/install/autoware_map_msgs/include/autoware_map_msgs/srv/detail/get_differential_point_cloud_map__type_support.c
[77.822s] -- Installing: /root/r2ware/install/autoware_map_msgs/include/autoware_map_msgs/srv/detail/get_selected_point_cloud_map__rosidl_typesupport_introspection_c.h
[77.822s] -- Installing: /root/r2ware/install/autoware_map_msgs/include/autoware_map_msgs/srv/detail/get_differential_point_cloud_map__rosidl_typesupport_introspection_c.h
[77.822s] -- Installing: /root/r2ware/install/autoware_map_msgs/include/autoware_map_msgs/srv/detail/get_partial_point_cloud_map__rosidl_typesupport_introspection_c.h
[77.822s] -- Installing: /root/r2ware/install/autoware_map_msgs/include/autoware_map_msgs/srv/detail/get_partial_point_cloud_map__type_support.c
[77.822s] -- Installing: /root/r2ware/install/autoware_map_msgs/lib/libautoware_map_msgs__rosidl_typesupport_introspection_c.so
[77.822s] -- Set runtime path of "/root/r2ware/install/autoware_map_msgs/lib/libautoware_map_msgs__rosidl_typesupport_introspection_c.so" to ""
[77.822s] -- Installing: /root/r2ware/install/autoware_map_msgs/lib/libautoware_map_msgs__rosidl_typesupport_c.so
[77.822s] -- Set runtime path of "/root/r2ware/install/autoware_map_msgs/lib/libautoware_map_msgs__rosidl_typesupport_c.so" to ""
[77.822s] -- Up-to-date: /root/r2ware/install/autoware_map_msgs/include/autoware_map_msgs
[77.823s] -- Up-to-date: /root/r2ware/install/autoware_map_msgs/include/autoware_map_msgs/msg
[77.823s] -- Installing: /root/r2ware/install/autoware_map_msgs/include/autoware_map_msgs/msg/point_cloud_map_cell_with_id.hpp
[77.823s] -- Installing: /root/r2ware/install/autoware_map_msgs/include/autoware_map_msgs/msg/area_info.hpp
[77.823s] -- Installing: /root/r2ware/install/autoware_map_msgs/include/autoware_map_msgs/msg/lanelet_map_bin.hpp
[77.823s] -- Installing: /root/r2ware/install/autoware_map_msgs/include/autoware_map_msgs/msg/point_cloud_map_cell_meta_data_with_id.hpp
[77.823s] -- Installing: /root/r2ware/install/autoware_map_msgs/include/autoware_map_msgs/msg/point_cloud_map_meta_data.hpp
[77.823s] -- Up-to-date: /root/r2ware/install/autoware_map_msgs/include/autoware_map_msgs/msg/detail
[77.823s] -- Installing: /root/r2ware/install/autoware_map_msgs/include/autoware_map_msgs/msg/detail/point_cloud_map_cell_with_id__struct.hpp
[77.824s] -- Installing: /root/r2ware/install/autoware_map_msgs/include/autoware_map_msgs/msg/detail/lanelet_map_bin__struct.hpp
[77.824s] -- Installing: /root/r2ware/install/autoware_map_msgs/include/autoware_map_msgs/msg/detail/area_info__struct.hpp
[77.824s] -- Installing: /root/r2ware/install/autoware_map_msgs/include/autoware_map_msgs/msg/detail/point_cloud_map_cell_meta_data__struct.hpp
[77.824s] -- Installing: /root/r2ware/install/autoware_map_msgs/include/autoware_map_msgs/msg/detail/lanelet_map_bin__traits.hpp
[77.824s] -- Installing: /root/r2ware/install/autoware_map_msgs/include/autoware_map_msgs/msg/detail/area_info__traits.hpp
[77.830s] -- Installing: /root/r2ware/install/autoware_map_msgs/include/autoware_map_msgs/msg/detail/point_cloud_map_meta_data__builder.hpp
[77.831s] -- Installing: /root/r2ware/install/autoware_map_msgs/include/autoware_map_msgs/msg/detail/point_cloud_map_cell_meta_data_with_id__struct.hpp
[77.845s] -- Installing: /root/r2ware/install/autoware_map_msgs/include/autoware_map_msgs/msg/detail/point_cloud_map_cell_with_id__traits.hpp
[77.848s] -- Installing: /root/r2ware/install/autoware_map_msgs/include/autoware_map_msgs/msg/detail/point_cloud_map_cell_meta_data__builder.hpp
[77.849s] -- Installing: /root/r2ware/install/autoware_map_msgs/include/autoware_map_msgs/msg/detail/point_cloud_map_cell_meta_data_with_id__traits.hpp
[77.849s] -- Installing: /root/r2ware/install/autoware_map_msgs/include/autoware_map_msgs/msg/detail/lanelet_map_bin__builder.hpp
[77.850s] -- Installing: /root/r2ware/install/autoware_map_msgs/include/autoware_map_msgs/msg/detail/point_cloud_map_cell_meta_data__traits.hpp
[77.850s] -- Installing: /root/r2ware/install/autoware_map_msgs/include/autoware_map_msgs/msg/detail/point_cloud_map_cell_meta_data_with_id__builder.hpp
[77.850s] -- Installing: /root/r2ware/install/autoware_map_msgs/include/autoware_map_msgs/msg/detail/point_cloud_map_cell_with_id__builder.hpp
[77.850s] -- Installing: /root/r2ware/install/autoware_map_msgs/include/autoware_map_msgs/msg/detail/point_cloud_map_meta_data__traits.hpp
[77.851s] -- Installing: /root/r2ware/install/autoware_map_msgs/include/autoware_map_msgs/msg/detail/point_cloud_map_meta_data__struct.hpp
[77.851s] -- Installing: /root/r2ware/install/autoware_map_msgs/include/autoware_map_msgs/msg/detail/area_info__builder.hpp
[77.851s] -- Installing: /root/r2ware/install/autoware_map_msgs/include/autoware_map_msgs/msg/point_cloud_map_cell_meta_data.hpp
[77.851s] -- Up-to-date: /root/r2ware/install/autoware_map_msgs/include/autoware_map_msgs/srv
[77.852s] -- Installing: /root/r2ware/install/autoware_map_msgs/include/autoware_map_msgs/srv/get_partial_point_cloud_map.hpp
[77.852s] -- Installing: /root/r2ware/install/autoware_map_msgs/include/autoware_map_msgs/srv/get_differential_point_cloud_map.hpp
[77.852s] -- Up-to-date: /root/r2ware/install/autoware_map_msgs/include/autoware_map_msgs/srv/detail
[77.852s] -- Installing: /root/r2ware/install/autoware_map_msgs/include/autoware_map_msgs/srv/detail/get_partial_point_cloud_map__builder.hpp
[77.852s] -- Installing: /root/r2ware/install/autoware_map_msgs/include/autoware_map_msgs/srv/detail/get_selected_point_cloud_map__builder.hpp
[77.852s] -- Installing: /root/r2ware/install/autoware_map_msgs/include/autoware_map_msgs/srv/detail/get_differential_point_cloud_map__struct.hpp
[77.853s] -- Installing: /root/r2ware/install/autoware_map_msgs/include/autoware_map_msgs/srv/detail/get_selected_point_cloud_map__struct.hpp
[77.853s] -- Installing: /root/r2ware/install/autoware_map_msgs/include/autoware_map_msgs/srv/detail/get_differential_point_cloud_map__builder.hpp
[77.853s] -- Installing: /root/r2ware/install/autoware_map_msgs/include/autoware_map_msgs/srv/detail/get_partial_point_cloud_map__struct.hpp
[77.854s] -- Installing: /root/r2ware/install/autoware_map_msgs/include/autoware_map_msgs/srv/detail/get_partial_point_cloud_map__traits.hpp
[77.854s] -- Installing: /root/r2ware/install/autoware_map_msgs/include/autoware_map_msgs/srv/detail/get_selected_point_cloud_map__traits.hpp
[77.854s] -- Installing: /root/r2ware/install/autoware_map_msgs/include/autoware_map_msgs/srv/detail/get_differential_point_cloud_map__traits.hpp
[77.854s] -- Installing: /root/r2ware/install/autoware_map_msgs/include/autoware_map_msgs/srv/get_selected_point_cloud_map.hpp
[77.854s] -- Up-to-date: /root/r2ware/install/autoware_map_msgs/include/autoware_map_msgs
[77.854s] -- Up-to-date: /root/r2ware/install/autoware_map_msgs/include/autoware_map_msgs/msg
[77.855s] -- Up-to-date: /root/r2ware/install/autoware_map_msgs/include/autoware_map_msgs/msg/detail
[77.855s] -- Installing: /root/r2ware/install/autoware_map_msgs/include/autoware_map_msgs/msg/detail/point_cloud_map_cell_meta_data__type_support.cpp
[77.855s] -- Installing: /root/r2ware/install/autoware_map_msgs/include/autoware_map_msgs/msg/detail/point_cloud_map_meta_data__rosidl_typesupport_introspection_cpp.hpp
[77.855s] -- Installing: /root/r2ware/install/autoware_map_msgs/include/autoware_map_msgs/msg/detail/lanelet_map_bin__rosidl_typesupport_introspection_cpp.hpp
[77.855s] -- Installing: /root/r2ware/install/autoware_map_msgs/include/autoware_map_msgs/msg/detail/point_cloud_map_cell_with_id__type_support.cpp
[77.855s] -- Installing: /root/r2ware/install/autoware_map_msgs/include/autoware_map_msgs/msg/detail/point_cloud_map_cell_meta_data_with_id__type_support.cpp
[77.855s] -- Installing: /root/r2ware/install/autoware_map_msgs/include/autoware_map_msgs/msg/detail/point_cloud_map_cell_with_id__rosidl_typesupport_introspection_cpp.hpp
[77.855s] -- Installing: /root/r2ware/install/autoware_map_msgs/include/autoware_map_msgs/msg/detail/area_info__rosidl_typesupport_introspection_cpp.hpp
[77.856s] -- Installing: /root/r2ware/install/autoware_map_msgs/include/autoware_map_msgs/msg/detail/lanelet_map_bin__type_support.cpp
[77.856s] -- Installing: /root/r2ware/install/autoware_map_msgs/include/autoware_map_msgs/msg/detail/area_info__type_support.cpp
[77.856s] -- Installing: /root/r2ware/install/autoware_map_msgs/include/autoware_map_msgs/msg/detail/point_cloud_map_cell_meta_data__rosidl_typesupport_introspection_cpp.hpp
[77.856s] -- Installing: /root/r2ware/install/autoware_map_msgs/include/autoware_map_msgs/msg/detail/point_cloud_map_meta_data__type_support.cpp
[77.856s] -- Installing: /root/r2ware/install/autoware_map_msgs/include/autoware_map_msgs/msg/detail/point_cloud_map_cell_meta_data_with_id__rosidl_typesupport_introspection_cpp.hpp
[77.856s] -- Up-to-date: /root/r2ware/install/autoware_map_msgs/include/autoware_map_msgs/srv
[77.856s] -- Up-to-date: /root/r2ware/install/autoware_map_msgs/include/autoware_map_msgs/srv/detail
[77.856s] -- Installing: /root/r2ware/install/autoware_map_msgs/include/autoware_map_msgs/srv/detail/get_partial_point_cloud_map__type_support.cpp
[77.857s] -- Installing: /root/r2ware/install/autoware_map_msgs/include/autoware_map_msgs/srv/detail/get_selected_point_cloud_map__rosidl_typesupport_introspection_cpp.hpp
[77.857s] -- Installing: /root/r2ware/install/autoware_map_msgs/include/autoware_map_msgs/srv/detail/get_selected_point_cloud_map__type_support.cpp
[77.857s] -- Installing: /root/r2ware/install/autoware_map_msgs/include/autoware_map_msgs/srv/detail/get_partial_point_cloud_map__rosidl_typesupport_introspection_cpp.hpp
[77.857s] -- Installing: /root/r2ware/install/autoware_map_msgs/include/autoware_map_msgs/srv/detail/get_differential_point_cloud_map__type_support.cpp
[77.857s] -- Installing: /root/r2ware/install/autoware_map_msgs/include/autoware_map_msgs/srv/detail/get_differential_point_cloud_map__rosidl_typesupport_introspection_cpp.hpp
[77.857s] -- Installing: /root/r2ware/install/autoware_map_msgs/lib/libautoware_map_msgs__rosidl_typesupport_introspection_cpp.so
[77.857s] -- Set runtime path of "/root/r2ware/install/autoware_map_msgs/lib/libautoware_map_msgs__rosidl_typesupport_introspection_cpp.so" to ""
[77.858s] -- Installing: /root/r2ware/install/autoware_map_msgs/lib/libautoware_map_msgs__rosidl_typesupport_cpp.so
[77.858s] -- Set runtime path of "/root/r2ware/install/autoware_map_msgs/lib/libautoware_map_msgs__rosidl_typesupport_cpp.so" to ""
[77.858s] -- Installing: /root/r2ware/install/autoware_map_msgs/share/autoware_map_msgs/environment/pythonpath.sh
[77.858s] -- Installing: /root/r2ware/install/autoware_map_msgs/share/autoware_map_msgs/environment/pythonpath.dsv
[77.858s] -- Installing: /root/r2ware/install/autoware_map_msgs/lib/python3.8/site-packages/autoware_map_msgs/__init__.py
[77.916s] Compiling '/root/r2ware/install/autoware_map_msgs/lib/python3.8/site-packages/autoware_map_msgs/__init__.py'...
[77.930s] -- Installing: /root/r2ware/install/autoware_map_msgs/lib/python3.8/site-packages/autoware_map_msgs/msg
[77.931s] -- Installing: /root/r2ware/install/autoware_map_msgs/lib/python3.8/site-packages/autoware_map_msgs/msg/_point_cloud_map_meta_data.py
[77.932s] -- Installing: /root/r2ware/install/autoware_map_msgs/lib/python3.8/site-packages/autoware_map_msgs/msg/_point_cloud_map_cell_with_id_s.c
[77.932s] -- Installing: /root/r2ware/install/autoware_map_msgs/lib/python3.8/site-packages/autoware_map_msgs/msg/__init__.py
[77.933s] -- Installing: /root/r2ware/install/autoware_map_msgs/lib/python3.8/site-packages/autoware_map_msgs/msg/_area_info_s.c
[77.934s] -- Installing: /root/r2ware/install/autoware_map_msgs/lib/python3.8/site-packages/autoware_map_msgs/msg/_point_cloud_map_meta_data_s.c
[77.934s] -- Installing: /root/r2ware/install/autoware_map_msgs/lib/python3.8/site-packages/autoware_map_msgs/msg/_point_cloud_map_cell_meta_data_s.c
[77.935s] -- Installing: /root/r2ware/install/autoware_map_msgs/lib/python3.8/site-packages/autoware_map_msgs/msg/_lanelet_map_bin_s.c
[77.936s] -- Installing: /root/r2ware/install/autoware_map_msgs/lib/python3.8/site-packages/autoware_map_msgs/msg/_area_info.py
[77.937s] -- Installing: /root/r2ware/install/autoware_map_msgs/lib/python3.8/site-packages/autoware_map_msgs/msg/_point_cloud_map_cell_meta_data.py
[77.938s] -- Installing: /root/r2ware/install/autoware_map_msgs/lib/python3.8/site-packages/autoware_map_msgs/msg/_lanelet_map_bin.py
[77.938s] -- Installing: /root/r2ware/install/autoware_map_msgs/lib/python3.8/site-packages/autoware_map_msgs/msg/_point_cloud_map_cell_meta_data_with_id.py
[77.939s] -- Installing: /root/r2ware/install/autoware_map_msgs/lib/python3.8/site-packages/autoware_map_msgs/msg/_point_cloud_map_cell_meta_data_with_id_s.c
[77.939s] -- Installing: /root/r2ware/install/autoware_map_msgs/lib/python3.8/site-packages/autoware_map_msgs/msg/_point_cloud_map_cell_with_id.py
[77.941s] -- Installing: /root/r2ware/install/autoware_map_msgs/lib/python3.8/site-packages/autoware_map_msgs/srv
[77.942s] -- Installing: /root/r2ware/install/autoware_map_msgs/lib/python3.8/site-packages/autoware_map_msgs/srv/__init__.py
[77.942s] -- Installing: /root/r2ware/install/autoware_map_msgs/lib/python3.8/site-packages/autoware_map_msgs/srv/_get_differential_point_cloud_map_s.c
[77.943s] -- Installing: /root/r2ware/install/autoware_map_msgs/lib/python3.8/site-packages/autoware_map_msgs/srv/_get_partial_point_cloud_map.py
[77.944s] -- Installing: /root/r2ware/install/autoware_map_msgs/lib/python3.8/site-packages/autoware_map_msgs/srv/_get_selected_point_cloud_map.py
[77.945s] -- Installing: /root/r2ware/install/autoware_map_msgs/lib/python3.8/site-packages/autoware_map_msgs/srv/_get_selected_point_cloud_map_s.c
[77.945s] -- Installing: /root/r2ware/install/autoware_map_msgs/lib/python3.8/site-packages/autoware_map_msgs/srv/_get_differential_point_cloud_map.py
[77.947s] -- Installing: /root/r2ware/install/autoware_map_msgs/lib/python3.8/site-packages/autoware_map_msgs/srv/_get_partial_point_cloud_map_s.c
[77.949s] -- Installing: /root/r2ware/install/autoware_map_msgs/lib/python3.8/site-packages/autoware_map_msgs/autoware_map_msgs_s__rosidl_typesupport_fastrtps_c.cpython-38-aarch64-linux-gnu.so
[77.951s] -- Set runtime path of "/root/r2ware/install/autoware_map_msgs/lib/python3.8/site-packages/autoware_map_msgs/autoware_map_msgs_s__rosidl_typesupport_fastrtps_c.cpython-38-aarch64-linux-gnu.so" to ""
[77.952s] -- Installing: /root/r2ware/install/autoware_map_msgs/lib/python3.8/site-packages/autoware_map_msgs/autoware_map_msgs_s__rosidl_typesupport_introspection_c.cpython-38-aarch64-linux-gnu.so
[77.954s] -- Set runtime path of "/root/r2ware/install/autoware_map_msgs/lib/python3.8/site-packages/autoware_map_msgs/autoware_map_msgs_s__rosidl_typesupport_introspection_c.cpython-38-aarch64-linux-gnu.so" to ""
[77.955s] -- Installing: /root/r2ware/install/autoware_map_msgs/lib/python3.8/site-packages/autoware_map_msgs/autoware_map_msgs_s__rosidl_typesupport_c.cpython-38-aarch64-linux-gnu.so
[77.958s] -- Set runtime path of "/root/r2ware/install/autoware_map_msgs/lib/python3.8/site-packages/autoware_map_msgs/autoware_map_msgs_s__rosidl_typesupport_c.cpython-38-aarch64-linux-gnu.so" to ""
[77.959s] -- Installing: /root/r2ware/install/autoware_map_msgs/lib/libautoware_map_msgs__python.so
[77.961s] -- Set runtime path of "/root/r2ware/install/autoware_map_msgs/lib/libautoware_map_msgs__python.so" to ""
[77.962s] -- Installing: /root/r2ware/install/autoware_map_msgs/share/autoware_map_msgs/msg/AreaInfo.idl
[77.963s] -- Installing: /root/r2ware/install/autoware_map_msgs/share/autoware_map_msgs/msg/LaneletMapBin.idl
[77.964s] -- Installing: /root/r2ware/install/autoware_map_msgs/share/autoware_map_msgs/msg/PointCloudMapCellWithID.idl
[77.965s] -- Installing: /root/r2ware/install/autoware_map_msgs/share/autoware_map_msgs/msg/PointCloudMapCellMetaData.idl
[77.966s] -- Installing: /root/r2ware/install/autoware_map_msgs/share/autoware_map_msgs/msg/PointCloudMapCellMetaDataWithID.idl
[77.967s] -- Installing: /root/r2ware/install/autoware_map_msgs/share/autoware_map_msgs/msg/PointCloudMapMetaData.idl
[77.968s] -- Installing: /root/r2ware/install/autoware_map_msgs/share/autoware_map_msgs/srv/GetPartialPointCloudMap.idl
[77.969s] -- Installing: /root/r2ware/install/autoware_map_msgs/share/autoware_map_msgs/srv/GetDifferentialPointCloudMap.idl
[77.970s] -- Installing: /root/r2ware/install/autoware_map_msgs/share/autoware_map_msgs/srv/GetSelectedPointCloudMap.idl
[77.971s] -- Installing: /root/r2ware/install/autoware_map_msgs/share/autoware_map_msgs/msg/AreaInfo.msg
[77.972s] -- Installing: /root/r2ware/install/autoware_map_msgs/share/autoware_map_msgs/msg/LaneletMapBin.msg
[77.974s] -- Installing: /root/r2ware/install/autoware_map_msgs/share/autoware_map_msgs/msg/PointCloudMapCellWithID.msg
[77.975s] -- Installing: /root/r2ware/install/autoware_map_msgs/share/autoware_map_msgs/msg/PointCloudMapCellMetaData.msg
[77.976s] -- Installing: /root/r2ware/install/autoware_map_msgs/share/autoware_map_msgs/msg/PointCloudMapCellMetaDataWithID.msg
[77.977s] -- Installing: /root/r2ware/install/autoware_map_msgs/share/autoware_map_msgs/msg/PointCloudMapMetaData.msg
[77.978s] -- Installing: /root/r2ware/install/autoware_map_msgs/share/autoware_map_msgs/srv/GetPartialPointCloudMap.srv
[77.979s] -- Installing: /root/r2ware/install/autoware_map_msgs/share/autoware_map_msgs/srv/GetPartialPointCloudMap_Request.msg
[77.980s] -- Installing: /root/r2ware/install/autoware_map_msgs/share/autoware_map_msgs/srv/GetPartialPointCloudMap_Response.msg
[77.981s] -- Installing: /root/r2ware/install/autoware_map_msgs/share/autoware_map_msgs/srv/GetDifferentialPointCloudMap.srv
[77.981s] -- Installing: /root/r2ware/install/autoware_map_msgs/share/autoware_map_msgs/srv/GetDifferentialPointCloudMap_Request.msg
[77.982s] -- Installing: /root/r2ware/install/autoware_map_msgs/share/autoware_map_msgs/srv/GetDifferentialPointCloudMap_Response.msg
[77.983s] -- Installing: /root/r2ware/install/autoware_map_msgs/share/autoware_map_msgs/srv/GetSelectedPointCloudMap.srv
[77.984s] -- Installing: /root/r2ware/install/autoware_map_msgs/share/autoware_map_msgs/srv/GetSelectedPointCloudMap_Request.msg
[77.985s] -- Installing: /root/r2ware/install/autoware_map_msgs/share/autoware_map_msgs/srv/GetSelectedPointCloudMap_Response.msg
[77.987s] -- Installing: /root/r2ware/install/autoware_map_msgs/share/ament_index/resource_index/package_run_dependencies/autoware_map_msgs
[77.988s] -- Installing: /root/r2ware/install/autoware_map_msgs/share/ament_index/resource_index/parent_prefix_path/autoware_map_msgs
[77.989s] -- Installing: /root/r2ware/install/autoware_map_msgs/share/autoware_map_msgs/environment/ament_prefix_path.sh
[77.990s] -- Installing: /root/r2ware/install/autoware_map_msgs/share/autoware_map_msgs/environment/ament_prefix_path.dsv
[77.991s] -- Installing: /root/r2ware/install/autoware_map_msgs/share/autoware_map_msgs/environment/path.sh
[77.992s] -- Installing: /root/r2ware/install/autoware_map_msgs/share/autoware_map_msgs/environment/path.dsv
[77.993s] -- Installing: /root/r2ware/install/autoware_map_msgs/share/autoware_map_msgs/local_setup.bash
[77.994s] -- Installing: /root/r2ware/install/autoware_map_msgs/share/autoware_map_msgs/local_setup.sh
[77.995s] -- Installing: /root/r2ware/install/autoware_map_msgs/share/autoware_map_msgs/local_setup.zsh
[77.996s] -- Installing: /root/r2ware/install/autoware_map_msgs/share/autoware_map_msgs/local_setup.dsv
[77.997s] -- Installing: /root/r2ware/install/autoware_map_msgs/share/autoware_map_msgs/package.dsv
[77.998s] -- Installing: /root/r2ware/install/autoware_map_msgs/share/ament_index/resource_index/packages/autoware_map_msgs
[77.999s] -- Installing: /root/r2ware/install/autoware_map_msgs/share/autoware_map_msgs/cmake/autoware_map_msgs__rosidl_generator_cExport.cmake
[78.000s] -- Installing: /root/r2ware/install/autoware_map_msgs/share/autoware_map_msgs/cmake/autoware_map_msgs__rosidl_generator_cExport-noconfig.cmake
[78.001s] -- Installing: /root/r2ware/install/autoware_map_msgs/share/autoware_map_msgs/cmake/autoware_map_msgs__rosidl_typesupport_introspection_cExport.cmake
[78.002s] -- Installing: /root/r2ware/install/autoware_map_msgs/share/autoware_map_msgs/cmake/autoware_map_msgs__rosidl_typesupport_introspection_cExport-noconfig.cmake
[78.003s] -- Installing: /root/r2ware/install/autoware_map_msgs/share/autoware_map_msgs/cmake/autoware_map_msgs__rosidl_typesupport_cExport.cmake
[78.004s] -- Installing: /root/r2ware/install/autoware_map_msgs/share/autoware_map_msgs/cmake/autoware_map_msgs__rosidl_typesupport_cExport-noconfig.cmake
[78.005s] -- Installing: /root/r2ware/install/autoware_map_msgs/share/autoware_map_msgs/cmake/autoware_map_msgs__rosidl_generator_cppExport.cmake
[78.006s] -- Installing: /root/r2ware/install/autoware_map_msgs/share/autoware_map_msgs/cmake/autoware_map_msgs__rosidl_typesupport_introspection_cppExport.cmake
[78.006s] -- Installing: /root/r2ware/install/autoware_map_msgs/share/autoware_map_msgs/cmake/autoware_map_msgs__rosidl_typesupport_introspection_cppExport-noconfig.cmake
[78.007s] -- Installing: /root/r2ware/install/autoware_map_msgs/share/autoware_map_msgs/cmake/autoware_map_msgs__rosidl_typesupport_cppExport.cmake
[78.008s] -- Installing: /root/r2ware/install/autoware_map_msgs/share/autoware_map_msgs/cmake/autoware_map_msgs__rosidl_typesupport_cppExport-noconfig.cmake
[78.009s] -- Installing: /root/r2ware/install/autoware_map_msgs/share/autoware_map_msgs/cmake/rosidl_cmake-extras.cmake
[78.010s] -- Installing: /root/r2ware/install/autoware_map_msgs/share/autoware_map_msgs/cmake/ament_cmake_export_dependencies-extras.cmake
[78.011s] -- Installing: /root/r2ware/install/autoware_map_msgs/share/autoware_map_msgs/cmake/ament_cmake_export_libraries-extras.cmake
[78.012s] -- Installing: /root/r2ware/install/autoware_map_msgs/share/autoware_map_msgs/cmake/ament_cmake_export_targets-extras.cmake
[78.013s] -- Installing: /root/r2ware/install/autoware_map_msgs/share/autoware_map_msgs/cmake/ament_cmake_export_include_directories-extras.cmake
[78.014s] -- Installing: /root/r2ware/install/autoware_map_msgs/share/autoware_map_msgs/cmake/rosidl_cmake_export_typesupport_libraries-extras.cmake
[78.014s] -- Installing: /root/r2ware/install/autoware_map_msgs/share/autoware_map_msgs/cmake/rosidl_cmake_export_typesupport_targets-extras.cmake
[78.016s] -- Installing: /root/r2ware/install/autoware_map_msgs/share/autoware_map_msgs/cmake/autoware_map_msgsConfig.cmake
[78.016s] -- Installing: /root/r2ware/install/autoware_map_msgs/share/autoware_map_msgs/cmake/autoware_map_msgsConfig-version.cmake
[78.017s] -- Installing: /root/r2ware/install/autoware_map_msgs/share/autoware_map_msgs/package.xml
[78.031s] Invoked command in '/root/r2ware/build/autoware_map_msgs' returned '0': CMAKE_PREFIX_PATH=${CMAKE_PREFIX_PATH}:/root/yahboomcar_ros2_ws/yahboomcar_ws/install/yahboomcar_voice_ctrl:/root/yahboomcar_ros2_ws/yahboomcar_ws/install/yahboomcar_visual:/root/yahboomcar_ros2_ws/yahboomcar_ws/install/yahboomcar_nav:/root/yahboomcar_ros2_ws/yahboomcar_ws/install/yahboomcar_multi:/root/yahboomcar_ros2_ws/yahboomcar_ws/install/yahboomcar_mediapipe:/root/yahboomcar_ros2_ws/yahboomcar_ws/install/yahboomcar_linefollow:/root/yahboomcar_ros2_ws/yahboomcar_ws/install/yahboomcar_laser:/root/yahboomcar_ros2_ws/yahboomcar_ws/install/yahboomcar_description_x1:/root/yahboomcar_ros2_ws/yahboomcar_ws/install/yahboomcar_description:/root/yahboomcar_ros2_ws/yahboomcar_ws/install/yahboomcar_ctrl:/root/yahboomcar_ros2_ws/yahboomcar_ws/install/yahboomcar_bringup:/root/yahboomcar_ros2_ws/yahboomcar_ws/install/yahboomcar_astra:/root/yahboomcar_ros2_ws/yahboomcar_ws/install/yahboom_app_save_map:/root/yahboomcar_ros2_ws/yahboomcar_ws/install/robot_pose_publisher:/root/yahboomcar_ros2_ws/yahboomcar_ws/install/laserscan_to_point_pulisher:/opt/ros/foxy /usr/bin/cmake --install /root/r2ware/build/autoware_map_msgs
