[0.214s] Invoking command in '/root/r2ware/build/autoware_auto_mapping_msgs': CMAKE_PREFIX_PATH=${CMAKE_PREFIX_PATH}:/root/yahboomcar_ros2_ws/yahboomcar_ws/install/yahboomcar_voice_ctrl:/root/yahboomcar_ros2_ws/yahboomcar_ws/install/yahboomcar_visual:/root/yahboomcar_ros2_ws/yahboomcar_ws/install/yahboomcar_nav:/root/yahboomcar_ros2_ws/yahboomcar_ws/install/yahboomcar_multi:/root/yahboomcar_ros2_ws/yahboomcar_ws/install/yahboomcar_mediapipe:/root/yahboomcar_ros2_ws/yahboomcar_ws/install/yahboomcar_linefollow:/root/yahboomcar_ros2_ws/yahboomcar_ws/install/yahboomcar_laser:/root/yahboomcar_ros2_ws/yahboomcar_ws/install/yahboomcar_description_x1:/root/yahboomcar_ros2_ws/yahboomcar_ws/install/yahboomcar_description:/root/yahboomcar_ros2_ws/yahboomcar_ws/install/yahboomcar_ctrl:/root/yahboomcar_ros2_ws/yahboomcar_ws/install/yahboomcar_bringup:/root/yahboomcar_ros2_ws/yahboomcar_ws/install/yahboomcar_astra:/root/yahboomcar_ros2_ws/yahboomcar_ws/install/yahboom_app_save_map:/root/yahboomcar_ros2_ws/yahboomcar_ws/install/robot_pose_publisher:/root/yahboomcar_ros2_ws/yahboomcar_ws/install/laserscan_to_point_pulisher:/opt/ros/foxy /usr/bin/cmake /root/r2ware/src/autoware_dependencies/core/external/autoware_auto_msgs/autoware_auto_mapping_msgs -DCMAKE_INSTALL_PREFIX=/root/r2ware/install/autoware_auto_mapping_msgs
[0.507s] -- The C compiler identification is GNU 9.4.0
[0.763s] -- The CXX compiler identification is GNU 9.4.0
[0.784s] -- Check for working C compiler: /usr/bin/cc
[1.075s] -- Check for working C compiler: /usr/bin/cc -- works
[1.077s] -- Detecting C compiler ABI info
[1.364s] -- Detecting C compiler ABI info - done
[1.397s] -- Detecting C compile features
[1.398s] -- Detecting C compile features - done
[1.404s] -- Check for working CXX compiler: /usr/bin/c++
[1.673s] -- Check for working CXX compiler: /usr/bin/c++ -- works
[1.680s] -- Detecting CXX compiler ABI info
[1.955s] -- Detecting CXX compiler ABI info - done
[1.973s] -- Detecting CXX compile features
[1.973s] -- Detecting CXX compile features - done
[2.015s] -- Found ament_cmake_auto: 0.9.11 (/opt/ros/foxy/share/ament_cmake_auto/cmake)
[2.188s] -- Found PythonInterp: /usr/bin/python3 (found suitable version "3.8.10", minimum required is "3") 
[2.189s] -- Using PYTHON_EXECUTABLE: /usr/bin/python3
[3.336s] -- Using all available rosidl_typesupport_c: rosidl_typesupport_fastrtps_c;rosidl_typesupport_introspection_c
[3.411s] -- Found rosidl_adapter: 1.3.0 (/opt/ros/foxy/share/rosidl_adapter/cmake)
[4.147s] -- Found OpenSSL: /usr/lib/aarch64-linux-gnu/libcrypto.so (found version "1.1.1f")  
[4.367s] -- Found FastRTPS: /opt/ros/foxy/include  
[4.834s] -- Using all available rosidl_typesupport_cpp: rosidl_typesupport_fastrtps_cpp;rosidl_typesupport_introspection_cpp
[5.197s] -- Found ament_cmake_cppcheck: 0.9.7 (/opt/ros/foxy/share/ament_cmake_cppcheck/cmake)
[5.216s] -- Found ament_cmake_cpplint: 0.9.7 (/opt/ros/foxy/share/ament_cmake_cpplint/cmake)
[5.235s] -- Found ament_cmake_uncrustify: 0.9.7 (/opt/ros/foxy/share/ament_cmake_uncrustify/cmake)
[5.254s] -- Found ament_cmake_ros: 0.9.2 (/opt/ros/foxy/share/ament_cmake_ros/cmake)
[5.842s] -- Using all available rosidl_typesupport_c: rosidl_typesupport_fastrtps_c;rosidl_typesupport_introspection_c
[5.994s] -- Using all available rosidl_typesupport_cpp: rosidl_typesupport_fastrtps_cpp;rosidl_typesupport_introspection_cpp
[6.078s] -- Found PythonInterp: /usr/bin/python3 (found suitable version "3.8.10", minimum required is "3.5") 
[6.096s] -- Found python_cmake_module: 0.8.1 (/opt/ros/foxy/share/python_cmake_module/cmake)
[6.183s] -- Found PythonLibs: /usr/lib/aarch64-linux-gnu/libpython3.8.so (found suitable version "3.8.10", minimum required is "3.5") 
[6.184s] -- Using PYTHON_EXECUTABLE: /usr/bin/python3
[6.185s] -- Using PYTHON_INCLUDE_DIRS: /usr/include/python3.8
[6.185s] -- Using PYTHON_LIBRARIES: /usr/lib/aarch64-linux-gnu/libpython3.8.so
[6.268s] -- Found PythonExtra: .so  
[6.473s] -- Found ament_cmake_flake8: 0.9.7 (/opt/ros/foxy/share/ament_cmake_flake8/cmake)
[6.491s] -- Found ament_cmake_pep257: 0.9.7 (/opt/ros/foxy/share/ament_cmake_pep257/cmake)
[6.518s] -- Found ament_lint_auto: 0.9.7 (/opt/ros/foxy/share/ament_lint_auto/cmake)
[6.610s] -- Added test 'copyright' to check source files copyright and LICENSE
[6.612s] -- Added test 'lint_cmake' to check CMake code style
[6.615s] -- Added test 'xmllint' to check XML markup files
[6.633s] -- Configuring done
[6.834s] -- Generating done
[6.840s] -- Build files have been written to: /root/r2ware/build/autoware_auto_mapping_msgs
[6.879s] Invoked command in '/root/r2ware/build/autoware_auto_mapping_msgs' returned '0': CMAKE_PREFIX_PATH=${CMAKE_PREFIX_PATH}:/root/yahboomcar_ros2_ws/yahboomcar_ws/install/yahboomcar_voice_ctrl:/root/yahboomcar_ros2_ws/yahboomcar_ws/install/yahboomcar_visual:/root/yahboomcar_ros2_ws/yahboomcar_ws/install/yahboomcar_nav:/root/yahboomcar_ros2_ws/yahboomcar_ws/install/yahboomcar_multi:/root/yahboomcar_ros2_ws/yahboomcar_ws/install/yahboomcar_mediapipe:/root/yahboomcar_ros2_ws/yahboomcar_ws/install/yahboomcar_linefollow:/root/yahboomcar_ros2_ws/yahboomcar_ws/install/yahboomcar_laser:/root/yahboomcar_ros2_ws/yahboomcar_ws/install/yahboomcar_description_x1:/root/yahboomcar_ros2_ws/yahboomcar_ws/install/yahboomcar_description:/root/yahboomcar_ros2_ws/yahboomcar_ws/install/yahboomcar_ctrl:/root/yahboomcar_ros2_ws/yahboomcar_ws/install/yahboomcar_bringup:/root/yahboomcar_ros2_ws/yahboomcar_ws/install/yahboomcar_astra:/root/yahboomcar_ros2_ws/yahboomcar_ws/install/yahboom_app_save_map:/root/yahboomcar_ros2_ws/yahboomcar_ws/install/robot_pose_publisher:/root/yahboomcar_ros2_ws/yahboomcar_ws/install/laserscan_to_point_pulisher:/opt/ros/foxy /usr/bin/cmake /root/r2ware/src/autoware_dependencies/core/external/autoware_auto_msgs/autoware_auto_mapping_msgs -DCMAKE_INSTALL_PREFIX=/root/r2ware/install/autoware_auto_mapping_msgs
[6.881s] Invoking command in '/root/r2ware/build/autoware_auto_mapping_msgs': CMAKE_PREFIX_PATH=${CMAKE_PREFIX_PATH}:/root/yahboomcar_ros2_ws/yahboomcar_ws/install/yahboomcar_voice_ctrl:/root/yahboomcar_ros2_ws/yahboomcar_ws/install/yahboomcar_visual:/root/yahboomcar_ros2_ws/yahboomcar_ws/install/yahboomcar_nav:/root/yahboomcar_ros2_ws/yahboomcar_ws/install/yahboomcar_multi:/root/yahboomcar_ros2_ws/yahboomcar_ws/install/yahboomcar_mediapipe:/root/yahboomcar_ros2_ws/yahboomcar_ws/install/yahboomcar_linefollow:/root/yahboomcar_ros2_ws/yahboomcar_ws/install/yahboomcar_laser:/root/yahboomcar_ros2_ws/yahboomcar_ws/install/yahboomcar_description_x1:/root/yahboomcar_ros2_ws/yahboomcar_ws/install/yahboomcar_description:/root/yahboomcar_ros2_ws/yahboomcar_ws/install/yahboomcar_ctrl:/root/yahboomcar_ros2_ws/yahboomcar_ws/install/yahboomcar_bringup:/root/yahboomcar_ros2_ws/yahboomcar_ws/install/yahboomcar_astra:/root/yahboomcar_ros2_ws/yahboomcar_ws/install/yahboom_app_save_map:/root/yahboomcar_ros2_ws/yahboomcar_ws/install/robot_pose_publisher:/root/yahboomcar_ros2_ws/yahboomcar_ws/install/laserscan_to_point_pulisher:/opt/ros/foxy /usr/bin/cmake --build /root/r2ware/build/autoware_auto_mapping_msgs -- -j8 -l8
[7.461s] [35m[1mScanning dependencies of target autoware_auto_mapping_msgs__cpp[0m
[7.462s] [  1%] [34m[1mGenerating C code for ROS interfaces[0m
[7.462s] [  3%] [34m[1mGenerating C++ code for ROS interfaces[0m
[9.693s] [35m[1mScanning dependencies of target autoware_auto_mapping_msgs__rosidl_generator_c[0m
[9.861s] [  5%] [32mBuilding C object CMakeFiles/autoware_auto_mapping_msgs__rosidl_generator_c.dir/rosidl_generator_c/autoware_auto_mapping_msgs/msg/detail/had_map_bin__functions.c.o[0m
[9.894s] [  7%] [32mBuilding C object CMakeFiles/autoware_auto_mapping_msgs__rosidl_generator_c.dir/rosidl_generator_c/autoware_auto_mapping_msgs/srv/detail/had_map_service__functions.c.o[0m
[9.894s] [  9%] [32mBuilding C object CMakeFiles/autoware_auto_mapping_msgs__rosidl_generator_c.dir/rosidl_generator_c/autoware_auto_mapping_msgs/msg/detail/had_map_segment__functions.c.o[0m
[9.936s] [ 10%] [32mBuilding C object CMakeFiles/autoware_auto_mapping_msgs__rosidl_generator_c.dir/rosidl_generator_c/autoware_auto_mapping_msgs/msg/detail/map_primitive__functions.c.o[0m
[10.069s] [ 10%] Built target autoware_auto_mapping_msgs__cpp
[10.223s] [ 12%] [34m[1mGenerating C++ type support for eProsima Fast-RTPS[0m
[10.230s] [ 14%] [34m[1mGenerating C++ type support dispatch for ROS interfaces[0m
[10.270s] [ 16%] [34m[1mGenerating C++ introspection for ROS interfaces[0m
[10.477s] [ 18%] [32m[1mLinking C shared library libautoware_auto_mapping_msgs__rosidl_generator_c.so[0m
[10.869s] [ 18%] Built target autoware_auto_mapping_msgs__rosidl_generator_c
[10.979s] [ 20%] [34m[1mGenerating C introspection for ROS interfaces[0m
[11.059s] [ 21%] [34m[1mGenerating C type support dispatch for ROS interfaces[0m
[13.325s] [35m[1mScanning dependencies of target autoware_auto_mapping_msgs__rosidl_typesupport_cpp[0m
[13.613s] [ 25%] [32mBuilding CXX object CMakeFiles/autoware_auto_mapping_msgs__rosidl_typesupport_cpp.dir/rosidl_typesupport_cpp/autoware_auto_mapping_msgs/msg/had_map_segment__type_support.cpp.o[0m
[13.615s] [ 25%] [32mBuilding CXX object CMakeFiles/autoware_auto_mapping_msgs__rosidl_typesupport_cpp.dir/rosidl_typesupport_cpp/autoware_auto_mapping_msgs/msg/had_map_bin__type_support.cpp.o[0m
[13.644s] [ 27%] [32mBuilding CXX object CMakeFiles/autoware_auto_mapping_msgs__rosidl_typesupport_cpp.dir/rosidl_typesupport_cpp/autoware_auto_mapping_msgs/srv/had_map_service__type_support.cpp.o[0m
[13.683s] [ 29%] [32mBuilding CXX object CMakeFiles/autoware_auto_mapping_msgs__rosidl_typesupport_cpp.dir/rosidl_typesupport_cpp/autoware_auto_mapping_msgs/msg/map_primitive__type_support.cpp.o[0m
[15.685s] [35m[1mScanning dependencies of target autoware_auto_mapping_msgs__rosidl_typesupport_c[0m
[15.749s] [35m[1mScanning dependencies of target autoware_auto_mapping_msgs__rosidl_typesupport_introspection_cpp[0m
[15.790s] [35m[1mScanning dependencies of target autoware_auto_mapping_msgs__rosidl_typesupport_introspection_c[0m
[15.932s] [ 30%] [32mBuilding CXX object CMakeFiles/autoware_auto_mapping_msgs__rosidl_typesupport_c.dir/rosidl_typesupport_c/autoware_auto_mapping_msgs/msg/had_map_bin__type_support.cpp.o[0m
[15.980s] [ 32%] [32mBuilding CXX object CMakeFiles/autoware_auto_mapping_msgs__rosidl_typesupport_introspection_cpp.dir/rosidl_typesupport_introspection_cpp/autoware_auto_mapping_msgs/msg/detail/had_map_bin__type_support.cpp.o[0m
[16.053s] [ 34%] [32mBuilding C object CMakeFiles/autoware_auto_mapping_msgs__rosidl_typesupport_introspection_c.dir/rosidl_typesupport_introspection_c/autoware_auto_mapping_msgs/msg/detail/had_map_bin__type_support.c.o[0m
[16.438s] [ 36%] [32mBuilding CXX object CMakeFiles/autoware_auto_mapping_msgs__rosidl_typesupport_c.dir/rosidl_typesupport_c/autoware_auto_mapping_msgs/msg/had_map_segment__type_support.cpp.o[0m
[16.740s] [ 38%] [32mBuilding C object CMakeFiles/autoware_auto_mapping_msgs__rosidl_typesupport_introspection_c.dir/rosidl_typesupport_introspection_c/autoware_auto_mapping_msgs/msg/detail/had_map_segment__type_support.c.o[0m
[16.905s] [35m[1mScanning dependencies of target autoware_auto_mapping_msgs__rosidl_typesupport_fastrtps_cpp[0m
[16.925s] [ 40%] [32mBuilding C object CMakeFiles/autoware_auto_mapping_msgs__rosidl_typesupport_introspection_c.dir/rosidl_typesupport_introspection_c/autoware_auto_mapping_msgs/msg/detail/map_primitive__type_support.c.o[0m
[16.944s] [ 41%] [32mBuilding CXX object CMakeFiles/autoware_auto_mapping_msgs__rosidl_typesupport_c.dir/rosidl_typesupport_c/autoware_auto_mapping_msgs/msg/map_primitive__type_support.cpp.o[0m
[17.272s] [ 43%] [32mBuilding CXX object CMakeFiles/autoware_auto_mapping_msgs__rosidl_typesupport_fastrtps_cpp.dir/rosidl_typesupport_fastrtps_cpp/autoware_auto_mapping_msgs/msg/detail/dds_fastrtps/had_map_bin__type_support.cpp.o[0m
[17.288s] [ 45%] [32mBuilding CXX object CMakeFiles/autoware_auto_mapping_msgs__rosidl_typesupport_c.dir/rosidl_typesupport_c/autoware_auto_mapping_msgs/srv/had_map_service__type_support.cpp.o[0m
[17.397s] [ 47%] [32mBuilding CXX object CMakeFiles/autoware_auto_mapping_msgs__rosidl_typesupport_fastrtps_cpp.dir/rosidl_typesupport_fastrtps_cpp/autoware_auto_mapping_msgs/msg/detail/dds_fastrtps/had_map_segment__type_support.cpp.o[0m
[17.432s] [ 49%] [32mBuilding C object CMakeFiles/autoware_auto_mapping_msgs__rosidl_typesupport_introspection_c.dir/rosidl_typesupport_introspection_c/autoware_auto_mapping_msgs/srv/detail/had_map_service__type_support.c.o[0m
[17.455s] [ 50%] [32mBuilding CXX object CMakeFiles/autoware_auto_mapping_msgs__rosidl_typesupport_fastrtps_cpp.dir/rosidl_typesupport_fastrtps_cpp/autoware_auto_mapping_msgs/msg/detail/dds_fastrtps/map_primitive__type_support.cpp.o[0m
[17.706s] [ 52%] [32mBuilding CXX object CMakeFiles/autoware_auto_mapping_msgs__rosidl_typesupport_introspection_cpp.dir/rosidl_typesupport_introspection_cpp/autoware_auto_mapping_msgs/msg/detail/had_map_segment__type_support.cpp.o[0m
[17.835s] [ 54%] [32m[1mLinking CXX shared library libautoware_auto_mapping_msgs__rosidl_typesupport_c.so[0m
[17.950s] [ 56%] [32m[1mLinking C shared library libautoware_auto_mapping_msgs__rosidl_typesupport_introspection_c.so[0m
[18.071s] [ 58%] [32m[1mLinking CXX shared library libautoware_auto_mapping_msgs__rosidl_typesupport_cpp.so[0m
[18.293s] [ 58%] Built target autoware_auto_mapping_msgs__rosidl_typesupport_introspection_c
[18.350s] [ 58%] Built target autoware_auto_mapping_msgs__rosidl_typesupport_c
[18.452s] [ 60%] [32mBuilding CXX object CMakeFiles/autoware_auto_mapping_msgs__rosidl_typesupport_fastrtps_cpp.dir/rosidl_typesupport_fastrtps_cpp/autoware_auto_mapping_msgs/srv/detail/dds_fastrtps/had_map_service__type_support.cpp.o[0m
[18.512s] [ 61%] [32mBuilding CXX object CMakeFiles/autoware_auto_mapping_msgs__rosidl_typesupport_introspection_cpp.dir/rosidl_typesupport_introspection_cpp/autoware_auto_mapping_msgs/msg/detail/map_primitive__type_support.cpp.o[0m
[18.621s] [ 61%] Built target autoware_auto_mapping_msgs__rosidl_typesupport_cpp
[18.841s] [ 63%] [32mBuilding CXX object CMakeFiles/autoware_auto_mapping_msgs__rosidl_typesupport_introspection_cpp.dir/rosidl_typesupport_introspection_cpp/autoware_auto_mapping_msgs/srv/detail/had_map_service__type_support.cpp.o[0m
[22.633s] [ 65%] [32m[1mLinking CXX shared library libautoware_auto_mapping_msgs__rosidl_typesupport_introspection_cpp.so[0m
[23.202s] [ 65%] Built target autoware_auto_mapping_msgs__rosidl_typesupport_introspection_cpp
[23.472s] [ 67%] [32m[1mLinking CXX shared library libautoware_auto_mapping_msgs__rosidl_typesupport_fastrtps_cpp.so[0m
[24.085s] [ 67%] Built target autoware_auto_mapping_msgs__rosidl_typesupport_fastrtps_cpp
[24.133s] [ 69%] [34m[1mGenerating C type support for eProsima Fast-RTPS[0m
[26.636s] [35m[1mScanning dependencies of target autoware_auto_mapping_msgs__rosidl_typesupport_fastrtps_c[0m
[26.777s] [ 70%] [32mBuilding CXX object CMakeFiles/autoware_auto_mapping_msgs__rosidl_typesupport_fastrtps_c.dir/rosidl_typesupport_fastrtps_c/autoware_auto_mapping_msgs/msg/detail/had_map_bin__type_support_c.cpp.o[0m
[28.396s] [ 72%] [32mBuilding CXX object CMakeFiles/autoware_auto_mapping_msgs__rosidl_typesupport_fastrtps_c.dir/rosidl_typesupport_fastrtps_c/autoware_auto_mapping_msgs/srv/detail/had_map_service__type_support_c.cpp.o[0m
[30.344s] [ 74%] [32mBuilding CXX object CMakeFiles/autoware_auto_mapping_msgs__rosidl_typesupport_fastrtps_c.dir/rosidl_typesupport_fastrtps_c/autoware_auto_mapping_msgs/msg/detail/map_primitive__type_support_c.cpp.o[0m
[31.672s] [ 76%] [32mBuilding CXX object CMakeFiles/autoware_auto_mapping_msgs__rosidl_typesupport_fastrtps_c.dir/rosidl_typesupport_fastrtps_c/autoware_auto_mapping_msgs/msg/detail/had_map_segment__type_support_c.cpp.o[0m
[32.803s] [ 78%] [32m[1mLinking CXX shared library libautoware_auto_mapping_msgs__rosidl_typesupport_fastrtps_c.so[0m
[33.224s] [ 78%] Built target autoware_auto_mapping_msgs__rosidl_typesupport_fastrtps_c
[33.294s] [35m[1mScanning dependencies of target autoware_auto_mapping_msgs[0m
[33.395s] [ 78%] Built target autoware_auto_mapping_msgs
[33.472s] [35m[1mScanning dependencies of target autoware_auto_mapping_msgs__py[0m
[33.566s] [ 80%] [34m[1mGenerating Python code for ROS interfaces[0m
[36.385s] [ 80%] Built target autoware_auto_mapping_msgs__py
[36.452s] [35m[1mScanning dependencies of target autoware_auto_mapping_msgs__python[0m
[36.550s] [ 81%] [32mBuilding C object CMakeFiles/autoware_auto_mapping_msgs__python.dir/rosidl_generator_py/autoware_auto_mapping_msgs/msg/_had_map_bin_s.c.o[0m
[36.843s] [ 83%] [32mBuilding C object CMakeFiles/autoware_auto_mapping_msgs__python.dir/rosidl_generator_py/autoware_auto_mapping_msgs/srv/_had_map_service_s.c.o[0m
[37.208s] [ 85%] [32mBuilding C object CMakeFiles/autoware_auto_mapping_msgs__python.dir/rosidl_generator_py/autoware_auto_mapping_msgs/msg/_map_primitive_s.c.o[0m
[37.480s] [ 87%] [32mBuilding C object CMakeFiles/autoware_auto_mapping_msgs__python.dir/rosidl_generator_py/autoware_auto_mapping_msgs/msg/_had_map_segment_s.c.o[0m
[37.728s] [ 89%] [32m[1mLinking C shared library rosidl_generator_py/autoware_auto_mapping_msgs/libautoware_auto_mapping_msgs__python.so[0m
[37.867s] [ 89%] Built target autoware_auto_mapping_msgs__python
[37.939s] [35m[1mScanning dependencies of target autoware_auto_mapping_msgs__rosidl_typesupport_introspection_c__pyext[0m
[38.009s] [ 90%] [32mBuilding C object CMakeFiles/autoware_auto_mapping_msgs__rosidl_typesupport_introspection_c__pyext.dir/rosidl_generator_py/autoware_auto_mapping_msgs/_autoware_auto_mapping_msgs_s.ep.rosidl_typesupport_introspection_c.c.o[0m
[38.357s] [ 92%] [32m[1mLinking C shared library rosidl_generator_py/autoware_auto_mapping_msgs/autoware_auto_mapping_msgs_s__rosidl_typesupport_introspection_c.cpython-38-aarch64-linux-gnu.so[0m
[38.539s] [ 92%] Built target autoware_auto_mapping_msgs__rosidl_typesupport_introspection_c__pyext
[38.578s] [35m[1mScanning dependencies of target autoware_auto_mapping_msgs__rosidl_typesupport_c__pyext[0m
[38.655s] [ 94%] [32mBuilding C object CMakeFiles/autoware_auto_mapping_msgs__rosidl_typesupport_c__pyext.dir/rosidl_generator_py/autoware_auto_mapping_msgs/_autoware_auto_mapping_msgs_s.ep.rosidl_typesupport_c.c.o[0m
[38.922s] [ 96%] [32m[1mLinking C shared library rosidl_generator_py/autoware_auto_mapping_msgs/autoware_auto_mapping_msgs_s__rosidl_typesupport_c.cpython-38-aarch64-linux-gnu.so[0m
[39.065s] [ 96%] Built target autoware_auto_mapping_msgs__rosidl_typesupport_c__pyext
[39.109s] [35m[1mScanning dependencies of target autoware_auto_mapping_msgs__rosidl_typesupport_fastrtps_c__pyext[0m
[39.181s] [ 98%] [32mBuilding C object CMakeFiles/autoware_auto_mapping_msgs__rosidl_typesupport_fastrtps_c__pyext.dir/rosidl_generator_py/autoware_auto_mapping_msgs/_autoware_auto_mapping_msgs_s.ep.rosidl_typesupport_fastrtps_c.c.o[0m
[39.506s] [100%] [32m[1mLinking CXX shared library rosidl_generator_py/autoware_auto_mapping_msgs/autoware_auto_mapping_msgs_s__rosidl_typesupport_fastrtps_c.cpython-38-aarch64-linux-gnu.so[0m
[39.725s] [100%] Built target autoware_auto_mapping_msgs__rosidl_typesupport_fastrtps_c__pyext
[39.813s] Invoked command in '/root/r2ware/build/autoware_auto_mapping_msgs' returned '0': CMAKE_PREFIX_PATH=${CMAKE_PREFIX_PATH}:/root/yahboomcar_ros2_ws/yahboomcar_ws/install/yahboomcar_voice_ctrl:/root/yahboomcar_ros2_ws/yahboomcar_ws/install/yahboomcar_visual:/root/yahboomcar_ros2_ws/yahboomcar_ws/install/yahboomcar_nav:/root/yahboomcar_ros2_ws/yahboomcar_ws/install/yahboomcar_multi:/root/yahboomcar_ros2_ws/yahboomcar_ws/install/yahboomcar_mediapipe:/root/yahboomcar_ros2_ws/yahboomcar_ws/install/yahboomcar_linefollow:/root/yahboomcar_ros2_ws/yahboomcar_ws/install/yahboomcar_laser:/root/yahboomcar_ros2_ws/yahboomcar_ws/install/yahboomcar_description_x1:/root/yahboomcar_ros2_ws/yahboomcar_ws/install/yahboomcar_description:/root/yahboomcar_ros2_ws/yahboomcar_ws/install/yahboomcar_ctrl:/root/yahboomcar_ros2_ws/yahboomcar_ws/install/yahboomcar_bringup:/root/yahboomcar_ros2_ws/yahboomcar_ws/install/yahboomcar_astra:/root/yahboomcar_ros2_ws/yahboomcar_ws/install/yahboom_app_save_map:/root/yahboomcar_ros2_ws/yahboomcar_ws/install/robot_pose_publisher:/root/yahboomcar_ros2_ws/yahboomcar_ws/install/laserscan_to_point_pulisher:/opt/ros/foxy /usr/bin/cmake --build /root/r2ware/build/autoware_auto_mapping_msgs -- -j8 -l8
[40.677s] Invoking command in '/root/r2ware/build/autoware_auto_mapping_msgs': CMAKE_PREFIX_PATH=${CMAKE_PREFIX_PATH}:/root/yahboomcar_ros2_ws/yahboomcar_ws/install/yahboomcar_voice_ctrl:/root/yahboomcar_ros2_ws/yahboomcar_ws/install/yahboomcar_visual:/root/yahboomcar_ros2_ws/yahboomcar_ws/install/yahboomcar_nav:/root/yahboomcar_ros2_ws/yahboomcar_ws/install/yahboomcar_multi:/root/yahboomcar_ros2_ws/yahboomcar_ws/install/yahboomcar_mediapipe:/root/yahboomcar_ros2_ws/yahboomcar_ws/install/yahboomcar_linefollow:/root/yahboomcar_ros2_ws/yahboomcar_ws/install/yahboomcar_laser:/root/yahboomcar_ros2_ws/yahboomcar_ws/install/yahboomcar_description_x1:/root/yahboomcar_ros2_ws/yahboomcar_ws/install/yahboomcar_description:/root/yahboomcar_ros2_ws/yahboomcar_ws/install/yahboomcar_ctrl:/root/yahboomcar_ros2_ws/yahboomcar_ws/install/yahboomcar_bringup:/root/yahboomcar_ros2_ws/yahboomcar_ws/install/yahboomcar_astra:/root/yahboomcar_ros2_ws/yahboomcar_ws/install/yahboom_app_save_map:/root/yahboomcar_ros2_ws/yahboomcar_ws/install/robot_pose_publisher:/root/yahboomcar_ros2_ws/yahboomcar_ws/install/laserscan_to_point_pulisher:/opt/ros/foxy /usr/bin/cmake --install /root/r2ware/build/autoware_auto_mapping_msgs
[45.476s] -- Install configuration: ""
[45.476s] -- Installing: /root/r2ware/install/autoware_auto_mapping_msgs/share/ament_index/resource_index/rosidl_interfaces/autoware_auto_mapping_msgs
[45.476s] -- Installing: /root/r2ware/install/autoware_auto_mapping_msgs/include/autoware_auto_mapping_msgs
[45.477s] -- Installing: /root/r2ware/install/autoware_auto_mapping_msgs/include/autoware_auto_mapping_msgs/msg
[45.477s] -- Installing: /root/r2ware/install/autoware_auto_mapping_msgs/include/autoware_auto_mapping_msgs/msg/map_primitive.h
[45.477s] -- Installing: /root/r2ware/install/autoware_auto_mapping_msgs/include/autoware_auto_mapping_msgs/msg/had_map_bin.h
[45.477s] -- Installing: /root/r2ware/install/autoware_auto_mapping_msgs/include/autoware_auto_mapping_msgs/msg/rosidl_generator_c__visibility_control.h
[45.477s] -- Installing: /root/r2ware/install/autoware_auto_mapping_msgs/include/autoware_auto_mapping_msgs/msg/detail
[45.477s] -- Installing: /root/r2ware/install/autoware_auto_mapping_msgs/include/autoware_auto_mapping_msgs/msg/detail/map_primitive__functions.h
[45.478s] -- Installing: /root/r2ware/install/autoware_auto_mapping_msgs/include/autoware_auto_mapping_msgs/msg/detail/had_map_bin__type_support.h
[45.478s] -- Installing: /root/r2ware/install/autoware_auto_mapping_msgs/include/autoware_auto_mapping_msgs/msg/detail/had_map_bin__functions.h
[45.478s] -- Installing: /root/r2ware/install/autoware_auto_mapping_msgs/include/autoware_auto_mapping_msgs/msg/detail/map_primitive__functions.c
[45.478s] -- Installing: /root/r2ware/install/autoware_auto_mapping_msgs/include/autoware_auto_mapping_msgs/msg/detail/had_map_segment__struct.h
[45.479s] -- Installing: /root/r2ware/install/autoware_auto_mapping_msgs/include/autoware_auto_mapping_msgs/msg/detail/had_map_bin__struct.h
[45.479s] -- Installing: /root/r2ware/install/autoware_auto_mapping_msgs/include/autoware_auto_mapping_msgs/msg/detail/had_map_segment__functions.c
[45.479s] -- Installing: /root/r2ware/install/autoware_auto_mapping_msgs/include/autoware_auto_mapping_msgs/msg/detail/map_primitive__struct.h
[45.480s] -- Installing: /root/r2ware/install/autoware_auto_mapping_msgs/include/autoware_auto_mapping_msgs/msg/detail/map_primitive__type_support.h
[45.480s] -- Installing: /root/r2ware/install/autoware_auto_mapping_msgs/include/autoware_auto_mapping_msgs/msg/detail/had_map_bin__functions.c
[45.480s] -- Installing: /root/r2ware/install/autoware_auto_mapping_msgs/include/autoware_auto_mapping_msgs/msg/detail/had_map_segment__type_support.h
[45.480s] -- Installing: /root/r2ware/install/autoware_auto_mapping_msgs/include/autoware_auto_mapping_msgs/msg/detail/had_map_segment__functions.h
[45.481s] -- Installing: /root/r2ware/install/autoware_auto_mapping_msgs/include/autoware_auto_mapping_msgs/msg/had_map_segment.h
[45.481s] -- Installing: /root/r2ware/install/autoware_auto_mapping_msgs/include/autoware_auto_mapping_msgs/srv
[45.481s] -- Installing: /root/r2ware/install/autoware_auto_mapping_msgs/include/autoware_auto_mapping_msgs/srv/had_map_service.h
[45.481s] -- Installing: /root/r2ware/install/autoware_auto_mapping_msgs/include/autoware_auto_mapping_msgs/srv/detail
[45.482s] -- Installing: /root/r2ware/install/autoware_auto_mapping_msgs/include/autoware_auto_mapping_msgs/srv/detail/had_map_service__type_support.h
[45.482s] -- Installing: /root/r2ware/install/autoware_auto_mapping_msgs/include/autoware_auto_mapping_msgs/srv/detail/had_map_service__functions.c
[45.482s] -- Installing: /root/r2ware/install/autoware_auto_mapping_msgs/include/autoware_auto_mapping_msgs/srv/detail/had_map_service__functions.h
[45.482s] -- Installing: /root/r2ware/install/autoware_auto_mapping_msgs/include/autoware_auto_mapping_msgs/srv/detail/had_map_service__struct.h
[45.482s] -- Installing: /root/r2ware/install/autoware_auto_mapping_msgs/share/autoware_auto_mapping_msgs/environment/library_path.sh
[45.482s] -- Installing: /root/r2ware/install/autoware_auto_mapping_msgs/share/autoware_auto_mapping_msgs/environment/library_path.dsv
[45.482s] -- Installing: /root/r2ware/install/autoware_auto_mapping_msgs/lib/libautoware_auto_mapping_msgs__rosidl_generator_c.so
[45.482s] -- Set runtime path of "/root/r2ware/install/autoware_auto_mapping_msgs/lib/libautoware_auto_mapping_msgs__rosidl_generator_c.so" to ""
[45.496s] -- Up-to-date: /root/r2ware/install/autoware_auto_mapping_msgs/include/autoware_auto_mapping_msgs
[45.496s] -- Up-to-date: /root/r2ware/install/autoware_auto_mapping_msgs/include/autoware_auto_mapping_msgs/msg
[45.496s] -- Installing: /root/r2ware/install/autoware_auto_mapping_msgs/include/autoware_auto_mapping_msgs/msg/rosidl_typesupport_fastrtps_c__visibility_control.h
[45.496s] -- Up-to-date: /root/r2ware/install/autoware_auto_mapping_msgs/include/autoware_auto_mapping_msgs/msg/detail
[45.496s] -- Installing: /root/r2ware/install/autoware_auto_mapping_msgs/include/autoware_auto_mapping_msgs/msg/detail/had_map_segment__rosidl_typesupport_fastrtps_c.h
[45.496s] -- Installing: /root/r2ware/install/autoware_auto_mapping_msgs/include/autoware_auto_mapping_msgs/msg/detail/had_map_bin__rosidl_typesupport_fastrtps_c.h
[45.497s] -- Installing: /root/r2ware/install/autoware_auto_mapping_msgs/include/autoware_auto_mapping_msgs/msg/detail/map_primitive__rosidl_typesupport_fastrtps_c.h
[45.497s] -- Up-to-date: /root/r2ware/install/autoware_auto_mapping_msgs/include/autoware_auto_mapping_msgs/srv
[45.497s] -- Up-to-date: /root/r2ware/install/autoware_auto_mapping_msgs/include/autoware_auto_mapping_msgs/srv/detail
[45.497s] -- Installing: /root/r2ware/install/autoware_auto_mapping_msgs/include/autoware_auto_mapping_msgs/srv/detail/had_map_service__rosidl_typesupport_fastrtps_c.h
[45.497s] -- Installing: /root/r2ware/install/autoware_auto_mapping_msgs/lib/libautoware_auto_mapping_msgs__rosidl_typesupport_fastrtps_c.so
[45.497s] -- Set runtime path of "/root/r2ware/install/autoware_auto_mapping_msgs/lib/libautoware_auto_mapping_msgs__rosidl_typesupport_fastrtps_c.so" to ""
[45.497s] -- Up-to-date: /root/r2ware/install/autoware_auto_mapping_msgs/include/autoware_auto_mapping_msgs
[45.497s] -- Up-to-date: /root/r2ware/install/autoware_auto_mapping_msgs/include/autoware_auto_mapping_msgs/msg
[45.498s] -- Installing: /root/r2ware/install/autoware_auto_mapping_msgs/include/autoware_auto_mapping_msgs/msg/rosidl_typesupport_fastrtps_cpp__visibility_control.h
[45.498s] -- Up-to-date: /root/r2ware/install/autoware_auto_mapping_msgs/include/autoware_auto_mapping_msgs/msg/detail
[45.498s] -- Installing: /root/r2ware/install/autoware_auto_mapping_msgs/include/autoware_auto_mapping_msgs/msg/detail/had_map_bin__rosidl_typesupport_fastrtps_cpp.hpp
[45.498s] -- Installing: /root/r2ware/install/autoware_auto_mapping_msgs/include/autoware_auto_mapping_msgs/msg/detail/dds_fastrtps
[45.498s] -- Installing: /root/r2ware/install/autoware_auto_mapping_msgs/include/autoware_auto_mapping_msgs/msg/detail/map_primitive__rosidl_typesupport_fastrtps_cpp.hpp
[45.498s] -- Installing: /root/r2ware/install/autoware_auto_mapping_msgs/include/autoware_auto_mapping_msgs/msg/detail/had_map_segment__rosidl_typesupport_fastrtps_cpp.hpp
[45.498s] -- Up-to-date: /root/r2ware/install/autoware_auto_mapping_msgs/include/autoware_auto_mapping_msgs/srv
[45.498s] -- Up-to-date: /root/r2ware/install/autoware_auto_mapping_msgs/include/autoware_auto_mapping_msgs/srv/detail
[45.499s] -- Installing: /root/r2ware/install/autoware_auto_mapping_msgs/include/autoware_auto_mapping_msgs/srv/detail/dds_fastrtps
[45.499s] -- Installing: /root/r2ware/install/autoware_auto_mapping_msgs/include/autoware_auto_mapping_msgs/srv/detail/had_map_service__rosidl_typesupport_fastrtps_cpp.hpp
[45.499s] -- Installing: /root/r2ware/install/autoware_auto_mapping_msgs/lib/libautoware_auto_mapping_msgs__rosidl_typesupport_fastrtps_cpp.so
[45.499s] -- Set runtime path of "/root/r2ware/install/autoware_auto_mapping_msgs/lib/libautoware_auto_mapping_msgs__rosidl_typesupport_fastrtps_cpp.so" to ""
[45.499s] -- Up-to-date: /root/r2ware/install/autoware_auto_mapping_msgs/include/autoware_auto_mapping_msgs
[45.499s] -- Up-to-date: /root/r2ware/install/autoware_auto_mapping_msgs/include/autoware_auto_mapping_msgs/msg
[45.499s] -- Installing: /root/r2ware/install/autoware_auto_mapping_msgs/include/autoware_auto_mapping_msgs/msg/rosidl_typesupport_introspection_c__visibility_control.h
[45.499s] -- Up-to-date: /root/r2ware/install/autoware_auto_mapping_msgs/include/autoware_auto_mapping_msgs/msg/detail
[45.500s] -- Installing: /root/r2ware/install/autoware_auto_mapping_msgs/include/autoware_auto_mapping_msgs/msg/detail/had_map_segment__rosidl_typesupport_introspection_c.h
[45.500s] -- Installing: /root/r2ware/install/autoware_auto_mapping_msgs/include/autoware_auto_mapping_msgs/msg/detail/had_map_bin__rosidl_typesupport_introspection_c.h
[45.500s] -- Installing: /root/r2ware/install/autoware_auto_mapping_msgs/include/autoware_auto_mapping_msgs/msg/detail/map_primitive__type_support.c
[45.501s] -- Installing: /root/r2ware/install/autoware_auto_mapping_msgs/include/autoware_auto_mapping_msgs/msg/detail/had_map_bin__type_support.c
[45.501s] -- Installing: /root/r2ware/install/autoware_auto_mapping_msgs/include/autoware_auto_mapping_msgs/msg/detail/had_map_segment__type_support.c
[45.501s] -- Installing: /root/r2ware/install/autoware_auto_mapping_msgs/include/autoware_auto_mapping_msgs/msg/detail/map_primitive__rosidl_typesupport_introspection_c.h
[45.502s] -- Up-to-date: /root/r2ware/install/autoware_auto_mapping_msgs/include/autoware_auto_mapping_msgs/srv
[45.502s] -- Up-to-date: /root/r2ware/install/autoware_auto_mapping_msgs/include/autoware_auto_mapping_msgs/srv/detail
[45.502s] -- Installing: /root/r2ware/install/autoware_auto_mapping_msgs/include/autoware_auto_mapping_msgs/srv/detail/had_map_service__type_support.c
[45.502s] -- Installing: /root/r2ware/install/autoware_auto_mapping_msgs/include/autoware_auto_mapping_msgs/srv/detail/had_map_service__rosidl_typesupport_introspection_c.h
[45.502s] -- Installing: /root/r2ware/install/autoware_auto_mapping_msgs/lib/libautoware_auto_mapping_msgs__rosidl_typesupport_introspection_c.so
[45.502s] -- Set runtime path of "/root/r2ware/install/autoware_auto_mapping_msgs/lib/libautoware_auto_mapping_msgs__rosidl_typesupport_introspection_c.so" to ""
[45.502s] -- Installing: /root/r2ware/install/autoware_auto_mapping_msgs/lib/libautoware_auto_mapping_msgs__rosidl_typesupport_c.so
[45.502s] -- Set runtime path of "/root/r2ware/install/autoware_auto_mapping_msgs/lib/libautoware_auto_mapping_msgs__rosidl_typesupport_c.so" to ""
[45.503s] -- Up-to-date: /root/r2ware/install/autoware_auto_mapping_msgs/include/autoware_auto_mapping_msgs
[45.503s] -- Up-to-date: /root/r2ware/install/autoware_auto_mapping_msgs/include/autoware_auto_mapping_msgs/msg
[45.503s] -- Installing: /root/r2ware/install/autoware_auto_mapping_msgs/include/autoware_auto_mapping_msgs/msg/had_map_segment.hpp
[45.503s] -- Installing: /root/r2ware/install/autoware_auto_mapping_msgs/include/autoware_auto_mapping_msgs/msg/map_primitive.hpp
[45.503s] -- Up-to-date: /root/r2ware/install/autoware_auto_mapping_msgs/include/autoware_auto_mapping_msgs/msg/detail
[45.503s] -- Installing: /root/r2ware/install/autoware_auto_mapping_msgs/include/autoware_auto_mapping_msgs/msg/detail/map_primitive__traits.hpp
[45.503s] -- Installing: /root/r2ware/install/autoware_auto_mapping_msgs/include/autoware_auto_mapping_msgs/msg/detail/had_map_segment__traits.hpp
[45.503s] -- Installing: /root/r2ware/install/autoware_auto_mapping_msgs/include/autoware_auto_mapping_msgs/msg/detail/had_map_bin__traits.hpp
[45.504s] -- Installing: /root/r2ware/install/autoware_auto_mapping_msgs/include/autoware_auto_mapping_msgs/msg/detail/had_map_bin__struct.hpp
[45.504s] -- Installing: /root/r2ware/install/autoware_auto_mapping_msgs/include/autoware_auto_mapping_msgs/msg/detail/had_map_segment__builder.hpp
[45.504s] -- Installing: /root/r2ware/install/autoware_auto_mapping_msgs/include/autoware_auto_mapping_msgs/msg/detail/had_map_segment__struct.hpp
[45.504s] -- Installing: /root/r2ware/install/autoware_auto_mapping_msgs/include/autoware_auto_mapping_msgs/msg/detail/had_map_bin__builder.hpp
[45.504s] -- Installing: /root/r2ware/install/autoware_auto_mapping_msgs/include/autoware_auto_mapping_msgs/msg/detail/map_primitive__builder.hpp
[45.504s] -- Installing: /root/r2ware/install/autoware_auto_mapping_msgs/include/autoware_auto_mapping_msgs/msg/detail/map_primitive__struct.hpp
[45.504s] -- Installing: /root/r2ware/install/autoware_auto_mapping_msgs/include/autoware_auto_mapping_msgs/msg/had_map_bin.hpp
[45.504s] -- Up-to-date: /root/r2ware/install/autoware_auto_mapping_msgs/include/autoware_auto_mapping_msgs/srv
[45.505s] -- Installing: /root/r2ware/install/autoware_auto_mapping_msgs/include/autoware_auto_mapping_msgs/srv/had_map_service.hpp
[45.505s] -- Up-to-date: /root/r2ware/install/autoware_auto_mapping_msgs/include/autoware_auto_mapping_msgs/srv/detail
[45.505s] -- Installing: /root/r2ware/install/autoware_auto_mapping_msgs/include/autoware_auto_mapping_msgs/srv/detail/had_map_service__builder.hpp
[45.505s] -- Installing: /root/r2ware/install/autoware_auto_mapping_msgs/include/autoware_auto_mapping_msgs/srv/detail/had_map_service__struct.hpp
[45.505s] -- Installing: /root/r2ware/install/autoware_auto_mapping_msgs/include/autoware_auto_mapping_msgs/srv/detail/had_map_service__traits.hpp
[45.505s] -- Up-to-date: /root/r2ware/install/autoware_auto_mapping_msgs/include/autoware_auto_mapping_msgs
[45.505s] -- Up-to-date: /root/r2ware/install/autoware_auto_mapping_msgs/include/autoware_auto_mapping_msgs/msg
[45.505s] -- Up-to-date: /root/r2ware/install/autoware_auto_mapping_msgs/include/autoware_auto_mapping_msgs/msg/detail
[45.506s] -- Installing: /root/r2ware/install/autoware_auto_mapping_msgs/include/autoware_auto_mapping_msgs/msg/detail/map_primitive__type_support.cpp
[45.506s] -- Installing: /root/r2ware/install/autoware_auto_mapping_msgs/include/autoware_auto_mapping_msgs/msg/detail/map_primitive__rosidl_typesupport_introspection_cpp.hpp
[45.507s] -- Installing: /root/r2ware/install/autoware_auto_mapping_msgs/include/autoware_auto_mapping_msgs/msg/detail/had_map_bin__type_support.cpp
[45.507s] -- Installing: /root/r2ware/install/autoware_auto_mapping_msgs/include/autoware_auto_mapping_msgs/msg/detail/had_map_segment__rosidl_typesupport_introspection_cpp.hpp
[45.507s] -- Installing: /root/r2ware/install/autoware_auto_mapping_msgs/include/autoware_auto_mapping_msgs/msg/detail/had_map_bin__rosidl_typesupport_introspection_cpp.hpp
[45.507s] -- Installing: /root/r2ware/install/autoware_auto_mapping_msgs/include/autoware_auto_mapping_msgs/msg/detail/had_map_segment__type_support.cpp
[45.507s] -- Up-to-date: /root/r2ware/install/autoware_auto_mapping_msgs/include/autoware_auto_mapping_msgs/srv
[45.507s] -- Up-to-date: /root/r2ware/install/autoware_auto_mapping_msgs/include/autoware_auto_mapping_msgs/srv/detail
[45.507s] -- Installing: /root/r2ware/install/autoware_auto_mapping_msgs/include/autoware_auto_mapping_msgs/srv/detail/had_map_service__rosidl_typesupport_introspection_cpp.hpp
[45.508s] -- Installing: /root/r2ware/install/autoware_auto_mapping_msgs/include/autoware_auto_mapping_msgs/srv/detail/had_map_service__type_support.cpp
[45.508s] -- Installing: /root/r2ware/install/autoware_auto_mapping_msgs/lib/libautoware_auto_mapping_msgs__rosidl_typesupport_introspection_cpp.so
[45.508s] -- Set runtime path of "/root/r2ware/install/autoware_auto_mapping_msgs/lib/libautoware_auto_mapping_msgs__rosidl_typesupport_introspection_cpp.so" to ""
[45.508s] -- Installing: /root/r2ware/install/autoware_auto_mapping_msgs/lib/libautoware_auto_mapping_msgs__rosidl_typesupport_cpp.so
[45.508s] -- Set runtime path of "/root/r2ware/install/autoware_auto_mapping_msgs/lib/libautoware_auto_mapping_msgs__rosidl_typesupport_cpp.so" to ""
[45.508s] -- Installing: /root/r2ware/install/autoware_auto_mapping_msgs/share/autoware_auto_mapping_msgs/environment/pythonpath.sh
[45.508s] -- Installing: /root/r2ware/install/autoware_auto_mapping_msgs/share/autoware_auto_mapping_msgs/environment/pythonpath.dsv
[45.508s] -- Installing: /root/r2ware/install/autoware_auto_mapping_msgs/lib/python3.8/site-packages/autoware_auto_mapping_msgs/__init__.py
[45.509s] Compiling '/root/r2ware/install/autoware_auto_mapping_msgs/lib/python3.8/site-packages/autoware_auto_mapping_msgs/__init__.py'...
[45.509s] -- Installing: /root/r2ware/install/autoware_auto_mapping_msgs/lib/python3.8/site-packages/autoware_auto_mapping_msgs/msg
[45.509s] -- Installing: /root/r2ware/install/autoware_auto_mapping_msgs/lib/python3.8/site-packages/autoware_auto_mapping_msgs/msg/_map_primitive.py
[45.509s] -- Installing: /root/r2ware/install/autoware_auto_mapping_msgs/lib/python3.8/site-packages/autoware_auto_mapping_msgs/msg/__init__.py
[45.509s] -- Installing: /root/r2ware/install/autoware_auto_mapping_msgs/lib/python3.8/site-packages/autoware_auto_mapping_msgs/msg/_had_map_bin_s.c
[45.509s] -- Installing: /root/r2ware/install/autoware_auto_mapping_msgs/lib/python3.8/site-packages/autoware_auto_mapping_msgs/msg/_map_primitive_s.c
[45.509s] -- Installing: /root/r2ware/install/autoware_auto_mapping_msgs/lib/python3.8/site-packages/autoware_auto_mapping_msgs/msg/_had_map_segment_s.c
[45.509s] -- Installing: /root/r2ware/install/autoware_auto_mapping_msgs/lib/python3.8/site-packages/autoware_auto_mapping_msgs/msg/_had_map_bin.py
[45.510s] -- Installing: /root/r2ware/install/autoware_auto_mapping_msgs/lib/python3.8/site-packages/autoware_auto_mapping_msgs/msg/_had_map_segment.py
[45.510s] -- Installing: /root/r2ware/install/autoware_auto_mapping_msgs/lib/python3.8/site-packages/autoware_auto_mapping_msgs/srv
[45.510s] -- Installing: /root/r2ware/install/autoware_auto_mapping_msgs/lib/python3.8/site-packages/autoware_auto_mapping_msgs/srv/__init__.py
[45.510s] -- Installing: /root/r2ware/install/autoware_auto_mapping_msgs/lib/python3.8/site-packages/autoware_auto_mapping_msgs/srv/_had_map_service_s.c
[45.510s] -- Installing: /root/r2ware/install/autoware_auto_mapping_msgs/lib/python3.8/site-packages/autoware_auto_mapping_msgs/srv/_had_map_service.py
[45.510s] -- Installing: /root/r2ware/install/autoware_auto_mapping_msgs/lib/python3.8/site-packages/autoware_auto_mapping_msgs/autoware_auto_mapping_msgs_s__rosidl_typesupport_fastrtps_c.cpython-38-aarch64-linux-gnu.so
[45.510s] -- Set runtime path of "/root/r2ware/install/autoware_auto_mapping_msgs/lib/python3.8/site-packages/autoware_auto_mapping_msgs/autoware_auto_mapping_msgs_s__rosidl_typesupport_fastrtps_c.cpython-38-aarch64-linux-gnu.so" to ""
[45.510s] -- Installing: /root/r2ware/install/autoware_auto_mapping_msgs/lib/python3.8/site-packages/autoware_auto_mapping_msgs/autoware_auto_mapping_msgs_s__rosidl_typesupport_introspection_c.cpython-38-aarch64-linux-gnu.so
[45.511s] -- Set runtime path of "/root/r2ware/install/autoware_auto_mapping_msgs/lib/python3.8/site-packages/autoware_auto_mapping_msgs/autoware_auto_mapping_msgs_s__rosidl_typesupport_introspection_c.cpython-38-aarch64-linux-gnu.so" to ""
[45.511s] -- Installing: /root/r2ware/install/autoware_auto_mapping_msgs/lib/python3.8/site-packages/autoware_auto_mapping_msgs/autoware_auto_mapping_msgs_s__rosidl_typesupport_c.cpython-38-aarch64-linux-gnu.so
[45.511s] -- Set runtime path of "/root/r2ware/install/autoware_auto_mapping_msgs/lib/python3.8/site-packages/autoware_auto_mapping_msgs/autoware_auto_mapping_msgs_s__rosidl_typesupport_c.cpython-38-aarch64-linux-gnu.so" to ""
[45.511s] -- Installing: /root/r2ware/install/autoware_auto_mapping_msgs/lib/libautoware_auto_mapping_msgs__python.so
[45.511s] -- Set runtime path of "/root/r2ware/install/autoware_auto_mapping_msgs/lib/libautoware_auto_mapping_msgs__python.so" to ""
[45.511s] -- Installing: /root/r2ware/install/autoware_auto_mapping_msgs/share/autoware_auto_mapping_msgs/msg/HADMapBin.idl
[45.511s] -- Installing: /root/r2ware/install/autoware_auto_mapping_msgs/share/autoware_auto_mapping_msgs/msg/HADMapSegment.idl
[45.511s] -- Installing: /root/r2ware/install/autoware_auto_mapping_msgs/share/autoware_auto_mapping_msgs/msg/MapPrimitive.idl
[45.512s] -- Installing: /root/r2ware/install/autoware_auto_mapping_msgs/share/autoware_auto_mapping_msgs/srv/HADMapService.idl
[45.512s] -- Installing: /root/r2ware/install/autoware_auto_mapping_msgs/share/ament_index/resource_index/package_run_dependencies/autoware_auto_mapping_msgs
[45.512s] -- Installing: /root/r2ware/install/autoware_auto_mapping_msgs/share/ament_index/resource_index/parent_prefix_path/autoware_auto_mapping_msgs
[45.512s] -- Installing: /root/r2ware/install/autoware_auto_mapping_msgs/share/autoware_auto_mapping_msgs/environment/ament_prefix_path.sh
[45.512s] -- Installing: /root/r2ware/install/autoware_auto_mapping_msgs/share/autoware_auto_mapping_msgs/environment/ament_prefix_path.dsv
[45.512s] -- Installing: /root/r2ware/install/autoware_auto_mapping_msgs/share/autoware_auto_mapping_msgs/environment/path.sh
[45.512s] -- Installing: /root/r2ware/install/autoware_auto_mapping_msgs/share/autoware_auto_mapping_msgs/environment/path.dsv
[45.512s] -- Installing: /root/r2ware/install/autoware_auto_mapping_msgs/share/autoware_auto_mapping_msgs/local_setup.bash
[45.513s] -- Installing: /root/r2ware/install/autoware_auto_mapping_msgs/share/autoware_auto_mapping_msgs/local_setup.sh
[45.513s] -- Installing: /root/r2ware/install/autoware_auto_mapping_msgs/share/autoware_auto_mapping_msgs/local_setup.zsh
[45.513s] -- Installing: /root/r2ware/install/autoware_auto_mapping_msgs/share/autoware_auto_mapping_msgs/local_setup.dsv
[45.513s] -- Installing: /root/r2ware/install/autoware_auto_mapping_msgs/share/autoware_auto_mapping_msgs/package.dsv
[45.513s] -- Installing: /root/r2ware/install/autoware_auto_mapping_msgs/share/ament_index/resource_index/packages/autoware_auto_mapping_msgs
[45.513s] -- Installing: /root/r2ware/install/autoware_auto_mapping_msgs/share/autoware_auto_mapping_msgs/cmake/autoware_auto_mapping_msgs__rosidl_generator_cExport.cmake
[45.513s] -- Installing: /root/r2ware/install/autoware_auto_mapping_msgs/share/autoware_auto_mapping_msgs/cmake/autoware_auto_mapping_msgs__rosidl_generator_cExport-noconfig.cmake
[45.513s] -- Installing: /root/r2ware/install/autoware_auto_mapping_msgs/share/autoware_auto_mapping_msgs/cmake/autoware_auto_mapping_msgs__rosidl_typesupport_introspection_cExport.cmake
[45.514s] -- Installing: /root/r2ware/install/autoware_auto_mapping_msgs/share/autoware_auto_mapping_msgs/cmake/autoware_auto_mapping_msgs__rosidl_typesupport_introspection_cExport-noconfig.cmake
[45.514s] -- Installing: /root/r2ware/install/autoware_auto_mapping_msgs/share/autoware_auto_mapping_msgs/cmake/autoware_auto_mapping_msgs__rosidl_typesupport_cExport.cmake
[45.514s] -- Installing: /root/r2ware/install/autoware_auto_mapping_msgs/share/autoware_auto_mapping_msgs/cmake/autoware_auto_mapping_msgs__rosidl_typesupport_cExport-noconfig.cmake
[45.514s] -- Installing: /root/r2ware/install/autoware_auto_mapping_msgs/share/autoware_auto_mapping_msgs/cmake/autoware_auto_mapping_msgs__rosidl_generator_cppExport.cmake
[45.514s] -- Installing: /root/r2ware/install/autoware_auto_mapping_msgs/share/autoware_auto_mapping_msgs/cmake/autoware_auto_mapping_msgs__rosidl_typesupport_introspection_cppExport.cmake
[45.514s] -- Installing: /root/r2ware/install/autoware_auto_mapping_msgs/share/autoware_auto_mapping_msgs/cmake/autoware_auto_mapping_msgs__rosidl_typesupport_introspection_cppExport-noconfig.cmake
[45.514s] -- Installing: /root/r2ware/install/autoware_auto_mapping_msgs/share/autoware_auto_mapping_msgs/cmake/autoware_auto_mapping_msgs__rosidl_typesupport_cppExport.cmake
[45.514s] -- Installing: /root/r2ware/install/autoware_auto_mapping_msgs/share/autoware_auto_mapping_msgs/cmake/autoware_auto_mapping_msgs__rosidl_typesupport_cppExport-noconfig.cmake
[45.515s] -- Installing: /root/r2ware/install/autoware_auto_mapping_msgs/share/autoware_auto_mapping_msgs/cmake/rosidl_cmake-extras.cmake
[45.515s] -- Installing: /root/r2ware/install/autoware_auto_mapping_msgs/share/autoware_auto_mapping_msgs/cmake/ament_cmake_export_dependencies-extras.cmake
[45.515s] -- Installing: /root/r2ware/install/autoware_auto_mapping_msgs/share/autoware_auto_mapping_msgs/cmake/ament_cmake_export_libraries-extras.cmake
[45.515s] -- Installing: /root/r2ware/install/autoware_auto_mapping_msgs/share/autoware_auto_mapping_msgs/cmake/ament_cmake_export_targets-extras.cmake
[45.515s] -- Installing: /root/r2ware/install/autoware_auto_mapping_msgs/share/autoware_auto_mapping_msgs/cmake/ament_cmake_export_include_directories-extras.cmake
[45.515s] -- Installing: /root/r2ware/install/autoware_auto_mapping_msgs/share/autoware_auto_mapping_msgs/cmake/rosidl_cmake_export_typesupport_libraries-extras.cmake
[45.515s] -- Installing: /root/r2ware/install/autoware_auto_mapping_msgs/share/autoware_auto_mapping_msgs/cmake/rosidl_cmake_export_typesupport_targets-extras.cmake
[45.543s] -- Installing: /root/r2ware/install/autoware_auto_mapping_msgs/share/autoware_auto_mapping_msgs/cmake/autoware_auto_mapping_msgsConfig.cmake
[45.544s] -- Installing: /root/r2ware/install/autoware_auto_mapping_msgs/share/autoware_auto_mapping_msgs/cmake/autoware_auto_mapping_msgsConfig-version.cmake
[45.544s] -- Installing: /root/r2ware/install/autoware_auto_mapping_msgs/share/autoware_auto_mapping_msgs/package.xml
[45.548s] Invoked command in '/root/r2ware/build/autoware_auto_mapping_msgs' returned '0': CMAKE_PREFIX_PATH=${CMAKE_PREFIX_PATH}:/root/yahboomcar_ros2_ws/yahboomcar_ws/install/yahboomcar_voice_ctrl:/root/yahboomcar_ros2_ws/yahboomcar_ws/install/yahboomcar_visual:/root/yahboomcar_ros2_ws/yahboomcar_ws/install/yahboomcar_nav:/root/yahboomcar_ros2_ws/yahboomcar_ws/install/yahboomcar_multi:/root/yahboomcar_ros2_ws/yahboomcar_ws/install/yahboomcar_mediapipe:/root/yahboomcar_ros2_ws/yahboomcar_ws/install/yahboomcar_linefollow:/root/yahboomcar_ros2_ws/yahboomcar_ws/install/yahboomcar_laser:/root/yahboomcar_ros2_ws/yahboomcar_ws/install/yahboomcar_description_x1:/root/yahboomcar_ros2_ws/yahboomcar_ws/install/yahboomcar_description:/root/yahboomcar_ros2_ws/yahboomcar_ws/install/yahboomcar_ctrl:/root/yahboomcar_ros2_ws/yahboomcar_ws/install/yahboomcar_bringup:/root/yahboomcar_ros2_ws/yahboomcar_ws/install/yahboomcar_astra:/root/yahboomcar_ros2_ws/yahboomcar_ws/install/yahboom_app_save_map:/root/yahboomcar_ros2_ws/yahboomcar_ws/install/robot_pose_publisher:/root/yahboomcar_ros2_ws/yahboomcar_ws/install/laserscan_to_point_pulisher:/opt/ros/foxy /usr/bin/cmake --install /root/r2ware/build/autoware_auto_mapping_msgs
