[0.215s] Invoking command in '/root/r2ware/build/autoware_auto_system_msgs': CMAKE_PREFIX_PATH=${CMAKE_PREFIX_PATH}:/root/yahboomcar_ros2_ws/yahboomcar_ws/install/yahboomcar_voice_ctrl:/root/yahboomcar_ros2_ws/yahboomcar_ws/install/yahboomcar_visual:/root/yahboomcar_ros2_ws/yahboomcar_ws/install/yahboomcar_nav:/root/yahboomcar_ros2_ws/yahboomcar_ws/install/yahboomcar_multi:/root/yahboomcar_ros2_ws/yahboomcar_ws/install/yahboomcar_mediapipe:/root/yahboomcar_ros2_ws/yahboomcar_ws/install/yahboomcar_linefollow:/root/yahboomcar_ros2_ws/yahboomcar_ws/install/yahboomcar_laser:/root/yahboomcar_ros2_ws/yahboomcar_ws/install/yahboomcar_description_x1:/root/yahboomcar_ros2_ws/yahboomcar_ws/install/yahboomcar_description:/root/yahboomcar_ros2_ws/yahboomcar_ws/install/yahboomcar_ctrl:/root/yahboomcar_ros2_ws/yahboomcar_ws/install/yahboomcar_bringup:/root/yahboomcar_ros2_ws/yahboomcar_ws/install/yahboomcar_astra:/root/yahboomcar_ros2_ws/yahboomcar_ws/install/yahboom_app_save_map:/root/yahboomcar_ros2_ws/yahboomcar_ws/install/robot_pose_publisher:/root/yahboomcar_ros2_ws/yahboomcar_ws/install/laserscan_to_point_pulisher:/opt/ros/foxy /usr/bin/cmake --build /root/r2ware/build/autoware_auto_system_msgs -- -j8 -l8
[0.307s] -- Found ament_cmake_auto: 0.9.11 (/opt/ros/foxy/share/ament_cmake_auto/cmake)
[0.385s] -- Found PythonInterp: /usr/bin/python3 (found suitable version "3.8.10", minimum required is "3") 
[0.386s] -- Using PYTHON_EXECUTABLE: /usr/bin/python3
[1.190s] -- Using all available rosidl_typesupport_c: rosidl_typesupport_fastrtps_c;rosidl_typesupport_introspection_c
[1.199s] -- Found rosidl_adapter: 1.3.0 (/opt/ros/foxy/share/rosidl_adapter/cmake)
[1.885s] -- Using all available rosidl_typesupport_cpp: rosidl_typesupport_fastrtps_cpp;rosidl_typesupport_introspection_cpp
[2.178s] -- Found ament_cmake_cppcheck: 0.9.7 (/opt/ros/foxy/share/ament_cmake_cppcheck/cmake)
[2.180s] -- Found ament_cmake_cpplint: 0.9.7 (/opt/ros/foxy/share/ament_cmake_cpplint/cmake)
[2.182s] -- Found ament_cmake_uncrustify: 0.9.7 (/opt/ros/foxy/share/ament_cmake_uncrustify/cmake)
[2.185s] -- Found ament_cmake_ros: 0.9.2 (/opt/ros/foxy/share/ament_cmake_ros/cmake)
[2.801s] -- Using all available rosidl_typesupport_c: rosidl_typesupport_fastrtps_c;rosidl_typesupport_introspection_c
[2.971s] -- Using all available rosidl_typesupport_cpp: rosidl_typesupport_fastrtps_cpp;rosidl_typesupport_introspection_cpp
[3.109s] -- Found PythonInterp: /usr/bin/python3 (found suitable version "3.8.10", minimum required is "3.5") 
[3.110s] -- Found python_cmake_module: 0.8.1 (/opt/ros/foxy/share/python_cmake_module/cmake)
[3.216s] -- Using PYTHON_EXECUTABLE: /usr/bin/python3
[3.216s] -- Using PYTHON_INCLUDE_DIRS: /usr/include/python3.8
[3.216s] -- Using PYTHON_LIBRARIES: /usr/lib/aarch64-linux-gnu/libpython3.8.so
[3.371s] -- Found ament_cmake_flake8: 0.9.7 (/opt/ros/foxy/share/ament_cmake_flake8/cmake)
[3.372s] -- Found ament_cmake_pep257: 0.9.7 (/opt/ros/foxy/share/ament_cmake_pep257/cmake)
[3.376s] -- Found ament_lint_auto: 0.9.7 (/opt/ros/foxy/share/ament_lint_auto/cmake)
[3.430s] -- Added test 'copyright' to check source files copyright and LICENSE
[3.431s] -- Added test 'lint_cmake' to check CMake code style
[3.433s] -- Added test 'xmllint' to check XML markup files
[3.454s] -- Configuring done
[3.675s] -- Generating done
[3.685s] -- Build files have been written to: /root/r2ware/build/autoware_auto_system_msgs
[3.851s] [  1%] [34m[1mGenerating C code for ROS interfaces[0m
[3.953s] [  2%] [34m[1mGenerating C++ code for ROS interfaces[0m
[7.783s] [  2%] Built target autoware_auto_system_msgs__cpp
[7.879s] [  3%] [34m[1mGenerating C++ type support dispatch for ROS interfaces[0m
[7.938s] [  5%] [34m[1mGenerating C++ type support for eProsima Fast-RTPS[0m
[8.008s] [  6%] [34m[1mGenerating C++ introspection for ROS interfaces[0m
[8.539s] [35m[1mScanning dependencies of target autoware_auto_system_msgs__rosidl_generator_c[0m
[8.773s] [  7%] [32mBuilding C object CMakeFiles/autoware_auto_system_msgs__rosidl_generator_c.dir/rosidl_generator_c/autoware_auto_system_msgs/msg/detail/autoware_state__functions.c.o[0m
[8.798s] [  8%] [32mBuilding C object CMakeFiles/autoware_auto_system_msgs__rosidl_generator_c.dir/rosidl_generator_c/autoware_auto_system_msgs/msg/detail/diagnostic_header__functions.c.o[0m
[8.881s] [ 10%] [32mBuilding C object CMakeFiles/autoware_auto_system_msgs__rosidl_generator_c.dir/rosidl_generator_c/autoware_auto_system_msgs/msg/detail/control_diagnostic__functions.c.o[0m
[8.889s] [ 11%] [32mBuilding C object CMakeFiles/autoware_auto_system_msgs__rosidl_generator_c.dir/rosidl_generator_c/autoware_auto_system_msgs/msg/detail/driving_capability__functions.c.o[0m
[8.905s] [ 12%] [32mBuilding C object CMakeFiles/autoware_auto_system_msgs__rosidl_generator_c.dir/rosidl_generator_c/autoware_auto_system_msgs/msg/detail/emergency_state__functions.c.o[0m
[9.482s] [ 13%] [32mBuilding C object CMakeFiles/autoware_auto_system_msgs__rosidl_generator_c.dir/rosidl_generator_c/autoware_auto_system_msgs/msg/detail/hazard_status__functions.c.o[0m
[9.622s] [ 15%] [32mBuilding C object CMakeFiles/autoware_auto_system_msgs__rosidl_generator_c.dir/rosidl_generator_c/autoware_auto_system_msgs/msg/detail/hazard_status_stamped__functions.c.o[0m
[10.311s] [ 16%] [32m[1mLinking C shared library libautoware_auto_system_msgs__rosidl_generator_c.so[0m
[11.083s] [ 16%] Built target autoware_auto_system_msgs__rosidl_generator_c
[11.390s] [ 17%] [34m[1mGenerating C introspection for ROS interfaces[0m
[11.394s] [ 18%] [34m[1mGenerating C type support dispatch for ROS interfaces[0m
[14.506s] [35m[1mScanning dependencies of target autoware_auto_system_msgs__rosidl_typesupport_cpp[0m
[14.739s] [ 20%] [32mBuilding CXX object CMakeFiles/autoware_auto_system_msgs__rosidl_typesupport_cpp.dir/rosidl_typesupport_cpp/autoware_auto_system_msgs/msg/driving_capability__type_support.cpp.o[0m
[14.743s] [ 21%] [32mBuilding CXX object CMakeFiles/autoware_auto_system_msgs__rosidl_typesupport_cpp.dir/rosidl_typesupport_cpp/autoware_auto_system_msgs/msg/autoware_state__type_support.cpp.o[0m
[14.754s] [ 22%] [32mBuilding CXX object CMakeFiles/autoware_auto_system_msgs__rosidl_typesupport_cpp.dir/rosidl_typesupport_cpp/autoware_auto_system_msgs/msg/diagnostic_header__type_support.cpp.o[0m
[14.780s] [ 24%] [32mBuilding CXX object CMakeFiles/autoware_auto_system_msgs__rosidl_typesupport_cpp.dir/rosidl_typesupport_cpp/autoware_auto_system_msgs/msg/control_diagnostic__type_support.cpp.o[0m
[16.344s] [35m[1mScanning dependencies of target autoware_auto_system_msgs__rosidl_typesupport_introspection_cpp[0m
[16.456s] [ 25%] [32mBuilding CXX object CMakeFiles/autoware_auto_system_msgs__rosidl_typesupport_introspection_cpp.dir/rosidl_typesupport_introspection_cpp/autoware_auto_system_msgs/msg/detail/autoware_state__type_support.cpp.o[0m
[16.562s] [ 26%] [32mBuilding CXX object CMakeFiles/autoware_auto_system_msgs__rosidl_typesupport_cpp.dir/rosidl_typesupport_cpp/autoware_auto_system_msgs/msg/emergency_state__type_support.cpp.o[0m
[16.567s] [ 27%] [32mBuilding CXX object CMakeFiles/autoware_auto_system_msgs__rosidl_typesupport_cpp.dir/rosidl_typesupport_cpp/autoware_auto_system_msgs/msg/hazard_status__type_support.cpp.o[0m
[16.692s] [35m[1mScanning dependencies of target autoware_auto_system_msgs__rosidl_typesupport_fastrtps_cpp[0m
[16.743s] [ 29%] [32mBuilding CXX object CMakeFiles/autoware_auto_system_msgs__rosidl_typesupport_cpp.dir/rosidl_typesupport_cpp/autoware_auto_system_msgs/msg/hazard_status_stamped__type_support.cpp.o[0m
[16.867s] [ 30%] [32mBuilding CXX object CMakeFiles/autoware_auto_system_msgs__rosidl_typesupport_fastrtps_cpp.dir/rosidl_typesupport_fastrtps_cpp/autoware_auto_system_msgs/msg/detail/dds_fastrtps/autoware_state__type_support.cpp.o[0m
[17.000s] [35m[1mScanning dependencies of target autoware_auto_system_msgs__rosidl_typesupport_c[0m
[17.005s] [ 31%] [32mBuilding CXX object CMakeFiles/autoware_auto_system_msgs__rosidl_typesupport_fastrtps_cpp.dir/rosidl_typesupport_fastrtps_cpp/autoware_auto_system_msgs/msg/detail/dds_fastrtps/control_diagnostic__type_support.cpp.o[0m
[17.153s] [ 32%] [32mBuilding CXX object CMakeFiles/autoware_auto_system_msgs__rosidl_typesupport_c.dir/rosidl_typesupport_c/autoware_auto_system_msgs/msg/autoware_state__type_support.cpp.o[0m
[17.355s] [ 34%] [32mBuilding CXX object CMakeFiles/autoware_auto_system_msgs__rosidl_typesupport_c.dir/rosidl_typesupport_c/autoware_auto_system_msgs/msg/control_diagnostic__type_support.cpp.o[0m
[17.602s] [ 35%] [32mBuilding CXX object CMakeFiles/autoware_auto_system_msgs__rosidl_typesupport_c.dir/rosidl_typesupport_c/autoware_auto_system_msgs/msg/diagnostic_header__type_support.cpp.o[0m
[17.755s] [35m[1mScanning dependencies of target autoware_auto_system_msgs__rosidl_typesupport_introspection_c[0m
[17.807s] [ 36%] [32mBuilding CXX object CMakeFiles/autoware_auto_system_msgs__rosidl_typesupport_c.dir/rosidl_typesupport_c/autoware_auto_system_msgs/msg/driving_capability__type_support.cpp.o[0m
[17.878s] [ 37%] [32mBuilding C object CMakeFiles/autoware_auto_system_msgs__rosidl_typesupport_introspection_c.dir/rosidl_typesupport_introspection_c/autoware_auto_system_msgs/msg/detail/autoware_state__type_support.c.o[0m
[17.980s] [ 39%] [32mBuilding CXX object CMakeFiles/autoware_auto_system_msgs__rosidl_typesupport_introspection_cpp.dir/rosidl_typesupport_introspection_cpp/autoware_auto_system_msgs/msg/detail/control_diagnostic__type_support.cpp.o[0m
[18.090s] [ 40%] [32mBuilding CXX object CMakeFiles/autoware_auto_system_msgs__rosidl_typesupport_c.dir/rosidl_typesupport_c/autoware_auto_system_msgs/msg/emergency_state__type_support.cpp.o[0m
[18.189s] [ 41%] [32mBuilding C object CMakeFiles/autoware_auto_system_msgs__rosidl_typesupport_introspection_c.dir/rosidl_typesupport_introspection_c/autoware_auto_system_msgs/msg/detail/control_diagnostic__type_support.c.o[0m
[18.236s] [ 43%] [32mBuilding CXX object CMakeFiles/autoware_auto_system_msgs__rosidl_typesupport_introspection_cpp.dir/rosidl_typesupport_introspection_cpp/autoware_auto_system_msgs/msg/detail/diagnostic_header__type_support.cpp.o[0m
[18.263s] [ 44%] [32mBuilding CXX object CMakeFiles/autoware_auto_system_msgs__rosidl_typesupport_introspection_cpp.dir/rosidl_typesupport_introspection_cpp/autoware_auto_system_msgs/msg/detail/driving_capability__type_support.cpp.o[0m
[18.293s] [ 45%] [32m[1mLinking CXX shared library libautoware_auto_system_msgs__rosidl_typesupport_cpp.so[0m
[18.341s] [ 46%] [32mBuilding CXX object CMakeFiles/autoware_auto_system_msgs__rosidl_typesupport_c.dir/rosidl_typesupport_c/autoware_auto_system_msgs/msg/hazard_status__type_support.cpp.o[0m
[18.448s] [ 48%] [32mBuilding C object CMakeFiles/autoware_auto_system_msgs__rosidl_typesupport_introspection_c.dir/rosidl_typesupport_introspection_c/autoware_auto_system_msgs/msg/detail/diagnostic_header__type_support.c.o[0m
[18.628s] [ 49%] [32mBuilding CXX object CMakeFiles/autoware_auto_system_msgs__rosidl_typesupport_c.dir/rosidl_typesupport_c/autoware_auto_system_msgs/msg/hazard_status_stamped__type_support.cpp.o[0m
[18.671s] [ 49%] Built target autoware_auto_system_msgs__rosidl_typesupport_cpp
[18.807s] [ 50%] [32mBuilding C object CMakeFiles/autoware_auto_system_msgs__rosidl_typesupport_introspection_c.dir/rosidl_typesupport_introspection_c/autoware_auto_system_msgs/msg/detail/driving_capability__type_support.c.o[0m
[18.951s] [ 51%] [32m[1mLinking CXX shared library libautoware_auto_system_msgs__rosidl_typesupport_c.so[0m
[19.145s] [ 53%] [32mBuilding C object CMakeFiles/autoware_auto_system_msgs__rosidl_typesupport_introspection_c.dir/rosidl_typesupport_introspection_c/autoware_auto_system_msgs/msg/detail/emergency_state__type_support.c.o[0m
[19.162s] [ 54%] [32mBuilding CXX object CMakeFiles/autoware_auto_system_msgs__rosidl_typesupport_fastrtps_cpp.dir/rosidl_typesupport_fastrtps_cpp/autoware_auto_system_msgs/msg/detail/dds_fastrtps/diagnostic_header__type_support.cpp.o[0m
[19.219s] [ 55%] [32mBuilding CXX object CMakeFiles/autoware_auto_system_msgs__rosidl_typesupport_fastrtps_cpp.dir/rosidl_typesupport_fastrtps_cpp/autoware_auto_system_msgs/msg/detail/dds_fastrtps/driving_capability__type_support.cpp.o[0m
[19.401s] [ 55%] Built target autoware_auto_system_msgs__rosidl_typesupport_c
[19.446s] [ 56%] [32mBuilding C object CMakeFiles/autoware_auto_system_msgs__rosidl_typesupport_introspection_c.dir/rosidl_typesupport_introspection_c/autoware_auto_system_msgs/msg/detail/hazard_status__type_support.c.o[0m
[19.570s] [ 58%] [32mBuilding C object CMakeFiles/autoware_auto_system_msgs__rosidl_typesupport_introspection_c.dir/rosidl_typesupport_introspection_c/autoware_auto_system_msgs/msg/detail/hazard_status_stamped__type_support.c.o[0m
[19.768s] [ 59%] [32mBuilding CXX object CMakeFiles/autoware_auto_system_msgs__rosidl_typesupport_introspection_cpp.dir/rosidl_typesupport_introspection_cpp/autoware_auto_system_msgs/msg/detail/emergency_state__type_support.cpp.o[0m
[19.806s] [ 60%] [32mBuilding CXX object CMakeFiles/autoware_auto_system_msgs__rosidl_typesupport_introspection_cpp.dir/rosidl_typesupport_introspection_cpp/autoware_auto_system_msgs/msg/detail/hazard_status__type_support.cpp.o[0m
[19.871s] [ 62%] [32mBuilding CXX object CMakeFiles/autoware_auto_system_msgs__rosidl_typesupport_introspection_cpp.dir/rosidl_typesupport_introspection_cpp/autoware_auto_system_msgs/msg/detail/hazard_status_stamped__type_support.cpp.o[0m
[19.976s] [ 63%] [32m[1mLinking C shared library libautoware_auto_system_msgs__rosidl_typesupport_introspection_c.so[0m
[20.063s] [ 64%] [32mBuilding CXX object CMakeFiles/autoware_auto_system_msgs__rosidl_typesupport_fastrtps_cpp.dir/rosidl_typesupport_fastrtps_cpp/autoware_auto_system_msgs/msg/detail/dds_fastrtps/emergency_state__type_support.cpp.o[0m
[20.348s] [ 65%] [32mBuilding CXX object CMakeFiles/autoware_auto_system_msgs__rosidl_typesupport_fastrtps_cpp.dir/rosidl_typesupport_fastrtps_cpp/autoware_auto_system_msgs/msg/detail/dds_fastrtps/hazard_status__type_support.cpp.o[0m
[20.551s] [ 65%] Built target autoware_auto_system_msgs__rosidl_typesupport_introspection_c
[20.623s] [ 67%] [32mBuilding CXX object CMakeFiles/autoware_auto_system_msgs__rosidl_typesupport_fastrtps_cpp.dir/rosidl_typesupport_fastrtps_cpp/autoware_auto_system_msgs/msg/detail/dds_fastrtps/hazard_status_stamped__type_support.cpp.o[0m
[22.571s] [ 68%] [32m[1mLinking CXX shared library libautoware_auto_system_msgs__rosidl_typesupport_introspection_cpp.so[0m
[22.844s] [ 69%] [32m[1mLinking CXX shared library libautoware_auto_system_msgs__rosidl_typesupport_fastrtps_cpp.so[0m
[22.935s] [ 69%] Built target autoware_auto_system_msgs__rosidl_typesupport_introspection_cpp
[23.217s] [ 69%] Built target autoware_auto_system_msgs__rosidl_typesupport_fastrtps_cpp
[23.257s] [ 70%] [34m[1mGenerating C type support for eProsima Fast-RTPS[0m
[25.572s] [35m[1mScanning dependencies of target autoware_auto_system_msgs__rosidl_typesupport_fastrtps_c[0m
[25.685s] [ 72%] [32mBuilding CXX object CMakeFiles/autoware_auto_system_msgs__rosidl_typesupport_fastrtps_c.dir/rosidl_typesupport_fastrtps_c/autoware_auto_system_msgs/msg/detail/autoware_state__type_support_c.cpp.o[0m
[26.631s] [ 73%] [32mBuilding CXX object CMakeFiles/autoware_auto_system_msgs__rosidl_typesupport_fastrtps_c.dir/rosidl_typesupport_fastrtps_c/autoware_auto_system_msgs/msg/detail/hazard_status_stamped__type_support_c.cpp.o[0m
[27.567s] [ 74%] [32mBuilding CXX object CMakeFiles/autoware_auto_system_msgs__rosidl_typesupport_fastrtps_c.dir/rosidl_typesupport_fastrtps_c/autoware_auto_system_msgs/msg/detail/hazard_status__type_support_c.cpp.o[0m
[28.566s] [ 75%] [32mBuilding CXX object CMakeFiles/autoware_auto_system_msgs__rosidl_typesupport_fastrtps_c.dir/rosidl_typesupport_fastrtps_c/autoware_auto_system_msgs/msg/detail/emergency_state__type_support_c.cpp.o[0m
[29.503s] [ 77%] [32mBuilding CXX object CMakeFiles/autoware_auto_system_msgs__rosidl_typesupport_fastrtps_c.dir/rosidl_typesupport_fastrtps_c/autoware_auto_system_msgs/msg/detail/driving_capability__type_support_c.cpp.o[0m
[30.459s] [ 78%] [32mBuilding CXX object CMakeFiles/autoware_auto_system_msgs__rosidl_typesupport_fastrtps_c.dir/rosidl_typesupport_fastrtps_c/autoware_auto_system_msgs/msg/detail/diagnostic_header__type_support_c.cpp.o[0m
[31.539s] [ 79%] [32mBuilding CXX object CMakeFiles/autoware_auto_system_msgs__rosidl_typesupport_fastrtps_c.dir/rosidl_typesupport_fastrtps_c/autoware_auto_system_msgs/msg/detail/control_diagnostic__type_support_c.cpp.o[0m
[32.548s] [ 81%] [32m[1mLinking CXX shared library libautoware_auto_system_msgs__rosidl_typesupport_fastrtps_c.so[0m
[32.817s] [ 81%] Built target autoware_auto_system_msgs__rosidl_typesupport_fastrtps_c
[32.911s] [ 81%] Built target autoware_auto_system_msgs
[33.012s] [ 82%] [34m[1mGenerating Python code for ROS interfaces[0m
[37.042s] [ 82%] Built target autoware_auto_system_msgs__py
[37.127s] [35m[1mScanning dependencies of target autoware_auto_system_msgs__python[0m
[37.226s] [ 83%] [32mBuilding C object CMakeFiles/autoware_auto_system_msgs__python.dir/rosidl_generator_py/autoware_auto_system_msgs/msg/_autoware_state_s.c.o[0m
[37.542s] [ 84%] [32mBuilding C object CMakeFiles/autoware_auto_system_msgs__python.dir/rosidl_generator_py/autoware_auto_system_msgs/msg/_hazard_status_stamped_s.c.o[0m
[37.934s] [ 86%] [32mBuilding C object CMakeFiles/autoware_auto_system_msgs__python.dir/rosidl_generator_py/autoware_auto_system_msgs/msg/_hazard_status_s.c.o[0m
[38.271s] [ 87%] [32mBuilding C object CMakeFiles/autoware_auto_system_msgs__python.dir/rosidl_generator_py/autoware_auto_system_msgs/msg/_emergency_state_s.c.o[0m
[38.609s] [ 88%] [32mBuilding C object CMakeFiles/autoware_auto_system_msgs__python.dir/rosidl_generator_py/autoware_auto_system_msgs/msg/_driving_capability_s.c.o[0m
[38.940s] [ 89%] [32mBuilding C object CMakeFiles/autoware_auto_system_msgs__python.dir/rosidl_generator_py/autoware_auto_system_msgs/msg/_diagnostic_header_s.c.o[0m
[39.199s] [ 91%] [32mBuilding C object CMakeFiles/autoware_auto_system_msgs__python.dir/rosidl_generator_py/autoware_auto_system_msgs/msg/_control_diagnostic_s.c.o[0m
[39.504s] [ 92%] [32m[1mLinking C shared library rosidl_generator_py/autoware_auto_system_msgs/libautoware_auto_system_msgs__python.so[0m
[39.651s] [ 92%] Built target autoware_auto_system_msgs__python
[39.692s] [35m[1mScanning dependencies of target autoware_auto_system_msgs__rosidl_typesupport_c__pyext[0m
[39.748s] [ 93%] [32mBuilding C object CMakeFiles/autoware_auto_system_msgs__rosidl_typesupport_c__pyext.dir/rosidl_generator_py/autoware_auto_system_msgs/_autoware_auto_system_msgs_s.ep.rosidl_typesupport_c.c.o[0m
[40.001s] [ 94%] [32m[1mLinking C shared library rosidl_generator_py/autoware_auto_system_msgs/autoware_auto_system_msgs_s__rosidl_typesupport_c.cpython-38-aarch64-linux-gnu.so[0m
[40.120s] [ 94%] Built target autoware_auto_system_msgs__rosidl_typesupport_c__pyext
[40.187s] [35m[1mScanning dependencies of target autoware_auto_system_msgs__rosidl_typesupport_introspection_c__pyext[0m
[40.254s] [ 96%] [32mBuilding C object CMakeFiles/autoware_auto_system_msgs__rosidl_typesupport_introspection_c__pyext.dir/rosidl_generator_py/autoware_auto_system_msgs/_autoware_auto_system_msgs_s.ep.rosidl_typesupport_introspection_c.c.o[0m
[40.516s] [ 97%] [32m[1mLinking C shared library rosidl_generator_py/autoware_auto_system_msgs/autoware_auto_system_msgs_s__rosidl_typesupport_introspection_c.cpython-38-aarch64-linux-gnu.so[0m
[40.654s] [ 97%] Built target autoware_auto_system_msgs__rosidl_typesupport_introspection_c__pyext
[40.703s] [35m[1mScanning dependencies of target autoware_auto_system_msgs__rosidl_typesupport_fastrtps_c__pyext[0m
[40.765s] [ 98%] [32mBuilding C object CMakeFiles/autoware_auto_system_msgs__rosidl_typesupport_fastrtps_c__pyext.dir/rosidl_generator_py/autoware_auto_system_msgs/_autoware_auto_system_msgs_s.ep.rosidl_typesupport_fastrtps_c.c.o[0m
[41.013s] [100%] [32m[1mLinking CXX shared library rosidl_generator_py/autoware_auto_system_msgs/autoware_auto_system_msgs_s__rosidl_typesupport_fastrtps_c.cpython-38-aarch64-linux-gnu.so[0m
[41.207s] [100%] Built target autoware_auto_system_msgs__rosidl_typesupport_fastrtps_c__pyext
[41.260s] Invoked command in '/root/r2ware/build/autoware_auto_system_msgs' returned '0': CMAKE_PREFIX_PATH=${CMAKE_PREFIX_PATH}:/root/yahboomcar_ros2_ws/yahboomcar_ws/install/yahboomcar_voice_ctrl:/root/yahboomcar_ros2_ws/yahboomcar_ws/install/yahboomcar_visual:/root/yahboomcar_ros2_ws/yahboomcar_ws/install/yahboomcar_nav:/root/yahboomcar_ros2_ws/yahboomcar_ws/install/yahboomcar_multi:/root/yahboomcar_ros2_ws/yahboomcar_ws/install/yahboomcar_mediapipe:/root/yahboomcar_ros2_ws/yahboomcar_ws/install/yahboomcar_linefollow:/root/yahboomcar_ros2_ws/yahboomcar_ws/install/yahboomcar_laser:/root/yahboomcar_ros2_ws/yahboomcar_ws/install/yahboomcar_description_x1:/root/yahboomcar_ros2_ws/yahboomcar_ws/install/yahboomcar_description:/root/yahboomcar_ros2_ws/yahboomcar_ws/install/yahboomcar_ctrl:/root/yahboomcar_ros2_ws/yahboomcar_ws/install/yahboomcar_bringup:/root/yahboomcar_ros2_ws/yahboomcar_ws/install/yahboomcar_astra:/root/yahboomcar_ros2_ws/yahboomcar_ws/install/yahboom_app_save_map:/root/yahboomcar_ros2_ws/yahboomcar_ws/install/robot_pose_publisher:/root/yahboomcar_ros2_ws/yahboomcar_ws/install/laserscan_to_point_pulisher:/opt/ros/foxy /usr/bin/cmake --build /root/r2ware/build/autoware_auto_system_msgs -- -j8 -l8
[42.955s] Invoking command in '/root/r2ware/build/autoware_auto_system_msgs': CMAKE_PREFIX_PATH=${CMAKE_PREFIX_PATH}:/root/yahboomcar_ros2_ws/yahboomcar_ws/install/yahboomcar_voice_ctrl:/root/yahboomcar_ros2_ws/yahboomcar_ws/install/yahboomcar_visual:/root/yahboomcar_ros2_ws/yahboomcar_ws/install/yahboomcar_nav:/root/yahboomcar_ros2_ws/yahboomcar_ws/install/yahboomcar_multi:/root/yahboomcar_ros2_ws/yahboomcar_ws/install/yahboomcar_mediapipe:/root/yahboomcar_ros2_ws/yahboomcar_ws/install/yahboomcar_linefollow:/root/yahboomcar_ros2_ws/yahboomcar_ws/install/yahboomcar_laser:/root/yahboomcar_ros2_ws/yahboomcar_ws/install/yahboomcar_description_x1:/root/yahboomcar_ros2_ws/yahboomcar_ws/install/yahboomcar_description:/root/yahboomcar_ros2_ws/yahboomcar_ws/install/yahboomcar_ctrl:/root/yahboomcar_ros2_ws/yahboomcar_ws/install/yahboomcar_bringup:/root/yahboomcar_ros2_ws/yahboomcar_ws/install/yahboomcar_astra:/root/yahboomcar_ros2_ws/yahboomcar_ws/install/yahboom_app_save_map:/root/yahboomcar_ros2_ws/yahboomcar_ws/install/robot_pose_publisher:/root/yahboomcar_ros2_ws/yahboomcar_ws/install/laserscan_to_point_pulisher:/opt/ros/foxy /usr/bin/cmake --install /root/r2ware/build/autoware_auto_system_msgs
[63.814s] -- Install configuration: ""
[63.818s] -- Up-to-date: /root/r2ware/install/autoware_auto_system_msgs/share/ament_index/resource_index/rosidl_interfaces/autoware_auto_system_msgs
[63.819s] -- Up-to-date: /root/r2ware/install/autoware_auto_system_msgs/include/autoware_auto_system_msgs
[63.819s] -- Up-to-date: /root/r2ware/install/autoware_auto_system_msgs/include/autoware_auto_system_msgs/msg
[63.819s] -- Installing: /root/r2ware/install/autoware_auto_system_msgs/include/autoware_auto_system_msgs/msg/driving_capability.h
[63.819s] -- Installing: /root/r2ware/install/autoware_auto_system_msgs/include/autoware_auto_system_msgs/msg/hazard_status.h
[63.819s] -- Installing: /root/r2ware/install/autoware_auto_system_msgs/include/autoware_auto_system_msgs/msg/hazard_status_stamped.h
[63.819s] -- Installing: /root/r2ware/install/autoware_auto_system_msgs/include/autoware_auto_system_msgs/msg/diagnostic_header.h
[63.820s] -- Up-to-date: /root/r2ware/install/autoware_auto_system_msgs/include/autoware_auto_system_msgs/msg/rosidl_generator_c__visibility_control.h
[63.820s] -- Installing: /root/r2ware/install/autoware_auto_system_msgs/include/autoware_auto_system_msgs/msg/control_diagnostic.h
[63.820s] -- Installing: /root/r2ware/install/autoware_auto_system_msgs/include/autoware_auto_system_msgs/msg/emergency_state.h
[63.820s] -- Installing: /root/r2ware/install/autoware_auto_system_msgs/include/autoware_auto_system_msgs/msg/autoware_state.h
[63.820s] -- Up-to-date: /root/r2ware/install/autoware_auto_system_msgs/include/autoware_auto_system_msgs/msg/detail
[63.820s] -- Installing: /root/r2ware/install/autoware_auto_system_msgs/include/autoware_auto_system_msgs/msg/detail/autoware_state__struct.h
[63.820s] -- Installing: /root/r2ware/install/autoware_auto_system_msgs/include/autoware_auto_system_msgs/msg/detail/diagnostic_header__type_support.h
[63.820s] -- Installing: /root/r2ware/install/autoware_auto_system_msgs/include/autoware_auto_system_msgs/msg/detail/autoware_state__functions.c
[63.821s] -- Installing: /root/r2ware/install/autoware_auto_system_msgs/include/autoware_auto_system_msgs/msg/detail/diagnostic_header__functions.h
[63.821s] -- Installing: /root/r2ware/install/autoware_auto_system_msgs/include/autoware_auto_system_msgs/msg/detail/hazard_status_stamped__struct.h
[63.821s] -- Installing: /root/r2ware/install/autoware_auto_system_msgs/include/autoware_auto_system_msgs/msg/detail/control_diagnostic__struct.h
[63.821s] -- Installing: /root/r2ware/install/autoware_auto_system_msgs/include/autoware_auto_system_msgs/msg/detail/hazard_status_stamped__functions.h
[63.821s] -- Installing: /root/r2ware/install/autoware_auto_system_msgs/include/autoware_auto_system_msgs/msg/detail/autoware_state__functions.h
[63.821s] -- Installing: /root/r2ware/install/autoware_auto_system_msgs/include/autoware_auto_system_msgs/msg/detail/driving_capability__struct.h
[63.821s] -- Installing: /root/r2ware/install/autoware_auto_system_msgs/include/autoware_auto_system_msgs/msg/detail/control_diagnostic__functions.c
[63.821s] -- Installing: /root/r2ware/install/autoware_auto_system_msgs/include/autoware_auto_system_msgs/msg/detail/hazard_status_stamped__type_support.h
[63.822s] -- Installing: /root/r2ware/install/autoware_auto_system_msgs/include/autoware_auto_system_msgs/msg/detail/emergency_state__type_support.h
[63.822s] -- Installing: /root/r2ware/install/autoware_auto_system_msgs/include/autoware_auto_system_msgs/msg/detail/hazard_status_stamped__functions.c
[63.822s] -- Installing: /root/r2ware/install/autoware_auto_system_msgs/include/autoware_auto_system_msgs/msg/detail/emergency_state__functions.c
[63.822s] -- Installing: /root/r2ware/install/autoware_auto_system_msgs/include/autoware_auto_system_msgs/msg/detail/emergency_state__functions.h
[63.822s] -- Installing: /root/r2ware/install/autoware_auto_system_msgs/include/autoware_auto_system_msgs/msg/detail/driving_capability__type_support.h
[63.822s] -- Installing: /root/r2ware/install/autoware_auto_system_msgs/include/autoware_auto_system_msgs/msg/detail/hazard_status__functions.c
[63.822s] -- Installing: /root/r2ware/install/autoware_auto_system_msgs/include/autoware_auto_system_msgs/msg/detail/hazard_status__type_support.h
[63.823s] -- Installing: /root/r2ware/install/autoware_auto_system_msgs/include/autoware_auto_system_msgs/msg/detail/driving_capability__functions.h
[63.823s] -- Installing: /root/r2ware/install/autoware_auto_system_msgs/include/autoware_auto_system_msgs/msg/detail/hazard_status__struct.h
[63.823s] -- Installing: /root/r2ware/install/autoware_auto_system_msgs/include/autoware_auto_system_msgs/msg/detail/driving_capability__functions.c
[63.823s] -- Installing: /root/r2ware/install/autoware_auto_system_msgs/include/autoware_auto_system_msgs/msg/detail/hazard_status__functions.h
[63.823s] -- Installing: /root/r2ware/install/autoware_auto_system_msgs/include/autoware_auto_system_msgs/msg/detail/diagnostic_header__functions.c
[63.823s] -- Installing: /root/r2ware/install/autoware_auto_system_msgs/include/autoware_auto_system_msgs/msg/detail/autoware_state__type_support.h
[63.823s] -- Installing: /root/r2ware/install/autoware_auto_system_msgs/include/autoware_auto_system_msgs/msg/detail/emergency_state__struct.h
[63.823s] -- Installing: /root/r2ware/install/autoware_auto_system_msgs/include/autoware_auto_system_msgs/msg/detail/control_diagnostic__functions.h
[63.823s] -- Installing: /root/r2ware/install/autoware_auto_system_msgs/include/autoware_auto_system_msgs/msg/detail/diagnostic_header__struct.h
[63.824s] -- Installing: /root/r2ware/install/autoware_auto_system_msgs/include/autoware_auto_system_msgs/msg/detail/control_diagnostic__type_support.h
[63.824s] -- Up-to-date: /root/r2ware/install/autoware_auto_system_msgs/share/autoware_auto_system_msgs/environment/library_path.sh
[63.824s] -- Installing: /root/r2ware/install/autoware_auto_system_msgs/share/autoware_auto_system_msgs/environment/library_path.dsv
[63.824s] -- Installing: /root/r2ware/install/autoware_auto_system_msgs/lib/libautoware_auto_system_msgs__rosidl_generator_c.so
[63.824s] -- Set runtime path of "/root/r2ware/install/autoware_auto_system_msgs/lib/libautoware_auto_system_msgs__rosidl_generator_c.so" to ""
[63.824s] -- Up-to-date: /root/r2ware/install/autoware_auto_system_msgs/include/autoware_auto_system_msgs
[63.824s] -- Up-to-date: /root/r2ware/install/autoware_auto_system_msgs/include/autoware_auto_system_msgs/msg
[63.824s] -- Up-to-date: /root/r2ware/install/autoware_auto_system_msgs/include/autoware_auto_system_msgs/msg/rosidl_typesupport_fastrtps_c__visibility_control.h
[63.826s] -- Up-to-date: /root/r2ware/install/autoware_auto_system_msgs/include/autoware_auto_system_msgs/msg/detail
[63.826s] -- Installing: /root/r2ware/install/autoware_auto_system_msgs/include/autoware_auto_system_msgs/msg/detail/hazard_status_stamped__rosidl_typesupport_fastrtps_c.h
[63.826s] -- Installing: /root/r2ware/install/autoware_auto_system_msgs/include/autoware_auto_system_msgs/msg/detail/diagnostic_header__rosidl_typesupport_fastrtps_c.h
[63.826s] -- Installing: /root/r2ware/install/autoware_auto_system_msgs/include/autoware_auto_system_msgs/msg/detail/emergency_state__rosidl_typesupport_fastrtps_c.h
[63.827s] -- Installing: /root/r2ware/install/autoware_auto_system_msgs/include/autoware_auto_system_msgs/msg/detail/autoware_state__rosidl_typesupport_fastrtps_c.h
[63.827s] -- Installing: /root/r2ware/install/autoware_auto_system_msgs/include/autoware_auto_system_msgs/msg/detail/control_diagnostic__rosidl_typesupport_fastrtps_c.h
[63.827s] -- Installing: /root/r2ware/install/autoware_auto_system_msgs/include/autoware_auto_system_msgs/msg/detail/hazard_status__rosidl_typesupport_fastrtps_c.h
[63.827s] -- Installing: /root/r2ware/install/autoware_auto_system_msgs/include/autoware_auto_system_msgs/msg/detail/driving_capability__rosidl_typesupport_fastrtps_c.h
[63.827s] -- Installing: /root/r2ware/install/autoware_auto_system_msgs/lib/libautoware_auto_system_msgs__rosidl_typesupport_fastrtps_c.so
[63.827s] -- Set runtime path of "/root/r2ware/install/autoware_auto_system_msgs/lib/libautoware_auto_system_msgs__rosidl_typesupport_fastrtps_c.so" to ""
[63.827s] -- Up-to-date: /root/r2ware/install/autoware_auto_system_msgs/include/autoware_auto_system_msgs
[63.827s] -- Up-to-date: /root/r2ware/install/autoware_auto_system_msgs/include/autoware_auto_system_msgs/msg
[63.827s] -- Up-to-date: /root/r2ware/install/autoware_auto_system_msgs/include/autoware_auto_system_msgs/msg/rosidl_typesupport_fastrtps_cpp__visibility_control.h
[63.828s] -- Up-to-date: /root/r2ware/install/autoware_auto_system_msgs/include/autoware_auto_system_msgs/msg/detail
[63.828s] -- Installing: /root/r2ware/install/autoware_auto_system_msgs/include/autoware_auto_system_msgs/msg/detail/driving_capability__rosidl_typesupport_fastrtps_cpp.hpp
[63.828s] -- Installing: /root/r2ware/install/autoware_auto_system_msgs/include/autoware_auto_system_msgs/msg/detail/hazard_status__rosidl_typesupport_fastrtps_cpp.hpp
[63.828s] -- Installing: /root/r2ware/install/autoware_auto_system_msgs/include/autoware_auto_system_msgs/msg/detail/hazard_status_stamped__rosidl_typesupport_fastrtps_cpp.hpp
[63.829s] -- Installing: /root/r2ware/install/autoware_auto_system_msgs/include/autoware_auto_system_msgs/msg/detail/diagnostic_header__rosidl_typesupport_fastrtps_cpp.hpp
[63.831s] -- Installing: /root/r2ware/install/autoware_auto_system_msgs/include/autoware_auto_system_msgs/msg/detail/emergency_state__rosidl_typesupport_fastrtps_cpp.hpp
[63.831s] -- Installing: /root/r2ware/install/autoware_auto_system_msgs/include/autoware_auto_system_msgs/msg/detail/autoware_state__rosidl_typesupport_fastrtps_cpp.hpp
[63.831s] -- Up-to-date: /root/r2ware/install/autoware_auto_system_msgs/include/autoware_auto_system_msgs/msg/detail/dds_fastrtps
[63.831s] -- Installing: /root/r2ware/install/autoware_auto_system_msgs/include/autoware_auto_system_msgs/msg/detail/control_diagnostic__rosidl_typesupport_fastrtps_cpp.hpp
[63.831s] -- Installing: /root/r2ware/install/autoware_auto_system_msgs/lib/libautoware_auto_system_msgs__rosidl_typesupport_fastrtps_cpp.so
[63.832s] -- Set runtime path of "/root/r2ware/install/autoware_auto_system_msgs/lib/libautoware_auto_system_msgs__rosidl_typesupport_fastrtps_cpp.so" to ""
[63.832s] -- Up-to-date: /root/r2ware/install/autoware_auto_system_msgs/include/autoware_auto_system_msgs
[63.832s] -- Up-to-date: /root/r2ware/install/autoware_auto_system_msgs/include/autoware_auto_system_msgs/msg
[63.832s] -- Up-to-date: /root/r2ware/install/autoware_auto_system_msgs/include/autoware_auto_system_msgs/msg/rosidl_typesupport_introspection_c__visibility_control.h
[63.832s] -- Up-to-date: /root/r2ware/install/autoware_auto_system_msgs/include/autoware_auto_system_msgs/msg/detail
[63.832s] -- Installing: /root/r2ware/install/autoware_auto_system_msgs/include/autoware_auto_system_msgs/msg/detail/hazard_status_stamped__rosidl_typesupport_introspection_c.h
[63.832s] -- Installing: /root/r2ware/install/autoware_auto_system_msgs/include/autoware_auto_system_msgs/msg/detail/diagnostic_header__type_support.c
[63.832s] -- Installing: /root/r2ware/install/autoware_auto_system_msgs/include/autoware_auto_system_msgs/msg/detail/driving_capability__rosidl_typesupport_introspection_c.h
[63.833s] -- Installing: /root/r2ware/install/autoware_auto_system_msgs/include/autoware_auto_system_msgs/msg/detail/autoware_state__type_support.c
[63.833s] -- Installing: /root/r2ware/install/autoware_auto_system_msgs/include/autoware_auto_system_msgs/msg/detail/emergency_state__rosidl_typesupport_introspection_c.h
[63.833s] -- Installing: /root/r2ware/install/autoware_auto_system_msgs/include/autoware_auto_system_msgs/msg/detail/control_diagnostic__type_support.c
[63.833s] -- Installing: /root/r2ware/install/autoware_auto_system_msgs/include/autoware_auto_system_msgs/msg/detail/autoware_state__rosidl_typesupport_introspection_c.h
[63.833s] -- Installing: /root/r2ware/install/autoware_auto_system_msgs/include/autoware_auto_system_msgs/msg/detail/driving_capability__type_support.c
[63.833s] -- Installing: /root/r2ware/install/autoware_auto_system_msgs/include/autoware_auto_system_msgs/msg/detail/diagnostic_header__rosidl_typesupport_introspection_c.h
[63.833s] -- Installing: /root/r2ware/install/autoware_auto_system_msgs/include/autoware_auto_system_msgs/msg/detail/hazard_status__type_support.c
[63.833s] -- Installing: /root/r2ware/install/autoware_auto_system_msgs/include/autoware_auto_system_msgs/msg/detail/emergency_state__type_support.c
[63.834s] -- Installing: /root/r2ware/install/autoware_auto_system_msgs/include/autoware_auto_system_msgs/msg/detail/hazard_status_stamped__type_support.c
[63.834s] -- Installing: /root/r2ware/install/autoware_auto_system_msgs/include/autoware_auto_system_msgs/msg/detail/hazard_status__rosidl_typesupport_introspection_c.h
[63.834s] -- Installing: /root/r2ware/install/autoware_auto_system_msgs/include/autoware_auto_system_msgs/msg/detail/control_diagnostic__rosidl_typesupport_introspection_c.h
[63.834s] -- Installing: /root/r2ware/install/autoware_auto_system_msgs/lib/libautoware_auto_system_msgs__rosidl_typesupport_introspection_c.so
[63.834s] -- Set runtime path of "/root/r2ware/install/autoware_auto_system_msgs/lib/libautoware_auto_system_msgs__rosidl_typesupport_introspection_c.so" to ""
[63.834s] -- Installing: /root/r2ware/install/autoware_auto_system_msgs/lib/libautoware_auto_system_msgs__rosidl_typesupport_c.so
[63.834s] -- Set runtime path of "/root/r2ware/install/autoware_auto_system_msgs/lib/libautoware_auto_system_msgs__rosidl_typesupport_c.so" to ""
[63.834s] -- Up-to-date: /root/r2ware/install/autoware_auto_system_msgs/include/autoware_auto_system_msgs
[63.835s] -- Up-to-date: /root/r2ware/install/autoware_auto_system_msgs/include/autoware_auto_system_msgs/msg
[63.835s] -- Installing: /root/r2ware/install/autoware_auto_system_msgs/include/autoware_auto_system_msgs/msg/driving_capability.hpp
[63.835s] -- Installing: /root/r2ware/install/autoware_auto_system_msgs/include/autoware_auto_system_msgs/msg/autoware_state.hpp
[63.835s] -- Installing: /root/r2ware/install/autoware_auto_system_msgs/include/autoware_auto_system_msgs/msg/diagnostic_header.hpp
[63.835s] -- Installing: /root/r2ware/install/autoware_auto_system_msgs/include/autoware_auto_system_msgs/msg/hazard_status_stamped.hpp
[63.835s] -- Installing: /root/r2ware/install/autoware_auto_system_msgs/include/autoware_auto_system_msgs/msg/control_diagnostic.hpp
[63.836s] -- Up-to-date: /root/r2ware/install/autoware_auto_system_msgs/include/autoware_auto_system_msgs/msg/detail
[63.836s] -- Installing: /root/r2ware/install/autoware_auto_system_msgs/include/autoware_auto_system_msgs/msg/detail/autoware_state__struct.hpp
[63.836s] -- Installing: /root/r2ware/install/autoware_auto_system_msgs/include/autoware_auto_system_msgs/msg/detail/hazard_status_stamped__struct.hpp
[63.836s] -- Installing: /root/r2ware/install/autoware_auto_system_msgs/include/autoware_auto_system_msgs/msg/detail/driving_capability__builder.hpp
[63.836s] -- Installing: /root/r2ware/install/autoware_auto_system_msgs/include/autoware_auto_system_msgs/msg/detail/hazard_status__traits.hpp
[63.836s] -- Installing: /root/r2ware/install/autoware_auto_system_msgs/include/autoware_auto_system_msgs/msg/detail/hazard_status__struct.hpp
[63.836s] -- Installing: /root/r2ware/install/autoware_auto_system_msgs/include/autoware_auto_system_msgs/msg/detail/driving_capability__struct.hpp
[63.836s] -- Installing: /root/r2ware/install/autoware_auto_system_msgs/include/autoware_auto_system_msgs/msg/detail/emergency_state__struct.hpp
[63.837s] -- Installing: /root/r2ware/install/autoware_auto_system_msgs/include/autoware_auto_system_msgs/msg/detail/hazard_status_stamped__traits.hpp
[63.837s] -- Installing: /root/r2ware/install/autoware_auto_system_msgs/include/autoware_auto_system_msgs/msg/detail/diagnostic_header__builder.hpp
[63.837s] -- Installing: /root/r2ware/install/autoware_auto_system_msgs/include/autoware_auto_system_msgs/msg/detail/hazard_status_stamped__builder.hpp
[63.837s] -- Installing: /root/r2ware/install/autoware_auto_system_msgs/include/autoware_auto_system_msgs/msg/detail/control_diagnostic__struct.hpp
[63.837s] -- Installing: /root/r2ware/install/autoware_auto_system_msgs/include/autoware_auto_system_msgs/msg/detail/autoware_state__builder.hpp
[63.837s] -- Installing: /root/r2ware/install/autoware_auto_system_msgs/include/autoware_auto_system_msgs/msg/detail/autoware_state__traits.hpp
[63.837s] -- Installing: /root/r2ware/install/autoware_auto_system_msgs/include/autoware_auto_system_msgs/msg/detail/emergency_state__builder.hpp
[63.837s] -- Installing: /root/r2ware/install/autoware_auto_system_msgs/include/autoware_auto_system_msgs/msg/detail/diagnostic_header__struct.hpp
[63.838s] -- Installing: /root/r2ware/install/autoware_auto_system_msgs/include/autoware_auto_system_msgs/msg/detail/diagnostic_header__traits.hpp
[63.838s] -- Installing: /root/r2ware/install/autoware_auto_system_msgs/include/autoware_auto_system_msgs/msg/detail/control_diagnostic__traits.hpp
[63.838s] -- Installing: /root/r2ware/install/autoware_auto_system_msgs/include/autoware_auto_system_msgs/msg/detail/emergency_state__traits.hpp
[63.838s] -- Installing: /root/r2ware/install/autoware_auto_system_msgs/include/autoware_auto_system_msgs/msg/detail/hazard_status__builder.hpp
[63.838s] -- Installing: /root/r2ware/install/autoware_auto_system_msgs/include/autoware_auto_system_msgs/msg/detail/control_diagnostic__builder.hpp
[63.838s] -- Installing: /root/r2ware/install/autoware_auto_system_msgs/include/autoware_auto_system_msgs/msg/detail/driving_capability__traits.hpp
[63.838s] -- Installing: /root/r2ware/install/autoware_auto_system_msgs/include/autoware_auto_system_msgs/msg/hazard_status.hpp
[63.838s] -- Installing: /root/r2ware/install/autoware_auto_system_msgs/include/autoware_auto_system_msgs/msg/emergency_state.hpp
[63.839s] -- Up-to-date: /root/r2ware/install/autoware_auto_system_msgs/include/autoware_auto_system_msgs
[63.839s] -- Up-to-date: /root/r2ware/install/autoware_auto_system_msgs/include/autoware_auto_system_msgs/msg
[63.839s] -- Up-to-date: /root/r2ware/install/autoware_auto_system_msgs/include/autoware_auto_system_msgs/msg/detail
[63.839s] -- Installing: /root/r2ware/install/autoware_auto_system_msgs/include/autoware_auto_system_msgs/msg/detail/hazard_status__rosidl_typesupport_introspection_cpp.hpp
[63.839s] -- Installing: /root/r2ware/install/autoware_auto_system_msgs/include/autoware_auto_system_msgs/msg/detail/diagnostic_header__rosidl_typesupport_introspection_cpp.hpp
[63.839s] -- Installing: /root/r2ware/install/autoware_auto_system_msgs/include/autoware_auto_system_msgs/msg/detail/diagnostic_header__type_support.cpp
[63.839s] -- Installing: /root/r2ware/install/autoware_auto_system_msgs/include/autoware_auto_system_msgs/msg/detail/hazard_status_stamped__type_support.cpp
[63.839s] -- Installing: /root/r2ware/install/autoware_auto_system_msgs/include/autoware_auto_system_msgs/msg/detail/driving_capability__type_support.cpp
[63.840s] -- Installing: /root/r2ware/install/autoware_auto_system_msgs/include/autoware_auto_system_msgs/msg/detail/autoware_state__type_support.cpp
[63.840s] -- Installing: /root/r2ware/install/autoware_auto_system_msgs/include/autoware_auto_system_msgs/msg/detail/emergency_state__rosidl_typesupport_introspection_cpp.hpp
[63.840s] -- Installing: /root/r2ware/install/autoware_auto_system_msgs/include/autoware_auto_system_msgs/msg/detail/driving_capability__rosidl_typesupport_introspection_cpp.hpp
[63.840s] -- Installing: /root/r2ware/install/autoware_auto_system_msgs/include/autoware_auto_system_msgs/msg/detail/hazard_status_stamped__rosidl_typesupport_introspection_cpp.hpp
[63.840s] -- Installing: /root/r2ware/install/autoware_auto_system_msgs/include/autoware_auto_system_msgs/msg/detail/control_diagnostic__type_support.cpp
[63.840s] -- Installing: /root/r2ware/install/autoware_auto_system_msgs/include/autoware_auto_system_msgs/msg/detail/control_diagnostic__rosidl_typesupport_introspection_cpp.hpp
[63.840s] -- Installing: /root/r2ware/install/autoware_auto_system_msgs/include/autoware_auto_system_msgs/msg/detail/autoware_state__rosidl_typesupport_introspection_cpp.hpp
[63.840s] -- Installing: /root/r2ware/install/autoware_auto_system_msgs/include/autoware_auto_system_msgs/msg/detail/emergency_state__type_support.cpp
[63.841s] -- Installing: /root/r2ware/install/autoware_auto_system_msgs/include/autoware_auto_system_msgs/msg/detail/hazard_status__type_support.cpp
[63.841s] -- Installing: /root/r2ware/install/autoware_auto_system_msgs/lib/libautoware_auto_system_msgs__rosidl_typesupport_introspection_cpp.so
[63.841s] -- Set runtime path of "/root/r2ware/install/autoware_auto_system_msgs/lib/libautoware_auto_system_msgs__rosidl_typesupport_introspection_cpp.so" to ""
[63.841s] -- Installing: /root/r2ware/install/autoware_auto_system_msgs/lib/libautoware_auto_system_msgs__rosidl_typesupport_cpp.so
[63.841s] -- Set runtime path of "/root/r2ware/install/autoware_auto_system_msgs/lib/libautoware_auto_system_msgs__rosidl_typesupport_cpp.so" to ""
[63.841s] -- Up-to-date: /root/r2ware/install/autoware_auto_system_msgs/share/autoware_auto_system_msgs/environment/pythonpath.sh
[63.841s] -- Installing: /root/r2ware/install/autoware_auto_system_msgs/share/autoware_auto_system_msgs/environment/pythonpath.dsv
[63.841s] -- Installing: /root/r2ware/install/autoware_auto_system_msgs/lib/python3.8/site-packages/autoware_auto_system_msgs/__init__.py
[63.927s] Compiling '/root/r2ware/install/autoware_auto_system_msgs/lib/python3.8/site-packages/autoware_auto_system_msgs/__init__.py'...
[63.940s] -- Up-to-date: /root/r2ware/install/autoware_auto_system_msgs/lib/python3.8/site-packages/autoware_auto_system_msgs/msg
[63.940s] -- Installing: /root/r2ware/install/autoware_auto_system_msgs/lib/python3.8/site-packages/autoware_auto_system_msgs/msg/__init__.py
[63.941s] -- Installing: /root/r2ware/install/autoware_auto_system_msgs/lib/python3.8/site-packages/autoware_auto_system_msgs/msg/_hazard_status.py
[63.941s] -- Installing: /root/r2ware/install/autoware_auto_system_msgs/lib/python3.8/site-packages/autoware_auto_system_msgs/msg/_autoware_state_s.c
[63.941s] -- Installing: /root/r2ware/install/autoware_auto_system_msgs/lib/python3.8/site-packages/autoware_auto_system_msgs/msg/_emergency_state.py
[63.942s] -- Installing: /root/r2ware/install/autoware_auto_system_msgs/lib/python3.8/site-packages/autoware_auto_system_msgs/msg/_autoware_state.py
[63.942s] -- Installing: /root/r2ware/install/autoware_auto_system_msgs/lib/python3.8/site-packages/autoware_auto_system_msgs/msg/_driving_capability.py
[63.942s] -- Installing: /root/r2ware/install/autoware_auto_system_msgs/lib/python3.8/site-packages/autoware_auto_system_msgs/msg/_hazard_status_stamped.py
[63.942s] -- Installing: /root/r2ware/install/autoware_auto_system_msgs/lib/python3.8/site-packages/autoware_auto_system_msgs/msg/_driving_capability_s.c
[63.943s] -- Installing: /root/r2ware/install/autoware_auto_system_msgs/lib/python3.8/site-packages/autoware_auto_system_msgs/msg/_control_diagnostic_s.c
[63.943s] -- Installing: /root/r2ware/install/autoware_auto_system_msgs/lib/python3.8/site-packages/autoware_auto_system_msgs/msg/_hazard_status_stamped_s.c
[63.943s] -- Installing: /root/r2ware/install/autoware_auto_system_msgs/lib/python3.8/site-packages/autoware_auto_system_msgs/msg/_hazard_status_s.c
[63.943s] -- Installing: /root/r2ware/install/autoware_auto_system_msgs/lib/python3.8/site-packages/autoware_auto_system_msgs/msg/_control_diagnostic.py
[63.944s] -- Installing: /root/r2ware/install/autoware_auto_system_msgs/lib/python3.8/site-packages/autoware_auto_system_msgs/msg/_diagnostic_header.py
[63.944s] -- Installing: /root/r2ware/install/autoware_auto_system_msgs/lib/python3.8/site-packages/autoware_auto_system_msgs/msg/_emergency_state_s.c
[63.944s] -- Installing: /root/r2ware/install/autoware_auto_system_msgs/lib/python3.8/site-packages/autoware_auto_system_msgs/msg/_diagnostic_header_s.c
[63.946s] -- Installing: /root/r2ware/install/autoware_auto_system_msgs/lib/python3.8/site-packages/autoware_auto_system_msgs/autoware_auto_system_msgs_s__rosidl_typesupport_fastrtps_c.cpython-38-aarch64-linux-gnu.so
[63.947s] -- Set runtime path of "/root/r2ware/install/autoware_auto_system_msgs/lib/python3.8/site-packages/autoware_auto_system_msgs/autoware_auto_system_msgs_s__rosidl_typesupport_fastrtps_c.cpython-38-aarch64-linux-gnu.so" to ""
[63.948s] -- Installing: /root/r2ware/install/autoware_auto_system_msgs/lib/python3.8/site-packages/autoware_auto_system_msgs/autoware_auto_system_msgs_s__rosidl_typesupport_introspection_c.cpython-38-aarch64-linux-gnu.so
[63.949s] -- Set runtime path of "/root/r2ware/install/autoware_auto_system_msgs/lib/python3.8/site-packages/autoware_auto_system_msgs/autoware_auto_system_msgs_s__rosidl_typesupport_introspection_c.cpython-38-aarch64-linux-gnu.so" to ""
[63.950s] -- Installing: /root/r2ware/install/autoware_auto_system_msgs/lib/python3.8/site-packages/autoware_auto_system_msgs/autoware_auto_system_msgs_s__rosidl_typesupport_c.cpython-38-aarch64-linux-gnu.so
[63.952s] -- Set runtime path of "/root/r2ware/install/autoware_auto_system_msgs/lib/python3.8/site-packages/autoware_auto_system_msgs/autoware_auto_system_msgs_s__rosidl_typesupport_c.cpython-38-aarch64-linux-gnu.so" to ""
[63.953s] -- Installing: /root/r2ware/install/autoware_auto_system_msgs/lib/libautoware_auto_system_msgs__python.so
[63.955s] -- Set runtime path of "/root/r2ware/install/autoware_auto_system_msgs/lib/libautoware_auto_system_msgs__python.so" to ""
[63.955s] -- Installing: /root/r2ware/install/autoware_auto_system_msgs/share/autoware_auto_system_msgs/msg/AutowareState.idl
[63.956s] -- Installing: /root/r2ware/install/autoware_auto_system_msgs/share/autoware_auto_system_msgs/msg/ControlDiagnostic.idl
[63.957s] -- Installing: /root/r2ware/install/autoware_auto_system_msgs/share/autoware_auto_system_msgs/msg/DiagnosticHeader.idl
[63.959s] -- Installing: /root/r2ware/install/autoware_auto_system_msgs/share/autoware_auto_system_msgs/msg/DrivingCapability.idl
[63.959s] -- Installing: /root/r2ware/install/autoware_auto_system_msgs/share/autoware_auto_system_msgs/msg/EmergencyState.idl
[63.960s] -- Installing: /root/r2ware/install/autoware_auto_system_msgs/share/autoware_auto_system_msgs/msg/HazardStatus.idl
[63.960s] -- Installing: /root/r2ware/install/autoware_auto_system_msgs/share/autoware_auto_system_msgs/msg/HazardStatusStamped.idl
[63.961s] -- Up-to-date: /root/r2ware/install/autoware_auto_system_msgs/share/ament_index/resource_index/package_run_dependencies/autoware_auto_system_msgs
[63.961s] -- Installing: /root/r2ware/install/autoware_auto_system_msgs/share/ament_index/resource_index/parent_prefix_path/autoware_auto_system_msgs
[63.961s] -- Up-to-date: /root/r2ware/install/autoware_auto_system_msgs/share/autoware_auto_system_msgs/environment/ament_prefix_path.sh
[63.962s] -- Installing: /root/r2ware/install/autoware_auto_system_msgs/share/autoware_auto_system_msgs/environment/ament_prefix_path.dsv
[63.962s] -- Up-to-date: /root/r2ware/install/autoware_auto_system_msgs/share/autoware_auto_system_msgs/environment/path.sh
[63.962s] -- Installing: /root/r2ware/install/autoware_auto_system_msgs/share/autoware_auto_system_msgs/environment/path.dsv
[63.963s] -- Up-to-date: /root/r2ware/install/autoware_auto_system_msgs/share/autoware_auto_system_msgs/local_setup.bash
[63.963s] -- Up-to-date: /root/r2ware/install/autoware_auto_system_msgs/share/autoware_auto_system_msgs/local_setup.sh
[63.963s] -- Up-to-date: /root/r2ware/install/autoware_auto_system_msgs/share/autoware_auto_system_msgs/local_setup.zsh
[63.963s] -- Installing: /root/r2ware/install/autoware_auto_system_msgs/share/autoware_auto_system_msgs/local_setup.dsv
[63.963s] -- Installing: /root/r2ware/install/autoware_auto_system_msgs/share/autoware_auto_system_msgs/package.dsv
[63.964s] -- Up-to-date: /root/r2ware/install/autoware_auto_system_msgs/share/ament_index/resource_index/packages/autoware_auto_system_msgs
[63.965s] -- Up-to-date: /root/r2ware/install/autoware_auto_system_msgs/share/autoware_auto_system_msgs/cmake/autoware_auto_system_msgs__rosidl_generator_cExport.cmake
[63.965s] -- Installing: /root/r2ware/install/autoware_auto_system_msgs/share/autoware_auto_system_msgs/cmake/autoware_auto_system_msgs__rosidl_generator_cExport-noconfig.cmake
[63.965s] -- Up-to-date: /root/r2ware/install/autoware_auto_system_msgs/share/autoware_auto_system_msgs/cmake/autoware_auto_system_msgs__rosidl_typesupport_introspection_cExport.cmake
[63.966s] -- Installing: /root/r2ware/install/autoware_auto_system_msgs/share/autoware_auto_system_msgs/cmake/autoware_auto_system_msgs__rosidl_typesupport_introspection_cExport-noconfig.cmake
[63.966s] -- Up-to-date: /root/r2ware/install/autoware_auto_system_msgs/share/autoware_auto_system_msgs/cmake/autoware_auto_system_msgs__rosidl_typesupport_cExport.cmake
[63.967s] -- Installing: /root/r2ware/install/autoware_auto_system_msgs/share/autoware_auto_system_msgs/cmake/autoware_auto_system_msgs__rosidl_typesupport_cExport-noconfig.cmake
[63.967s] -- Up-to-date: /root/r2ware/install/autoware_auto_system_msgs/share/autoware_auto_system_msgs/cmake/autoware_auto_system_msgs__rosidl_generator_cppExport.cmake
[63.968s] -- Up-to-date: /root/r2ware/install/autoware_auto_system_msgs/share/autoware_auto_system_msgs/cmake/autoware_auto_system_msgs__rosidl_typesupport_introspection_cppExport.cmake
[63.968s] -- Installing: /root/r2ware/install/autoware_auto_system_msgs/share/autoware_auto_system_msgs/cmake/autoware_auto_system_msgs__rosidl_typesupport_introspection_cppExport-noconfig.cmake
[63.969s] -- Up-to-date: /root/r2ware/install/autoware_auto_system_msgs/share/autoware_auto_system_msgs/cmake/autoware_auto_system_msgs__rosidl_typesupport_cppExport.cmake
[63.971s] -- Installing: /root/r2ware/install/autoware_auto_system_msgs/share/autoware_auto_system_msgs/cmake/autoware_auto_system_msgs__rosidl_typesupport_cppExport-noconfig.cmake
[63.971s] -- Up-to-date: /root/r2ware/install/autoware_auto_system_msgs/share/autoware_auto_system_msgs/cmake/rosidl_cmake-extras.cmake
[63.971s] -- Up-to-date: /root/r2ware/install/autoware_auto_system_msgs/share/autoware_auto_system_msgs/cmake/ament_cmake_export_dependencies-extras.cmake
[63.972s] -- Up-to-date: /root/r2ware/install/autoware_auto_system_msgs/share/autoware_auto_system_msgs/cmake/ament_cmake_export_libraries-extras.cmake
[63.972s] -- Up-to-date: /root/r2ware/install/autoware_auto_system_msgs/share/autoware_auto_system_msgs/cmake/ament_cmake_export_targets-extras.cmake
[63.972s] -- Up-to-date: /root/r2ware/install/autoware_auto_system_msgs/share/autoware_auto_system_msgs/cmake/ament_cmake_export_include_directories-extras.cmake
[63.972s] -- Up-to-date: /root/r2ware/install/autoware_auto_system_msgs/share/autoware_auto_system_msgs/cmake/rosidl_cmake_export_typesupport_libraries-extras.cmake
[63.972s] -- Up-to-date: /root/r2ware/install/autoware_auto_system_msgs/share/autoware_auto_system_msgs/cmake/rosidl_cmake_export_typesupport_targets-extras.cmake
[63.972s] -- Up-to-date: /root/r2ware/install/autoware_auto_system_msgs/share/autoware_auto_system_msgs/cmake/autoware_auto_system_msgsConfig.cmake
[63.972s] -- Up-to-date: /root/r2ware/install/autoware_auto_system_msgs/share/autoware_auto_system_msgs/cmake/autoware_auto_system_msgsConfig-version.cmake
[63.972s] -- Installing: /root/r2ware/install/autoware_auto_system_msgs/share/autoware_auto_system_msgs/package.xml
[63.998s] Invoked command in '/root/r2ware/build/autoware_auto_system_msgs' returned '0': CMAKE_PREFIX_PATH=${CMAKE_PREFIX_PATH}:/root/yahboomcar_ros2_ws/yahboomcar_ws/install/yahboomcar_voice_ctrl:/root/yahboomcar_ros2_ws/yahboomcar_ws/install/yahboomcar_visual:/root/yahboomcar_ros2_ws/yahboomcar_ws/install/yahboomcar_nav:/root/yahboomcar_ros2_ws/yahboomcar_ws/install/yahboomcar_multi:/root/yahboomcar_ros2_ws/yahboomcar_ws/install/yahboomcar_mediapipe:/root/yahboomcar_ros2_ws/yahboomcar_ws/install/yahboomcar_linefollow:/root/yahboomcar_ros2_ws/yahboomcar_ws/install/yahboomcar_laser:/root/yahboomcar_ros2_ws/yahboomcar_ws/install/yahboomcar_description_x1:/root/yahboomcar_ros2_ws/yahboomcar_ws/install/yahboomcar_description:/root/yahboomcar_ros2_ws/yahboomcar_ws/install/yahboomcar_ctrl:/root/yahboomcar_ros2_ws/yahboomcar_ws/install/yahboomcar_bringup:/root/yahboomcar_ros2_ws/yahboomcar_ws/install/yahboomcar_astra:/root/yahboomcar_ros2_ws/yahboomcar_ws/install/yahboom_app_save_map:/root/yahboomcar_ros2_ws/yahboomcar_ws/install/robot_pose_publisher:/root/yahboomcar_ros2_ws/yahboomcar_ws/install/laserscan_to_point_pulisher:/opt/ros/foxy /usr/bin/cmake --install /root/r2ware/build/autoware_auto_system_msgs
