-- The C compiler identification is GNU 9.4.0
-- The CXX compiler identification is GNU 9.4.0
-- Check for working C compiler: /usr/bin/cc
-- Check for working C compiler: /usr/bin/cc -- works
-- Detecting C compiler ABI info
-- Detecting C compiler ABI info - done
-- Detecting C compile features
-- Detecting C compile features - done
-- Check for working CXX compiler: /usr/bin/c++
-- Check for working CXX compiler: /usr/bin/c++ -- works
-- Detecting CXX compiler ABI info
-- Detecting CXX compiler ABI info - done
-- Detecting CXX compile features
-- Detecting CXX compile features - done
-- Found ament_cmake_auto: 0.9.11 (/opt/ros/foxy/share/ament_cmake_auto/cmake)
-- Found PythonInterp: /usr/bin/python3 (found suitable version "3.8.10", minimum required is "3") 
-- Using PYTHON_EXECUTABLE: /usr/bin/python3
-- Using all available rosidl_typesupport_c: rosidl_typesupport_fastrtps_c;rosidl_typesupport_introspection_c
-- Found rosidl_adapter: 1.3.0 (/opt/ros/foxy/share/rosidl_adapter/cmake)
-- Found OpenSSL: /usr/lib/aarch64-linux-gnu/libcrypto.so (found version "1.1.1f")  
-- Found FastRTPS: /opt/ros/foxy/include  
-- Using all available rosidl_typesupport_cpp: rosidl_typesupport_fastrtps_cpp;rosidl_typesupport_introspection_cpp
-- Found PythonInterp: /usr/bin/python3 (found version "3.8.10") 
-- Found ament_cmake_ros: 0.9.2 (/opt/ros/foxy/share/ament_cmake_ros/cmake)
-- Using all available rosidl_typesupport_c: rosidl_typesupport_fastrtps_c;rosidl_typesupport_introspection_c
-- Using all available rosidl_typesupport_cpp: rosidl_typesupport_fastrtps_cpp;rosidl_typesupport_introspection_cpp
-- Found PythonInterp: /usr/bin/python3 (found suitable version "3.8.10", minimum required is "3.5") 
-- Found python_cmake_module: 0.8.1 (/opt/ros/foxy/share/python_cmake_module/cmake)
-- Found PythonLibs: /usr/lib/aarch64-linux-gnu/libpython3.8.so (found suitable version "3.8.10", minimum required is "3.5") 
-- Using PYTHON_EXECUTABLE: /usr/bin/python3
-- Using PYTHON_INCLUDE_DIRS: /usr/include/python3.8
-- Using PYTHON_LIBRARIES: /usr/lib/aarch64-linux-gnu/libpython3.8.so
-- Found PythonExtra: .so  
-- Found ament_lint_auto: 0.9.7 (/opt/ros/foxy/share/ament_lint_auto/cmake)
-- Added test 'copyright' to check source files copyright and LICENSE
-- Added test 'lint_cmake' to check CMake code style
-- Added test 'xmllint' to check XML markup files
-- Configuring done
-- Generating done
-- Build files have been written to: /root/r2ware/build/tier4_system_msgs
[35m[1mScanning dependencies of target tier4_system_msgs__cpp[0m
[  0%] [34m[1mGenerating C++ code for ROS interfaces[0m
[  0%] Built target tier4_system_msgs__cpp
[  1%] [34m[1mGenerating C code for ROS interfaces[0m
[35m[1mScanning dependencies of target tier4_system_msgs__rosidl_generator_c[0m
[  1%] [32mBuilding C object CMakeFiles/tier4_system_msgs__rosidl_generator_c.dir/rosidl_generator_c/tier4_system_msgs/msg/detail/autoware_state__functions.c.o[0m
[  1%] [32mBuilding C object CMakeFiles/tier4_system_msgs__rosidl_generator_c.dir/rosidl_generator_c/tier4_system_msgs/msg/detail/operation_mode_availability__functions.c.o[0m
[  2%] [32mBuilding C object CMakeFiles/tier4_system_msgs__rosidl_generator_c.dir/rosidl_generator_c/tier4_system_msgs/msg/detail/emergency_state__functions.c.o[0m
[  3%] [32mBuilding C object CMakeFiles/tier4_system_msgs__rosidl_generator_c.dir/rosidl_generator_c/tier4_system_msgs/msg/detail/emergency_state_stamped__functions.c.o[0m
[  3%] [32mBuilding C object CMakeFiles/tier4_system_msgs__rosidl_generator_c.dir/rosidl_generator_c/tier4_system_msgs/msg/detail/hazard_status__functions.c.o[0m
[  4%] [32mBuilding C object CMakeFiles/tier4_system_msgs__rosidl_generator_c.dir/rosidl_generator_c/tier4_system_msgs/msg/detail/hazard_status_stamped__functions.c.o[0m
[  5%] [32mBuilding C object CMakeFiles/tier4_system_msgs__rosidl_generator_c.dir/rosidl_generator_c/tier4_system_msgs/msg/detail/service_log__functions.c.o[0m
[  5%] [32mBuilding C object CMakeFiles/tier4_system_msgs__rosidl_generator_c.dir/rosidl_generator_c/tier4_system_msgs/msg/detail/mode_change_available__functions.c.o[0m
[  6%] [32mBuilding C object CMakeFiles/tier4_system_msgs__rosidl_generator_c.dir/rosidl_generator_c/tier4_system_msgs/msg/detail/mrm_behavior_status__functions.c.o[0m
[  7%] [32mBuilding C object CMakeFiles/tier4_system_msgs__rosidl_generator_c.dir/rosidl_generator_c/tier4_system_msgs/srv/detail/operate_mrm__functions.c.o[0m
[  8%] [32mBuilding C object CMakeFiles/tier4_system_msgs__rosidl_generator_c.dir/rosidl_generator_c/tier4_system_msgs/srv/detail/change_operation_mode__functions.c.o[0m
[  8%] [32mBuilding C object CMakeFiles/tier4_system_msgs__rosidl_generator_c.dir/rosidl_generator_c/tier4_system_msgs/srv/detail/change_autoware_control__functions.c.o[0m
[  9%] [32mBuilding C object CMakeFiles/tier4_system_msgs__rosidl_generator_c.dir/rosidl_generator_c/tier4_system_msgs/msg/detail/diagnostic_node__functions.c.o[0m
[ 10%] [32mBuilding C object CMakeFiles/tier4_system_msgs__rosidl_generator_c.dir/rosidl_generator_c/tier4_system_msgs/msg/detail/diagnostic_link__functions.c.o[0m
[ 11%] [32mBuilding C object CMakeFiles/tier4_system_msgs__rosidl_generator_c.dir/rosidl_generator_c/tier4_system_msgs/msg/detail/diagnostic_graph__functions.c.o[0m
[ 12%] [32m[1mLinking C shared library libtier4_system_msgs__rosidl_generator_c.so[0m
[ 12%] Built target tier4_system_msgs__rosidl_generator_c
[ 13%] [34m[1mGenerating C++ type support dispatch for ROS interfaces[0m
[35m[1mScanning dependencies of target tier4_system_msgs__rosidl_typesupport_cpp[0m
[ 14%] [32mBuilding CXX object CMakeFiles/tier4_system_msgs__rosidl_typesupport_cpp.dir/rosidl_typesupport_cpp/tier4_system_msgs/msg/autoware_state__type_support.cpp.o[0m
[ 15%] [32mBuilding CXX object CMakeFiles/tier4_system_msgs__rosidl_typesupport_cpp.dir/rosidl_typesupport_cpp/tier4_system_msgs/msg/diagnostic_node__type_support.cpp.o[0m
[ 15%] [32mBuilding CXX object CMakeFiles/tier4_system_msgs__rosidl_typesupport_cpp.dir/rosidl_typesupport_cpp/tier4_system_msgs/msg/operation_mode_availability__type_support.cpp.o[0m
[ 16%] [32mBuilding CXX object CMakeFiles/tier4_system_msgs__rosidl_typesupport_cpp.dir/rosidl_typesupport_cpp/tier4_system_msgs/msg/emergency_state__type_support.cpp.o[0m
[ 17%] [32mBuilding CXX object CMakeFiles/tier4_system_msgs__rosidl_typesupport_cpp.dir/rosidl_typesupport_cpp/tier4_system_msgs/msg/emergency_state_stamped__type_support.cpp.o[0m
[ 18%] [32mBuilding CXX object CMakeFiles/tier4_system_msgs__rosidl_typesupport_cpp.dir/rosidl_typesupport_cpp/tier4_system_msgs/msg/hazard_status__type_support.cpp.o[0m
[ 18%] [32mBuilding CXX object CMakeFiles/tier4_system_msgs__rosidl_typesupport_cpp.dir/rosidl_typesupport_cpp/tier4_system_msgs/msg/hazard_status_stamped__type_support.cpp.o[0m
[ 19%] [32mBuilding CXX object CMakeFiles/tier4_system_msgs__rosidl_typesupport_cpp.dir/rosidl_typesupport_cpp/tier4_system_msgs/msg/service_log__type_support.cpp.o[0m
[ 20%] [32mBuilding CXX object CMakeFiles/tier4_system_msgs__rosidl_typesupport_cpp.dir/rosidl_typesupport_cpp/tier4_system_msgs/msg/mode_change_available__type_support.cpp.o[0m
[ 20%] [32mBuilding CXX object CMakeFiles/tier4_system_msgs__rosidl_typesupport_cpp.dir/rosidl_typesupport_cpp/tier4_system_msgs/msg/mrm_behavior_status__type_support.cpp.o[0m
[ 21%] [32mBuilding CXX object CMakeFiles/tier4_system_msgs__rosidl_typesupport_cpp.dir/rosidl_typesupport_cpp/tier4_system_msgs/srv/operate_mrm__type_support.cpp.o[0m
[ 22%] [32mBuilding CXX object CMakeFiles/tier4_system_msgs__rosidl_typesupport_cpp.dir/rosidl_typesupport_cpp/tier4_system_msgs/srv/change_operation_mode__type_support.cpp.o[0m
[ 22%] [32mBuilding CXX object CMakeFiles/tier4_system_msgs__rosidl_typesupport_cpp.dir/rosidl_typesupport_cpp/tier4_system_msgs/srv/change_autoware_control__type_support.cpp.o[0m
[ 23%] [32mBuilding CXX object CMakeFiles/tier4_system_msgs__rosidl_typesupport_cpp.dir/rosidl_typesupport_cpp/tier4_system_msgs/msg/diagnostic_link__type_support.cpp.o[0m
[ 23%] [32mBuilding CXX object CMakeFiles/tier4_system_msgs__rosidl_typesupport_cpp.dir/rosidl_typesupport_cpp/tier4_system_msgs/msg/diagnostic_graph__type_support.cpp.o[0m
[ 24%] [32m[1mLinking CXX shared library libtier4_system_msgs__rosidl_typesupport_cpp.so[0m
[ 24%] Built target tier4_system_msgs__rosidl_typesupport_cpp
[ 25%] [34m[1mGenerating C type support dispatch for ROS interfaces[0m
[35m[1mScanning dependencies of target tier4_system_msgs__rosidl_typesupport_c[0m
[ 25%] [32mBuilding CXX object CMakeFiles/tier4_system_msgs__rosidl_typesupport_c.dir/rosidl_typesupport_c/tier4_system_msgs/msg/autoware_state__type_support.cpp.o[0m
[ 26%] [32mBuilding CXX object CMakeFiles/tier4_system_msgs__rosidl_typesupport_c.dir/rosidl_typesupport_c/tier4_system_msgs/msg/operation_mode_availability__type_support.cpp.o[0m
[ 27%] [32mBuilding CXX object CMakeFiles/tier4_system_msgs__rosidl_typesupport_c.dir/rosidl_typesupport_c/tier4_system_msgs/msg/emergency_state__type_support.cpp.o[0m
[ 28%] [32mBuilding CXX object CMakeFiles/tier4_system_msgs__rosidl_typesupport_c.dir/rosidl_typesupport_c/tier4_system_msgs/msg/emergency_state_stamped__type_support.cpp.o[0m
[ 28%] [32mBuilding CXX object CMakeFiles/tier4_system_msgs__rosidl_typesupport_c.dir/rosidl_typesupport_c/tier4_system_msgs/msg/hazard_status__type_support.cpp.o[0m
[ 29%] [32mBuilding CXX object CMakeFiles/tier4_system_msgs__rosidl_typesupport_c.dir/rosidl_typesupport_c/tier4_system_msgs/msg/hazard_status_stamped__type_support.cpp.o[0m
[ 30%] [32mBuilding CXX object CMakeFiles/tier4_system_msgs__rosidl_typesupport_c.dir/rosidl_typesupport_c/tier4_system_msgs/msg/service_log__type_support.cpp.o[0m
[ 30%] [32mBuilding CXX object CMakeFiles/tier4_system_msgs__rosidl_typesupport_c.dir/rosidl_typesupport_c/tier4_system_msgs/msg/mode_change_available__type_support.cpp.o[0m
[ 31%] [32mBuilding CXX object CMakeFiles/tier4_system_msgs__rosidl_typesupport_c.dir/rosidl_typesupport_c/tier4_system_msgs/msg/mrm_behavior_status__type_support.cpp.o[0m
[ 32%] [32mBuilding CXX object CMakeFiles/tier4_system_msgs__rosidl_typesupport_c.dir/rosidl_typesupport_c/tier4_system_msgs/srv/operate_mrm__type_support.cpp.o[0m
[ 32%] [32mBuilding CXX object CMakeFiles/tier4_system_msgs__rosidl_typesupport_c.dir/rosidl_typesupport_c/tier4_system_msgs/srv/change_operation_mode__type_support.cpp.o[0m
[ 33%] [32mBuilding CXX object CMakeFiles/tier4_system_msgs__rosidl_typesupport_c.dir/rosidl_typesupport_c/tier4_system_msgs/srv/change_autoware_control__type_support.cpp.o[0m
[ 33%] [32mBuilding CXX object CMakeFiles/tier4_system_msgs__rosidl_typesupport_c.dir/rosidl_typesupport_c/tier4_system_msgs/msg/diagnostic_node__type_support.cpp.o[0m
[ 34%] [32mBuilding CXX object CMakeFiles/tier4_system_msgs__rosidl_typesupport_c.dir/rosidl_typesupport_c/tier4_system_msgs/msg/diagnostic_link__type_support.cpp.o[0m
[ 35%] [32mBuilding CXX object CMakeFiles/tier4_system_msgs__rosidl_typesupport_c.dir/rosidl_typesupport_c/tier4_system_msgs/msg/diagnostic_graph__type_support.cpp.o[0m
[ 36%] [32m[1mLinking CXX shared library libtier4_system_msgs__rosidl_typesupport_c.so[0m
[ 36%] Built target tier4_system_msgs__rosidl_typesupport_c
[ 37%] [34m[1mGenerating C introspection for ROS interfaces[0m
[35m[1mScanning dependencies of target tier4_system_msgs__rosidl_typesupport_introspection_c[0m
[ 38%] [32mBuilding C object CMakeFiles/tier4_system_msgs__rosidl_typesupport_introspection_c.dir/rosidl_typesupport_introspection_c/tier4_system_msgs/msg/detail/autoware_state__type_support.c.o[0m
[ 38%] [32mBuilding C object CMakeFiles/tier4_system_msgs__rosidl_typesupport_introspection_c.dir/rosidl_typesupport_introspection_c/tier4_system_msgs/msg/detail/emergency_state__type_support.c.o[0m
[ 39%] [32mBuilding C object CMakeFiles/tier4_system_msgs__rosidl_typesupport_introspection_c.dir/rosidl_typesupport_introspection_c/tier4_system_msgs/msg/detail/emergency_state_stamped__type_support.c.o[0m
[ 40%] [32mBuilding C object CMakeFiles/tier4_system_msgs__rosidl_typesupport_introspection_c.dir/rosidl_typesupport_introspection_c/tier4_system_msgs/msg/detail/hazard_status__type_support.c.o[0m
[ 40%] [32mBuilding C object CMakeFiles/tier4_system_msgs__rosidl_typesupport_introspection_c.dir/rosidl_typesupport_introspection_c/tier4_system_msgs/msg/detail/hazard_status_stamped__type_support.c.o[0m
[ 41%] [32mBuilding C object CMakeFiles/tier4_system_msgs__rosidl_typesupport_introspection_c.dir/rosidl_typesupport_introspection_c/tier4_system_msgs/msg/detail/service_log__type_support.c.o[0m
[ 42%] [32mBuilding C object CMakeFiles/tier4_system_msgs__rosidl_typesupport_introspection_c.dir/rosidl_typesupport_introspection_c/tier4_system_msgs/msg/detail/mode_change_available__type_support.c.o[0m
[ 42%] [32mBuilding C object CMakeFiles/tier4_system_msgs__rosidl_typesupport_introspection_c.dir/rosidl_typesupport_introspection_c/tier4_system_msgs/msg/detail/mrm_behavior_status__type_support.c.o[0m
[ 43%] [32mBuilding C object CMakeFiles/tier4_system_msgs__rosidl_typesupport_introspection_c.dir/rosidl_typesupport_introspection_c/tier4_system_msgs/srv/detail/operate_mrm__type_support.c.o[0m
[ 44%] [32mBuilding C object CMakeFiles/tier4_system_msgs__rosidl_typesupport_introspection_c.dir/rosidl_typesupport_introspection_c/tier4_system_msgs/srv/detail/change_operation_mode__type_support.c.o[0m
[ 45%] [32mBuilding C object CMakeFiles/tier4_system_msgs__rosidl_typesupport_introspection_c.dir/rosidl_typesupport_introspection_c/tier4_system_msgs/srv/detail/change_autoware_control__type_support.c.o[0m
[ 46%] [32mBuilding C object CMakeFiles/tier4_system_msgs__rosidl_typesupport_introspection_c.dir/rosidl_typesupport_introspection_c/tier4_system_msgs/msg/detail/operation_mode_availability__type_support.c.o[0m
[ 47%] [32mBuilding C object CMakeFiles/tier4_system_msgs__rosidl_typesupport_introspection_c.dir/rosidl_typesupport_introspection_c/tier4_system_msgs/msg/detail/diagnostic_node__type_support.c.o[0m
[ 48%] [32mBuilding C object CMakeFiles/tier4_system_msgs__rosidl_typesupport_introspection_c.dir/rosidl_typesupport_introspection_c/tier4_system_msgs/msg/detail/diagnostic_link__type_support.c.o[0m
[ 48%] [32mBuilding C object CMakeFiles/tier4_system_msgs__rosidl_typesupport_introspection_c.dir/rosidl_typesupport_introspection_c/tier4_system_msgs/msg/detail/diagnostic_graph__type_support.c.o[0m
[ 48%] [32m[1mLinking C shared library libtier4_system_msgs__rosidl_typesupport_introspection_c.so[0m
[ 48%] Built target tier4_system_msgs__rosidl_typesupport_introspection_c
[ 49%] [34m[1mGenerating C++ type support for eProsima Fast-RTPS[0m
[35m[1mScanning dependencies of target tier4_system_msgs__rosidl_typesupport_fastrtps_cpp[0m
[ 50%] [32mBuilding CXX object CMakeFiles/tier4_system_msgs__rosidl_typesupport_fastrtps_cpp.dir/rosidl_typesupport_fastrtps_cpp/tier4_system_msgs/msg/detail/dds_fastrtps/autoware_state__type_support.cpp.o[0m
[ 51%] [32mBuilding CXX object CMakeFiles/tier4_system_msgs__rosidl_typesupport_fastrtps_cpp.dir/rosidl_typesupport_fastrtps_cpp/tier4_system_msgs/msg/detail/dds_fastrtps/emergency_state_stamped__type_support.cpp.o[0m
[ 52%] [32mBuilding CXX object CMakeFiles/tier4_system_msgs__rosidl_typesupport_fastrtps_cpp.dir/rosidl_typesupport_fastrtps_cpp/tier4_system_msgs/msg/detail/dds_fastrtps/hazard_status__type_support.cpp.o[0m
[ 52%] [32mBuilding CXX object CMakeFiles/tier4_system_msgs__rosidl_typesupport_fastrtps_cpp.dir/rosidl_typesupport_fastrtps_cpp/tier4_system_msgs/msg/detail/dds_fastrtps/hazard_status_stamped__type_support.cpp.o[0m
[ 53%] [32mBuilding CXX object CMakeFiles/tier4_system_msgs__rosidl_typesupport_fastrtps_cpp.dir/rosidl_typesupport_fastrtps_cpp/tier4_system_msgs/msg/detail/dds_fastrtps/service_log__type_support.cpp.o[0m
[ 54%] [32mBuilding CXX object CMakeFiles/tier4_system_msgs__rosidl_typesupport_fastrtps_cpp.dir/rosidl_typesupport_fastrtps_cpp/tier4_system_msgs/msg/detail/dds_fastrtps/mode_change_available__type_support.cpp.o[0m
[ 55%] [32mBuilding CXX object CMakeFiles/tier4_system_msgs__rosidl_typesupport_fastrtps_cpp.dir/rosidl_typesupport_fastrtps_cpp/tier4_system_msgs/msg/detail/dds_fastrtps/mrm_behavior_status__type_support.cpp.o[0m
[ 55%] [32mBuilding CXX object CMakeFiles/tier4_system_msgs__rosidl_typesupport_fastrtps_cpp.dir/rosidl_typesupport_fastrtps_cpp/tier4_system_msgs/srv/detail/dds_fastrtps/operate_mrm__type_support.cpp.o[0m
[ 56%] [32mBuilding CXX object CMakeFiles/tier4_system_msgs__rosidl_typesupport_fastrtps_cpp.dir/rosidl_typesupport_fastrtps_cpp/tier4_system_msgs/srv/detail/dds_fastrtps/change_operation_mode__type_support.cpp.o[0m
[ 57%] [32mBuilding CXX object CMakeFiles/tier4_system_msgs__rosidl_typesupport_fastrtps_cpp.dir/rosidl_typesupport_fastrtps_cpp/tier4_system_msgs/srv/detail/dds_fastrtps/change_autoware_control__type_support.cpp.o[0m
[ 57%] [32mBuilding CXX object CMakeFiles/tier4_system_msgs__rosidl_typesupport_fastrtps_cpp.dir/rosidl_typesupport_fastrtps_cpp/tier4_system_msgs/msg/detail/dds_fastrtps/emergency_state__type_support.cpp.o[0m
[ 58%] [32mBuilding CXX object CMakeFiles/tier4_system_msgs__rosidl_typesupport_fastrtps_cpp.dir/rosidl_typesupport_fastrtps_cpp/tier4_system_msgs/msg/detail/dds_fastrtps/operation_mode_availability__type_support.cpp.o[0m
[ 59%] [32mBuilding CXX object CMakeFiles/tier4_system_msgs__rosidl_typesupport_fastrtps_cpp.dir/rosidl_typesupport_fastrtps_cpp/tier4_system_msgs/msg/detail/dds_fastrtps/diagnostic_node__type_support.cpp.o[0m
[ 59%] [32mBuilding CXX object CMakeFiles/tier4_system_msgs__rosidl_typesupport_fastrtps_cpp.dir/rosidl_typesupport_fastrtps_cpp/tier4_system_msgs/msg/detail/dds_fastrtps/diagnostic_link__type_support.cpp.o[0m
[ 60%] [32mBuilding CXX object CMakeFiles/tier4_system_msgs__rosidl_typesupport_fastrtps_cpp.dir/rosidl_typesupport_fastrtps_cpp/tier4_system_msgs/msg/detail/dds_fastrtps/diagnostic_graph__type_support.cpp.o[0m
[ 60%] [32m[1mLinking CXX shared library libtier4_system_msgs__rosidl_typesupport_fastrtps_cpp.so[0m
[ 60%] Built target tier4_system_msgs__rosidl_typesupport_fastrtps_cpp
[ 60%] [34m[1mGenerating C++ introspection for ROS interfaces[0m
[35m[1mScanning dependencies of target tier4_system_msgs__rosidl_typesupport_introspection_cpp[0m
[ 61%] [32mBuilding CXX object CMakeFiles/tier4_system_msgs__rosidl_typesupport_introspection_cpp.dir/rosidl_typesupport_introspection_cpp/tier4_system_msgs/msg/detail/autoware_state__type_support.cpp.o[0m
[ 61%] [32mBuilding CXX object CMakeFiles/tier4_system_msgs__rosidl_typesupport_introspection_cpp.dir/rosidl_typesupport_introspection_cpp/tier4_system_msgs/msg/detail/emergency_state_stamped__type_support.cpp.o[0m
[ 62%] [32mBuilding CXX object CMakeFiles/tier4_system_msgs__rosidl_typesupport_introspection_cpp.dir/rosidl_typesupport_introspection_cpp/tier4_system_msgs/msg/detail/hazard_status__type_support.cpp.o[0m
[ 63%] [32mBuilding CXX object CMakeFiles/tier4_system_msgs__rosidl_typesupport_introspection_cpp.dir/rosidl_typesupport_introspection_cpp/tier4_system_msgs/msg/detail/hazard_status_stamped__type_support.cpp.o[0m
[ 63%] [32mBuilding CXX object CMakeFiles/tier4_system_msgs__rosidl_typesupport_introspection_cpp.dir/rosidl_typesupport_introspection_cpp/tier4_system_msgs/msg/detail/service_log__type_support.cpp.o[0m
[ 64%] [32mBuilding CXX object CMakeFiles/tier4_system_msgs__rosidl_typesupport_introspection_cpp.dir/rosidl_typesupport_introspection_cpp/tier4_system_msgs/msg/detail/mode_change_available__type_support.cpp.o[0m
[ 65%] [32mBuilding CXX object CMakeFiles/tier4_system_msgs__rosidl_typesupport_introspection_cpp.dir/rosidl_typesupport_introspection_cpp/tier4_system_msgs/msg/detail/mrm_behavior_status__type_support.cpp.o[0m
[ 65%] [32mBuilding CXX object CMakeFiles/tier4_system_msgs__rosidl_typesupport_introspection_cpp.dir/rosidl_typesupport_introspection_cpp/tier4_system_msgs/srv/detail/operate_mrm__type_support.cpp.o[0m
[ 66%] [32mBuilding CXX object CMakeFiles/tier4_system_msgs__rosidl_typesupport_introspection_cpp.dir/rosidl_typesupport_introspection_cpp/tier4_system_msgs/srv/detail/change_operation_mode__type_support.cpp.o[0m
