[0.063s] Invoking command in '/root/r2ware/build/tier4_system_msgs': AMENT_PREFIX_PATH=/root/r2ware/install/autoware_common_msgs:${AMENT_PREFIX_PATH} CMAKE_PREFIX_PATH=/root/r2ware/install/autoware_common_msgs:/root/yahboomcar_ros2_ws/yahboomcar_ws/install/yahboomcar_slam:/root/yahboomcar_ros2_ws/yahboomcar_ws/install/yahboomcar_point:/root/yahboomcar_ros2_ws/yahboomcar_ws/install/yahboomcar_msgs:/root/yahboomcar_ros2_ws/yahboomcar_ws/install/yahboomcar_base_node:/root/yahboomcar_ros2_ws/yahboomcar_ws/install/yahboomcar_KCFTracker:/root/yahboomcar_ros2_ws/yahboomcar_ws/install/yahboom_web_savmap_interfaces:/root/yahboomcar_ros2_ws/yahboomcar_ws/install/robot_pose_publisher_ros2:/root/yahboomcar_ros2_ws/software/library_ws/install/ydlidar_ros2_driver:/root/yahboomcar_ros2_ws/software/library_ws/install/web_video_server:/root/yahboomcar_ros2_ws/software/library_ws/install/teb_local_planner:/root/yahboomcar_ros2_ws/software/library_ws/install/teb_msgs:/root/yahboomcar_ros2_ws/software/library_ws/install/sllidar_ros2:/root/yahboomcar_ros2_ws/software/library_ws/install/slam_gmapping:/root/yahboomcar_ros2_ws/software/library_ws/install/ros2_orbslam:/root/yahboomcar_ros2_ws/software/library_ws/install/robot_localization:/root/yahboomcar_ros2_ws/software/library_ws/install/openslam_gmapping:/root/yahboomcar_ros2_ws/software/library_ws/install/octomap_mapping:/root/yahboomcar_ros2_ws/software/library_ws/install/octomap_server:/root/yahboomcar_ros2_ws/software/library_ws/install/costmap_converter:/root/yahboomcar_ros2_ws/software/library_ws/install/costmap_converter_msgs:/root/yahboomcar_ros2_ws/software/library_ws/install/astra_camera:/root/yahboomcar_ros2_ws/software/library_ws/install/astra_camera_msgs:/root/yahboomcar_ros2_ws/yahboomcar_ws/install/yahboomcar_voice_ctrl:/root/yahboomcar_ros2_ws/yahboomcar_ws/install/yahboomcar_visual:/root/yahboomcar_ros2_ws/yahboomcar_ws/install/yahboomcar_nav:/root/yahboomcar_ros2_ws/yahboomcar_ws/install/yahboomcar_multi:/root/yahboomcar_ros2_ws/yahboomcar_ws/install/yahboomcar_mediapipe:/root/yahboomcar_ros2_ws/yahboomcar_ws/install/yahboomcar_linefollow:/root/yahboomcar_ros2_ws/yahboomcar_ws/install/yahboomcar_laser:/root/yahboomcar_ros2_ws/yahboomcar_ws/install/yahboomcar_description_x1:/root/yahboomcar_ros2_ws/yahboomcar_ws/install/yahboomcar_description:/root/yahboomcar_ros2_ws/yahboomcar_ws/install/yahboomcar_ctrl:/root/yahboomcar_ros2_ws/yahboomcar_ws/install/yahboomcar_bringup:/root/yahboomcar_ros2_ws/yahboomcar_ws/install/yahboomcar_astra:/root/yahboomcar_ros2_ws/yahboomcar_ws/install/yahboom_app_save_map:/root/yahboomcar_ros2_ws/yahboomcar_ws/install/robot_pose_publisher:/root/yahboomcar_ros2_ws/yahboomcar_ws/install/laserscan_to_point_pulisher:/opt/ros/foxy LD_LIBRARY_PATH=/root/r2ware/install/autoware_common_msgs/lib:${LD_LIBRARY_PATH} PYTHONPATH=/root/r2ware/install/autoware_common_msgs/lib/python3.8/site-packages:${PYTHONPATH} /usr/bin/cmake /root/r2ware/src/autoware_dependencies/universe/external/tier4_autoware_msgs/tier4_system_msgs -DCMAKE_INSTALL_PREFIX=/root/r2ware/install/tier4_system_msgs
[4.911s] -- The C compiler identification is GNU 9.4.0
[4.912s] -- The CXX compiler identification is GNU 9.4.0
[4.912s] -- Check for working C compiler: /usr/bin/cc
[4.912s] -- Check for working C compiler: /usr/bin/cc -- works
[4.912s] -- Detecting C compiler ABI info
[4.912s] -- Detecting C compiler ABI info - done
[4.912s] -- Detecting C compile features
[4.912s] -- Detecting C compile features - done
[4.913s] -- Check for working CXX compiler: /usr/bin/c++
[4.913s] -- Check for working CXX compiler: /usr/bin/c++ -- works
[4.913s] -- Detecting CXX compiler ABI info
[4.913s] -- Detecting CXX compiler ABI info - done
[4.913s] -- Detecting CXX compile features
[4.913s] -- Detecting CXX compile features - done
[4.913s] -- Found ament_cmake_auto: 0.9.11 (/opt/ros/foxy/share/ament_cmake_auto/cmake)
[4.913s] -- Found PythonInterp: /usr/bin/python3 (found suitable version "3.8.10", minimum required is "3") 
[4.913s] -- Using PYTHON_EXECUTABLE: /usr/bin/python3
[4.914s] -- Using all available rosidl_typesupport_c: rosidl_typesupport_fastrtps_c;rosidl_typesupport_introspection_c
[4.914s] -- Found rosidl_adapter: 1.3.0 (/opt/ros/foxy/share/rosidl_adapter/cmake)
[4.914s] -- Found OpenSSL: /usr/lib/aarch64-linux-gnu/libcrypto.so (found version "1.1.1f")  
[4.914s] -- Found FastRTPS: /opt/ros/foxy/include  
[4.914s] -- Using all available rosidl_typesupport_cpp: rosidl_typesupport_fastrtps_cpp;rosidl_typesupport_introspection_cpp
[4.914s] -- Found PythonInterp: /usr/bin/python3 (found version "3.8.10") 
[4.914s] -- Found ament_cmake_ros: 0.9.2 (/opt/ros/foxy/share/ament_cmake_ros/cmake)
[5.017s] -- Using all available rosidl_typesupport_c: rosidl_typesupport_fastrtps_c;rosidl_typesupport_introspection_c
[5.194s] -- Using all available rosidl_typesupport_cpp: rosidl_typesupport_fastrtps_cpp;rosidl_typesupport_introspection_cpp
[5.293s] -- Found PythonInterp: /usr/bin/python3 (found suitable version "3.8.10", minimum required is "3.5") 
[5.310s] -- Found python_cmake_module: 0.8.1 (/opt/ros/foxy/share/python_cmake_module/cmake)
[5.400s] -- Found PythonLibs: /usr/lib/aarch64-linux-gnu/libpython3.8.so (found suitable version "3.8.10", minimum required is "3.5") 
[5.400s] -- Using PYTHON_EXECUTABLE: /usr/bin/python3
[5.401s] -- Using PYTHON_INCLUDE_DIRS: /usr/include/python3.8
[5.401s] -- Using PYTHON_LIBRARIES: /usr/lib/aarch64-linux-gnu/libpython3.8.so
[5.473s] -- Found PythonExtra: .so  
[5.729s] -- Found ament_lint_auto: 0.9.7 (/opt/ros/foxy/share/ament_lint_auto/cmake)
[5.914s] -- Added test 'copyright' to check source files copyright and LICENSE
[5.922s] -- Added test 'lint_cmake' to check CMake code style
[5.927s] -- Added test 'xmllint' to check XML markup files
[5.948s] -- Configuring done
[6.147s] -- Generating done
[6.154s] -- Build files have been written to: /root/r2ware/build/tier4_system_msgs
[6.197s] Invoked command in '/root/r2ware/build/tier4_system_msgs' returned '0': AMENT_PREFIX_PATH=/root/r2ware/install/autoware_common_msgs:${AMENT_PREFIX_PATH} CMAKE_PREFIX_PATH=/root/r2ware/install/autoware_common_msgs:/root/yahboomcar_ros2_ws/yahboomcar_ws/install/yahboomcar_slam:/root/yahboomcar_ros2_ws/yahboomcar_ws/install/yahboomcar_point:/root/yahboomcar_ros2_ws/yahboomcar_ws/install/yahboomcar_msgs:/root/yahboomcar_ros2_ws/yahboomcar_ws/install/yahboomcar_base_node:/root/yahboomcar_ros2_ws/yahboomcar_ws/install/yahboomcar_KCFTracker:/root/yahboomcar_ros2_ws/yahboomcar_ws/install/yahboom_web_savmap_interfaces:/root/yahboomcar_ros2_ws/yahboomcar_ws/install/robot_pose_publisher_ros2:/root/yahboomcar_ros2_ws/software/library_ws/install/ydlidar_ros2_driver:/root/yahboomcar_ros2_ws/software/library_ws/install/web_video_server:/root/yahboomcar_ros2_ws/software/library_ws/install/teb_local_planner:/root/yahboomcar_ros2_ws/software/library_ws/install/teb_msgs:/root/yahboomcar_ros2_ws/software/library_ws/install/sllidar_ros2:/root/yahboomcar_ros2_ws/software/library_ws/install/slam_gmapping:/root/yahboomcar_ros2_ws/software/library_ws/install/ros2_orbslam:/root/yahboomcar_ros2_ws/software/library_ws/install/robot_localization:/root/yahboomcar_ros2_ws/software/library_ws/install/openslam_gmapping:/root/yahboomcar_ros2_ws/software/library_ws/install/octomap_mapping:/root/yahboomcar_ros2_ws/software/library_ws/install/octomap_server:/root/yahboomcar_ros2_ws/software/library_ws/install/costmap_converter:/root/yahboomcar_ros2_ws/software/library_ws/install/costmap_converter_msgs:/root/yahboomcar_ros2_ws/software/library_ws/install/astra_camera:/root/yahboomcar_ros2_ws/software/library_ws/install/astra_camera_msgs:/root/yahboomcar_ros2_ws/yahboomcar_ws/install/yahboomcar_voice_ctrl:/root/yahboomcar_ros2_ws/yahboomcar_ws/install/yahboomcar_visual:/root/yahboomcar_ros2_ws/yahboomcar_ws/install/yahboomcar_nav:/root/yahboomcar_ros2_ws/yahboomcar_ws/install/yahboomcar_multi:/root/yahboomcar_ros2_ws/yahboomcar_ws/install/yahboomcar_mediapipe:/root/yahboomcar_ros2_ws/yahboomcar_ws/install/yahboomcar_linefollow:/root/yahboomcar_ros2_ws/yahboomcar_ws/install/yahboomcar_laser:/root/yahboomcar_ros2_ws/yahboomcar_ws/install/yahboomcar_description_x1:/root/yahboomcar_ros2_ws/yahboomcar_ws/install/yahboomcar_description:/root/yahboomcar_ros2_ws/yahboomcar_ws/install/yahboomcar_ctrl:/root/yahboomcar_ros2_ws/yahboomcar_ws/install/yahboomcar_bringup:/root/yahboomcar_ros2_ws/yahboomcar_ws/install/yahboomcar_astra:/root/yahboomcar_ros2_ws/yahboomcar_ws/install/yahboom_app_save_map:/root/yahboomcar_ros2_ws/yahboomcar_ws/install/robot_pose_publisher:/root/yahboomcar_ros2_ws/yahboomcar_ws/install/laserscan_to_point_pulisher:/opt/ros/foxy LD_LIBRARY_PATH=/root/r2ware/install/autoware_common_msgs/lib:${LD_LIBRARY_PATH} PYTHONPATH=/root/r2ware/install/autoware_common_msgs/lib/python3.8/site-packages:${PYTHONPATH} /usr/bin/cmake /root/r2ware/src/autoware_dependencies/universe/external/tier4_autoware_msgs/tier4_system_msgs -DCMAKE_INSTALL_PREFIX=/root/r2ware/install/tier4_system_msgs
[6.198s] Invoking command in '/root/r2ware/build/tier4_system_msgs': AMENT_PREFIX_PATH=/root/r2ware/install/autoware_common_msgs:${AMENT_PREFIX_PATH} CMAKE_PREFIX_PATH=/root/r2ware/install/autoware_common_msgs:/root/yahboomcar_ros2_ws/yahboomcar_ws/install/yahboomcar_slam:/root/yahboomcar_ros2_ws/yahboomcar_ws/install/yahboomcar_point:/root/yahboomcar_ros2_ws/yahboomcar_ws/install/yahboomcar_msgs:/root/yahboomcar_ros2_ws/yahboomcar_ws/install/yahboomcar_base_node:/root/yahboomcar_ros2_ws/yahboomcar_ws/install/yahboomcar_KCFTracker:/root/yahboomcar_ros2_ws/yahboomcar_ws/install/yahboom_web_savmap_interfaces:/root/yahboomcar_ros2_ws/yahboomcar_ws/install/robot_pose_publisher_ros2:/root/yahboomcar_ros2_ws/software/library_ws/install/ydlidar_ros2_driver:/root/yahboomcar_ros2_ws/software/library_ws/install/web_video_server:/root/yahboomcar_ros2_ws/software/library_ws/install/teb_local_planner:/root/yahboomcar_ros2_ws/software/library_ws/install/teb_msgs:/root/yahboomcar_ros2_ws/software/library_ws/install/sllidar_ros2:/root/yahboomcar_ros2_ws/software/library_ws/install/slam_gmapping:/root/yahboomcar_ros2_ws/software/library_ws/install/ros2_orbslam:/root/yahboomcar_ros2_ws/software/library_ws/install/robot_localization:/root/yahboomcar_ros2_ws/software/library_ws/install/openslam_gmapping:/root/yahboomcar_ros2_ws/software/library_ws/install/octomap_mapping:/root/yahboomcar_ros2_ws/software/library_ws/install/octomap_server:/root/yahboomcar_ros2_ws/software/library_ws/install/costmap_converter:/root/yahboomcar_ros2_ws/software/library_ws/install/costmap_converter_msgs:/root/yahboomcar_ros2_ws/software/library_ws/install/astra_camera:/root/yahboomcar_ros2_ws/software/library_ws/install/astra_camera_msgs:/root/yahboomcar_ros2_ws/yahboomcar_ws/install/yahboomcar_voice_ctrl:/root/yahboomcar_ros2_ws/yahboomcar_ws/install/yahboomcar_visual:/root/yahboomcar_ros2_ws/yahboomcar_ws/install/yahboomcar_nav:/root/yahboomcar_ros2_ws/yahboomcar_ws/install/yahboomcar_multi:/root/yahboomcar_ros2_ws/yahboomcar_ws/install/yahboomcar_mediapipe:/root/yahboomcar_ros2_ws/yahboomcar_ws/install/yahboomcar_linefollow:/root/yahboomcar_ros2_ws/yahboomcar_ws/install/yahboomcar_laser:/root/yahboomcar_ros2_ws/yahboomcar_ws/install/yahboomcar_description_x1:/root/yahboomcar_ros2_ws/yahboomcar_ws/install/yahboomcar_description:/root/yahboomcar_ros2_ws/yahboomcar_ws/install/yahboomcar_ctrl:/root/yahboomcar_ros2_ws/yahboomcar_ws/install/yahboomcar_bringup:/root/yahboomcar_ros2_ws/yahboomcar_ws/install/yahboomcar_astra:/root/yahboomcar_ros2_ws/yahboomcar_ws/install/yahboom_app_save_map:/root/yahboomcar_ros2_ws/yahboomcar_ws/install/robot_pose_publisher:/root/yahboomcar_ros2_ws/yahboomcar_ws/install/laserscan_to_point_pulisher:/opt/ros/foxy LD_LIBRARY_PATH=/root/r2ware/install/autoware_common_msgs/lib:${LD_LIBRARY_PATH} PYTHONPATH=/root/r2ware/install/autoware_common_msgs/lib/python3.8/site-packages:${PYTHONPATH} /usr/bin/cmake --build /root/r2ware/build/tier4_system_msgs -- -j8 -l8
[11.475s] [35m[1mScanning dependencies of target tier4_system_msgs__cpp[0m
[11.475s] [  0%] [34m[1mGenerating C++ code for ROS interfaces[0m
[11.475s] [  0%] Built target tier4_system_msgs__cpp
[11.475s] [  1%] [34m[1mGenerating C code for ROS interfaces[0m
[14.892s] [35m[1mScanning dependencies of target tier4_system_msgs__rosidl_generator_c[0m
[14.961s] [  1%] [32mBuilding C object CMakeFiles/tier4_system_msgs__rosidl_generator_c.dir/rosidl_generator_c/tier4_system_msgs/msg/detail/autoware_state__functions.c.o[0m
[15.088s] [  1%] [32mBuilding C object CMakeFiles/tier4_system_msgs__rosidl_generator_c.dir/rosidl_generator_c/tier4_system_msgs/msg/detail/operation_mode_availability__functions.c.o[0m
[15.216s] [  2%] [32mBuilding C object CMakeFiles/tier4_system_msgs__rosidl_generator_c.dir/rosidl_generator_c/tier4_system_msgs/msg/detail/emergency_state__functions.c.o[0m
[15.335s] [  3%] [32mBuilding C object CMakeFiles/tier4_system_msgs__rosidl_generator_c.dir/rosidl_generator_c/tier4_system_msgs/msg/detail/emergency_state_stamped__functions.c.o[0m
[15.465s] [  3%] [32mBuilding C object CMakeFiles/tier4_system_msgs__rosidl_generator_c.dir/rosidl_generator_c/tier4_system_msgs/msg/detail/hazard_status__functions.c.o[0m
[15.628s] [  4%] [32mBuilding C object CMakeFiles/tier4_system_msgs__rosidl_generator_c.dir/rosidl_generator_c/tier4_system_msgs/msg/detail/hazard_status_stamped__functions.c.o[0m
[15.759s] [  5%] [32mBuilding C object CMakeFiles/tier4_system_msgs__rosidl_generator_c.dir/rosidl_generator_c/tier4_system_msgs/msg/detail/service_log__functions.c.o[0m
[15.898s] [  5%] [32mBuilding C object CMakeFiles/tier4_system_msgs__rosidl_generator_c.dir/rosidl_generator_c/tier4_system_msgs/msg/detail/mode_change_available__functions.c.o[0m
[16.033s] [  6%] [32mBuilding C object CMakeFiles/tier4_system_msgs__rosidl_generator_c.dir/rosidl_generator_c/tier4_system_msgs/msg/detail/mrm_behavior_status__functions.c.o[0m
[16.161s] [  7%] [32mBuilding C object CMakeFiles/tier4_system_msgs__rosidl_generator_c.dir/rosidl_generator_c/tier4_system_msgs/srv/detail/operate_mrm__functions.c.o[0m
[16.324s] [  8%] [32mBuilding C object CMakeFiles/tier4_system_msgs__rosidl_generator_c.dir/rosidl_generator_c/tier4_system_msgs/srv/detail/change_operation_mode__functions.c.o[0m
[16.484s] [  8%] [32mBuilding C object CMakeFiles/tier4_system_msgs__rosidl_generator_c.dir/rosidl_generator_c/tier4_system_msgs/srv/detail/change_autoware_control__functions.c.o[0m
[16.675s] [  9%] [32mBuilding C object CMakeFiles/tier4_system_msgs__rosidl_generator_c.dir/rosidl_generator_c/tier4_system_msgs/msg/detail/diagnostic_node__functions.c.o[0m
[16.828s] [ 10%] [32mBuilding C object CMakeFiles/tier4_system_msgs__rosidl_generator_c.dir/rosidl_generator_c/tier4_system_msgs/msg/detail/diagnostic_link__functions.c.o[0m
[16.969s] [ 11%] [32mBuilding C object CMakeFiles/tier4_system_msgs__rosidl_generator_c.dir/rosidl_generator_c/tier4_system_msgs/msg/detail/diagnostic_graph__functions.c.o[0m
[17.114s] [ 12%] [32m[1mLinking C shared library libtier4_system_msgs__rosidl_generator_c.so[0m
[17.266s] [ 12%] Built target tier4_system_msgs__rosidl_generator_c
[17.320s] [ 13%] [34m[1mGenerating C++ type support dispatch for ROS interfaces[0m
[19.173s] [35m[1mScanning dependencies of target tier4_system_msgs__rosidl_typesupport_cpp[0m
[19.226s] [ 14%] [32mBuilding CXX object CMakeFiles/tier4_system_msgs__rosidl_typesupport_cpp.dir/rosidl_typesupport_cpp/tier4_system_msgs/msg/autoware_state__type_support.cpp.o[0m
[19.909s] [ 15%] [32mBuilding CXX object CMakeFiles/tier4_system_msgs__rosidl_typesupport_cpp.dir/rosidl_typesupport_cpp/tier4_system_msgs/msg/diagnostic_node__type_support.cpp.o[0m
[20.594s] [ 15%] [32mBuilding CXX object CMakeFiles/tier4_system_msgs__rosidl_typesupport_cpp.dir/rosidl_typesupport_cpp/tier4_system_msgs/msg/operation_mode_availability__type_support.cpp.o[0m
[21.269s] [ 16%] [32mBuilding CXX object CMakeFiles/tier4_system_msgs__rosidl_typesupport_cpp.dir/rosidl_typesupport_cpp/tier4_system_msgs/msg/emergency_state__type_support.cpp.o[0m
[21.955s] [ 17%] [32mBuilding CXX object CMakeFiles/tier4_system_msgs__rosidl_typesupport_cpp.dir/rosidl_typesupport_cpp/tier4_system_msgs/msg/emergency_state_stamped__type_support.cpp.o[0m
[22.634s] [ 18%] [32mBuilding CXX object CMakeFiles/tier4_system_msgs__rosidl_typesupport_cpp.dir/rosidl_typesupport_cpp/tier4_system_msgs/msg/hazard_status__type_support.cpp.o[0m
[23.321s] [ 18%] [32mBuilding CXX object CMakeFiles/tier4_system_msgs__rosidl_typesupport_cpp.dir/rosidl_typesupport_cpp/tier4_system_msgs/msg/hazard_status_stamped__type_support.cpp.o[0m
[23.995s] [ 19%] [32mBuilding CXX object CMakeFiles/tier4_system_msgs__rosidl_typesupport_cpp.dir/rosidl_typesupport_cpp/tier4_system_msgs/msg/service_log__type_support.cpp.o[0m
[24.673s] [ 20%] [32mBuilding CXX object CMakeFiles/tier4_system_msgs__rosidl_typesupport_cpp.dir/rosidl_typesupport_cpp/tier4_system_msgs/msg/mode_change_available__type_support.cpp.o[0m
[25.331s] [ 20%] [32mBuilding CXX object CMakeFiles/tier4_system_msgs__rosidl_typesupport_cpp.dir/rosidl_typesupport_cpp/tier4_system_msgs/msg/mrm_behavior_status__type_support.cpp.o[0m
[25.993s] [ 21%] [32mBuilding CXX object CMakeFiles/tier4_system_msgs__rosidl_typesupport_cpp.dir/rosidl_typesupport_cpp/tier4_system_msgs/srv/operate_mrm__type_support.cpp.o[0m
[26.664s] [ 22%] [32mBuilding CXX object CMakeFiles/tier4_system_msgs__rosidl_typesupport_cpp.dir/rosidl_typesupport_cpp/tier4_system_msgs/srv/change_operation_mode__type_support.cpp.o[0m
[27.337s] [ 22%] [32mBuilding CXX object CMakeFiles/tier4_system_msgs__rosidl_typesupport_cpp.dir/rosidl_typesupport_cpp/tier4_system_msgs/srv/change_autoware_control__type_support.cpp.o[0m
[27.995s] [ 23%] [32mBuilding CXX object CMakeFiles/tier4_system_msgs__rosidl_typesupport_cpp.dir/rosidl_typesupport_cpp/tier4_system_msgs/msg/diagnostic_link__type_support.cpp.o[0m
[28.668s] [ 23%] [32mBuilding CXX object CMakeFiles/tier4_system_msgs__rosidl_typesupport_cpp.dir/rosidl_typesupport_cpp/tier4_system_msgs/msg/diagnostic_graph__type_support.cpp.o[0m
[29.341s] [ 24%] [32m[1mLinking CXX shared library libtier4_system_msgs__rosidl_typesupport_cpp.so[0m
[29.459s] [ 24%] Built target tier4_system_msgs__rosidl_typesupport_cpp
[29.494s] [ 25%] [34m[1mGenerating C type support dispatch for ROS interfaces[0m
[31.237s] [35m[1mScanning dependencies of target tier4_system_msgs__rosidl_typesupport_c[0m
[31.285s] [ 25%] [32mBuilding CXX object CMakeFiles/tier4_system_msgs__rosidl_typesupport_c.dir/rosidl_typesupport_c/tier4_system_msgs/msg/autoware_state__type_support.cpp.o[0m
[31.370s] [ 26%] [32mBuilding CXX object CMakeFiles/tier4_system_msgs__rosidl_typesupport_c.dir/rosidl_typesupport_c/tier4_system_msgs/msg/operation_mode_availability__type_support.cpp.o[0m
[31.456s] [ 27%] [32mBuilding CXX object CMakeFiles/tier4_system_msgs__rosidl_typesupport_c.dir/rosidl_typesupport_c/tier4_system_msgs/msg/emergency_state__type_support.cpp.o[0m
[31.551s] [ 28%] [32mBuilding CXX object CMakeFiles/tier4_system_msgs__rosidl_typesupport_c.dir/rosidl_typesupport_c/tier4_system_msgs/msg/emergency_state_stamped__type_support.cpp.o[0m
[31.632s] [ 28%] [32mBuilding CXX object CMakeFiles/tier4_system_msgs__rosidl_typesupport_c.dir/rosidl_typesupport_c/tier4_system_msgs/msg/hazard_status__type_support.cpp.o[0m
[31.718s] [ 29%] [32mBuilding CXX object CMakeFiles/tier4_system_msgs__rosidl_typesupport_c.dir/rosidl_typesupport_c/tier4_system_msgs/msg/hazard_status_stamped__type_support.cpp.o[0m
[31.808s] [ 30%] [32mBuilding CXX object CMakeFiles/tier4_system_msgs__rosidl_typesupport_c.dir/rosidl_typesupport_c/tier4_system_msgs/msg/service_log__type_support.cpp.o[0m
[31.898s] [ 30%] [32mBuilding CXX object CMakeFiles/tier4_system_msgs__rosidl_typesupport_c.dir/rosidl_typesupport_c/tier4_system_msgs/msg/mode_change_available__type_support.cpp.o[0m
[31.981s] [ 31%] [32mBuilding CXX object CMakeFiles/tier4_system_msgs__rosidl_typesupport_c.dir/rosidl_typesupport_c/tier4_system_msgs/msg/mrm_behavior_status__type_support.cpp.o[0m
[32.065s] [ 32%] [32mBuilding CXX object CMakeFiles/tier4_system_msgs__rosidl_typesupport_c.dir/rosidl_typesupport_c/tier4_system_msgs/srv/operate_mrm__type_support.cpp.o[0m
[32.158s] [ 32%] [32mBuilding CXX object CMakeFiles/tier4_system_msgs__rosidl_typesupport_c.dir/rosidl_typesupport_c/tier4_system_msgs/srv/change_operation_mode__type_support.cpp.o[0m
[32.252s] [ 33%] [32mBuilding CXX object CMakeFiles/tier4_system_msgs__rosidl_typesupport_c.dir/rosidl_typesupport_c/tier4_system_msgs/srv/change_autoware_control__type_support.cpp.o[0m
[32.341s] [ 33%] [32mBuilding CXX object CMakeFiles/tier4_system_msgs__rosidl_typesupport_c.dir/rosidl_typesupport_c/tier4_system_msgs/msg/diagnostic_node__type_support.cpp.o[0m
[32.426s] [ 34%] [32mBuilding CXX object CMakeFiles/tier4_system_msgs__rosidl_typesupport_c.dir/rosidl_typesupport_c/tier4_system_msgs/msg/diagnostic_link__type_support.cpp.o[0m
[32.510s] [ 35%] [32mBuilding CXX object CMakeFiles/tier4_system_msgs__rosidl_typesupport_c.dir/rosidl_typesupport_c/tier4_system_msgs/msg/diagnostic_graph__type_support.cpp.o[0m
[32.597s] [ 36%] [32m[1mLinking CXX shared library libtier4_system_msgs__rosidl_typesupport_c.so[0m
[32.713s] [ 36%] Built target tier4_system_msgs__rosidl_typesupport_c
[32.750s] [ 37%] [34m[1mGenerating C introspection for ROS interfaces[0m
[35.299s] [35m[1mScanning dependencies of target tier4_system_msgs__rosidl_typesupport_introspection_c[0m
[35.361s] [ 38%] [32mBuilding C object CMakeFiles/tier4_system_msgs__rosidl_typesupport_introspection_c.dir/rosidl_typesupport_introspection_c/tier4_system_msgs/msg/detail/autoware_state__type_support.c.o[0m
[35.454s] [ 38%] [32mBuilding C object CMakeFiles/tier4_system_msgs__rosidl_typesupport_introspection_c.dir/rosidl_typesupport_introspection_c/tier4_system_msgs/msg/detail/emergency_state__type_support.c.o[0m
[35.542s] [ 39%] [32mBuilding C object CMakeFiles/tier4_system_msgs__rosidl_typesupport_introspection_c.dir/rosidl_typesupport_introspection_c/tier4_system_msgs/msg/detail/emergency_state_stamped__type_support.c.o[0m
[35.636s] [ 40%] [32mBuilding C object CMakeFiles/tier4_system_msgs__rosidl_typesupport_introspection_c.dir/rosidl_typesupport_introspection_c/tier4_system_msgs/msg/detail/hazard_status__type_support.c.o[0m
[35.745s] [ 40%] [32mBuilding C object CMakeFiles/tier4_system_msgs__rosidl_typesupport_introspection_c.dir/rosidl_typesupport_introspection_c/tier4_system_msgs/msg/detail/hazard_status_stamped__type_support.c.o[0m
[35.838s] [ 41%] [32mBuilding C object CMakeFiles/tier4_system_msgs__rosidl_typesupport_introspection_c.dir/rosidl_typesupport_introspection_c/tier4_system_msgs/msg/detail/service_log__type_support.c.o[0m
[35.928s] [ 42%] [32mBuilding C object CMakeFiles/tier4_system_msgs__rosidl_typesupport_introspection_c.dir/rosidl_typesupport_introspection_c/tier4_system_msgs/msg/detail/mode_change_available__type_support.c.o[0m
[36.022s] [ 42%] [32mBuilding C object CMakeFiles/tier4_system_msgs__rosidl_typesupport_introspection_c.dir/rosidl_typesupport_introspection_c/tier4_system_msgs/msg/detail/mrm_behavior_status__type_support.c.o[0m
[36.119s] [ 43%] [32mBuilding C object CMakeFiles/tier4_system_msgs__rosidl_typesupport_introspection_c.dir/rosidl_typesupport_introspection_c/tier4_system_msgs/srv/detail/operate_mrm__type_support.c.o[0m
[36.220s] [ 44%] [32mBuilding C object CMakeFiles/tier4_system_msgs__rosidl_typesupport_introspection_c.dir/rosidl_typesupport_introspection_c/tier4_system_msgs/srv/detail/change_operation_mode__type_support.c.o[0m
[36.318s] [ 45%] [32mBuilding C object CMakeFiles/tier4_system_msgs__rosidl_typesupport_introspection_c.dir/rosidl_typesupport_introspection_c/tier4_system_msgs/srv/detail/change_autoware_control__type_support.c.o[0m
[36.417s] [ 46%] [32mBuilding C object CMakeFiles/tier4_system_msgs__rosidl_typesupport_introspection_c.dir/rosidl_typesupport_introspection_c/tier4_system_msgs/msg/detail/operation_mode_availability__type_support.c.o[0m
[36.510s] [ 47%] [32mBuilding C object CMakeFiles/tier4_system_msgs__rosidl_typesupport_introspection_c.dir/rosidl_typesupport_introspection_c/tier4_system_msgs/msg/detail/diagnostic_node__type_support.c.o[0m
[36.609s] [ 48%] [32mBuilding C object CMakeFiles/tier4_system_msgs__rosidl_typesupport_introspection_c.dir/rosidl_typesupport_introspection_c/tier4_system_msgs/msg/detail/diagnostic_link__type_support.c.o[0m
[36.702s] [ 48%] [32mBuilding C object CMakeFiles/tier4_system_msgs__rosidl_typesupport_introspection_c.dir/rosidl_typesupport_introspection_c/tier4_system_msgs/msg/detail/diagnostic_graph__type_support.c.o[0m
[36.802s] [ 48%] [32m[1mLinking C shared library libtier4_system_msgs__rosidl_typesupport_introspection_c.so[0m
[36.905s] [ 48%] Built target tier4_system_msgs__rosidl_typesupport_introspection_c
[36.943s] [ 49%] [34m[1mGenerating C++ type support for eProsima Fast-RTPS[0m
[39.653s] [35m[1mScanning dependencies of target tier4_system_msgs__rosidl_typesupport_fastrtps_cpp[0m
[39.723s] [ 50%] [32mBuilding CXX object CMakeFiles/tier4_system_msgs__rosidl_typesupport_fastrtps_cpp.dir/rosidl_typesupport_fastrtps_cpp/tier4_system_msgs/msg/detail/dds_fastrtps/autoware_state__type_support.cpp.o[0m
[40.694s] [ 51%] [32mBuilding CXX object CMakeFiles/tier4_system_msgs__rosidl_typesupport_fastrtps_cpp.dir/rosidl_typesupport_fastrtps_cpp/tier4_system_msgs/msg/detail/dds_fastrtps/emergency_state_stamped__type_support.cpp.o[0m
[41.652s] [ 52%] [32mBuilding CXX object CMakeFiles/tier4_system_msgs__rosidl_typesupport_fastrtps_cpp.dir/rosidl_typesupport_fastrtps_cpp/tier4_system_msgs/msg/detail/dds_fastrtps/hazard_status__type_support.cpp.o[0m
[42.776s] [ 52%] [32mBuilding CXX object CMakeFiles/tier4_system_msgs__rosidl_typesupport_fastrtps_cpp.dir/rosidl_typesupport_fastrtps_cpp/tier4_system_msgs/msg/detail/dds_fastrtps/hazard_status_stamped__type_support.cpp.o[0m
[43.744s] [ 53%] [32mBuilding CXX object CMakeFiles/tier4_system_msgs__rosidl_typesupport_fastrtps_cpp.dir/rosidl_typesupport_fastrtps_cpp/tier4_system_msgs/msg/detail/dds_fastrtps/service_log__type_support.cpp.o[0m
[44.710s] [ 54%] [32mBuilding CXX object CMakeFiles/tier4_system_msgs__rosidl_typesupport_fastrtps_cpp.dir/rosidl_typesupport_fastrtps_cpp/tier4_system_msgs/msg/detail/dds_fastrtps/mode_change_available__type_support.cpp.o[0m
[45.672s] [ 55%] [32mBuilding CXX object CMakeFiles/tier4_system_msgs__rosidl_typesupport_fastrtps_cpp.dir/rosidl_typesupport_fastrtps_cpp/tier4_system_msgs/msg/detail/dds_fastrtps/mrm_behavior_status__type_support.cpp.o[0m
[46.658s] [ 55%] [32mBuilding CXX object CMakeFiles/tier4_system_msgs__rosidl_typesupport_fastrtps_cpp.dir/rosidl_typesupport_fastrtps_cpp/tier4_system_msgs/srv/detail/dds_fastrtps/operate_mrm__type_support.cpp.o[0m
[47.647s] [ 56%] [32mBuilding CXX object CMakeFiles/tier4_system_msgs__rosidl_typesupport_fastrtps_cpp.dir/rosidl_typesupport_fastrtps_cpp/tier4_system_msgs/srv/detail/dds_fastrtps/change_operation_mode__type_support.cpp.o[0m
[48.640s] [ 57%] [32mBuilding CXX object CMakeFiles/tier4_system_msgs__rosidl_typesupport_fastrtps_cpp.dir/rosidl_typesupport_fastrtps_cpp/tier4_system_msgs/srv/detail/dds_fastrtps/change_autoware_control__type_support.cpp.o[0m
[49.629s] [ 57%] [32mBuilding CXX object CMakeFiles/tier4_system_msgs__rosidl_typesupport_fastrtps_cpp.dir/rosidl_typesupport_fastrtps_cpp/tier4_system_msgs/msg/detail/dds_fastrtps/emergency_state__type_support.cpp.o[0m
[50.601s] [ 58%] [32mBuilding CXX object CMakeFiles/tier4_system_msgs__rosidl_typesupport_fastrtps_cpp.dir/rosidl_typesupport_fastrtps_cpp/tier4_system_msgs/msg/detail/dds_fastrtps/operation_mode_availability__type_support.cpp.o[0m
[51.591s] [ 59%] [32mBuilding CXX object CMakeFiles/tier4_system_msgs__rosidl_typesupport_fastrtps_cpp.dir/rosidl_typesupport_fastrtps_cpp/tier4_system_msgs/msg/detail/dds_fastrtps/diagnostic_node__type_support.cpp.o[0m
[52.656s] [ 59%] [32mBuilding CXX object CMakeFiles/tier4_system_msgs__rosidl_typesupport_fastrtps_cpp.dir/rosidl_typesupport_fastrtps_cpp/tier4_system_msgs/msg/detail/dds_fastrtps/diagnostic_link__type_support.cpp.o[0m
[53.639s] [ 60%] [32mBuilding CXX object CMakeFiles/tier4_system_msgs__rosidl_typesupport_fastrtps_cpp.dir/rosidl_typesupport_fastrtps_cpp/tier4_system_msgs/msg/detail/dds_fastrtps/diagnostic_graph__type_support.cpp.o[0m
[54.798s] [ 60%] [32m[1mLinking CXX shared library libtier4_system_msgs__rosidl_typesupport_fastrtps_cpp.so[0m
[55.046s] [ 60%] Built target tier4_system_msgs__rosidl_typesupport_fastrtps_cpp
[55.100s] [ 60%] [34m[1mGenerating C++ introspection for ROS interfaces[0m
[57.650s] [35m[1mScanning dependencies of target tier4_system_msgs__rosidl_typesupport_introspection_cpp[0m
[57.708s] [ 61%] [32mBuilding CXX object CMakeFiles/tier4_system_msgs__rosidl_typesupport_introspection_cpp.dir/rosidl_typesupport_introspection_cpp/tier4_system_msgs/msg/detail/autoware_state__type_support.cpp.o[0m
[58.413s] [ 61%] [32mBuilding CXX object CMakeFiles/tier4_system_msgs__rosidl_typesupport_introspection_cpp.dir/rosidl_typesupport_introspection_cpp/tier4_system_msgs/msg/detail/emergency_state_stamped__type_support.cpp.o[0m
[59.102s] [ 62%] [32mBuilding CXX object CMakeFiles/tier4_system_msgs__rosidl_typesupport_introspection_cpp.dir/rosidl_typesupport_introspection_cpp/tier4_system_msgs/msg/detail/hazard_status__type_support.cpp.o[0m
[59.956s] [ 63%] [32mBuilding CXX object CMakeFiles/tier4_system_msgs__rosidl_typesupport_introspection_cpp.dir/rosidl_typesupport_introspection_cpp/tier4_system_msgs/msg/detail/hazard_status_stamped__type_support.cpp.o[0m
[60.729s] [ 63%] [32mBuilding CXX object CMakeFiles/tier4_system_msgs__rosidl_typesupport_introspection_cpp.dir/rosidl_typesupport_introspection_cpp/tier4_system_msgs/msg/detail/service_log__type_support.cpp.o[0m
[61.466s] [ 64%] [32mBuilding CXX object CMakeFiles/tier4_system_msgs__rosidl_typesupport_introspection_cpp.dir/rosidl_typesupport_introspection_cpp/tier4_system_msgs/msg/detail/mode_change_available__type_support.cpp.o[0m
[62.156s] [ 65%] [32mBuilding CXX object CMakeFiles/tier4_system_msgs__rosidl_typesupport_introspection_cpp.dir/rosidl_typesupport_introspection_cpp/tier4_system_msgs/msg/detail/mrm_behavior_status__type_support.cpp.o[0m
[62.848s] [ 65%] [32mBuilding CXX object CMakeFiles/tier4_system_msgs__rosidl_typesupport_introspection_cpp.dir/rosidl_typesupport_introspection_cpp/tier4_system_msgs/srv/detail/operate_mrm__type_support.cpp.o[0m
[63.556s] [ 66%] [32mBuilding CXX object CMakeFiles/tier4_system_msgs__rosidl_typesupport_introspection_cpp.dir/rosidl_typesupport_introspection_cpp/tier4_system_msgs/srv/detail/change_operation_mode__type_support.cpp.o[0m
[64.157s] make[2]: *** wait: No child processes.  Stop.
[64.180s] make[2]: *** Waiting for unfinished jobs....
[64.181s] make[2]: *** wait: No child processes.  Stop.
[64.181s] make[1]: *** [CMakeFiles/Makefile2:268: CMakeFiles/tier4_system_msgs__rosidl_typesupport_introspection_cpp.dir/all] Error 2
[64.185s] make: *** [Makefile:141: all] Interrupt
[64.264s] Invoked command in '/root/r2ware/build/tier4_system_msgs' returned '-2': AMENT_PREFIX_PATH=/root/r2ware/install/autoware_common_msgs:${AMENT_PREFIX_PATH} CMAKE_PREFIX_PATH=/root/r2ware/install/autoware_common_msgs:/root/yahboomcar_ros2_ws/yahboomcar_ws/install/yahboomcar_slam:/root/yahboomcar_ros2_ws/yahboomcar_ws/install/yahboomcar_point:/root/yahboomcar_ros2_ws/yahboomcar_ws/install/yahboomcar_msgs:/root/yahboomcar_ros2_ws/yahboomcar_ws/install/yahboomcar_base_node:/root/yahboomcar_ros2_ws/yahboomcar_ws/install/yahboomcar_KCFTracker:/root/yahboomcar_ros2_ws/yahboomcar_ws/install/yahboom_web_savmap_interfaces:/root/yahboomcar_ros2_ws/yahboomcar_ws/install/robot_pose_publisher_ros2:/root/yahboomcar_ros2_ws/software/library_ws/install/ydlidar_ros2_driver:/root/yahboomcar_ros2_ws/software/library_ws/install/web_video_server:/root/yahboomcar_ros2_ws/software/library_ws/install/teb_local_planner:/root/yahboomcar_ros2_ws/software/library_ws/install/teb_msgs:/root/yahboomcar_ros2_ws/software/library_ws/install/sllidar_ros2:/root/yahboomcar_ros2_ws/software/library_ws/install/slam_gmapping:/root/yahboomcar_ros2_ws/software/library_ws/install/ros2_orbslam:/root/yahboomcar_ros2_ws/software/library_ws/install/robot_localization:/root/yahboomcar_ros2_ws/software/library_ws/install/openslam_gmapping:/root/yahboomcar_ros2_ws/software/library_ws/install/octomap_mapping:/root/yahboomcar_ros2_ws/software/library_ws/install/octomap_server:/root/yahboomcar_ros2_ws/software/library_ws/install/costmap_converter:/root/yahboomcar_ros2_ws/software/library_ws/install/costmap_converter_msgs:/root/yahboomcar_ros2_ws/software/library_ws/install/astra_camera:/root/yahboomcar_ros2_ws/software/library_ws/install/astra_camera_msgs:/root/yahboomcar_ros2_ws/yahboomcar_ws/install/yahboomcar_voice_ctrl:/root/yahboomcar_ros2_ws/yahboomcar_ws/install/yahboomcar_visual:/root/yahboomcar_ros2_ws/yahboomcar_ws/install/yahboomcar_nav:/root/yahboomcar_ros2_ws/yahboomcar_ws/install/yahboomcar_multi:/root/yahboomcar_ros2_ws/yahboomcar_ws/install/yahboomcar_mediapipe:/root/yahboomcar_ros2_ws/yahboomcar_ws/install/yahboomcar_linefollow:/root/yahboomcar_ros2_ws/yahboomcar_ws/install/yahboomcar_laser:/root/yahboomcar_ros2_ws/yahboomcar_ws/install/yahboomcar_description_x1:/root/yahboomcar_ros2_ws/yahboomcar_ws/install/yahboomcar_description:/root/yahboomcar_ros2_ws/yahboomcar_ws/install/yahboomcar_ctrl:/root/yahboomcar_ros2_ws/yahboomcar_ws/install/yahboomcar_bringup:/root/yahboomcar_ros2_ws/yahboomcar_ws/install/yahboomcar_astra:/root/yahboomcar_ros2_ws/yahboomcar_ws/install/yahboom_app_save_map:/root/yahboomcar_ros2_ws/yahboomcar_ws/install/robot_pose_publisher:/root/yahboomcar_ros2_ws/yahboomcar_ws/install/laserscan_to_point_pulisher:/opt/ros/foxy LD_LIBRARY_PATH=/root/r2ware/install/autoware_common_msgs/lib:${LD_LIBRARY_PATH} PYTHONPATH=/root/r2ware/install/autoware_common_msgs/lib/python3.8/site-packages:${PYTHONPATH} /usr/bin/cmake --build /root/r2ware/build/tier4_system_msgs -- -j8 -l8
