[0.120s] Invoking command in '/root/r2ware/build/autoware_localization_msgs': CMAKE_PREFIX_PATH=${CMAKE_PREFIX_PATH}:/root/yahboomcar_ros2_ws/yahboomcar_ws/install/yahboomcar_voice_ctrl:/root/yahboomcar_ros2_ws/yahboomcar_ws/install/yahboomcar_visual:/root/yahboomcar_ros2_ws/yahboomcar_ws/install/yahboomcar_nav:/root/yahboomcar_ros2_ws/yahboomcar_ws/install/yahboomcar_multi:/root/yahboomcar_ros2_ws/yahboomcar_ws/install/yahboomcar_mediapipe:/root/yahboomcar_ros2_ws/yahboomcar_ws/install/yahboomcar_linefollow:/root/yahboomcar_ros2_ws/yahboomcar_ws/install/yahboomcar_laser:/root/yahboomcar_ros2_ws/yahboomcar_ws/install/yahboomcar_description_x1:/root/yahboomcar_ros2_ws/yahboomcar_ws/install/yahboomcar_description:/root/yahboomcar_ros2_ws/yahboomcar_ws/install/yahboomcar_ctrl:/root/yahboomcar_ros2_ws/yahboomcar_ws/install/yahboomcar_bringup:/root/yahboomcar_ros2_ws/yahboomcar_ws/install/yahboomcar_astra:/root/yahboomcar_ros2_ws/yahboomcar_ws/install/yahboom_app_save_map:/root/yahboomcar_ros2_ws/yahboomcar_ws/install/robot_pose_publisher:/root/yahboomcar_ros2_ws/yahboomcar_ws/install/laserscan_to_point_pulisher:/opt/ros/foxy /usr/bin/cmake /root/r2ware/src/autoware_dependencies/core/autoware_msgs/autoware_localization_msgs -DCMAKE_INSTALL_PREFIX=/root/r2ware/install/autoware_localization_msgs
[8.686s] -- The C compiler identification is GNU 9.4.0
[8.686s] -- The CXX compiler identification is GNU 9.4.0
[8.687s] -- Check for working C compiler: /usr/bin/cc
[8.687s] -- Check for working C compiler: /usr/bin/cc -- works
[8.687s] -- Detecting C compiler ABI info
[8.687s] -- Detecting C compiler ABI info - done
[8.687s] -- Detecting C compile features
[8.687s] -- Detecting C compile features - done
[8.687s] -- Check for working CXX compiler: /usr/bin/c++
[8.687s] -- Check for working CXX compiler: /usr/bin/c++ -- works
[8.688s] -- Detecting CXX compiler ABI info
[8.688s] -- Detecting CXX compiler ABI info - done
[8.688s] -- Detecting CXX compile features
[8.688s] -- Detecting CXX compile features - done
[8.688s] -- Found ament_cmake_auto: 0.9.11 (/opt/ros/foxy/share/ament_cmake_auto/cmake)
[8.688s] -- Found PythonInterp: /usr/bin/python3 (found suitable version "3.8.10", minimum required is "3") 
[8.688s] -- Using PYTHON_EXECUTABLE: /usr/bin/python3
[8.688s] -- Using all available rosidl_typesupport_c: rosidl_typesupport_fastrtps_c;rosidl_typesupport_introspection_c
[8.697s] -- Found rosidl_adapter: 1.3.0 (/opt/ros/foxy/share/rosidl_adapter/cmake)
[8.697s] -- Found OpenSSL: /usr/lib/aarch64-linux-gnu/libcrypto.so (found version "1.1.1f")  
[8.697s] -- Found FastRTPS: /opt/ros/foxy/include  
[8.697s] -- Using all available rosidl_typesupport_cpp: rosidl_typesupport_fastrtps_cpp;rosidl_typesupport_introspection_cpp
[8.697s] -- Found PythonInterp: /usr/bin/python3 (found version "3.8.10") 
[8.698s] -- Found ament_cmake_cppcheck: 0.9.7 (/opt/ros/foxy/share/ament_cmake_cppcheck/cmake)
[8.698s] -- Found ament_cmake_cpplint: 0.9.7 (/opt/ros/foxy/share/ament_cmake_cpplint/cmake)
[8.698s] -- Found ament_cmake_uncrustify: 0.9.7 (/opt/ros/foxy/share/ament_cmake_uncrustify/cmake)
[8.698s] -- Found ament_cmake_ros: 0.9.2 (/opt/ros/foxy/share/ament_cmake_ros/cmake)
[8.698s] -- Using all available rosidl_typesupport_c: rosidl_typesupport_fastrtps_c;rosidl_typesupport_introspection_c
[8.698s] -- Using all available rosidl_typesupport_cpp: rosidl_typesupport_fastrtps_cpp;rosidl_typesupport_introspection_cpp
[8.698s] -- Found PythonInterp: /usr/bin/python3 (found suitable version "3.8.10", minimum required is "3.5") 
[8.698s] -- Found python_cmake_module: 0.8.1 (/opt/ros/foxy/share/python_cmake_module/cmake)
[8.699s] -- Found PythonLibs: /usr/lib/aarch64-linux-gnu/libpython3.8.so (found suitable version "3.8.10", minimum required is "3.5") 
[8.699s] -- Using PYTHON_EXECUTABLE: /usr/bin/python3
[8.699s] -- Using PYTHON_INCLUDE_DIRS: /usr/include/python3.8
[8.699s] -- Using PYTHON_LIBRARIES: /usr/lib/aarch64-linux-gnu/libpython3.8.so
[8.699s] -- Found PythonExtra: .so  
[9.033s] -- Found ament_cmake_flake8: 0.9.7 (/opt/ros/foxy/share/ament_cmake_flake8/cmake)
[9.060s] -- Found ament_cmake_pep257: 0.9.7 (/opt/ros/foxy/share/ament_cmake_pep257/cmake)
[9.085s] -- Found ament_lint_auto: 0.9.7 (/opt/ros/foxy/share/ament_lint_auto/cmake)
[9.206s] -- Added test 'copyright' to check source files copyright and LICENSE
[9.209s] -- Added test 'lint_cmake' to check CMake code style
[9.211s] -- Added test 'xmllint' to check XML markup files
[9.236s] -- Configuring done
[9.375s] -- Generating done
[9.382s] -- Build files have been written to: /root/r2ware/build/autoware_localization_msgs
[9.429s] Invoked command in '/root/r2ware/build/autoware_localization_msgs' returned '0': CMAKE_PREFIX_PATH=${CMAKE_PREFIX_PATH}:/root/yahboomcar_ros2_ws/yahboomcar_ws/install/yahboomcar_voice_ctrl:/root/yahboomcar_ros2_ws/yahboomcar_ws/install/yahboomcar_visual:/root/yahboomcar_ros2_ws/yahboomcar_ws/install/yahboomcar_nav:/root/yahboomcar_ros2_ws/yahboomcar_ws/install/yahboomcar_multi:/root/yahboomcar_ros2_ws/yahboomcar_ws/install/yahboomcar_mediapipe:/root/yahboomcar_ros2_ws/yahboomcar_ws/install/yahboomcar_linefollow:/root/yahboomcar_ros2_ws/yahboomcar_ws/install/yahboomcar_laser:/root/yahboomcar_ros2_ws/yahboomcar_ws/install/yahboomcar_description_x1:/root/yahboomcar_ros2_ws/yahboomcar_ws/install/yahboomcar_description:/root/yahboomcar_ros2_ws/yahboomcar_ws/install/yahboomcar_ctrl:/root/yahboomcar_ros2_ws/yahboomcar_ws/install/yahboomcar_bringup:/root/yahboomcar_ros2_ws/yahboomcar_ws/install/yahboomcar_astra:/root/yahboomcar_ros2_ws/yahboomcar_ws/install/yahboom_app_save_map:/root/yahboomcar_ros2_ws/yahboomcar_ws/install/robot_pose_publisher:/root/yahboomcar_ros2_ws/yahboomcar_ws/install/laserscan_to_point_pulisher:/opt/ros/foxy /usr/bin/cmake /root/r2ware/src/autoware_dependencies/core/autoware_msgs/autoware_localization_msgs -DCMAKE_INSTALL_PREFIX=/root/r2ware/install/autoware_localization_msgs
[9.431s] Invoking command in '/root/r2ware/build/autoware_localization_msgs': CMAKE_PREFIX_PATH=${CMAKE_PREFIX_PATH}:/root/yahboomcar_ros2_ws/yahboomcar_ws/install/yahboomcar_voice_ctrl:/root/yahboomcar_ros2_ws/yahboomcar_ws/install/yahboomcar_visual:/root/yahboomcar_ros2_ws/yahboomcar_ws/install/yahboomcar_nav:/root/yahboomcar_ros2_ws/yahboomcar_ws/install/yahboomcar_multi:/root/yahboomcar_ros2_ws/yahboomcar_ws/install/yahboomcar_mediapipe:/root/yahboomcar_ros2_ws/yahboomcar_ws/install/yahboomcar_linefollow:/root/yahboomcar_ros2_ws/yahboomcar_ws/install/yahboomcar_laser:/root/yahboomcar_ros2_ws/yahboomcar_ws/install/yahboomcar_description_x1:/root/yahboomcar_ros2_ws/yahboomcar_ws/install/yahboomcar_description:/root/yahboomcar_ros2_ws/yahboomcar_ws/install/yahboomcar_ctrl:/root/yahboomcar_ros2_ws/yahboomcar_ws/install/yahboomcar_bringup:/root/yahboomcar_ros2_ws/yahboomcar_ws/install/yahboomcar_astra:/root/yahboomcar_ros2_ws/yahboomcar_ws/install/yahboom_app_save_map:/root/yahboomcar_ros2_ws/yahboomcar_ws/install/robot_pose_publisher:/root/yahboomcar_ros2_ws/yahboomcar_ws/install/laserscan_to_point_pulisher:/opt/ros/foxy /usr/bin/cmake --build /root/r2ware/build/autoware_localization_msgs -- -j8 -l8
[10.051s] [35m[1mScanning dependencies of target autoware_localization_msgs__cpp[0m
[10.052s] [  3%] [34m[1mGenerating C++ code for ROS interfaces[0m
[10.668s] [  3%] Built target autoware_localization_msgs__cpp
[10.714s] [  6%] [34m[1mGenerating C code for ROS interfaces[0m
[11.666s] [35m[1mScanning dependencies of target autoware_localization_msgs__rosidl_generator_c[0m
[11.751s] [  9%] [32mBuilding C object CMakeFiles/autoware_localization_msgs__rosidl_generator_c.dir/rosidl_generator_c/autoware_localization_msgs/msg/detail/kinematic_state__functions.c.o[0m
[11.977s] [ 12%] [32m[1mLinking C shared library libautoware_localization_msgs__rosidl_generator_c.so[0m
[12.147s] [ 12%] Built target autoware_localization_msgs__rosidl_generator_c
[12.181s] [ 16%] [34m[1mGenerating C++ introspection for ROS interfaces[0m
[12.961s] [35m[1mScanning dependencies of target autoware_localization_msgs__rosidl_typesupport_introspection_cpp[0m
[13.019s] [ 19%] [32mBuilding CXX object CMakeFiles/autoware_localization_msgs__rosidl_typesupport_introspection_cpp.dir/rosidl_typesupport_introspection_cpp/autoware_localization_msgs/msg/detail/kinematic_state__type_support.cpp.o[0m
[13.881s] [ 22%] [32m[1mLinking CXX shared library libautoware_localization_msgs__rosidl_typesupport_introspection_cpp.so[0m
[14.107s] [ 22%] Built target autoware_localization_msgs__rosidl_typesupport_introspection_cpp
[14.153s] [ 25%] [34m[1mGenerating C type support dispatch for ROS interfaces[0m
[14.840s] [35m[1mScanning dependencies of target autoware_localization_msgs__rosidl_typesupport_c[0m
[14.930s] [ 29%] [32mBuilding CXX object CMakeFiles/autoware_localization_msgs__rosidl_typesupport_c.dir/rosidl_typesupport_c/autoware_localization_msgs/msg/kinematic_state__type_support.cpp.o[0m
[15.096s] [ 32%] [32m[1mLinking CXX shared library libautoware_localization_msgs__rosidl_typesupport_c.so[0m
[15.285s] [ 32%] Built target autoware_localization_msgs__rosidl_typesupport_c
[15.336s] [ 35%] [34m[1mGenerating C introspection for ROS interfaces[0m
[16.091s] [35m[1mScanning dependencies of target autoware_localization_msgs__rosidl_typesupport_introspection_c[0m
[16.143s] [ 38%] [32mBuilding C object CMakeFiles/autoware_localization_msgs__rosidl_typesupport_introspection_c.dir/rosidl_typesupport_introspection_c/autoware_localization_msgs/msg/detail/kinematic_state__type_support.c.o[0m
[16.315s] [ 41%] [32m[1mLinking C shared library libautoware_localization_msgs__rosidl_typesupport_introspection_c.so[0m
[16.441s] [ 41%] Built target autoware_localization_msgs__rosidl_typesupport_introspection_c
[16.525s] [ 45%] [34m[1mGenerating C++ type support for eProsima Fast-RTPS[0m
[17.234s] [35m[1mScanning dependencies of target autoware_localization_msgs__rosidl_typesupport_fastrtps_cpp[0m
[17.304s] [ 48%] [32mBuilding CXX object CMakeFiles/autoware_localization_msgs__rosidl_typesupport_fastrtps_cpp.dir/rosidl_typesupport_fastrtps_cpp/autoware_localization_msgs/msg/detail/dds_fastrtps/kinematic_state__type_support.cpp.o[0m
[18.410s] [ 51%] [32m[1mLinking CXX shared library libautoware_localization_msgs__rosidl_typesupport_fastrtps_cpp.so[0m
[18.665s] [ 51%] Built target autoware_localization_msgs__rosidl_typesupport_fastrtps_cpp
[18.719s] [ 54%] [34m[1mGenerating C++ type support dispatch for ROS interfaces[0m
[19.354s] [35m[1mScanning dependencies of target autoware_localization_msgs__rosidl_typesupport_cpp[0m
[19.434s] [ 58%] [32mBuilding CXX object CMakeFiles/autoware_localization_msgs__rosidl_typesupport_cpp.dir/rosidl_typesupport_cpp/autoware_localization_msgs/msg/kinematic_state__type_support.cpp.o[0m
[20.211s] [ 61%] [32m[1mLinking CXX shared library libautoware_localization_msgs__rosidl_typesupport_cpp.so[0m
[20.432s] [ 61%] Built target autoware_localization_msgs__rosidl_typesupport_cpp
[20.473s] [ 64%] [34m[1mGenerating C type support for eProsima Fast-RTPS[0m
[21.202s] [35m[1mScanning dependencies of target autoware_localization_msgs__rosidl_typesupport_fastrtps_c[0m
[21.269s] [ 67%] [32mBuilding CXX object CMakeFiles/autoware_localization_msgs__rosidl_typesupport_fastrtps_c.dir/rosidl_typesupport_fastrtps_c/autoware_localization_msgs/msg/detail/kinematic_state__type_support_c.cpp.o[0m
[22.189s] [ 70%] [32m[1mLinking CXX shared library libautoware_localization_msgs__rosidl_typesupport_fastrtps_c.so[0m
[22.462s] [ 70%] Built target autoware_localization_msgs__rosidl_typesupport_fastrtps_c
[22.498s] [35m[1mScanning dependencies of target autoware_localization_msgs[0m
[22.539s] [ 70%] Built target autoware_localization_msgs
[22.579s] [35m[1mScanning dependencies of target autoware_localization_msgs__py[0m
[22.625s] [ 74%] [34m[1mGenerating Python code for ROS interfaces[0m
[23.916s] [ 74%] Built target autoware_localization_msgs__py
[23.990s] [35m[1mScanning dependencies of target autoware_localization_msgs__python[0m
[24.056s] [ 77%] [32mBuilding C object CMakeFiles/autoware_localization_msgs__python.dir/rosidl_generator_py/autoware_localization_msgs/msg/_kinematic_state_s.c.o[0m
[24.325s] [ 80%] [32m[1mLinking C shared library rosidl_generator_py/autoware_localization_msgs/libautoware_localization_msgs__python.so[0m
[24.459s] [ 80%] Built target autoware_localization_msgs__python
[24.514s] [35m[1mScanning dependencies of target autoware_localization_msgs__rosidl_typesupport_introspection_c__pyext[0m
[24.582s] [ 83%] [32mBuilding C object CMakeFiles/autoware_localization_msgs__rosidl_typesupport_introspection_c__pyext.dir/rosidl_generator_py/autoware_localization_msgs/_autoware_localization_msgs_s.ep.rosidl_typesupport_introspection_c.c.o[0m
[24.805s] [ 87%] [32m[1mLinking C shared library rosidl_generator_py/autoware_localization_msgs/autoware_localization_msgs_s__rosidl_typesupport_introspection_c.cpython-38-aarch64-linux-gnu.so[0m
[24.928s] [ 87%] Built target autoware_localization_msgs__rosidl_typesupport_introspection_c__pyext
[24.970s] [35m[1mScanning dependencies of target autoware_localization_msgs__rosidl_typesupport_c__pyext[0m
[25.059s] [ 90%] [32mBuilding C object CMakeFiles/autoware_localization_msgs__rosidl_typesupport_c__pyext.dir/rosidl_generator_py/autoware_localization_msgs/_autoware_localization_msgs_s.ep.rosidl_typesupport_c.c.o[0m
[25.267s] [ 93%] [32m[1mLinking C shared library rosidl_generator_py/autoware_localization_msgs/autoware_localization_msgs_s__rosidl_typesupport_c.cpython-38-aarch64-linux-gnu.so[0m
[25.386s] [ 93%] Built target autoware_localization_msgs__rosidl_typesupport_c__pyext
[25.426s] [35m[1mScanning dependencies of target autoware_localization_msgs__rosidl_typesupport_fastrtps_c__pyext[0m
[25.498s] [ 96%] [32mBuilding C object CMakeFiles/autoware_localization_msgs__rosidl_typesupport_fastrtps_c__pyext.dir/rosidl_generator_py/autoware_localization_msgs/_autoware_localization_msgs_s.ep.rosidl_typesupport_fastrtps_c.c.o[0m
[25.714s] [100%] [32m[1mLinking CXX shared library rosidl_generator_py/autoware_localization_msgs/autoware_localization_msgs_s__rosidl_typesupport_fastrtps_c.cpython-38-aarch64-linux-gnu.so[0m
[25.913s] [100%] Built target autoware_localization_msgs__rosidl_typesupport_fastrtps_c__pyext
[25.960s] Invoked command in '/root/r2ware/build/autoware_localization_msgs' returned '0': CMAKE_PREFIX_PATH=${CMAKE_PREFIX_PATH}:/root/yahboomcar_ros2_ws/yahboomcar_ws/install/yahboomcar_voice_ctrl:/root/yahboomcar_ros2_ws/yahboomcar_ws/install/yahboomcar_visual:/root/yahboomcar_ros2_ws/yahboomcar_ws/install/yahboomcar_nav:/root/yahboomcar_ros2_ws/yahboomcar_ws/install/yahboomcar_multi:/root/yahboomcar_ros2_ws/yahboomcar_ws/install/yahboomcar_mediapipe:/root/yahboomcar_ros2_ws/yahboomcar_ws/install/yahboomcar_linefollow:/root/yahboomcar_ros2_ws/yahboomcar_ws/install/yahboomcar_laser:/root/yahboomcar_ros2_ws/yahboomcar_ws/install/yahboomcar_description_x1:/root/yahboomcar_ros2_ws/yahboomcar_ws/install/yahboomcar_description:/root/yahboomcar_ros2_ws/yahboomcar_ws/install/yahboomcar_ctrl:/root/yahboomcar_ros2_ws/yahboomcar_ws/install/yahboomcar_bringup:/root/yahboomcar_ros2_ws/yahboomcar_ws/install/yahboomcar_astra:/root/yahboomcar_ros2_ws/yahboomcar_ws/install/yahboom_app_save_map:/root/yahboomcar_ros2_ws/yahboomcar_ws/install/robot_pose_publisher:/root/yahboomcar_ros2_ws/yahboomcar_ws/install/laserscan_to_point_pulisher:/opt/ros/foxy /usr/bin/cmake --build /root/r2ware/build/autoware_localization_msgs -- -j8 -l8
[26.245s] Invoking command in '/root/r2ware/build/autoware_localization_msgs': CMAKE_PREFIX_PATH=${CMAKE_PREFIX_PATH}:/root/yahboomcar_ros2_ws/yahboomcar_ws/install/yahboomcar_voice_ctrl:/root/yahboomcar_ros2_ws/yahboomcar_ws/install/yahboomcar_visual:/root/yahboomcar_ros2_ws/yahboomcar_ws/install/yahboomcar_nav:/root/yahboomcar_ros2_ws/yahboomcar_ws/install/yahboomcar_multi:/root/yahboomcar_ros2_ws/yahboomcar_ws/install/yahboomcar_mediapipe:/root/yahboomcar_ros2_ws/yahboomcar_ws/install/yahboomcar_linefollow:/root/yahboomcar_ros2_ws/yahboomcar_ws/install/yahboomcar_laser:/root/yahboomcar_ros2_ws/yahboomcar_ws/install/yahboomcar_description_x1:/root/yahboomcar_ros2_ws/yahboomcar_ws/install/yahboomcar_description:/root/yahboomcar_ros2_ws/yahboomcar_ws/install/yahboomcar_ctrl:/root/yahboomcar_ros2_ws/yahboomcar_ws/install/yahboomcar_bringup:/root/yahboomcar_ros2_ws/yahboomcar_ws/install/yahboomcar_astra:/root/yahboomcar_ros2_ws/yahboomcar_ws/install/yahboom_app_save_map:/root/yahboomcar_ros2_ws/yahboomcar_ws/install/robot_pose_publisher:/root/yahboomcar_ros2_ws/yahboomcar_ws/install/laserscan_to_point_pulisher:/opt/ros/foxy /usr/bin/cmake --install /root/r2ware/build/autoware_localization_msgs
[44.903s] -- Install configuration: ""
[44.911s] -- Installing: /root/r2ware/install/autoware_localization_msgs/share/ament_index/resource_index/rosidl_interfaces/autoware_localization_msgs
[44.911s] -- Installing: /root/r2ware/install/autoware_localization_msgs/include/autoware_localization_msgs
[44.911s] -- Installing: /root/r2ware/install/autoware_localization_msgs/include/autoware_localization_msgs/msg
[44.912s] -- Installing: /root/r2ware/install/autoware_localization_msgs/include/autoware_localization_msgs/msg/rosidl_generator_c__visibility_control.h
[44.912s] -- Installing: /root/r2ware/install/autoware_localization_msgs/include/autoware_localization_msgs/msg/kinematic_state.h
[44.912s] -- Installing: /root/r2ware/install/autoware_localization_msgs/include/autoware_localization_msgs/msg/detail
[44.912s] -- Installing: /root/r2ware/install/autoware_localization_msgs/include/autoware_localization_msgs/msg/detail/kinematic_state__functions.h
[44.913s] -- Installing: /root/r2ware/install/autoware_localization_msgs/include/autoware_localization_msgs/msg/detail/kinematic_state__functions.c
[44.914s] -- Installing: /root/r2ware/install/autoware_localization_msgs/include/autoware_localization_msgs/msg/detail/kinematic_state__type_support.h
[44.917s] -- Installing: /root/r2ware/install/autoware_localization_msgs/include/autoware_localization_msgs/msg/detail/kinematic_state__struct.h
[44.917s] -- Installing: /root/r2ware/install/autoware_localization_msgs/share/autoware_localization_msgs/environment/library_path.sh
[44.917s] -- Installing: /root/r2ware/install/autoware_localization_msgs/share/autoware_localization_msgs/environment/library_path.dsv
[44.917s] -- Installing: /root/r2ware/install/autoware_localization_msgs/lib/libautoware_localization_msgs__rosidl_generator_c.so
[44.917s] -- Set runtime path of "/root/r2ware/install/autoware_localization_msgs/lib/libautoware_localization_msgs__rosidl_generator_c.so" to ""
[44.917s] -- Up-to-date: /root/r2ware/install/autoware_localization_msgs/include/autoware_localization_msgs
[44.918s] -- Up-to-date: /root/r2ware/install/autoware_localization_msgs/include/autoware_localization_msgs/msg
[44.918s] -- Installing: /root/r2ware/install/autoware_localization_msgs/include/autoware_localization_msgs/msg/rosidl_typesupport_fastrtps_c__visibility_control.h
[44.918s] -- Up-to-date: /root/r2ware/install/autoware_localization_msgs/include/autoware_localization_msgs/msg/detail
[44.918s] -- Installing: /root/r2ware/install/autoware_localization_msgs/include/autoware_localization_msgs/msg/detail/kinematic_state__rosidl_typesupport_fastrtps_c.h
[44.918s] -- Installing: /root/r2ware/install/autoware_localization_msgs/lib/libautoware_localization_msgs__rosidl_typesupport_fastrtps_c.so
[44.918s] -- Set runtime path of "/root/r2ware/install/autoware_localization_msgs/lib/libautoware_localization_msgs__rosidl_typesupport_fastrtps_c.so" to ""
[44.918s] -- Up-to-date: /root/r2ware/install/autoware_localization_msgs/include/autoware_localization_msgs
[44.919s] -- Up-to-date: /root/r2ware/install/autoware_localization_msgs/include/autoware_localization_msgs/msg
[44.919s] -- Installing: /root/r2ware/install/autoware_localization_msgs/include/autoware_localization_msgs/msg/rosidl_typesupport_fastrtps_cpp__visibility_control.h
[44.919s] -- Up-to-date: /root/r2ware/install/autoware_localization_msgs/include/autoware_localization_msgs/msg/detail
[44.920s] -- Installing: /root/r2ware/install/autoware_localization_msgs/include/autoware_localization_msgs/msg/detail/kinematic_state__rosidl_typesupport_fastrtps_cpp.hpp
[44.920s] -- Installing: /root/r2ware/install/autoware_localization_msgs/include/autoware_localization_msgs/msg/detail/dds_fastrtps
[44.920s] -- Installing: /root/r2ware/install/autoware_localization_msgs/lib/libautoware_localization_msgs__rosidl_typesupport_fastrtps_cpp.so
[44.920s] -- Set runtime path of "/root/r2ware/install/autoware_localization_msgs/lib/libautoware_localization_msgs__rosidl_typesupport_fastrtps_cpp.so" to ""
[44.920s] -- Up-to-date: /root/r2ware/install/autoware_localization_msgs/include/autoware_localization_msgs
[44.921s] -- Up-to-date: /root/r2ware/install/autoware_localization_msgs/include/autoware_localization_msgs/msg
[44.923s] -- Installing: /root/r2ware/install/autoware_localization_msgs/include/autoware_localization_msgs/msg/rosidl_typesupport_introspection_c__visibility_control.h
[44.924s] -- Up-to-date: /root/r2ware/install/autoware_localization_msgs/include/autoware_localization_msgs/msg/detail
[44.924s] -- Installing: /root/r2ware/install/autoware_localization_msgs/include/autoware_localization_msgs/msg/detail/kinematic_state__type_support.c
[44.924s] -- Installing: /root/r2ware/install/autoware_localization_msgs/include/autoware_localization_msgs/msg/detail/kinematic_state__rosidl_typesupport_introspection_c.h
[44.924s] -- Installing: /root/r2ware/install/autoware_localization_msgs/lib/libautoware_localization_msgs__rosidl_typesupport_introspection_c.so
[44.924s] -- Set runtime path of "/root/r2ware/install/autoware_localization_msgs/lib/libautoware_localization_msgs__rosidl_typesupport_introspection_c.so" to ""
[44.924s] -- Installing: /root/r2ware/install/autoware_localization_msgs/lib/libautoware_localization_msgs__rosidl_typesupport_c.so
[44.925s] -- Set runtime path of "/root/r2ware/install/autoware_localization_msgs/lib/libautoware_localization_msgs__rosidl_typesupport_c.so" to ""
[44.925s] -- Up-to-date: /root/r2ware/install/autoware_localization_msgs/include/autoware_localization_msgs
[44.925s] -- Up-to-date: /root/r2ware/install/autoware_localization_msgs/include/autoware_localization_msgs/msg
[44.925s] -- Installing: /root/r2ware/install/autoware_localization_msgs/include/autoware_localization_msgs/msg/kinematic_state.hpp
[44.925s] -- Up-to-date: /root/r2ware/install/autoware_localization_msgs/include/autoware_localization_msgs/msg/detail
[44.925s] -- Installing: /root/r2ware/install/autoware_localization_msgs/include/autoware_localization_msgs/msg/detail/kinematic_state__builder.hpp
[44.925s] -- Installing: /root/r2ware/install/autoware_localization_msgs/include/autoware_localization_msgs/msg/detail/kinematic_state__struct.hpp
[44.925s] -- Installing: /root/r2ware/install/autoware_localization_msgs/include/autoware_localization_msgs/msg/detail/kinematic_state__traits.hpp
[44.926s] -- Up-to-date: /root/r2ware/install/autoware_localization_msgs/include/autoware_localization_msgs
[44.926s] -- Up-to-date: /root/r2ware/install/autoware_localization_msgs/include/autoware_localization_msgs/msg
[44.926s] -- Up-to-date: /root/r2ware/install/autoware_localization_msgs/include/autoware_localization_msgs/msg/detail
[44.926s] -- Installing: /root/r2ware/install/autoware_localization_msgs/include/autoware_localization_msgs/msg/detail/kinematic_state__rosidl_typesupport_introspection_cpp.hpp
[44.934s] -- Installing: /root/r2ware/install/autoware_localization_msgs/include/autoware_localization_msgs/msg/detail/kinematic_state__type_support.cpp
[44.934s] -- Installing: /root/r2ware/install/autoware_localization_msgs/lib/libautoware_localization_msgs__rosidl_typesupport_introspection_cpp.so
[44.934s] -- Set runtime path of "/root/r2ware/install/autoware_localization_msgs/lib/libautoware_localization_msgs__rosidl_typesupport_introspection_cpp.so" to ""
[44.934s] -- Installing: /root/r2ware/install/autoware_localization_msgs/lib/libautoware_localization_msgs__rosidl_typesupport_cpp.so
[44.935s] -- Set runtime path of "/root/r2ware/install/autoware_localization_msgs/lib/libautoware_localization_msgs__rosidl_typesupport_cpp.so" to ""
[44.935s] -- Installing: /root/r2ware/install/autoware_localization_msgs/share/autoware_localization_msgs/environment/pythonpath.sh
[44.935s] -- Installing: /root/r2ware/install/autoware_localization_msgs/share/autoware_localization_msgs/environment/pythonpath.dsv
[44.935s] -- Installing: /root/r2ware/install/autoware_localization_msgs/lib/python3.8/site-packages/autoware_localization_msgs/__init__.py
[44.935s] Compiling '/root/r2ware/install/autoware_localization_msgs/lib/python3.8/site-packages/autoware_localization_msgs/__init__.py'...
[44.935s] -- Installing: /root/r2ware/install/autoware_localization_msgs/lib/python3.8/site-packages/autoware_localization_msgs/msg
[44.935s] -- Installing: /root/r2ware/install/autoware_localization_msgs/lib/python3.8/site-packages/autoware_localization_msgs/msg/__init__.py
[44.935s] -- Installing: /root/r2ware/install/autoware_localization_msgs/lib/python3.8/site-packages/autoware_localization_msgs/msg/_kinematic_state_s.c
[44.936s] -- Installing: /root/r2ware/install/autoware_localization_msgs/lib/python3.8/site-packages/autoware_localization_msgs/msg/_kinematic_state.py
[44.936s] -- Installing: /root/r2ware/install/autoware_localization_msgs/lib/python3.8/site-packages/autoware_localization_msgs/autoware_localization_msgs_s__rosidl_typesupport_fastrtps_c.cpython-38-aarch64-linux-gnu.so
[44.936s] -- Set runtime path of "/root/r2ware/install/autoware_localization_msgs/lib/python3.8/site-packages/autoware_localization_msgs/autoware_localization_msgs_s__rosidl_typesupport_fastrtps_c.cpython-38-aarch64-linux-gnu.so" to ""
[44.936s] -- Installing: /root/r2ware/install/autoware_localization_msgs/lib/python3.8/site-packages/autoware_localization_msgs/autoware_localization_msgs_s__rosidl_typesupport_introspection_c.cpython-38-aarch64-linux-gnu.so
[44.937s] -- Set runtime path of "/root/r2ware/install/autoware_localization_msgs/lib/python3.8/site-packages/autoware_localization_msgs/autoware_localization_msgs_s__rosidl_typesupport_introspection_c.cpython-38-aarch64-linux-gnu.so" to ""
[44.937s] -- Installing: /root/r2ware/install/autoware_localization_msgs/lib/python3.8/site-packages/autoware_localization_msgs/autoware_localization_msgs_s__rosidl_typesupport_c.cpython-38-aarch64-linux-gnu.so
[44.937s] -- Set runtime path of "/root/r2ware/install/autoware_localization_msgs/lib/python3.8/site-packages/autoware_localization_msgs/autoware_localization_msgs_s__rosidl_typesupport_c.cpython-38-aarch64-linux-gnu.so" to ""
[44.937s] -- Installing: /root/r2ware/install/autoware_localization_msgs/lib/libautoware_localization_msgs__python.so
[44.937s] -- Set runtime path of "/root/r2ware/install/autoware_localization_msgs/lib/libautoware_localization_msgs__python.so" to ""
[44.937s] -- Installing: /root/r2ware/install/autoware_localization_msgs/share/autoware_localization_msgs/msg/KinematicState.idl
[44.937s] -- Installing: /root/r2ware/install/autoware_localization_msgs/share/autoware_localization_msgs/msg/KinematicState.msg
[44.937s] -- Installing: /root/r2ware/install/autoware_localization_msgs/share/ament_index/resource_index/package_run_dependencies/autoware_localization_msgs
[44.938s] -- Installing: /root/r2ware/install/autoware_localization_msgs/share/ament_index/resource_index/parent_prefix_path/autoware_localization_msgs
[44.938s] -- Installing: /root/r2ware/install/autoware_localization_msgs/share/autoware_localization_msgs/environment/ament_prefix_path.sh
[44.938s] -- Installing: /root/r2ware/install/autoware_localization_msgs/share/autoware_localization_msgs/environment/ament_prefix_path.dsv
[44.938s] -- Installing: /root/r2ware/install/autoware_localization_msgs/share/autoware_localization_msgs/environment/path.sh
[44.939s] -- Installing: /root/r2ware/install/autoware_localization_msgs/share/autoware_localization_msgs/environment/path.dsv
[44.939s] -- Installing: /root/r2ware/install/autoware_localization_msgs/share/autoware_localization_msgs/local_setup.bash
[44.941s] -- Installing: /root/r2ware/install/autoware_localization_msgs/share/autoware_localization_msgs/local_setup.sh
[44.941s] -- Installing: /root/r2ware/install/autoware_localization_msgs/share/autoware_localization_msgs/local_setup.zsh
[44.941s] -- Installing: /root/r2ware/install/autoware_localization_msgs/share/autoware_localization_msgs/local_setup.dsv
[44.941s] -- Installing: /root/r2ware/install/autoware_localization_msgs/share/autoware_localization_msgs/package.dsv
[44.941s] -- Installing: /root/r2ware/install/autoware_localization_msgs/share/ament_index/resource_index/packages/autoware_localization_msgs
[44.942s] -- Installing: /root/r2ware/install/autoware_localization_msgs/share/autoware_localization_msgs/cmake/autoware_localization_msgs__rosidl_generator_cExport.cmake
[44.942s] -- Installing: /root/r2ware/install/autoware_localization_msgs/share/autoware_localization_msgs/cmake/autoware_localization_msgs__rosidl_generator_cExport-noconfig.cmake
[44.942s] -- Installing: /root/r2ware/install/autoware_localization_msgs/share/autoware_localization_msgs/cmake/autoware_localization_msgs__rosidl_typesupport_introspection_cExport.cmake
[44.943s] -- Installing: /root/r2ware/install/autoware_localization_msgs/share/autoware_localization_msgs/cmake/autoware_localization_msgs__rosidl_typesupport_introspection_cExport-noconfig.cmake
[44.943s] -- Installing: /root/r2ware/install/autoware_localization_msgs/share/autoware_localization_msgs/cmake/autoware_localization_msgs__rosidl_typesupport_cExport.cmake
[44.943s] -- Installing: /root/r2ware/install/autoware_localization_msgs/share/autoware_localization_msgs/cmake/autoware_localization_msgs__rosidl_typesupport_cExport-noconfig.cmake
[44.943s] -- Installing: /root/r2ware/install/autoware_localization_msgs/share/autoware_localization_msgs/cmake/autoware_localization_msgs__rosidl_generator_cppExport.cmake
[44.943s] -- Installing: /root/r2ware/install/autoware_localization_msgs/share/autoware_localization_msgs/cmake/autoware_localization_msgs__rosidl_typesupport_introspection_cppExport.cmake
[44.944s] -- Installing: /root/r2ware/install/autoware_localization_msgs/share/autoware_localization_msgs/cmake/autoware_localization_msgs__rosidl_typesupport_introspection_cppExport-noconfig.cmake
[44.944s] -- Installing: /root/r2ware/install/autoware_localization_msgs/share/autoware_localization_msgs/cmake/autoware_localization_msgs__rosidl_typesupport_cppExport.cmake
[44.944s] -- Installing: /root/r2ware/install/autoware_localization_msgs/share/autoware_localization_msgs/cmake/autoware_localization_msgs__rosidl_typesupport_cppExport-noconfig.cmake
[44.944s] -- Installing: /root/r2ware/install/autoware_localization_msgs/share/autoware_localization_msgs/cmake/rosidl_cmake-extras.cmake
[44.944s] -- Installing: /root/r2ware/install/autoware_localization_msgs/share/autoware_localization_msgs/cmake/ament_cmake_export_dependencies-extras.cmake
[44.944s] -- Installing: /root/r2ware/install/autoware_localization_msgs/share/autoware_localization_msgs/cmake/ament_cmake_export_libraries-extras.cmake
[44.944s] -- Installing: /root/r2ware/install/autoware_localization_msgs/share/autoware_localization_msgs/cmake/ament_cmake_export_targets-extras.cmake
[44.944s] -- Installing: /root/r2ware/install/autoware_localization_msgs/share/autoware_localization_msgs/cmake/ament_cmake_export_include_directories-extras.cmake
[44.945s] -- Installing: /root/r2ware/install/autoware_localization_msgs/share/autoware_localization_msgs/cmake/rosidl_cmake_export_typesupport_libraries-extras.cmake
[44.945s] -- Installing: /root/r2ware/install/autoware_localization_msgs/share/autoware_localization_msgs/cmake/rosidl_cmake_export_typesupport_targets-extras.cmake
[44.945s] -- Installing: /root/r2ware/install/autoware_localization_msgs/share/autoware_localization_msgs/cmake/autoware_localization_msgsConfig.cmake
[44.945s] -- Installing: /root/r2ware/install/autoware_localization_msgs/share/autoware_localization_msgs/cmake/autoware_localization_msgsConfig-version.cmake
[44.945s] -- Installing: /root/r2ware/install/autoware_localization_msgs/share/autoware_localization_msgs/package.xml
[45.000s] Invoked command in '/root/r2ware/build/autoware_localization_msgs' returned '0': CMAKE_PREFIX_PATH=${CMAKE_PREFIX_PATH}:/root/yahboomcar_ros2_ws/yahboomcar_ws/install/yahboomcar_voice_ctrl:/root/yahboomcar_ros2_ws/yahboomcar_ws/install/yahboomcar_visual:/root/yahboomcar_ros2_ws/yahboomcar_ws/install/yahboomcar_nav:/root/yahboomcar_ros2_ws/yahboomcar_ws/install/yahboomcar_multi:/root/yahboomcar_ros2_ws/yahboomcar_ws/install/yahboomcar_mediapipe:/root/yahboomcar_ros2_ws/yahboomcar_ws/install/yahboomcar_linefollow:/root/yahboomcar_ros2_ws/yahboomcar_ws/install/yahboomcar_laser:/root/yahboomcar_ros2_ws/yahboomcar_ws/install/yahboomcar_description_x1:/root/yahboomcar_ros2_ws/yahboomcar_ws/install/yahboomcar_description:/root/yahboomcar_ros2_ws/yahboomcar_ws/install/yahboomcar_ctrl:/root/yahboomcar_ros2_ws/yahboomcar_ws/install/yahboomcar_bringup:/root/yahboomcar_ros2_ws/yahboomcar_ws/install/yahboomcar_astra:/root/yahboomcar_ros2_ws/yahboomcar_ws/install/yahboom_app_save_map:/root/yahboomcar_ros2_ws/yahboomcar_ws/install/robot_pose_publisher:/root/yahboomcar_ros2_ws/yahboomcar_ws/install/laserscan_to_point_pulisher:/opt/ros/foxy /usr/bin/cmake --install /root/r2ware/build/autoware_localization_msgs
