[0.278s] Invoking command in '/root/r2ware/build/autoware_auto_geometry_msgs': CMAKE_PREFIX_PATH=${CMAKE_PREFIX_PATH}:/root/yahboomcar_ros2_ws/yahboomcar_ws/install/yahboomcar_voice_ctrl:/root/yahboomcar_ros2_ws/yahboomcar_ws/install/yahboomcar_visual:/root/yahboomcar_ros2_ws/yahboomcar_ws/install/yahboomcar_nav:/root/yahboomcar_ros2_ws/yahboomcar_ws/install/yahboomcar_multi:/root/yahboomcar_ros2_ws/yahboomcar_ws/install/yahboomcar_mediapipe:/root/yahboomcar_ros2_ws/yahboomcar_ws/install/yahboomcar_linefollow:/root/yahboomcar_ros2_ws/yahboomcar_ws/install/yahboomcar_laser:/root/yahboomcar_ros2_ws/yahboomcar_ws/install/yahboomcar_description_x1:/root/yahboomcar_ros2_ws/yahboomcar_ws/install/yahboomcar_description:/root/yahboomcar_ros2_ws/yahboomcar_ws/install/yahboomcar_ctrl:/root/yahboomcar_ros2_ws/yahboomcar_ws/install/yahboomcar_bringup:/root/yahboomcar_ros2_ws/yahboomcar_ws/install/yahboomcar_astra:/root/yahboomcar_ros2_ws/yahboomcar_ws/install/yahboom_app_save_map:/root/yahboomcar_ros2_ws/yahboomcar_ws/install/robot_pose_publisher:/root/yahboomcar_ros2_ws/yahboomcar_ws/install/laserscan_to_point_pulisher:/opt/ros/foxy /usr/bin/cmake --build /root/r2ware/build/autoware_auto_geometry_msgs -- -j8 -l8
[0.400s] -- Found ament_cmake_auto: 0.9.11 (/opt/ros/foxy/share/ament_cmake_auto/cmake)
[0.452s] -- Found PythonInterp: /usr/bin/python3 (found suitable version "3.8.10", minimum required is "3") 
[0.452s] -- Using PYTHON_EXECUTABLE: /usr/bin/python3
[1.246s] -- Using all available rosidl_typesupport_c: rosidl_typesupport_fastrtps_c;rosidl_typesupport_introspection_c
[1.253s] -- Found rosidl_adapter: 1.3.0 (/opt/ros/foxy/share/rosidl_adapter/cmake)
[1.851s] -- Using all available rosidl_typesupport_cpp: rosidl_typesupport_fastrtps_cpp;rosidl_typesupport_introspection_cpp
[2.177s] -- Found ament_cmake_cppcheck: 0.9.7 (/opt/ros/foxy/share/ament_cmake_cppcheck/cmake)
[2.179s] -- Found ament_cmake_cpplint: 0.9.7 (/opt/ros/foxy/share/ament_cmake_cpplint/cmake)
[2.181s] -- Found ament_cmake_uncrustify: 0.9.7 (/opt/ros/foxy/share/ament_cmake_uncrustify/cmake)
[2.184s] -- Found ament_cmake_ros: 0.9.2 (/opt/ros/foxy/share/ament_cmake_ros/cmake)
[2.826s] -- Using all available rosidl_typesupport_c: rosidl_typesupport_fastrtps_c;rosidl_typesupport_introspection_c
[3.070s] -- Using all available rosidl_typesupport_cpp: rosidl_typesupport_fastrtps_cpp;rosidl_typesupport_introspection_cpp
[3.167s] -- Found PythonInterp: /usr/bin/python3 (found suitable version "3.8.10", minimum required is "3.5") 
[3.167s] -- Found python_cmake_module: 0.8.1 (/opt/ros/foxy/share/python_cmake_module/cmake)
[3.247s] -- Using PYTHON_EXECUTABLE: /usr/bin/python3
[3.247s] -- Using PYTHON_INCLUDE_DIRS: /usr/include/python3.8
[3.247s] -- Using PYTHON_LIBRARIES: /usr/lib/aarch64-linux-gnu/libpython3.8.so
[3.468s] -- Found ament_cmake_flake8: 0.9.7 (/opt/ros/foxy/share/ament_cmake_flake8/cmake)
[3.469s] -- Found ament_cmake_pep257: 0.9.7 (/opt/ros/foxy/share/ament_cmake_pep257/cmake)
[3.474s] -- Found ament_lint_auto: 0.9.7 (/opt/ros/foxy/share/ament_lint_auto/cmake)
[3.499s] -- Added test 'copyright' to check source files copyright and LICENSE
[3.499s] -- Added test 'lint_cmake' to check CMake code style
[3.512s] -- Added test 'xmllint' to check XML markup files
[3.526s] -- Configuring done
[3.673s] -- Generating done
[3.682s] -- Build files have been written to: /root/r2ware/build/autoware_auto_geometry_msgs
[3.902s] [  2%] [34m[1mGenerating C code for ROS interfaces[0m
[3.981s] [  4%] [34m[1mGenerating C++ code for ROS interfaces[0m
[5.855s] [35m[1mScanning dependencies of target autoware_auto_geometry_msgs__rosidl_generator_c[0m
[5.991s] [  6%] [32mBuilding C object CMakeFiles/autoware_auto_geometry_msgs__rosidl_generator_c.dir/rosidl_generator_c/autoware_auto_geometry_msgs/msg/detail/complex32__functions.c.o[0m
[6.009s] [  6%] Built target autoware_auto_geometry_msgs__cpp
[6.043s] [  8%] [32mBuilding C object CMakeFiles/autoware_auto_geometry_msgs__rosidl_generator_c.dir/rosidl_generator_c/autoware_auto_geometry_msgs/msg/detail/quaternion32__functions.c.o[0m
[6.101s] [ 10%] [32mBuilding C object CMakeFiles/autoware_auto_geometry_msgs__rosidl_generator_c.dir/rosidl_generator_c/autoware_auto_geometry_msgs/msg/detail/relative_position_with_covariance_stamped__functions.c.o[0m
[6.133s] [ 12%] [34m[1mGenerating C++ type support dispatch for ROS interfaces[0m
[6.200s] [ 14%] [34m[1mGenerating C++ introspection for ROS interfaces[0m
[6.214s] [ 17%] [34m[1mGenerating C++ type support for eProsima Fast-RTPS[0m
[6.508s] [ 19%] [32m[1mLinking C shared library libautoware_auto_geometry_msgs__rosidl_generator_c.so[0m
[6.815s] [ 19%] Built target autoware_auto_geometry_msgs__rosidl_generator_c
[6.925s] [ 21%] [34m[1mGenerating C type support dispatch for ROS interfaces[0m
[6.972s] [ 23%] [34m[1mGenerating C introspection for ROS interfaces[0m
[8.329s] [35m[1mScanning dependencies of target autoware_auto_geometry_msgs__rosidl_typesupport_cpp[0m
[8.557s] [ 25%] [32mBuilding CXX object CMakeFiles/autoware_auto_geometry_msgs__rosidl_typesupport_cpp.dir/rosidl_typesupport_cpp/autoware_auto_geometry_msgs/msg/complex32__type_support.cpp.o[0m
[8.584s] [ 27%] [32mBuilding CXX object CMakeFiles/autoware_auto_geometry_msgs__rosidl_typesupport_cpp.dir/rosidl_typesupport_cpp/autoware_auto_geometry_msgs/msg/relative_position_with_covariance_stamped__type_support.cpp.o[0m
[8.609s] [ 29%] [32mBuilding CXX object CMakeFiles/autoware_auto_geometry_msgs__rosidl_typesupport_cpp.dir/rosidl_typesupport_cpp/autoware_auto_geometry_msgs/msg/quaternion32__type_support.cpp.o[0m
[9.309s] [35m[1mScanning dependencies of target autoware_auto_geometry_msgs__rosidl_typesupport_introspection_cpp[0m
[9.337s] [35m[1mScanning dependencies of target autoware_auto_geometry_msgs__rosidl_typesupport_c[0m
[9.509s] [ 31%] [32mBuilding CXX object CMakeFiles/autoware_auto_geometry_msgs__rosidl_typesupport_c.dir/rosidl_typesupport_c/autoware_auto_geometry_msgs/msg/complex32__type_support.cpp.o[0m
[9.684s] [ 34%] [32mBuilding CXX object CMakeFiles/autoware_auto_geometry_msgs__rosidl_typesupport_introspection_cpp.dir/rosidl_typesupport_introspection_cpp/autoware_auto_geometry_msgs/msg/detail/complex32__type_support.cpp.o[0m
[9.759s] [ 36%] [32mBuilding CXX object CMakeFiles/autoware_auto_geometry_msgs__rosidl_typesupport_c.dir/rosidl_typesupport_c/autoware_auto_geometry_msgs/msg/quaternion32__type_support.cpp.o[0m
[9.835s] [35m[1mScanning dependencies of target autoware_auto_geometry_msgs__rosidl_typesupport_fastrtps_cpp[0m
[10.012s] [ 38%] [32mBuilding CXX object CMakeFiles/autoware_auto_geometry_msgs__rosidl_typesupport_c.dir/rosidl_typesupport_c/autoware_auto_geometry_msgs/msg/relative_position_with_covariance_stamped__type_support.cpp.o[0m
[10.104s] [ 40%] [32mBuilding CXX object CMakeFiles/autoware_auto_geometry_msgs__rosidl_typesupport_fastrtps_cpp.dir/rosidl_typesupport_fastrtps_cpp/autoware_auto_geometry_msgs/msg/detail/dds_fastrtps/quaternion32__type_support.cpp.o[0m
[10.133s] [ 42%] [32mBuilding CXX object CMakeFiles/autoware_auto_geometry_msgs__rosidl_typesupport_fastrtps_cpp.dir/rosidl_typesupport_fastrtps_cpp/autoware_auto_geometry_msgs/msg/detail/dds_fastrtps/complex32__type_support.cpp.o[0m
[10.553s] [ 44%] [32m[1mLinking CXX shared library libautoware_auto_geometry_msgs__rosidl_typesupport_c.so[0m
[11.095s] [35m[1mScanning dependencies of target autoware_auto_geometry_msgs__rosidl_typesupport_introspection_c[0m
[11.316s] [ 46%] [32mBuilding C object CMakeFiles/autoware_auto_geometry_msgs__rosidl_typesupport_introspection_c.dir/rosidl_typesupport_introspection_c/autoware_auto_geometry_msgs/msg/detail/complex32__type_support.c.o[0m
[11.347s] [ 46%] Built target autoware_auto_geometry_msgs__rosidl_typesupport_c
[11.491s] [ 48%] [32mBuilding C object CMakeFiles/autoware_auto_geometry_msgs__rosidl_typesupport_introspection_c.dir/rosidl_typesupport_introspection_c/autoware_auto_geometry_msgs/msg/detail/quaternion32__type_support.c.o[0m
[11.836s] [ 51%] [32mBuilding C object CMakeFiles/autoware_auto_geometry_msgs__rosidl_typesupport_introspection_c.dir/rosidl_typesupport_introspection_c/autoware_auto_geometry_msgs/msg/detail/relative_position_with_covariance_stamped__type_support.c.o[0m
[11.969s] [ 53%] [32mBuilding CXX object CMakeFiles/autoware_auto_geometry_msgs__rosidl_typesupport_fastrtps_cpp.dir/rosidl_typesupport_fastrtps_cpp/autoware_auto_geometry_msgs/msg/detail/dds_fastrtps/relative_position_with_covariance_stamped__type_support.cpp.o[0m
[12.357s] [ 55%] [32mBuilding CXX object CMakeFiles/autoware_auto_geometry_msgs__rosidl_typesupport_introspection_cpp.dir/rosidl_typesupport_introspection_cpp/autoware_auto_geometry_msgs/msg/detail/quaternion32__type_support.cpp.o[0m
[12.384s] [ 57%] [32m[1mLinking C shared library libautoware_auto_geometry_msgs__rosidl_typesupport_introspection_c.so[0m
[12.589s] [ 59%] [32mBuilding CXX object CMakeFiles/autoware_auto_geometry_msgs__rosidl_typesupport_introspection_cpp.dir/rosidl_typesupport_introspection_cpp/autoware_auto_geometry_msgs/msg/detail/relative_position_with_covariance_stamped__type_support.cpp.o[0m
[12.713s] [ 61%] [32m[1mLinking CXX shared library libautoware_auto_geometry_msgs__rosidl_typesupport_cpp.so[0m
[12.918s] [ 61%] Built target autoware_auto_geometry_msgs__rosidl_typesupport_introspection_c
[13.250s] [ 61%] Built target autoware_auto_geometry_msgs__rosidl_typesupport_cpp
[15.585s] [ 63%] [32m[1mLinking CXX shared library libautoware_auto_geometry_msgs__rosidl_typesupport_introspection_cpp.so[0m
[15.895s] [ 65%] [32m[1mLinking CXX shared library libautoware_auto_geometry_msgs__rosidl_typesupport_fastrtps_cpp.so[0m
[16.140s] [ 65%] Built target autoware_auto_geometry_msgs__rosidl_typesupport_introspection_cpp
[16.714s] [ 65%] Built target autoware_auto_geometry_msgs__rosidl_typesupport_fastrtps_cpp
[16.860s] [ 68%] [34m[1mGenerating C type support for eProsima Fast-RTPS[0m
[19.101s] [35m[1mScanning dependencies of target autoware_auto_geometry_msgs__rosidl_typesupport_fastrtps_c[0m
[19.183s] [ 70%] [32mBuilding CXX object CMakeFiles/autoware_auto_geometry_msgs__rosidl_typesupport_fastrtps_c.dir/rosidl_typesupport_fastrtps_c/autoware_auto_geometry_msgs/msg/detail/complex32__type_support_c.cpp.o[0m
[19.218s] [ 72%] [32mBuilding CXX object CMakeFiles/autoware_auto_geometry_msgs__rosidl_typesupport_fastrtps_c.dir/rosidl_typesupport_fastrtps_c/autoware_auto_geometry_msgs/msg/detail/quaternion32__type_support_c.cpp.o[0m
[19.242s] [ 74%] [32mBuilding CXX object CMakeFiles/autoware_auto_geometry_msgs__rosidl_typesupport_fastrtps_c.dir/rosidl_typesupport_fastrtps_c/autoware_auto_geometry_msgs/msg/detail/relative_position_with_covariance_stamped__type_support_c.cpp.o[0m
[21.530s] [ 76%] [32m[1mLinking CXX shared library libautoware_auto_geometry_msgs__rosidl_typesupport_fastrtps_c.so[0m
[22.120s] [ 76%] Built target autoware_auto_geometry_msgs__rosidl_typesupport_fastrtps_c
[22.281s] [ 76%] Built target autoware_auto_geometry_msgs
[22.501s] [ 78%] [34m[1mGenerating Python code for ROS interfaces[0m
[24.881s] [ 78%] Built target autoware_auto_geometry_msgs__py
[24.970s] [35m[1mScanning dependencies of target autoware_auto_geometry_msgs__python[0m
[25.072s] [ 80%] [32mBuilding C object CMakeFiles/autoware_auto_geometry_msgs__python.dir/rosidl_generator_py/autoware_auto_geometry_msgs/msg/_complex32_s.c.o[0m
[25.368s] [ 82%] [32mBuilding C object CMakeFiles/autoware_auto_geometry_msgs__python.dir/rosidl_generator_py/autoware_auto_geometry_msgs/msg/_relative_position_with_covariance_stamped_s.c.o[0m
[25.699s] [ 85%] [32mBuilding C object CMakeFiles/autoware_auto_geometry_msgs__python.dir/rosidl_generator_py/autoware_auto_geometry_msgs/msg/_quaternion32_s.c.o[0m
[25.949s] [ 87%] [32m[1mLinking C shared library rosidl_generator_py/autoware_auto_geometry_msgs/libautoware_auto_geometry_msgs__python.so[0m
[26.148s] [ 87%] Built target autoware_auto_geometry_msgs__python
[26.223s] [35m[1mScanning dependencies of target autoware_auto_geometry_msgs__rosidl_typesupport_introspection_c__pyext[0m
[26.302s] [ 89%] [32mBuilding C object CMakeFiles/autoware_auto_geometry_msgs__rosidl_typesupport_introspection_c__pyext.dir/rosidl_generator_py/autoware_auto_geometry_msgs/_autoware_auto_geometry_msgs_s.ep.rosidl_typesupport_introspection_c.c.o[0m
[26.576s] [ 91%] [32m[1mLinking C shared library rosidl_generator_py/autoware_auto_geometry_msgs/autoware_auto_geometry_msgs_s__rosidl_typesupport_introspection_c.cpython-38-aarch64-linux-gnu.so[0m
[26.766s] [ 91%] Built target autoware_auto_geometry_msgs__rosidl_typesupport_introspection_c__pyext
[26.830s] [35m[1mScanning dependencies of target autoware_auto_geometry_msgs__rosidl_typesupport_c__pyext[0m
[26.934s] [ 93%] [32mBuilding C object CMakeFiles/autoware_auto_geometry_msgs__rosidl_typesupport_c__pyext.dir/rosidl_generator_py/autoware_auto_geometry_msgs/_autoware_auto_geometry_msgs_s.ep.rosidl_typesupport_c.c.o[0m
[27.258s] [ 95%] [32m[1mLinking C shared library rosidl_generator_py/autoware_auto_geometry_msgs/autoware_auto_geometry_msgs_s__rosidl_typesupport_c.cpython-38-aarch64-linux-gnu.so[0m
[27.479s] [ 95%] Built target autoware_auto_geometry_msgs__rosidl_typesupport_c__pyext
[27.561s] [35m[1mScanning dependencies of target autoware_auto_geometry_msgs__rosidl_typesupport_fastrtps_c__pyext[0m
[27.650s] [ 97%] [32mBuilding C object CMakeFiles/autoware_auto_geometry_msgs__rosidl_typesupport_fastrtps_c__pyext.dir/rosidl_generator_py/autoware_auto_geometry_msgs/_autoware_auto_geometry_msgs_s.ep.rosidl_typesupport_fastrtps_c.c.o[0m
[28.006s] [100%] [32m[1mLinking CXX shared library rosidl_generator_py/autoware_auto_geometry_msgs/autoware_auto_geometry_msgs_s__rosidl_typesupport_fastrtps_c.cpython-38-aarch64-linux-gnu.so[0m
[28.335s] [100%] Built target autoware_auto_geometry_msgs__rosidl_typesupport_fastrtps_c__pyext
[28.407s] Invoked command in '/root/r2ware/build/autoware_auto_geometry_msgs' returned '0': CMAKE_PREFIX_PATH=${CMAKE_PREFIX_PATH}:/root/yahboomcar_ros2_ws/yahboomcar_ws/install/yahboomcar_voice_ctrl:/root/yahboomcar_ros2_ws/yahboomcar_ws/install/yahboomcar_visual:/root/yahboomcar_ros2_ws/yahboomcar_ws/install/yahboomcar_nav:/root/yahboomcar_ros2_ws/yahboomcar_ws/install/yahboomcar_multi:/root/yahboomcar_ros2_ws/yahboomcar_ws/install/yahboomcar_mediapipe:/root/yahboomcar_ros2_ws/yahboomcar_ws/install/yahboomcar_linefollow:/root/yahboomcar_ros2_ws/yahboomcar_ws/install/yahboomcar_laser:/root/yahboomcar_ros2_ws/yahboomcar_ws/install/yahboomcar_description_x1:/root/yahboomcar_ros2_ws/yahboomcar_ws/install/yahboomcar_description:/root/yahboomcar_ros2_ws/yahboomcar_ws/install/yahboomcar_ctrl:/root/yahboomcar_ros2_ws/yahboomcar_ws/install/yahboomcar_bringup:/root/yahboomcar_ros2_ws/yahboomcar_ws/install/yahboomcar_astra:/root/yahboomcar_ros2_ws/yahboomcar_ws/install/yahboom_app_save_map:/root/yahboomcar_ros2_ws/yahboomcar_ws/install/robot_pose_publisher:/root/yahboomcar_ros2_ws/yahboomcar_ws/install/laserscan_to_point_pulisher:/opt/ros/foxy /usr/bin/cmake --build /root/r2ware/build/autoware_auto_geometry_msgs -- -j8 -l8
[29.338s] Invoking command in '/root/r2ware/build/autoware_auto_geometry_msgs': CMAKE_PREFIX_PATH=${CMAKE_PREFIX_PATH}:/root/yahboomcar_ros2_ws/yahboomcar_ws/install/yahboomcar_voice_ctrl:/root/yahboomcar_ros2_ws/yahboomcar_ws/install/yahboomcar_visual:/root/yahboomcar_ros2_ws/yahboomcar_ws/install/yahboomcar_nav:/root/yahboomcar_ros2_ws/yahboomcar_ws/install/yahboomcar_multi:/root/yahboomcar_ros2_ws/yahboomcar_ws/install/yahboomcar_mediapipe:/root/yahboomcar_ros2_ws/yahboomcar_ws/install/yahboomcar_linefollow:/root/yahboomcar_ros2_ws/yahboomcar_ws/install/yahboomcar_laser:/root/yahboomcar_ros2_ws/yahboomcar_ws/install/yahboomcar_description_x1:/root/yahboomcar_ros2_ws/yahboomcar_ws/install/yahboomcar_description:/root/yahboomcar_ros2_ws/yahboomcar_ws/install/yahboomcar_ctrl:/root/yahboomcar_ros2_ws/yahboomcar_ws/install/yahboomcar_bringup:/root/yahboomcar_ros2_ws/yahboomcar_ws/install/yahboomcar_astra:/root/yahboomcar_ros2_ws/yahboomcar_ws/install/yahboom_app_save_map:/root/yahboomcar_ros2_ws/yahboomcar_ws/install/robot_pose_publisher:/root/yahboomcar_ros2_ws/yahboomcar_ws/install/laserscan_to_point_pulisher:/opt/ros/foxy /usr/bin/cmake --install /root/r2ware/build/autoware_auto_geometry_msgs
[30.073s] -- Install configuration: ""
[30.073s] -- Up-to-date: /root/r2ware/install/autoware_auto_geometry_msgs/share/ament_index/resource_index/rosidl_interfaces/autoware_auto_geometry_msgs
[30.073s] -- Up-to-date: /root/r2ware/install/autoware_auto_geometry_msgs/include/autoware_auto_geometry_msgs
[30.073s] -- Up-to-date: /root/r2ware/install/autoware_auto_geometry_msgs/include/autoware_auto_geometry_msgs/msg
[30.073s] -- Up-to-date: /root/r2ware/install/autoware_auto_geometry_msgs/include/autoware_auto_geometry_msgs/msg/rosidl_generator_c__visibility_control.h
[30.074s] -- Installing: /root/r2ware/install/autoware_auto_geometry_msgs/include/autoware_auto_geometry_msgs/msg/relative_position_with_covariance_stamped.h
[30.074s] -- Installing: /root/r2ware/install/autoware_auto_geometry_msgs/include/autoware_auto_geometry_msgs/msg/quaternion32.h
[30.074s] -- Up-to-date: /root/r2ware/install/autoware_auto_geometry_msgs/include/autoware_auto_geometry_msgs/msg/detail
[30.074s] -- Installing: /root/r2ware/install/autoware_auto_geometry_msgs/include/autoware_auto_geometry_msgs/msg/detail/quaternion32__functions.c
[30.074s] -- Installing: /root/r2ware/install/autoware_auto_geometry_msgs/include/autoware_auto_geometry_msgs/msg/detail/relative_position_with_covariance_stamped__type_support.h
[30.074s] -- Installing: /root/r2ware/install/autoware_auto_geometry_msgs/include/autoware_auto_geometry_msgs/msg/detail/complex32__functions.h
[30.075s] -- Installing: /root/r2ware/install/autoware_auto_geometry_msgs/include/autoware_auto_geometry_msgs/msg/detail/quaternion32__struct.h
[30.075s] -- Installing: /root/r2ware/install/autoware_auto_geometry_msgs/include/autoware_auto_geometry_msgs/msg/detail/complex32__struct.h
[30.075s] -- Installing: /root/r2ware/install/autoware_auto_geometry_msgs/include/autoware_auto_geometry_msgs/msg/detail/relative_position_with_covariance_stamped__struct.h
[30.075s] -- Installing: /root/r2ware/install/autoware_auto_geometry_msgs/include/autoware_auto_geometry_msgs/msg/detail/complex32__functions.c
[30.075s] -- Installing: /root/r2ware/install/autoware_auto_geometry_msgs/include/autoware_auto_geometry_msgs/msg/detail/relative_position_with_covariance_stamped__functions.h
[30.075s] -- Installing: /root/r2ware/install/autoware_auto_geometry_msgs/include/autoware_auto_geometry_msgs/msg/detail/quaternion32__functions.h
[30.076s] -- Installing: /root/r2ware/install/autoware_auto_geometry_msgs/include/autoware_auto_geometry_msgs/msg/detail/quaternion32__type_support.h
[30.076s] -- Installing: /root/r2ware/install/autoware_auto_geometry_msgs/include/autoware_auto_geometry_msgs/msg/detail/relative_position_with_covariance_stamped__functions.c
[30.076s] -- Installing: /root/r2ware/install/autoware_auto_geometry_msgs/include/autoware_auto_geometry_msgs/msg/detail/complex32__type_support.h
[30.076s] -- Installing: /root/r2ware/install/autoware_auto_geometry_msgs/include/autoware_auto_geometry_msgs/msg/complex32.h
[30.076s] -- Up-to-date: /root/r2ware/install/autoware_auto_geometry_msgs/share/autoware_auto_geometry_msgs/environment/library_path.sh
[30.076s] -- Installing: /root/r2ware/install/autoware_auto_geometry_msgs/share/autoware_auto_geometry_msgs/environment/library_path.dsv
[30.076s] -- Installing: /root/r2ware/install/autoware_auto_geometry_msgs/lib/libautoware_auto_geometry_msgs__rosidl_generator_c.so
[30.077s] -- Set runtime path of "/root/r2ware/install/autoware_auto_geometry_msgs/lib/libautoware_auto_geometry_msgs__rosidl_generator_c.so" to ""
[30.077s] -- Up-to-date: /root/r2ware/install/autoware_auto_geometry_msgs/include/autoware_auto_geometry_msgs
[30.077s] -- Up-to-date: /root/r2ware/install/autoware_auto_geometry_msgs/include/autoware_auto_geometry_msgs/msg
[30.077s] -- Up-to-date: /root/r2ware/install/autoware_auto_geometry_msgs/include/autoware_auto_geometry_msgs/msg/rosidl_typesupport_fastrtps_c__visibility_control.h
[30.077s] -- Up-to-date: /root/r2ware/install/autoware_auto_geometry_msgs/include/autoware_auto_geometry_msgs/msg/detail
[30.077s] -- Installing: /root/r2ware/install/autoware_auto_geometry_msgs/include/autoware_auto_geometry_msgs/msg/detail/relative_position_with_covariance_stamped__rosidl_typesupport_fastrtps_c.h
[30.077s] -- Installing: /root/r2ware/install/autoware_auto_geometry_msgs/include/autoware_auto_geometry_msgs/msg/detail/quaternion32__rosidl_typesupport_fastrtps_c.h
[30.077s] -- Installing: /root/r2ware/install/autoware_auto_geometry_msgs/include/autoware_auto_geometry_msgs/msg/detail/complex32__rosidl_typesupport_fastrtps_c.h
[30.078s] -- Installing: /root/r2ware/install/autoware_auto_geometry_msgs/lib/libautoware_auto_geometry_msgs__rosidl_typesupport_fastrtps_c.so
[30.078s] -- Set runtime path of "/root/r2ware/install/autoware_auto_geometry_msgs/lib/libautoware_auto_geometry_msgs__rosidl_typesupport_fastrtps_c.so" to ""
[30.078s] -- Up-to-date: /root/r2ware/install/autoware_auto_geometry_msgs/include/autoware_auto_geometry_msgs
[30.078s] -- Up-to-date: /root/r2ware/install/autoware_auto_geometry_msgs/include/autoware_auto_geometry_msgs/msg
[30.078s] -- Up-to-date: /root/r2ware/install/autoware_auto_geometry_msgs/include/autoware_auto_geometry_msgs/msg/rosidl_typesupport_fastrtps_cpp__visibility_control.h
[30.078s] -- Up-to-date: /root/r2ware/install/autoware_auto_geometry_msgs/include/autoware_auto_geometry_msgs/msg/detail
[30.078s] -- Installing: /root/r2ware/install/autoware_auto_geometry_msgs/include/autoware_auto_geometry_msgs/msg/detail/complex32__rosidl_typesupport_fastrtps_cpp.hpp
[30.078s] -- Up-to-date: /root/r2ware/install/autoware_auto_geometry_msgs/include/autoware_auto_geometry_msgs/msg/detail/dds_fastrtps
[30.079s] -- Installing: /root/r2ware/install/autoware_auto_geometry_msgs/include/autoware_auto_geometry_msgs/msg/detail/quaternion32__rosidl_typesupport_fastrtps_cpp.hpp
[30.079s] -- Installing: /root/r2ware/install/autoware_auto_geometry_msgs/include/autoware_auto_geometry_msgs/msg/detail/relative_position_with_covariance_stamped__rosidl_typesupport_fastrtps_cpp.hpp
[30.079s] -- Installing: /root/r2ware/install/autoware_auto_geometry_msgs/lib/libautoware_auto_geometry_msgs__rosidl_typesupport_fastrtps_cpp.so
[30.079s] -- Set runtime path of "/root/r2ware/install/autoware_auto_geometry_msgs/lib/libautoware_auto_geometry_msgs__rosidl_typesupport_fastrtps_cpp.so" to ""
[30.079s] -- Up-to-date: /root/r2ware/install/autoware_auto_geometry_msgs/include/autoware_auto_geometry_msgs
[30.079s] -- Up-to-date: /root/r2ware/install/autoware_auto_geometry_msgs/include/autoware_auto_geometry_msgs/msg
[30.079s] -- Up-to-date: /root/r2ware/install/autoware_auto_geometry_msgs/include/autoware_auto_geometry_msgs/msg/rosidl_typesupport_introspection_c__visibility_control.h
[30.079s] -- Up-to-date: /root/r2ware/install/autoware_auto_geometry_msgs/include/autoware_auto_geometry_msgs/msg/detail
[30.079s] -- Installing: /root/r2ware/install/autoware_auto_geometry_msgs/include/autoware_auto_geometry_msgs/msg/detail/complex32__type_support.c
[30.080s] -- Installing: /root/r2ware/install/autoware_auto_geometry_msgs/include/autoware_auto_geometry_msgs/msg/detail/complex32__rosidl_typesupport_introspection_c.h
[30.080s] -- Installing: /root/r2ware/install/autoware_auto_geometry_msgs/include/autoware_auto_geometry_msgs/msg/detail/relative_position_with_covariance_stamped__rosidl_typesupport_introspection_c.h
[30.088s] -- Installing: /root/r2ware/install/autoware_auto_geometry_msgs/include/autoware_auto_geometry_msgs/msg/detail/quaternion32__type_support.c
[30.089s] -- Installing: /root/r2ware/install/autoware_auto_geometry_msgs/include/autoware_auto_geometry_msgs/msg/detail/relative_position_with_covariance_stamped__type_support.c
[30.089s] -- Installing: /root/r2ware/install/autoware_auto_geometry_msgs/include/autoware_auto_geometry_msgs/msg/detail/quaternion32__rosidl_typesupport_introspection_c.h
[30.089s] -- Installing: /root/r2ware/install/autoware_auto_geometry_msgs/lib/libautoware_auto_geometry_msgs__rosidl_typesupport_introspection_c.so
[30.089s] -- Set runtime path of "/root/r2ware/install/autoware_auto_geometry_msgs/lib/libautoware_auto_geometry_msgs__rosidl_typesupport_introspection_c.so" to ""
[30.090s] -- Installing: /root/r2ware/install/autoware_auto_geometry_msgs/lib/libautoware_auto_geometry_msgs__rosidl_typesupport_c.so
[30.090s] -- Set runtime path of "/root/r2ware/install/autoware_auto_geometry_msgs/lib/libautoware_auto_geometry_msgs__rosidl_typesupport_c.so" to ""
[30.090s] -- Up-to-date: /root/r2ware/install/autoware_auto_geometry_msgs/include/autoware_auto_geometry_msgs
[30.090s] -- Up-to-date: /root/r2ware/install/autoware_auto_geometry_msgs/include/autoware_auto_geometry_msgs/msg
[30.091s] -- Installing: /root/r2ware/install/autoware_auto_geometry_msgs/include/autoware_auto_geometry_msgs/msg/relative_position_with_covariance_stamped.hpp
[30.092s] -- Installing: /root/r2ware/install/autoware_auto_geometry_msgs/include/autoware_auto_geometry_msgs/msg/complex32.hpp
[30.092s] -- Up-to-date: /root/r2ware/install/autoware_auto_geometry_msgs/include/autoware_auto_geometry_msgs/msg/detail
[30.092s] -- Installing: /root/r2ware/install/autoware_auto_geometry_msgs/include/autoware_auto_geometry_msgs/msg/detail/complex32__builder.hpp
[30.092s] -- Installing: /root/r2ware/install/autoware_auto_geometry_msgs/include/autoware_auto_geometry_msgs/msg/detail/relative_position_with_covariance_stamped__traits.hpp
[30.092s] -- Installing: /root/r2ware/install/autoware_auto_geometry_msgs/include/autoware_auto_geometry_msgs/msg/detail/quaternion32__traits.hpp
[30.092s] -- Installing: /root/r2ware/install/autoware_auto_geometry_msgs/include/autoware_auto_geometry_msgs/msg/detail/quaternion32__builder.hpp
[30.092s] -- Installing: /root/r2ware/install/autoware_auto_geometry_msgs/include/autoware_auto_geometry_msgs/msg/detail/quaternion32__struct.hpp
[30.093s] -- Installing: /root/r2ware/install/autoware_auto_geometry_msgs/include/autoware_auto_geometry_msgs/msg/detail/relative_position_with_covariance_stamped__struct.hpp
[30.093s] -- Installing: /root/r2ware/install/autoware_auto_geometry_msgs/include/autoware_auto_geometry_msgs/msg/detail/complex32__traits.hpp
[30.093s] -- Installing: /root/r2ware/install/autoware_auto_geometry_msgs/include/autoware_auto_geometry_msgs/msg/detail/relative_position_with_covariance_stamped__builder.hpp
[30.093s] -- Installing: /root/r2ware/install/autoware_auto_geometry_msgs/include/autoware_auto_geometry_msgs/msg/detail/complex32__struct.hpp
[30.093s] -- Installing: /root/r2ware/install/autoware_auto_geometry_msgs/include/autoware_auto_geometry_msgs/msg/quaternion32.hpp
[30.093s] -- Up-to-date: /root/r2ware/install/autoware_auto_geometry_msgs/include/autoware_auto_geometry_msgs
[30.093s] -- Up-to-date: /root/r2ware/install/autoware_auto_geometry_msgs/include/autoware_auto_geometry_msgs/msg
[30.093s] -- Up-to-date: /root/r2ware/install/autoware_auto_geometry_msgs/include/autoware_auto_geometry_msgs/msg/detail
[30.094s] -- Installing: /root/r2ware/install/autoware_auto_geometry_msgs/include/autoware_auto_geometry_msgs/msg/detail/complex32__rosidl_typesupport_introspection_cpp.hpp
[30.094s] -- Installing: /root/r2ware/install/autoware_auto_geometry_msgs/include/autoware_auto_geometry_msgs/msg/detail/quaternion32__rosidl_typesupport_introspection_cpp.hpp
[30.094s] -- Installing: /root/r2ware/install/autoware_auto_geometry_msgs/include/autoware_auto_geometry_msgs/msg/detail/complex32__type_support.cpp
[30.094s] -- Installing: /root/r2ware/install/autoware_auto_geometry_msgs/include/autoware_auto_geometry_msgs/msg/detail/relative_position_with_covariance_stamped__type_support.cpp
[30.094s] -- Installing: /root/r2ware/install/autoware_auto_geometry_msgs/include/autoware_auto_geometry_msgs/msg/detail/quaternion32__type_support.cpp
[30.094s] -- Installing: /root/r2ware/install/autoware_auto_geometry_msgs/include/autoware_auto_geometry_msgs/msg/detail/relative_position_with_covariance_stamped__rosidl_typesupport_introspection_cpp.hpp
[30.094s] -- Installing: /root/r2ware/install/autoware_auto_geometry_msgs/lib/libautoware_auto_geometry_msgs__rosidl_typesupport_introspection_cpp.so
[30.094s] -- Set runtime path of "/root/r2ware/install/autoware_auto_geometry_msgs/lib/libautoware_auto_geometry_msgs__rosidl_typesupport_introspection_cpp.so" to ""
[30.095s] -- Installing: /root/r2ware/install/autoware_auto_geometry_msgs/lib/libautoware_auto_geometry_msgs__rosidl_typesupport_cpp.so
[30.095s] -- Set runtime path of "/root/r2ware/install/autoware_auto_geometry_msgs/lib/libautoware_auto_geometry_msgs__rosidl_typesupport_cpp.so" to ""
[30.095s] -- Up-to-date: /root/r2ware/install/autoware_auto_geometry_msgs/share/autoware_auto_geometry_msgs/environment/pythonpath.sh
[30.095s] -- Installing: /root/r2ware/install/autoware_auto_geometry_msgs/share/autoware_auto_geometry_msgs/environment/pythonpath.dsv
[30.095s] -- Installing: /root/r2ware/install/autoware_auto_geometry_msgs/lib/python3.8/site-packages/autoware_auto_geometry_msgs/__init__.py
[30.095s] Compiling '/root/r2ware/install/autoware_auto_geometry_msgs/lib/python3.8/site-packages/autoware_auto_geometry_msgs/__init__.py'...
[30.096s] -- Up-to-date: /root/r2ware/install/autoware_auto_geometry_msgs/lib/python3.8/site-packages/autoware_auto_geometry_msgs/msg
[30.096s] -- Installing: /root/r2ware/install/autoware_auto_geometry_msgs/lib/python3.8/site-packages/autoware_auto_geometry_msgs/msg/__init__.py
[30.096s] -- Installing: /root/r2ware/install/autoware_auto_geometry_msgs/lib/python3.8/site-packages/autoware_auto_geometry_msgs/msg/_quaternion32.py
[30.096s] -- Installing: /root/r2ware/install/autoware_auto_geometry_msgs/lib/python3.8/site-packages/autoware_auto_geometry_msgs/msg/_complex32_s.c
[30.096s] -- Installing: /root/r2ware/install/autoware_auto_geometry_msgs/lib/python3.8/site-packages/autoware_auto_geometry_msgs/msg/_relative_position_with_covariance_stamped.py
[30.096s] -- Installing: /root/r2ware/install/autoware_auto_geometry_msgs/lib/python3.8/site-packages/autoware_auto_geometry_msgs/msg/_quaternion32_s.c
[30.097s] -- Installing: /root/r2ware/install/autoware_auto_geometry_msgs/lib/python3.8/site-packages/autoware_auto_geometry_msgs/msg/_relative_position_with_covariance_stamped_s.c
[30.097s] -- Installing: /root/r2ware/install/autoware_auto_geometry_msgs/lib/python3.8/site-packages/autoware_auto_geometry_msgs/msg/_complex32.py
[30.097s] -- Installing: /root/r2ware/install/autoware_auto_geometry_msgs/lib/python3.8/site-packages/autoware_auto_geometry_msgs/autoware_auto_geometry_msgs_s__rosidl_typesupport_fastrtps_c.cpython-38-aarch64-linux-gnu.so
[30.097s] -- Set runtime path of "/root/r2ware/install/autoware_auto_geometry_msgs/lib/python3.8/site-packages/autoware_auto_geometry_msgs/autoware_auto_geometry_msgs_s__rosidl_typesupport_fastrtps_c.cpython-38-aarch64-linux-gnu.so" to ""
[30.097s] -- Installing: /root/r2ware/install/autoware_auto_geometry_msgs/lib/python3.8/site-packages/autoware_auto_geometry_msgs/autoware_auto_geometry_msgs_s__rosidl_typesupport_introspection_c.cpython-38-aarch64-linux-gnu.so
[30.097s] -- Set runtime path of "/root/r2ware/install/autoware_auto_geometry_msgs/lib/python3.8/site-packages/autoware_auto_geometry_msgs/autoware_auto_geometry_msgs_s__rosidl_typesupport_introspection_c.cpython-38-aarch64-linux-gnu.so" to ""
[30.097s] -- Installing: /root/r2ware/install/autoware_auto_geometry_msgs/lib/python3.8/site-packages/autoware_auto_geometry_msgs/autoware_auto_geometry_msgs_s__rosidl_typesupport_c.cpython-38-aarch64-linux-gnu.so
[30.097s] -- Set runtime path of "/root/r2ware/install/autoware_auto_geometry_msgs/lib/python3.8/site-packages/autoware_auto_geometry_msgs/autoware_auto_geometry_msgs_s__rosidl_typesupport_c.cpython-38-aarch64-linux-gnu.so" to ""
[30.098s] -- Installing: /root/r2ware/install/autoware_auto_geometry_msgs/lib/libautoware_auto_geometry_msgs__python.so
[30.098s] -- Set runtime path of "/root/r2ware/install/autoware_auto_geometry_msgs/lib/libautoware_auto_geometry_msgs__python.so" to ""
[30.098s] -- Installing: /root/r2ware/install/autoware_auto_geometry_msgs/share/autoware_auto_geometry_msgs/msg/Complex32.idl
[30.098s] -- Installing: /root/r2ware/install/autoware_auto_geometry_msgs/share/autoware_auto_geometry_msgs/msg/Quaternion32.idl
[30.098s] -- Installing: /root/r2ware/install/autoware_auto_geometry_msgs/share/autoware_auto_geometry_msgs/msg/RelativePositionWithCovarianceStamped.idl
[30.098s] -- Up-to-date: /root/r2ware/install/autoware_auto_geometry_msgs/share/ament_index/resource_index/package_run_dependencies/autoware_auto_geometry_msgs
[30.098s] -- Installing: /root/r2ware/install/autoware_auto_geometry_msgs/share/ament_index/resource_index/parent_prefix_path/autoware_auto_geometry_msgs
[30.098s] -- Up-to-date: /root/r2ware/install/autoware_auto_geometry_msgs/share/autoware_auto_geometry_msgs/environment/ament_prefix_path.sh
[30.099s] -- Installing: /root/r2ware/install/autoware_auto_geometry_msgs/share/autoware_auto_geometry_msgs/environment/ament_prefix_path.dsv
[30.099s] -- Up-to-date: /root/r2ware/install/autoware_auto_geometry_msgs/share/autoware_auto_geometry_msgs/environment/path.sh
[30.099s] -- Installing: /root/r2ware/install/autoware_auto_geometry_msgs/share/autoware_auto_geometry_msgs/environment/path.dsv
[30.099s] -- Up-to-date: /root/r2ware/install/autoware_auto_geometry_msgs/share/autoware_auto_geometry_msgs/local_setup.bash
[30.099s] -- Up-to-date: /root/r2ware/install/autoware_auto_geometry_msgs/share/autoware_auto_geometry_msgs/local_setup.sh
[30.099s] -- Up-to-date: /root/r2ware/install/autoware_auto_geometry_msgs/share/autoware_auto_geometry_msgs/local_setup.zsh
[30.099s] -- Installing: /root/r2ware/install/autoware_auto_geometry_msgs/share/autoware_auto_geometry_msgs/local_setup.dsv
[30.099s] -- Installing: /root/r2ware/install/autoware_auto_geometry_msgs/share/autoware_auto_geometry_msgs/package.dsv
[30.100s] -- Up-to-date: /root/r2ware/install/autoware_auto_geometry_msgs/share/ament_index/resource_index/packages/autoware_auto_geometry_msgs
[30.100s] -- Up-to-date: /root/r2ware/install/autoware_auto_geometry_msgs/share/autoware_auto_geometry_msgs/cmake/autoware_auto_geometry_msgs__rosidl_generator_cExport.cmake
[30.100s] -- Installing: /root/r2ware/install/autoware_auto_geometry_msgs/share/autoware_auto_geometry_msgs/cmake/autoware_auto_geometry_msgs__rosidl_generator_cExport-noconfig.cmake
[30.100s] -- Up-to-date: /root/r2ware/install/autoware_auto_geometry_msgs/share/autoware_auto_geometry_msgs/cmake/autoware_auto_geometry_msgs__rosidl_typesupport_introspection_cExport.cmake
[30.100s] -- Installing: /root/r2ware/install/autoware_auto_geometry_msgs/share/autoware_auto_geometry_msgs/cmake/autoware_auto_geometry_msgs__rosidl_typesupport_introspection_cExport-noconfig.cmake
[30.100s] -- Up-to-date: /root/r2ware/install/autoware_auto_geometry_msgs/share/autoware_auto_geometry_msgs/cmake/autoware_auto_geometry_msgs__rosidl_typesupport_cExport.cmake
[30.100s] -- Installing: /root/r2ware/install/autoware_auto_geometry_msgs/share/autoware_auto_geometry_msgs/cmake/autoware_auto_geometry_msgs__rosidl_typesupport_cExport-noconfig.cmake
[30.100s] -- Up-to-date: /root/r2ware/install/autoware_auto_geometry_msgs/share/autoware_auto_geometry_msgs/cmake/autoware_auto_geometry_msgs__rosidl_generator_cppExport.cmake
[30.101s] -- Up-to-date: /root/r2ware/install/autoware_auto_geometry_msgs/share/autoware_auto_geometry_msgs/cmake/autoware_auto_geometry_msgs__rosidl_typesupport_introspection_cppExport.cmake
[30.101s] -- Installing: /root/r2ware/install/autoware_auto_geometry_msgs/share/autoware_auto_geometry_msgs/cmake/autoware_auto_geometry_msgs__rosidl_typesupport_introspection_cppExport-noconfig.cmake
[30.101s] -- Up-to-date: /root/r2ware/install/autoware_auto_geometry_msgs/share/autoware_auto_geometry_msgs/cmake/autoware_auto_geometry_msgs__rosidl_typesupport_cppExport.cmake
[30.101s] -- Installing: /root/r2ware/install/autoware_auto_geometry_msgs/share/autoware_auto_geometry_msgs/cmake/autoware_auto_geometry_msgs__rosidl_typesupport_cppExport-noconfig.cmake
[30.101s] -- Up-to-date: /root/r2ware/install/autoware_auto_geometry_msgs/share/autoware_auto_geometry_msgs/cmake/rosidl_cmake-extras.cmake
[30.102s] -- Up-to-date: /root/r2ware/install/autoware_auto_geometry_msgs/share/autoware_auto_geometry_msgs/cmake/ament_cmake_export_dependencies-extras.cmake
[30.102s] -- Up-to-date: /root/r2ware/install/autoware_auto_geometry_msgs/share/autoware_auto_geometry_msgs/cmake/ament_cmake_export_libraries-extras.cmake
[30.102s] -- Up-to-date: /root/r2ware/install/autoware_auto_geometry_msgs/share/autoware_auto_geometry_msgs/cmake/ament_cmake_export_targets-extras.cmake
[30.102s] -- Up-to-date: /root/r2ware/install/autoware_auto_geometry_msgs/share/autoware_auto_geometry_msgs/cmake/ament_cmake_export_include_directories-extras.cmake
[30.102s] -- Up-to-date: /root/r2ware/install/autoware_auto_geometry_msgs/share/autoware_auto_geometry_msgs/cmake/rosidl_cmake_export_typesupport_libraries-extras.cmake
[30.102s] -- Up-to-date: /root/r2ware/install/autoware_auto_geometry_msgs/share/autoware_auto_geometry_msgs/cmake/rosidl_cmake_export_typesupport_targets-extras.cmake
[30.102s] -- Up-to-date: /root/r2ware/install/autoware_auto_geometry_msgs/share/autoware_auto_geometry_msgs/cmake/autoware_auto_geometry_msgsConfig.cmake
[30.102s] -- Up-to-date: /root/r2ware/install/autoware_auto_geometry_msgs/share/autoware_auto_geometry_msgs/cmake/autoware_auto_geometry_msgsConfig-version.cmake
[30.103s] -- Installing: /root/r2ware/install/autoware_auto_geometry_msgs/share/autoware_auto_geometry_msgs/package.xml
[30.126s] Invoked command in '/root/r2ware/build/autoware_auto_geometry_msgs' returned '0': CMAKE_PREFIX_PATH=${CMAKE_PREFIX_PATH}:/root/yahboomcar_ros2_ws/yahboomcar_ws/install/yahboomcar_voice_ctrl:/root/yahboomcar_ros2_ws/yahboomcar_ws/install/yahboomcar_visual:/root/yahboomcar_ros2_ws/yahboomcar_ws/install/yahboomcar_nav:/root/yahboomcar_ros2_ws/yahboomcar_ws/install/yahboomcar_multi:/root/yahboomcar_ros2_ws/yahboomcar_ws/install/yahboomcar_mediapipe:/root/yahboomcar_ros2_ws/yahboomcar_ws/install/yahboomcar_linefollow:/root/yahboomcar_ros2_ws/yahboomcar_ws/install/yahboomcar_laser:/root/yahboomcar_ros2_ws/yahboomcar_ws/install/yahboomcar_description_x1:/root/yahboomcar_ros2_ws/yahboomcar_ws/install/yahboomcar_description:/root/yahboomcar_ros2_ws/yahboomcar_ws/install/yahboomcar_ctrl:/root/yahboomcar_ros2_ws/yahboomcar_ws/install/yahboomcar_bringup:/root/yahboomcar_ros2_ws/yahboomcar_ws/install/yahboomcar_astra:/root/yahboomcar_ros2_ws/yahboomcar_ws/install/yahboom_app_save_map:/root/yahboomcar_ros2_ws/yahboomcar_ws/install/robot_pose_publisher:/root/yahboomcar_ros2_ws/yahboomcar_ws/install/laserscan_to_point_pulisher:/opt/ros/foxy /usr/bin/cmake --install /root/r2ware/build/autoware_auto_geometry_msgs
