-- Found ament_cmake_auto: 0.9.11 (/opt/ros/foxy/share/ament_cmake_auto/cmake)
-- Found PythonInterp: /usr/bin/python3 (found suitable version "3.8.10", minimum required is "3") 
-- Using PYTHON_EXECUTABLE: /usr/bin/python3
-- Using all available rosidl_typesupport_c: rosidl_typesupport_fastrtps_c;rosidl_typesupport_introspection_c
-- Found rosidl_adapter: 1.3.0 (/opt/ros/foxy/share/rosidl_adapter/cmake)
-- Using all available rosidl_typesupport_cpp: rosidl_typesupport_fastrtps_cpp;rosidl_typesupport_introspection_cpp
-- Found PythonInterp: /usr/bin/python3 (found version "3.8.10") 
-- Found ament_cmake_ros: 0.9.2 (/opt/ros/foxy/share/ament_cmake_ros/cmake)
-- Using all available rosidl_typesupport_c: rosidl_typesupport_fastrtps_c;rosidl_typesupport_introspection_c
-- Using all available rosidl_typesupport_cpp: rosidl_typesupport_fastrtps_cpp;rosidl_typesupport_introspection_cpp
-- Found PythonInterp: /usr/bin/python3 (found suitable version "3.8.10", minimum required is "3.5") 
-- Found python_cmake_module: 0.8.1 (/opt/ros/foxy/share/python_cmake_module/cmake)
-- Using PYTHON_EXECUTABLE: /usr/bin/python3
-- Using PYTHON_INCLUDE_DIRS: /usr/include/python3.8
-- Using PYTHON_LIBRARIES: /usr/lib/aarch64-linux-gnu/libpython3.8.so
-- Configuring done
-- Generating done
-- Build files have been written to: /root/r2ware/build/autoware_adapi_version_msgs
[  9%] Built target autoware_adapi_version_msgs__rosidl_generator_c
[ 12%] Built target autoware_adapi_version_msgs__cpp
[ 22%] Built target autoware_adapi_version_msgs__rosidl_typesupport_introspection_c
[ 32%] Built target autoware_adapi_version_msgs__rosidl_typesupport_c
[ 41%] Built target autoware_adapi_version_msgs__rosidl_typesupport_cpp
[ 51%] Built target autoware_adapi_version_msgs__rosidl_typesupport_fastrtps_cpp
[ 61%] Built target autoware_adapi_version_msgs__rosidl_typesupport_introspection_cpp
[ 64%] [32mBuilding CXX object CMakeFiles/autoware_adapi_version_msgs__rosidl_typesupport_fastrtps_c.dir/rosidl_typesupport_fastrtps_c/autoware_adapi_version_msgs/srv/detail/interface_version__type_support_c.cpp.o[0m
[ 67%] [32m[1mLinking CXX shared library libautoware_adapi_version_msgs__rosidl_typesupport_fastrtps_c.so[0m
[ 70%] Built target autoware_adapi_version_msgs__rosidl_typesupport_fastrtps_c
[35m[1mScanning dependencies of target autoware_adapi_version_msgs[0m
[ 70%] Built target autoware_adapi_version_msgs
[35m[1mScanning dependencies of target autoware_adapi_version_msgs__py[0m
[ 74%] [34m[1mGenerating Python code for ROS interfaces[0m
[ 74%] Built target autoware_adapi_version_msgs__py
[35m[1mScanning dependencies of target autoware_adapi_version_msgs__python[0m
[ 77%] [32mBuilding C object CMakeFiles/autoware_adapi_version_msgs__python.dir/rosidl_generator_py/autoware_adapi_version_msgs/srv/_interface_version_s.c.o[0m
[ 80%] [32m[1mLinking C shared library rosidl_generator_py/autoware_adapi_version_msgs/libautoware_adapi_version_msgs__python.so[0m
[ 80%] Built target autoware_adapi_version_msgs__python
[35m[1mScanning dependencies of target autoware_adapi_version_msgs__rosidl_typesupport_introspection_c__pyext[0m
[35m[1mScanning dependencies of target autoware_adapi_version_msgs__rosidl_typesupport_c__pyext[0m
[ 83%] [32mBuilding C object CMakeFiles/autoware_adapi_version_msgs__rosidl_typesupport_introspection_c__pyext.dir/rosidl_generator_py/autoware_adapi_version_msgs/_autoware_adapi_version_msgs_s.ep.rosidl_typesupport_introspection_c.c.o[0m
[35m[1mScanning dependencies of target autoware_adapi_version_msgs__rosidl_typesupport_fastrtps_c__pyext[0m
[ 87%] [32mBuilding C object CMakeFiles/autoware_adapi_version_msgs__rosidl_typesupport_c__pyext.dir/rosidl_generator_py/autoware_adapi_version_msgs/_autoware_adapi_version_msgs_s.ep.rosidl_typesupport_c.c.o[0m
[ 90%] [32mBuilding C object CMakeFiles/autoware_adapi_version_msgs__rosidl_typesupport_fastrtps_c__pyext.dir/rosidl_generator_py/autoware_adapi_version_msgs/_autoware_adapi_version_msgs_s.ep.rosidl_typesupport_fastrtps_c.c.o[0m
[ 93%] [32m[1mLinking C shared library rosidl_generator_py/autoware_adapi_version_msgs/autoware_adapi_version_msgs_s__rosidl_typesupport_introspection_c.cpython-38-aarch64-linux-gnu.so[0m
[ 96%] [32m[1mLinking CXX shared library rosidl_generator_py/autoware_adapi_version_msgs/autoware_adapi_version_msgs_s__rosidl_typesupport_fastrtps_c.cpython-38-aarch64-linux-gnu.so[0m
[100%] [32m[1mLinking C shared library rosidl_generator_py/autoware_adapi_version_msgs/autoware_adapi_version_msgs_s__rosidl_typesupport_c.cpython-38-aarch64-linux-gnu.so[0m
[100%] Built target autoware_adapi_version_msgs__rosidl_typesupport_introspection_c__pyext
[100%] Built target autoware_adapi_version_msgs__rosidl_typesupport_c__pyext
[100%] Built target autoware_adapi_version_msgs__rosidl_typesupport_fastrtps_c__pyext
-- Install configuration: ""
-- Installing: /root/r2ware/install/autoware_adapi_version_msgs/share/ament_index/resource_index/rosidl_interfaces/autoware_adapi_version_msgs
-- Installing: /root/r2ware/install/autoware_adapi_version_msgs/include/autoware_adapi_version_msgs
-- Installing: /root/r2ware/install/autoware_adapi_version_msgs/include/autoware_adapi_version_msgs/msg
-- Installing: /root/r2ware/install/autoware_adapi_version_msgs/include/autoware_adapi_version_msgs/msg/rosidl_generator_c__visibility_control.h
-- Installing: /root/r2ware/install/autoware_adapi_version_msgs/include/autoware_adapi_version_msgs/srv
-- Installing: /root/r2ware/install/autoware_adapi_version_msgs/include/autoware_adapi_version_msgs/srv/interface_version.h
-- Installing: /root/r2ware/install/autoware_adapi_version_msgs/include/autoware_adapi_version_msgs/srv/detail
-- Installing: /root/r2ware/install/autoware_adapi_version_msgs/include/autoware_adapi_version_msgs/srv/detail/interface_version__type_support.h
-- Installing: /root/r2ware/install/autoware_adapi_version_msgs/include/autoware_adapi_version_msgs/srv/detail/interface_version__struct.h
-- Installing: /root/r2ware/install/autoware_adapi_version_msgs/include/autoware_adapi_version_msgs/srv/detail/interface_version__functions.h
-- Installing: /root/r2ware/install/autoware_adapi_version_msgs/include/autoware_adapi_version_msgs/srv/detail/interface_version__functions.c
-- Installing: /root/r2ware/install/autoware_adapi_version_msgs/share/autoware_adapi_version_msgs/environment/library_path.sh
-- Installing: /root/r2ware/install/autoware_adapi_version_msgs/share/autoware_adapi_version_msgs/environment/library_path.dsv
-- Installing: /root/r2ware/install/autoware_adapi_version_msgs/lib/libautoware_adapi_version_msgs__rosidl_generator_c.so
-- Set runtime path of "/root/r2ware/install/autoware_adapi_version_msgs/lib/libautoware_adapi_version_msgs__rosidl_generator_c.so" to ""
-- Up-to-date: /root/r2ware/install/autoware_adapi_version_msgs/include/autoware_adapi_version_msgs
-- Up-to-date: /root/r2ware/install/autoware_adapi_version_msgs/include/autoware_adapi_version_msgs/msg
-- Installing: /root/r2ware/install/autoware_adapi_version_msgs/include/autoware_adapi_version_msgs/msg/rosidl_typesupport_fastrtps_c__visibility_control.h
-- Up-to-date: /root/r2ware/install/autoware_adapi_version_msgs/include/autoware_adapi_version_msgs/srv
-- Up-to-date: /root/r2ware/install/autoware_adapi_version_msgs/include/autoware_adapi_version_msgs/srv/detail
-- Installing: /root/r2ware/install/autoware_adapi_version_msgs/include/autoware_adapi_version_msgs/srv/detail/interface_version__rosidl_typesupport_fastrtps_c.h
-- Installing: /root/r2ware/install/autoware_adapi_version_msgs/lib/libautoware_adapi_version_msgs__rosidl_typesupport_fastrtps_c.so
-- Set runtime path of "/root/r2ware/install/autoware_adapi_version_msgs/lib/libautoware_adapi_version_msgs__rosidl_typesupport_fastrtps_c.so" to ""
-- Up-to-date: /root/r2ware/install/autoware_adapi_version_msgs/include/autoware_adapi_version_msgs
-- Up-to-date: /root/r2ware/install/autoware_adapi_version_msgs/include/autoware_adapi_version_msgs/msg
-- Installing: /root/r2ware/install/autoware_adapi_version_msgs/include/autoware_adapi_version_msgs/msg/rosidl_typesupport_fastrtps_cpp__visibility_control.h
-- Up-to-date: /root/r2ware/install/autoware_adapi_version_msgs/include/autoware_adapi_version_msgs/srv
-- Up-to-date: /root/r2ware/install/autoware_adapi_version_msgs/include/autoware_adapi_version_msgs/srv/detail
-- Installing: /root/r2ware/install/autoware_adapi_version_msgs/include/autoware_adapi_version_msgs/srv/detail/dds_fastrtps
-- Installing: /root/r2ware/install/autoware_adapi_version_msgs/include/autoware_adapi_version_msgs/srv/detail/interface_version__rosidl_typesupport_fastrtps_cpp.hpp
-- Installing: /root/r2ware/install/autoware_adapi_version_msgs/lib/libautoware_adapi_version_msgs__rosidl_typesupport_fastrtps_cpp.so
-- Set runtime path of "/root/r2ware/install/autoware_adapi_version_msgs/lib/libautoware_adapi_version_msgs__rosidl_typesupport_fastrtps_cpp.so" to ""
-- Up-to-date: /root/r2ware/install/autoware_adapi_version_msgs/include/autoware_adapi_version_msgs
-- Up-to-date: /root/r2ware/install/autoware_adapi_version_msgs/include/autoware_adapi_version_msgs/msg
-- Installing: /root/r2ware/install/autoware_adapi_version_msgs/include/autoware_adapi_version_msgs/msg/rosidl_typesupport_introspection_c__visibility_control.h
-- Up-to-date: /root/r2ware/install/autoware_adapi_version_msgs/include/autoware_adapi_version_msgs/srv
-- Up-to-date: /root/r2ware/install/autoware_adapi_version_msgs/include/autoware_adapi_version_msgs/srv/detail
-- Installing: /root/r2ware/install/autoware_adapi_version_msgs/include/autoware_adapi_version_msgs/srv/detail/interface_version__type_support.c
-- Installing: /root/r2ware/install/autoware_adapi_version_msgs/include/autoware_adapi_version_msgs/srv/detail/interface_version__rosidl_typesupport_introspection_c.h
-- Installing: /root/r2ware/install/autoware_adapi_version_msgs/lib/libautoware_adapi_version_msgs__rosidl_typesupport_introspection_c.so
-- Set runtime path of "/root/r2ware/install/autoware_adapi_version_msgs/lib/libautoware_adapi_version_msgs__rosidl_typesupport_introspection_c.so" to ""
-- Installing: /root/r2ware/install/autoware_adapi_version_msgs/lib/libautoware_adapi_version_msgs__rosidl_typesupport_c.so
-- Set runtime path of "/root/r2ware/install/autoware_adapi_version_msgs/lib/libautoware_adapi_version_msgs__rosidl_typesupport_c.so" to ""
-- Up-to-date: /root/r2ware/install/autoware_adapi_version_msgs/include/autoware_adapi_version_msgs
-- Up-to-date: /root/r2ware/install/autoware_adapi_version_msgs/include/autoware_adapi_version_msgs/srv
-- Up-to-date: /root/r2ware/install/autoware_adapi_version_msgs/include/autoware_adapi_version_msgs/srv/detail
-- Installing: /root/r2ware/install/autoware_adapi_version_msgs/include/autoware_adapi_version_msgs/srv/detail/interface_version__traits.hpp
-- Installing: /root/r2ware/install/autoware_adapi_version_msgs/include/autoware_adapi_version_msgs/srv/detail/interface_version__builder.hpp
-- Installing: /root/r2ware/install/autoware_adapi_version_msgs/include/autoware_adapi_version_msgs/srv/detail/interface_version__struct.hpp
-- Installing: /root/r2ware/install/autoware_adapi_version_msgs/include/autoware_adapi_version_msgs/srv/interface_version.hpp
-- Up-to-date: /root/r2ware/install/autoware_adapi_version_msgs/include/autoware_adapi_version_msgs
-- Up-to-date: /root/r2ware/install/autoware_adapi_version_msgs/include/autoware_adapi_version_msgs/srv
-- Up-to-date: /root/r2ware/install/autoware_adapi_version_msgs/include/autoware_adapi_version_msgs/srv/detail
-- Installing: /root/r2ware/install/autoware_adapi_version_msgs/include/autoware_adapi_version_msgs/srv/detail/interface_version__type_support.cpp
-- Installing: /root/r2ware/install/autoware_adapi_version_msgs/include/autoware_adapi_version_msgs/srv/detail/interface_version__rosidl_typesupport_introspection_cpp.hpp
-- Installing: /root/r2ware/install/autoware_adapi_version_msgs/lib/libautoware_adapi_version_msgs__rosidl_typesupport_introspection_cpp.so
-- Set runtime path of "/root/r2ware/install/autoware_adapi_version_msgs/lib/libautoware_adapi_version_msgs__rosidl_typesupport_introspection_cpp.so" to ""
-- Installing: /root/r2ware/install/autoware_adapi_version_msgs/lib/libautoware_adapi_version_msgs__rosidl_typesupport_cpp.so
-- Set runtime path of "/root/r2ware/install/autoware_adapi_version_msgs/lib/libautoware_adapi_version_msgs__rosidl_typesupport_cpp.so" to ""
-- Installing: /root/r2ware/install/autoware_adapi_version_msgs/share/autoware_adapi_version_msgs/environment/pythonpath.sh
-- Installing: /root/r2ware/install/autoware_adapi_version_msgs/share/autoware_adapi_version_msgs/environment/pythonpath.dsv
-- Installing: /root/r2ware/install/autoware_adapi_version_msgs/lib/python3.8/site-packages/autoware_adapi_version_msgs/__init__.py
Compiling '/root/r2ware/install/autoware_adapi_version_msgs/lib/python3.8/site-packages/autoware_adapi_version_msgs/__init__.py'...
-- Installing: /root/r2ware/install/autoware_adapi_version_msgs/lib/python3.8/site-packages/autoware_adapi_version_msgs/srv
-- Installing: /root/r2ware/install/autoware_adapi_version_msgs/lib/python3.8/site-packages/autoware_adapi_version_msgs/srv/__init__.py
-- Installing: /root/r2ware/install/autoware_adapi_version_msgs/lib/python3.8/site-packages/autoware_adapi_version_msgs/srv/_interface_version.py
-- Installing: /root/r2ware/install/autoware_adapi_version_msgs/lib/python3.8/site-packages/autoware_adapi_version_msgs/srv/_interface_version_s.c
-- Installing: /root/r2ware/install/autoware_adapi_version_msgs/lib/python3.8/site-packages/autoware_adapi_version_msgs/autoware_adapi_version_msgs_s__rosidl_typesupport_fastrtps_c.cpython-38-aarch64-linux-gnu.so
-- Set runtime path of "/root/r2ware/install/autoware_adapi_version_msgs/lib/python3.8/site-packages/autoware_adapi_version_msgs/autoware_adapi_version_msgs_s__rosidl_typesupport_fastrtps_c.cpython-38-aarch64-linux-gnu.so" to ""
-- Installing: /root/r2ware/install/autoware_adapi_version_msgs/lib/python3.8/site-packages/autoware_adapi_version_msgs/autoware_adapi_version_msgs_s__rosidl_typesupport_introspection_c.cpython-38-aarch64-linux-gnu.so
-- Set runtime path of "/root/r2ware/install/autoware_adapi_version_msgs/lib/python3.8/site-packages/autoware_adapi_version_msgs/autoware_adapi_version_msgs_s__rosidl_typesupport_introspection_c.cpython-38-aarch64-linux-gnu.so" to ""
-- Installing: /root/r2ware/install/autoware_adapi_version_msgs/lib/python3.8/site-packages/autoware_adapi_version_msgs/autoware_adapi_version_msgs_s__rosidl_typesupport_c.cpython-38-aarch64-linux-gnu.so
-- Set runtime path of "/root/r2ware/install/autoware_adapi_version_msgs/lib/python3.8/site-packages/autoware_adapi_version_msgs/autoware_adapi_version_msgs_s__rosidl_typesupport_c.cpython-38-aarch64-linux-gnu.so" to ""
-- Installing: /root/r2ware/install/autoware_adapi_version_msgs/lib/libautoware_adapi_version_msgs__python.so
-- Set runtime path of "/root/r2ware/install/autoware_adapi_version_msgs/lib/libautoware_adapi_version_msgs__python.so" to ""
-- Installing: /root/r2ware/install/autoware_adapi_version_msgs/share/autoware_adapi_version_msgs/srv/InterfaceVersion.idl
-- Installing: /root/r2ware/install/autoware_adapi_version_msgs/share/autoware_adapi_version_msgs/srv/InterfaceVersion.srv
-- Installing: /root/r2ware/install/autoware_adapi_version_msgs/share/autoware_adapi_version_msgs/srv/InterfaceVersion_Request.msg
-- Installing: /root/r2ware/install/autoware_adapi_version_msgs/share/autoware_adapi_version_msgs/srv/InterfaceVersion_Response.msg
-- Installing: /root/r2ware/install/autoware_adapi_version_msgs/share/ament_index/resource_index/package_run_dependencies/autoware_adapi_version_msgs
-- Installing: /root/r2ware/install/autoware_adapi_version_msgs/share/ament_index/resource_index/parent_prefix_path/autoware_adapi_version_msgs
-- Installing: /root/r2ware/install/autoware_adapi_version_msgs/share/autoware_adapi_version_msgs/environment/ament_prefix_path.sh
-- Installing: /root/r2ware/install/autoware_adapi_version_msgs/share/autoware_adapi_version_msgs/environment/ament_prefix_path.dsv
-- Installing: /root/r2ware/install/autoware_adapi_version_msgs/share/autoware_adapi_version_msgs/environment/path.sh
-- Installing: /root/r2ware/install/autoware_adapi_version_msgs/share/autoware_adapi_version_msgs/environment/path.dsv
-- Installing: /root/r2ware/install/autoware_adapi_version_msgs/share/autoware_adapi_version_msgs/local_setup.bash
-- Installing: /root/r2ware/install/autoware_adapi_version_msgs/share/autoware_adapi_version_msgs/local_setup.sh
-- Installing: /root/r2ware/install/autoware_adapi_version_msgs/share/autoware_adapi_version_msgs/local_setup.zsh
-- Installing: /root/r2ware/install/autoware_adapi_version_msgs/share/autoware_adapi_version_msgs/local_setup.dsv
-- Installing: /root/r2ware/install/autoware_adapi_version_msgs/share/autoware_adapi_version_msgs/package.dsv
-- Installing: /root/r2ware/install/autoware_adapi_version_msgs/share/ament_index/resource_index/packages/autoware_adapi_version_msgs
-- Installing: /root/r2ware/install/autoware_adapi_version_msgs/share/autoware_adapi_version_msgs/cmake/autoware_adapi_version_msgs__rosidl_generator_cExport.cmake
-- Installing: /root/r2ware/install/autoware_adapi_version_msgs/share/autoware_adapi_version_msgs/cmake/autoware_adapi_version_msgs__rosidl_generator_cExport-noconfig.cmake
-- Installing: /root/r2ware/install/autoware_adapi_version_msgs/share/autoware_adapi_version_msgs/cmake/autoware_adapi_version_msgs__rosidl_typesupport_introspection_cExport.cmake
-- Installing: /root/r2ware/install/autoware_adapi_version_msgs/share/autoware_adapi_version_msgs/cmake/autoware_adapi_version_msgs__rosidl_typesupport_introspection_cExport-noconfig.cmake
-- Installing: /root/r2ware/install/autoware_adapi_version_msgs/share/autoware_adapi_version_msgs/cmake/autoware_adapi_version_msgs__rosidl_typesupport_cExport.cmake
-- Installing: /root/r2ware/install/autoware_adapi_version_msgs/share/autoware_adapi_version_msgs/cmake/autoware_adapi_version_msgs__rosidl_typesupport_cExport-noconfig.cmake
-- Installing: /root/r2ware/install/autoware_adapi_version_msgs/share/autoware_adapi_version_msgs/cmake/autoware_adapi_version_msgs__rosidl_generator_cppExport.cmake
-- Installing: /root/r2ware/install/autoware_adapi_version_msgs/share/autoware_adapi_version_msgs/cmake/autoware_adapi_version_msgs__rosidl_typesupport_introspection_cppExport.cmake
-- Installing: /root/r2ware/install/autoware_adapi_version_msgs/share/autoware_adapi_version_msgs/cmake/autoware_adapi_version_msgs__rosidl_typesupport_introspection_cppExport-noconfig.cmake
-- Installing: /root/r2ware/install/autoware_adapi_version_msgs/share/autoware_adapi_version_msgs/cmake/autoware_adapi_version_msgs__rosidl_typesupport_cppExport.cmake
-- Installing: /root/r2ware/install/autoware_adapi_version_msgs/share/autoware_adapi_version_msgs/cmake/autoware_adapi_version_msgs__rosidl_typesupport_cppExport-noconfig.cmake
-- Installing: /root/r2ware/install/autoware_adapi_version_msgs/share/autoware_adapi_version_msgs/cmake/rosidl_cmake-extras.cmake
-- Installing: /root/r2ware/install/autoware_adapi_version_msgs/share/autoware_adapi_version_msgs/cmake/ament_cmake_export_dependencies-extras.cmake
-- Installing: /root/r2ware/install/autoware_adapi_version_msgs/share/autoware_adapi_version_msgs/cmake/ament_cmake_export_libraries-extras.cmake
-- Installing: /root/r2ware/install/autoware_adapi_version_msgs/share/autoware_adapi_version_msgs/cmake/ament_cmake_export_targets-extras.cmake
-- Installing: /root/r2ware/install/autoware_adapi_version_msgs/share/autoware_adapi_version_msgs/cmake/ament_cmake_export_include_directories-extras.cmake
-- Installing: /root/r2ware/install/autoware_adapi_version_msgs/share/autoware_adapi_version_msgs/cmake/rosidl_cmake_export_typesupport_libraries-extras.cmake
-- Installing: /root/r2ware/install/autoware_adapi_version_msgs/share/autoware_adapi_version_msgs/cmake/rosidl_cmake_export_typesupport_targets-extras.cmake
-- Installing: /root/r2ware/install/autoware_adapi_version_msgs/share/autoware_adapi_version_msgs/cmake/autoware_adapi_version_msgsConfig.cmake
-- Installing: /root/r2ware/install/autoware_adapi_version_msgs/share/autoware_adapi_version_msgs/cmake/autoware_adapi_version_msgsConfig-version.cmake
-- Installing: /root/r2ware/install/autoware_adapi_version_msgs/share/autoware_adapi_version_msgs/package.xml
