[0.152s] Invoking command in '/root/r2ware/build/autoware_adapi_version_msgs': CMAKE_PREFIX_PATH=${CMAKE_PREFIX_PATH}:/root/yahboomcar_ros2_ws/yahboomcar_ws/install/yahboomcar_voice_ctrl:/root/yahboomcar_ros2_ws/yahboomcar_ws/install/yahboomcar_visual:/root/yahboomcar_ros2_ws/yahboomcar_ws/install/yahboomcar_nav:/root/yahboomcar_ros2_ws/yahboomcar_ws/install/yahboomcar_multi:/root/yahboomcar_ros2_ws/yahboomcar_ws/install/yahboomcar_mediapipe:/root/yahboomcar_ros2_ws/yahboomcar_ws/install/yahboomcar_linefollow:/root/yahboomcar_ros2_ws/yahboomcar_ws/install/yahboomcar_laser:/root/yahboomcar_ros2_ws/yahboomcar_ws/install/yahboomcar_description_x1:/root/yahboomcar_ros2_ws/yahboomcar_ws/install/yahboomcar_description:/root/yahboomcar_ros2_ws/yahboomcar_ws/install/yahboomcar_ctrl:/root/yahboomcar_ros2_ws/yahboomcar_ws/install/yahboomcar_bringup:/root/yahboomcar_ros2_ws/yahboomcar_ws/install/yahboomcar_astra:/root/yahboomcar_ros2_ws/yahboomcar_ws/install/yahboom_app_save_map:/root/yahboomcar_ros2_ws/yahboomcar_ws/install/robot_pose_publisher:/root/yahboomcar_ros2_ws/yahboomcar_ws/install/laserscan_to_point_pulisher:/opt/ros/foxy /usr/bin/cmake --build /root/r2ware/build/autoware_adapi_version_msgs -- -j8 -l8
[7.301s] -- Found ament_cmake_auto: 0.9.11 (/opt/ros/foxy/share/ament_cmake_auto/cmake)
[7.302s] -- Found PythonInterp: /usr/bin/python3 (found suitable version "3.8.10", minimum required is "3") 
[7.302s] -- Using PYTHON_EXECUTABLE: /usr/bin/python3
[7.302s] -- Using all available rosidl_typesupport_c: rosidl_typesupport_fastrtps_c;rosidl_typesupport_introspection_c
[7.302s] -- Found rosidl_adapter: 1.3.0 (/opt/ros/foxy/share/rosidl_adapter/cmake)
[7.302s] -- Using all available rosidl_typesupport_cpp: rosidl_typesupport_fastrtps_cpp;rosidl_typesupport_introspection_cpp
[7.302s] -- Found PythonInterp: /usr/bin/python3 (found version "3.8.10") 
[7.302s] -- Found ament_cmake_ros: 0.9.2 (/opt/ros/foxy/share/ament_cmake_ros/cmake)
[7.302s] -- Using all available rosidl_typesupport_c: rosidl_typesupport_fastrtps_c;rosidl_typesupport_introspection_c
[7.303s] -- Using all available rosidl_typesupport_cpp: rosidl_typesupport_fastrtps_cpp;rosidl_typesupport_introspection_cpp
[7.303s] -- Found PythonInterp: /usr/bin/python3 (found suitable version "3.8.10", minimum required is "3.5") 
[7.303s] -- Found python_cmake_module: 0.8.1 (/opt/ros/foxy/share/python_cmake_module/cmake)
[7.303s] -- Using PYTHON_EXECUTABLE: /usr/bin/python3
[7.303s] -- Using PYTHON_INCLUDE_DIRS: /usr/include/python3.8
[7.303s] -- Using PYTHON_LIBRARIES: /usr/lib/aarch64-linux-gnu/libpython3.8.so
[7.303s] -- Configuring done
[7.303s] -- Generating done
[7.304s] -- Build files have been written to: /root/r2ware/build/autoware_adapi_version_msgs
[7.304s] [  9%] Built target autoware_adapi_version_msgs__rosidl_generator_c
[7.304s] [ 12%] Built target autoware_adapi_version_msgs__cpp
[7.304s] [ 22%] Built target autoware_adapi_version_msgs__rosidl_typesupport_introspection_c
[7.304s] [ 32%] Built target autoware_adapi_version_msgs__rosidl_typesupport_c
[7.304s] [ 41%] Built target autoware_adapi_version_msgs__rosidl_typesupport_cpp
[7.304s] [ 51%] Built target autoware_adapi_version_msgs__rosidl_typesupport_fastrtps_cpp
[7.304s] [ 61%] Built target autoware_adapi_version_msgs__rosidl_typesupport_introspection_cpp
[7.305s] [ 64%] [32mBuilding CXX object CMakeFiles/autoware_adapi_version_msgs__rosidl_typesupport_fastrtps_c.dir/rosidl_typesupport_fastrtps_c/autoware_adapi_version_msgs/srv/detail/interface_version__type_support_c.cpp.o[0m
[7.305s] [ 67%] [32m[1mLinking CXX shared library libautoware_adapi_version_msgs__rosidl_typesupport_fastrtps_c.so[0m
[7.305s] [ 70%] Built target autoware_adapi_version_msgs__rosidl_typesupport_fastrtps_c
[7.306s] [35m[1mScanning dependencies of target autoware_adapi_version_msgs[0m
[7.306s] [ 70%] Built target autoware_adapi_version_msgs
[7.306s] [35m[1mScanning dependencies of target autoware_adapi_version_msgs__py[0m
[7.306s] [ 74%] [34m[1mGenerating Python code for ROS interfaces[0m
[10.714s] [ 74%] Built target autoware_adapi_version_msgs__py
[10.860s] [35m[1mScanning dependencies of target autoware_adapi_version_msgs__python[0m
[11.048s] [ 77%] [32mBuilding C object CMakeFiles/autoware_adapi_version_msgs__python.dir/rosidl_generator_py/autoware_adapi_version_msgs/srv/_interface_version_s.c.o[0m
[12.416s] [ 80%] [32m[1mLinking C shared library rosidl_generator_py/autoware_adapi_version_msgs/libautoware_adapi_version_msgs__python.so[0m
[13.075s] [ 80%] Built target autoware_adapi_version_msgs__python
[13.257s] [35m[1mScanning dependencies of target autoware_adapi_version_msgs__rosidl_typesupport_introspection_c__pyext[0m
[13.280s] [35m[1mScanning dependencies of target autoware_adapi_version_msgs__rosidl_typesupport_c__pyext[0m
[13.353s] [ 83%] [32mBuilding C object CMakeFiles/autoware_adapi_version_msgs__rosidl_typesupport_introspection_c__pyext.dir/rosidl_generator_py/autoware_adapi_version_msgs/_autoware_adapi_version_msgs_s.ep.rosidl_typesupport_introspection_c.c.o[0m
[13.368s] [35m[1mScanning dependencies of target autoware_adapi_version_msgs__rosidl_typesupport_fastrtps_c__pyext[0m
[13.420s] [ 87%] [32mBuilding C object CMakeFiles/autoware_adapi_version_msgs__rosidl_typesupport_c__pyext.dir/rosidl_generator_py/autoware_adapi_version_msgs/_autoware_adapi_version_msgs_s.ep.rosidl_typesupport_c.c.o[0m
[13.587s] [ 90%] [32mBuilding C object CMakeFiles/autoware_adapi_version_msgs__rosidl_typesupport_fastrtps_c__pyext.dir/rosidl_generator_py/autoware_adapi_version_msgs/_autoware_adapi_version_msgs_s.ep.rosidl_typesupport_fastrtps_c.c.o[0m
[14.312s] [ 93%] [32m[1mLinking C shared library rosidl_generator_py/autoware_adapi_version_msgs/autoware_adapi_version_msgs_s__rosidl_typesupport_introspection_c.cpython-38-aarch64-linux-gnu.so[0m
[14.334s] [ 96%] [32m[1mLinking CXX shared library rosidl_generator_py/autoware_adapi_version_msgs/autoware_adapi_version_msgs_s__rosidl_typesupport_fastrtps_c.cpython-38-aarch64-linux-gnu.so[0m
[14.446s] [100%] [32m[1mLinking C shared library rosidl_generator_py/autoware_adapi_version_msgs/autoware_adapi_version_msgs_s__rosidl_typesupport_c.cpython-38-aarch64-linux-gnu.so[0m
[14.870s] [100%] Built target autoware_adapi_version_msgs__rosidl_typesupport_introspection_c__pyext
[14.913s] [100%] Built target autoware_adapi_version_msgs__rosidl_typesupport_c__pyext
[15.106s] [100%] Built target autoware_adapi_version_msgs__rosidl_typesupport_fastrtps_c__pyext
[15.355s] Invoked command in '/root/r2ware/build/autoware_adapi_version_msgs' returned '0': CMAKE_PREFIX_PATH=${CMAKE_PREFIX_PATH}:/root/yahboomcar_ros2_ws/yahboomcar_ws/install/yahboomcar_voice_ctrl:/root/yahboomcar_ros2_ws/yahboomcar_ws/install/yahboomcar_visual:/root/yahboomcar_ros2_ws/yahboomcar_ws/install/yahboomcar_nav:/root/yahboomcar_ros2_ws/yahboomcar_ws/install/yahboomcar_multi:/root/yahboomcar_ros2_ws/yahboomcar_ws/install/yahboomcar_mediapipe:/root/yahboomcar_ros2_ws/yahboomcar_ws/install/yahboomcar_linefollow:/root/yahboomcar_ros2_ws/yahboomcar_ws/install/yahboomcar_laser:/root/yahboomcar_ros2_ws/yahboomcar_ws/install/yahboomcar_description_x1:/root/yahboomcar_ros2_ws/yahboomcar_ws/install/yahboomcar_description:/root/yahboomcar_ros2_ws/yahboomcar_ws/install/yahboomcar_ctrl:/root/yahboomcar_ros2_ws/yahboomcar_ws/install/yahboomcar_bringup:/root/yahboomcar_ros2_ws/yahboomcar_ws/install/yahboomcar_astra:/root/yahboomcar_ros2_ws/yahboomcar_ws/install/yahboom_app_save_map:/root/yahboomcar_ros2_ws/yahboomcar_ws/install/robot_pose_publisher:/root/yahboomcar_ros2_ws/yahboomcar_ws/install/laserscan_to_point_pulisher:/opt/ros/foxy /usr/bin/cmake --build /root/r2ware/build/autoware_adapi_version_msgs -- -j8 -l8
[16.865s] Invoking command in '/root/r2ware/build/autoware_adapi_version_msgs': CMAKE_PREFIX_PATH=${CMAKE_PREFIX_PATH}:/root/yahboomcar_ros2_ws/yahboomcar_ws/install/yahboomcar_voice_ctrl:/root/yahboomcar_ros2_ws/yahboomcar_ws/install/yahboomcar_visual:/root/yahboomcar_ros2_ws/yahboomcar_ws/install/yahboomcar_nav:/root/yahboomcar_ros2_ws/yahboomcar_ws/install/yahboomcar_multi:/root/yahboomcar_ros2_ws/yahboomcar_ws/install/yahboomcar_mediapipe:/root/yahboomcar_ros2_ws/yahboomcar_ws/install/yahboomcar_linefollow:/root/yahboomcar_ros2_ws/yahboomcar_ws/install/yahboomcar_laser:/root/yahboomcar_ros2_ws/yahboomcar_ws/install/yahboomcar_description_x1:/root/yahboomcar_ros2_ws/yahboomcar_ws/install/yahboomcar_description:/root/yahboomcar_ros2_ws/yahboomcar_ws/install/yahboomcar_ctrl:/root/yahboomcar_ros2_ws/yahboomcar_ws/install/yahboomcar_bringup:/root/yahboomcar_ros2_ws/yahboomcar_ws/install/yahboomcar_astra:/root/yahboomcar_ros2_ws/yahboomcar_ws/install/yahboom_app_save_map:/root/yahboomcar_ros2_ws/yahboomcar_ws/install/robot_pose_publisher:/root/yahboomcar_ros2_ws/yahboomcar_ws/install/laserscan_to_point_pulisher:/opt/ros/foxy /usr/bin/cmake --install /root/r2ware/build/autoware_adapi_version_msgs
[17.405s] -- Install configuration: ""
[17.406s] -- Installing: /root/r2ware/install/autoware_adapi_version_msgs/share/ament_index/resource_index/rosidl_interfaces/autoware_adapi_version_msgs
[17.406s] -- Installing: /root/r2ware/install/autoware_adapi_version_msgs/include/autoware_adapi_version_msgs
[17.406s] -- Installing: /root/r2ware/install/autoware_adapi_version_msgs/include/autoware_adapi_version_msgs/msg
[17.406s] -- Installing: /root/r2ware/install/autoware_adapi_version_msgs/include/autoware_adapi_version_msgs/msg/rosidl_generator_c__visibility_control.h
[17.407s] -- Installing: /root/r2ware/install/autoware_adapi_version_msgs/include/autoware_adapi_version_msgs/srv
[17.407s] -- Installing: /root/r2ware/install/autoware_adapi_version_msgs/include/autoware_adapi_version_msgs/srv/interface_version.h
[17.407s] -- Installing: /root/r2ware/install/autoware_adapi_version_msgs/include/autoware_adapi_version_msgs/srv/detail
[17.408s] -- Installing: /root/r2ware/install/autoware_adapi_version_msgs/include/autoware_adapi_version_msgs/srv/detail/interface_version__type_support.h
[17.408s] -- Installing: /root/r2ware/install/autoware_adapi_version_msgs/include/autoware_adapi_version_msgs/srv/detail/interface_version__struct.h
[17.408s] -- Installing: /root/r2ware/install/autoware_adapi_version_msgs/include/autoware_adapi_version_msgs/srv/detail/interface_version__functions.h
[17.408s] -- Installing: /root/r2ware/install/autoware_adapi_version_msgs/include/autoware_adapi_version_msgs/srv/detail/interface_version__functions.c
[17.409s] -- Installing: /root/r2ware/install/autoware_adapi_version_msgs/share/autoware_adapi_version_msgs/environment/library_path.sh
[17.409s] -- Installing: /root/r2ware/install/autoware_adapi_version_msgs/share/autoware_adapi_version_msgs/environment/library_path.dsv
[17.409s] -- Installing: /root/r2ware/install/autoware_adapi_version_msgs/lib/libautoware_adapi_version_msgs__rosidl_generator_c.so
[17.409s] -- Set runtime path of "/root/r2ware/install/autoware_adapi_version_msgs/lib/libautoware_adapi_version_msgs__rosidl_generator_c.so" to ""
[17.410s] -- Up-to-date: /root/r2ware/install/autoware_adapi_version_msgs/include/autoware_adapi_version_msgs
[17.410s] -- Up-to-date: /root/r2ware/install/autoware_adapi_version_msgs/include/autoware_adapi_version_msgs/msg
[17.410s] -- Installing: /root/r2ware/install/autoware_adapi_version_msgs/include/autoware_adapi_version_msgs/msg/rosidl_typesupport_fastrtps_c__visibility_control.h
[17.410s] -- Up-to-date: /root/r2ware/install/autoware_adapi_version_msgs/include/autoware_adapi_version_msgs/srv
[17.410s] -- Up-to-date: /root/r2ware/install/autoware_adapi_version_msgs/include/autoware_adapi_version_msgs/srv/detail
[17.410s] -- Installing: /root/r2ware/install/autoware_adapi_version_msgs/include/autoware_adapi_version_msgs/srv/detail/interface_version__rosidl_typesupport_fastrtps_c.h
[17.410s] -- Installing: /root/r2ware/install/autoware_adapi_version_msgs/lib/libautoware_adapi_version_msgs__rosidl_typesupport_fastrtps_c.so
[17.410s] -- Set runtime path of "/root/r2ware/install/autoware_adapi_version_msgs/lib/libautoware_adapi_version_msgs__rosidl_typesupport_fastrtps_c.so" to ""
[17.411s] -- Up-to-date: /root/r2ware/install/autoware_adapi_version_msgs/include/autoware_adapi_version_msgs
[17.411s] -- Up-to-date: /root/r2ware/install/autoware_adapi_version_msgs/include/autoware_adapi_version_msgs/msg
[17.411s] -- Installing: /root/r2ware/install/autoware_adapi_version_msgs/include/autoware_adapi_version_msgs/msg/rosidl_typesupport_fastrtps_cpp__visibility_control.h
[17.411s] -- Up-to-date: /root/r2ware/install/autoware_adapi_version_msgs/include/autoware_adapi_version_msgs/srv
[17.411s] -- Up-to-date: /root/r2ware/install/autoware_adapi_version_msgs/include/autoware_adapi_version_msgs/srv/detail
[17.411s] -- Installing: /root/r2ware/install/autoware_adapi_version_msgs/include/autoware_adapi_version_msgs/srv/detail/dds_fastrtps
[17.411s] -- Installing: /root/r2ware/install/autoware_adapi_version_msgs/include/autoware_adapi_version_msgs/srv/detail/interface_version__rosidl_typesupport_fastrtps_cpp.hpp
[17.411s] -- Installing: /root/r2ware/install/autoware_adapi_version_msgs/lib/libautoware_adapi_version_msgs__rosidl_typesupport_fastrtps_cpp.so
[17.412s] -- Set runtime path of "/root/r2ware/install/autoware_adapi_version_msgs/lib/libautoware_adapi_version_msgs__rosidl_typesupport_fastrtps_cpp.so" to ""
[17.412s] -- Up-to-date: /root/r2ware/install/autoware_adapi_version_msgs/include/autoware_adapi_version_msgs
[17.412s] -- Up-to-date: /root/r2ware/install/autoware_adapi_version_msgs/include/autoware_adapi_version_msgs/msg
[17.412s] -- Installing: /root/r2ware/install/autoware_adapi_version_msgs/include/autoware_adapi_version_msgs/msg/rosidl_typesupport_introspection_c__visibility_control.h
[17.412s] -- Up-to-date: /root/r2ware/install/autoware_adapi_version_msgs/include/autoware_adapi_version_msgs/srv
[17.412s] -- Up-to-date: /root/r2ware/install/autoware_adapi_version_msgs/include/autoware_adapi_version_msgs/srv/detail
[17.412s] -- Installing: /root/r2ware/install/autoware_adapi_version_msgs/include/autoware_adapi_version_msgs/srv/detail/interface_version__type_support.c
[17.412s] -- Installing: /root/r2ware/install/autoware_adapi_version_msgs/include/autoware_adapi_version_msgs/srv/detail/interface_version__rosidl_typesupport_introspection_c.h
[17.412s] -- Installing: /root/r2ware/install/autoware_adapi_version_msgs/lib/libautoware_adapi_version_msgs__rosidl_typesupport_introspection_c.so
[17.413s] -- Set runtime path of "/root/r2ware/install/autoware_adapi_version_msgs/lib/libautoware_adapi_version_msgs__rosidl_typesupport_introspection_c.so" to ""
[17.413s] -- Installing: /root/r2ware/install/autoware_adapi_version_msgs/lib/libautoware_adapi_version_msgs__rosidl_typesupport_c.so
[17.413s] -- Set runtime path of "/root/r2ware/install/autoware_adapi_version_msgs/lib/libautoware_adapi_version_msgs__rosidl_typesupport_c.so" to ""
[17.413s] -- Up-to-date: /root/r2ware/install/autoware_adapi_version_msgs/include/autoware_adapi_version_msgs
[17.413s] -- Up-to-date: /root/r2ware/install/autoware_adapi_version_msgs/include/autoware_adapi_version_msgs/srv
[17.413s] -- Up-to-date: /root/r2ware/install/autoware_adapi_version_msgs/include/autoware_adapi_version_msgs/srv/detail
[17.413s] -- Installing: /root/r2ware/install/autoware_adapi_version_msgs/include/autoware_adapi_version_msgs/srv/detail/interface_version__traits.hpp
[17.413s] -- Installing: /root/r2ware/install/autoware_adapi_version_msgs/include/autoware_adapi_version_msgs/srv/detail/interface_version__builder.hpp
[17.414s] -- Installing: /root/r2ware/install/autoware_adapi_version_msgs/include/autoware_adapi_version_msgs/srv/detail/interface_version__struct.hpp
[17.414s] -- Installing: /root/r2ware/install/autoware_adapi_version_msgs/include/autoware_adapi_version_msgs/srv/interface_version.hpp
[17.414s] -- Up-to-date: /root/r2ware/install/autoware_adapi_version_msgs/include/autoware_adapi_version_msgs
[17.414s] -- Up-to-date: /root/r2ware/install/autoware_adapi_version_msgs/include/autoware_adapi_version_msgs/srv
[17.414s] -- Up-to-date: /root/r2ware/install/autoware_adapi_version_msgs/include/autoware_adapi_version_msgs/srv/detail
[17.414s] -- Installing: /root/r2ware/install/autoware_adapi_version_msgs/include/autoware_adapi_version_msgs/srv/detail/interface_version__type_support.cpp
[17.414s] -- Installing: /root/r2ware/install/autoware_adapi_version_msgs/include/autoware_adapi_version_msgs/srv/detail/interface_version__rosidl_typesupport_introspection_cpp.hpp
[17.414s] -- Installing: /root/r2ware/install/autoware_adapi_version_msgs/lib/libautoware_adapi_version_msgs__rosidl_typesupport_introspection_cpp.so
[17.415s] -- Set runtime path of "/root/r2ware/install/autoware_adapi_version_msgs/lib/libautoware_adapi_version_msgs__rosidl_typesupport_introspection_cpp.so" to ""
[17.415s] -- Installing: /root/r2ware/install/autoware_adapi_version_msgs/lib/libautoware_adapi_version_msgs__rosidl_typesupport_cpp.so
[17.415s] -- Set runtime path of "/root/r2ware/install/autoware_adapi_version_msgs/lib/libautoware_adapi_version_msgs__rosidl_typesupport_cpp.so" to ""
[17.415s] -- Installing: /root/r2ware/install/autoware_adapi_version_msgs/share/autoware_adapi_version_msgs/environment/pythonpath.sh
[17.415s] -- Installing: /root/r2ware/install/autoware_adapi_version_msgs/share/autoware_adapi_version_msgs/environment/pythonpath.dsv
[17.415s] -- Installing: /root/r2ware/install/autoware_adapi_version_msgs/lib/python3.8/site-packages/autoware_adapi_version_msgs/__init__.py
[17.415s] Compiling '/root/r2ware/install/autoware_adapi_version_msgs/lib/python3.8/site-packages/autoware_adapi_version_msgs/__init__.py'...
[17.415s] -- Installing: /root/r2ware/install/autoware_adapi_version_msgs/lib/python3.8/site-packages/autoware_adapi_version_msgs/srv
[17.416s] -- Installing: /root/r2ware/install/autoware_adapi_version_msgs/lib/python3.8/site-packages/autoware_adapi_version_msgs/srv/__init__.py
[17.416s] -- Installing: /root/r2ware/install/autoware_adapi_version_msgs/lib/python3.8/site-packages/autoware_adapi_version_msgs/srv/_interface_version.py
[17.416s] -- Installing: /root/r2ware/install/autoware_adapi_version_msgs/lib/python3.8/site-packages/autoware_adapi_version_msgs/srv/_interface_version_s.c
[17.416s] -- Installing: /root/r2ware/install/autoware_adapi_version_msgs/lib/python3.8/site-packages/autoware_adapi_version_msgs/autoware_adapi_version_msgs_s__rosidl_typesupport_fastrtps_c.cpython-38-aarch64-linux-gnu.so
[17.416s] -- Set runtime path of "/root/r2ware/install/autoware_adapi_version_msgs/lib/python3.8/site-packages/autoware_adapi_version_msgs/autoware_adapi_version_msgs_s__rosidl_typesupport_fastrtps_c.cpython-38-aarch64-linux-gnu.so" to ""
[17.416s] -- Installing: /root/r2ware/install/autoware_adapi_version_msgs/lib/python3.8/site-packages/autoware_adapi_version_msgs/autoware_adapi_version_msgs_s__rosidl_typesupport_introspection_c.cpython-38-aarch64-linux-gnu.so
[17.416s] -- Set runtime path of "/root/r2ware/install/autoware_adapi_version_msgs/lib/python3.8/site-packages/autoware_adapi_version_msgs/autoware_adapi_version_msgs_s__rosidl_typesupport_introspection_c.cpython-38-aarch64-linux-gnu.so" to ""
[17.416s] -- Installing: /root/r2ware/install/autoware_adapi_version_msgs/lib/python3.8/site-packages/autoware_adapi_version_msgs/autoware_adapi_version_msgs_s__rosidl_typesupport_c.cpython-38-aarch64-linux-gnu.so
[17.417s] -- Set runtime path of "/root/r2ware/install/autoware_adapi_version_msgs/lib/python3.8/site-packages/autoware_adapi_version_msgs/autoware_adapi_version_msgs_s__rosidl_typesupport_c.cpython-38-aarch64-linux-gnu.so" to ""
[17.417s] -- Installing: /root/r2ware/install/autoware_adapi_version_msgs/lib/libautoware_adapi_version_msgs__python.so
[17.423s] -- Set runtime path of "/root/r2ware/install/autoware_adapi_version_msgs/lib/libautoware_adapi_version_msgs__python.so" to ""
[17.423s] -- Installing: /root/r2ware/install/autoware_adapi_version_msgs/share/autoware_adapi_version_msgs/srv/InterfaceVersion.idl
[17.423s] -- Installing: /root/r2ware/install/autoware_adapi_version_msgs/share/autoware_adapi_version_msgs/srv/InterfaceVersion.srv
[17.423s] -- Installing: /root/r2ware/install/autoware_adapi_version_msgs/share/autoware_adapi_version_msgs/srv/InterfaceVersion_Request.msg
[17.423s] -- Installing: /root/r2ware/install/autoware_adapi_version_msgs/share/autoware_adapi_version_msgs/srv/InterfaceVersion_Response.msg
[17.423s] -- Installing: /root/r2ware/install/autoware_adapi_version_msgs/share/ament_index/resource_index/package_run_dependencies/autoware_adapi_version_msgs
[17.424s] -- Installing: /root/r2ware/install/autoware_adapi_version_msgs/share/ament_index/resource_index/parent_prefix_path/autoware_adapi_version_msgs
[17.424s] -- Installing: /root/r2ware/install/autoware_adapi_version_msgs/share/autoware_adapi_version_msgs/environment/ament_prefix_path.sh
[17.424s] -- Installing: /root/r2ware/install/autoware_adapi_version_msgs/share/autoware_adapi_version_msgs/environment/ament_prefix_path.dsv
[17.424s] -- Installing: /root/r2ware/install/autoware_adapi_version_msgs/share/autoware_adapi_version_msgs/environment/path.sh
[17.424s] -- Installing: /root/r2ware/install/autoware_adapi_version_msgs/share/autoware_adapi_version_msgs/environment/path.dsv
[17.424s] -- Installing: /root/r2ware/install/autoware_adapi_version_msgs/share/autoware_adapi_version_msgs/local_setup.bash
[17.424s] -- Installing: /root/r2ware/install/autoware_adapi_version_msgs/share/autoware_adapi_version_msgs/local_setup.sh
[17.424s] -- Installing: /root/r2ware/install/autoware_adapi_version_msgs/share/autoware_adapi_version_msgs/local_setup.zsh
[17.425s] -- Installing: /root/r2ware/install/autoware_adapi_version_msgs/share/autoware_adapi_version_msgs/local_setup.dsv
[17.425s] -- Installing: /root/r2ware/install/autoware_adapi_version_msgs/share/autoware_adapi_version_msgs/package.dsv
[17.425s] -- Installing: /root/r2ware/install/autoware_adapi_version_msgs/share/ament_index/resource_index/packages/autoware_adapi_version_msgs
[17.425s] -- Installing: /root/r2ware/install/autoware_adapi_version_msgs/share/autoware_adapi_version_msgs/cmake/autoware_adapi_version_msgs__rosidl_generator_cExport.cmake
[17.425s] -- Installing: /root/r2ware/install/autoware_adapi_version_msgs/share/autoware_adapi_version_msgs/cmake/autoware_adapi_version_msgs__rosidl_generator_cExport-noconfig.cmake
[17.425s] -- Installing: /root/r2ware/install/autoware_adapi_version_msgs/share/autoware_adapi_version_msgs/cmake/autoware_adapi_version_msgs__rosidl_typesupport_introspection_cExport.cmake
[17.425s] -- Installing: /root/r2ware/install/autoware_adapi_version_msgs/share/autoware_adapi_version_msgs/cmake/autoware_adapi_version_msgs__rosidl_typesupport_introspection_cExport-noconfig.cmake
[17.425s] -- Installing: /root/r2ware/install/autoware_adapi_version_msgs/share/autoware_adapi_version_msgs/cmake/autoware_adapi_version_msgs__rosidl_typesupport_cExport.cmake
[17.426s] -- Installing: /root/r2ware/install/autoware_adapi_version_msgs/share/autoware_adapi_version_msgs/cmake/autoware_adapi_version_msgs__rosidl_typesupport_cExport-noconfig.cmake
[17.426s] -- Installing: /root/r2ware/install/autoware_adapi_version_msgs/share/autoware_adapi_version_msgs/cmake/autoware_adapi_version_msgs__rosidl_generator_cppExport.cmake
[17.426s] -- Installing: /root/r2ware/install/autoware_adapi_version_msgs/share/autoware_adapi_version_msgs/cmake/autoware_adapi_version_msgs__rosidl_typesupport_introspection_cppExport.cmake
[17.426s] -- Installing: /root/r2ware/install/autoware_adapi_version_msgs/share/autoware_adapi_version_msgs/cmake/autoware_adapi_version_msgs__rosidl_typesupport_introspection_cppExport-noconfig.cmake
[17.426s] -- Installing: /root/r2ware/install/autoware_adapi_version_msgs/share/autoware_adapi_version_msgs/cmake/autoware_adapi_version_msgs__rosidl_typesupport_cppExport.cmake
[17.426s] -- Installing: /root/r2ware/install/autoware_adapi_version_msgs/share/autoware_adapi_version_msgs/cmake/autoware_adapi_version_msgs__rosidl_typesupport_cppExport-noconfig.cmake
[17.426s] -- Installing: /root/r2ware/install/autoware_adapi_version_msgs/share/autoware_adapi_version_msgs/cmake/rosidl_cmake-extras.cmake
[17.426s] -- Installing: /root/r2ware/install/autoware_adapi_version_msgs/share/autoware_adapi_version_msgs/cmake/ament_cmake_export_dependencies-extras.cmake
[17.427s] -- Installing: /root/r2ware/install/autoware_adapi_version_msgs/share/autoware_adapi_version_msgs/cmake/ament_cmake_export_libraries-extras.cmake
[17.427s] -- Installing: /root/r2ware/install/autoware_adapi_version_msgs/share/autoware_adapi_version_msgs/cmake/ament_cmake_export_targets-extras.cmake
[17.427s] -- Installing: /root/r2ware/install/autoware_adapi_version_msgs/share/autoware_adapi_version_msgs/cmake/ament_cmake_export_include_directories-extras.cmake
[17.427s] -- Installing: /root/r2ware/install/autoware_adapi_version_msgs/share/autoware_adapi_version_msgs/cmake/rosidl_cmake_export_typesupport_libraries-extras.cmake
[17.427s] -- Installing: /root/r2ware/install/autoware_adapi_version_msgs/share/autoware_adapi_version_msgs/cmake/rosidl_cmake_export_typesupport_targets-extras.cmake
[17.427s] -- Installing: /root/r2ware/install/autoware_adapi_version_msgs/share/autoware_adapi_version_msgs/cmake/autoware_adapi_version_msgsConfig.cmake
[17.427s] -- Installing: /root/r2ware/install/autoware_adapi_version_msgs/share/autoware_adapi_version_msgs/cmake/autoware_adapi_version_msgsConfig-version.cmake
[17.427s] -- Installing: /root/r2ware/install/autoware_adapi_version_msgs/share/autoware_adapi_version_msgs/package.xml
[17.558s] Invoked command in '/root/r2ware/build/autoware_adapi_version_msgs' returned '0': CMAKE_PREFIX_PATH=${CMAKE_PREFIX_PATH}:/root/yahboomcar_ros2_ws/yahboomcar_ws/install/yahboomcar_voice_ctrl:/root/yahboomcar_ros2_ws/yahboomcar_ws/install/yahboomcar_visual:/root/yahboomcar_ros2_ws/yahboomcar_ws/install/yahboomcar_nav:/root/yahboomcar_ros2_ws/yahboomcar_ws/install/yahboomcar_multi:/root/yahboomcar_ros2_ws/yahboomcar_ws/install/yahboomcar_mediapipe:/root/yahboomcar_ros2_ws/yahboomcar_ws/install/yahboomcar_linefollow:/root/yahboomcar_ros2_ws/yahboomcar_ws/install/yahboomcar_laser:/root/yahboomcar_ros2_ws/yahboomcar_ws/install/yahboomcar_description_x1:/root/yahboomcar_ros2_ws/yahboomcar_ws/install/yahboomcar_description:/root/yahboomcar_ros2_ws/yahboomcar_ws/install/yahboomcar_ctrl:/root/yahboomcar_ros2_ws/yahboomcar_ws/install/yahboomcar_bringup:/root/yahboomcar_ros2_ws/yahboomcar_ws/install/yahboomcar_astra:/root/yahboomcar_ros2_ws/yahboomcar_ws/install/yahboom_app_save_map:/root/yahboomcar_ros2_ws/yahboomcar_ws/install/robot_pose_publisher:/root/yahboomcar_ros2_ws/yahboomcar_ws/install/laserscan_to_point_pulisher:/opt/ros/foxy /usr/bin/cmake --install /root/r2ware/build/autoware_adapi_version_msgs
