[0.231s] Invoking command in '/root/r2ware/build/autoware_common_msgs': CMAKE_PREFIX_PATH=${CMAKE_PREFIX_PATH}:/root/yahboomcar_ros2_ws/yahboomcar_ws/install/yahboomcar_voice_ctrl:/root/yahboomcar_ros2_ws/yahboomcar_ws/install/yahboomcar_visual:/root/yahboomcar_ros2_ws/yahboomcar_ws/install/yahboomcar_nav:/root/yahboomcar_ros2_ws/yahboomcar_ws/install/yahboomcar_multi:/root/yahboomcar_ros2_ws/yahboomcar_ws/install/yahboomcar_mediapipe:/root/yahboomcar_ros2_ws/yahboomcar_ws/install/yahboomcar_linefollow:/root/yahboomcar_ros2_ws/yahboomcar_ws/install/yahboomcar_laser:/root/yahboomcar_ros2_ws/yahboomcar_ws/install/yahboomcar_description_x1:/root/yahboomcar_ros2_ws/yahboomcar_ws/install/yahboomcar_description:/root/yahboomcar_ros2_ws/yahboomcar_ws/install/yahboomcar_ctrl:/root/yahboomcar_ros2_ws/yahboomcar_ws/install/yahboomcar_bringup:/root/yahboomcar_ros2_ws/yahboomcar_ws/install/yahboomcar_astra:/root/yahboomcar_ros2_ws/yahboomcar_ws/install/yahboom_app_save_map:/root/yahboomcar_ros2_ws/yahboomcar_ws/install/robot_pose_publisher:/root/yahboomcar_ros2_ws/yahboomcar_ws/install/laserscan_to_point_pulisher:/opt/ros/foxy /usr/bin/cmake /root/r2ware/src/autoware_dependencies/core/autoware_msgs/autoware_common_msgs -DCMAKE_INSTALL_PREFIX=/root/r2ware/install/autoware_common_msgs
[0.530s] -- The C compiler identification is GNU 9.4.0
[0.788s] -- The CXX compiler identification is GNU 9.4.0
[0.810s] -- Check for working C compiler: /usr/bin/cc
[1.098s] -- Check for working C compiler: /usr/bin/cc -- works
[1.102s] -- Detecting C compiler ABI info
[1.380s] -- Detecting C compiler ABI info - done
[1.412s] -- Detecting C compile features
[1.414s] -- Detecting C compile features - done
[1.418s] -- Check for working CXX compiler: /usr/bin/c++
[1.698s] -- Check for working CXX compiler: /usr/bin/c++ -- works
[1.701s] -- Detecting CXX compiler ABI info
[1.966s] -- Detecting CXX compiler ABI info - done
[1.991s] -- Detecting CXX compile features
[1.992s] -- Detecting CXX compile features - done
[2.044s] -- Found ament_cmake_auto: 0.9.11 (/opt/ros/foxy/share/ament_cmake_auto/cmake)
[2.217s] -- Found PythonInterp: /usr/bin/python3 (found suitable version "3.8.10", minimum required is "3") 
[2.217s] -- Using PYTHON_EXECUTABLE: /usr/bin/python3
[3.373s] -- Using all available rosidl_typesupport_c: rosidl_typesupport_fastrtps_c;rosidl_typesupport_introspection_c
[3.440s] -- Found rosidl_adapter: 1.3.0 (/opt/ros/foxy/share/rosidl_adapter/cmake)
[4.171s] -- Found OpenSSL: /usr/lib/aarch64-linux-gnu/libcrypto.so (found version "1.1.1f")  
[4.367s] -- Found FastRTPS: /opt/ros/foxy/include  
[4.858s] -- Using all available rosidl_typesupport_cpp: rosidl_typesupport_fastrtps_cpp;rosidl_typesupport_introspection_cpp
[5.028s] -- Found PythonInterp: /usr/bin/python3 (found version "3.8.10") 
[5.239s] -- Found ament_cmake_ros: 0.9.2 (/opt/ros/foxy/share/ament_cmake_ros/cmake)
[5.677s] -- Using all available rosidl_typesupport_c: rosidl_typesupport_fastrtps_c;rosidl_typesupport_introspection_c
[5.691s] -- Using all available rosidl_typesupport_cpp: rosidl_typesupport_fastrtps_cpp;rosidl_typesupport_introspection_cpp
[5.769s] -- Found PythonInterp: /usr/bin/python3 (found suitable version "3.8.10", minimum required is "3.5") 
[5.785s] -- Found python_cmake_module: 0.8.1 (/opt/ros/foxy/share/python_cmake_module/cmake)
[5.876s] -- Found PythonLibs: /usr/lib/aarch64-linux-gnu/libpython3.8.so (found suitable version "3.8.10", minimum required is "3.5") 
[5.877s] -- Using PYTHON_EXECUTABLE: /usr/bin/python3
[5.877s] -- Using PYTHON_INCLUDE_DIRS: /usr/include/python3.8
[5.877s] -- Using PYTHON_LIBRARIES: /usr/lib/aarch64-linux-gnu/libpython3.8.so
[5.951s] -- Found PythonExtra: .so  
[6.119s] -- Configuring done
[6.185s] -- Generating done
[6.191s] -- Build files have been written to: /root/r2ware/build/autoware_common_msgs
[6.222s] Invoked command in '/root/r2ware/build/autoware_common_msgs' returned '0': CMAKE_PREFIX_PATH=${CMAKE_PREFIX_PATH}:/root/yahboomcar_ros2_ws/yahboomcar_ws/install/yahboomcar_voice_ctrl:/root/yahboomcar_ros2_ws/yahboomcar_ws/install/yahboomcar_visual:/root/yahboomcar_ros2_ws/yahboomcar_ws/install/yahboomcar_nav:/root/yahboomcar_ros2_ws/yahboomcar_ws/install/yahboomcar_multi:/root/yahboomcar_ros2_ws/yahboomcar_ws/install/yahboomcar_mediapipe:/root/yahboomcar_ros2_ws/yahboomcar_ws/install/yahboomcar_linefollow:/root/yahboomcar_ros2_ws/yahboomcar_ws/install/yahboomcar_laser:/root/yahboomcar_ros2_ws/yahboomcar_ws/install/yahboomcar_description_x1:/root/yahboomcar_ros2_ws/yahboomcar_ws/install/yahboomcar_description:/root/yahboomcar_ros2_ws/yahboomcar_ws/install/yahboomcar_ctrl:/root/yahboomcar_ros2_ws/yahboomcar_ws/install/yahboomcar_bringup:/root/yahboomcar_ros2_ws/yahboomcar_ws/install/yahboomcar_astra:/root/yahboomcar_ros2_ws/yahboomcar_ws/install/yahboom_app_save_map:/root/yahboomcar_ros2_ws/yahboomcar_ws/install/robot_pose_publisher:/root/yahboomcar_ros2_ws/yahboomcar_ws/install/laserscan_to_point_pulisher:/opt/ros/foxy /usr/bin/cmake /root/r2ware/src/autoware_dependencies/core/autoware_msgs/autoware_common_msgs -DCMAKE_INSTALL_PREFIX=/root/r2ware/install/autoware_common_msgs
[6.225s] Invoking command in '/root/r2ware/build/autoware_common_msgs': CMAKE_PREFIX_PATH=${CMAKE_PREFIX_PATH}:/root/yahboomcar_ros2_ws/yahboomcar_ws/install/yahboomcar_voice_ctrl:/root/yahboomcar_ros2_ws/yahboomcar_ws/install/yahboomcar_visual:/root/yahboomcar_ros2_ws/yahboomcar_ws/install/yahboomcar_nav:/root/yahboomcar_ros2_ws/yahboomcar_ws/install/yahboomcar_multi:/root/yahboomcar_ros2_ws/yahboomcar_ws/install/yahboomcar_mediapipe:/root/yahboomcar_ros2_ws/yahboomcar_ws/install/yahboomcar_linefollow:/root/yahboomcar_ros2_ws/yahboomcar_ws/install/yahboomcar_laser:/root/yahboomcar_ros2_ws/yahboomcar_ws/install/yahboomcar_description_x1:/root/yahboomcar_ros2_ws/yahboomcar_ws/install/yahboomcar_description:/root/yahboomcar_ros2_ws/yahboomcar_ws/install/yahboomcar_ctrl:/root/yahboomcar_ros2_ws/yahboomcar_ws/install/yahboomcar_bringup:/root/yahboomcar_ros2_ws/yahboomcar_ws/install/yahboomcar_astra:/root/yahboomcar_ros2_ws/yahboomcar_ws/install/yahboom_app_save_map:/root/yahboomcar_ros2_ws/yahboomcar_ws/install/robot_pose_publisher:/root/yahboomcar_ros2_ws/yahboomcar_ws/install/laserscan_to_point_pulisher:/opt/ros/foxy /usr/bin/cmake --build /root/r2ware/build/autoware_common_msgs -- -j8 -l8
[6.897s] [35m[1mScanning dependencies of target autoware_common_msgs__cpp[0m
[6.897s] [  3%] [34m[1mGenerating C code for ROS interfaces[0m
[6.897s] [  6%] [34m[1mGenerating C++ code for ROS interfaces[0m
[7.164s] [35m[1mScanning dependencies of target autoware_common_msgs__rosidl_generator_c[0m
[7.249s] [  9%] [32mBuilding C object CMakeFiles/autoware_common_msgs__rosidl_generator_c.dir/rosidl_generator_c/autoware_common_msgs/msg/detail/response_status__functions.c.o[0m
[7.366s] [  9%] Built target autoware_common_msgs__cpp
[7.445s] [ 12%] [34m[1mGenerating C++ type support for eProsima Fast-RTPS[0m
[7.462s] [ 16%] [32m[1mLinking C shared library libautoware_common_msgs__rosidl_generator_c.so[0m
[7.480s] [ 22%] [34m[1mGenerating C++ introspection for ROS interfaces[0m
[7.481s] [ 22%] [34m[1mGenerating C++ type support dispatch for ROS interfaces[0m
[7.706s] [ 22%] Built target autoware_common_msgs__rosidl_generator_c
[7.796s] [ 25%] [34m[1mGenerating C type support dispatch for ROS interfaces[0m
[7.818s] [ 29%] [34m[1mGenerating C introspection for ROS interfaces[0m
[8.725s] [35m[1mScanning dependencies of target autoware_common_msgs__rosidl_typesupport_introspection_cpp[0m
[8.725s] [35m[1mScanning dependencies of target autoware_common_msgs__rosidl_typesupport_fastrtps_cpp[0m
[8.882s] [ 32%] [32mBuilding CXX object CMakeFiles/autoware_common_msgs__rosidl_typesupport_introspection_cpp.dir/rosidl_typesupport_introspection_cpp/autoware_common_msgs/msg/detail/response_status__type_support.cpp.o[0m
[8.917s] [35m[1mScanning dependencies of target autoware_common_msgs__rosidl_typesupport_cpp[0m
[8.917s] [ 35%] [32mBuilding CXX object CMakeFiles/autoware_common_msgs__rosidl_typesupport_fastrtps_cpp.dir/rosidl_typesupport_fastrtps_cpp/autoware_common_msgs/msg/detail/dds_fastrtps/response_status__type_support.cpp.o[0m
[9.020s] [35m[1mScanning dependencies of target autoware_common_msgs__rosidl_typesupport_c[0m
[9.039s] [ 38%] [32mBuilding CXX object CMakeFiles/autoware_common_msgs__rosidl_typesupport_cpp.dir/rosidl_typesupport_cpp/autoware_common_msgs/msg/response_status__type_support.cpp.o[0m
[9.100s] [ 41%] [32mBuilding CXX object CMakeFiles/autoware_common_msgs__rosidl_typesupport_c.dir/rosidl_typesupport_c/autoware_common_msgs/msg/response_status__type_support.cpp.o[0m
[9.392s] [35m[1mScanning dependencies of target autoware_common_msgs__rosidl_typesupport_introspection_c[0m
[9.404s] [ 45%] [32m[1mLinking CXX shared library libautoware_common_msgs__rosidl_typesupport_c.so[0m
[9.575s] [ 48%] [32mBuilding C object CMakeFiles/autoware_common_msgs__rosidl_typesupport_introspection_c.dir/rosidl_typesupport_introspection_c/autoware_common_msgs/msg/detail/response_status__type_support.c.o[0m
[9.822s] [ 51%] [32m[1mLinking C shared library libautoware_common_msgs__rosidl_typesupport_introspection_c.so[0m
[9.853s] [ 51%] Built target autoware_common_msgs__rosidl_typesupport_c
[10.155s] [ 51%] Built target autoware_common_msgs__rosidl_typesupport_introspection_c
[10.413s] [ 54%] [32m[1mLinking CXX shared library libautoware_common_msgs__rosidl_typesupport_introspection_cpp.so[0m
[10.767s] [ 58%] [32m[1mLinking CXX shared library libautoware_common_msgs__rosidl_typesupport_cpp.so[0m
[10.944s] [ 58%] Built target autoware_common_msgs__rosidl_typesupport_introspection_cpp
[11.171s] [ 58%] Built target autoware_common_msgs__rosidl_typesupport_cpp
[11.851s] [ 61%] [32m[1mLinking CXX shared library libautoware_common_msgs__rosidl_typesupport_fastrtps_cpp.so[0m
[12.749s] [ 61%] Built target autoware_common_msgs__rosidl_typesupport_fastrtps_cpp
[12.917s] [ 64%] [34m[1mGenerating C type support for eProsima Fast-RTPS[0m
[16.815s] [35m[1mScanning dependencies of target autoware_common_msgs__rosidl_typesupport_fastrtps_c[0m
[17.083s] [ 67%] [32mBuilding CXX object CMakeFiles/autoware_common_msgs__rosidl_typesupport_fastrtps_c.dir/rosidl_typesupport_fastrtps_c/autoware_common_msgs/msg/detail/response_status__type_support_c.cpp.o[0m
[20.834s] [ 70%] [32m[1mLinking CXX shared library libautoware_common_msgs__rosidl_typesupport_fastrtps_c.so[0m
[21.649s] [ 70%] Built target autoware_common_msgs__rosidl_typesupport_fastrtps_c
[21.820s] [35m[1mScanning dependencies of target autoware_common_msgs[0m
[22.026s] [ 70%] Built target autoware_common_msgs
[22.164s] [35m[1mScanning dependencies of target autoware_common_msgs__py[0m
[22.312s] [ 74%] [34m[1mGenerating Python code for ROS interfaces[0m
[25.631s] [ 74%] Built target autoware_common_msgs__py
[25.726s] [35m[1mScanning dependencies of target autoware_common_msgs__python[0m
[25.949s] [ 77%] [32mBuilding C object CMakeFiles/autoware_common_msgs__python.dir/rosidl_generator_py/autoware_common_msgs/msg/_response_status_s.c.o[0m
[26.474s] [ 80%] [32m[1mLinking C shared library rosidl_generator_py/autoware_common_msgs/libautoware_common_msgs__python.so[0m
[26.810s] [ 80%] Built target autoware_common_msgs__python
[26.947s] [35m[1mScanning dependencies of target autoware_common_msgs__rosidl_typesupport_introspection_c__pyext[0m
[27.057s] [ 83%] [32mBuilding C object CMakeFiles/autoware_common_msgs__rosidl_typesupport_introspection_c__pyext.dir/rosidl_generator_py/autoware_common_msgs/_autoware_common_msgs_s.ep.rosidl_typesupport_introspection_c.c.o[0m
[27.533s] [ 87%] [32m[1mLinking C shared library rosidl_generator_py/autoware_common_msgs/autoware_common_msgs_s__rosidl_typesupport_introspection_c.cpython-38-aarch64-linux-gnu.so[0m
[27.630s] [ 87%] Built target autoware_common_msgs__rosidl_typesupport_introspection_c__pyext
[27.734s] [35m[1mScanning dependencies of target autoware_common_msgs__rosidl_typesupport_c__pyext[0m
[27.850s] [ 90%] [32mBuilding C object CMakeFiles/autoware_common_msgs__rosidl_typesupport_c__pyext.dir/rosidl_generator_py/autoware_common_msgs/_autoware_common_msgs_s.ep.rosidl_typesupport_c.c.o[0m
[28.306s] [ 93%] [32m[1mLinking C shared library rosidl_generator_py/autoware_common_msgs/autoware_common_msgs_s__rosidl_typesupport_c.cpython-38-aarch64-linux-gnu.so[0m
[28.561s] [ 93%] Built target autoware_common_msgs__rosidl_typesupport_c__pyext
[28.665s] [35m[1mScanning dependencies of target autoware_common_msgs__rosidl_typesupport_fastrtps_c__pyext[0m
[28.805s] [ 96%] [32mBuilding C object CMakeFiles/autoware_common_msgs__rosidl_typesupport_fastrtps_c__pyext.dir/rosidl_generator_py/autoware_common_msgs/_autoware_common_msgs_s.ep.rosidl_typesupport_fastrtps_c.c.o[0m
[29.227s] [100%] [32m[1mLinking CXX shared library rosidl_generator_py/autoware_common_msgs/autoware_common_msgs_s__rosidl_typesupport_fastrtps_c.cpython-38-aarch64-linux-gnu.so[0m
[29.591s] [100%] Built target autoware_common_msgs__rosidl_typesupport_fastrtps_c__pyext
[29.676s] Invoked command in '/root/r2ware/build/autoware_common_msgs' returned '0': CMAKE_PREFIX_PATH=${CMAKE_PREFIX_PATH}:/root/yahboomcar_ros2_ws/yahboomcar_ws/install/yahboomcar_voice_ctrl:/root/yahboomcar_ros2_ws/yahboomcar_ws/install/yahboomcar_visual:/root/yahboomcar_ros2_ws/yahboomcar_ws/install/yahboomcar_nav:/root/yahboomcar_ros2_ws/yahboomcar_ws/install/yahboomcar_multi:/root/yahboomcar_ros2_ws/yahboomcar_ws/install/yahboomcar_mediapipe:/root/yahboomcar_ros2_ws/yahboomcar_ws/install/yahboomcar_linefollow:/root/yahboomcar_ros2_ws/yahboomcar_ws/install/yahboomcar_laser:/root/yahboomcar_ros2_ws/yahboomcar_ws/install/yahboomcar_description_x1:/root/yahboomcar_ros2_ws/yahboomcar_ws/install/yahboomcar_description:/root/yahboomcar_ros2_ws/yahboomcar_ws/install/yahboomcar_ctrl:/root/yahboomcar_ros2_ws/yahboomcar_ws/install/yahboomcar_bringup:/root/yahboomcar_ros2_ws/yahboomcar_ws/install/yahboomcar_astra:/root/yahboomcar_ros2_ws/yahboomcar_ws/install/yahboom_app_save_map:/root/yahboomcar_ros2_ws/yahboomcar_ws/install/robot_pose_publisher:/root/yahboomcar_ros2_ws/yahboomcar_ws/install/laserscan_to_point_pulisher:/opt/ros/foxy /usr/bin/cmake --build /root/r2ware/build/autoware_common_msgs -- -j8 -l8
[30.991s] Invoking command in '/root/r2ware/build/autoware_common_msgs': CMAKE_PREFIX_PATH=${CMAKE_PREFIX_PATH}:/root/yahboomcar_ros2_ws/yahboomcar_ws/install/yahboomcar_voice_ctrl:/root/yahboomcar_ros2_ws/yahboomcar_ws/install/yahboomcar_visual:/root/yahboomcar_ros2_ws/yahboomcar_ws/install/yahboomcar_nav:/root/yahboomcar_ros2_ws/yahboomcar_ws/install/yahboomcar_multi:/root/yahboomcar_ros2_ws/yahboomcar_ws/install/yahboomcar_mediapipe:/root/yahboomcar_ros2_ws/yahboomcar_ws/install/yahboomcar_linefollow:/root/yahboomcar_ros2_ws/yahboomcar_ws/install/yahboomcar_laser:/root/yahboomcar_ros2_ws/yahboomcar_ws/install/yahboomcar_description_x1:/root/yahboomcar_ros2_ws/yahboomcar_ws/install/yahboomcar_description:/root/yahboomcar_ros2_ws/yahboomcar_ws/install/yahboomcar_ctrl:/root/yahboomcar_ros2_ws/yahboomcar_ws/install/yahboomcar_bringup:/root/yahboomcar_ros2_ws/yahboomcar_ws/install/yahboomcar_astra:/root/yahboomcar_ros2_ws/yahboomcar_ws/install/yahboom_app_save_map:/root/yahboomcar_ros2_ws/yahboomcar_ws/install/robot_pose_publisher:/root/yahboomcar_ros2_ws/yahboomcar_ws/install/laserscan_to_point_pulisher:/opt/ros/foxy /usr/bin/cmake --install /root/r2ware/build/autoware_common_msgs
[38.694s] -- Install configuration: ""
[38.698s] -- Installing: /root/r2ware/install/autoware_common_msgs/share/ament_index/resource_index/rosidl_interfaces/autoware_common_msgs
[38.698s] -- Installing: /root/r2ware/install/autoware_common_msgs/include/autoware_common_msgs
[38.699s] -- Installing: /root/r2ware/install/autoware_common_msgs/include/autoware_common_msgs/msg
[38.699s] -- Installing: /root/r2ware/install/autoware_common_msgs/include/autoware_common_msgs/msg/rosidl_generator_c__visibility_control.h
[38.699s] -- Installing: /root/r2ware/install/autoware_common_msgs/include/autoware_common_msgs/msg/detail
[38.699s] -- Installing: /root/r2ware/install/autoware_common_msgs/include/autoware_common_msgs/msg/detail/response_status__type_support.h
[38.699s] -- Installing: /root/r2ware/install/autoware_common_msgs/include/autoware_common_msgs/msg/detail/response_status__functions.h
[38.699s] -- Installing: /root/r2ware/install/autoware_common_msgs/include/autoware_common_msgs/msg/detail/response_status__functions.c
[38.699s] -- Installing: /root/r2ware/install/autoware_common_msgs/include/autoware_common_msgs/msg/detail/response_status__struct.h
[38.700s] -- Installing: /root/r2ware/install/autoware_common_msgs/include/autoware_common_msgs/msg/response_status.h
[38.700s] -- Installing: /root/r2ware/install/autoware_common_msgs/share/autoware_common_msgs/environment/library_path.sh
[38.700s] -- Installing: /root/r2ware/install/autoware_common_msgs/share/autoware_common_msgs/environment/library_path.dsv
[38.700s] -- Installing: /root/r2ware/install/autoware_common_msgs/lib/libautoware_common_msgs__rosidl_generator_c.so
[38.700s] -- Set runtime path of "/root/r2ware/install/autoware_common_msgs/lib/libautoware_common_msgs__rosidl_generator_c.so" to ""
[38.700s] -- Up-to-date: /root/r2ware/install/autoware_common_msgs/include/autoware_common_msgs
[38.700s] -- Up-to-date: /root/r2ware/install/autoware_common_msgs/include/autoware_common_msgs/msg
[38.700s] -- Installing: /root/r2ware/install/autoware_common_msgs/include/autoware_common_msgs/msg/rosidl_typesupport_fastrtps_c__visibility_control.h
[38.701s] -- Up-to-date: /root/r2ware/install/autoware_common_msgs/include/autoware_common_msgs/msg/detail
[38.701s] -- Installing: /root/r2ware/install/autoware_common_msgs/include/autoware_common_msgs/msg/detail/response_status__rosidl_typesupport_fastrtps_c.h
[38.701s] -- Installing: /root/r2ware/install/autoware_common_msgs/lib/libautoware_common_msgs__rosidl_typesupport_fastrtps_c.so
[38.701s] -- Set runtime path of "/root/r2ware/install/autoware_common_msgs/lib/libautoware_common_msgs__rosidl_typesupport_fastrtps_c.so" to ""
[38.701s] -- Up-to-date: /root/r2ware/install/autoware_common_msgs/include/autoware_common_msgs
[38.701s] -- Up-to-date: /root/r2ware/install/autoware_common_msgs/include/autoware_common_msgs/msg
[38.701s] -- Installing: /root/r2ware/install/autoware_common_msgs/include/autoware_common_msgs/msg/rosidl_typesupport_fastrtps_cpp__visibility_control.h
[38.701s] -- Up-to-date: /root/r2ware/install/autoware_common_msgs/include/autoware_common_msgs/msg/detail
[38.702s] -- Installing: /root/r2ware/install/autoware_common_msgs/include/autoware_common_msgs/msg/detail/dds_fastrtps
[38.702s] -- Installing: /root/r2ware/install/autoware_common_msgs/include/autoware_common_msgs/msg/detail/response_status__rosidl_typesupport_fastrtps_cpp.hpp
[38.702s] -- Installing: /root/r2ware/install/autoware_common_msgs/lib/libautoware_common_msgs__rosidl_typesupport_fastrtps_cpp.so
[38.702s] -- Set runtime path of "/root/r2ware/install/autoware_common_msgs/lib/libautoware_common_msgs__rosidl_typesupport_fastrtps_cpp.so" to ""
[38.702s] -- Up-to-date: /root/r2ware/install/autoware_common_msgs/include/autoware_common_msgs
[38.702s] -- Up-to-date: /root/r2ware/install/autoware_common_msgs/include/autoware_common_msgs/msg
[38.702s] -- Installing: /root/r2ware/install/autoware_common_msgs/include/autoware_common_msgs/msg/rosidl_typesupport_introspection_c__visibility_control.h
[38.702s] -- Up-to-date: /root/r2ware/install/autoware_common_msgs/include/autoware_common_msgs/msg/detail
[38.703s] -- Installing: /root/r2ware/install/autoware_common_msgs/include/autoware_common_msgs/msg/detail/response_status__type_support.c
[38.703s] -- Installing: /root/r2ware/install/autoware_common_msgs/include/autoware_common_msgs/msg/detail/response_status__rosidl_typesupport_introspection_c.h
[38.703s] -- Installing: /root/r2ware/install/autoware_common_msgs/lib/libautoware_common_msgs__rosidl_typesupport_introspection_c.so
[38.703s] -- Set runtime path of "/root/r2ware/install/autoware_common_msgs/lib/libautoware_common_msgs__rosidl_typesupport_introspection_c.so" to ""
[38.704s] -- Installing: /root/r2ware/install/autoware_common_msgs/lib/libautoware_common_msgs__rosidl_typesupport_c.so
[38.704s] -- Set runtime path of "/root/r2ware/install/autoware_common_msgs/lib/libautoware_common_msgs__rosidl_typesupport_c.so" to ""
[38.704s] -- Up-to-date: /root/r2ware/install/autoware_common_msgs/include/autoware_common_msgs
[38.704s] -- Up-to-date: /root/r2ware/install/autoware_common_msgs/include/autoware_common_msgs/msg
[38.704s] -- Installing: /root/r2ware/install/autoware_common_msgs/include/autoware_common_msgs/msg/response_status.hpp
[38.705s] -- Up-to-date: /root/r2ware/install/autoware_common_msgs/include/autoware_common_msgs/msg/detail
[38.705s] -- Installing: /root/r2ware/install/autoware_common_msgs/include/autoware_common_msgs/msg/detail/response_status__struct.hpp
[38.705s] -- Installing: /root/r2ware/install/autoware_common_msgs/include/autoware_common_msgs/msg/detail/response_status__builder.hpp
[38.705s] -- Installing: /root/r2ware/install/autoware_common_msgs/include/autoware_common_msgs/msg/detail/response_status__traits.hpp
[38.705s] -- Up-to-date: /root/r2ware/install/autoware_common_msgs/include/autoware_common_msgs
[38.705s] -- Up-to-date: /root/r2ware/install/autoware_common_msgs/include/autoware_common_msgs/msg
[38.705s] -- Up-to-date: /root/r2ware/install/autoware_common_msgs/include/autoware_common_msgs/msg/detail
[38.706s] -- Installing: /root/r2ware/install/autoware_common_msgs/include/autoware_common_msgs/msg/detail/response_status__type_support.cpp
[38.706s] -- Installing: /root/r2ware/install/autoware_common_msgs/include/autoware_common_msgs/msg/detail/response_status__rosidl_typesupport_introspection_cpp.hpp
[38.706s] -- Installing: /root/r2ware/install/autoware_common_msgs/lib/libautoware_common_msgs__rosidl_typesupport_introspection_cpp.so
[38.706s] -- Set runtime path of "/root/r2ware/install/autoware_common_msgs/lib/libautoware_common_msgs__rosidl_typesupport_introspection_cpp.so" to ""
[38.706s] -- Installing: /root/r2ware/install/autoware_common_msgs/lib/libautoware_common_msgs__rosidl_typesupport_cpp.so
[38.706s] -- Set runtime path of "/root/r2ware/install/autoware_common_msgs/lib/libautoware_common_msgs__rosidl_typesupport_cpp.so" to ""
[38.706s] -- Installing: /root/r2ware/install/autoware_common_msgs/share/autoware_common_msgs/environment/pythonpath.sh
[38.706s] -- Installing: /root/r2ware/install/autoware_common_msgs/share/autoware_common_msgs/environment/pythonpath.dsv
[38.706s] -- Installing: /root/r2ware/install/autoware_common_msgs/lib/python3.8/site-packages/autoware_common_msgs/__init__.py
[38.707s] Compiling '/root/r2ware/install/autoware_common_msgs/lib/python3.8/site-packages/autoware_common_msgs/__init__.py'...
[38.707s] -- Installing: /root/r2ware/install/autoware_common_msgs/lib/python3.8/site-packages/autoware_common_msgs/msg
[38.707s] -- Installing: /root/r2ware/install/autoware_common_msgs/lib/python3.8/site-packages/autoware_common_msgs/msg/__init__.py
[38.707s] -- Installing: /root/r2ware/install/autoware_common_msgs/lib/python3.8/site-packages/autoware_common_msgs/msg/_response_status_s.c
[38.707s] -- Installing: /root/r2ware/install/autoware_common_msgs/lib/python3.8/site-packages/autoware_common_msgs/msg/_response_status.py
[38.708s] -- Installing: /root/r2ware/install/autoware_common_msgs/lib/python3.8/site-packages/autoware_common_msgs/autoware_common_msgs_s__rosidl_typesupport_fastrtps_c.cpython-38-aarch64-linux-gnu.so
[38.708s] -- Set runtime path of "/root/r2ware/install/autoware_common_msgs/lib/python3.8/site-packages/autoware_common_msgs/autoware_common_msgs_s__rosidl_typesupport_fastrtps_c.cpython-38-aarch64-linux-gnu.so" to ""
[38.708s] -- Installing: /root/r2ware/install/autoware_common_msgs/lib/python3.8/site-packages/autoware_common_msgs/autoware_common_msgs_s__rosidl_typesupport_introspection_c.cpython-38-aarch64-linux-gnu.so
[38.708s] -- Set runtime path of "/root/r2ware/install/autoware_common_msgs/lib/python3.8/site-packages/autoware_common_msgs/autoware_common_msgs_s__rosidl_typesupport_introspection_c.cpython-38-aarch64-linux-gnu.so" to ""
[38.708s] -- Installing: /root/r2ware/install/autoware_common_msgs/lib/python3.8/site-packages/autoware_common_msgs/autoware_common_msgs_s__rosidl_typesupport_c.cpython-38-aarch64-linux-gnu.so
[38.708s] -- Set runtime path of "/root/r2ware/install/autoware_common_msgs/lib/python3.8/site-packages/autoware_common_msgs/autoware_common_msgs_s__rosidl_typesupport_c.cpython-38-aarch64-linux-gnu.so" to ""
[38.709s] -- Installing: /root/r2ware/install/autoware_common_msgs/lib/libautoware_common_msgs__python.so
[38.709s] -- Set runtime path of "/root/r2ware/install/autoware_common_msgs/lib/libautoware_common_msgs__python.so" to ""
[38.709s] -- Installing: /root/r2ware/install/autoware_common_msgs/share/autoware_common_msgs/msg/ResponseStatus.idl
[38.709s] -- Installing: /root/r2ware/install/autoware_common_msgs/share/autoware_common_msgs/msg/ResponseStatus.msg
[38.709s] -- Installing: /root/r2ware/install/autoware_common_msgs/share/ament_index/resource_index/package_run_dependencies/autoware_common_msgs
[38.709s] -- Installing: /root/r2ware/install/autoware_common_msgs/share/ament_index/resource_index/parent_prefix_path/autoware_common_msgs
[38.709s] -- Installing: /root/r2ware/install/autoware_common_msgs/share/autoware_common_msgs/environment/ament_prefix_path.sh
[38.709s] -- Installing: /root/r2ware/install/autoware_common_msgs/share/autoware_common_msgs/environment/ament_prefix_path.dsv
[38.710s] -- Installing: /root/r2ware/install/autoware_common_msgs/share/autoware_common_msgs/environment/path.sh
[38.710s] -- Installing: /root/r2ware/install/autoware_common_msgs/share/autoware_common_msgs/environment/path.dsv
[38.710s] -- Installing: /root/r2ware/install/autoware_common_msgs/share/autoware_common_msgs/local_setup.bash
[38.710s] -- Installing: /root/r2ware/install/autoware_common_msgs/share/autoware_common_msgs/local_setup.sh
[38.710s] -- Installing: /root/r2ware/install/autoware_common_msgs/share/autoware_common_msgs/local_setup.zsh
[38.710s] -- Installing: /root/r2ware/install/autoware_common_msgs/share/autoware_common_msgs/local_setup.dsv
[38.710s] -- Installing: /root/r2ware/install/autoware_common_msgs/share/autoware_common_msgs/package.dsv
[38.710s] -- Installing: /root/r2ware/install/autoware_common_msgs/share/ament_index/resource_index/packages/autoware_common_msgs
[38.710s] -- Installing: /root/r2ware/install/autoware_common_msgs/share/autoware_common_msgs/cmake/autoware_common_msgs__rosidl_generator_cExport.cmake
[38.711s] -- Installing: /root/r2ware/install/autoware_common_msgs/share/autoware_common_msgs/cmake/autoware_common_msgs__rosidl_generator_cExport-noconfig.cmake
[38.711s] -- Installing: /root/r2ware/install/autoware_common_msgs/share/autoware_common_msgs/cmake/autoware_common_msgs__rosidl_typesupport_introspection_cExport.cmake
[38.711s] -- Installing: /root/r2ware/install/autoware_common_msgs/share/autoware_common_msgs/cmake/autoware_common_msgs__rosidl_typesupport_introspection_cExport-noconfig.cmake
[38.711s] -- Installing: /root/r2ware/install/autoware_common_msgs/share/autoware_common_msgs/cmake/autoware_common_msgs__rosidl_typesupport_cExport.cmake
[38.711s] -- Installing: /root/r2ware/install/autoware_common_msgs/share/autoware_common_msgs/cmake/autoware_common_msgs__rosidl_typesupport_cExport-noconfig.cmake
[38.711s] -- Installing: /root/r2ware/install/autoware_common_msgs/share/autoware_common_msgs/cmake/autoware_common_msgs__rosidl_generator_cppExport.cmake
[38.711s] -- Installing: /root/r2ware/install/autoware_common_msgs/share/autoware_common_msgs/cmake/autoware_common_msgs__rosidl_typesupport_introspection_cppExport.cmake
[38.711s] -- Installing: /root/r2ware/install/autoware_common_msgs/share/autoware_common_msgs/cmake/autoware_common_msgs__rosidl_typesupport_introspection_cppExport-noconfig.cmake
[38.711s] -- Installing: /root/r2ware/install/autoware_common_msgs/share/autoware_common_msgs/cmake/autoware_common_msgs__rosidl_typesupport_cppExport.cmake
[38.712s] -- Installing: /root/r2ware/install/autoware_common_msgs/share/autoware_common_msgs/cmake/autoware_common_msgs__rosidl_typesupport_cppExport-noconfig.cmake
[38.712s] -- Installing: /root/r2ware/install/autoware_common_msgs/share/autoware_common_msgs/cmake/rosidl_cmake-extras.cmake
[38.712s] -- Installing: /root/r2ware/install/autoware_common_msgs/share/autoware_common_msgs/cmake/ament_cmake_export_dependencies-extras.cmake
[38.712s] -- Installing: /root/r2ware/install/autoware_common_msgs/share/autoware_common_msgs/cmake/ament_cmake_export_libraries-extras.cmake
[38.712s] -- Installing: /root/r2ware/install/autoware_common_msgs/share/autoware_common_msgs/cmake/ament_cmake_export_targets-extras.cmake
[38.712s] -- Installing: /root/r2ware/install/autoware_common_msgs/share/autoware_common_msgs/cmake/ament_cmake_export_include_directories-extras.cmake
[38.712s] -- Installing: /root/r2ware/install/autoware_common_msgs/share/autoware_common_msgs/cmake/rosidl_cmake_export_typesupport_libraries-extras.cmake
[38.713s] -- Installing: /root/r2ware/install/autoware_common_msgs/share/autoware_common_msgs/cmake/rosidl_cmake_export_typesupport_targets-extras.cmake
[38.713s] -- Installing: /root/r2ware/install/autoware_common_msgs/share/autoware_common_msgs/cmake/autoware_common_msgsConfig.cmake
[38.713s] -- Installing: /root/r2ware/install/autoware_common_msgs/share/autoware_common_msgs/cmake/autoware_common_msgsConfig-version.cmake
[38.713s] -- Installing: /root/r2ware/install/autoware_common_msgs/share/autoware_common_msgs/package.xml
[38.773s] Invoked command in '/root/r2ware/build/autoware_common_msgs' returned '0': CMAKE_PREFIX_PATH=${CMAKE_PREFIX_PATH}:/root/yahboomcar_ros2_ws/yahboomcar_ws/install/yahboomcar_voice_ctrl:/root/yahboomcar_ros2_ws/yahboomcar_ws/install/yahboomcar_visual:/root/yahboomcar_ros2_ws/yahboomcar_ws/install/yahboomcar_nav:/root/yahboomcar_ros2_ws/yahboomcar_ws/install/yahboomcar_multi:/root/yahboomcar_ros2_ws/yahboomcar_ws/install/yahboomcar_mediapipe:/root/yahboomcar_ros2_ws/yahboomcar_ws/install/yahboomcar_linefollow:/root/yahboomcar_ros2_ws/yahboomcar_ws/install/yahboomcar_laser:/root/yahboomcar_ros2_ws/yahboomcar_ws/install/yahboomcar_description_x1:/root/yahboomcar_ros2_ws/yahboomcar_ws/install/yahboomcar_description:/root/yahboomcar_ros2_ws/yahboomcar_ws/install/yahboomcar_ctrl:/root/yahboomcar_ros2_ws/yahboomcar_ws/install/yahboomcar_bringup:/root/yahboomcar_ros2_ws/yahboomcar_ws/install/yahboomcar_astra:/root/yahboomcar_ros2_ws/yahboomcar_ws/install/yahboom_app_save_map:/root/yahboomcar_ros2_ws/yahboomcar_ws/install/robot_pose_publisher:/root/yahboomcar_ros2_ws/yahboomcar_ws/install/laserscan_to_point_pulisher:/opt/ros/foxy /usr/bin/cmake --install /root/r2ware/build/autoware_common_msgs
