-- The C compiler identification is GNU 9.4.0
-- The CXX compiler identification is GNU 9.4.0
-- Check for working C compiler: /usr/bin/cc
-- Check for working C compiler: /usr/bin/cc -- works
-- Detecting C compiler ABI info
-- Detecting C compiler ABI info - done
-- Detecting C compile features
-- Detecting C compile features - done
-- Check for working CXX compiler: /usr/bin/c++
-- Check for working CXX compiler: /usr/bin/c++ -- works
-- Detecting CXX compiler ABI info
-- Detecting CXX compiler ABI info - done
-- Detecting CXX compile features
-- Detecting CXX compile features - done
-- Found ament_cmake_auto: 0.9.11 (/opt/ros/foxy/share/ament_cmake_auto/cmake)
-- Found PythonInterp: /usr/bin/python3 (found suitable version "3.8.10", minimum required is "3") 
-- Using PYTHON_EXECUTABLE: /usr/bin/python3
-- Using all available rosidl_typesupport_c: rosidl_typesupport_fastrtps_c;rosidl_typesupport_introspection_c
-- Found rosidl_adapter: 1.3.0 (/opt/ros/foxy/share/rosidl_adapter/cmake)
-- Found OpenSSL: /usr/lib/aarch64-linux-gnu/libcrypto.so (found version "1.1.1f")  
-- Found FastRTPS: /opt/ros/foxy/include  
-- Using all available rosidl_typesupport_cpp: rosidl_typesupport_fastrtps_cpp;rosidl_typesupport_introspection_cpp
-- Found PythonInterp: /usr/bin/python3 (found version "3.8.10") 
-- Found ament_cmake_ros: 0.9.2 (/opt/ros/foxy/share/ament_cmake_ros/cmake)
-- Using all available rosidl_typesupport_c: rosidl_typesupport_fastrtps_c;rosidl_typesupport_introspection_c
-- Using all available rosidl_typesupport_cpp: rosidl_typesupport_fastrtps_cpp;rosidl_typesupport_introspection_cpp
-- Found PythonInterp: /usr/bin/python3 (found suitable version "3.8.10", minimum required is "3.5") 
-- Found python_cmake_module: 0.8.1 (/opt/ros/foxy/share/python_cmake_module/cmake)
-- Found PythonLibs: /usr/lib/aarch64-linux-gnu/libpython3.8.so (found suitable version "3.8.10", minimum required is "3.5") 
-- Using PYTHON_EXECUTABLE: /usr/bin/python3
-- Using PYTHON_INCLUDE_DIRS: /usr/include/python3.8
-- Using PYTHON_LIBRARIES: /usr/lib/aarch64-linux-gnu/libpython3.8.so
-- Found PythonExtra: .so  
-- Configuring done
-- Generating done
-- Build files have been written to: /root/r2ware/build/autoware_perception_msgs
[35m[1mScanning dependencies of target autoware_perception_msgs__cpp[0m
[  1%] [34m[1mGenerating C++ code for ROS interfaces[0m
[  1%] Built target autoware_perception_msgs__cpp
[  2%] [34m[1mGenerating C code for ROS interfaces[0m
[35m[1mScanning dependencies of target autoware_perception_msgs__rosidl_generator_c[0m
[  3%] [32mBuilding C object CMakeFiles/autoware_perception_msgs__rosidl_generator_c.dir/rosidl_generator_c/autoware_perception_msgs/msg/detail/object_classification__functions.c.o[0m
[  4%] [32mBuilding C object CMakeFiles/autoware_perception_msgs__rosidl_generator_c.dir/rosidl_generator_c/autoware_perception_msgs/msg/detail/predicted_path__functions.c.o[0m
[  5%] [32mBuilding C object CMakeFiles/autoware_perception_msgs__rosidl_generator_c.dir/rosidl_generator_c/autoware_perception_msgs/msg/detail/shape__functions.c.o[0m
[  6%] [32mBuilding C object CMakeFiles/autoware_perception_msgs__rosidl_generator_c.dir/rosidl_generator_c/autoware_perception_msgs/msg/detail/traffic_signal_element__functions.c.o[0m
[  7%] [32mBuilding C object CMakeFiles/autoware_perception_msgs__rosidl_generator_c.dir/rosidl_generator_c/autoware_perception_msgs/msg/detail/traffic_signal__functions.c.o[0m
[  8%] [32mBuilding C object CMakeFiles/autoware_perception_msgs__rosidl_generator_c.dir/rosidl_generator_c/autoware_perception_msgs/msg/detail/traffic_signal_array__functions.c.o[0m
[  9%] [32mBuilding C object CMakeFiles/autoware_perception_msgs__rosidl_generator_c.dir/rosidl_generator_c/autoware_perception_msgs/msg/detail/predicted_objects__functions.c.o[0m
[ 10%] [32mBuilding C object CMakeFiles/autoware_perception_msgs__rosidl_generator_c.dir/rosidl_generator_c/autoware_perception_msgs/msg/detail/predicted_object_kinematics__functions.c.o[0m
[ 11%] [32mBuilding C object CMakeFiles/autoware_perception_msgs__rosidl_generator_c.dir/rosidl_generator_c/autoware_perception_msgs/msg/detail/predicted_object__functions.c.o[0m
[ 12%] [32m[1mLinking C shared library libautoware_perception_msgs__rosidl_generator_c.so[0m
[ 12%] Built target autoware_perception_msgs__rosidl_generator_c
[ 13%] [34m[1mGenerating C++ type support dispatch for ROS interfaces[0m
[35m[1mScanning dependencies of target autoware_perception_msgs__rosidl_typesupport_cpp[0m
[ 14%] [32mBuilding CXX object CMakeFiles/autoware_perception_msgs__rosidl_typesupport_cpp.dir/rosidl_typesupport_cpp/autoware_perception_msgs/msg/object_classification__type_support.cpp.o[0m
[ 15%] [32mBuilding CXX object CMakeFiles/autoware_perception_msgs__rosidl_typesupport_cpp.dir/rosidl_typesupport_cpp/autoware_perception_msgs/msg/predicted_objects__type_support.cpp.o[0m
[ 16%] [32mBuilding CXX object CMakeFiles/autoware_perception_msgs__rosidl_typesupport_cpp.dir/rosidl_typesupport_cpp/autoware_perception_msgs/msg/predicted_path__type_support.cpp.o[0m
[ 17%] [32mBuilding CXX object CMakeFiles/autoware_perception_msgs__rosidl_typesupport_cpp.dir/rosidl_typesupport_cpp/autoware_perception_msgs/msg/shape__type_support.cpp.o[0m
[ 18%] [32mBuilding CXX object CMakeFiles/autoware_perception_msgs__rosidl_typesupport_cpp.dir/rosidl_typesupport_cpp/autoware_perception_msgs/msg/traffic_signal_element__type_support.cpp.o[0m
[ 20%] [32mBuilding CXX object CMakeFiles/autoware_perception_msgs__rosidl_typesupport_cpp.dir/rosidl_typesupport_cpp/autoware_perception_msgs/msg/traffic_signal__type_support.cpp.o[0m
[ 21%] [32mBuilding CXX object CMakeFiles/autoware_perception_msgs__rosidl_typesupport_cpp.dir/rosidl_typesupport_cpp/autoware_perception_msgs/msg/traffic_signal_array__type_support.cpp.o[0m
[ 22%] [32mBuilding CXX object CMakeFiles/autoware_perception_msgs__rosidl_typesupport_cpp.dir/rosidl_typesupport_cpp/autoware_perception_msgs/msg/predicted_object_kinematics__type_support.cpp.o[0m
[ 23%] [32mBuilding CXX object CMakeFiles/autoware_perception_msgs__rosidl_typesupport_cpp.dir/rosidl_typesupport_cpp/autoware_perception_msgs/msg/predicted_object__type_support.cpp.o[0m
[ 24%] [32m[1mLinking CXX shared library libautoware_perception_msgs__rosidl_typesupport_cpp.so[0m
[ 24%] Built target autoware_perception_msgs__rosidl_typesupport_cpp
[ 25%] [34m[1mGenerating C type support dispatch for ROS interfaces[0m
[35m[1mScanning dependencies of target autoware_perception_msgs__rosidl_typesupport_c[0m
[ 26%] [32mBuilding CXX object CMakeFiles/autoware_perception_msgs__rosidl_typesupport_c.dir/rosidl_typesupport_c/autoware_perception_msgs/msg/object_classification__type_support.cpp.o[0m
[ 27%] [32mBuilding CXX object CMakeFiles/autoware_perception_msgs__rosidl_typesupport_c.dir/rosidl_typesupport_c/autoware_perception_msgs/msg/predicted_path__type_support.cpp.o[0m
[ 28%] [32mBuilding CXX object CMakeFiles/autoware_perception_msgs__rosidl_typesupport_c.dir/rosidl_typesupport_c/autoware_perception_msgs/msg/shape__type_support.cpp.o[0m
[ 29%] [32mBuilding CXX object CMakeFiles/autoware_perception_msgs__rosidl_typesupport_c.dir/rosidl_typesupport_c/autoware_perception_msgs/msg/traffic_signal_element__type_support.cpp.o[0m
[ 30%] [32mBuilding CXX object CMakeFiles/autoware_perception_msgs__rosidl_typesupport_c.dir/rosidl_typesupport_c/autoware_perception_msgs/msg/traffic_signal__type_support.cpp.o[0m
[ 31%] [32mBuilding CXX object CMakeFiles/autoware_perception_msgs__rosidl_typesupport_c.dir/rosidl_typesupport_c/autoware_perception_msgs/msg/traffic_signal_array__type_support.cpp.o[0m
[ 32%] [32mBuilding CXX object CMakeFiles/autoware_perception_msgs__rosidl_typesupport_c.dir/rosidl_typesupport_c/autoware_perception_msgs/msg/predicted_objects__type_support.cpp.o[0m
[ 33%] [32mBuilding CXX object CMakeFiles/autoware_perception_msgs__rosidl_typesupport_c.dir/rosidl_typesupport_c/autoware_perception_msgs/msg/predicted_object_kinematics__type_support.cpp.o[0m
[ 34%] [32mBuilding CXX object CMakeFiles/autoware_perception_msgs__rosidl_typesupport_c.dir/rosidl_typesupport_c/autoware_perception_msgs/msg/predicted_object__type_support.cpp.o[0m
[ 35%] [32m[1mLinking CXX shared library libautoware_perception_msgs__rosidl_typesupport_c.so[0m
[ 35%] Built target autoware_perception_msgs__rosidl_typesupport_c
[ 36%] [34m[1mGenerating C introspection for ROS interfaces[0m
[35m[1mScanning dependencies of target autoware_perception_msgs__rosidl_typesupport_introspection_c[0m
[ 37%] [32mBuilding C object CMakeFiles/autoware_perception_msgs__rosidl_typesupport_introspection_c.dir/rosidl_typesupport_introspection_c/autoware_perception_msgs/msg/detail/object_classification__type_support.c.o[0m
[ 38%] [32mBuilding C object CMakeFiles/autoware_perception_msgs__rosidl_typesupport_introspection_c.dir/rosidl_typesupport_introspection_c/autoware_perception_msgs/msg/detail/shape__type_support.c.o[0m
[ 40%] [32mBuilding C object CMakeFiles/autoware_perception_msgs__rosidl_typesupport_introspection_c.dir/rosidl_typesupport_introspection_c/autoware_perception_msgs/msg/detail/traffic_signal_element__type_support.c.o[0m
[ 41%] [32mBuilding C object CMakeFiles/autoware_perception_msgs__rosidl_typesupport_introspection_c.dir/rosidl_typesupport_introspection_c/autoware_perception_msgs/msg/detail/traffic_signal__type_support.c.o[0m
[ 42%] [32mBuilding C object CMakeFiles/autoware_perception_msgs__rosidl_typesupport_introspection_c.dir/rosidl_typesupport_introspection_c/autoware_perception_msgs/msg/detail/traffic_signal_array__type_support.c.o[0m
[ 43%] [32mBuilding C object CMakeFiles/autoware_perception_msgs__rosidl_typesupport_introspection_c.dir/rosidl_typesupport_introspection_c/autoware_perception_msgs/msg/detail/predicted_path__type_support.c.o[0m
[ 44%] [32mBuilding C object CMakeFiles/autoware_perception_msgs__rosidl_typesupport_introspection_c.dir/rosidl_typesupport_introspection_c/autoware_perception_msgs/msg/detail/predicted_objects__type_support.c.o[0m
[ 45%] [32mBuilding C object CMakeFiles/autoware_perception_msgs__rosidl_typesupport_introspection_c.dir/rosidl_typesupport_introspection_c/autoware_perception_msgs/msg/detail/predicted_object_kinematics__type_support.c.o[0m
[ 46%] [32mBuilding C object CMakeFiles/autoware_perception_msgs__rosidl_typesupport_introspection_c.dir/rosidl_typesupport_introspection_c/autoware_perception_msgs/msg/detail/predicted_object__type_support.c.o[0m
[ 47%] [32m[1mLinking C shared library libautoware_perception_msgs__rosidl_typesupport_introspection_c.so[0m
[ 47%] Built target autoware_perception_msgs__rosidl_typesupport_introspection_c
[ 48%] [34m[1mGenerating C++ type support for eProsima Fast-RTPS[0m
[35m[1mScanning dependencies of target autoware_perception_msgs__rosidl_typesupport_fastrtps_cpp[0m
[ 49%] [32mBuilding CXX object CMakeFiles/autoware_perception_msgs__rosidl_typesupport_fastrtps_cpp.dir/rosidl_typesupport_fastrtps_cpp/autoware_perception_msgs/msg/detail/dds_fastrtps/object_classification__type_support.cpp.o[0m
[ 50%] [32mBuilding CXX object CMakeFiles/autoware_perception_msgs__rosidl_typesupport_fastrtps_cpp.dir/rosidl_typesupport_fastrtps_cpp/autoware_perception_msgs/msg/detail/dds_fastrtps/traffic_signal_element__type_support.cpp.o[0m
[ 51%] [32mBuilding CXX object CMakeFiles/autoware_perception_msgs__rosidl_typesupport_fastrtps_cpp.dir/rosidl_typesupport_fastrtps_cpp/autoware_perception_msgs/msg/detail/dds_fastrtps/traffic_signal__type_support.cpp.o[0m
[ 52%] [32mBuilding CXX object CMakeFiles/autoware_perception_msgs__rosidl_typesupport_fastrtps_cpp.dir/rosidl_typesupport_fastrtps_cpp/autoware_perception_msgs/msg/detail/dds_fastrtps/traffic_signal_array__type_support.cpp.o[0m
[ 53%] [32mBuilding CXX object CMakeFiles/autoware_perception_msgs__rosidl_typesupport_fastrtps_cpp.dir/rosidl_typesupport_fastrtps_cpp/autoware_perception_msgs/msg/detail/dds_fastrtps/shape__type_support.cpp.o[0m
[ 54%] [32mBuilding CXX object CMakeFiles/autoware_perception_msgs__rosidl_typesupport_fastrtps_cpp.dir/rosidl_typesupport_fastrtps_cpp/autoware_perception_msgs/msg/detail/dds_fastrtps/predicted_path__type_support.cpp.o[0m
[ 55%] [32mBuilding CXX object CMakeFiles/autoware_perception_msgs__rosidl_typesupport_fastrtps_cpp.dir/rosidl_typesupport_fastrtps_cpp/autoware_perception_msgs/msg/detail/dds_fastrtps/predicted_objects__type_support.cpp.o[0m
[ 56%] [32mBuilding CXX object CMakeFiles/autoware_perception_msgs__rosidl_typesupport_fastrtps_cpp.dir/rosidl_typesupport_fastrtps_cpp/autoware_perception_msgs/msg/detail/dds_fastrtps/predicted_object_kinematics__type_support.cpp.o[0m
[ 57%] [32mBuilding CXX object CMakeFiles/autoware_perception_msgs__rosidl_typesupport_fastrtps_cpp.dir/rosidl_typesupport_fastrtps_cpp/autoware_perception_msgs/msg/detail/dds_fastrtps/predicted_object__type_support.cpp.o[0m
[ 58%] [32m[1mLinking CXX shared library libautoware_perception_msgs__rosidl_typesupport_fastrtps_cpp.so[0m
[ 58%] Built target autoware_perception_msgs__rosidl_typesupport_fastrtps_cpp
[ 60%] [34m[1mGenerating C++ introspection for ROS interfaces[0m
[35m[1mScanning dependencies of target autoware_perception_msgs__rosidl_typesupport_introspection_cpp[0m
[ 61%] [32mBuilding CXX object CMakeFiles/autoware_perception_msgs__rosidl_typesupport_introspection_cpp.dir/rosidl_typesupport_introspection_cpp/autoware_perception_msgs/msg/detail/object_classification__type_support.cpp.o[0m
[ 62%] [32mBuilding CXX object CMakeFiles/autoware_perception_msgs__rosidl_typesupport_introspection_cpp.dir/rosidl_typesupport_introspection_cpp/autoware_perception_msgs/msg/detail/traffic_signal_element__type_support.cpp.o[0m
[ 63%] [32mBuilding CXX object CMakeFiles/autoware_perception_msgs__rosidl_typesupport_introspection_cpp.dir/rosidl_typesupport_introspection_cpp/autoware_perception_msgs/msg/detail/traffic_signal__type_support.cpp.o[0m
[ 64%] [32mBuilding CXX object CMakeFiles/autoware_perception_msgs__rosidl_typesupport_introspection_cpp.dir/rosidl_typesupport_introspection_cpp/autoware_perception_msgs/msg/detail/traffic_signal_array__type_support.cpp.o[0m
[ 65%] [32mBuilding CXX object CMakeFiles/autoware_perception_msgs__rosidl_typesupport_introspection_cpp.dir/rosidl_typesupport_introspection_cpp/autoware_perception_msgs/msg/detail/shape__type_support.cpp.o[0m
[ 66%] [32mBuilding CXX object CMakeFiles/autoware_perception_msgs__rosidl_typesupport_introspection_cpp.dir/rosidl_typesupport_introspection_cpp/autoware_perception_msgs/msg/detail/predicted_path__type_support.cpp.o[0m
[ 67%] [32mBuilding CXX object CMakeFiles/autoware_perception_msgs__rosidl_typesupport_introspection_cpp.dir/rosidl_typesupport_introspection_cpp/autoware_perception_msgs/msg/detail/predicted_objects__type_support.cpp.o[0m
[ 68%] [32mBuilding CXX object CMakeFiles/autoware_perception_msgs__rosidl_typesupport_introspection_cpp.dir/rosidl_typesupport_introspection_cpp/autoware_perception_msgs/msg/detail/predicted_object_kinematics__type_support.cpp.o[0m
[ 69%] [32mBuilding CXX object CMakeFiles/autoware_perception_msgs__rosidl_typesupport_introspection_cpp.dir/rosidl_typesupport_introspection_cpp/autoware_perception_msgs/msg/detail/predicted_object__type_support.cpp.o[0m
[ 70%] [32m[1mLinking CXX shared library libautoware_perception_msgs__rosidl_typesupport_introspection_cpp.so[0m
[ 70%] Built target autoware_perception_msgs__rosidl_typesupport_introspection_cpp
[ 71%] [34m[1mGenerating C type support for eProsima Fast-RTPS[0m
[35m[1mScanning dependencies of target autoware_perception_msgs__rosidl_typesupport_fastrtps_c[0m
[ 72%] [32mBuilding CXX object CMakeFiles/autoware_perception_msgs__rosidl_typesupport_fastrtps_c.dir/rosidl_typesupport_fastrtps_c/autoware_perception_msgs/msg/detail/object_classification__type_support_c.cpp.o[0m
[ 73%] [32mBuilding CXX object CMakeFiles/autoware_perception_msgs__rosidl_typesupport_fastrtps_c.dir/rosidl_typesupport_fastrtps_c/autoware_perception_msgs/msg/detail/traffic_signal__type_support_c.cpp.o[0m
[ 74%] [32mBuilding CXX object CMakeFiles/autoware_perception_msgs__rosidl_typesupport_fastrtps_c.dir/rosidl_typesupport_fastrtps_c/autoware_perception_msgs/msg/detail/traffic_signal_array__type_support_c.cpp.o[0m
[ 75%] [32mBuilding CXX object CMakeFiles/autoware_perception_msgs__rosidl_typesupport_fastrtps_c.dir/rosidl_typesupport_fastrtps_c/autoware_perception_msgs/msg/detail/traffic_signal_element__type_support_c.cpp.o[0m
[ 76%] [32mBuilding CXX object CMakeFiles/autoware_perception_msgs__rosidl_typesupport_fastrtps_c.dir/rosidl_typesupport_fastrtps_c/autoware_perception_msgs/msg/detail/shape__type_support_c.cpp.o[0m
[ 77%] [32mBuilding CXX object CMakeFiles/autoware_perception_msgs__rosidl_typesupport_fastrtps_c.dir/rosidl_typesupport_fastrtps_c/autoware_perception_msgs/msg/detail/predicted_path__type_support_c.cpp.o[0m
[ 78%] [32mBuilding CXX object CMakeFiles/autoware_perception_msgs__rosidl_typesupport_fastrtps_c.dir/rosidl_typesupport_fastrtps_c/autoware_perception_msgs/msg/detail/predicted_objects__type_support_c.cpp.o[0m
[ 80%] [32mBuilding CXX object CMakeFiles/autoware_perception_msgs__rosidl_typesupport_fastrtps_c.dir/rosidl_typesupport_fastrtps_c/autoware_perception_msgs/msg/detail/predicted_object_kinematics__type_support_c.cpp.o[0m
[ 81%] [32mBuilding CXX object CMakeFiles/autoware_perception_msgs__rosidl_typesupport_fastrtps_c.dir/rosidl_typesupport_fastrtps_c/autoware_perception_msgs/msg/detail/predicted_object__type_support_c.cpp.o[0m
[ 82%] [32m[1mLinking CXX shared library libautoware_perception_msgs__rosidl_typesupport_fastrtps_c.so[0m
[ 82%] Built target autoware_perception_msgs__rosidl_typesupport_fastrtps_c
[35m[1mScanning dependencies of target autoware_perception_msgs[0m
[ 82%] Built target autoware_perception_msgs
[35m[1mScanning dependencies of target autoware_perception_msgs__py[0m
[ 83%] [34m[1mGenerating Python code for ROS interfaces[0m
[ 83%] Built target autoware_perception_msgs__py
[35m[1mScanning dependencies of target autoware_perception_msgs__python[0m
[ 84%] [32mBuilding C object CMakeFiles/autoware_perception_msgs__python.dir/rosidl_generator_py/autoware_perception_msgs/msg/_object_classification_s.c.o[0m
[ 85%] [32mBuilding C object CMakeFiles/autoware_perception_msgs__python.dir/rosidl_generator_py/autoware_perception_msgs/msg/_traffic_signal_s.c.o[0m
[ 86%] [32mBuilding C object CMakeFiles/autoware_perception_msgs__python.dir/rosidl_generator_py/autoware_perception_msgs/msg/_traffic_signal_array_s.c.o[0m
[ 87%] [32mBuilding C object CMakeFiles/autoware_perception_msgs__python.dir/rosidl_generator_py/autoware_perception_msgs/msg/_traffic_signal_element_s.c.o[0m
[ 88%] [32mBuilding C object CMakeFiles/autoware_perception_msgs__python.dir/rosidl_generator_py/autoware_perception_msgs/msg/_shape_s.c.o[0m
[ 89%] [32mBuilding C object CMakeFiles/autoware_perception_msgs__python.dir/rosidl_generator_py/autoware_perception_msgs/msg/_predicted_path_s.c.o[0m
[ 90%] [32mBuilding C object CMakeFiles/autoware_perception_msgs__python.dir/rosidl_generator_py/autoware_perception_msgs/msg/_predicted_objects_s.c.o[0m
[ 91%] [32mBuilding C object CMakeFiles/autoware_perception_msgs__python.dir/rosidl_generator_py/autoware_perception_msgs/msg/_predicted_object_kinematics_s.c.o[0m
[ 92%] [32mBuilding C object CMakeFiles/autoware_perception_msgs__python.dir/rosidl_generator_py/autoware_perception_msgs/msg/_predicted_object_s.c.o[0m
[ 93%] [32m[1mLinking C shared library rosidl_generator_py/autoware_perception_msgs/libautoware_perception_msgs__python.so[0m
[ 93%] Built target autoware_perception_msgs__python
[35m[1mScanning dependencies of target autoware_perception_msgs__rosidl_typesupport_c__pyext[0m
[ 94%] [32mBuilding C object CMakeFiles/autoware_perception_msgs__rosidl_typesupport_c__pyext.dir/rosidl_generator_py/autoware_perception_msgs/_autoware_perception_msgs_s.ep.rosidl_typesupport_c.c.o[0m
[ 95%] [32m[1mLinking C shared library rosidl_generator_py/autoware_perception_msgs/autoware_perception_msgs_s__rosidl_typesupport_c.cpython-38-aarch64-linux-gnu.so[0m
[ 95%] Built target autoware_perception_msgs__rosidl_typesupport_c__pyext
[35m[1mScanning dependencies of target autoware_perception_msgs__rosidl_typesupport_fastrtps_c__pyext[0m
[ 96%] [32mBuilding C object CMakeFiles/autoware_perception_msgs__rosidl_typesupport_fastrtps_c__pyext.dir/rosidl_generator_py/autoware_perception_msgs/_autoware_perception_msgs_s.ep.rosidl_typesupport_fastrtps_c.c.o[0m
[ 97%] [32m[1mLinking CXX shared library rosidl_generator_py/autoware_perception_msgs/autoware_perception_msgs_s__rosidl_typesupport_fastrtps_c.cpython-38-aarch64-linux-gnu.so[0m
[ 97%] Built target autoware_perception_msgs__rosidl_typesupport_fastrtps_c__pyext
[35m[1mScanning dependencies of target autoware_perception_msgs__rosidl_typesupport_introspection_c__pyext[0m
[ 98%] [32mBuilding C object CMakeFiles/autoware_perception_msgs__rosidl_typesupport_introspection_c__pyext.dir/rosidl_generator_py/autoware_perception_msgs/_autoware_perception_msgs_s.ep.rosidl_typesupport_introspection_c.c.o[0m
[100%] [32m[1mLinking C shared library rosidl_generator_py/autoware_perception_msgs/autoware_perception_msgs_s__rosidl_typesupport_introspection_c.cpython-38-aarch64-linux-gnu.so[0m
[100%] Built target autoware_perception_msgs__rosidl_typesupport_introspection_c__pyext
-- Install configuration: ""
-- Installing: /root/r2ware/install/autoware_perception_msgs/share/ament_index/resource_index/rosidl_interfaces/autoware_perception_msgs
-- Installing: /root/r2ware/install/autoware_perception_msgs/include/autoware_perception_msgs
-- Installing: /root/r2ware/install/autoware_perception_msgs/include/autoware_perception_msgs/msg
-- Installing: /root/r2ware/install/autoware_perception_msgs/include/autoware_perception_msgs/msg/traffic_signal_array.h
-- Installing: /root/r2ware/install/autoware_perception_msgs/include/autoware_perception_msgs/msg/shape.h
-- Installing: /root/r2ware/install/autoware_perception_msgs/include/autoware_perception_msgs/msg/rosidl_generator_c__visibility_control.h
-- Installing: /root/r2ware/install/autoware_perception_msgs/include/autoware_perception_msgs/msg/predicted_object_kinematics.h
-- Installing: /root/r2ware/install/autoware_perception_msgs/include/autoware_perception_msgs/msg/object_classification.h
-- Installing: /root/r2ware/install/autoware_perception_msgs/include/autoware_perception_msgs/msg/predicted_objects.h
-- Installing: /root/r2ware/install/autoware_perception_msgs/include/autoware_perception_msgs/msg/predicted_path.h
-- Installing: /root/r2ware/install/autoware_perception_msgs/include/autoware_perception_msgs/msg/detail
-- Installing: /root/r2ware/install/autoware_perception_msgs/include/autoware_perception_msgs/msg/detail/predicted_path__type_support.h
-- Installing: /root/r2ware/install/autoware_perception_msgs/include/autoware_perception_msgs/msg/detail/predicted_object_kinematics__functions.c
-- Installing: /root/r2ware/install/autoware_perception_msgs/include/autoware_perception_msgs/msg/detail/predicted_object_kinematics__struct.h
-- Installing: /root/r2ware/install/autoware_perception_msgs/include/autoware_perception_msgs/msg/detail/traffic_signal__struct.h
-- Installing: /root/r2ware/install/autoware_perception_msgs/include/autoware_perception_msgs/msg/detail/object_classification__type_support.h
-- Installing: /root/r2ware/install/autoware_perception_msgs/include/autoware_perception_msgs/msg/detail/predicted_path__functions.h
-- Installing: /root/r2ware/install/autoware_perception_msgs/include/autoware_perception_msgs/msg/detail/predicted_object_kinematics__functions.h
-- Installing: /root/r2ware/install/autoware_perception_msgs/include/autoware_perception_msgs/msg/detail/object_classification__struct.h
-- Installing: /root/r2ware/install/autoware_perception_msgs/include/autoware_perception_msgs/msg/detail/traffic_signal_element__type_support.h
-- Installing: /root/r2ware/install/autoware_perception_msgs/include/autoware_perception_msgs/msg/detail/traffic_signal__type_support.h
-- Installing: /root/r2ware/install/autoware_perception_msgs/include/autoware_perception_msgs/msg/detail/traffic_signal__functions.c
-- Installing: /root/r2ware/install/autoware_perception_msgs/include/autoware_perception_msgs/msg/detail/traffic_signal_element__struct.h
-- Installing: /root/r2ware/install/autoware_perception_msgs/include/autoware_perception_msgs/msg/detail/predicted_object__functions.h
-- Installing: /root/r2ware/install/autoware_perception_msgs/include/autoware_perception_msgs/msg/detail/object_classification__functions.h
-- Installing: /root/r2ware/install/autoware_perception_msgs/include/autoware_perception_msgs/msg/detail/shape__struct.h
-- Installing: /root/r2ware/install/autoware_perception_msgs/include/autoware_perception_msgs/msg/detail/shape__functions.h
-- Installing: /root/r2ware/install/autoware_perception_msgs/include/autoware_perception_msgs/msg/detail/traffic_signal_array__functions.c
-- Installing: /root/r2ware/install/autoware_perception_msgs/include/autoware_perception_msgs/msg/detail/shape__type_support.h
-- Installing: /root/r2ware/install/autoware_perception_msgs/include/autoware_perception_msgs/msg/detail/shape__functions.c
-- Installing: /root/r2ware/install/autoware_perception_msgs/include/autoware_perception_msgs/msg/detail/predicted_objects__struct.h
-- Installing: /root/r2ware/install/autoware_perception_msgs/include/autoware_perception_msgs/msg/detail/predicted_objects__functions.h
-- Installing: /root/r2ware/install/autoware_perception_msgs/include/autoware_perception_msgs/msg/detail/predicted_object__struct.h
-- Installing: /root/r2ware/install/autoware_perception_msgs/include/autoware_perception_msgs/msg/detail/predicted_object_kinematics__type_support.h
-- Installing: /root/r2ware/install/autoware_perception_msgs/include/autoware_perception_msgs/msg/detail/predicted_path__struct.h
-- Installing: /root/r2ware/install/autoware_perception_msgs/include/autoware_perception_msgs/msg/detail/predicted_objects__functions.c
-- Installing: /root/r2ware/install/autoware_perception_msgs/include/autoware_perception_msgs/msg/detail/traffic_signal_array__functions.h
-- Installing: /root/r2ware/install/autoware_perception_msgs/include/autoware_perception_msgs/msg/detail/predicted_objects__type_support.h
-- Installing: /root/r2ware/install/autoware_perception_msgs/include/autoware_perception_msgs/msg/detail/predicted_object__functions.c
-- Installing: /root/r2ware/install/autoware_perception_msgs/include/autoware_perception_msgs/msg/detail/traffic_signal_element__functions.h
-- Installing: /root/r2ware/install/autoware_perception_msgs/include/autoware_perception_msgs/msg/detail/traffic_signal_element__functions.c
-- Installing: /root/r2ware/install/autoware_perception_msgs/include/autoware_perception_msgs/msg/detail/predicted_object__type_support.h
-- Installing: /root/r2ware/install/autoware_perception_msgs/include/autoware_perception_msgs/msg/detail/object_classification__functions.c
-- Installing: /root/r2ware/install/autoware_perception_msgs/include/autoware_perception_msgs/msg/detail/predicted_path__functions.c
-- Installing: /root/r2ware/install/autoware_perception_msgs/include/autoware_perception_msgs/msg/detail/traffic_signal_array__struct.h
-- Installing: /root/r2ware/install/autoware_perception_msgs/include/autoware_perception_msgs/msg/detail/traffic_signal__functions.h
-- Installing: /root/r2ware/install/autoware_perception_msgs/include/autoware_perception_msgs/msg/detail/traffic_signal_array__type_support.h
-- Installing: /root/r2ware/install/autoware_perception_msgs/include/autoware_perception_msgs/msg/predicted_object.h
-- Installing: /root/r2ware/install/autoware_perception_msgs/include/autoware_perception_msgs/msg/traffic_signal.h
-- Installing: /root/r2ware/install/autoware_perception_msgs/include/autoware_perception_msgs/msg/traffic_signal_element.h
-- Installing: /root/r2ware/install/autoware_perception_msgs/share/autoware_perception_msgs/environment/library_path.sh
-- Installing: /root/r2ware/install/autoware_perception_msgs/share/autoware_perception_msgs/environment/library_path.dsv
-- Installing: /root/r2ware/install/autoware_perception_msgs/lib/libautoware_perception_msgs__rosidl_generator_c.so
-- Set runtime path of "/root/r2ware/install/autoware_perception_msgs/lib/libautoware_perception_msgs__rosidl_generator_c.so" to ""
-- Up-to-date: /root/r2ware/install/autoware_perception_msgs/include/autoware_perception_msgs
-- Up-to-date: /root/r2ware/install/autoware_perception_msgs/include/autoware_perception_msgs/msg
-- Installing: /root/r2ware/install/autoware_perception_msgs/include/autoware_perception_msgs/msg/rosidl_typesupport_fastrtps_c__visibility_control.h
-- Up-to-date: /root/r2ware/install/autoware_perception_msgs/include/autoware_perception_msgs/msg/detail
-- Installing: /root/r2ware/install/autoware_perception_msgs/include/autoware_perception_msgs/msg/detail/traffic_signal_array__rosidl_typesupport_fastrtps_c.h
-- Installing: /root/r2ware/install/autoware_perception_msgs/include/autoware_perception_msgs/msg/detail/traffic_signal_element__rosidl_typesupport_fastrtps_c.h
-- Installing: /root/r2ware/install/autoware_perception_msgs/include/autoware_perception_msgs/msg/detail/predicted_path__rosidl_typesupport_fastrtps_c.h
-- Installing: /root/r2ware/install/autoware_perception_msgs/include/autoware_perception_msgs/msg/detail/predicted_object__rosidl_typesupport_fastrtps_c.h
-- Installing: /root/r2ware/install/autoware_perception_msgs/include/autoware_perception_msgs/msg/detail/object_classification__rosidl_typesupport_fastrtps_c.h
-- Installing: /root/r2ware/install/autoware_perception_msgs/include/autoware_perception_msgs/msg/detail/predicted_objects__rosidl_typesupport_fastrtps_c.h
-- Installing: /root/r2ware/install/autoware_perception_msgs/include/autoware_perception_msgs/msg/detail/shape__rosidl_typesupport_fastrtps_c.h
-- Installing: /root/r2ware/install/autoware_perception_msgs/include/autoware_perception_msgs/msg/detail/traffic_signal__rosidl_typesupport_fastrtps_c.h
-- Installing: /root/r2ware/install/autoware_perception_msgs/include/autoware_perception_msgs/msg/detail/predicted_object_kinematics__rosidl_typesupport_fastrtps_c.h
-- Installing: /root/r2ware/install/autoware_perception_msgs/lib/libautoware_perception_msgs__rosidl_typesupport_fastrtps_c.so
-- Set runtime path of "/root/r2ware/install/autoware_perception_msgs/lib/libautoware_perception_msgs__rosidl_typesupport_fastrtps_c.so" to ""
-- Up-to-date: /root/r2ware/install/autoware_perception_msgs/include/autoware_perception_msgs
-- Up-to-date: /root/r2ware/install/autoware_perception_msgs/include/autoware_perception_msgs/msg
-- Installing: /root/r2ware/install/autoware_perception_msgs/include/autoware_perception_msgs/msg/rosidl_typesupport_fastrtps_cpp__visibility_control.h
-- Up-to-date: /root/r2ware/install/autoware_perception_msgs/include/autoware_perception_msgs/msg/detail
-- Installing: /root/r2ware/install/autoware_perception_msgs/include/autoware_perception_msgs/msg/detail/predicted_object_kinematics__rosidl_typesupport_fastrtps_cpp.hpp
-- Installing: /root/r2ware/install/autoware_perception_msgs/include/autoware_perception_msgs/msg/detail/traffic_signal_element__rosidl_typesupport_fastrtps_cpp.hpp
-- Installing: /root/r2ware/install/autoware_perception_msgs/include/autoware_perception_msgs/msg/detail/object_classification__rosidl_typesupport_fastrtps_cpp.hpp
-- Installing: /root/r2ware/install/autoware_perception_msgs/include/autoware_perception_msgs/msg/detail/traffic_signal_array__rosidl_typesupport_fastrtps_cpp.hpp
-- Installing: /root/r2ware/install/autoware_perception_msgs/include/autoware_perception_msgs/msg/detail/traffic_signal__rosidl_typesupport_fastrtps_cpp.hpp
-- Installing: /root/r2ware/install/autoware_perception_msgs/include/autoware_perception_msgs/msg/detail/dds_fastrtps
-- Installing: /root/r2ware/install/autoware_perception_msgs/include/autoware_perception_msgs/msg/detail/shape__rosidl_typesupport_fastrtps_cpp.hpp
-- Installing: /root/r2ware/install/autoware_perception_msgs/include/autoware_perception_msgs/msg/detail/predicted_path__rosidl_typesupport_fastrtps_cpp.hpp
-- Installing: /root/r2ware/install/autoware_perception_msgs/include/autoware_perception_msgs/msg/detail/predicted_object__rosidl_typesupport_fastrtps_cpp.hpp
-- Installing: /root/r2ware/install/autoware_perception_msgs/include/autoware_perception_msgs/msg/detail/predicted_objects__rosidl_typesupport_fastrtps_cpp.hpp
-- Installing: /root/r2ware/install/autoware_perception_msgs/lib/libautoware_perception_msgs__rosidl_typesupport_fastrtps_cpp.so
-- Set runtime path of "/root/r2ware/install/autoware_perception_msgs/lib/libautoware_perception_msgs__rosidl_typesupport_fastrtps_cpp.so" to ""
-- Up-to-date: /root/r2ware/install/autoware_perception_msgs/include/autoware_perception_msgs
-- Up-to-date: /root/r2ware/install/autoware_perception_msgs/include/autoware_perception_msgs/msg
-- Installing: /root/r2ware/install/autoware_perception_msgs/include/autoware_perception_msgs/msg/rosidl_typesupport_introspection_c__visibility_control.h
-- Up-to-date: /root/r2ware/install/autoware_perception_msgs/include/autoware_perception_msgs/msg/detail
-- Installing: /root/r2ware/install/autoware_perception_msgs/include/autoware_perception_msgs/msg/detail/traffic_signal_array__type_support.c
-- Installing: /root/r2ware/install/autoware_perception_msgs/include/autoware_perception_msgs/msg/detail/traffic_signal_array__rosidl_typesupport_introspection_c.h
-- Installing: /root/r2ware/install/autoware_perception_msgs/include/autoware_perception_msgs/msg/detail/predicted_object__type_support.c
-- Installing: /root/r2ware/install/autoware_perception_msgs/include/autoware_perception_msgs/msg/detail/predicted_path__rosidl_typesupport_introspection_c.h
-- Installing: /root/r2ware/install/autoware_perception_msgs/include/autoware_perception_msgs/msg/detail/shape__type_support.c
-- Installing: /root/r2ware/install/autoware_perception_msgs/include/autoware_perception_msgs/msg/detail/predicted_path__type_support.c
-- Installing: /root/r2ware/install/autoware_perception_msgs/include/autoware_perception_msgs/msg/detail/traffic_signal_element__rosidl_typesupport_introspection_c.h
-- Installing: /root/r2ware/install/autoware_perception_msgs/include/autoware_perception_msgs/msg/detail/predicted_object__rosidl_typesupport_introspection_c.h
-- Installing: /root/r2ware/install/autoware_perception_msgs/include/autoware_perception_msgs/msg/detail/object_classification__type_support.c
-- Installing: /root/r2ware/install/autoware_perception_msgs/include/autoware_perception_msgs/msg/detail/traffic_signal__rosidl_typesupport_introspection_c.h
-- Installing: /root/r2ware/install/autoware_perception_msgs/include/autoware_perception_msgs/msg/detail/predicted_object_kinematics__rosidl_typesupport_introspection_c.h
-- Installing: /root/r2ware/install/autoware_perception_msgs/include/autoware_perception_msgs/msg/detail/shape__rosidl_typesupport_introspection_c.h
-- Installing: /root/r2ware/install/autoware_perception_msgs/include/autoware_perception_msgs/msg/detail/predicted_objects__type_support.c
-- Installing: /root/r2ware/install/autoware_perception_msgs/include/autoware_perception_msgs/msg/detail/object_classification__rosidl_typesupport_introspection_c.h
-- Installing: /root/r2ware/install/autoware_perception_msgs/include/autoware_perception_msgs/msg/detail/traffic_signal_element__type_support.c
-- Installing: /root/r2ware/install/autoware_perception_msgs/include/autoware_perception_msgs/msg/detail/traffic_signal__type_support.c
-- Installing: /root/r2ware/install/autoware_perception_msgs/include/autoware_perception_msgs/msg/detail/predicted_object_kinematics__type_support.c
-- Installing: /root/r2ware/install/autoware_perception_msgs/include/autoware_perception_msgs/msg/detail/predicted_objects__rosidl_typesupport_introspection_c.h
-- Installing: /root/r2ware/install/autoware_perception_msgs/lib/libautoware_perception_msgs__rosidl_typesupport_introspection_c.so
-- Set runtime path of "/root/r2ware/install/autoware_perception_msgs/lib/libautoware_perception_msgs__rosidl_typesupport_introspection_c.so" to ""
-- Installing: /root/r2ware/install/autoware_perception_msgs/lib/libautoware_perception_msgs__rosidl_typesupport_c.so
-- Set runtime path of "/root/r2ware/install/autoware_perception_msgs/lib/libautoware_perception_msgs__rosidl_typesupport_c.so" to ""
-- Up-to-date: /root/r2ware/install/autoware_perception_msgs/include/autoware_perception_msgs
-- Up-to-date: /root/r2ware/install/autoware_perception_msgs/include/autoware_perception_msgs/msg
-- Installing: /root/r2ware/install/autoware_perception_msgs/include/autoware_perception_msgs/msg/traffic_signal.hpp
-- Installing: /root/r2ware/install/autoware_perception_msgs/include/autoware_perception_msgs/msg/shape.hpp
-- Installing: /root/r2ware/install/autoware_perception_msgs/include/autoware_perception_msgs/msg/object_classification.hpp
-- Installing: /root/r2ware/install/autoware_perception_msgs/include/autoware_perception_msgs/msg/traffic_signal_array.hpp
-- Installing: /root/r2ware/install/autoware_perception_msgs/include/autoware_perception_msgs/msg/traffic_signal_element.hpp
-- Installing: /root/r2ware/install/autoware_perception_msgs/include/autoware_perception_msgs/msg/predicted_path.hpp
-- Up-to-date: /root/r2ware/install/autoware_perception_msgs/include/autoware_perception_msgs/msg/detail
-- Installing: /root/r2ware/install/autoware_perception_msgs/include/autoware_perception_msgs/msg/detail/traffic_signal_element__struct.hpp
-- Installing: /root/r2ware/install/autoware_perception_msgs/include/autoware_perception_msgs/msg/detail/predicted_objects__struct.hpp
-- Installing: /root/r2ware/install/autoware_perception_msgs/include/autoware_perception_msgs/msg/detail/traffic_signal__struct.hpp
-- Installing: /root/r2ware/install/autoware_perception_msgs/include/autoware_perception_msgs/msg/detail/traffic_signal__builder.hpp
-- Installing: /root/r2ware/install/autoware_perception_msgs/include/autoware_perception_msgs/msg/detail/shape__struct.hpp
-- Installing: /root/r2ware/install/autoware_perception_msgs/include/autoware_perception_msgs/msg/detail/predicted_object__struct.hpp
-- Installing: /root/r2ware/install/autoware_perception_msgs/include/autoware_perception_msgs/msg/detail/predicted_object__traits.hpp
-- Installing: /root/r2ware/install/autoware_perception_msgs/include/autoware_perception_msgs/msg/detail/predicted_objects__builder.hpp
-- Installing: /root/r2ware/install/autoware_perception_msgs/include/autoware_perception_msgs/msg/detail/shape__builder.hpp
-- Installing: /root/r2ware/install/autoware_perception_msgs/include/autoware_perception_msgs/msg/detail/predicted_path__struct.hpp
-- Installing: /root/r2ware/install/autoware_perception_msgs/include/autoware_perception_msgs/msg/detail/predicted_object__builder.hpp
-- Installing: /root/r2ware/install/autoware_perception_msgs/include/autoware_perception_msgs/msg/detail/predicted_object_kinematics__struct.hpp
-- Installing: /root/r2ware/install/autoware_perception_msgs/include/autoware_perception_msgs/msg/detail/object_classification__struct.hpp
-- Installing: /root/r2ware/install/autoware_perception_msgs/include/autoware_perception_msgs/msg/detail/shape__traits.hpp
-- Installing: /root/r2ware/install/autoware_perception_msgs/include/autoware_perception_msgs/msg/detail/traffic_signal_element__builder.hpp
-- Installing: /root/r2ware/install/autoware_perception_msgs/include/autoware_perception_msgs/msg/detail/traffic_signal_array__builder.hpp
-- Installing: /root/r2ware/install/autoware_perception_msgs/include/autoware_perception_msgs/msg/detail/traffic_signal_array__struct.hpp
-- Installing: /root/r2ware/install/autoware_perception_msgs/include/autoware_perception_msgs/msg/detail/predicted_object_kinematics__builder.hpp
-- Installing: /root/r2ware/install/autoware_perception_msgs/include/autoware_perception_msgs/msg/detail/predicted_path__traits.hpp
-- Installing: /root/r2ware/install/autoware_perception_msgs/include/autoware_perception_msgs/msg/detail/traffic_signal_element__traits.hpp
-- Installing: /root/r2ware/install/autoware_perception_msgs/include/autoware_perception_msgs/msg/detail/predicted_object_kinematics__traits.hpp
-- Installing: /root/r2ware/install/autoware_perception_msgs/include/autoware_perception_msgs/msg/detail/predicted_objects__traits.hpp
-- Installing: /root/r2ware/install/autoware_perception_msgs/include/autoware_perception_msgs/msg/detail/object_classification__builder.hpp
-- Installing: /root/r2ware/install/autoware_perception_msgs/include/autoware_perception_msgs/msg/detail/traffic_signal__traits.hpp
-- Installing: /root/r2ware/install/autoware_perception_msgs/include/autoware_perception_msgs/msg/detail/traffic_signal_array__traits.hpp
-- Installing: /root/r2ware/install/autoware_perception_msgs/include/autoware_perception_msgs/msg/detail/predicted_path__builder.hpp
-- Installing: /root/r2ware/install/autoware_perception_msgs/include/autoware_perception_msgs/msg/detail/object_classification__traits.hpp
-- Installing: /root/r2ware/install/autoware_perception_msgs/include/autoware_perception_msgs/msg/predicted_object.hpp
-- Installing: /root/r2ware/install/autoware_perception_msgs/include/autoware_perception_msgs/msg/predicted_objects.hpp
-- Installing: /root/r2ware/install/autoware_perception_msgs/include/autoware_perception_msgs/msg/predicted_object_kinematics.hpp
-- Up-to-date: /root/r2ware/install/autoware_perception_msgs/include/autoware_perception_msgs
-- Up-to-date: /root/r2ware/install/autoware_perception_msgs/include/autoware_perception_msgs/msg
-- Up-to-date: /root/r2ware/install/autoware_perception_msgs/include/autoware_perception_msgs/msg/detail
-- Installing: /root/r2ware/install/autoware_perception_msgs/include/autoware_perception_msgs/msg/detail/predicted_object__type_support.cpp
-- Installing: /root/r2ware/install/autoware_perception_msgs/include/autoware_perception_msgs/msg/detail/object_classification__rosidl_typesupport_introspection_cpp.hpp
-- Installing: /root/r2ware/install/autoware_perception_msgs/include/autoware_perception_msgs/msg/detail/shape__type_support.cpp
-- Installing: /root/r2ware/install/autoware_perception_msgs/include/autoware_perception_msgs/msg/detail/traffic_signal__type_support.cpp
-- Installing: /root/r2ware/install/autoware_perception_msgs/include/autoware_perception_msgs/msg/detail/predicted_object_kinematics__type_support.cpp
-- Installing: /root/r2ware/install/autoware_perception_msgs/include/autoware_perception_msgs/msg/detail/traffic_signal_array__type_support.cpp
-- Installing: /root/r2ware/install/autoware_perception_msgs/include/autoware_perception_msgs/msg/detail/predicted_objects__rosidl_typesupport_introspection_cpp.hpp
-- Installing: /root/r2ware/install/autoware_perception_msgs/include/autoware_perception_msgs/msg/detail/predicted_path__rosidl_typesupport_introspection_cpp.hpp
-- Installing: /root/r2ware/install/autoware_perception_msgs/include/autoware_perception_msgs/msg/detail/predicted_object__rosidl_typesupport_introspection_cpp.hpp
-- Installing: /root/r2ware/install/autoware_perception_msgs/include/autoware_perception_msgs/msg/detail/predicted_object_kinematics__rosidl_typesupport_introspection_cpp.hpp
-- Installing: /root/r2ware/install/autoware_perception_msgs/include/autoware_perception_msgs/msg/detail/traffic_signal_element__rosidl_typesupport_introspection_cpp.hpp
-- Installing: /root/r2ware/install/autoware_perception_msgs/include/autoware_perception_msgs/msg/detail/shape__rosidl_typesupport_introspection_cpp.hpp
-- Installing: /root/r2ware/install/autoware_perception_msgs/include/autoware_perception_msgs/msg/detail/traffic_signal_array__rosidl_typesupport_introspection_cpp.hpp
-- Installing: /root/r2ware/install/autoware_perception_msgs/include/autoware_perception_msgs/msg/detail/predicted_path__type_support.cpp
-- Installing: /root/r2ware/install/autoware_perception_msgs/include/autoware_perception_msgs/msg/detail/traffic_signal_element__type_support.cpp
-- Installing: /root/r2ware/install/autoware_perception_msgs/include/autoware_perception_msgs/msg/detail/object_classification__type_support.cpp
-- Installing: /root/r2ware/install/autoware_perception_msgs/include/autoware_perception_msgs/msg/detail/predicted_objects__type_support.cpp
-- Installing: /root/r2ware/install/autoware_perception_msgs/include/autoware_perception_msgs/msg/detail/traffic_signal__rosidl_typesupport_introspection_cpp.hpp
-- Installing: /root/r2ware/install/autoware_perception_msgs/lib/libautoware_perception_msgs__rosidl_typesupport_introspection_cpp.so
-- Set runtime path of "/root/r2ware/install/autoware_perception_msgs/lib/libautoware_perception_msgs__rosidl_typesupport_introspection_cpp.so" to ""
-- Installing: /root/r2ware/install/autoware_perception_msgs/lib/libautoware_perception_msgs__rosidl_typesupport_cpp.so
-- Set runtime path of "/root/r2ware/install/autoware_perception_msgs/lib/libautoware_perception_msgs__rosidl_typesupport_cpp.so" to ""
-- Installing: /root/r2ware/install/autoware_perception_msgs/share/autoware_perception_msgs/environment/pythonpath.sh
-- Installing: /root/r2ware/install/autoware_perception_msgs/share/autoware_perception_msgs/environment/pythonpath.dsv
-- Installing: /root/r2ware/install/autoware_perception_msgs/lib/python3.8/site-packages/autoware_perception_msgs/__init__.py
Compiling '/root/r2ware/install/autoware_perception_msgs/lib/python3.8/site-packages/autoware_perception_msgs/__init__.py'...
-- Installing: /root/r2ware/install/autoware_perception_msgs/lib/python3.8/site-packages/autoware_perception_msgs/msg
-- Installing: /root/r2ware/install/autoware_perception_msgs/lib/python3.8/site-packages/autoware_perception_msgs/msg/_traffic_signal.py
-- Installing: /root/r2ware/install/autoware_perception_msgs/lib/python3.8/site-packages/autoware_perception_msgs/msg/_predicted_objects_s.c
-- Installing: /root/r2ware/install/autoware_perception_msgs/lib/python3.8/site-packages/autoware_perception_msgs/msg/_object_classification_s.c
-- Installing: /root/r2ware/install/autoware_perception_msgs/lib/python3.8/site-packages/autoware_perception_msgs/msg/_predicted_path.py
-- Installing: /root/r2ware/install/autoware_perception_msgs/lib/python3.8/site-packages/autoware_perception_msgs/msg/__init__.py
-- Installing: /root/r2ware/install/autoware_perception_msgs/lib/python3.8/site-packages/autoware_perception_msgs/msg/_predicted_path_s.c
-- Installing: /root/r2ware/install/autoware_perception_msgs/lib/python3.8/site-packages/autoware_perception_msgs/msg/_traffic_signal_array_s.c
-- Installing: /root/r2ware/install/autoware_perception_msgs/lib/python3.8/site-packages/autoware_perception_msgs/msg/_predicted_object_kinematics_s.c
-- Installing: /root/r2ware/install/autoware_perception_msgs/lib/python3.8/site-packages/autoware_perception_msgs/msg/_predicted_object_s.c
-- Installing: /root/r2ware/install/autoware_perception_msgs/lib/python3.8/site-packages/autoware_perception_msgs/msg/_traffic_signal_array.py
-- Installing: /root/r2ware/install/autoware_perception_msgs/lib/python3.8/site-packages/autoware_perception_msgs/msg/_shape_s.c
-- Installing: /root/r2ware/install/autoware_perception_msgs/lib/python3.8/site-packages/autoware_perception_msgs/msg/_predicted_object.py
-- Installing: /root/r2ware/install/autoware_perception_msgs/lib/python3.8/site-packages/autoware_perception_msgs/msg/_traffic_signal_s.c
-- Installing: /root/r2ware/install/autoware_perception_msgs/lib/python3.8/site-packages/autoware_perception_msgs/msg/_shape.py
-- Installing: /root/r2ware/install/autoware_perception_msgs/lib/python3.8/site-packages/autoware_perception_msgs/msg/_traffic_signal_element.py
-- Installing: /root/r2ware/install/autoware_perception_msgs/lib/python3.8/site-packages/autoware_perception_msgs/msg/_object_classification.py
-- Installing: /root/r2ware/install/autoware_perception_msgs/lib/python3.8/site-packages/autoware_perception_msgs/msg/_traffic_signal_element_s.c
-- Installing: /root/r2ware/install/autoware_perception_msgs/lib/python3.8/site-packages/autoware_perception_msgs/msg/_predicted_objects.py
-- Installing: /root/r2ware/install/autoware_perception_msgs/lib/python3.8/site-packages/autoware_perception_msgs/msg/_predicted_object_kinematics.py
-- Installing: /root/r2ware/install/autoware_perception_msgs/lib/python3.8/site-packages/autoware_perception_msgs/autoware_perception_msgs_s__rosidl_typesupport_fastrtps_c.cpython-38-aarch64-linux-gnu.so
-- Set runtime path of "/root/r2ware/install/autoware_perception_msgs/lib/python3.8/site-packages/autoware_perception_msgs/autoware_perception_msgs_s__rosidl_typesupport_fastrtps_c.cpython-38-aarch64-linux-gnu.so" to ""
-- Installing: /root/r2ware/install/autoware_perception_msgs/lib/python3.8/site-packages/autoware_perception_msgs/autoware_perception_msgs_s__rosidl_typesupport_introspection_c.cpython-38-aarch64-linux-gnu.so
-- Set runtime path of "/root/r2ware/install/autoware_perception_msgs/lib/python3.8/site-packages/autoware_perception_msgs/autoware_perception_msgs_s__rosidl_typesupport_introspection_c.cpython-38-aarch64-linux-gnu.so" to ""
-- Installing: /root/r2ware/install/autoware_perception_msgs/lib/python3.8/site-packages/autoware_perception_msgs/autoware_perception_msgs_s__rosidl_typesupport_c.cpython-38-aarch64-linux-gnu.so
-- Set runtime path of "/root/r2ware/install/autoware_perception_msgs/lib/python3.8/site-packages/autoware_perception_msgs/autoware_perception_msgs_s__rosidl_typesupport_c.cpython-38-aarch64-linux-gnu.so" to ""
-- Installing: /root/r2ware/install/autoware_perception_msgs/lib/libautoware_perception_msgs__python.so
-- Set runtime path of "/root/r2ware/install/autoware_perception_msgs/lib/libautoware_perception_msgs__python.so" to ""
-- Installing: /root/r2ware/install/autoware_perception_msgs/share/autoware_perception_msgs/msg/ObjectClassification.idl
-- Installing: /root/r2ware/install/autoware_perception_msgs/share/autoware_perception_msgs/msg/PredictedObject.idl
-- Installing: /root/r2ware/install/autoware_perception_msgs/share/autoware_perception_msgs/msg/PredictedObjectKinematics.idl
-- Installing: /root/r2ware/install/autoware_perception_msgs/share/autoware_perception_msgs/msg/PredictedObjects.idl
-- Installing: /root/r2ware/install/autoware_perception_msgs/share/autoware_perception_msgs/msg/PredictedPath.idl
-- Installing: /root/r2ware/install/autoware_perception_msgs/share/autoware_perception_msgs/msg/Shape.idl
-- Installing: /root/r2ware/install/autoware_perception_msgs/share/autoware_perception_msgs/msg/TrafficSignalElement.idl
-- Installing: /root/r2ware/install/autoware_perception_msgs/share/autoware_perception_msgs/msg/TrafficSignal.idl
-- Installing: /root/r2ware/install/autoware_perception_msgs/share/autoware_perception_msgs/msg/TrafficSignalArray.idl
-- Installing: /root/r2ware/install/autoware_perception_msgs/share/autoware_perception_msgs/msg/ObjectClassification.msg
-- Installing: /root/r2ware/install/autoware_perception_msgs/share/autoware_perception_msgs/msg/PredictedObject.msg
-- Installing: /root/r2ware/install/autoware_perception_msgs/share/autoware_perception_msgs/msg/PredictedObjectKinematics.msg
-- Installing: /root/r2ware/install/autoware_perception_msgs/share/autoware_perception_msgs/msg/PredictedObjects.msg
-- Installing: /root/r2ware/install/autoware_perception_msgs/share/autoware_perception_msgs/msg/PredictedPath.msg
-- Installing: /root/r2ware/install/autoware_perception_msgs/share/autoware_perception_msgs/msg/Shape.msg
-- Installing: /root/r2ware/install/autoware_perception_msgs/share/autoware_perception_msgs/msg/TrafficSignalElement.msg
-- Installing: /root/r2ware/install/autoware_perception_msgs/share/autoware_perception_msgs/msg/TrafficSignal.msg
-- Installing: /root/r2ware/install/autoware_perception_msgs/share/autoware_perception_msgs/msg/TrafficSignalArray.msg
-- Installing: /root/r2ware/install/autoware_perception_msgs/share/ament_index/resource_index/package_run_dependencies/autoware_perception_msgs
-- Installing: /root/r2ware/install/autoware_perception_msgs/share/ament_index/resource_index/parent_prefix_path/autoware_perception_msgs
-- Installing: /root/r2ware/install/autoware_perception_msgs/share/autoware_perception_msgs/environment/ament_prefix_path.sh
-- Installing: /root/r2ware/install/autoware_perception_msgs/share/autoware_perception_msgs/environment/ament_prefix_path.dsv
-- Installing: /root/r2ware/install/autoware_perception_msgs/share/autoware_perception_msgs/environment/path.sh
-- Installing: /root/r2ware/install/autoware_perception_msgs/share/autoware_perception_msgs/environment/path.dsv
-- Installing: /root/r2ware/install/autoware_perception_msgs/share/autoware_perception_msgs/local_setup.bash
-- Installing: /root/r2ware/install/autoware_perception_msgs/share/autoware_perception_msgs/local_setup.sh
-- Installing: /root/r2ware/install/autoware_perception_msgs/share/autoware_perception_msgs/local_setup.zsh
-- Installing: /root/r2ware/install/autoware_perception_msgs/share/autoware_perception_msgs/local_setup.dsv
-- Installing: /root/r2ware/install/autoware_perception_msgs/share/autoware_perception_msgs/package.dsv
-- Installing: /root/r2ware/install/autoware_perception_msgs/share/ament_index/resource_index/packages/autoware_perception_msgs
-- Installing: /root/r2ware/install/autoware_perception_msgs/share/autoware_perception_msgs/cmake/autoware_perception_msgs__rosidl_generator_cExport.cmake
-- Installing: /root/r2ware/install/autoware_perception_msgs/share/autoware_perception_msgs/cmake/autoware_perception_msgs__rosidl_generator_cExport-noconfig.cmake
-- Installing: /root/r2ware/install/autoware_perception_msgs/share/autoware_perception_msgs/cmake/autoware_perception_msgs__rosidl_typesupport_introspection_cExport.cmake
-- Installing: /root/r2ware/install/autoware_perception_msgs/share/autoware_perception_msgs/cmake/autoware_perception_msgs__rosidl_typesupport_introspection_cExport-noconfig.cmake
-- Installing: /root/r2ware/install/autoware_perception_msgs/share/autoware_perception_msgs/cmake/autoware_perception_msgs__rosidl_typesupport_cExport.cmake
-- Installing: /root/r2ware/install/autoware_perception_msgs/share/autoware_perception_msgs/cmake/autoware_perception_msgs__rosidl_typesupport_cExport-noconfig.cmake
-- Installing: /root/r2ware/install/autoware_perception_msgs/share/autoware_perception_msgs/cmake/autoware_perception_msgs__rosidl_generator_cppExport.cmake
-- Installing: /root/r2ware/install/autoware_perception_msgs/share/autoware_perception_msgs/cmake/autoware_perception_msgs__rosidl_typesupport_introspection_cppExport.cmake
-- Installing: /root/r2ware/install/autoware_perception_msgs/share/autoware_perception_msgs/cmake/autoware_perception_msgs__rosidl_typesupport_introspection_cppExport-noconfig.cmake
-- Installing: /root/r2ware/install/autoware_perception_msgs/share/autoware_perception_msgs/cmake/autoware_perception_msgs__rosidl_typesupport_cppExport.cmake
-- Installing: /root/r2ware/install/autoware_perception_msgs/share/autoware_perception_msgs/cmake/autoware_perception_msgs__rosidl_typesupport_cppExport-noconfig.cmake
-- Installing: /root/r2ware/install/autoware_perception_msgs/share/autoware_perception_msgs/cmake/rosidl_cmake-extras.cmake
-- Installing: /root/r2ware/install/autoware_perception_msgs/share/autoware_perception_msgs/cmake/ament_cmake_export_dependencies-extras.cmake
-- Installing: /root/r2ware/install/autoware_perception_msgs/share/autoware_perception_msgs/cmake/ament_cmake_export_libraries-extras.cmake
-- Installing: /root/r2ware/install/autoware_perception_msgs/share/autoware_perception_msgs/cmake/ament_cmake_export_targets-extras.cmake
-- Installing: /root/r2ware/install/autoware_perception_msgs/share/autoware_perception_msgs/cmake/ament_cmake_export_include_directories-extras.cmake
-- Installing: /root/r2ware/install/autoware_perception_msgs/share/autoware_perception_msgs/cmake/rosidl_cmake_export_typesupport_libraries-extras.cmake
-- Installing: /root/r2ware/install/autoware_perception_msgs/share/autoware_perception_msgs/cmake/rosidl_cmake_export_typesupport_targets-extras.cmake
-- Installing: /root/r2ware/install/autoware_perception_msgs/share/autoware_perception_msgs/cmake/autoware_perception_msgsConfig.cmake
-- Installing: /root/r2ware/install/autoware_perception_msgs/share/autoware_perception_msgs/cmake/autoware_perception_msgsConfig-version.cmake
-- Installing: /root/r2ware/install/autoware_perception_msgs/share/autoware_perception_msgs/package.xml
