[0.072s] Invoking command in '/root/r2ware/build/autoware_perception_msgs': CMAKE_PREFIX_PATH=${CMAKE_PREFIX_PATH}:/root/yahboomcar_ros2_ws/yahboomcar_ws/install/yahboomcar_voice_ctrl:/root/yahboomcar_ros2_ws/yahboomcar_ws/install/yahboomcar_visual:/root/yahboomcar_ros2_ws/yahboomcar_ws/install/yahboomcar_nav:/root/yahboomcar_ros2_ws/yahboomcar_ws/install/yahboomcar_multi:/root/yahboomcar_ros2_ws/yahboomcar_ws/install/yahboomcar_mediapipe:/root/yahboomcar_ros2_ws/yahboomcar_ws/install/yahboomcar_linefollow:/root/yahboomcar_ros2_ws/yahboomcar_ws/install/yahboomcar_laser:/root/yahboomcar_ros2_ws/yahboomcar_ws/install/yahboomcar_description_x1:/root/yahboomcar_ros2_ws/yahboomcar_ws/install/yahboomcar_description:/root/yahboomcar_ros2_ws/yahboomcar_ws/install/yahboomcar_ctrl:/root/yahboomcar_ros2_ws/yahboomcar_ws/install/yahboomcar_bringup:/root/yahboomcar_ros2_ws/yahboomcar_ws/install/yahboomcar_astra:/root/yahboomcar_ros2_ws/yahboomcar_ws/install/yahboom_app_save_map:/root/yahboomcar_ros2_ws/yahboomcar_ws/install/robot_pose_publisher:/root/yahboomcar_ros2_ws/yahboomcar_ws/install/laserscan_to_point_pulisher:/opt/ros/foxy /usr/bin/cmake /root/r2ware/src/autoware_dependencies/core/autoware_msgs/autoware_perception_msgs -DCMAKE_INSTALL_PREFIX=/root/r2ware/install/autoware_perception_msgs
[9.307s] -- The C compiler identification is GNU 9.4.0
[9.307s] -- The CXX compiler identification is GNU 9.4.0
[9.307s] -- Check for working C compiler: /usr/bin/cc
[9.307s] -- Check for working C compiler: /usr/bin/cc -- works
[9.307s] -- Detecting C compiler ABI info
[9.307s] -- Detecting C compiler ABI info - done
[9.307s] -- Detecting C compile features
[9.308s] -- Detecting C compile features - done
[9.308s] -- Check for working CXX compiler: /usr/bin/c++
[9.308s] -- Check for working CXX compiler: /usr/bin/c++ -- works
[9.308s] -- Detecting CXX compiler ABI info
[9.308s] -- Detecting CXX compiler ABI info - done
[9.308s] -- Detecting CXX compile features
[9.308s] -- Detecting CXX compile features - done
[9.308s] -- Found ament_cmake_auto: 0.9.11 (/opt/ros/foxy/share/ament_cmake_auto/cmake)
[9.309s] -- Found PythonInterp: /usr/bin/python3 (found suitable version "3.8.10", minimum required is "3") 
[9.309s] -- Using PYTHON_EXECUTABLE: /usr/bin/python3
[9.309s] -- Using all available rosidl_typesupport_c: rosidl_typesupport_fastrtps_c;rosidl_typesupport_introspection_c
[9.309s] -- Found rosidl_adapter: 1.3.0 (/opt/ros/foxy/share/rosidl_adapter/cmake)
[9.309s] -- Found OpenSSL: /usr/lib/aarch64-linux-gnu/libcrypto.so (found version "1.1.1f")  
[9.309s] -- Found FastRTPS: /opt/ros/foxy/include  
[9.309s] -- Using all available rosidl_typesupport_cpp: rosidl_typesupport_fastrtps_cpp;rosidl_typesupport_introspection_cpp
[9.309s] -- Found PythonInterp: /usr/bin/python3 (found version "3.8.10") 
[9.310s] -- Found ament_cmake_ros: 0.9.2 (/opt/ros/foxy/share/ament_cmake_ros/cmake)
[9.310s] -- Using all available rosidl_typesupport_c: rosidl_typesupport_fastrtps_c;rosidl_typesupport_introspection_c
[9.310s] -- Using all available rosidl_typesupport_cpp: rosidl_typesupport_fastrtps_cpp;rosidl_typesupport_introspection_cpp
[9.310s] -- Found PythonInterp: /usr/bin/python3 (found suitable version "3.8.10", minimum required is "3.5") 
[9.310s] -- Found python_cmake_module: 0.8.1 (/opt/ros/foxy/share/python_cmake_module/cmake)
[9.310s] -- Found PythonLibs: /usr/lib/aarch64-linux-gnu/libpython3.8.so (found suitable version "3.8.10", minimum required is "3.5") 
[9.310s] -- Using PYTHON_EXECUTABLE: /usr/bin/python3
[9.311s] -- Using PYTHON_INCLUDE_DIRS: /usr/include/python3.8
[9.311s] -- Using PYTHON_LIBRARIES: /usr/lib/aarch64-linux-gnu/libpython3.8.so
[9.311s] -- Found PythonExtra: .so  
[9.311s] -- Configuring done
[9.311s] -- Generating done
[9.311s] -- Build files have been written to: /root/r2ware/build/autoware_perception_msgs
[9.343s] Invoked command in '/root/r2ware/build/autoware_perception_msgs' returned '0': CMAKE_PREFIX_PATH=${CMAKE_PREFIX_PATH}:/root/yahboomcar_ros2_ws/yahboomcar_ws/install/yahboomcar_voice_ctrl:/root/yahboomcar_ros2_ws/yahboomcar_ws/install/yahboomcar_visual:/root/yahboomcar_ros2_ws/yahboomcar_ws/install/yahboomcar_nav:/root/yahboomcar_ros2_ws/yahboomcar_ws/install/yahboomcar_multi:/root/yahboomcar_ros2_ws/yahboomcar_ws/install/yahboomcar_mediapipe:/root/yahboomcar_ros2_ws/yahboomcar_ws/install/yahboomcar_linefollow:/root/yahboomcar_ros2_ws/yahboomcar_ws/install/yahboomcar_laser:/root/yahboomcar_ros2_ws/yahboomcar_ws/install/yahboomcar_description_x1:/root/yahboomcar_ros2_ws/yahboomcar_ws/install/yahboomcar_description:/root/yahboomcar_ros2_ws/yahboomcar_ws/install/yahboomcar_ctrl:/root/yahboomcar_ros2_ws/yahboomcar_ws/install/yahboomcar_bringup:/root/yahboomcar_ros2_ws/yahboomcar_ws/install/yahboomcar_astra:/root/yahboomcar_ros2_ws/yahboomcar_ws/install/yahboom_app_save_map:/root/yahboomcar_ros2_ws/yahboomcar_ws/install/robot_pose_publisher:/root/yahboomcar_ros2_ws/yahboomcar_ws/install/laserscan_to_point_pulisher:/opt/ros/foxy /usr/bin/cmake /root/r2ware/src/autoware_dependencies/core/autoware_msgs/autoware_perception_msgs -DCMAKE_INSTALL_PREFIX=/root/r2ware/install/autoware_perception_msgs
[9.345s] Invoking command in '/root/r2ware/build/autoware_perception_msgs': CMAKE_PREFIX_PATH=${CMAKE_PREFIX_PATH}:/root/yahboomcar_ros2_ws/yahboomcar_ws/install/yahboomcar_voice_ctrl:/root/yahboomcar_ros2_ws/yahboomcar_ws/install/yahboomcar_visual:/root/yahboomcar_ros2_ws/yahboomcar_ws/install/yahboomcar_nav:/root/yahboomcar_ros2_ws/yahboomcar_ws/install/yahboomcar_multi:/root/yahboomcar_ros2_ws/yahboomcar_ws/install/yahboomcar_mediapipe:/root/yahboomcar_ros2_ws/yahboomcar_ws/install/yahboomcar_linefollow:/root/yahboomcar_ros2_ws/yahboomcar_ws/install/yahboomcar_laser:/root/yahboomcar_ros2_ws/yahboomcar_ws/install/yahboomcar_description_x1:/root/yahboomcar_ros2_ws/yahboomcar_ws/install/yahboomcar_description:/root/yahboomcar_ros2_ws/yahboomcar_ws/install/yahboomcar_ctrl:/root/yahboomcar_ros2_ws/yahboomcar_ws/install/yahboomcar_bringup:/root/yahboomcar_ros2_ws/yahboomcar_ws/install/yahboomcar_astra:/root/yahboomcar_ros2_ws/yahboomcar_ws/install/yahboom_app_save_map:/root/yahboomcar_ros2_ws/yahboomcar_ws/install/robot_pose_publisher:/root/yahboomcar_ros2_ws/yahboomcar_ws/install/laserscan_to_point_pulisher:/opt/ros/foxy /usr/bin/cmake --build /root/r2ware/build/autoware_perception_msgs -- -j8 -l8
[13.088s] [35m[1mScanning dependencies of target autoware_perception_msgs__cpp[0m
[13.088s] [  1%] [34m[1mGenerating C++ code for ROS interfaces[0m
[13.088s] [  1%] Built target autoware_perception_msgs__cpp
[13.089s] [  2%] [34m[1mGenerating C code for ROS interfaces[0m
[15.211s] [35m[1mScanning dependencies of target autoware_perception_msgs__rosidl_generator_c[0m
[15.268s] [  3%] [32mBuilding C object CMakeFiles/autoware_perception_msgs__rosidl_generator_c.dir/rosidl_generator_c/autoware_perception_msgs/msg/detail/object_classification__functions.c.o[0m
[15.403s] [  4%] [32mBuilding C object CMakeFiles/autoware_perception_msgs__rosidl_generator_c.dir/rosidl_generator_c/autoware_perception_msgs/msg/detail/predicted_path__functions.c.o[0m
[15.573s] [  5%] [32mBuilding C object CMakeFiles/autoware_perception_msgs__rosidl_generator_c.dir/rosidl_generator_c/autoware_perception_msgs/msg/detail/shape__functions.c.o[0m
[15.710s] [  6%] [32mBuilding C object CMakeFiles/autoware_perception_msgs__rosidl_generator_c.dir/rosidl_generator_c/autoware_perception_msgs/msg/detail/traffic_signal_element__functions.c.o[0m
[15.847s] [  7%] [32mBuilding C object CMakeFiles/autoware_perception_msgs__rosidl_generator_c.dir/rosidl_generator_c/autoware_perception_msgs/msg/detail/traffic_signal__functions.c.o[0m
[15.980s] [  8%] [32mBuilding C object CMakeFiles/autoware_perception_msgs__rosidl_generator_c.dir/rosidl_generator_c/autoware_perception_msgs/msg/detail/traffic_signal_array__functions.c.o[0m
[16.114s] [  9%] [32mBuilding C object CMakeFiles/autoware_perception_msgs__rosidl_generator_c.dir/rosidl_generator_c/autoware_perception_msgs/msg/detail/predicted_objects__functions.c.o[0m
[16.256s] [ 10%] [32mBuilding C object CMakeFiles/autoware_perception_msgs__rosidl_generator_c.dir/rosidl_generator_c/autoware_perception_msgs/msg/detail/predicted_object_kinematics__functions.c.o[0m
[16.393s] [ 11%] [32mBuilding C object CMakeFiles/autoware_perception_msgs__rosidl_generator_c.dir/rosidl_generator_c/autoware_perception_msgs/msg/detail/predicted_object__functions.c.o[0m
[16.534s] [ 12%] [32m[1mLinking C shared library libautoware_perception_msgs__rosidl_generator_c.so[0m
[16.660s] [ 12%] Built target autoware_perception_msgs__rosidl_generator_c
[16.698s] [ 13%] [34m[1mGenerating C++ type support dispatch for ROS interfaces[0m
[17.970s] [35m[1mScanning dependencies of target autoware_perception_msgs__rosidl_typesupport_cpp[0m
[18.022s] [ 14%] [32mBuilding CXX object CMakeFiles/autoware_perception_msgs__rosidl_typesupport_cpp.dir/rosidl_typesupport_cpp/autoware_perception_msgs/msg/object_classification__type_support.cpp.o[0m
[18.704s] [ 15%] [32mBuilding CXX object CMakeFiles/autoware_perception_msgs__rosidl_typesupport_cpp.dir/rosidl_typesupport_cpp/autoware_perception_msgs/msg/predicted_objects__type_support.cpp.o[0m
[19.444s] [ 16%] [32mBuilding CXX object CMakeFiles/autoware_perception_msgs__rosidl_typesupport_cpp.dir/rosidl_typesupport_cpp/autoware_perception_msgs/msg/predicted_path__type_support.cpp.o[0m
[20.154s] [ 17%] [32mBuilding CXX object CMakeFiles/autoware_perception_msgs__rosidl_typesupport_cpp.dir/rosidl_typesupport_cpp/autoware_perception_msgs/msg/shape__type_support.cpp.o[0m
[20.852s] [ 18%] [32mBuilding CXX object CMakeFiles/autoware_perception_msgs__rosidl_typesupport_cpp.dir/rosidl_typesupport_cpp/autoware_perception_msgs/msg/traffic_signal_element__type_support.cpp.o[0m
[21.557s] [ 20%] [32mBuilding CXX object CMakeFiles/autoware_perception_msgs__rosidl_typesupport_cpp.dir/rosidl_typesupport_cpp/autoware_perception_msgs/msg/traffic_signal__type_support.cpp.o[0m
[22.242s] [ 21%] [32mBuilding CXX object CMakeFiles/autoware_perception_msgs__rosidl_typesupport_cpp.dir/rosidl_typesupport_cpp/autoware_perception_msgs/msg/traffic_signal_array__type_support.cpp.o[0m
[22.932s] [ 22%] [32mBuilding CXX object CMakeFiles/autoware_perception_msgs__rosidl_typesupport_cpp.dir/rosidl_typesupport_cpp/autoware_perception_msgs/msg/predicted_object_kinematics__type_support.cpp.o[0m
[23.634s] [ 23%] [32mBuilding CXX object CMakeFiles/autoware_perception_msgs__rosidl_typesupport_cpp.dir/rosidl_typesupport_cpp/autoware_perception_msgs/msg/predicted_object__type_support.cpp.o[0m
[24.342s] [ 24%] [32m[1mLinking CXX shared library libautoware_perception_msgs__rosidl_typesupport_cpp.so[0m
[24.468s] [ 24%] Built target autoware_perception_msgs__rosidl_typesupport_cpp
[24.509s] [ 25%] [34m[1mGenerating C type support dispatch for ROS interfaces[0m
[25.806s] [35m[1mScanning dependencies of target autoware_perception_msgs__rosidl_typesupport_c[0m
[25.858s] [ 26%] [32mBuilding CXX object CMakeFiles/autoware_perception_msgs__rosidl_typesupport_c.dir/rosidl_typesupport_c/autoware_perception_msgs/msg/object_classification__type_support.cpp.o[0m
[25.950s] [ 27%] [32mBuilding CXX object CMakeFiles/autoware_perception_msgs__rosidl_typesupport_c.dir/rosidl_typesupport_c/autoware_perception_msgs/msg/predicted_path__type_support.cpp.o[0m
[26.044s] [ 28%] [32mBuilding CXX object CMakeFiles/autoware_perception_msgs__rosidl_typesupport_c.dir/rosidl_typesupport_c/autoware_perception_msgs/msg/shape__type_support.cpp.o[0m
[26.133s] [ 29%] [32mBuilding CXX object CMakeFiles/autoware_perception_msgs__rosidl_typesupport_c.dir/rosidl_typesupport_c/autoware_perception_msgs/msg/traffic_signal_element__type_support.cpp.o[0m
[26.232s] [ 30%] [32mBuilding CXX object CMakeFiles/autoware_perception_msgs__rosidl_typesupport_c.dir/rosidl_typesupport_c/autoware_perception_msgs/msg/traffic_signal__type_support.cpp.o[0m
[26.329s] [ 31%] [32mBuilding CXX object CMakeFiles/autoware_perception_msgs__rosidl_typesupport_c.dir/rosidl_typesupport_c/autoware_perception_msgs/msg/traffic_signal_array__type_support.cpp.o[0m
[26.426s] [ 32%] [32mBuilding CXX object CMakeFiles/autoware_perception_msgs__rosidl_typesupport_c.dir/rosidl_typesupport_c/autoware_perception_msgs/msg/predicted_objects__type_support.cpp.o[0m
[26.542s] [ 33%] [32mBuilding CXX object CMakeFiles/autoware_perception_msgs__rosidl_typesupport_c.dir/rosidl_typesupport_c/autoware_perception_msgs/msg/predicted_object_kinematics__type_support.cpp.o[0m
[26.638s] [ 34%] [32mBuilding CXX object CMakeFiles/autoware_perception_msgs__rosidl_typesupport_c.dir/rosidl_typesupport_c/autoware_perception_msgs/msg/predicted_object__type_support.cpp.o[0m
[26.737s] [ 35%] [32m[1mLinking CXX shared library libautoware_perception_msgs__rosidl_typesupport_c.so[0m
[26.865s] [ 35%] Built target autoware_perception_msgs__rosidl_typesupport_c
[26.903s] [ 36%] [34m[1mGenerating C introspection for ROS interfaces[0m
[28.664s] [35m[1mScanning dependencies of target autoware_perception_msgs__rosidl_typesupport_introspection_c[0m
[28.723s] [ 37%] [32mBuilding C object CMakeFiles/autoware_perception_msgs__rosidl_typesupport_introspection_c.dir/rosidl_typesupport_introspection_c/autoware_perception_msgs/msg/detail/object_classification__type_support.c.o[0m
[28.814s] [ 38%] [32mBuilding C object CMakeFiles/autoware_perception_msgs__rosidl_typesupport_introspection_c.dir/rosidl_typesupport_introspection_c/autoware_perception_msgs/msg/detail/shape__type_support.c.o[0m
[28.918s] [ 40%] [32mBuilding C object CMakeFiles/autoware_perception_msgs__rosidl_typesupport_introspection_c.dir/rosidl_typesupport_introspection_c/autoware_perception_msgs/msg/detail/traffic_signal_element__type_support.c.o[0m
[29.015s] [ 41%] [32mBuilding C object CMakeFiles/autoware_perception_msgs__rosidl_typesupport_introspection_c.dir/rosidl_typesupport_introspection_c/autoware_perception_msgs/msg/detail/traffic_signal__type_support.c.o[0m
[29.123s] [ 42%] [32mBuilding C object CMakeFiles/autoware_perception_msgs__rosidl_typesupport_introspection_c.dir/rosidl_typesupport_introspection_c/autoware_perception_msgs/msg/detail/traffic_signal_array__type_support.c.o[0m
[29.225s] [ 43%] [32mBuilding C object CMakeFiles/autoware_perception_msgs__rosidl_typesupport_introspection_c.dir/rosidl_typesupport_introspection_c/autoware_perception_msgs/msg/detail/predicted_path__type_support.c.o[0m
[29.333s] [ 44%] [32mBuilding C object CMakeFiles/autoware_perception_msgs__rosidl_typesupport_introspection_c.dir/rosidl_typesupport_introspection_c/autoware_perception_msgs/msg/detail/predicted_objects__type_support.c.o[0m
[29.440s] [ 45%] [32mBuilding C object CMakeFiles/autoware_perception_msgs__rosidl_typesupport_introspection_c.dir/rosidl_typesupport_introspection_c/autoware_perception_msgs/msg/detail/predicted_object_kinematics__type_support.c.o[0m
[29.549s] [ 46%] [32mBuilding C object CMakeFiles/autoware_perception_msgs__rosidl_typesupport_introspection_c.dir/rosidl_typesupport_introspection_c/autoware_perception_msgs/msg/detail/predicted_object__type_support.c.o[0m
[29.658s] [ 47%] [32m[1mLinking C shared library libautoware_perception_msgs__rosidl_typesupport_introspection_c.so[0m
[29.763s] [ 47%] Built target autoware_perception_msgs__rosidl_typesupport_introspection_c
[29.801s] [ 48%] [34m[1mGenerating C++ type support for eProsima Fast-RTPS[0m
[31.623s] [35m[1mScanning dependencies of target autoware_perception_msgs__rosidl_typesupport_fastrtps_cpp[0m
[31.691s] [ 49%] [32mBuilding CXX object CMakeFiles/autoware_perception_msgs__rosidl_typesupport_fastrtps_cpp.dir/rosidl_typesupport_fastrtps_cpp/autoware_perception_msgs/msg/detail/dds_fastrtps/object_classification__type_support.cpp.o[0m
[32.794s] [ 50%] [32mBuilding CXX object CMakeFiles/autoware_perception_msgs__rosidl_typesupport_fastrtps_cpp.dir/rosidl_typesupport_fastrtps_cpp/autoware_perception_msgs/msg/detail/dds_fastrtps/traffic_signal_element__type_support.cpp.o[0m
[33.839s] [ 51%] [32mBuilding CXX object CMakeFiles/autoware_perception_msgs__rosidl_typesupport_fastrtps_cpp.dir/rosidl_typesupport_fastrtps_cpp/autoware_perception_msgs/msg/detail/dds_fastrtps/traffic_signal__type_support.cpp.o[0m
[34.955s] [ 52%] [32mBuilding CXX object CMakeFiles/autoware_perception_msgs__rosidl_typesupport_fastrtps_cpp.dir/rosidl_typesupport_fastrtps_cpp/autoware_perception_msgs/msg/detail/dds_fastrtps/traffic_signal_array__type_support.cpp.o[0m
[36.180s] [ 53%] [32mBuilding CXX object CMakeFiles/autoware_perception_msgs__rosidl_typesupport_fastrtps_cpp.dir/rosidl_typesupport_fastrtps_cpp/autoware_perception_msgs/msg/detail/dds_fastrtps/shape__type_support.cpp.o[0m
[37.245s] [ 54%] [32mBuilding CXX object CMakeFiles/autoware_perception_msgs__rosidl_typesupport_fastrtps_cpp.dir/rosidl_typesupport_fastrtps_cpp/autoware_perception_msgs/msg/detail/dds_fastrtps/predicted_path__type_support.cpp.o[0m
[38.391s] [ 55%] [32mBuilding CXX object CMakeFiles/autoware_perception_msgs__rosidl_typesupport_fastrtps_cpp.dir/rosidl_typesupport_fastrtps_cpp/autoware_perception_msgs/msg/detail/dds_fastrtps/predicted_objects__type_support.cpp.o[0m
[39.729s] [ 56%] [32mBuilding CXX object CMakeFiles/autoware_perception_msgs__rosidl_typesupport_fastrtps_cpp.dir/rosidl_typesupport_fastrtps_cpp/autoware_perception_msgs/msg/detail/dds_fastrtps/predicted_object_kinematics__type_support.cpp.o[0m
[40.919s] [ 57%] [32mBuilding CXX object CMakeFiles/autoware_perception_msgs__rosidl_typesupport_fastrtps_cpp.dir/rosidl_typesupport_fastrtps_cpp/autoware_perception_msgs/msg/detail/dds_fastrtps/predicted_object__type_support.cpp.o[0m
[42.080s] [ 58%] [32m[1mLinking CXX shared library libautoware_perception_msgs__rosidl_typesupport_fastrtps_cpp.so[0m
[42.356s] [ 58%] Built target autoware_perception_msgs__rosidl_typesupport_fastrtps_cpp
[42.398s] [ 60%] [34m[1mGenerating C++ introspection for ROS interfaces[0m
[44.193s] [35m[1mScanning dependencies of target autoware_perception_msgs__rosidl_typesupport_introspection_cpp[0m
[44.248s] [ 61%] [32mBuilding CXX object CMakeFiles/autoware_perception_msgs__rosidl_typesupport_introspection_cpp.dir/rosidl_typesupport_introspection_cpp/autoware_perception_msgs/msg/detail/object_classification__type_support.cpp.o[0m
[44.984s] [ 62%] [32mBuilding CXX object CMakeFiles/autoware_perception_msgs__rosidl_typesupport_introspection_cpp.dir/rosidl_typesupport_introspection_cpp/autoware_perception_msgs/msg/detail/traffic_signal_element__type_support.cpp.o[0m
[45.715s] [ 63%] [32mBuilding CXX object CMakeFiles/autoware_perception_msgs__rosidl_typesupport_introspection_cpp.dir/rosidl_typesupport_introspection_cpp/autoware_perception_msgs/msg/detail/traffic_signal__type_support.cpp.o[0m
[46.534s] [ 64%] [32mBuilding CXX object CMakeFiles/autoware_perception_msgs__rosidl_typesupport_introspection_cpp.dir/rosidl_typesupport_introspection_cpp/autoware_perception_msgs/msg/detail/traffic_signal_array__type_support.cpp.o[0m
[47.437s] [ 65%] [32mBuilding CXX object CMakeFiles/autoware_perception_msgs__rosidl_typesupport_introspection_cpp.dir/rosidl_typesupport_introspection_cpp/autoware_perception_msgs/msg/detail/shape__type_support.cpp.o[0m
[48.209s] [ 66%] [32mBuilding CXX object CMakeFiles/autoware_perception_msgs__rosidl_typesupport_introspection_cpp.dir/rosidl_typesupport_introspection_cpp/autoware_perception_msgs/msg/detail/predicted_path__type_support.cpp.o[0m
[49.034s] [ 67%] [32mBuilding CXX object CMakeFiles/autoware_perception_msgs__rosidl_typesupport_introspection_cpp.dir/rosidl_typesupport_introspection_cpp/autoware_perception_msgs/msg/detail/predicted_objects__type_support.cpp.o[0m
[50.082s] [ 68%] [32mBuilding CXX object CMakeFiles/autoware_perception_msgs__rosidl_typesupport_introspection_cpp.dir/rosidl_typesupport_introspection_cpp/autoware_perception_msgs/msg/detail/predicted_object_kinematics__type_support.cpp.o[0m
[51.020s] [ 69%] [32mBuilding CXX object CMakeFiles/autoware_perception_msgs__rosidl_typesupport_introspection_cpp.dir/rosidl_typesupport_introspection_cpp/autoware_perception_msgs/msg/detail/predicted_object__type_support.cpp.o[0m
[52.082s] [ 70%] [32m[1mLinking CXX shared library libautoware_perception_msgs__rosidl_typesupport_introspection_cpp.so[0m
[52.324s] [ 70%] Built target autoware_perception_msgs__rosidl_typesupport_introspection_cpp
[52.370s] [ 71%] [34m[1mGenerating C type support for eProsima Fast-RTPS[0m
[54.243s] [35m[1mScanning dependencies of target autoware_perception_msgs__rosidl_typesupport_fastrtps_c[0m
[54.325s] [ 72%] [32mBuilding CXX object CMakeFiles/autoware_perception_msgs__rosidl_typesupport_fastrtps_c.dir/rosidl_typesupport_fastrtps_c/autoware_perception_msgs/msg/detail/object_classification__type_support_c.cpp.o[0m
[55.183s] [ 73%] [32mBuilding CXX object CMakeFiles/autoware_perception_msgs__rosidl_typesupport_fastrtps_c.dir/rosidl_typesupport_fastrtps_c/autoware_perception_msgs/msg/detail/traffic_signal__type_support_c.cpp.o[0m
[56.063s] [ 74%] [32mBuilding CXX object CMakeFiles/autoware_perception_msgs__rosidl_typesupport_fastrtps_c.dir/rosidl_typesupport_fastrtps_c/autoware_perception_msgs/msg/detail/traffic_signal_array__type_support_c.cpp.o[0m
[56.947s] [ 75%] [32mBuilding CXX object CMakeFiles/autoware_perception_msgs__rosidl_typesupport_fastrtps_c.dir/rosidl_typesupport_fastrtps_c/autoware_perception_msgs/msg/detail/traffic_signal_element__type_support_c.cpp.o[0m
[57.882s] [ 76%] [32mBuilding CXX object CMakeFiles/autoware_perception_msgs__rosidl_typesupport_fastrtps_c.dir/rosidl_typesupport_fastrtps_c/autoware_perception_msgs/msg/detail/shape__type_support_c.cpp.o[0m
[58.770s] [ 77%] [32mBuilding CXX object CMakeFiles/autoware_perception_msgs__rosidl_typesupport_fastrtps_c.dir/rosidl_typesupport_fastrtps_c/autoware_perception_msgs/msg/detail/predicted_path__type_support_c.cpp.o[0m
[59.661s] [ 78%] [32mBuilding CXX object CMakeFiles/autoware_perception_msgs__rosidl_typesupport_fastrtps_c.dir/rosidl_typesupport_fastrtps_c/autoware_perception_msgs/msg/detail/predicted_objects__type_support_c.cpp.o[0m
[60.551s] [ 80%] [32mBuilding CXX object CMakeFiles/autoware_perception_msgs__rosidl_typesupport_fastrtps_c.dir/rosidl_typesupport_fastrtps_c/autoware_perception_msgs/msg/detail/predicted_object_kinematics__type_support_c.cpp.o[0m
[61.418s] [ 81%] [32mBuilding CXX object CMakeFiles/autoware_perception_msgs__rosidl_typesupport_fastrtps_c.dir/rosidl_typesupport_fastrtps_c/autoware_perception_msgs/msg/detail/predicted_object__type_support_c.cpp.o[0m
[62.302s] [ 82%] [32m[1mLinking CXX shared library libautoware_perception_msgs__rosidl_typesupport_fastrtps_c.so[0m
[62.598s] [ 82%] Built target autoware_perception_msgs__rosidl_typesupport_fastrtps_c
[62.635s] [35m[1mScanning dependencies of target autoware_perception_msgs[0m
[62.675s] [ 82%] Built target autoware_perception_msgs
[62.713s] [35m[1mScanning dependencies of target autoware_perception_msgs__py[0m
[62.763s] [ 83%] [34m[1mGenerating Python code for ROS interfaces[0m
[66.161s] [ 83%] Built target autoware_perception_msgs__py
[66.195s] [35m[1mScanning dependencies of target autoware_perception_msgs__python[0m
[66.315s] [ 84%] [32mBuilding C object CMakeFiles/autoware_perception_msgs__python.dir/rosidl_generator_py/autoware_perception_msgs/msg/_object_classification_s.c.o[0m
[66.563s] [ 85%] [32mBuilding C object CMakeFiles/autoware_perception_msgs__python.dir/rosidl_generator_py/autoware_perception_msgs/msg/_traffic_signal_s.c.o[0m
[66.839s] [ 86%] [32mBuilding C object CMakeFiles/autoware_perception_msgs__python.dir/rosidl_generator_py/autoware_perception_msgs/msg/_traffic_signal_array_s.c.o[0m
[67.065s] [ 87%] [32mBuilding C object CMakeFiles/autoware_perception_msgs__python.dir/rosidl_generator_py/autoware_perception_msgs/msg/_traffic_signal_element_s.c.o[0m
[67.290s] [ 88%] [32mBuilding C object CMakeFiles/autoware_perception_msgs__python.dir/rosidl_generator_py/autoware_perception_msgs/msg/_shape_s.c.o[0m
[67.508s] [ 89%] [32mBuilding C object CMakeFiles/autoware_perception_msgs__python.dir/rosidl_generator_py/autoware_perception_msgs/msg/_predicted_path_s.c.o[0m
[67.751s] [ 90%] [32mBuilding C object CMakeFiles/autoware_perception_msgs__python.dir/rosidl_generator_py/autoware_perception_msgs/msg/_predicted_objects_s.c.o[0m
[68.003s] [ 91%] [32mBuilding C object CMakeFiles/autoware_perception_msgs__python.dir/rosidl_generator_py/autoware_perception_msgs/msg/_predicted_object_kinematics_s.c.o[0m
[68.250s] [ 92%] [32mBuilding C object CMakeFiles/autoware_perception_msgs__python.dir/rosidl_generator_py/autoware_perception_msgs/msg/_predicted_object_s.c.o[0m
[68.498s] [ 93%] [32m[1mLinking C shared library rosidl_generator_py/autoware_perception_msgs/libautoware_perception_msgs__python.so[0m
[68.655s] [ 93%] Built target autoware_perception_msgs__python
[68.698s] [35m[1mScanning dependencies of target autoware_perception_msgs__rosidl_typesupport_c__pyext[0m
[68.760s] [ 94%] [32mBuilding C object CMakeFiles/autoware_perception_msgs__rosidl_typesupport_c__pyext.dir/rosidl_generator_py/autoware_perception_msgs/_autoware_perception_msgs_s.ep.rosidl_typesupport_c.c.o[0m
[69.021s] [ 95%] [32m[1mLinking C shared library rosidl_generator_py/autoware_perception_msgs/autoware_perception_msgs_s__rosidl_typesupport_c.cpython-38-aarch64-linux-gnu.so[0m
[69.142s] [ 95%] Built target autoware_perception_msgs__rosidl_typesupport_c__pyext
[69.178s] [35m[1mScanning dependencies of target autoware_perception_msgs__rosidl_typesupport_fastrtps_c__pyext[0m
[69.247s] [ 96%] [32mBuilding C object CMakeFiles/autoware_perception_msgs__rosidl_typesupport_fastrtps_c__pyext.dir/rosidl_generator_py/autoware_perception_msgs/_autoware_perception_msgs_s.ep.rosidl_typesupport_fastrtps_c.c.o[0m
[69.513s] [ 97%] [32m[1mLinking CXX shared library rosidl_generator_py/autoware_perception_msgs/autoware_perception_msgs_s__rosidl_typesupport_fastrtps_c.cpython-38-aarch64-linux-gnu.so[0m
[69.703s] [ 97%] Built target autoware_perception_msgs__rosidl_typesupport_fastrtps_c__pyext
[69.737s] [35m[1mScanning dependencies of target autoware_perception_msgs__rosidl_typesupport_introspection_c__pyext[0m
[69.794s] [ 98%] [32mBuilding C object CMakeFiles/autoware_perception_msgs__rosidl_typesupport_introspection_c__pyext.dir/rosidl_generator_py/autoware_perception_msgs/_autoware_perception_msgs_s.ep.rosidl_typesupport_introspection_c.c.o[0m
[70.039s] [100%] [32m[1mLinking C shared library rosidl_generator_py/autoware_perception_msgs/autoware_perception_msgs_s__rosidl_typesupport_introspection_c.cpython-38-aarch64-linux-gnu.so[0m
[70.154s] [100%] Built target autoware_perception_msgs__rosidl_typesupport_introspection_c__pyext
[70.198s] Invoked command in '/root/r2ware/build/autoware_perception_msgs' returned '0': CMAKE_PREFIX_PATH=${CMAKE_PREFIX_PATH}:/root/yahboomcar_ros2_ws/yahboomcar_ws/install/yahboomcar_voice_ctrl:/root/yahboomcar_ros2_ws/yahboomcar_ws/install/yahboomcar_visual:/root/yahboomcar_ros2_ws/yahboomcar_ws/install/yahboomcar_nav:/root/yahboomcar_ros2_ws/yahboomcar_ws/install/yahboomcar_multi:/root/yahboomcar_ros2_ws/yahboomcar_ws/install/yahboomcar_mediapipe:/root/yahboomcar_ros2_ws/yahboomcar_ws/install/yahboomcar_linefollow:/root/yahboomcar_ros2_ws/yahboomcar_ws/install/yahboomcar_laser:/root/yahboomcar_ros2_ws/yahboomcar_ws/install/yahboomcar_description_x1:/root/yahboomcar_ros2_ws/yahboomcar_ws/install/yahboomcar_description:/root/yahboomcar_ros2_ws/yahboomcar_ws/install/yahboomcar_ctrl:/root/yahboomcar_ros2_ws/yahboomcar_ws/install/yahboomcar_bringup:/root/yahboomcar_ros2_ws/yahboomcar_ws/install/yahboomcar_astra:/root/yahboomcar_ros2_ws/yahboomcar_ws/install/yahboom_app_save_map:/root/yahboomcar_ros2_ws/yahboomcar_ws/install/robot_pose_publisher:/root/yahboomcar_ros2_ws/yahboomcar_ws/install/laserscan_to_point_pulisher:/opt/ros/foxy /usr/bin/cmake --build /root/r2ware/build/autoware_perception_msgs -- -j8 -l8
[71.002s] Invoking command in '/root/r2ware/build/autoware_perception_msgs': CMAKE_PREFIX_PATH=${CMAKE_PREFIX_PATH}:/root/yahboomcar_ros2_ws/yahboomcar_ws/install/yahboomcar_voice_ctrl:/root/yahboomcar_ros2_ws/yahboomcar_ws/install/yahboomcar_visual:/root/yahboomcar_ros2_ws/yahboomcar_ws/install/yahboomcar_nav:/root/yahboomcar_ros2_ws/yahboomcar_ws/install/yahboomcar_multi:/root/yahboomcar_ros2_ws/yahboomcar_ws/install/yahboomcar_mediapipe:/root/yahboomcar_ros2_ws/yahboomcar_ws/install/yahboomcar_linefollow:/root/yahboomcar_ros2_ws/yahboomcar_ws/install/yahboomcar_laser:/root/yahboomcar_ros2_ws/yahboomcar_ws/install/yahboomcar_description_x1:/root/yahboomcar_ros2_ws/yahboomcar_ws/install/yahboomcar_description:/root/yahboomcar_ros2_ws/yahboomcar_ws/install/yahboomcar_ctrl:/root/yahboomcar_ros2_ws/yahboomcar_ws/install/yahboomcar_bringup:/root/yahboomcar_ros2_ws/yahboomcar_ws/install/yahboomcar_astra:/root/yahboomcar_ros2_ws/yahboomcar_ws/install/yahboom_app_save_map:/root/yahboomcar_ros2_ws/yahboomcar_ws/install/robot_pose_publisher:/root/yahboomcar_ros2_ws/yahboomcar_ws/install/laserscan_to_point_pulisher:/opt/ros/foxy /usr/bin/cmake --install /root/r2ware/build/autoware_perception_msgs
[71.033s] -- Install configuration: ""
[71.033s] -- Installing: /root/r2ware/install/autoware_perception_msgs/share/ament_index/resource_index/rosidl_interfaces/autoware_perception_msgs
[71.034s] -- Installing: /root/r2ware/install/autoware_perception_msgs/include/autoware_perception_msgs
[71.034s] -- Installing: /root/r2ware/install/autoware_perception_msgs/include/autoware_perception_msgs/msg
[71.034s] -- Installing: /root/r2ware/install/autoware_perception_msgs/include/autoware_perception_msgs/msg/traffic_signal_array.h
[71.035s] -- Installing: /root/r2ware/install/autoware_perception_msgs/include/autoware_perception_msgs/msg/shape.h
[71.035s] -- Installing: /root/r2ware/install/autoware_perception_msgs/include/autoware_perception_msgs/msg/rosidl_generator_c__visibility_control.h
[71.035s] -- Installing: /root/r2ware/install/autoware_perception_msgs/include/autoware_perception_msgs/msg/predicted_object_kinematics.h
[71.035s] -- Installing: /root/r2ware/install/autoware_perception_msgs/include/autoware_perception_msgs/msg/object_classification.h
[71.035s] -- Installing: /root/r2ware/install/autoware_perception_msgs/include/autoware_perception_msgs/msg/predicted_objects.h
[71.036s] -- Installing: /root/r2ware/install/autoware_perception_msgs/include/autoware_perception_msgs/msg/predicted_path.h
[71.036s] -- Installing: /root/r2ware/install/autoware_perception_msgs/include/autoware_perception_msgs/msg/detail
[71.036s] -- Installing: /root/r2ware/install/autoware_perception_msgs/include/autoware_perception_msgs/msg/detail/predicted_path__type_support.h
[71.036s] -- Installing: /root/r2ware/install/autoware_perception_msgs/include/autoware_perception_msgs/msg/detail/predicted_object_kinematics__functions.c
[71.037s] -- Installing: /root/r2ware/install/autoware_perception_msgs/include/autoware_perception_msgs/msg/detail/predicted_object_kinematics__struct.h
[71.037s] -- Installing: /root/r2ware/install/autoware_perception_msgs/include/autoware_perception_msgs/msg/detail/traffic_signal__struct.h
[71.037s] -- Installing: /root/r2ware/install/autoware_perception_msgs/include/autoware_perception_msgs/msg/detail/object_classification__type_support.h
[71.037s] -- Installing: /root/r2ware/install/autoware_perception_msgs/include/autoware_perception_msgs/msg/detail/predicted_path__functions.h
[71.038s] -- Installing: /root/r2ware/install/autoware_perception_msgs/include/autoware_perception_msgs/msg/detail/predicted_object_kinematics__functions.h
[71.038s] -- Installing: /root/r2ware/install/autoware_perception_msgs/include/autoware_perception_msgs/msg/detail/object_classification__struct.h
[71.038s] -- Installing: /root/r2ware/install/autoware_perception_msgs/include/autoware_perception_msgs/msg/detail/traffic_signal_element__type_support.h
[71.038s] -- Installing: /root/r2ware/install/autoware_perception_msgs/include/autoware_perception_msgs/msg/detail/traffic_signal__type_support.h
[71.038s] -- Installing: /root/r2ware/install/autoware_perception_msgs/include/autoware_perception_msgs/msg/detail/traffic_signal__functions.c
[71.039s] -- Installing: /root/r2ware/install/autoware_perception_msgs/include/autoware_perception_msgs/msg/detail/traffic_signal_element__struct.h
[71.039s] -- Installing: /root/r2ware/install/autoware_perception_msgs/include/autoware_perception_msgs/msg/detail/predicted_object__functions.h
[71.039s] -- Installing: /root/r2ware/install/autoware_perception_msgs/include/autoware_perception_msgs/msg/detail/object_classification__functions.h
[71.039s] -- Installing: /root/r2ware/install/autoware_perception_msgs/include/autoware_perception_msgs/msg/detail/shape__struct.h
[71.040s] -- Installing: /root/r2ware/install/autoware_perception_msgs/include/autoware_perception_msgs/msg/detail/shape__functions.h
[71.040s] -- Installing: /root/r2ware/install/autoware_perception_msgs/include/autoware_perception_msgs/msg/detail/traffic_signal_array__functions.c
[71.040s] -- Installing: /root/r2ware/install/autoware_perception_msgs/include/autoware_perception_msgs/msg/detail/shape__type_support.h
[71.040s] -- Installing: /root/r2ware/install/autoware_perception_msgs/include/autoware_perception_msgs/msg/detail/shape__functions.c
[71.041s] -- Installing: /root/r2ware/install/autoware_perception_msgs/include/autoware_perception_msgs/msg/detail/predicted_objects__struct.h
[71.041s] -- Installing: /root/r2ware/install/autoware_perception_msgs/include/autoware_perception_msgs/msg/detail/predicted_objects__functions.h
[71.041s] -- Installing: /root/r2ware/install/autoware_perception_msgs/include/autoware_perception_msgs/msg/detail/predicted_object__struct.h
[71.041s] -- Installing: /root/r2ware/install/autoware_perception_msgs/include/autoware_perception_msgs/msg/detail/predicted_object_kinematics__type_support.h
[71.042s] -- Installing: /root/r2ware/install/autoware_perception_msgs/include/autoware_perception_msgs/msg/detail/predicted_path__struct.h
[71.042s] -- Installing: /root/r2ware/install/autoware_perception_msgs/include/autoware_perception_msgs/msg/detail/predicted_objects__functions.c
[71.042s] -- Installing: /root/r2ware/install/autoware_perception_msgs/include/autoware_perception_msgs/msg/detail/traffic_signal_array__functions.h
[71.042s] -- Installing: /root/r2ware/install/autoware_perception_msgs/include/autoware_perception_msgs/msg/detail/predicted_objects__type_support.h
[71.042s] -- Installing: /root/r2ware/install/autoware_perception_msgs/include/autoware_perception_msgs/msg/detail/predicted_object__functions.c
[71.043s] -- Installing: /root/r2ware/install/autoware_perception_msgs/include/autoware_perception_msgs/msg/detail/traffic_signal_element__functions.h
[71.043s] -- Installing: /root/r2ware/install/autoware_perception_msgs/include/autoware_perception_msgs/msg/detail/traffic_signal_element__functions.c
[71.043s] -- Installing: /root/r2ware/install/autoware_perception_msgs/include/autoware_perception_msgs/msg/detail/predicted_object__type_support.h
[71.043s] -- Installing: /root/r2ware/install/autoware_perception_msgs/include/autoware_perception_msgs/msg/detail/object_classification__functions.c
[71.044s] -- Installing: /root/r2ware/install/autoware_perception_msgs/include/autoware_perception_msgs/msg/detail/predicted_path__functions.c
[71.044s] -- Installing: /root/r2ware/install/autoware_perception_msgs/include/autoware_perception_msgs/msg/detail/traffic_signal_array__struct.h
[71.044s] -- Installing: /root/r2ware/install/autoware_perception_msgs/include/autoware_perception_msgs/msg/detail/traffic_signal__functions.h
[71.044s] -- Installing: /root/r2ware/install/autoware_perception_msgs/include/autoware_perception_msgs/msg/detail/traffic_signal_array__type_support.h
[71.045s] -- Installing: /root/r2ware/install/autoware_perception_msgs/include/autoware_perception_msgs/msg/predicted_object.h
[71.045s] -- Installing: /root/r2ware/install/autoware_perception_msgs/include/autoware_perception_msgs/msg/traffic_signal.h
[71.045s] -- Installing: /root/r2ware/install/autoware_perception_msgs/include/autoware_perception_msgs/msg/traffic_signal_element.h
[71.046s] -- Installing: /root/r2ware/install/autoware_perception_msgs/share/autoware_perception_msgs/environment/library_path.sh
[71.046s] -- Installing: /root/r2ware/install/autoware_perception_msgs/share/autoware_perception_msgs/environment/library_path.dsv
[71.047s] -- Installing: /root/r2ware/install/autoware_perception_msgs/lib/libautoware_perception_msgs__rosidl_generator_c.so
[71.047s] -- Set runtime path of "/root/r2ware/install/autoware_perception_msgs/lib/libautoware_perception_msgs__rosidl_generator_c.so" to ""
[71.048s] -- Up-to-date: /root/r2ware/install/autoware_perception_msgs/include/autoware_perception_msgs
[71.048s] -- Up-to-date: /root/r2ware/install/autoware_perception_msgs/include/autoware_perception_msgs/msg
[71.048s] -- Installing: /root/r2ware/install/autoware_perception_msgs/include/autoware_perception_msgs/msg/rosidl_typesupport_fastrtps_c__visibility_control.h
[71.048s] -- Up-to-date: /root/r2ware/install/autoware_perception_msgs/include/autoware_perception_msgs/msg/detail
[71.048s] -- Installing: /root/r2ware/install/autoware_perception_msgs/include/autoware_perception_msgs/msg/detail/traffic_signal_array__rosidl_typesupport_fastrtps_c.h
[71.048s] -- Installing: /root/r2ware/install/autoware_perception_msgs/include/autoware_perception_msgs/msg/detail/traffic_signal_element__rosidl_typesupport_fastrtps_c.h
[71.049s] -- Installing: /root/r2ware/install/autoware_perception_msgs/include/autoware_perception_msgs/msg/detail/predicted_path__rosidl_typesupport_fastrtps_c.h
[71.049s] -- Installing: /root/r2ware/install/autoware_perception_msgs/include/autoware_perception_msgs/msg/detail/predicted_object__rosidl_typesupport_fastrtps_c.h
[71.049s] -- Installing: /root/r2ware/install/autoware_perception_msgs/include/autoware_perception_msgs/msg/detail/object_classification__rosidl_typesupport_fastrtps_c.h
[71.049s] -- Installing: /root/r2ware/install/autoware_perception_msgs/include/autoware_perception_msgs/msg/detail/predicted_objects__rosidl_typesupport_fastrtps_c.h
[71.050s] -- Installing: /root/r2ware/install/autoware_perception_msgs/include/autoware_perception_msgs/msg/detail/shape__rosidl_typesupport_fastrtps_c.h
[71.050s] -- Installing: /root/r2ware/install/autoware_perception_msgs/include/autoware_perception_msgs/msg/detail/traffic_signal__rosidl_typesupport_fastrtps_c.h
[71.050s] -- Installing: /root/r2ware/install/autoware_perception_msgs/include/autoware_perception_msgs/msg/detail/predicted_object_kinematics__rosidl_typesupport_fastrtps_c.h
[71.051s] -- Installing: /root/r2ware/install/autoware_perception_msgs/lib/libautoware_perception_msgs__rosidl_typesupport_fastrtps_c.so
[71.051s] -- Set runtime path of "/root/r2ware/install/autoware_perception_msgs/lib/libautoware_perception_msgs__rosidl_typesupport_fastrtps_c.so" to ""
[71.052s] -- Up-to-date: /root/r2ware/install/autoware_perception_msgs/include/autoware_perception_msgs
[71.052s] -- Up-to-date: /root/r2ware/install/autoware_perception_msgs/include/autoware_perception_msgs/msg
[71.052s] -- Installing: /root/r2ware/install/autoware_perception_msgs/include/autoware_perception_msgs/msg/rosidl_typesupport_fastrtps_cpp__visibility_control.h
[71.052s] -- Up-to-date: /root/r2ware/install/autoware_perception_msgs/include/autoware_perception_msgs/msg/detail
[71.052s] -- Installing: /root/r2ware/install/autoware_perception_msgs/include/autoware_perception_msgs/msg/detail/predicted_object_kinematics__rosidl_typesupport_fastrtps_cpp.hpp
[71.052s] -- Installing: /root/r2ware/install/autoware_perception_msgs/include/autoware_perception_msgs/msg/detail/traffic_signal_element__rosidl_typesupport_fastrtps_cpp.hpp
[71.053s] -- Installing: /root/r2ware/install/autoware_perception_msgs/include/autoware_perception_msgs/msg/detail/object_classification__rosidl_typesupport_fastrtps_cpp.hpp
[71.053s] -- Installing: /root/r2ware/install/autoware_perception_msgs/include/autoware_perception_msgs/msg/detail/traffic_signal_array__rosidl_typesupport_fastrtps_cpp.hpp
[71.053s] -- Installing: /root/r2ware/install/autoware_perception_msgs/include/autoware_perception_msgs/msg/detail/traffic_signal__rosidl_typesupport_fastrtps_cpp.hpp
[71.053s] -- Installing: /root/r2ware/install/autoware_perception_msgs/include/autoware_perception_msgs/msg/detail/dds_fastrtps
[71.053s] -- Installing: /root/r2ware/install/autoware_perception_msgs/include/autoware_perception_msgs/msg/detail/shape__rosidl_typesupport_fastrtps_cpp.hpp
[71.054s] -- Installing: /root/r2ware/install/autoware_perception_msgs/include/autoware_perception_msgs/msg/detail/predicted_path__rosidl_typesupport_fastrtps_cpp.hpp
[71.054s] -- Installing: /root/r2ware/install/autoware_perception_msgs/include/autoware_perception_msgs/msg/detail/predicted_object__rosidl_typesupport_fastrtps_cpp.hpp
[71.055s] -- Installing: /root/r2ware/install/autoware_perception_msgs/include/autoware_perception_msgs/msg/detail/predicted_objects__rosidl_typesupport_fastrtps_cpp.hpp
[71.056s] -- Installing: /root/r2ware/install/autoware_perception_msgs/lib/libautoware_perception_msgs__rosidl_typesupport_fastrtps_cpp.so
[71.057s] -- Set runtime path of "/root/r2ware/install/autoware_perception_msgs/lib/libautoware_perception_msgs__rosidl_typesupport_fastrtps_cpp.so" to ""
[71.057s] -- Up-to-date: /root/r2ware/install/autoware_perception_msgs/include/autoware_perception_msgs
[71.057s] -- Up-to-date: /root/r2ware/install/autoware_perception_msgs/include/autoware_perception_msgs/msg
[71.057s] -- Installing: /root/r2ware/install/autoware_perception_msgs/include/autoware_perception_msgs/msg/rosidl_typesupport_introspection_c__visibility_control.h
[71.058s] -- Up-to-date: /root/r2ware/install/autoware_perception_msgs/include/autoware_perception_msgs/msg/detail
[71.058s] -- Installing: /root/r2ware/install/autoware_perception_msgs/include/autoware_perception_msgs/msg/detail/traffic_signal_array__type_support.c
[71.058s] -- Installing: /root/r2ware/install/autoware_perception_msgs/include/autoware_perception_msgs/msg/detail/traffic_signal_array__rosidl_typesupport_introspection_c.h
[71.058s] -- Installing: /root/r2ware/install/autoware_perception_msgs/include/autoware_perception_msgs/msg/detail/predicted_object__type_support.c
[71.059s] -- Installing: /root/r2ware/install/autoware_perception_msgs/include/autoware_perception_msgs/msg/detail/predicted_path__rosidl_typesupport_introspection_c.h
[71.059s] -- Installing: /root/r2ware/install/autoware_perception_msgs/include/autoware_perception_msgs/msg/detail/shape__type_support.c
[71.059s] -- Installing: /root/r2ware/install/autoware_perception_msgs/include/autoware_perception_msgs/msg/detail/predicted_path__type_support.c
[71.061s] -- Installing: /root/r2ware/install/autoware_perception_msgs/include/autoware_perception_msgs/msg/detail/traffic_signal_element__rosidl_typesupport_introspection_c.h
[71.061s] -- Installing: /root/r2ware/install/autoware_perception_msgs/include/autoware_perception_msgs/msg/detail/predicted_object__rosidl_typesupport_introspection_c.h
[71.061s] -- Installing: /root/r2ware/install/autoware_perception_msgs/include/autoware_perception_msgs/msg/detail/object_classification__type_support.c
[71.061s] -- Installing: /root/r2ware/install/autoware_perception_msgs/include/autoware_perception_msgs/msg/detail/traffic_signal__rosidl_typesupport_introspection_c.h
[71.062s] -- Installing: /root/r2ware/install/autoware_perception_msgs/include/autoware_perception_msgs/msg/detail/predicted_object_kinematics__rosidl_typesupport_introspection_c.h
[71.062s] -- Installing: /root/r2ware/install/autoware_perception_msgs/include/autoware_perception_msgs/msg/detail/shape__rosidl_typesupport_introspection_c.h
[71.062s] -- Installing: /root/r2ware/install/autoware_perception_msgs/include/autoware_perception_msgs/msg/detail/predicted_objects__type_support.c
[71.062s] -- Installing: /root/r2ware/install/autoware_perception_msgs/include/autoware_perception_msgs/msg/detail/object_classification__rosidl_typesupport_introspection_c.h
[71.062s] -- Installing: /root/r2ware/install/autoware_perception_msgs/include/autoware_perception_msgs/msg/detail/traffic_signal_element__type_support.c
[71.062s] -- Installing: /root/r2ware/install/autoware_perception_msgs/include/autoware_perception_msgs/msg/detail/traffic_signal__type_support.c
[71.063s] -- Installing: /root/r2ware/install/autoware_perception_msgs/include/autoware_perception_msgs/msg/detail/predicted_object_kinematics__type_support.c
[71.063s] -- Installing: /root/r2ware/install/autoware_perception_msgs/include/autoware_perception_msgs/msg/detail/predicted_objects__rosidl_typesupport_introspection_c.h
[71.063s] -- Installing: /root/r2ware/install/autoware_perception_msgs/lib/libautoware_perception_msgs__rosidl_typesupport_introspection_c.so
[71.064s] -- Set runtime path of "/root/r2ware/install/autoware_perception_msgs/lib/libautoware_perception_msgs__rosidl_typesupport_introspection_c.so" to ""
[71.064s] -- Installing: /root/r2ware/install/autoware_perception_msgs/lib/libautoware_perception_msgs__rosidl_typesupport_c.so
[71.065s] -- Set runtime path of "/root/r2ware/install/autoware_perception_msgs/lib/libautoware_perception_msgs__rosidl_typesupport_c.so" to ""
[71.065s] -- Up-to-date: /root/r2ware/install/autoware_perception_msgs/include/autoware_perception_msgs
[71.065s] -- Up-to-date: /root/r2ware/install/autoware_perception_msgs/include/autoware_perception_msgs/msg
[71.065s] -- Installing: /root/r2ware/install/autoware_perception_msgs/include/autoware_perception_msgs/msg/traffic_signal.hpp
[71.065s] -- Installing: /root/r2ware/install/autoware_perception_msgs/include/autoware_perception_msgs/msg/shape.hpp
[71.066s] -- Installing: /root/r2ware/install/autoware_perception_msgs/include/autoware_perception_msgs/msg/object_classification.hpp
[71.066s] -- Installing: /root/r2ware/install/autoware_perception_msgs/include/autoware_perception_msgs/msg/traffic_signal_array.hpp
[71.066s] -- Installing: /root/r2ware/install/autoware_perception_msgs/include/autoware_perception_msgs/msg/traffic_signal_element.hpp
[71.067s] -- Installing: /root/r2ware/install/autoware_perception_msgs/include/autoware_perception_msgs/msg/predicted_path.hpp
[71.067s] -- Up-to-date: /root/r2ware/install/autoware_perception_msgs/include/autoware_perception_msgs/msg/detail
[71.067s] -- Installing: /root/r2ware/install/autoware_perception_msgs/include/autoware_perception_msgs/msg/detail/traffic_signal_element__struct.hpp
[71.067s] -- Installing: /root/r2ware/install/autoware_perception_msgs/include/autoware_perception_msgs/msg/detail/predicted_objects__struct.hpp
[71.068s] -- Installing: /root/r2ware/install/autoware_perception_msgs/include/autoware_perception_msgs/msg/detail/traffic_signal__struct.hpp
[71.068s] -- Installing: /root/r2ware/install/autoware_perception_msgs/include/autoware_perception_msgs/msg/detail/traffic_signal__builder.hpp
[71.068s] -- Installing: /root/r2ware/install/autoware_perception_msgs/include/autoware_perception_msgs/msg/detail/shape__struct.hpp
[71.068s] -- Installing: /root/r2ware/install/autoware_perception_msgs/include/autoware_perception_msgs/msg/detail/predicted_object__struct.hpp
[71.069s] -- Installing: /root/r2ware/install/autoware_perception_msgs/include/autoware_perception_msgs/msg/detail/predicted_object__traits.hpp
[71.069s] -- Installing: /root/r2ware/install/autoware_perception_msgs/include/autoware_perception_msgs/msg/detail/predicted_objects__builder.hpp
[71.069s] -- Installing: /root/r2ware/install/autoware_perception_msgs/include/autoware_perception_msgs/msg/detail/shape__builder.hpp
[71.069s] -- Installing: /root/r2ware/install/autoware_perception_msgs/include/autoware_perception_msgs/msg/detail/predicted_path__struct.hpp
[71.070s] -- Installing: /root/r2ware/install/autoware_perception_msgs/include/autoware_perception_msgs/msg/detail/predicted_object__builder.hpp
[71.070s] -- Installing: /root/r2ware/install/autoware_perception_msgs/include/autoware_perception_msgs/msg/detail/predicted_object_kinematics__struct.hpp
[71.070s] -- Installing: /root/r2ware/install/autoware_perception_msgs/include/autoware_perception_msgs/msg/detail/object_classification__struct.hpp
[71.071s] -- Installing: /root/r2ware/install/autoware_perception_msgs/include/autoware_perception_msgs/msg/detail/shape__traits.hpp
[71.071s] -- Installing: /root/r2ware/install/autoware_perception_msgs/include/autoware_perception_msgs/msg/detail/traffic_signal_element__builder.hpp
[71.071s] -- Installing: /root/r2ware/install/autoware_perception_msgs/include/autoware_perception_msgs/msg/detail/traffic_signal_array__builder.hpp
[71.071s] -- Installing: /root/r2ware/install/autoware_perception_msgs/include/autoware_perception_msgs/msg/detail/traffic_signal_array__struct.hpp
[71.072s] -- Installing: /root/r2ware/install/autoware_perception_msgs/include/autoware_perception_msgs/msg/detail/predicted_object_kinematics__builder.hpp
[71.072s] -- Installing: /root/r2ware/install/autoware_perception_msgs/include/autoware_perception_msgs/msg/detail/predicted_path__traits.hpp
[71.072s] -- Installing: /root/r2ware/install/autoware_perception_msgs/include/autoware_perception_msgs/msg/detail/traffic_signal_element__traits.hpp
[71.072s] -- Installing: /root/r2ware/install/autoware_perception_msgs/include/autoware_perception_msgs/msg/detail/predicted_object_kinematics__traits.hpp
[71.073s] -- Installing: /root/r2ware/install/autoware_perception_msgs/include/autoware_perception_msgs/msg/detail/predicted_objects__traits.hpp
[71.073s] -- Installing: /root/r2ware/install/autoware_perception_msgs/include/autoware_perception_msgs/msg/detail/object_classification__builder.hpp
[71.073s] -- Installing: /root/r2ware/install/autoware_perception_msgs/include/autoware_perception_msgs/msg/detail/traffic_signal__traits.hpp
[71.073s] -- Installing: /root/r2ware/install/autoware_perception_msgs/include/autoware_perception_msgs/msg/detail/traffic_signal_array__traits.hpp
[71.074s] -- Installing: /root/r2ware/install/autoware_perception_msgs/include/autoware_perception_msgs/msg/detail/predicted_path__builder.hpp
[71.074s] -- Installing: /root/r2ware/install/autoware_perception_msgs/include/autoware_perception_msgs/msg/detail/object_classification__traits.hpp
[71.074s] -- Installing: /root/r2ware/install/autoware_perception_msgs/include/autoware_perception_msgs/msg/predicted_object.hpp
[71.074s] -- Installing: /root/r2ware/install/autoware_perception_msgs/include/autoware_perception_msgs/msg/predicted_objects.hpp
[71.075s] -- Installing: /root/r2ware/install/autoware_perception_msgs/include/autoware_perception_msgs/msg/predicted_object_kinematics.hpp
[71.075s] -- Up-to-date: /root/r2ware/install/autoware_perception_msgs/include/autoware_perception_msgs
[71.075s] -- Up-to-date: /root/r2ware/install/autoware_perception_msgs/include/autoware_perception_msgs/msg
[71.075s] -- Up-to-date: /root/r2ware/install/autoware_perception_msgs/include/autoware_perception_msgs/msg/detail
[71.076s] -- Installing: /root/r2ware/install/autoware_perception_msgs/include/autoware_perception_msgs/msg/detail/predicted_object__type_support.cpp
[71.076s] -- Installing: /root/r2ware/install/autoware_perception_msgs/include/autoware_perception_msgs/msg/detail/object_classification__rosidl_typesupport_introspection_cpp.hpp
[71.077s] -- Installing: /root/r2ware/install/autoware_perception_msgs/include/autoware_perception_msgs/msg/detail/shape__type_support.cpp
[71.077s] -- Installing: /root/r2ware/install/autoware_perception_msgs/include/autoware_perception_msgs/msg/detail/traffic_signal__type_support.cpp
[71.078s] -- Installing: /root/r2ware/install/autoware_perception_msgs/include/autoware_perception_msgs/msg/detail/predicted_object_kinematics__type_support.cpp
[71.078s] -- Installing: /root/r2ware/install/autoware_perception_msgs/include/autoware_perception_msgs/msg/detail/traffic_signal_array__type_support.cpp
[71.078s] -- Installing: /root/r2ware/install/autoware_perception_msgs/include/autoware_perception_msgs/msg/detail/predicted_objects__rosidl_typesupport_introspection_cpp.hpp
[71.078s] -- Installing: /root/r2ware/install/autoware_perception_msgs/include/autoware_perception_msgs/msg/detail/predicted_path__rosidl_typesupport_introspection_cpp.hpp
[71.079s] -- Installing: /root/r2ware/install/autoware_perception_msgs/include/autoware_perception_msgs/msg/detail/predicted_object__rosidl_typesupport_introspection_cpp.hpp
[71.079s] -- Installing: /root/r2ware/install/autoware_perception_msgs/include/autoware_perception_msgs/msg/detail/predicted_object_kinematics__rosidl_typesupport_introspection_cpp.hpp
[71.080s] -- Installing: /root/r2ware/install/autoware_perception_msgs/include/autoware_perception_msgs/msg/detail/traffic_signal_element__rosidl_typesupport_introspection_cpp.hpp
[71.080s] -- Installing: /root/r2ware/install/autoware_perception_msgs/include/autoware_perception_msgs/msg/detail/shape__rosidl_typesupport_introspection_cpp.hpp
[71.080s] -- Installing: /root/r2ware/install/autoware_perception_msgs/include/autoware_perception_msgs/msg/detail/traffic_signal_array__rosidl_typesupport_introspection_cpp.hpp
[71.080s] -- Installing: /root/r2ware/install/autoware_perception_msgs/include/autoware_perception_msgs/msg/detail/predicted_path__type_support.cpp
[71.080s] -- Installing: /root/r2ware/install/autoware_perception_msgs/include/autoware_perception_msgs/msg/detail/traffic_signal_element__type_support.cpp
[71.080s] -- Installing: /root/r2ware/install/autoware_perception_msgs/include/autoware_perception_msgs/msg/detail/object_classification__type_support.cpp
[71.080s] -- Installing: /root/r2ware/install/autoware_perception_msgs/include/autoware_perception_msgs/msg/detail/predicted_objects__type_support.cpp
[71.081s] -- Installing: /root/r2ware/install/autoware_perception_msgs/include/autoware_perception_msgs/msg/detail/traffic_signal__rosidl_typesupport_introspection_cpp.hpp
[71.081s] -- Installing: /root/r2ware/install/autoware_perception_msgs/lib/libautoware_perception_msgs__rosidl_typesupport_introspection_cpp.so
[71.082s] -- Set runtime path of "/root/r2ware/install/autoware_perception_msgs/lib/libautoware_perception_msgs__rosidl_typesupport_introspection_cpp.so" to ""
[71.082s] -- Installing: /root/r2ware/install/autoware_perception_msgs/lib/libautoware_perception_msgs__rosidl_typesupport_cpp.so
[71.083s] -- Set runtime path of "/root/r2ware/install/autoware_perception_msgs/lib/libautoware_perception_msgs__rosidl_typesupport_cpp.so" to ""
[71.083s] -- Installing: /root/r2ware/install/autoware_perception_msgs/share/autoware_perception_msgs/environment/pythonpath.sh
[71.083s] -- Installing: /root/r2ware/install/autoware_perception_msgs/share/autoware_perception_msgs/environment/pythonpath.dsv
[71.084s] -- Installing: /root/r2ware/install/autoware_perception_msgs/lib/python3.8/site-packages/autoware_perception_msgs/__init__.py
[71.188s] Compiling '/root/r2ware/install/autoware_perception_msgs/lib/python3.8/site-packages/autoware_perception_msgs/__init__.py'...
[71.201s] -- Installing: /root/r2ware/install/autoware_perception_msgs/lib/python3.8/site-packages/autoware_perception_msgs/msg
[71.201s] -- Installing: /root/r2ware/install/autoware_perception_msgs/lib/python3.8/site-packages/autoware_perception_msgs/msg/_traffic_signal.py
[71.202s] -- Installing: /root/r2ware/install/autoware_perception_msgs/lib/python3.8/site-packages/autoware_perception_msgs/msg/_predicted_objects_s.c
[71.202s] -- Installing: /root/r2ware/install/autoware_perception_msgs/lib/python3.8/site-packages/autoware_perception_msgs/msg/_object_classification_s.c
[71.202s] -- Installing: /root/r2ware/install/autoware_perception_msgs/lib/python3.8/site-packages/autoware_perception_msgs/msg/_predicted_path.py
[71.202s] -- Installing: /root/r2ware/install/autoware_perception_msgs/lib/python3.8/site-packages/autoware_perception_msgs/msg/__init__.py
[71.202s] -- Installing: /root/r2ware/install/autoware_perception_msgs/lib/python3.8/site-packages/autoware_perception_msgs/msg/_predicted_path_s.c
[71.203s] -- Installing: /root/r2ware/install/autoware_perception_msgs/lib/python3.8/site-packages/autoware_perception_msgs/msg/_traffic_signal_array_s.c
[71.203s] -- Installing: /root/r2ware/install/autoware_perception_msgs/lib/python3.8/site-packages/autoware_perception_msgs/msg/_predicted_object_kinematics_s.c
[71.203s] -- Installing: /root/r2ware/install/autoware_perception_msgs/lib/python3.8/site-packages/autoware_perception_msgs/msg/_predicted_object_s.c
[71.203s] -- Installing: /root/r2ware/install/autoware_perception_msgs/lib/python3.8/site-packages/autoware_perception_msgs/msg/_traffic_signal_array.py
[71.204s] -- Installing: /root/r2ware/install/autoware_perception_msgs/lib/python3.8/site-packages/autoware_perception_msgs/msg/_shape_s.c
[71.204s] -- Installing: /root/r2ware/install/autoware_perception_msgs/lib/python3.8/site-packages/autoware_perception_msgs/msg/_predicted_object.py
[71.204s] -- Installing: /root/r2ware/install/autoware_perception_msgs/lib/python3.8/site-packages/autoware_perception_msgs/msg/_traffic_signal_s.c
[71.204s] -- Installing: /root/r2ware/install/autoware_perception_msgs/lib/python3.8/site-packages/autoware_perception_msgs/msg/_shape.py
[71.205s] -- Installing: /root/r2ware/install/autoware_perception_msgs/lib/python3.8/site-packages/autoware_perception_msgs/msg/_traffic_signal_element.py
[71.205s] -- Installing: /root/r2ware/install/autoware_perception_msgs/lib/python3.8/site-packages/autoware_perception_msgs/msg/_object_classification.py
[71.205s] -- Installing: /root/r2ware/install/autoware_perception_msgs/lib/python3.8/site-packages/autoware_perception_msgs/msg/_traffic_signal_element_s.c
[71.206s] -- Installing: /root/r2ware/install/autoware_perception_msgs/lib/python3.8/site-packages/autoware_perception_msgs/msg/_predicted_objects.py
[71.206s] -- Installing: /root/r2ware/install/autoware_perception_msgs/lib/python3.8/site-packages/autoware_perception_msgs/msg/_predicted_object_kinematics.py
[71.207s] -- Installing: /root/r2ware/install/autoware_perception_msgs/lib/python3.8/site-packages/autoware_perception_msgs/autoware_perception_msgs_s__rosidl_typesupport_fastrtps_c.cpython-38-aarch64-linux-gnu.so
[71.208s] -- Set runtime path of "/root/r2ware/install/autoware_perception_msgs/lib/python3.8/site-packages/autoware_perception_msgs/autoware_perception_msgs_s__rosidl_typesupport_fastrtps_c.cpython-38-aarch64-linux-gnu.so" to ""
[71.209s] -- Installing: /root/r2ware/install/autoware_perception_msgs/lib/python3.8/site-packages/autoware_perception_msgs/autoware_perception_msgs_s__rosidl_typesupport_introspection_c.cpython-38-aarch64-linux-gnu.so
[71.210s] -- Set runtime path of "/root/r2ware/install/autoware_perception_msgs/lib/python3.8/site-packages/autoware_perception_msgs/autoware_perception_msgs_s__rosidl_typesupport_introspection_c.cpython-38-aarch64-linux-gnu.so" to ""
[71.211s] -- Installing: /root/r2ware/install/autoware_perception_msgs/lib/python3.8/site-packages/autoware_perception_msgs/autoware_perception_msgs_s__rosidl_typesupport_c.cpython-38-aarch64-linux-gnu.so
[71.212s] -- Set runtime path of "/root/r2ware/install/autoware_perception_msgs/lib/python3.8/site-packages/autoware_perception_msgs/autoware_perception_msgs_s__rosidl_typesupport_c.cpython-38-aarch64-linux-gnu.so" to ""
[71.212s] -- Installing: /root/r2ware/install/autoware_perception_msgs/lib/libautoware_perception_msgs__python.so
[71.213s] -- Set runtime path of "/root/r2ware/install/autoware_perception_msgs/lib/libautoware_perception_msgs__python.so" to ""
[71.213s] -- Installing: /root/r2ware/install/autoware_perception_msgs/share/autoware_perception_msgs/msg/ObjectClassification.idl
[71.214s] -- Installing: /root/r2ware/install/autoware_perception_msgs/share/autoware_perception_msgs/msg/PredictedObject.idl
[71.214s] -- Installing: /root/r2ware/install/autoware_perception_msgs/share/autoware_perception_msgs/msg/PredictedObjectKinematics.idl
[71.214s] -- Installing: /root/r2ware/install/autoware_perception_msgs/share/autoware_perception_msgs/msg/PredictedObjects.idl
[71.215s] -- Installing: /root/r2ware/install/autoware_perception_msgs/share/autoware_perception_msgs/msg/PredictedPath.idl
[71.215s] -- Installing: /root/r2ware/install/autoware_perception_msgs/share/autoware_perception_msgs/msg/Shape.idl
[71.215s] -- Installing: /root/r2ware/install/autoware_perception_msgs/share/autoware_perception_msgs/msg/TrafficSignalElement.idl
[71.216s] -- Installing: /root/r2ware/install/autoware_perception_msgs/share/autoware_perception_msgs/msg/TrafficSignal.idl
[71.216s] -- Installing: /root/r2ware/install/autoware_perception_msgs/share/autoware_perception_msgs/msg/TrafficSignalArray.idl
[71.216s] -- Installing: /root/r2ware/install/autoware_perception_msgs/share/autoware_perception_msgs/msg/ObjectClassification.msg
[71.217s] -- Installing: /root/r2ware/install/autoware_perception_msgs/share/autoware_perception_msgs/msg/PredictedObject.msg
[71.217s] -- Installing: /root/r2ware/install/autoware_perception_msgs/share/autoware_perception_msgs/msg/PredictedObjectKinematics.msg
[71.217s] -- Installing: /root/r2ware/install/autoware_perception_msgs/share/autoware_perception_msgs/msg/PredictedObjects.msg
[71.218s] -- Installing: /root/r2ware/install/autoware_perception_msgs/share/autoware_perception_msgs/msg/PredictedPath.msg
[71.218s] -- Installing: /root/r2ware/install/autoware_perception_msgs/share/autoware_perception_msgs/msg/Shape.msg
[71.218s] -- Installing: /root/r2ware/install/autoware_perception_msgs/share/autoware_perception_msgs/msg/TrafficSignalElement.msg
[71.219s] -- Installing: /root/r2ware/install/autoware_perception_msgs/share/autoware_perception_msgs/msg/TrafficSignal.msg
[71.219s] -- Installing: /root/r2ware/install/autoware_perception_msgs/share/autoware_perception_msgs/msg/TrafficSignalArray.msg
[71.219s] -- Installing: /root/r2ware/install/autoware_perception_msgs/share/ament_index/resource_index/package_run_dependencies/autoware_perception_msgs
[71.220s] -- Installing: /root/r2ware/install/autoware_perception_msgs/share/ament_index/resource_index/parent_prefix_path/autoware_perception_msgs
[71.220s] -- Installing: /root/r2ware/install/autoware_perception_msgs/share/autoware_perception_msgs/environment/ament_prefix_path.sh
[71.221s] -- Installing: /root/r2ware/install/autoware_perception_msgs/share/autoware_perception_msgs/environment/ament_prefix_path.dsv
[71.221s] -- Installing: /root/r2ware/install/autoware_perception_msgs/share/autoware_perception_msgs/environment/path.sh
[71.222s] -- Installing: /root/r2ware/install/autoware_perception_msgs/share/autoware_perception_msgs/environment/path.dsv
[71.222s] -- Installing: /root/r2ware/install/autoware_perception_msgs/share/autoware_perception_msgs/local_setup.bash
[71.222s] -- Installing: /root/r2ware/install/autoware_perception_msgs/share/autoware_perception_msgs/local_setup.sh
[71.223s] -- Installing: /root/r2ware/install/autoware_perception_msgs/share/autoware_perception_msgs/local_setup.zsh
[71.223s] -- Installing: /root/r2ware/install/autoware_perception_msgs/share/autoware_perception_msgs/local_setup.dsv
[71.223s] -- Installing: /root/r2ware/install/autoware_perception_msgs/share/autoware_perception_msgs/package.dsv
[71.224s] -- Installing: /root/r2ware/install/autoware_perception_msgs/share/ament_index/resource_index/packages/autoware_perception_msgs
[71.224s] -- Installing: /root/r2ware/install/autoware_perception_msgs/share/autoware_perception_msgs/cmake/autoware_perception_msgs__rosidl_generator_cExport.cmake
[71.225s] -- Installing: /root/r2ware/install/autoware_perception_msgs/share/autoware_perception_msgs/cmake/autoware_perception_msgs__rosidl_generator_cExport-noconfig.cmake
[71.225s] -- Installing: /root/r2ware/install/autoware_perception_msgs/share/autoware_perception_msgs/cmake/autoware_perception_msgs__rosidl_typesupport_introspection_cExport.cmake
[71.226s] -- Installing: /root/r2ware/install/autoware_perception_msgs/share/autoware_perception_msgs/cmake/autoware_perception_msgs__rosidl_typesupport_introspection_cExport-noconfig.cmake
[71.226s] -- Installing: /root/r2ware/install/autoware_perception_msgs/share/autoware_perception_msgs/cmake/autoware_perception_msgs__rosidl_typesupport_cExport.cmake
[71.227s] -- Installing: /root/r2ware/install/autoware_perception_msgs/share/autoware_perception_msgs/cmake/autoware_perception_msgs__rosidl_typesupport_cExport-noconfig.cmake
[71.227s] -- Installing: /root/r2ware/install/autoware_perception_msgs/share/autoware_perception_msgs/cmake/autoware_perception_msgs__rosidl_generator_cppExport.cmake
[71.228s] -- Installing: /root/r2ware/install/autoware_perception_msgs/share/autoware_perception_msgs/cmake/autoware_perception_msgs__rosidl_typesupport_introspection_cppExport.cmake
[71.228s] -- Installing: /root/r2ware/install/autoware_perception_msgs/share/autoware_perception_msgs/cmake/autoware_perception_msgs__rosidl_typesupport_introspection_cppExport-noconfig.cmake
[71.229s] -- Installing: /root/r2ware/install/autoware_perception_msgs/share/autoware_perception_msgs/cmake/autoware_perception_msgs__rosidl_typesupport_cppExport.cmake
[71.229s] -- Installing: /root/r2ware/install/autoware_perception_msgs/share/autoware_perception_msgs/cmake/autoware_perception_msgs__rosidl_typesupport_cppExport-noconfig.cmake
[71.229s] -- Installing: /root/r2ware/install/autoware_perception_msgs/share/autoware_perception_msgs/cmake/rosidl_cmake-extras.cmake
[71.230s] -- Installing: /root/r2ware/install/autoware_perception_msgs/share/autoware_perception_msgs/cmake/ament_cmake_export_dependencies-extras.cmake
[71.230s] -- Installing: /root/r2ware/install/autoware_perception_msgs/share/autoware_perception_msgs/cmake/ament_cmake_export_libraries-extras.cmake
[71.230s] -- Installing: /root/r2ware/install/autoware_perception_msgs/share/autoware_perception_msgs/cmake/ament_cmake_export_targets-extras.cmake
[71.231s] -- Installing: /root/r2ware/install/autoware_perception_msgs/share/autoware_perception_msgs/cmake/ament_cmake_export_include_directories-extras.cmake
[71.231s] -- Installing: /root/r2ware/install/autoware_perception_msgs/share/autoware_perception_msgs/cmake/rosidl_cmake_export_typesupport_libraries-extras.cmake
[71.231s] -- Installing: /root/r2ware/install/autoware_perception_msgs/share/autoware_perception_msgs/cmake/rosidl_cmake_export_typesupport_targets-extras.cmake
[71.232s] -- Installing: /root/r2ware/install/autoware_perception_msgs/share/autoware_perception_msgs/cmake/autoware_perception_msgsConfig.cmake
[71.232s] -- Installing: /root/r2ware/install/autoware_perception_msgs/share/autoware_perception_msgs/cmake/autoware_perception_msgsConfig-version.cmake
[71.232s] -- Installing: /root/r2ware/install/autoware_perception_msgs/share/autoware_perception_msgs/package.xml
[71.244s] Invoked command in '/root/r2ware/build/autoware_perception_msgs' returned '0': CMAKE_PREFIX_PATH=${CMAKE_PREFIX_PATH}:/root/yahboomcar_ros2_ws/yahboomcar_ws/install/yahboomcar_voice_ctrl:/root/yahboomcar_ros2_ws/yahboomcar_ws/install/yahboomcar_visual:/root/yahboomcar_ros2_ws/yahboomcar_ws/install/yahboomcar_nav:/root/yahboomcar_ros2_ws/yahboomcar_ws/install/yahboomcar_multi:/root/yahboomcar_ros2_ws/yahboomcar_ws/install/yahboomcar_mediapipe:/root/yahboomcar_ros2_ws/yahboomcar_ws/install/yahboomcar_linefollow:/root/yahboomcar_ros2_ws/yahboomcar_ws/install/yahboomcar_laser:/root/yahboomcar_ros2_ws/yahboomcar_ws/install/yahboomcar_description_x1:/root/yahboomcar_ros2_ws/yahboomcar_ws/install/yahboomcar_description:/root/yahboomcar_ros2_ws/yahboomcar_ws/install/yahboomcar_ctrl:/root/yahboomcar_ros2_ws/yahboomcar_ws/install/yahboomcar_bringup:/root/yahboomcar_ros2_ws/yahboomcar_ws/install/yahboomcar_astra:/root/yahboomcar_ros2_ws/yahboomcar_ws/install/yahboom_app_save_map:/root/yahboomcar_ros2_ws/yahboomcar_ws/install/robot_pose_publisher:/root/yahboomcar_ros2_ws/yahboomcar_ws/install/laserscan_to_point_pulisher:/opt/ros/foxy /usr/bin/cmake --install /root/r2ware/build/autoware_perception_msgs
