-- The C compiler identification is GNU 9.4.0
-- The CXX compiler identification is GNU 9.4.0
-- Check for working C compiler: /usr/bin/cc
-- Check for working C compiler: /usr/bin/cc -- works
-- Detecting C compiler ABI info
-- Detecting C compiler ABI info - done
-- Detecting C compile features
-- Detecting C compile features - done
-- Check for working CXX compiler: /usr/bin/c++
-- Check for working CXX compiler: /usr/bin/c++ -- works
-- Detecting CXX compiler ABI info
-- Detecting CXX compiler ABI info - done
-- Detecting CXX compile features
-- Detecting CXX compile features - done
-- Found ament_cmake_auto: 0.9.11 (/opt/ros/foxy/share/ament_cmake_auto/cmake)
-- Found PythonInterp: /usr/bin/python3 (found suitable version "3.8.10", minimum required is "3") 
-- Using PYTHON_EXECUTABLE: /usr/bin/python3
-- Using all available rosidl_typesupport_c: rosidl_typesupport_fastrtps_c;rosidl_typesupport_introspection_c
-- Found rosidl_adapter: 1.3.0 (/opt/ros/foxy/share/rosidl_adapter/cmake)
-- Found OpenSSL: /usr/lib/aarch64-linux-gnu/libcrypto.so (found version "1.1.1f")  
-- Found FastRTPS: /opt/ros/foxy/include  
-- Using all available rosidl_typesupport_cpp: rosidl_typesupport_fastrtps_cpp;rosidl_typesupport_introspection_cpp
-- Found PythonInterp: /usr/bin/python3 (found version "3.8.10") 
-- Found ament_cmake_ros: 0.9.2 (/opt/ros/foxy/share/ament_cmake_ros/cmake)
-- Using all available rosidl_typesupport_c: rosidl_typesupport_fastrtps_c;rosidl_typesupport_introspection_c
-- Using all available rosidl_typesupport_cpp: rosidl_typesupport_fastrtps_cpp;rosidl_typesupport_introspection_cpp
-- Found PythonInterp: /usr/bin/python3 (found suitable version "3.8.10", minimum required is "3.5") 
-- Found python_cmake_module: 0.8.1 (/opt/ros/foxy/share/python_cmake_module/cmake)
-- Found PythonLibs: /usr/lib/aarch64-linux-gnu/libpython3.8.so (found suitable version "3.8.10", minimum required is "3.5") 
-- Using PYTHON_EXECUTABLE: /usr/bin/python3
-- Using PYTHON_INCLUDE_DIRS: /usr/include/python3.8
-- Using PYTHON_LIBRARIES: /usr/lib/aarch64-linux-gnu/libpython3.8.so
-- Found PythonExtra: .so  
-- Configuring done
-- Generating done
-- Build files have been written to: /root/r2ware/build/autoware_adapi_version_msgs
[35m[1mScanning dependencies of target autoware_adapi_version_msgs__cpp[0m
[  3%] [34m[1mGenerating C++ code for ROS interfaces[0m
[  3%] Built target autoware_adapi_version_msgs__cpp
[  6%] [34m[1mGenerating C code for ROS interfaces[0m
[35m[1mScanning dependencies of target autoware_adapi_version_msgs__rosidl_generator_c[0m
[  9%] [32mBuilding C object CMakeFiles/autoware_adapi_version_msgs__rosidl_generator_c.dir/rosidl_generator_c/autoware_adapi_version_msgs/srv/detail/interface_version__functions.c.o[0m
[ 12%] [32m[1mLinking C shared library libautoware_adapi_version_msgs__rosidl_generator_c.so[0m
[ 12%] Built target autoware_adapi_version_msgs__rosidl_generator_c
[ 16%] [34m[1mGenerating C++ type support dispatch for ROS interfaces[0m
[35m[1mScanning dependencies of target autoware_adapi_version_msgs__rosidl_typesupport_cpp[0m
[ 19%] [32mBuilding CXX object CMakeFiles/autoware_adapi_version_msgs__rosidl_typesupport_cpp.dir/rosidl_typesupport_cpp/autoware_adapi_version_msgs/srv/interface_version__type_support.cpp.o[0m
[ 22%] [32m[1mLinking CXX shared library libautoware_adapi_version_msgs__rosidl_typesupport_cpp.so[0m
[ 22%] Built target autoware_adapi_version_msgs__rosidl_typesupport_cpp
[ 25%] [34m[1mGenerating C type support dispatch for ROS interfaces[0m
[35m[1mScanning dependencies of target autoware_adapi_version_msgs__rosidl_typesupport_c[0m
[ 29%] [32mBuilding CXX object CMakeFiles/autoware_adapi_version_msgs__rosidl_typesupport_c.dir/rosidl_typesupport_c/autoware_adapi_version_msgs/srv/interface_version__type_support.cpp.o[0m
[ 32%] [32m[1mLinking CXX shared library libautoware_adapi_version_msgs__rosidl_typesupport_c.so[0m
[ 32%] Built target autoware_adapi_version_msgs__rosidl_typesupport_c
[ 35%] [34m[1mGenerating C introspection for ROS interfaces[0m
[35m[1mScanning dependencies of target autoware_adapi_version_msgs__rosidl_typesupport_introspection_c[0m
[ 38%] [32mBuilding C object CMakeFiles/autoware_adapi_version_msgs__rosidl_typesupport_introspection_c.dir/rosidl_typesupport_introspection_c/autoware_adapi_version_msgs/srv/detail/interface_version__type_support.c.o[0m
[ 41%] [32m[1mLinking C shared library libautoware_adapi_version_msgs__rosidl_typesupport_introspection_c.so[0m
[ 41%] Built target autoware_adapi_version_msgs__rosidl_typesupport_introspection_c
[ 45%] [34m[1mGenerating C++ type support for eProsima Fast-RTPS[0m
[35m[1mScanning dependencies of target autoware_adapi_version_msgs__rosidl_typesupport_fastrtps_cpp[0m
[ 48%] [32mBuilding CXX object CMakeFiles/autoware_adapi_version_msgs__rosidl_typesupport_fastrtps_cpp.dir/rosidl_typesupport_fastrtps_cpp/autoware_adapi_version_msgs/srv/detail/dds_fastrtps/interface_version__type_support.cpp.o[0m
[ 51%] [32m[1mLinking CXX shared library libautoware_adapi_version_msgs__rosidl_typesupport_fastrtps_cpp.so[0m
[ 51%] Built target autoware_adapi_version_msgs__rosidl_typesupport_fastrtps_cpp
[ 54%] [34m[1mGenerating C++ introspection for ROS interfaces[0m
[35m[1mScanning dependencies of target autoware_adapi_version_msgs__rosidl_typesupport_introspection_cpp[0m
[ 58%] [32mBuilding CXX object CMakeFiles/autoware_adapi_version_msgs__rosidl_typesupport_introspection_cpp.dir/rosidl_typesupport_introspection_cpp/autoware_adapi_version_msgs/srv/detail/interface_version__type_support.cpp.o[0m
[ 61%] [32m[1mLinking CXX shared library libautoware_adapi_version_msgs__rosidl_typesupport_introspection_cpp.so[0m
[ 61%] Built target autoware_adapi_version_msgs__rosidl_typesupport_introspection_cpp
[ 64%] [34m[1mGenerating C type support for eProsima Fast-RTPS[0m
[35m[1mScanning dependencies of target autoware_adapi_version_msgs__rosidl_typesupport_fastrtps_c[0m
[ 67%] [32mBuilding CXX object CMakeFiles/autoware_adapi_version_msgs__rosidl_typesupport_fastrtps_c.dir/rosidl_typesupport_fastrtps_c/autoware_adapi_version_msgs/srv/detail/interface_version__type_support_c.cpp.o[0m
make[2]: *** [CMakeFiles/autoware_adapi_version_msgs__rosidl_typesupport_fastrtps_c.dir/build.make:78: CMakeFiles/autoware_adapi_version_msgs__rosidl_typesupport_fastrtps_c.dir/rosidl_typesupport_fastrtps_c/autoware_adapi_version_msgs/srv/detail/interface_version__type_support_c.cpp.o] Interrupt
make[1]: *** [CMakeFiles/Makefile2:361: CMakeFiles/autoware_adapi_version_msgs__rosidl_typesupport_fastrtps_c.dir/all] Interrupt
make: *** [Makefile:141: all] Interrupt
