[0.084s] Invoking command in '/root/r2ware/build/autoware_adapi_version_msgs': CMAKE_PREFIX_PATH=${CMAKE_PREFIX_PATH}:/root/yahboomcar_ros2_ws/yahboomcar_ws/install/yahboomcar_voice_ctrl:/root/yahboomcar_ros2_ws/yahboomcar_ws/install/yahboomcar_visual:/root/yahboomcar_ros2_ws/yahboomcar_ws/install/yahboomcar_nav:/root/yahboomcar_ros2_ws/yahboomcar_ws/install/yahboomcar_multi:/root/yahboomcar_ros2_ws/yahboomcar_ws/install/yahboomcar_mediapipe:/root/yahboomcar_ros2_ws/yahboomcar_ws/install/yahboomcar_linefollow:/root/yahboomcar_ros2_ws/yahboomcar_ws/install/yahboomcar_laser:/root/yahboomcar_ros2_ws/yahboomcar_ws/install/yahboomcar_description_x1:/root/yahboomcar_ros2_ws/yahboomcar_ws/install/yahboomcar_description:/root/yahboomcar_ros2_ws/yahboomcar_ws/install/yahboomcar_ctrl:/root/yahboomcar_ros2_ws/yahboomcar_ws/install/yahboomcar_bringup:/root/yahboomcar_ros2_ws/yahboomcar_ws/install/yahboomcar_astra:/root/yahboomcar_ros2_ws/yahboomcar_ws/install/yahboom_app_save_map:/root/yahboomcar_ros2_ws/yahboomcar_ws/install/robot_pose_publisher:/root/yahboomcar_ros2_ws/yahboomcar_ws/install/laserscan_to_point_pulisher:/opt/ros/foxy /usr/bin/cmake /root/r2ware/src/autoware_dependencies/core/autoware_adapi_msgs/autoware_adapi_version_msgs -DCMAKE_INSTALL_PREFIX=/root/r2ware/install/autoware_adapi_version_msgs
[37.563s] -- The C compiler identification is GNU 9.4.0
[37.564s] -- The CXX compiler identification is GNU 9.4.0
[37.564s] -- Check for working C compiler: /usr/bin/cc
[37.564s] -- Check for working C compiler: /usr/bin/cc -- works
[37.564s] -- Detecting C compiler ABI info
[37.564s] -- Detecting C compiler ABI info - done
[37.564s] -- Detecting C compile features
[37.571s] -- Detecting C compile features - done
[37.571s] -- Check for working CXX compiler: /usr/bin/c++
[37.571s] -- Check for working CXX compiler: /usr/bin/c++ -- works
[37.571s] -- Detecting CXX compiler ABI info
[37.571s] -- Detecting CXX compiler ABI info - done
[37.572s] -- Detecting CXX compile features
[37.572s] -- Detecting CXX compile features - done
[37.572s] -- Found ament_cmake_auto: 0.9.11 (/opt/ros/foxy/share/ament_cmake_auto/cmake)
[37.572s] -- Found PythonInterp: /usr/bin/python3 (found suitable version "3.8.10", minimum required is "3") 
[37.572s] -- Using PYTHON_EXECUTABLE: /usr/bin/python3
[37.572s] -- Using all available rosidl_typesupport_c: rosidl_typesupport_fastrtps_c;rosidl_typesupport_introspection_c
[37.572s] -- Found rosidl_adapter: 1.3.0 (/opt/ros/foxy/share/rosidl_adapter/cmake)
[37.574s] -- Found OpenSSL: /usr/lib/aarch64-linux-gnu/libcrypto.so (found version "1.1.1f")  
[37.574s] -- Found FastRTPS: /opt/ros/foxy/include  
[37.574s] -- Using all available rosidl_typesupport_cpp: rosidl_typesupport_fastrtps_cpp;rosidl_typesupport_introspection_cpp
[37.575s] -- Found PythonInterp: /usr/bin/python3 (found version "3.8.10") 
[37.575s] -- Found ament_cmake_ros: 0.9.2 (/opt/ros/foxy/share/ament_cmake_ros/cmake)
[37.575s] -- Using all available rosidl_typesupport_c: rosidl_typesupport_fastrtps_c;rosidl_typesupport_introspection_c
[37.575s] -- Using all available rosidl_typesupport_cpp: rosidl_typesupport_fastrtps_cpp;rosidl_typesupport_introspection_cpp
[37.575s] -- Found PythonInterp: /usr/bin/python3 (found suitable version "3.8.10", minimum required is "3.5") 
[37.575s] -- Found python_cmake_module: 0.8.1 (/opt/ros/foxy/share/python_cmake_module/cmake)
[37.575s] -- Found PythonLibs: /usr/lib/aarch64-linux-gnu/libpython3.8.so (found suitable version "3.8.10", minimum required is "3.5") 
[37.575s] -- Using PYTHON_EXECUTABLE: /usr/bin/python3
[37.576s] -- Using PYTHON_INCLUDE_DIRS: /usr/include/python3.8
[37.576s] -- Using PYTHON_LIBRARIES: /usr/lib/aarch64-linux-gnu/libpython3.8.so
[37.576s] -- Found PythonExtra: .so  
[37.576s] -- Configuring done
[37.576s] -- Generating done
[37.576s] -- Build files have been written to: /root/r2ware/build/autoware_adapi_version_msgs
[37.625s] Invoked command in '/root/r2ware/build/autoware_adapi_version_msgs' returned '0': CMAKE_PREFIX_PATH=${CMAKE_PREFIX_PATH}:/root/yahboomcar_ros2_ws/yahboomcar_ws/install/yahboomcar_voice_ctrl:/root/yahboomcar_ros2_ws/yahboomcar_ws/install/yahboomcar_visual:/root/yahboomcar_ros2_ws/yahboomcar_ws/install/yahboomcar_nav:/root/yahboomcar_ros2_ws/yahboomcar_ws/install/yahboomcar_multi:/root/yahboomcar_ros2_ws/yahboomcar_ws/install/yahboomcar_mediapipe:/root/yahboomcar_ros2_ws/yahboomcar_ws/install/yahboomcar_linefollow:/root/yahboomcar_ros2_ws/yahboomcar_ws/install/yahboomcar_laser:/root/yahboomcar_ros2_ws/yahboomcar_ws/install/yahboomcar_description_x1:/root/yahboomcar_ros2_ws/yahboomcar_ws/install/yahboomcar_description:/root/yahboomcar_ros2_ws/yahboomcar_ws/install/yahboomcar_ctrl:/root/yahboomcar_ros2_ws/yahboomcar_ws/install/yahboomcar_bringup:/root/yahboomcar_ros2_ws/yahboomcar_ws/install/yahboomcar_astra:/root/yahboomcar_ros2_ws/yahboomcar_ws/install/yahboom_app_save_map:/root/yahboomcar_ros2_ws/yahboomcar_ws/install/robot_pose_publisher:/root/yahboomcar_ros2_ws/yahboomcar_ws/install/laserscan_to_point_pulisher:/opt/ros/foxy /usr/bin/cmake /root/r2ware/src/autoware_dependencies/core/autoware_adapi_msgs/autoware_adapi_version_msgs -DCMAKE_INSTALL_PREFIX=/root/r2ware/install/autoware_adapi_version_msgs
[37.633s] Invoking command in '/root/r2ware/build/autoware_adapi_version_msgs': CMAKE_PREFIX_PATH=${CMAKE_PREFIX_PATH}:/root/yahboomcar_ros2_ws/yahboomcar_ws/install/yahboomcar_voice_ctrl:/root/yahboomcar_ros2_ws/yahboomcar_ws/install/yahboomcar_visual:/root/yahboomcar_ros2_ws/yahboomcar_ws/install/yahboomcar_nav:/root/yahboomcar_ros2_ws/yahboomcar_ws/install/yahboomcar_multi:/root/yahboomcar_ros2_ws/yahboomcar_ws/install/yahboomcar_mediapipe:/root/yahboomcar_ros2_ws/yahboomcar_ws/install/yahboomcar_linefollow:/root/yahboomcar_ros2_ws/yahboomcar_ws/install/yahboomcar_laser:/root/yahboomcar_ros2_ws/yahboomcar_ws/install/yahboomcar_description_x1:/root/yahboomcar_ros2_ws/yahboomcar_ws/install/yahboomcar_description:/root/yahboomcar_ros2_ws/yahboomcar_ws/install/yahboomcar_ctrl:/root/yahboomcar_ros2_ws/yahboomcar_ws/install/yahboomcar_bringup:/root/yahboomcar_ros2_ws/yahboomcar_ws/install/yahboomcar_astra:/root/yahboomcar_ros2_ws/yahboomcar_ws/install/yahboom_app_save_map:/root/yahboomcar_ros2_ws/yahboomcar_ws/install/robot_pose_publisher:/root/yahboomcar_ros2_ws/yahboomcar_ws/install/laserscan_to_point_pulisher:/opt/ros/foxy /usr/bin/cmake --build /root/r2ware/build/autoware_adapi_version_msgs -- -j8 -l8
[37.793s] [35m[1mScanning dependencies of target autoware_adapi_version_msgs__cpp[0m
[37.832s] [  3%] [34m[1mGenerating C++ code for ROS interfaces[0m
[38.495s] [  3%] Built target autoware_adapi_version_msgs__cpp
[38.530s] [  6%] [34m[1mGenerating C code for ROS interfaces[0m
[39.209s] [35m[1mScanning dependencies of target autoware_adapi_version_msgs__rosidl_generator_c[0m
[39.248s] [  9%] [32mBuilding C object CMakeFiles/autoware_adapi_version_msgs__rosidl_generator_c.dir/rosidl_generator_c/autoware_adapi_version_msgs/srv/detail/interface_version__functions.c.o[0m
[39.401s] [ 12%] [32m[1mLinking C shared library libautoware_adapi_version_msgs__rosidl_generator_c.so[0m
[39.501s] [ 12%] Built target autoware_adapi_version_msgs__rosidl_generator_c
[39.538s] [ 16%] [34m[1mGenerating C++ type support dispatch for ROS interfaces[0m
[40.022s] [35m[1mScanning dependencies of target autoware_adapi_version_msgs__rosidl_typesupport_cpp[0m
[40.064s] [ 19%] [32mBuilding CXX object CMakeFiles/autoware_adapi_version_msgs__rosidl_typesupport_cpp.dir/rosidl_typesupport_cpp/autoware_adapi_version_msgs/srv/interface_version__type_support.cpp.o[0m
[40.751s] [ 22%] [32m[1mLinking CXX shared library libautoware_adapi_version_msgs__rosidl_typesupport_cpp.so[0m
[40.867s] [ 22%] Built target autoware_adapi_version_msgs__rosidl_typesupport_cpp
[40.901s] [ 25%] [34m[1mGenerating C type support dispatch for ROS interfaces[0m
[41.383s] [35m[1mScanning dependencies of target autoware_adapi_version_msgs__rosidl_typesupport_c[0m
[41.423s] [ 29%] [32mBuilding CXX object CMakeFiles/autoware_adapi_version_msgs__rosidl_typesupport_c.dir/rosidl_typesupport_c/autoware_adapi_version_msgs/srv/interface_version__type_support.cpp.o[0m
[41.517s] [ 32%] [32m[1mLinking CXX shared library libautoware_adapi_version_msgs__rosidl_typesupport_c.so[0m
[41.630s] [ 32%] Built target autoware_adapi_version_msgs__rosidl_typesupport_c
[41.669s] [ 35%] [34m[1mGenerating C introspection for ROS interfaces[0m
[42.250s] [35m[1mScanning dependencies of target autoware_adapi_version_msgs__rosidl_typesupport_introspection_c[0m
[42.289s] [ 38%] [32mBuilding C object CMakeFiles/autoware_adapi_version_msgs__rosidl_typesupport_introspection_c.dir/rosidl_typesupport_introspection_c/autoware_adapi_version_msgs/srv/detail/interface_version__type_support.c.o[0m
[42.407s] [ 41%] [32m[1mLinking C shared library libautoware_adapi_version_msgs__rosidl_typesupport_introspection_c.so[0m
[42.504s] [ 41%] Built target autoware_adapi_version_msgs__rosidl_typesupport_introspection_c
[42.542s] [ 45%] [34m[1mGenerating C++ type support for eProsima Fast-RTPS[0m
[43.115s] [35m[1mScanning dependencies of target autoware_adapi_version_msgs__rosidl_typesupport_fastrtps_cpp[0m
[43.165s] [ 48%] [32mBuilding CXX object CMakeFiles/autoware_adapi_version_msgs__rosidl_typesupport_fastrtps_cpp.dir/rosidl_typesupport_fastrtps_cpp/autoware_adapi_version_msgs/srv/detail/dds_fastrtps/interface_version__type_support.cpp.o[0m
[44.196s] [ 51%] [32m[1mLinking CXX shared library libautoware_adapi_version_msgs__rosidl_typesupport_fastrtps_cpp.so[0m
[44.419s] [ 51%] Built target autoware_adapi_version_msgs__rosidl_typesupport_fastrtps_cpp
[44.458s] [ 54%] [34m[1mGenerating C++ introspection for ROS interfaces[0m
[44.998s] [35m[1mScanning dependencies of target autoware_adapi_version_msgs__rosidl_typesupport_introspection_cpp[0m
[45.038s] [ 58%] [32mBuilding CXX object CMakeFiles/autoware_adapi_version_msgs__rosidl_typesupport_introspection_cpp.dir/rosidl_typesupport_introspection_cpp/autoware_adapi_version_msgs/srv/detail/interface_version__type_support.cpp.o[0m
[45.766s] [ 61%] [32m[1mLinking CXX shared library libautoware_adapi_version_msgs__rosidl_typesupport_introspection_cpp.so[0m
[45.884s] [ 61%] Built target autoware_adapi_version_msgs__rosidl_typesupport_introspection_cpp
[45.925s] [ 64%] [34m[1mGenerating C type support for eProsima Fast-RTPS[0m
[46.483s] [35m[1mScanning dependencies of target autoware_adapi_version_msgs__rosidl_typesupport_fastrtps_c[0m
[46.529s] [ 67%] [32mBuilding CXX object CMakeFiles/autoware_adapi_version_msgs__rosidl_typesupport_fastrtps_c.dir/rosidl_typesupport_fastrtps_c/autoware_adapi_version_msgs/srv/detail/interface_version__type_support_c.cpp.o[0m
[46.649s] make[2]: *** [CMakeFiles/autoware_adapi_version_msgs__rosidl_typesupport_fastrtps_c.dir/build.make:78: CMakeFiles/autoware_adapi_version_msgs__rosidl_typesupport_fastrtps_c.dir/rosidl_typesupport_fastrtps_c/autoware_adapi_version_msgs/srv/detail/interface_version__type_support_c.cpp.o] Interrupt
[46.650s] make[1]: *** [CMakeFiles/Makefile2:361: CMakeFiles/autoware_adapi_version_msgs__rosidl_typesupport_fastrtps_c.dir/all] Interrupt
[46.656s] make: *** [Makefile:141: all] Interrupt
[46.739s] Invoked command in '/root/r2ware/build/autoware_adapi_version_msgs' returned '-2': CMAKE_PREFIX_PATH=${CMAKE_PREFIX_PATH}:/root/yahboomcar_ros2_ws/yahboomcar_ws/install/yahboomcar_voice_ctrl:/root/yahboomcar_ros2_ws/yahboomcar_ws/install/yahboomcar_visual:/root/yahboomcar_ros2_ws/yahboomcar_ws/install/yahboomcar_nav:/root/yahboomcar_ros2_ws/yahboomcar_ws/install/yahboomcar_multi:/root/yahboomcar_ros2_ws/yahboomcar_ws/install/yahboomcar_mediapipe:/root/yahboomcar_ros2_ws/yahboomcar_ws/install/yahboomcar_linefollow:/root/yahboomcar_ros2_ws/yahboomcar_ws/install/yahboomcar_laser:/root/yahboomcar_ros2_ws/yahboomcar_ws/install/yahboomcar_description_x1:/root/yahboomcar_ros2_ws/yahboomcar_ws/install/yahboomcar_description:/root/yahboomcar_ros2_ws/yahboomcar_ws/install/yahboomcar_ctrl:/root/yahboomcar_ros2_ws/yahboomcar_ws/install/yahboomcar_bringup:/root/yahboomcar_ros2_ws/yahboomcar_ws/install/yahboomcar_astra:/root/yahboomcar_ros2_ws/yahboomcar_ws/install/yahboom_app_save_map:/root/yahboomcar_ros2_ws/yahboomcar_ws/install/robot_pose_publisher:/root/yahboomcar_ros2_ws/yahboomcar_ws/install/laserscan_to_point_pulisher:/opt/ros/foxy /usr/bin/cmake --build /root/r2ware/build/autoware_adapi_version_msgs -- -j8 -l8
