-- The C compiler identification is GNU 9.4.0
-- The CXX compiler identification is GNU 9.4.0
-- Check for working C compiler: /usr/bin/cc
-- Check for working C compiler: /usr/bin/cc -- works
-- Detecting C compiler ABI info
-- Detecting C compiler ABI info - done
-- Detecting C compile features
-- Detecting C compile features - done
-- Check for working CXX compiler: /usr/bin/c++
-- Check for working CXX compiler: /usr/bin/c++ -- works
-- Detecting CXX compiler ABI info
-- Detecting CXX compiler ABI info - done
-- Detecting CXX compile features
-- Detecting CXX compile features - done
-- Found ament_cmake_auto: 0.9.11 (/opt/ros/foxy/share/ament_cmake_auto/cmake)
-- Found PythonInterp: /usr/bin/python3 (found suitable version "3.8.10", minimum required is "3") 
-- Using PYTHON_EXECUTABLE: /usr/bin/python3
-- Using all available rosidl_typesupport_c: rosidl_typesupport_fastrtps_c;rosidl_typesupport_introspection_c
-- Found rosidl_adapter: 1.3.0 (/opt/ros/foxy/share/rosidl_adapter/cmake)
-- Found OpenSSL: /usr/lib/aarch64-linux-gnu/libcrypto.so (found version "1.1.1f")  
-- Found FastRTPS: /opt/ros/foxy/include  
-- Using all available rosidl_typesupport_cpp: rosidl_typesupport_fastrtps_cpp;rosidl_typesupport_introspection_cpp
-- Found PythonInterp: /usr/bin/python3 (found version "3.8.10") 
-- Found ament_cmake_ros: 0.9.2 (/opt/ros/foxy/share/ament_cmake_ros/cmake)
-- Using all available rosidl_typesupport_c: rosidl_typesupport_fastrtps_c;rosidl_typesupport_introspection_c
-- Using all available rosidl_typesupport_cpp: rosidl_typesupport_fastrtps_cpp;rosidl_typesupport_introspection_cpp
-- Found PythonInterp: /usr/bin/python3 (found suitable version "3.8.10", minimum required is "3.5") 
-- Found python_cmake_module: 0.8.1 (/opt/ros/foxy/share/python_cmake_module/cmake)
-- Found PythonLibs: /usr/lib/aarch64-linux-gnu/libpython3.8.so (found suitable version "3.8.10", minimum required is "3.5") 
-- Using PYTHON_EXECUTABLE: /usr/bin/python3
-- Using PYTHON_INCLUDE_DIRS: /usr/include/python3.8
-- Using PYTHON_LIBRARIES: /usr/lib/aarch64-linux-gnu/libpython3.8.so
-- Found PythonExtra: .so  
-- Found ament_lint_auto: 0.9.7 (/opt/ros/foxy/share/ament_lint_auto/cmake)
-- Added test 'copyright' to check source files copyright and LICENSE
-- Added test 'lint_cmake' to check CMake code style
-- Added test 'xmllint' to check XML markup files
-- Configuring done
-- Generating done
-- Build files have been written to: /root/r2ware/build/tier4_planning_msgs
[35m[1mScanning dependencies of target tier4_planning_msgs__cpp[0m
[  0%] [34m[1mGenerating C++ code for ROS interfaces[0m
[  0%] Built target tier4_planning_msgs__cpp
[  0%] [34m[1mGenerating C code for ROS interfaces[0m
[35m[1mScanning dependencies of target tier4_planning_msgs__rosidl_generator_c[0m
[  1%] [32mBuilding C object CMakeFiles/tier4_planning_msgs__rosidl_generator_c.dir/rosidl_generator_c/tier4_planning_msgs/msg/detail/avoidance_debug_msg__functions.c.o[0m
[  1%] [32mBuilding C object CMakeFiles/tier4_planning_msgs__rosidl_generator_c.dir/rosidl_generator_c/tier4_planning_msgs/msg/detail/avoidance_debug_factor__functions.c.o[0m
[  1%] [32mBuilding C object CMakeFiles/tier4_planning_msgs__rosidl_generator_c.dir/rosidl_generator_c/tier4_planning_msgs/msg/detail/approval__functions.c.o[0m
[  1%] [32mBuilding C object CMakeFiles/tier4_planning_msgs__rosidl_generator_c.dir/rosidl_generator_c/tier4_planning_msgs/msg/detail/enable_avoidance__functions.c.o[0m
[  2%] [32mBuilding C object CMakeFiles/tier4_planning_msgs__rosidl_generator_c.dir/rosidl_generator_c/tier4_planning_msgs/msg/detail/expand_stop_range__functions.c.o[0m
[  2%] [32mBuilding C object CMakeFiles/tier4_planning_msgs__rosidl_generator_c.dir/rosidl_generator_c/tier4_planning_msgs/msg/detail/is_avoidance_possible__functions.c.o[0m
[  4%] [32mBuilding C object CMakeFiles/tier4_planning_msgs__rosidl_generator_c.dir/rosidl_generator_c/tier4_planning_msgs/msg/detail/lane_change_command__functions.c.o[0m
[  4%] [32mBuilding C object CMakeFiles/tier4_planning_msgs__rosidl_generator_c.dir/rosidl_generator_c/tier4_planning_msgs/msg/detail/lane_change_debug_msg__functions.c.o[0m
[  4%] [32mBuilding C object CMakeFiles/tier4_planning_msgs__rosidl_generator_c.dir/rosidl_generator_c/tier4_planning_msgs/msg/detail/avoidance_debug_msg_array__functions.c.o[0m
[  4%] [32mBuilding C object CMakeFiles/tier4_planning_msgs__rosidl_generator_c.dir/rosidl_generator_c/tier4_planning_msgs/msg/detail/lane_change_status__functions.c.o[0m
[  4%] [32mBuilding C object CMakeFiles/tier4_planning_msgs__rosidl_generator_c.dir/rosidl_generator_c/tier4_planning_msgs/msg/detail/path__functions.c.o[0m
[  5%] [32mBuilding C object CMakeFiles/tier4_planning_msgs__rosidl_generator_c.dir/rosidl_generator_c/tier4_planning_msgs/msg/detail/lateral_offset__functions.c.o[0m
[  5%] [32mBuilding C object CMakeFiles/tier4_planning_msgs__rosidl_generator_c.dir/rosidl_generator_c/tier4_planning_msgs/msg/detail/path_change_module__functions.c.o[0m
[  6%] [32mBuilding C object CMakeFiles/tier4_planning_msgs__rosidl_generator_c.dir/rosidl_generator_c/tier4_planning_msgs/msg/detail/path_change_module_array__functions.c.o[0m
[  6%] [32mBuilding C object CMakeFiles/tier4_planning_msgs__rosidl_generator_c.dir/rosidl_generator_c/tier4_planning_msgs/msg/detail/lane_change_debug_msg_array__functions.c.o[0m
[  6%] [32mBuilding C object CMakeFiles/tier4_planning_msgs__rosidl_generator_c.dir/rosidl_generator_c/tier4_planning_msgs/msg/detail/path_point__functions.c.o[0m
[  6%] [32mBuilding C object CMakeFiles/tier4_planning_msgs__rosidl_generator_c.dir/rosidl_generator_c/tier4_planning_msgs/msg/detail/path_change_module_id__functions.c.o[0m
[  7%] [32mBuilding C object CMakeFiles/tier4_planning_msgs__rosidl_generator_c.dir/rosidl_generator_c/tier4_planning_msgs/msg/detail/stop_factor__functions.c.o[0m
[  7%] [32mBuilding C object CMakeFiles/tier4_planning_msgs__rosidl_generator_c.dir/rosidl_generator_c/tier4_planning_msgs/msg/detail/route_state__functions.c.o[0m
[  7%] [32mBuilding C object CMakeFiles/tier4_planning_msgs__rosidl_generator_c.dir/rosidl_generator_c/tier4_planning_msgs/msg/detail/scenario__functions.c.o[0m
[  8%] [32mBuilding C object CMakeFiles/tier4_planning_msgs__rosidl_generator_c.dir/rosidl_generator_c/tier4_planning_msgs/msg/detail/stop_reason__functions.c.o[0m
[  8%] [32mBuilding C object CMakeFiles/tier4_planning_msgs__rosidl_generator_c.dir/rosidl_generator_c/tier4_planning_msgs/msg/detail/reroute_availability__functions.c.o[0m
[  8%] [32mBuilding C object CMakeFiles/tier4_planning_msgs__rosidl_generator_c.dir/rosidl_generator_c/tier4_planning_msgs/msg/detail/stop_speed_exceeded__functions.c.o[0m
[ 10%] [32mBuilding C object CMakeFiles/tier4_planning_msgs__rosidl_generator_c.dir/rosidl_generator_c/tier4_planning_msgs/msg/detail/trajectory__functions.c.o[0m
[ 10%] [32mBuilding C object CMakeFiles/tier4_planning_msgs__rosidl_generator_c.dir/rosidl_generator_c/tier4_planning_msgs/msg/detail/stop_reason_array__functions.c.o[0m
[ 10%] [32mBuilding C object CMakeFiles/tier4_planning_msgs__rosidl_generator_c.dir/rosidl_generator_c/tier4_planning_msgs/msg/detail/trajectory_point__functions.c.o[0m
[ 11%] [32mBuilding C object CMakeFiles/tier4_planning_msgs__rosidl_generator_c.dir/rosidl_generator_c/tier4_planning_msgs/msg/detail/velocity_limit_clear_command__functions.c.o[0m
[ 11%] [32mBuilding C object CMakeFiles/tier4_planning_msgs__rosidl_generator_c.dir/rosidl_generator_c/tier4_planning_msgs/msg/detail/velocity_limit__functions.c.o[0m
[ 11%] [32mBuilding C object CMakeFiles/tier4_planning_msgs__rosidl_generator_c.dir/rosidl_generator_c/tier4_planning_msgs/msg/detail/velocity_limit_constraints__functions.c.o[0m
[ 12%] [32mBuilding C object CMakeFiles/tier4_planning_msgs__rosidl_generator_c.dir/rosidl_generator_c/tier4_planning_msgs/srv/detail/set_lanelet_route__functions.c.o[0m
[ 12%] [32mBuilding C object CMakeFiles/tier4_planning_msgs__rosidl_generator_c.dir/rosidl_generator_c/tier4_planning_msgs/srv/detail/set_waypoint_route__functions.c.o[0m
[ 12%] [32mBuilding C object CMakeFiles/tier4_planning_msgs__rosidl_generator_c.dir/rosidl_generator_c/tier4_planning_msgs/srv/detail/clear_route__functions.c.o[0m
[ 12%] [32m[1mLinking C shared library libtier4_planning_msgs__rosidl_generator_c.so[0m
[ 12%] Built target tier4_planning_msgs__rosidl_generator_c
[ 14%] [34m[1mGenerating C++ type support dispatch for ROS interfaces[0m
[ 14%] [34m[1mGenerating C++ type support for eProsima Fast-RTPS[0m
[ 14%] [34m[1mGenerating C++ introspection for ROS interfaces[0m
[35m[1mScanning dependencies of target tier4_planning_msgs__rosidl_typesupport_cpp[0m
[ 14%] [32mBuilding CXX object CMakeFiles/tier4_planning_msgs__rosidl_typesupport_cpp.dir/rosidl_typesupport_cpp/tier4_planning_msgs/msg/avoidance_debug_msg_array__type_support.cpp.o[0m
[ 14%] [32mBuilding CXX object CMakeFiles/tier4_planning_msgs__rosidl_typesupport_cpp.dir/rosidl_typesupport_cpp/tier4_planning_msgs/msg/avoidance_debug_factor__type_support.cpp.o[0m
[ 16%] [32mBuilding CXX object CMakeFiles/tier4_planning_msgs__rosidl_typesupport_cpp.dir/rosidl_typesupport_cpp/tier4_planning_msgs/msg/avoidance_debug_msg__type_support.cpp.o[0m
[ 16%] [32mBuilding CXX object CMakeFiles/tier4_planning_msgs__rosidl_typesupport_cpp.dir/rosidl_typesupport_cpp/tier4_planning_msgs/msg/approval__type_support.cpp.o[0m
[ 17%] [32mBuilding CXX object CMakeFiles/tier4_planning_msgs__rosidl_typesupport_cpp.dir/rosidl_typesupport_cpp/tier4_planning_msgs/msg/enable_avoidance__type_support.cpp.o[0m
[ 17%] [32mBuilding CXX object CMakeFiles/tier4_planning_msgs__rosidl_typesupport_cpp.dir/rosidl_typesupport_cpp/tier4_planning_msgs/msg/expand_stop_range__type_support.cpp.o[0m
[ 17%] [32mBuilding CXX object CMakeFiles/tier4_planning_msgs__rosidl_typesupport_cpp.dir/rosidl_typesupport_cpp/tier4_planning_msgs/msg/is_avoidance_possible__type_support.cpp.o[0m
[ 17%] [32mBuilding CXX object CMakeFiles/tier4_planning_msgs__rosidl_typesupport_cpp.dir/rosidl_typesupport_cpp/tier4_planning_msgs/msg/lane_change_command__type_support.cpp.o[0m
[ 18%] [32mBuilding CXX object CMakeFiles/tier4_planning_msgs__rosidl_typesupport_cpp.dir/rosidl_typesupport_cpp/tier4_planning_msgs/msg/lane_change_debug_msg__type_support.cpp.o[0m
[ 18%] [32mBuilding CXX object CMakeFiles/tier4_planning_msgs__rosidl_typesupport_cpp.dir/rosidl_typesupport_cpp/tier4_planning_msgs/msg/lane_change_debug_msg_array__type_support.cpp.o[0m
[ 18%] [32mBuilding CXX object CMakeFiles/tier4_planning_msgs__rosidl_typesupport_cpp.dir/rosidl_typesupport_cpp/tier4_planning_msgs/msg/lane_change_status__type_support.cpp.o[0m
[ 19%] [32mBuilding CXX object CMakeFiles/tier4_planning_msgs__rosidl_typesupport_cpp.dir/rosidl_typesupport_cpp/tier4_planning_msgs/msg/lateral_offset__type_support.cpp.o[0m
[35m[1mScanning dependencies of target tier4_planning_msgs__rosidl_typesupport_introspection_cpp[0m
[ 19%] [32mBuilding CXX object CMakeFiles/tier4_planning_msgs__rosidl_typesupport_introspection_cpp.dir/rosidl_typesupport_introspection_cpp/tier4_planning_msgs/msg/detail/approval__type_support.cpp.o[0m
[ 19%] [32mBuilding CXX object CMakeFiles/tier4_planning_msgs__rosidl_typesupport_cpp.dir/rosidl_typesupport_cpp/tier4_planning_msgs/msg/path__type_support.cpp.o[0m
[ 19%] [32mBuilding CXX object CMakeFiles/tier4_planning_msgs__rosidl_typesupport_introspection_cpp.dir/rosidl_typesupport_introspection_cpp/tier4_planning_msgs/msg/detail/avoidance_debug_factor__type_support.cpp.o[0m
[ 20%] [32mBuilding CXX object CMakeFiles/tier4_planning_msgs__rosidl_typesupport_cpp.dir/rosidl_typesupport_cpp/tier4_planning_msgs/msg/path_change_module__type_support.cpp.o[0m
[ 20%] [32mBuilding CXX object CMakeFiles/tier4_planning_msgs__rosidl_typesupport_cpp.dir/rosidl_typesupport_cpp/tier4_planning_msgs/msg/path_change_module_array__type_support.cpp.o[0m
[35m[1mScanning dependencies of target tier4_planning_msgs__rosidl_typesupport_fastrtps_cpp[0m
[ 20%] [32mBuilding CXX object CMakeFiles/tier4_planning_msgs__rosidl_typesupport_fastrtps_cpp.dir/rosidl_typesupport_fastrtps_cpp/tier4_planning_msgs/msg/detail/dds_fastrtps/approval__type_support.cpp.o[0m
[ 20%] [32mBuilding CXX object CMakeFiles/tier4_planning_msgs__rosidl_typesupport_fastrtps_cpp.dir/rosidl_typesupport_fastrtps_cpp/tier4_planning_msgs/msg/detail/dds_fastrtps/avoidance_debug_factor__type_support.cpp.o[0m
[ 21%] [32mBuilding CXX object CMakeFiles/tier4_planning_msgs__rosidl_typesupport_fastrtps_cpp.dir/rosidl_typesupport_fastrtps_cpp/tier4_planning_msgs/msg/detail/dds_fastrtps/avoidance_debug_msg__type_support.cpp.o[0m
[ 22%] [32mBuilding CXX object CMakeFiles/tier4_planning_msgs__rosidl_typesupport_introspection_cpp.dir/rosidl_typesupport_introspection_cpp/tier4_planning_msgs/msg/detail/avoidance_debug_msg_array__type_support.cpp.o[0m
[ 22%] [32mBuilding CXX object CMakeFiles/tier4_planning_msgs__rosidl_typesupport_introspection_cpp.dir/rosidl_typesupport_introspection_cpp/tier4_planning_msgs/msg/detail/avoidance_debug_msg__type_support.cpp.o[0m
[ 22%] [32mBuilding CXX object CMakeFiles/tier4_planning_msgs__rosidl_typesupport_cpp.dir/rosidl_typesupport_cpp/tier4_planning_msgs/msg/path_change_module_id__type_support.cpp.o[0m
[ 22%] [32mBuilding CXX object CMakeFiles/tier4_planning_msgs__rosidl_typesupport_fastrtps_cpp.dir/rosidl_typesupport_fastrtps_cpp/tier4_planning_msgs/msg/detail/dds_fastrtps/avoidance_debug_msg_array__type_support.cpp.o[0m
[ 23%] [32mBuilding CXX object CMakeFiles/tier4_planning_msgs__rosidl_typesupport_fastrtps_cpp.dir/rosidl_typesupport_fastrtps_cpp/tier4_planning_msgs/msg/detail/dds_fastrtps/enable_avoidance__type_support.cpp.o[0m
[ 23%] [32mBuilding CXX object CMakeFiles/tier4_planning_msgs__rosidl_typesupport_fastrtps_cpp.dir/rosidl_typesupport_fastrtps_cpp/tier4_planning_msgs/msg/detail/dds_fastrtps/expand_stop_range__type_support.cpp.o[0m
[ 24%] [32mBuilding CXX object CMakeFiles/tier4_planning_msgs__rosidl_typesupport_cpp.dir/rosidl_typesupport_cpp/tier4_planning_msgs/msg/path_point__type_support.cpp.o[0m
[ 24%] [32mBuilding CXX object CMakeFiles/tier4_planning_msgs__rosidl_typesupport_introspection_cpp.dir/rosidl_typesupport_introspection_cpp/tier4_planning_msgs/msg/detail/enable_avoidance__type_support.cpp.o[0m
[ 24%] [32mBuilding CXX object CMakeFiles/tier4_planning_msgs__rosidl_typesupport_fastrtps_cpp.dir/rosidl_typesupport_fastrtps_cpp/tier4_planning_msgs/msg/detail/dds_fastrtps/is_avoidance_possible__type_support.cpp.o[0m
[ 24%] [32mBuilding CXX object CMakeFiles/tier4_planning_msgs__rosidl_typesupport_cpp.dir/rosidl_typesupport_cpp/tier4_planning_msgs/msg/reroute_availability__type_support.cpp.o[0m
[ 25%] [32mBuilding CXX object CMakeFiles/tier4_planning_msgs__rosidl_typesupport_introspection_cpp.dir/rosidl_typesupport_introspection_cpp/tier4_planning_msgs/msg/detail/expand_stop_range__type_support.cpp.o[0m
[ 25%] [32mBuilding CXX object CMakeFiles/tier4_planning_msgs__rosidl_typesupport_introspection_cpp.dir/rosidl_typesupport_introspection_cpp/tier4_planning_msgs/msg/detail/is_avoidance_possible__type_support.cpp.o[0m
[ 26%] [32mBuilding CXX object CMakeFiles/tier4_planning_msgs__rosidl_typesupport_fastrtps_cpp.dir/rosidl_typesupport_fastrtps_cpp/tier4_planning_msgs/msg/detail/dds_fastrtps/lane_change_command__type_support.cpp.o[0m
[ 26%] [32mBuilding CXX object CMakeFiles/tier4_planning_msgs__rosidl_typesupport_introspection_cpp.dir/rosidl_typesupport_introspection_cpp/tier4_planning_msgs/msg/detail/lane_change_command__type_support.cpp.o[0m
[ 27%] [32mBuilding CXX object CMakeFiles/tier4_planning_msgs__rosidl_typesupport_fastrtps_cpp.dir/rosidl_typesupport_fastrtps_cpp/tier4_planning_msgs/msg/detail/dds_fastrtps/lane_change_debug_msg__type_support.cpp.o[0m
[ 27%] [32mBuilding CXX object CMakeFiles/tier4_planning_msgs__rosidl_typesupport_cpp.dir/rosidl_typesupport_cpp/tier4_planning_msgs/msg/route_state__type_support.cpp.o[0m
[ 27%] [32mBuilding CXX object CMakeFiles/tier4_planning_msgs__rosidl_typesupport_introspection_cpp.dir/rosidl_typesupport_introspection_cpp/tier4_planning_msgs/msg/detail/lane_change_debug_msg__type_support.cpp.o[0m
[ 27%] [32mBuilding CXX object CMakeFiles/tier4_planning_msgs__rosidl_typesupport_introspection_cpp.dir/rosidl_typesupport_introspection_cpp/tier4_planning_msgs/msg/detail/lane_change_debug_msg_array__type_support.cpp.o[0m
[ 28%] [32mBuilding CXX object CMakeFiles/tier4_planning_msgs__rosidl_typesupport_introspection_cpp.dir/rosidl_typesupport_introspection_cpp/tier4_planning_msgs/msg/detail/lane_change_status__type_support.cpp.o[0m
[ 28%] [32mBuilding CXX object CMakeFiles/tier4_planning_msgs__rosidl_typesupport_introspection_cpp.dir/rosidl_typesupport_introspection_cpp/tier4_planning_msgs/msg/detail/lateral_offset__type_support.cpp.o[0m
[ 29%] [32mBuilding CXX object CMakeFiles/tier4_planning_msgs__rosidl_typesupport_cpp.dir/rosidl_typesupport_cpp/tier4_planning_msgs/msg/scenario__type_support.cpp.o[0m
[ 29%] [32mBuilding CXX object CMakeFiles/tier4_planning_msgs__rosidl_typesupport_introspection_cpp.dir/rosidl_typesupport_introspection_cpp/tier4_planning_msgs/msg/detail/path__type_support.cpp.o[0m
[ 29%] [32mBuilding CXX object CMakeFiles/tier4_planning_msgs__rosidl_typesupport_fastrtps_cpp.dir/rosidl_typesupport_fastrtps_cpp/tier4_planning_msgs/msg/detail/dds_fastrtps/lane_change_debug_msg_array__type_support.cpp.o[0m
[ 30%] [32mBuilding CXX object CMakeFiles/tier4_planning_msgs__rosidl_typesupport_introspection_cpp.dir/rosidl_typesupport_introspection_cpp/tier4_planning_msgs/msg/detail/path_change_module__type_support.cpp.o[0m
[ 30%] [32mBuilding CXX object CMakeFiles/tier4_planning_msgs__rosidl_typesupport_cpp.dir/rosidl_typesupport_cpp/tier4_planning_msgs/msg/stop_factor__type_support.cpp.o[0m
[ 30%] [32mBuilding CXX object CMakeFiles/tier4_planning_msgs__rosidl_typesupport_cpp.dir/rosidl_typesupport_cpp/tier4_planning_msgs/msg/stop_reason__type_support.cpp.o[0m
[ 31%] [32mBuilding CXX object CMakeFiles/tier4_planning_msgs__rosidl_typesupport_cpp.dir/rosidl_typesupport_cpp/tier4_planning_msgs/msg/stop_reason_array__type_support.cpp.o[0m
[ 31%] [32mBuilding CXX object CMakeFiles/tier4_planning_msgs__rosidl_typesupport_cpp.dir/rosidl_typesupport_cpp/tier4_planning_msgs/msg/stop_speed_exceeded__type_support.cpp.o[0m
[ 31%] [32mBuilding CXX object CMakeFiles/tier4_planning_msgs__rosidl_typesupport_introspection_cpp.dir/rosidl_typesupport_introspection_cpp/tier4_planning_msgs/msg/detail/path_change_module_array__type_support.cpp.o[0m
[ 31%] [32mBuilding CXX object CMakeFiles/tier4_planning_msgs__rosidl_typesupport_cpp.dir/rosidl_typesupport_cpp/tier4_planning_msgs/msg/trajectory__type_support.cpp.o[0m
[ 32%] [32mBuilding CXX object CMakeFiles/tier4_planning_msgs__rosidl_typesupport_cpp.dir/rosidl_typesupport_cpp/tier4_planning_msgs/msg/trajectory_point__type_support.cpp.o[0m
[ 33%] [32mBuilding CXX object CMakeFiles/tier4_planning_msgs__rosidl_typesupport_fastrtps_cpp.dir/rosidl_typesupport_fastrtps_cpp/tier4_planning_msgs/msg/detail/dds_fastrtps/lane_change_status__type_support.cpp.o[0m
[ 33%] [32mBuilding CXX object CMakeFiles/tier4_planning_msgs__rosidl_typesupport_cpp.dir/rosidl_typesupport_cpp/tier4_planning_msgs/msg/velocity_limit__type_support.cpp.o[0m
[ 33%] [32mBuilding CXX object CMakeFiles/tier4_planning_msgs__rosidl_typesupport_introspection_cpp.dir/rosidl_typesupport_introspection_cpp/tier4_planning_msgs/msg/detail/path_change_module_id__type_support.cpp.o[0m
[ 34%] [32mBuilding CXX object CMakeFiles/tier4_planning_msgs__rosidl_typesupport_introspection_cpp.dir/rosidl_typesupport_introspection_cpp/tier4_planning_msgs/msg/detail/path_point__type_support.cpp.o[0m
[ 34%] [32mBuilding CXX object CMakeFiles/tier4_planning_msgs__rosidl_typesupport_introspection_cpp.dir/rosidl_typesupport_introspection_cpp/tier4_planning_msgs/msg/detail/reroute_availability__type_support.cpp.o[0m
[ 34%] [32mBuilding CXX object CMakeFiles/tier4_planning_msgs__rosidl_typesupport_introspection_cpp.dir/rosidl_typesupport_introspection_cpp/tier4_planning_msgs/msg/detail/route_state__type_support.cpp.o[0m
[ 35%] [32mBuilding CXX object CMakeFiles/tier4_planning_msgs__rosidl_typesupport_cpp.dir/rosidl_typesupport_cpp/tier4_planning_msgs/msg/velocity_limit_clear_command__type_support.cpp.o[0m
[ 36%] [32mBuilding CXX object CMakeFiles/tier4_planning_msgs__rosidl_typesupport_introspection_cpp.dir/rosidl_typesupport_introspection_cpp/tier4_planning_msgs/msg/detail/scenario__type_support.cpp.o[0m
[ 36%] [32mBuilding CXX object CMakeFiles/tier4_planning_msgs__rosidl_typesupport_fastrtps_cpp.dir/rosidl_typesupport_fastrtps_cpp/tier4_planning_msgs/msg/detail/dds_fastrtps/lateral_offset__type_support.cpp.o[0m
[ 36%] [32mBuilding CXX object CMakeFiles/tier4_planning_msgs__rosidl_typesupport_fastrtps_cpp.dir/rosidl_typesupport_fastrtps_cpp/tier4_planning_msgs/msg/detail/dds_fastrtps/path__type_support.cpp.o[0m
[ 36%] [32mBuilding CXX object CMakeFiles/tier4_planning_msgs__rosidl_typesupport_cpp.dir/rosidl_typesupport_cpp/tier4_planning_msgs/msg/velocity_limit_constraints__type_support.cpp.o[0m
[ 36%] [32mBuilding CXX object CMakeFiles/tier4_planning_msgs__rosidl_typesupport_cpp.dir/rosidl_typesupport_cpp/tier4_planning_msgs/srv/clear_route__type_support.cpp.o[0m
[ 36%] [32mBuilding CXX object CMakeFiles/tier4_planning_msgs__rosidl_typesupport_introspection_cpp.dir/rosidl_typesupport_introspection_cpp/tier4_planning_msgs/msg/detail/stop_factor__type_support.cpp.o[0m
[ 37%] [32mBuilding CXX object CMakeFiles/tier4_planning_msgs__rosidl_typesupport_introspection_cpp.dir/rosidl_typesupport_introspection_cpp/tier4_planning_msgs/msg/detail/stop_reason__type_support.cpp.o[0m
[ 38%] [32mBuilding CXX object CMakeFiles/tier4_planning_msgs__rosidl_typesupport_cpp.dir/rosidl_typesupport_cpp/tier4_planning_msgs/srv/set_lanelet_route__type_support.cpp.o[0m
[ 39%] [32mBuilding CXX object CMakeFiles/tier4_planning_msgs__rosidl_typesupport_fastrtps_cpp.dir/rosidl_typesupport_fastrtps_cpp/tier4_planning_msgs/msg/detail/dds_fastrtps/path_change_module__type_support.cpp.o[0m
[ 39%] [32mBuilding CXX object CMakeFiles/tier4_planning_msgs__rosidl_typesupport_cpp.dir/rosidl_typesupport_cpp/tier4_planning_msgs/srv/set_waypoint_route__type_support.cpp.o[0m
[ 39%] [32mBuilding CXX object CMakeFiles/tier4_planning_msgs__rosidl_typesupport_fastrtps_cpp.dir/rosidl_typesupport_fastrtps_cpp/tier4_planning_msgs/msg/detail/dds_fastrtps/path_change_module_array__type_support.cpp.o[0m
[ 39%] [32mBuilding CXX object CMakeFiles/tier4_planning_msgs__rosidl_typesupport_fastrtps_cpp.dir/rosidl_typesupport_fastrtps_cpp/tier4_planning_msgs/msg/detail/dds_fastrtps/path_change_module_id__type_support.cpp.o[0m
[ 40%] [32mBuilding CXX object CMakeFiles/tier4_planning_msgs__rosidl_typesupport_fastrtps_cpp.dir/rosidl_typesupport_fastrtps_cpp/tier4_planning_msgs/msg/detail/dds_fastrtps/path_point__type_support.cpp.o[0m
[ 40%] [32mBuilding CXX object CMakeFiles/tier4_planning_msgs__rosidl_typesupport_introspection_cpp.dir/rosidl_typesupport_introspection_cpp/tier4_planning_msgs/msg/detail/stop_reason_array__type_support.cpp.o[0m
[ 40%] [32m[1mLinking CXX shared library libtier4_planning_msgs__rosidl_typesupport_cpp.so[0m
[ 40%] Built target tier4_planning_msgs__rosidl_typesupport_cpp
[ 40%] [32mBuilding CXX object CMakeFiles/tier4_planning_msgs__rosidl_typesupport_fastrtps_cpp.dir/rosidl_typesupport_fastrtps_cpp/tier4_planning_msgs/msg/detail/dds_fastrtps/reroute_availability__type_support.cpp.o[0m
[ 41%] [34m[1mGenerating C introspection for ROS interfaces[0m
[ 42%] [34m[1mGenerating C type support dispatch for ROS interfaces[0m
[ 42%] [32mBuilding CXX object CMakeFiles/tier4_planning_msgs__rosidl_typesupport_fastrtps_cpp.dir/rosidl_typesupport_fastrtps_cpp/tier4_planning_msgs/msg/detail/dds_fastrtps/route_state__type_support.cpp.o[0m
[ 43%] [32mBuilding CXX object CMakeFiles/tier4_planning_msgs__rosidl_typesupport_fastrtps_cpp.dir/rosidl_typesupport_fastrtps_cpp/tier4_planning_msgs/msg/detail/dds_fastrtps/scenario__type_support.cpp.o[0m
[ 43%] [32mBuilding CXX object CMakeFiles/tier4_planning_msgs__rosidl_typesupport_fastrtps_cpp.dir/rosidl_typesupport_fastrtps_cpp/tier4_planning_msgs/msg/detail/dds_fastrtps/stop_factor__type_support.cpp.o[0m
[ 43%] [32mBuilding CXX object CMakeFiles/tier4_planning_msgs__rosidl_typesupport_introspection_cpp.dir/rosidl_typesupport_introspection_cpp/tier4_planning_msgs/msg/detail/stop_speed_exceeded__type_support.cpp.o[0m
[ 43%] [32mBuilding CXX object CMakeFiles/tier4_planning_msgs__rosidl_typesupport_fastrtps_cpp.dir/rosidl_typesupport_fastrtps_cpp/tier4_planning_msgs/msg/detail/dds_fastrtps/stop_reason__type_support.cpp.o[0m
[ 44%] [32mBuilding CXX object CMakeFiles/tier4_planning_msgs__rosidl_typesupport_fastrtps_cpp.dir/rosidl_typesupport_fastrtps_cpp/tier4_planning_msgs/msg/detail/dds_fastrtps/stop_reason_array__type_support.cpp.o[0m
[ 44%] [32mBuilding CXX object CMakeFiles/tier4_planning_msgs__rosidl_typesupport_fastrtps_cpp.dir/rosidl_typesupport_fastrtps_cpp/tier4_planning_msgs/msg/detail/dds_fastrtps/stop_speed_exceeded__type_support.cpp.o[0m
[ 45%] [32mBuilding CXX object CMakeFiles/tier4_planning_msgs__rosidl_typesupport_introspection_cpp.dir/rosidl_typesupport_introspection_cpp/tier4_planning_msgs/msg/detail/trajectory__type_support.cpp.o[0m
[ 46%] [32mBuilding CXX object CMakeFiles/tier4_planning_msgs__rosidl_typesupport_fastrtps_cpp.dir/rosidl_typesupport_fastrtps_cpp/tier4_planning_msgs/msg/detail/dds_fastrtps/trajectory__type_support.cpp.o[0m
[ 46%] [32mBuilding CXX object CMakeFiles/tier4_planning_msgs__rosidl_typesupport_fastrtps_cpp.dir/rosidl_typesupport_fastrtps_cpp/tier4_planning_msgs/msg/detail/dds_fastrtps/trajectory_point__type_support.cpp.o[0m
[ 46%] [32mBuilding CXX object CMakeFiles/tier4_planning_msgs__rosidl_typesupport_fastrtps_cpp.dir/rosidl_typesupport_fastrtps_cpp/tier4_planning_msgs/msg/detail/dds_fastrtps/velocity_limit__type_support.cpp.o[0m
[ 46%] [32mBuilding CXX object CMakeFiles/tier4_planning_msgs__rosidl_typesupport_introspection_cpp.dir/rosidl_typesupport_introspection_cpp/tier4_planning_msgs/msg/detail/trajectory_point__type_support.cpp.o[0m
[ 47%] [32mBuilding CXX object CMakeFiles/tier4_planning_msgs__rosidl_typesupport_fastrtps_cpp.dir/rosidl_typesupport_fastrtps_cpp/tier4_planning_msgs/msg/detail/dds_fastrtps/velocity_limit_clear_command__type_support.cpp.o[0m
[ 47%] [32mBuilding CXX object CMakeFiles/tier4_planning_msgs__rosidl_typesupport_fastrtps_cpp.dir/rosidl_typesupport_fastrtps_cpp/tier4_planning_msgs/msg/detail/dds_fastrtps/velocity_limit_constraints__type_support.cpp.o[0m
[ 47%] [32mBuilding CXX object CMakeFiles/tier4_planning_msgs__rosidl_typesupport_fastrtps_cpp.dir/rosidl_typesupport_fastrtps_cpp/tier4_planning_msgs/srv/detail/dds_fastrtps/clear_route__type_support.cpp.o[0m
[ 48%] [32mBuilding CXX object CMakeFiles/tier4_planning_msgs__rosidl_typesupport_fastrtps_cpp.dir/rosidl_typesupport_fastrtps_cpp/tier4_planning_msgs/srv/detail/dds_fastrtps/set_lanelet_route__type_support.cpp.o[0m
[ 48%] [32mBuilding CXX object CMakeFiles/tier4_planning_msgs__rosidl_typesupport_introspection_cpp.dir/rosidl_typesupport_introspection_cpp/tier4_planning_msgs/msg/detail/velocity_limit__type_support.cpp.o[0m
[ 49%] [32mBuilding CXX object CMakeFiles/tier4_planning_msgs__rosidl_typesupport_introspection_cpp.dir/rosidl_typesupport_introspection_cpp/tier4_planning_msgs/msg/detail/velocity_limit_clear_command__type_support.cpp.o[0m
[ 49%] [32mBuilding CXX object CMakeFiles/tier4_planning_msgs__rosidl_typesupport_fastrtps_cpp.dir/rosidl_typesupport_fastrtps_cpp/tier4_planning_msgs/srv/detail/dds_fastrtps/set_waypoint_route__type_support.cpp.o[0m
[35m[1mScanning dependencies of target tier4_planning_msgs__rosidl_typesupport_c[0m
[ 49%] [32mBuilding CXX object CMakeFiles/tier4_planning_msgs__rosidl_typesupport_c.dir/rosidl_typesupport_c/tier4_planning_msgs/msg/avoidance_debug_factor__type_support.cpp.o[0m
[ 49%] [32mBuilding CXX object CMakeFiles/tier4_planning_msgs__rosidl_typesupport_c.dir/rosidl_typesupport_c/tier4_planning_msgs/msg/approval__type_support.cpp.o[0m
[ 50%] [32mBuilding CXX object CMakeFiles/tier4_planning_msgs__rosidl_typesupport_c.dir/rosidl_typesupport_c/tier4_planning_msgs/msg/avoidance_debug_msg__type_support.cpp.o[0m
[ 50%] [32mBuilding CXX object CMakeFiles/tier4_planning_msgs__rosidl_typesupport_introspection_cpp.dir/rosidl_typesupport_introspection_cpp/tier4_planning_msgs/msg/detail/velocity_limit_constraints__type_support.cpp.o[0m
[ 50%] [32mBuilding CXX object CMakeFiles/tier4_planning_msgs__rosidl_typesupport_c.dir/rosidl_typesupport_c/tier4_planning_msgs/msg/avoidance_debug_msg_array__type_support.cpp.o[0m
[ 50%] [32mBuilding CXX object CMakeFiles/tier4_planning_msgs__rosidl_typesupport_introspection_cpp.dir/rosidl_typesupport_introspection_cpp/tier4_planning_msgs/srv/detail/clear_route__type_support.cpp.o[0m
[ 50%] [32mBuilding CXX object CMakeFiles/tier4_planning_msgs__rosidl_typesupport_c.dir/rosidl_typesupport_c/tier4_planning_msgs/msg/enable_avoidance__type_support.cpp.o[0m
[ 51%] [32mBuilding CXX object CMakeFiles/tier4_planning_msgs__rosidl_typesupport_introspection_cpp.dir/rosidl_typesupport_introspection_cpp/tier4_planning_msgs/srv/detail/set_lanelet_route__type_support.cpp.o[0m
[ 52%] [32mBuilding CXX object CMakeFiles/tier4_planning_msgs__rosidl_typesupport_c.dir/rosidl_typesupport_c/tier4_planning_msgs/msg/expand_stop_range__type_support.cpp.o[0m
[ 52%] [32mBuilding CXX object CMakeFiles/tier4_planning_msgs__rosidl_typesupport_introspection_cpp.dir/rosidl_typesupport_introspection_cpp/tier4_planning_msgs/srv/detail/set_waypoint_route__type_support.cpp.o[0m
[ 52%] [32mBuilding CXX object CMakeFiles/tier4_planning_msgs__rosidl_typesupport_c.dir/rosidl_typesupport_c/tier4_planning_msgs/msg/is_avoidance_possible__type_support.cpp.o[0m
[ 52%] [32mBuilding CXX object CMakeFiles/tier4_planning_msgs__rosidl_typesupport_c.dir/rosidl_typesupport_c/tier4_planning_msgs/msg/lane_change_command__type_support.cpp.o[0m
[ 53%] [32mBuilding CXX object CMakeFiles/tier4_planning_msgs__rosidl_typesupport_c.dir/rosidl_typesupport_c/tier4_planning_msgs/msg/lane_change_debug_msg__type_support.cpp.o[0m
[ 53%] [32mBuilding CXX object CMakeFiles/tier4_planning_msgs__rosidl_typesupport_c.dir/rosidl_typesupport_c/tier4_planning_msgs/msg/lane_change_debug_msg_array__type_support.cpp.o[0m
[ 54%] [32mBuilding CXX object CMakeFiles/tier4_planning_msgs__rosidl_typesupport_c.dir/rosidl_typesupport_c/tier4_planning_msgs/msg/lane_change_status__type_support.cpp.o[0m
[ 54%] [32mBuilding CXX object CMakeFiles/tier4_planning_msgs__rosidl_typesupport_c.dir/rosidl_typesupport_c/tier4_planning_msgs/msg/lateral_offset__type_support.cpp.o[0m
[ 55%] [32mBuilding CXX object CMakeFiles/tier4_planning_msgs__rosidl_typesupport_c.dir/rosidl_typesupport_c/tier4_planning_msgs/msg/path__type_support.cpp.o[0m
[ 55%] [32mBuilding CXX object CMakeFiles/tier4_planning_msgs__rosidl_typesupport_c.dir/rosidl_typesupport_c/tier4_planning_msgs/msg/path_change_module__type_support.cpp.o[0m
[ 55%] [32m[1mLinking CXX shared library libtier4_planning_msgs__rosidl_typesupport_fastrtps_cpp.so[0m
[ 55%] [32mBuilding CXX object CMakeFiles/tier4_planning_msgs__rosidl_typesupport_c.dir/rosidl_typesupport_c/tier4_planning_msgs/msg/path_change_module_array__type_support.cpp.o[0m
[ 55%] [32mBuilding CXX object CMakeFiles/tier4_planning_msgs__rosidl_typesupport_c.dir/rosidl_typesupport_c/tier4_planning_msgs/msg/path_change_module_id__type_support.cpp.o[0m
[ 56%] [32mBuilding CXX object CMakeFiles/tier4_planning_msgs__rosidl_typesupport_c.dir/rosidl_typesupport_c/tier4_planning_msgs/msg/path_point__type_support.cpp.o[0m
[ 56%] [32mBuilding CXX object CMakeFiles/tier4_planning_msgs__rosidl_typesupport_c.dir/rosidl_typesupport_c/tier4_planning_msgs/msg/reroute_availability__type_support.cpp.o[0m
[35m[1mScanning dependencies of target tier4_planning_msgs__rosidl_typesupport_introspection_c[0m
[ 56%] [32mBuilding CXX object CMakeFiles/tier4_planning_msgs__rosidl_typesupport_c.dir/rosidl_typesupport_c/tier4_planning_msgs/msg/route_state__type_support.cpp.o[0m
[ 57%] [32mBuilding CXX object CMakeFiles/tier4_planning_msgs__rosidl_typesupport_c.dir/rosidl_typesupport_c/tier4_planning_msgs/msg/scenario__type_support.cpp.o[0m
[ 57%] [32mBuilding CXX object CMakeFiles/tier4_planning_msgs__rosidl_typesupport_c.dir/rosidl_typesupport_c/tier4_planning_msgs/msg/stop_factor__type_support.cpp.o[0m
[ 57%] [32mBuilding C object CMakeFiles/tier4_planning_msgs__rosidl_typesupport_introspection_c.dir/rosidl_typesupport_introspection_c/tier4_planning_msgs/msg/detail/approval__type_support.c.o[0m
[ 57%] [32mBuilding C object CMakeFiles/tier4_planning_msgs__rosidl_typesupport_introspection_c.dir/rosidl_typesupport_introspection_c/tier4_planning_msgs/msg/detail/avoidance_debug_factor__type_support.c.o[0m
[ 58%] [32mBuilding C object CMakeFiles/tier4_planning_msgs__rosidl_typesupport_introspection_c.dir/rosidl_typesupport_introspection_c/tier4_planning_msgs/msg/detail/avoidance_debug_msg__type_support.c.o[0m
[ 58%] [32mBuilding CXX object CMakeFiles/tier4_planning_msgs__rosidl_typesupport_c.dir/rosidl_typesupport_c/tier4_planning_msgs/msg/stop_reason__type_support.cpp.o[0m
[ 58%] [32mBuilding C object CMakeFiles/tier4_planning_msgs__rosidl_typesupport_introspection_c.dir/rosidl_typesupport_introspection_c/tier4_planning_msgs/msg/detail/avoidance_debug_msg_array__type_support.c.o[0m
[ 59%] [32mBuilding CXX object CMakeFiles/tier4_planning_msgs__rosidl_typesupport_c.dir/rosidl_typesupport_c/tier4_planning_msgs/msg/stop_reason_array__type_support.cpp.o[0m
[ 59%] Built target tier4_planning_msgs__rosidl_typesupport_fastrtps_cpp
[ 60%] [32mBuilding C object CMakeFiles/tier4_planning_msgs__rosidl_typesupport_introspection_c.dir/rosidl_typesupport_introspection_c/tier4_planning_msgs/msg/detail/enable_avoidance__type_support.c.o[0m
[ 60%] [32mBuilding C object CMakeFiles/tier4_planning_msgs__rosidl_typesupport_introspection_c.dir/rosidl_typesupport_introspection_c/tier4_planning_msgs/msg/detail/expand_stop_range__type_support.c.o[0m
[ 60%] [32mBuilding C object CMakeFiles/tier4_planning_msgs__rosidl_typesupport_introspection_c.dir/rosidl_typesupport_introspection_c/tier4_planning_msgs/msg/detail/is_avoidance_possible__type_support.c.o[0m
[ 61%] [32m[1mLinking CXX shared library libtier4_planning_msgs__rosidl_typesupport_introspection_cpp.so[0m
[ 62%] [34m[1mGenerating C type support for eProsima Fast-RTPS[0m
[ 62%] [32mBuilding CXX object CMakeFiles/tier4_planning_msgs__rosidl_typesupport_c.dir/rosidl_typesupport_c/tier4_planning_msgs/msg/stop_speed_exceeded__type_support.cpp.o[0m
[ 63%] [32mBuilding C object CMakeFiles/tier4_planning_msgs__rosidl_typesupport_introspection_c.dir/rosidl_typesupport_introspection_c/tier4_planning_msgs/msg/detail/lane_change_command__type_support.c.o[0m
[ 64%] [32mBuilding CXX object CMakeFiles/tier4_planning_msgs__rosidl_typesupport_c.dir/rosidl_typesupport_c/tier4_planning_msgs/msg/trajectory__type_support.cpp.o[0m
[ 64%] [32mBuilding C object CMakeFiles/tier4_planning_msgs__rosidl_typesupport_introspection_c.dir/rosidl_typesupport_introspection_c/tier4_planning_msgs/msg/detail/lane_change_debug_msg__type_support.c.o[0m
[ 64%] [32mBuilding C object CMakeFiles/tier4_planning_msgs__rosidl_typesupport_introspection_c.dir/rosidl_typesupport_introspection_c/tier4_planning_msgs/msg/detail/lane_change_debug_msg_array__type_support.c.o[0m
[ 65%] [32mBuilding C object CMakeFiles/tier4_planning_msgs__rosidl_typesupport_introspection_c.dir/rosidl_typesupport_introspection_c/tier4_planning_msgs/msg/detail/lane_change_status__type_support.c.o[0m
[ 65%] [32mBuilding CXX object CMakeFiles/tier4_planning_msgs__rosidl_typesupport_c.dir/rosidl_typesupport_c/tier4_planning_msgs/msg/trajectory_point__type_support.cpp.o[0m
[ 65%] [32mBuilding C object CMakeFiles/tier4_planning_msgs__rosidl_typesupport_introspection_c.dir/rosidl_typesupport_introspection_c/tier4_planning_msgs/msg/detail/lateral_offset__type_support.c.o[0m
[ 65%] [32mBuilding CXX object CMakeFiles/tier4_planning_msgs__rosidl_typesupport_c.dir/rosidl_typesupport_c/tier4_planning_msgs/msg/velocity_limit__type_support.cpp.o[0m
[ 65%] [32mBuilding C object CMakeFiles/tier4_planning_msgs__rosidl_typesupport_introspection_c.dir/rosidl_typesupport_introspection_c/tier4_planning_msgs/msg/detail/path__type_support.c.o[0m
[ 66%] [32mBuilding C object CMakeFiles/tier4_planning_msgs__rosidl_typesupport_introspection_c.dir/rosidl_typesupport_introspection_c/tier4_planning_msgs/msg/detail/path_change_module_array__type_support.c.o[0m
[ 66%] [32mBuilding C object CMakeFiles/tier4_planning_msgs__rosidl_typesupport_introspection_c.dir/rosidl_typesupport_introspection_c/tier4_planning_msgs/msg/detail/path_change_module__type_support.c.o[0m
[ 67%] [32mBuilding CXX object CMakeFiles/tier4_planning_msgs__rosidl_typesupport_c.dir/rosidl_typesupport_c/tier4_planning_msgs/msg/velocity_limit_clear_command__type_support.cpp.o[0m
[ 68%] [32mBuilding C object CMakeFiles/tier4_planning_msgs__rosidl_typesupport_introspection_c.dir/rosidl_typesupport_introspection_c/tier4_planning_msgs/msg/detail/path_change_module_id__type_support.c.o[0m
[ 68%] [32mBuilding CXX object CMakeFiles/tier4_planning_msgs__rosidl_typesupport_c.dir/rosidl_typesupport_c/tier4_planning_msgs/msg/velocity_limit_constraints__type_support.cpp.o[0m
[ 68%] Built target tier4_planning_msgs__rosidl_typesupport_introspection_cpp
[ 68%] [32mBuilding C object CMakeFiles/tier4_planning_msgs__rosidl_typesupport_introspection_c.dir/rosidl_typesupport_introspection_c/tier4_planning_msgs/msg/detail/path_point__type_support.c.o[0m
[ 69%] [32mBuilding C object CMakeFiles/tier4_planning_msgs__rosidl_typesupport_introspection_c.dir/rosidl_typesupport_introspection_c/tier4_planning_msgs/msg/detail/scenario__type_support.c.o[0m
[ 69%] [32mBuilding C object CMakeFiles/tier4_planning_msgs__rosidl_typesupport_introspection_c.dir/rosidl_typesupport_introspection_c/tier4_planning_msgs/msg/detail/route_state__type_support.c.o[0m
[ 69%] [32mBuilding C object CMakeFiles/tier4_planning_msgs__rosidl_typesupport_introspection_c.dir/rosidl_typesupport_introspection_c/tier4_planning_msgs/msg/detail/reroute_availability__type_support.c.o[0m
[ 69%] [32mBuilding C object CMakeFiles/tier4_planning_msgs__rosidl_typesupport_introspection_c.dir/rosidl_typesupport_introspection_c/tier4_planning_msgs/msg/detail/stop_factor__type_support.c.o[0m
[ 69%] [32mBuilding CXX object CMakeFiles/tier4_planning_msgs__rosidl_typesupport_c.dir/rosidl_typesupport_c/tier4_planning_msgs/srv/clear_route__type_support.cpp.o[0m
[ 70%] [32mBuilding CXX object CMakeFiles/tier4_planning_msgs__rosidl_typesupport_c.dir/rosidl_typesupport_c/tier4_planning_msgs/srv/set_lanelet_route__type_support.cpp.o[0m
[ 71%] [32mBuilding C object CMakeFiles/tier4_planning_msgs__rosidl_typesupport_introspection_c.dir/rosidl_typesupport_introspection_c/tier4_planning_msgs/msg/detail/stop_reason_array__type_support.c.o[0m
[ 71%] [32mBuilding C object CMakeFiles/tier4_planning_msgs__rosidl_typesupport_introspection_c.dir/rosidl_typesupport_introspection_c/tier4_planning_msgs/msg/detail/stop_reason__type_support.c.o[0m
[ 72%] [32mBuilding C object CMakeFiles/tier4_planning_msgs__rosidl_typesupport_introspection_c.dir/rosidl_typesupport_introspection_c/tier4_planning_msgs/msg/detail/trajectory__type_support.c.o[0m
[ 72%] [32mBuilding C object CMakeFiles/tier4_planning_msgs__rosidl_typesupport_introspection_c.dir/rosidl_typesupport_introspection_c/tier4_planning_msgs/msg/detail/stop_speed_exceeded__type_support.c.o[0m
[ 72%] [32mBuilding C object CMakeFiles/tier4_planning_msgs__rosidl_typesupport_introspection_c.dir/rosidl_typesupport_introspection_c/tier4_planning_msgs/msg/detail/trajectory_point__type_support.c.o[0m
[ 72%] [32mBuilding CXX object CMakeFiles/tier4_planning_msgs__rosidl_typesupport_c.dir/rosidl_typesupport_c/tier4_planning_msgs/srv/set_waypoint_route__type_support.cpp.o[0m
[ 72%] [32mBuilding C object CMakeFiles/tier4_planning_msgs__rosidl_typesupport_introspection_c.dir/rosidl_typesupport_introspection_c/tier4_planning_msgs/msg/detail/velocity_limit__type_support.c.o[0m
[ 72%] [32mBuilding C object CMakeFiles/tier4_planning_msgs__rosidl_typesupport_introspection_c.dir/rosidl_typesupport_introspection_c/tier4_planning_msgs/msg/detail/velocity_limit_constraints__type_support.c.o[0m
[ 73%] [32mBuilding C object CMakeFiles/tier4_planning_msgs__rosidl_typesupport_introspection_c.dir/rosidl_typesupport_introspection_c/tier4_planning_msgs/msg/detail/velocity_limit_clear_command__type_support.c.o[0m
[ 74%] [32mBuilding C object CMakeFiles/tier4_planning_msgs__rosidl_typesupport_introspection_c.dir/rosidl_typesupport_introspection_c/tier4_planning_msgs/srv/detail/clear_route__type_support.c.o[0m
[ 74%] [32mBuilding C object CMakeFiles/tier4_planning_msgs__rosidl_typesupport_introspection_c.dir/rosidl_typesupport_introspection_c/tier4_planning_msgs/srv/detail/set_lanelet_route__type_support.c.o[0m
[ 74%] [32m[1mLinking CXX shared library libtier4_planning_msgs__rosidl_typesupport_c.so[0m
[ 74%] [32mBuilding C object CMakeFiles/tier4_planning_msgs__rosidl_typesupport_introspection_c.dir/rosidl_typesupport_introspection_c/tier4_planning_msgs/srv/detail/set_waypoint_route__type_support.c.o[0m
[ 75%] [32m[1mLinking C shared library libtier4_planning_msgs__rosidl_typesupport_introspection_c.so[0m
[ 75%] Built target tier4_planning_msgs__rosidl_typesupport_c
[ 75%] Built target tier4_planning_msgs__rosidl_typesupport_introspection_c
[35m[1mScanning dependencies of target tier4_planning_msgs__rosidl_typesupport_fastrtps_c[0m
[ 76%] [32mBuilding CXX object CMakeFiles/tier4_planning_msgs__rosidl_typesupport_fastrtps_c.dir/rosidl_typesupport_fastrtps_c/tier4_planning_msgs/msg/detail/avoidance_debug_msg_array__type_support_c.cpp.o[0m
[ 76%] [32mBuilding CXX object CMakeFiles/tier4_planning_msgs__rosidl_typesupport_fastrtps_c.dir/rosidl_typesupport_fastrtps_c/tier4_planning_msgs/msg/detail/approval__type_support_c.cpp.o[0m
[ 76%] [32mBuilding CXX object CMakeFiles/tier4_planning_msgs__rosidl_typesupport_fastrtps_c.dir/rosidl_typesupport_fastrtps_c/tier4_planning_msgs/msg/detail/enable_avoidance__type_support_c.cpp.o[0m
[ 76%] [32mBuilding CXX object CMakeFiles/tier4_planning_msgs__rosidl_typesupport_fastrtps_c.dir/rosidl_typesupport_fastrtps_c/tier4_planning_msgs/msg/detail/avoidance_debug_factor__type_support_c.cpp.o[0m
[ 76%] [32mBuilding CXX object CMakeFiles/tier4_planning_msgs__rosidl_typesupport_fastrtps_c.dir/rosidl_typesupport_fastrtps_c/tier4_planning_msgs/msg/detail/avoidance_debug_msg__type_support_c.cpp.o[0m
[ 77%] [32mBuilding CXX object CMakeFiles/tier4_planning_msgs__rosidl_typesupport_fastrtps_c.dir/rosidl_typesupport_fastrtps_c/tier4_planning_msgs/msg/detail/lane_change_command__type_support_c.cpp.o[0m
[ 77%] [32mBuilding CXX object CMakeFiles/tier4_planning_msgs__rosidl_typesupport_fastrtps_c.dir/rosidl_typesupport_fastrtps_c/tier4_planning_msgs/msg/detail/lane_change_debug_msg__type_support_c.cpp.o[0m
[ 77%] [32mBuilding CXX object CMakeFiles/tier4_planning_msgs__rosidl_typesupport_fastrtps_c.dir/rosidl_typesupport_fastrtps_c/tier4_planning_msgs/msg/detail/lane_change_debug_msg_array__type_support_c.cpp.o[0m
[ 78%] [32mBuilding CXX object CMakeFiles/tier4_planning_msgs__rosidl_typesupport_fastrtps_c.dir/rosidl_typesupport_fastrtps_c/tier4_planning_msgs/msg/detail/lane_change_status__type_support_c.cpp.o[0m
[ 78%] [32mBuilding CXX object CMakeFiles/tier4_planning_msgs__rosidl_typesupport_fastrtps_c.dir/rosidl_typesupport_fastrtps_c/tier4_planning_msgs/msg/detail/lateral_offset__type_support_c.cpp.o[0m
[ 78%] [32mBuilding CXX object CMakeFiles/tier4_planning_msgs__rosidl_typesupport_fastrtps_c.dir/rosidl_typesupport_fastrtps_c/tier4_planning_msgs/msg/detail/path__type_support_c.cpp.o[0m
[ 78%] [32mBuilding CXX object CMakeFiles/tier4_planning_msgs__rosidl_typesupport_fastrtps_c.dir/rosidl_typesupport_fastrtps_c/tier4_planning_msgs/msg/detail/is_avoidance_possible__type_support_c.cpp.o[0m
[ 79%] [32mBuilding CXX object CMakeFiles/tier4_planning_msgs__rosidl_typesupport_fastrtps_c.dir/rosidl_typesupport_fastrtps_c/tier4_planning_msgs/msg/detail/expand_stop_range__type_support_c.cpp.o[0m
[ 80%] [32mBuilding CXX object CMakeFiles/tier4_planning_msgs__rosidl_typesupport_fastrtps_c.dir/rosidl_typesupport_fastrtps_c/tier4_planning_msgs/msg/detail/path_change_module__type_support_c.cpp.o[0m
[ 80%] [32mBuilding CXX object CMakeFiles/tier4_planning_msgs__rosidl_typesupport_fastrtps_c.dir/rosidl_typesupport_fastrtps_c/tier4_planning_msgs/msg/detail/path_change_module_array__type_support_c.cpp.o[0m
[ 81%] [32mBuilding CXX object CMakeFiles/tier4_planning_msgs__rosidl_typesupport_fastrtps_c.dir/rosidl_typesupport_fastrtps_c/tier4_planning_msgs/msg/detail/path_change_module_id__type_support_c.cpp.o[0m
[ 81%] [32mBuilding CXX object CMakeFiles/tier4_planning_msgs__rosidl_typesupport_fastrtps_c.dir/rosidl_typesupport_fastrtps_c/tier4_planning_msgs/msg/detail/path_point__type_support_c.cpp.o[0m
[ 81%] [32mBuilding CXX object CMakeFiles/tier4_planning_msgs__rosidl_typesupport_fastrtps_c.dir/rosidl_typesupport_fastrtps_c/tier4_planning_msgs/msg/detail/reroute_availability__type_support_c.cpp.o[0m
[ 81%] [32mBuilding CXX object CMakeFiles/tier4_planning_msgs__rosidl_typesupport_fastrtps_c.dir/rosidl_typesupport_fastrtps_c/tier4_planning_msgs/msg/detail/route_state__type_support_c.cpp.o[0m
[ 82%] [32mBuilding CXX object CMakeFiles/tier4_planning_msgs__rosidl_typesupport_fastrtps_c.dir/rosidl_typesupport_fastrtps_c/tier4_planning_msgs/msg/detail/scenario__type_support_c.cpp.o[0m
[ 82%] [32mBuilding CXX object CMakeFiles/tier4_planning_msgs__rosidl_typesupport_fastrtps_c.dir/rosidl_typesupport_fastrtps_c/tier4_planning_msgs/msg/detail/stop_factor__type_support_c.cpp.o[0m
[ 82%] [32mBuilding CXX object CMakeFiles/tier4_planning_msgs__rosidl_typesupport_fastrtps_c.dir/rosidl_typesupport_fastrtps_c/tier4_planning_msgs/msg/detail/stop_reason_array__type_support_c.cpp.o[0m
[ 83%] [32mBuilding CXX object CMakeFiles/tier4_planning_msgs__rosidl_typesupport_fastrtps_c.dir/rosidl_typesupport_fastrtps_c/tier4_planning_msgs/msg/detail/stop_reason__type_support_c.cpp.o[0m
[ 83%] [32mBuilding CXX object CMakeFiles/tier4_planning_msgs__rosidl_typesupport_fastrtps_c.dir/rosidl_typesupport_fastrtps_c/tier4_planning_msgs/msg/detail/stop_speed_exceeded__type_support_c.cpp.o[0m
[ 84%] [32mBuilding CXX object CMakeFiles/tier4_planning_msgs__rosidl_typesupport_fastrtps_c.dir/rosidl_typesupport_fastrtps_c/tier4_planning_msgs/msg/detail/trajectory__type_support_c.cpp.o[0m
[ 84%] [32mBuilding CXX object CMakeFiles/tier4_planning_msgs__rosidl_typesupport_fastrtps_c.dir/rosidl_typesupport_fastrtps_c/tier4_planning_msgs/msg/detail/trajectory_point__type_support_c.cpp.o[0m
[ 84%] [32mBuilding CXX object CMakeFiles/tier4_planning_msgs__rosidl_typesupport_fastrtps_c.dir/rosidl_typesupport_fastrtps_c/tier4_planning_msgs/msg/detail/velocity_limit__type_support_c.cpp.o[0m
[ 85%] [32mBuilding CXX object CMakeFiles/tier4_planning_msgs__rosidl_typesupport_fastrtps_c.dir/rosidl_typesupport_fastrtps_c/tier4_planning_msgs/msg/detail/velocity_limit_clear_command__type_support_c.cpp.o[0m
[ 85%] [32mBuilding CXX object CMakeFiles/tier4_planning_msgs__rosidl_typesupport_fastrtps_c.dir/rosidl_typesupport_fastrtps_c/tier4_planning_msgs/msg/detail/velocity_limit_constraints__type_support_c.cpp.o[0m
[ 85%] [32mBuilding CXX object CMakeFiles/tier4_planning_msgs__rosidl_typesupport_fastrtps_c.dir/rosidl_typesupport_fastrtps_c/tier4_planning_msgs/srv/detail/clear_route__type_support_c.cpp.o[0m
[ 86%] [32mBuilding CXX object CMakeFiles/tier4_planning_msgs__rosidl_typesupport_fastrtps_c.dir/rosidl_typesupport_fastrtps_c/tier4_planning_msgs/srv/detail/set_lanelet_route__type_support_c.cpp.o[0m
[ 86%] [32mBuilding CXX object CMakeFiles/tier4_planning_msgs__rosidl_typesupport_fastrtps_c.dir/rosidl_typesupport_fastrtps_c/tier4_planning_msgs/srv/detail/set_waypoint_route__type_support_c.cpp.o[0m
[ 87%] [32m[1mLinking CXX shared library libtier4_planning_msgs__rosidl_typesupport_fastrtps_c.so[0m
[ 87%] Built target tier4_planning_msgs__rosidl_typesupport_fastrtps_c
[35m[1mScanning dependencies of target tier4_planning_msgs[0m
[ 87%] Built target tier4_planning_msgs
[35m[1mScanning dependencies of target tier4_planning_msgs__py[0m
[ 87%] [34m[1mGenerating Python code for ROS interfaces[0m
[ 87%] Built target tier4_planning_msgs__py
[35m[1mScanning dependencies of target tier4_planning_msgs__python[0m
[ 88%] [32mBuilding C object CMakeFiles/tier4_planning_msgs__python.dir/rosidl_generator_py/tier4_planning_msgs/msg/_enable_avoidance_s.c.o[0m
[ 88%] [32mBuilding C object CMakeFiles/tier4_planning_msgs__python.dir/rosidl_generator_py/tier4_planning_msgs/msg/_avoidance_debug_factor_s.c.o[0m
[ 88%] [32mBuilding C object CMakeFiles/tier4_planning_msgs__python.dir/rosidl_generator_py/tier4_planning_msgs/msg/_avoidance_debug_msg_s.c.o[0m
[ 88%] [32mBuilding C object CMakeFiles/tier4_planning_msgs__python.dir/rosidl_generator_py/tier4_planning_msgs/msg/_expand_stop_range_s.c.o[0m
[ 88%] [32mBuilding C object CMakeFiles/tier4_planning_msgs__python.dir/rosidl_generator_py/tier4_planning_msgs/msg/_approval_s.c.o[0m
[ 89%] [32mBuilding C object CMakeFiles/tier4_planning_msgs__python.dir/rosidl_generator_py/tier4_planning_msgs/msg/_is_avoidance_possible_s.c.o[0m
[ 90%] [32mBuilding C object CMakeFiles/tier4_planning_msgs__python.dir/rosidl_generator_py/tier4_planning_msgs/msg/_avoidance_debug_msg_array_s.c.o[0m
[ 90%] [32mBuilding C object CMakeFiles/tier4_planning_msgs__python.dir/rosidl_generator_py/tier4_planning_msgs/msg/_lane_change_command_s.c.o[0m
[ 90%] [32mBuilding C object CMakeFiles/tier4_planning_msgs__python.dir/rosidl_generator_py/tier4_planning_msgs/msg/_lane_change_debug_msg_s.c.o[0m
[ 90%] [32mBuilding C object CMakeFiles/tier4_planning_msgs__python.dir/rosidl_generator_py/tier4_planning_msgs/msg/_lane_change_status_s.c.o[0m
[ 91%] [32mBuilding C object CMakeFiles/tier4_planning_msgs__python.dir/rosidl_generator_py/tier4_planning_msgs/msg/_lateral_offset_s.c.o[0m
[ 91%] [32mBuilding C object CMakeFiles/tier4_planning_msgs__python.dir/rosidl_generator_py/tier4_planning_msgs/msg/_path_s.c.o[0m
[ 92%] [32mBuilding C object CMakeFiles/tier4_planning_msgs__python.dir/rosidl_generator_py/tier4_planning_msgs/msg/_lane_change_debug_msg_array_s.c.o[0m
[ 93%] [32mBuilding C object CMakeFiles/tier4_planning_msgs__python.dir/rosidl_generator_py/tier4_planning_msgs/msg/_path_change_module_array_s.c.o[0m
[ 93%] [32mBuilding C object CMakeFiles/tier4_planning_msgs__python.dir/rosidl_generator_py/tier4_planning_msgs/msg/_path_change_module_s.c.o[0m
[ 93%] [32mBuilding C object CMakeFiles/tier4_planning_msgs__python.dir/rosidl_generator_py/tier4_planning_msgs/msg/_path_change_module_id_s.c.o[0m
[ 93%] [32mBuilding C object CMakeFiles/tier4_planning_msgs__python.dir/rosidl_generator_py/tier4_planning_msgs/msg/_path_point_s.c.o[0m
[ 94%] [32mBuilding C object CMakeFiles/tier4_planning_msgs__python.dir/rosidl_generator_py/tier4_planning_msgs/msg/_route_state_s.c.o[0m
[ 94%] [32mBuilding C object CMakeFiles/tier4_planning_msgs__python.dir/rosidl_generator_py/tier4_planning_msgs/msg/_reroute_availability_s.c.o[0m
[ 95%] [32mBuilding C object CMakeFiles/tier4_planning_msgs__python.dir/rosidl_generator_py/tier4_planning_msgs/msg/_stop_factor_s.c.o[0m
[ 95%] [32mBuilding C object CMakeFiles/tier4_planning_msgs__python.dir/rosidl_generator_py/tier4_planning_msgs/msg/_stop_reason_s.c.o[0m
[ 95%] [32mBuilding C object CMakeFiles/tier4_planning_msgs__python.dir/rosidl_generator_py/tier4_planning_msgs/msg/_scenario_s.c.o[0m
[ 95%] [32mBuilding C object CMakeFiles/tier4_planning_msgs__python.dir/rosidl_generator_py/tier4_planning_msgs/msg/_stop_reason_array_s.c.o[0m
[ 97%] [32mBuilding C object CMakeFiles/tier4_planning_msgs__python.dir/rosidl_generator_py/tier4_planning_msgs/msg/_stop_speed_exceeded_s.c.o[0m
[ 97%] [32mBuilding C object CMakeFiles/tier4_planning_msgs__python.dir/rosidl_generator_py/tier4_planning_msgs/msg/_trajectory_point_s.c.o[0m
[ 97%] [32mBuilding C object CMakeFiles/tier4_planning_msgs__python.dir/rosidl_generator_py/tier4_planning_msgs/msg/_trajectory_s.c.o[0m
[ 97%] [32mBuilding C object CMakeFiles/tier4_planning_msgs__python.dir/rosidl_generator_py/tier4_planning_msgs/msg/_velocity_limit_s.c.o[0m
[ 97%] [32mBuilding C object CMakeFiles/tier4_planning_msgs__python.dir/rosidl_generator_py/tier4_planning_msgs/msg/_velocity_limit_clear_command_s.c.o[0m
[ 98%] [32mBuilding C object CMakeFiles/tier4_planning_msgs__python.dir/rosidl_generator_py/tier4_planning_msgs/msg/_velocity_limit_constraints_s.c.o[0m
[ 98%] [32mBuilding C object CMakeFiles/tier4_planning_msgs__python.dir/rosidl_generator_py/tier4_planning_msgs/srv/_clear_route_s.c.o[0m
[ 98%] [32mBuilding C object CMakeFiles/tier4_planning_msgs__python.dir/rosidl_generator_py/tier4_planning_msgs/srv/_set_lanelet_route_s.c.o[0m
[ 99%] [32mBuilding C object CMakeFiles/tier4_planning_msgs__python.dir/rosidl_generator_py/tier4_planning_msgs/srv/_set_waypoint_route_s.c.o[0m
[ 99%] [32m[1mLinking C shared library rosidl_generator_py/tier4_planning_msgs/libtier4_planning_msgs__python.so[0m
[ 99%] Built target tier4_planning_msgs__python
[35m[1mScanning dependencies of target tier4_planning_msgs__rosidl_typesupport_c__pyext[0m
[35m[1mScanning dependencies of target tier4_planning_msgs__rosidl_typesupport_introspection_c__pyext[0m
[35m[1mScanning dependencies of target tier4_planning_msgs__rosidl_typesupport_fastrtps_c__pyext[0m
[100%] [32mBuilding C object CMakeFiles/tier4_planning_msgs__rosidl_typesupport_introspection_c__pyext.dir/rosidl_generator_py/tier4_planning_msgs/_tier4_planning_msgs_s.ep.rosidl_typesupport_introspection_c.c.o[0m
[100%] [32mBuilding C object CMakeFiles/tier4_planning_msgs__rosidl_typesupport_c__pyext.dir/rosidl_generator_py/tier4_planning_msgs/_tier4_planning_msgs_s.ep.rosidl_typesupport_c.c.o[0m
[100%] [32mBuilding C object CMakeFiles/tier4_planning_msgs__rosidl_typesupport_fastrtps_c__pyext.dir/rosidl_generator_py/tier4_planning_msgs/_tier4_planning_msgs_s.ep.rosidl_typesupport_fastrtps_c.c.o[0m
[100%] [32m[1mLinking C shared library rosidl_generator_py/tier4_planning_msgs/tier4_planning_msgs_s__rosidl_typesupport_c.cpython-38-aarch64-linux-gnu.so[0m
[100%] [32m[1mLinking C shared library rosidl_generator_py/tier4_planning_msgs/tier4_planning_msgs_s__rosidl_typesupport_introspection_c.cpython-38-aarch64-linux-gnu.so[0m
[100%] [32m[1mLinking CXX shared library rosidl_generator_py/tier4_planning_msgs/tier4_planning_msgs_s__rosidl_typesupport_fastrtps_c.cpython-38-aarch64-linux-gnu.so[0m
[100%] Built target tier4_planning_msgs__rosidl_typesupport_c__pyext
[100%] Built target tier4_planning_msgs__rosidl_typesupport_introspection_c__pyext
[100%] Built target tier4_planning_msgs__rosidl_typesupport_fastrtps_c__pyext
