[0.093s] Invoking command in '/root/r2ware/build/tier4_planning_msgs': AMENT_PREFIX_PATH=/root/r2ware/install/autoware_planning_msgs:/root/r2ware/install/autoware_common_msgs:${AMENT_PREFIX_PATH} CMAKE_PREFIX_PATH=/root/r2ware/install/autoware_planning_msgs:/root/r2ware/install/autoware_common_msgs:/root/yahboomcar_ros2_ws/yahboomcar_ws/install/yahboomcar_slam:/root/yahboomcar_ros2_ws/yahboomcar_ws/install/yahboomcar_point:/root/yahboomcar_ros2_ws/yahboomcar_ws/install/yahboomcar_msgs:/root/yahboomcar_ros2_ws/yahboomcar_ws/install/yahboomcar_base_node:/root/yahboomcar_ros2_ws/yahboomcar_ws/install/yahboomcar_KCFTracker:/root/yahboomcar_ros2_ws/yahboomcar_ws/install/yahboom_web_savmap_interfaces:/root/yahboomcar_ros2_ws/yahboomcar_ws/install/robot_pose_publisher_ros2:/root/yahboomcar_ros2_ws/software/library_ws/install/ydlidar_ros2_driver:/root/yahboomcar_ros2_ws/software/library_ws/install/web_video_server:/root/yahboomcar_ros2_ws/software/library_ws/install/teb_local_planner:/root/yahboomcar_ros2_ws/software/library_ws/install/teb_msgs:/root/yahboomcar_ros2_ws/software/library_ws/install/sllidar_ros2:/root/yahboomcar_ros2_ws/software/library_ws/install/slam_gmapping:/root/yahboomcar_ros2_ws/software/library_ws/install/ros2_orbslam:/root/yahboomcar_ros2_ws/software/library_ws/install/robot_localization:/root/yahboomcar_ros2_ws/software/library_ws/install/openslam_gmapping:/root/yahboomcar_ros2_ws/software/library_ws/install/octomap_mapping:/root/yahboomcar_ros2_ws/software/library_ws/install/octomap_server:/root/yahboomcar_ros2_ws/software/library_ws/install/costmap_converter:/root/yahboomcar_ros2_ws/software/library_ws/install/costmap_converter_msgs:/root/yahboomcar_ros2_ws/software/library_ws/install/astra_camera:/root/yahboomcar_ros2_ws/software/library_ws/install/astra_camera_msgs:/root/yahboomcar_ros2_ws/yahboomcar_ws/install/yahboomcar_voice_ctrl:/root/yahboomcar_ros2_ws/yahboomcar_ws/install/yahboomcar_visual:/root/yahboomcar_ros2_ws/yahboomcar_ws/install/yahboomcar_nav:/root/yahboomcar_ros2_ws/yahboomcar_ws/install/yahboomcar_multi:/root/yahboomcar_ros2_ws/yahboomcar_ws/install/yahboomcar_mediapipe:/root/yahboomcar_ros2_ws/yahboomcar_ws/install/yahboomcar_linefollow:/root/yahboomcar_ros2_ws/yahboomcar_ws/install/yahboomcar_laser:/root/yahboomcar_ros2_ws/yahboomcar_ws/install/yahboomcar_description_x1:/root/yahboomcar_ros2_ws/yahboomcar_ws/install/yahboomcar_description:/root/yahboomcar_ros2_ws/yahboomcar_ws/install/yahboomcar_ctrl:/root/yahboomcar_ros2_ws/yahboomcar_ws/install/yahboomcar_bringup:/root/yahboomcar_ros2_ws/yahboomcar_ws/install/yahboomcar_astra:/root/yahboomcar_ros2_ws/yahboomcar_ws/install/yahboom_app_save_map:/root/yahboomcar_ros2_ws/yahboomcar_ws/install/robot_pose_publisher:/root/yahboomcar_ros2_ws/yahboomcar_ws/install/laserscan_to_point_pulisher:/opt/ros/foxy LD_LIBRARY_PATH=/root/r2ware/install/autoware_planning_msgs/lib:/root/r2ware/install/autoware_common_msgs/lib:${LD_LIBRARY_PATH} PYTHONPATH=/root/r2ware/install/autoware_planning_msgs/lib/python3.8/site-packages:/root/r2ware/install/autoware_common_msgs/lib/python3.8/site-packages:${PYTHONPATH} /usr/bin/cmake /root/r2ware/src/autoware_dependencies/universe/external/tier4_autoware_msgs/tier4_planning_msgs -DCMAKE_INSTALL_PREFIX=/root/r2ware/install/tier4_planning_msgs
[7.981s] -- The C compiler identification is GNU 9.4.0
[7.982s] -- The CXX compiler identification is GNU 9.4.0
[7.983s] -- Check for working C compiler: /usr/bin/cc
[7.983s] -- Check for working C compiler: /usr/bin/cc -- works
[7.983s] -- Detecting C compiler ABI info
[7.983s] -- Detecting C compiler ABI info - done
[7.983s] -- Detecting C compile features
[7.983s] -- Detecting C compile features - done
[7.983s] -- Check for working CXX compiler: /usr/bin/c++
[7.984s] -- Check for working CXX compiler: /usr/bin/c++ -- works
[7.984s] -- Detecting CXX compiler ABI info
[7.984s] -- Detecting CXX compiler ABI info - done
[7.984s] -- Detecting CXX compile features
[7.984s] -- Detecting CXX compile features - done
[7.984s] -- Found ament_cmake_auto: 0.9.11 (/opt/ros/foxy/share/ament_cmake_auto/cmake)
[7.984s] -- Found PythonInterp: /usr/bin/python3 (found suitable version "3.8.10", minimum required is "3") 
[7.984s] -- Using PYTHON_EXECUTABLE: /usr/bin/python3
[7.985s] -- Using all available rosidl_typesupport_c: rosidl_typesupport_fastrtps_c;rosidl_typesupport_introspection_c
[7.985s] -- Found rosidl_adapter: 1.3.0 (/opt/ros/foxy/share/rosidl_adapter/cmake)
[7.985s] -- Found OpenSSL: /usr/lib/aarch64-linux-gnu/libcrypto.so (found version "1.1.1f")  
[7.985s] -- Found FastRTPS: /opt/ros/foxy/include  
[7.985s] -- Using all available rosidl_typesupport_cpp: rosidl_typesupport_fastrtps_cpp;rosidl_typesupport_introspection_cpp
[7.985s] -- Found PythonInterp: /usr/bin/python3 (found version "3.8.10") 
[7.985s] -- Found ament_cmake_ros: 0.9.2 (/opt/ros/foxy/share/ament_cmake_ros/cmake)
[7.985s] -- Using all available rosidl_typesupport_c: rosidl_typesupport_fastrtps_c;rosidl_typesupport_introspection_c
[7.986s] -- Using all available rosidl_typesupport_cpp: rosidl_typesupport_fastrtps_cpp;rosidl_typesupport_introspection_cpp
[7.986s] -- Found PythonInterp: /usr/bin/python3 (found suitable version "3.8.10", minimum required is "3.5") 
[7.986s] -- Found python_cmake_module: 0.8.1 (/opt/ros/foxy/share/python_cmake_module/cmake)
[7.986s] -- Found PythonLibs: /usr/lib/aarch64-linux-gnu/libpython3.8.so (found suitable version "3.8.10", minimum required is "3.5") 
[7.987s] -- Using PYTHON_EXECUTABLE: /usr/bin/python3
[7.988s] -- Using PYTHON_INCLUDE_DIRS: /usr/include/python3.8
[7.989s] -- Using PYTHON_LIBRARIES: /usr/lib/aarch64-linux-gnu/libpython3.8.so
[7.992s] -- Found PythonExtra: .so  
[7.993s] -- Found ament_lint_auto: 0.9.7 (/opt/ros/foxy/share/ament_lint_auto/cmake)
[7.993s] -- Added test 'copyright' to check source files copyright and LICENSE
[7.993s] -- Added test 'lint_cmake' to check CMake code style
[7.993s] -- Added test 'xmllint' to check XML markup files
[7.993s] -- Configuring done
[7.993s] -- Generating done
[7.994s] -- Build files have been written to: /root/r2ware/build/tier4_planning_msgs
[8.021s] Invoked command in '/root/r2ware/build/tier4_planning_msgs' returned '0': AMENT_PREFIX_PATH=/root/r2ware/install/autoware_planning_msgs:/root/r2ware/install/autoware_common_msgs:${AMENT_PREFIX_PATH} CMAKE_PREFIX_PATH=/root/r2ware/install/autoware_planning_msgs:/root/r2ware/install/autoware_common_msgs:/root/yahboomcar_ros2_ws/yahboomcar_ws/install/yahboomcar_slam:/root/yahboomcar_ros2_ws/yahboomcar_ws/install/yahboomcar_point:/root/yahboomcar_ros2_ws/yahboomcar_ws/install/yahboomcar_msgs:/root/yahboomcar_ros2_ws/yahboomcar_ws/install/yahboomcar_base_node:/root/yahboomcar_ros2_ws/yahboomcar_ws/install/yahboomcar_KCFTracker:/root/yahboomcar_ros2_ws/yahboomcar_ws/install/yahboom_web_savmap_interfaces:/root/yahboomcar_ros2_ws/yahboomcar_ws/install/robot_pose_publisher_ros2:/root/yahboomcar_ros2_ws/software/library_ws/install/ydlidar_ros2_driver:/root/yahboomcar_ros2_ws/software/library_ws/install/web_video_server:/root/yahboomcar_ros2_ws/software/library_ws/install/teb_local_planner:/root/yahboomcar_ros2_ws/software/library_ws/install/teb_msgs:/root/yahboomcar_ros2_ws/software/library_ws/install/sllidar_ros2:/root/yahboomcar_ros2_ws/software/library_ws/install/slam_gmapping:/root/yahboomcar_ros2_ws/software/library_ws/install/ros2_orbslam:/root/yahboomcar_ros2_ws/software/library_ws/install/robot_localization:/root/yahboomcar_ros2_ws/software/library_ws/install/openslam_gmapping:/root/yahboomcar_ros2_ws/software/library_ws/install/octomap_mapping:/root/yahboomcar_ros2_ws/software/library_ws/install/octomap_server:/root/yahboomcar_ros2_ws/software/library_ws/install/costmap_converter:/root/yahboomcar_ros2_ws/software/library_ws/install/costmap_converter_msgs:/root/yahboomcar_ros2_ws/software/library_ws/install/astra_camera:/root/yahboomcar_ros2_ws/software/library_ws/install/astra_camera_msgs:/root/yahboomcar_ros2_ws/yahboomcar_ws/install/yahboomcar_voice_ctrl:/root/yahboomcar_ros2_ws/yahboomcar_ws/install/yahboomcar_visual:/root/yahboomcar_ros2_ws/yahboomcar_ws/install/yahboomcar_nav:/root/yahboomcar_ros2_ws/yahboomcar_ws/install/yahboomcar_multi:/root/yahboomcar_ros2_ws/yahboomcar_ws/install/yahboomcar_mediapipe:/root/yahboomcar_ros2_ws/yahboomcar_ws/install/yahboomcar_linefollow:/root/yahboomcar_ros2_ws/yahboomcar_ws/install/yahboomcar_laser:/root/yahboomcar_ros2_ws/yahboomcar_ws/install/yahboomcar_description_x1:/root/yahboomcar_ros2_ws/yahboomcar_ws/install/yahboomcar_description:/root/yahboomcar_ros2_ws/yahboomcar_ws/install/yahboomcar_ctrl:/root/yahboomcar_ros2_ws/yahboomcar_ws/install/yahboomcar_bringup:/root/yahboomcar_ros2_ws/yahboomcar_ws/install/yahboomcar_astra:/root/yahboomcar_ros2_ws/yahboomcar_ws/install/yahboom_app_save_map:/root/yahboomcar_ros2_ws/yahboomcar_ws/install/robot_pose_publisher:/root/yahboomcar_ros2_ws/yahboomcar_ws/install/laserscan_to_point_pulisher:/opt/ros/foxy LD_LIBRARY_PATH=/root/r2ware/install/autoware_planning_msgs/lib:/root/r2ware/install/autoware_common_msgs/lib:${LD_LIBRARY_PATH} PYTHONPATH=/root/r2ware/install/autoware_planning_msgs/lib/python3.8/site-packages:/root/r2ware/install/autoware_common_msgs/lib/python3.8/site-packages:${PYTHONPATH} /usr/bin/cmake /root/r2ware/src/autoware_dependencies/universe/external/tier4_autoware_msgs/tier4_planning_msgs -DCMAKE_INSTALL_PREFIX=/root/r2ware/install/tier4_planning_msgs
[8.022s] Invoking command in '/root/r2ware/build/tier4_planning_msgs': AMENT_PREFIX_PATH=/root/r2ware/install/autoware_planning_msgs:/root/r2ware/install/autoware_common_msgs:${AMENT_PREFIX_PATH} CMAKE_PREFIX_PATH=/root/r2ware/install/autoware_planning_msgs:/root/r2ware/install/autoware_common_msgs:/root/yahboomcar_ros2_ws/yahboomcar_ws/install/yahboomcar_slam:/root/yahboomcar_ros2_ws/yahboomcar_ws/install/yahboomcar_point:/root/yahboomcar_ros2_ws/yahboomcar_ws/install/yahboomcar_msgs:/root/yahboomcar_ros2_ws/yahboomcar_ws/install/yahboomcar_base_node:/root/yahboomcar_ros2_ws/yahboomcar_ws/install/yahboomcar_KCFTracker:/root/yahboomcar_ros2_ws/yahboomcar_ws/install/yahboom_web_savmap_interfaces:/root/yahboomcar_ros2_ws/yahboomcar_ws/install/robot_pose_publisher_ros2:/root/yahboomcar_ros2_ws/software/library_ws/install/ydlidar_ros2_driver:/root/yahboomcar_ros2_ws/software/library_ws/install/web_video_server:/root/yahboomcar_ros2_ws/software/library_ws/install/teb_local_planner:/root/yahboomcar_ros2_ws/software/library_ws/install/teb_msgs:/root/yahboomcar_ros2_ws/software/library_ws/install/sllidar_ros2:/root/yahboomcar_ros2_ws/software/library_ws/install/slam_gmapping:/root/yahboomcar_ros2_ws/software/library_ws/install/ros2_orbslam:/root/yahboomcar_ros2_ws/software/library_ws/install/robot_localization:/root/yahboomcar_ros2_ws/software/library_ws/install/openslam_gmapping:/root/yahboomcar_ros2_ws/software/library_ws/install/octomap_mapping:/root/yahboomcar_ros2_ws/software/library_ws/install/octomap_server:/root/yahboomcar_ros2_ws/software/library_ws/install/costmap_converter:/root/yahboomcar_ros2_ws/software/library_ws/install/costmap_converter_msgs:/root/yahboomcar_ros2_ws/software/library_ws/install/astra_camera:/root/yahboomcar_ros2_ws/software/library_ws/install/astra_camera_msgs:/root/yahboomcar_ros2_ws/yahboomcar_ws/install/yahboomcar_voice_ctrl:/root/yahboomcar_ros2_ws/yahboomcar_ws/install/yahboomcar_visual:/root/yahboomcar_ros2_ws/yahboomcar_ws/install/yahboomcar_nav:/root/yahboomcar_ros2_ws/yahboomcar_ws/install/yahboomcar_multi:/root/yahboomcar_ros2_ws/yahboomcar_ws/install/yahboomcar_mediapipe:/root/yahboomcar_ros2_ws/yahboomcar_ws/install/yahboomcar_linefollow:/root/yahboomcar_ros2_ws/yahboomcar_ws/install/yahboomcar_laser:/root/yahboomcar_ros2_ws/yahboomcar_ws/install/yahboomcar_description_x1:/root/yahboomcar_ros2_ws/yahboomcar_ws/install/yahboomcar_description:/root/yahboomcar_ros2_ws/yahboomcar_ws/install/yahboomcar_ctrl:/root/yahboomcar_ros2_ws/yahboomcar_ws/install/yahboomcar_bringup:/root/yahboomcar_ros2_ws/yahboomcar_ws/install/yahboomcar_astra:/root/yahboomcar_ros2_ws/yahboomcar_ws/install/yahboom_app_save_map:/root/yahboomcar_ros2_ws/yahboomcar_ws/install/robot_pose_publisher:/root/yahboomcar_ros2_ws/yahboomcar_ws/install/laserscan_to_point_pulisher:/opt/ros/foxy LD_LIBRARY_PATH=/root/r2ware/install/autoware_planning_msgs/lib:/root/r2ware/install/autoware_common_msgs/lib:${LD_LIBRARY_PATH} PYTHONPATH=/root/r2ware/install/autoware_planning_msgs/lib/python3.8/site-packages:/root/r2ware/install/autoware_common_msgs/lib/python3.8/site-packages:${PYTHONPATH} /usr/bin/cmake --build /root/r2ware/build/tier4_planning_msgs -- -j8 -l8
[8.202s] [35m[1mScanning dependencies of target tier4_planning_msgs__cpp[0m
[8.280s] [  0%] [34m[1mGenerating C++ code for ROS interfaces[0m
[14.858s] [  0%] Built target tier4_planning_msgs__cpp
[14.893s] [  0%] [34m[1mGenerating C code for ROS interfaces[0m
[20.446s] [35m[1mScanning dependencies of target tier4_planning_msgs__rosidl_generator_c[0m
[20.519s] [  1%] [32mBuilding C object CMakeFiles/tier4_planning_msgs__rosidl_generator_c.dir/rosidl_generator_c/tier4_planning_msgs/msg/detail/avoidance_debug_msg__functions.c.o[0m
[20.519s] [  1%] [32mBuilding C object CMakeFiles/tier4_planning_msgs__rosidl_generator_c.dir/rosidl_generator_c/tier4_planning_msgs/msg/detail/avoidance_debug_factor__functions.c.o[0m
[20.519s] [  1%] [32mBuilding C object CMakeFiles/tier4_planning_msgs__rosidl_generator_c.dir/rosidl_generator_c/tier4_planning_msgs/msg/detail/approval__functions.c.o[0m
[20.641s] [  1%] [32mBuilding C object CMakeFiles/tier4_planning_msgs__rosidl_generator_c.dir/rosidl_generator_c/tier4_planning_msgs/msg/detail/enable_avoidance__functions.c.o[0m
[20.642s] [  2%] [32mBuilding C object CMakeFiles/tier4_planning_msgs__rosidl_generator_c.dir/rosidl_generator_c/tier4_planning_msgs/msg/detail/expand_stop_range__functions.c.o[0m
[20.642s] [  2%] [32mBuilding C object CMakeFiles/tier4_planning_msgs__rosidl_generator_c.dir/rosidl_generator_c/tier4_planning_msgs/msg/detail/is_avoidance_possible__functions.c.o[0m
[20.771s] [  4%] [32mBuilding C object CMakeFiles/tier4_planning_msgs__rosidl_generator_c.dir/rosidl_generator_c/tier4_planning_msgs/msg/detail/lane_change_command__functions.c.o[0m
[20.771s] [  4%] [32mBuilding C object CMakeFiles/tier4_planning_msgs__rosidl_generator_c.dir/rosidl_generator_c/tier4_planning_msgs/msg/detail/lane_change_debug_msg__functions.c.o[0m
[20.771s] [  4%] [32mBuilding C object CMakeFiles/tier4_planning_msgs__rosidl_generator_c.dir/rosidl_generator_c/tier4_planning_msgs/msg/detail/avoidance_debug_msg_array__functions.c.o[0m
[20.895s] [  4%] [32mBuilding C object CMakeFiles/tier4_planning_msgs__rosidl_generator_c.dir/rosidl_generator_c/tier4_planning_msgs/msg/detail/lane_change_status__functions.c.o[0m
[20.895s] [  4%] [32mBuilding C object CMakeFiles/tier4_planning_msgs__rosidl_generator_c.dir/rosidl_generator_c/tier4_planning_msgs/msg/detail/path__functions.c.o[0m
[20.896s] [  5%] [32mBuilding C object CMakeFiles/tier4_planning_msgs__rosidl_generator_c.dir/rosidl_generator_c/tier4_planning_msgs/msg/detail/lateral_offset__functions.c.o[0m
[21.021s] [  5%] [32mBuilding C object CMakeFiles/tier4_planning_msgs__rosidl_generator_c.dir/rosidl_generator_c/tier4_planning_msgs/msg/detail/path_change_module__functions.c.o[0m
[21.024s] [  6%] [32mBuilding C object CMakeFiles/tier4_planning_msgs__rosidl_generator_c.dir/rosidl_generator_c/tier4_planning_msgs/msg/detail/path_change_module_array__functions.c.o[0m
[21.024s] [  6%] [32mBuilding C object CMakeFiles/tier4_planning_msgs__rosidl_generator_c.dir/rosidl_generator_c/tier4_planning_msgs/msg/detail/lane_change_debug_msg_array__functions.c.o[0m
[21.152s] [  6%] [32mBuilding C object CMakeFiles/tier4_planning_msgs__rosidl_generator_c.dir/rosidl_generator_c/tier4_planning_msgs/msg/detail/path_point__functions.c.o[0m
[21.152s] [  6%] [32mBuilding C object CMakeFiles/tier4_planning_msgs__rosidl_generator_c.dir/rosidl_generator_c/tier4_planning_msgs/msg/detail/path_change_module_id__functions.c.o[0m
[21.271s] [  7%] [32mBuilding C object CMakeFiles/tier4_planning_msgs__rosidl_generator_c.dir/rosidl_generator_c/tier4_planning_msgs/msg/detail/stop_factor__functions.c.o[0m
[21.271s] [  7%] [32mBuilding C object CMakeFiles/tier4_planning_msgs__rosidl_generator_c.dir/rosidl_generator_c/tier4_planning_msgs/msg/detail/route_state__functions.c.o[0m
[21.272s] [  7%] [32mBuilding C object CMakeFiles/tier4_planning_msgs__rosidl_generator_c.dir/rosidl_generator_c/tier4_planning_msgs/msg/detail/scenario__functions.c.o[0m
[21.401s] [  8%] [32mBuilding C object CMakeFiles/tier4_planning_msgs__rosidl_generator_c.dir/rosidl_generator_c/tier4_planning_msgs/msg/detail/stop_reason__functions.c.o[0m
[21.401s] [  8%] [32mBuilding C object CMakeFiles/tier4_planning_msgs__rosidl_generator_c.dir/rosidl_generator_c/tier4_planning_msgs/msg/detail/reroute_availability__functions.c.o[0m
[21.402s] [  8%] [32mBuilding C object CMakeFiles/tier4_planning_msgs__rosidl_generator_c.dir/rosidl_generator_c/tier4_planning_msgs/msg/detail/stop_speed_exceeded__functions.c.o[0m
[21.525s] [ 10%] [32mBuilding C object CMakeFiles/tier4_planning_msgs__rosidl_generator_c.dir/rosidl_generator_c/tier4_planning_msgs/msg/detail/trajectory__functions.c.o[0m
[21.526s] [ 10%] [32mBuilding C object CMakeFiles/tier4_planning_msgs__rosidl_generator_c.dir/rosidl_generator_c/tier4_planning_msgs/msg/detail/stop_reason_array__functions.c.o[0m
[21.526s] [ 10%] [32mBuilding C object CMakeFiles/tier4_planning_msgs__rosidl_generator_c.dir/rosidl_generator_c/tier4_planning_msgs/msg/detail/trajectory_point__functions.c.o[0m
[21.657s] [ 11%] [32mBuilding C object CMakeFiles/tier4_planning_msgs__rosidl_generator_c.dir/rosidl_generator_c/tier4_planning_msgs/msg/detail/velocity_limit_clear_command__functions.c.o[0m
[21.658s] [ 11%] [32mBuilding C object CMakeFiles/tier4_planning_msgs__rosidl_generator_c.dir/rosidl_generator_c/tier4_planning_msgs/msg/detail/velocity_limit__functions.c.o[0m
[21.658s] [ 11%] [32mBuilding C object CMakeFiles/tier4_planning_msgs__rosidl_generator_c.dir/rosidl_generator_c/tier4_planning_msgs/msg/detail/velocity_limit_constraints__functions.c.o[0m
[21.780s] [ 12%] [32mBuilding C object CMakeFiles/tier4_planning_msgs__rosidl_generator_c.dir/rosidl_generator_c/tier4_planning_msgs/srv/detail/set_lanelet_route__functions.c.o[0m
[21.780s] [ 12%] [32mBuilding C object CMakeFiles/tier4_planning_msgs__rosidl_generator_c.dir/rosidl_generator_c/tier4_planning_msgs/srv/detail/set_waypoint_route__functions.c.o[0m
[21.782s] [ 12%] [32mBuilding C object CMakeFiles/tier4_planning_msgs__rosidl_generator_c.dir/rosidl_generator_c/tier4_planning_msgs/srv/detail/clear_route__functions.c.o[0m
[21.942s] [ 12%] [32m[1mLinking C shared library libtier4_planning_msgs__rosidl_generator_c.so[0m
[22.068s] [ 12%] Built target tier4_planning_msgs__rosidl_generator_c
[22.107s] [ 14%] [34m[1mGenerating C++ type support dispatch for ROS interfaces[0m
[22.107s] [ 14%] [34m[1mGenerating C++ type support for eProsima Fast-RTPS[0m
[22.107s] [ 14%] [34m[1mGenerating C++ introspection for ROS interfaces[0m
[24.340s] [35m[1mScanning dependencies of target tier4_planning_msgs__rosidl_typesupport_cpp[0m
[24.410s] [ 14%] [32mBuilding CXX object CMakeFiles/tier4_planning_msgs__rosidl_typesupport_cpp.dir/rosidl_typesupport_cpp/tier4_planning_msgs/msg/avoidance_debug_msg_array__type_support.cpp.o[0m
[24.411s] [ 14%] [32mBuilding CXX object CMakeFiles/tier4_planning_msgs__rosidl_typesupport_cpp.dir/rosidl_typesupport_cpp/tier4_planning_msgs/msg/avoidance_debug_factor__type_support.cpp.o[0m
[24.411s] [ 16%] [32mBuilding CXX object CMakeFiles/tier4_planning_msgs__rosidl_typesupport_cpp.dir/rosidl_typesupport_cpp/tier4_planning_msgs/msg/avoidance_debug_msg__type_support.cpp.o[0m
[24.411s] [ 16%] [32mBuilding CXX object CMakeFiles/tier4_planning_msgs__rosidl_typesupport_cpp.dir/rosidl_typesupport_cpp/tier4_planning_msgs/msg/approval__type_support.cpp.o[0m
[25.096s] [ 17%] [32mBuilding CXX object CMakeFiles/tier4_planning_msgs__rosidl_typesupport_cpp.dir/rosidl_typesupport_cpp/tier4_planning_msgs/msg/enable_avoidance__type_support.cpp.o[0m
[25.097s] [ 17%] [32mBuilding CXX object CMakeFiles/tier4_planning_msgs__rosidl_typesupport_cpp.dir/rosidl_typesupport_cpp/tier4_planning_msgs/msg/expand_stop_range__type_support.cpp.o[0m
[25.097s] [ 17%] [32mBuilding CXX object CMakeFiles/tier4_planning_msgs__rosidl_typesupport_cpp.dir/rosidl_typesupport_cpp/tier4_planning_msgs/msg/is_avoidance_possible__type_support.cpp.o[0m
[25.241s] [ 17%] [32mBuilding CXX object CMakeFiles/tier4_planning_msgs__rosidl_typesupport_cpp.dir/rosidl_typesupport_cpp/tier4_planning_msgs/msg/lane_change_command__type_support.cpp.o[0m
[25.782s] [ 18%] [32mBuilding CXX object CMakeFiles/tier4_planning_msgs__rosidl_typesupport_cpp.dir/rosidl_typesupport_cpp/tier4_planning_msgs/msg/lane_change_debug_msg__type_support.cpp.o[0m
[25.783s] [ 18%] [32mBuilding CXX object CMakeFiles/tier4_planning_msgs__rosidl_typesupport_cpp.dir/rosidl_typesupport_cpp/tier4_planning_msgs/msg/lane_change_debug_msg_array__type_support.cpp.o[0m
[25.794s] [ 18%] [32mBuilding CXX object CMakeFiles/tier4_planning_msgs__rosidl_typesupport_cpp.dir/rosidl_typesupport_cpp/tier4_planning_msgs/msg/lane_change_status__type_support.cpp.o[0m
[25.911s] [ 19%] [32mBuilding CXX object CMakeFiles/tier4_planning_msgs__rosidl_typesupport_cpp.dir/rosidl_typesupport_cpp/tier4_planning_msgs/msg/lateral_offset__type_support.cpp.o[0m
[26.124s] [35m[1mScanning dependencies of target tier4_planning_msgs__rosidl_typesupport_introspection_cpp[0m
[26.197s] [ 19%] [32mBuilding CXX object CMakeFiles/tier4_planning_msgs__rosidl_typesupport_introspection_cpp.dir/rosidl_typesupport_introspection_cpp/tier4_planning_msgs/msg/detail/approval__type_support.cpp.o[0m
[26.463s] [ 19%] [32mBuilding CXX object CMakeFiles/tier4_planning_msgs__rosidl_typesupport_cpp.dir/rosidl_typesupport_cpp/tier4_planning_msgs/msg/path__type_support.cpp.o[0m
[26.499s] [ 19%] [32mBuilding CXX object CMakeFiles/tier4_planning_msgs__rosidl_typesupport_introspection_cpp.dir/rosidl_typesupport_introspection_cpp/tier4_planning_msgs/msg/detail/avoidance_debug_factor__type_support.cpp.o[0m
[26.506s] [ 20%] [32mBuilding CXX object CMakeFiles/tier4_planning_msgs__rosidl_typesupport_cpp.dir/rosidl_typesupport_cpp/tier4_planning_msgs/msg/path_change_module__type_support.cpp.o[0m
[26.629s] [ 20%] [32mBuilding CXX object CMakeFiles/tier4_planning_msgs__rosidl_typesupport_cpp.dir/rosidl_typesupport_cpp/tier4_planning_msgs/msg/path_change_module_array__type_support.cpp.o[0m
[26.631s] [35m[1mScanning dependencies of target tier4_planning_msgs__rosidl_typesupport_fastrtps_cpp[0m
[26.731s] [ 20%] [32mBuilding CXX object CMakeFiles/tier4_planning_msgs__rosidl_typesupport_fastrtps_cpp.dir/rosidl_typesupport_fastrtps_cpp/tier4_planning_msgs/msg/detail/dds_fastrtps/approval__type_support.cpp.o[0m
[26.875s] [ 20%] [32mBuilding CXX object CMakeFiles/tier4_planning_msgs__rosidl_typesupport_fastrtps_cpp.dir/rosidl_typesupport_fastrtps_cpp/tier4_planning_msgs/msg/detail/dds_fastrtps/avoidance_debug_factor__type_support.cpp.o[0m
[27.144s] [ 21%] [32mBuilding CXX object CMakeFiles/tier4_planning_msgs__rosidl_typesupport_fastrtps_cpp.dir/rosidl_typesupport_fastrtps_cpp/tier4_planning_msgs/msg/detail/dds_fastrtps/avoidance_debug_msg__type_support.cpp.o[0m
[27.164s] [ 22%] [32mBuilding CXX object CMakeFiles/tier4_planning_msgs__rosidl_typesupport_introspection_cpp.dir/rosidl_typesupport_introspection_cpp/tier4_planning_msgs/msg/detail/avoidance_debug_msg_array__type_support.cpp.o[0m
[27.164s] [ 22%] [32mBuilding CXX object CMakeFiles/tier4_planning_msgs__rosidl_typesupport_introspection_cpp.dir/rosidl_typesupport_introspection_cpp/tier4_planning_msgs/msg/detail/avoidance_debug_msg__type_support.cpp.o[0m
[27.286s] [ 22%] [32mBuilding CXX object CMakeFiles/tier4_planning_msgs__rosidl_typesupport_cpp.dir/rosidl_typesupport_cpp/tier4_planning_msgs/msg/path_change_module_id__type_support.cpp.o[0m
[27.693s] [ 22%] [32mBuilding CXX object CMakeFiles/tier4_planning_msgs__rosidl_typesupport_fastrtps_cpp.dir/rosidl_typesupport_fastrtps_cpp/tier4_planning_msgs/msg/detail/dds_fastrtps/avoidance_debug_msg_array__type_support.cpp.o[0m
[27.843s] [ 23%] [32mBuilding CXX object CMakeFiles/tier4_planning_msgs__rosidl_typesupport_fastrtps_cpp.dir/rosidl_typesupport_fastrtps_cpp/tier4_planning_msgs/msg/detail/dds_fastrtps/enable_avoidance__type_support.cpp.o[0m
[27.843s] [ 23%] [32mBuilding CXX object CMakeFiles/tier4_planning_msgs__rosidl_typesupport_fastrtps_cpp.dir/rosidl_typesupport_fastrtps_cpp/tier4_planning_msgs/msg/detail/dds_fastrtps/expand_stop_range__type_support.cpp.o[0m
[27.951s] [ 24%] [32mBuilding CXX object CMakeFiles/tier4_planning_msgs__rosidl_typesupport_cpp.dir/rosidl_typesupport_cpp/tier4_planning_msgs/msg/path_point__type_support.cpp.o[0m
[27.961s] [ 24%] [32mBuilding CXX object CMakeFiles/tier4_planning_msgs__rosidl_typesupport_introspection_cpp.dir/rosidl_typesupport_introspection_cpp/tier4_planning_msgs/msg/detail/enable_avoidance__type_support.cpp.o[0m
[28.157s] [ 24%] [32mBuilding CXX object CMakeFiles/tier4_planning_msgs__rosidl_typesupport_fastrtps_cpp.dir/rosidl_typesupport_fastrtps_cpp/tier4_planning_msgs/msg/detail/dds_fastrtps/is_avoidance_possible__type_support.cpp.o[0m
[28.617s] [ 24%] [32mBuilding CXX object CMakeFiles/tier4_planning_msgs__rosidl_typesupport_cpp.dir/rosidl_typesupport_cpp/tier4_planning_msgs/msg/reroute_availability__type_support.cpp.o[0m
[28.639s] [ 25%] [32mBuilding CXX object CMakeFiles/tier4_planning_msgs__rosidl_typesupport_introspection_cpp.dir/rosidl_typesupport_introspection_cpp/tier4_planning_msgs/msg/detail/expand_stop_range__type_support.cpp.o[0m
[28.758s] [ 25%] [32mBuilding CXX object CMakeFiles/tier4_planning_msgs__rosidl_typesupport_introspection_cpp.dir/rosidl_typesupport_introspection_cpp/tier4_planning_msgs/msg/detail/is_avoidance_possible__type_support.cpp.o[0m
[28.826s] [ 26%] [32mBuilding CXX object CMakeFiles/tier4_planning_msgs__rosidl_typesupport_fastrtps_cpp.dir/rosidl_typesupport_fastrtps_cpp/tier4_planning_msgs/msg/detail/dds_fastrtps/lane_change_command__type_support.cpp.o[0m
[28.826s] [ 26%] [32mBuilding CXX object CMakeFiles/tier4_planning_msgs__rosidl_typesupport_introspection_cpp.dir/rosidl_typesupport_introspection_cpp/tier4_planning_msgs/msg/detail/lane_change_command__type_support.cpp.o[0m
[29.112s] [ 27%] [32mBuilding CXX object CMakeFiles/tier4_planning_msgs__rosidl_typesupport_fastrtps_cpp.dir/rosidl_typesupport_fastrtps_cpp/tier4_planning_msgs/msg/detail/dds_fastrtps/lane_change_debug_msg__type_support.cpp.o[0m
[29.282s] [ 27%] [32mBuilding CXX object CMakeFiles/tier4_planning_msgs__rosidl_typesupport_cpp.dir/rosidl_typesupport_cpp/tier4_planning_msgs/msg/route_state__type_support.cpp.o[0m
[29.322s] [ 27%] [32mBuilding CXX object CMakeFiles/tier4_planning_msgs__rosidl_typesupport_introspection_cpp.dir/rosidl_typesupport_introspection_cpp/tier4_planning_msgs/msg/detail/lane_change_debug_msg__type_support.cpp.o[0m
[29.441s] [ 27%] [32mBuilding CXX object CMakeFiles/tier4_planning_msgs__rosidl_typesupport_introspection_cpp.dir/rosidl_typesupport_introspection_cpp/tier4_planning_msgs/msg/detail/lane_change_debug_msg_array__type_support.cpp.o[0m
[29.504s] [ 28%] [32mBuilding CXX object CMakeFiles/tier4_planning_msgs__rosidl_typesupport_introspection_cpp.dir/rosidl_typesupport_introspection_cpp/tier4_planning_msgs/msg/detail/lane_change_status__type_support.cpp.o[0m
[29.796s] [ 28%] [32mBuilding CXX object CMakeFiles/tier4_planning_msgs__rosidl_typesupport_introspection_cpp.dir/rosidl_typesupport_introspection_cpp/tier4_planning_msgs/msg/detail/lateral_offset__type_support.cpp.o[0m
[29.960s] [ 29%] [32mBuilding CXX object CMakeFiles/tier4_planning_msgs__rosidl_typesupport_cpp.dir/rosidl_typesupport_cpp/tier4_planning_msgs/msg/scenario__type_support.cpp.o[0m
[30.008s] [ 29%] [32mBuilding CXX object CMakeFiles/tier4_planning_msgs__rosidl_typesupport_introspection_cpp.dir/rosidl_typesupport_introspection_cpp/tier4_planning_msgs/msg/detail/path__type_support.cpp.o[0m
[30.118s] [ 29%] [32mBuilding CXX object CMakeFiles/tier4_planning_msgs__rosidl_typesupport_fastrtps_cpp.dir/rosidl_typesupport_fastrtps_cpp/tier4_planning_msgs/msg/detail/dds_fastrtps/lane_change_debug_msg_array__type_support.cpp.o[0m
[30.171s] [ 30%] [32mBuilding CXX object CMakeFiles/tier4_planning_msgs__rosidl_typesupport_introspection_cpp.dir/rosidl_typesupport_introspection_cpp/tier4_planning_msgs/msg/detail/path_change_module__type_support.cpp.o[0m
[30.273s] [ 30%] [32mBuilding CXX object CMakeFiles/tier4_planning_msgs__rosidl_typesupport_cpp.dir/rosidl_typesupport_cpp/tier4_planning_msgs/msg/stop_factor__type_support.cpp.o[0m
[30.470s] [ 30%] [32mBuilding CXX object CMakeFiles/tier4_planning_msgs__rosidl_typesupport_cpp.dir/rosidl_typesupport_cpp/tier4_planning_msgs/msg/stop_reason__type_support.cpp.o[0m
[30.626s] [ 31%] [32mBuilding CXX object CMakeFiles/tier4_planning_msgs__rosidl_typesupport_cpp.dir/rosidl_typesupport_cpp/tier4_planning_msgs/msg/stop_reason_array__type_support.cpp.o[0m
[30.844s] [ 31%] [32mBuilding CXX object CMakeFiles/tier4_planning_msgs__rosidl_typesupport_cpp.dir/rosidl_typesupport_cpp/tier4_planning_msgs/msg/stop_speed_exceeded__type_support.cpp.o[0m
[30.864s] [ 31%] [32mBuilding CXX object CMakeFiles/tier4_planning_msgs__rosidl_typesupport_introspection_cpp.dir/rosidl_typesupport_introspection_cpp/tier4_planning_msgs/msg/detail/path_change_module_array__type_support.cpp.o[0m
[30.962s] [ 31%] [32mBuilding CXX object CMakeFiles/tier4_planning_msgs__rosidl_typesupport_cpp.dir/rosidl_typesupport_cpp/tier4_planning_msgs/msg/trajectory__type_support.cpp.o[0m
[31.151s] [ 32%] [32mBuilding CXX object CMakeFiles/tier4_planning_msgs__rosidl_typesupport_cpp.dir/rosidl_typesupport_cpp/tier4_planning_msgs/msg/trajectory_point__type_support.cpp.o[0m
[31.219s] [ 33%] [32mBuilding CXX object CMakeFiles/tier4_planning_msgs__rosidl_typesupport_fastrtps_cpp.dir/rosidl_typesupport_fastrtps_cpp/tier4_planning_msgs/msg/detail/dds_fastrtps/lane_change_status__type_support.cpp.o[0m
[31.317s] [ 33%] [32mBuilding CXX object CMakeFiles/tier4_planning_msgs__rosidl_typesupport_cpp.dir/rosidl_typesupport_cpp/tier4_planning_msgs/msg/velocity_limit__type_support.cpp.o[0m
[31.525s] [ 33%] [32mBuilding CXX object CMakeFiles/tier4_planning_msgs__rosidl_typesupport_introspection_cpp.dir/rosidl_typesupport_introspection_cpp/tier4_planning_msgs/msg/detail/path_change_module_id__type_support.cpp.o[0m
[31.663s] [ 34%] [32mBuilding CXX object CMakeFiles/tier4_planning_msgs__rosidl_typesupport_introspection_cpp.dir/rosidl_typesupport_introspection_cpp/tier4_planning_msgs/msg/detail/path_point__type_support.cpp.o[0m
[31.713s] [ 34%] [32mBuilding CXX object CMakeFiles/tier4_planning_msgs__rosidl_typesupport_introspection_cpp.dir/rosidl_typesupport_introspection_cpp/tier4_planning_msgs/msg/detail/reroute_availability__type_support.cpp.o[0m
[31.828s] [ 34%] [32mBuilding CXX object CMakeFiles/tier4_planning_msgs__rosidl_typesupport_introspection_cpp.dir/rosidl_typesupport_introspection_cpp/tier4_planning_msgs/msg/detail/route_state__type_support.cpp.o[0m
[31.979s] [ 35%] [32mBuilding CXX object CMakeFiles/tier4_planning_msgs__rosidl_typesupport_cpp.dir/rosidl_typesupport_cpp/tier4_planning_msgs/msg/velocity_limit_clear_command__type_support.cpp.o[0m
[32.188s] [ 36%] [32mBuilding CXX object CMakeFiles/tier4_planning_msgs__rosidl_typesupport_introspection_cpp.dir/rosidl_typesupport_introspection_cpp/tier4_planning_msgs/msg/detail/scenario__type_support.cpp.o[0m
[32.188s] [ 36%] [32mBuilding CXX object CMakeFiles/tier4_planning_msgs__rosidl_typesupport_fastrtps_cpp.dir/rosidl_typesupport_fastrtps_cpp/tier4_planning_msgs/msg/detail/dds_fastrtps/lateral_offset__type_support.cpp.o[0m
[32.352s] [ 36%] [32mBuilding CXX object CMakeFiles/tier4_planning_msgs__rosidl_typesupport_fastrtps_cpp.dir/rosidl_typesupport_fastrtps_cpp/tier4_planning_msgs/msg/detail/dds_fastrtps/path__type_support.cpp.o[0m
[32.407s] [ 36%] [32mBuilding CXX object CMakeFiles/tier4_planning_msgs__rosidl_typesupport_cpp.dir/rosidl_typesupport_cpp/tier4_planning_msgs/msg/velocity_limit_constraints__type_support.cpp.o[0m
[32.497s] [ 36%] [32mBuilding CXX object CMakeFiles/tier4_planning_msgs__rosidl_typesupport_cpp.dir/rosidl_typesupport_cpp/tier4_planning_msgs/srv/clear_route__type_support.cpp.o[0m
[32.658s] [ 36%] [32mBuilding CXX object CMakeFiles/tier4_planning_msgs__rosidl_typesupport_introspection_cpp.dir/rosidl_typesupport_introspection_cpp/tier4_planning_msgs/msg/detail/stop_factor__type_support.cpp.o[0m
[32.975s] [ 37%] [32mBuilding CXX object CMakeFiles/tier4_planning_msgs__rosidl_typesupport_introspection_cpp.dir/rosidl_typesupport_introspection_cpp/tier4_planning_msgs/msg/detail/stop_reason__type_support.cpp.o[0m
[33.089s] [ 38%] [32mBuilding CXX object CMakeFiles/tier4_planning_msgs__rosidl_typesupport_cpp.dir/rosidl_typesupport_cpp/tier4_planning_msgs/srv/set_lanelet_route__type_support.cpp.o[0m
[33.173s] [ 39%] [32mBuilding CXX object CMakeFiles/tier4_planning_msgs__rosidl_typesupport_fastrtps_cpp.dir/rosidl_typesupport_fastrtps_cpp/tier4_planning_msgs/msg/detail/dds_fastrtps/path_change_module__type_support.cpp.o[0m
[33.181s] [ 39%] [32mBuilding CXX object CMakeFiles/tier4_planning_msgs__rosidl_typesupport_cpp.dir/rosidl_typesupport_cpp/tier4_planning_msgs/srv/set_waypoint_route__type_support.cpp.o[0m
[33.481s] [ 39%] [32mBuilding CXX object CMakeFiles/tier4_planning_msgs__rosidl_typesupport_fastrtps_cpp.dir/rosidl_typesupport_fastrtps_cpp/tier4_planning_msgs/msg/detail/dds_fastrtps/path_change_module_array__type_support.cpp.o[0m
[33.549s] [ 39%] [32mBuilding CXX object CMakeFiles/tier4_planning_msgs__rosidl_typesupport_fastrtps_cpp.dir/rosidl_typesupport_fastrtps_cpp/tier4_planning_msgs/msg/detail/dds_fastrtps/path_change_module_id__type_support.cpp.o[0m
[33.792s] [ 40%] [32mBuilding CXX object CMakeFiles/tier4_planning_msgs__rosidl_typesupport_fastrtps_cpp.dir/rosidl_typesupport_fastrtps_cpp/tier4_planning_msgs/msg/detail/dds_fastrtps/path_point__type_support.cpp.o[0m
[33.842s] [ 40%] [32mBuilding CXX object CMakeFiles/tier4_planning_msgs__rosidl_typesupport_introspection_cpp.dir/rosidl_typesupport_introspection_cpp/tier4_planning_msgs/msg/detail/stop_reason_array__type_support.cpp.o[0m
[33.879s] [ 40%] [32m[1mLinking CXX shared library libtier4_planning_msgs__rosidl_typesupport_cpp.so[0m
[34.011s] [ 40%] Built target tier4_planning_msgs__rosidl_typesupport_cpp
[34.043s] [ 40%] [32mBuilding CXX object CMakeFiles/tier4_planning_msgs__rosidl_typesupport_fastrtps_cpp.dir/rosidl_typesupport_fastrtps_cpp/tier4_planning_msgs/msg/detail/dds_fastrtps/reroute_availability__type_support.cpp.o[0m
[34.055s] [ 41%] [34m[1mGenerating C introspection for ROS interfaces[0m
[34.081s] [ 42%] [34m[1mGenerating C type support dispatch for ROS interfaces[0m
[34.227s] [ 42%] [32mBuilding CXX object CMakeFiles/tier4_planning_msgs__rosidl_typesupport_fastrtps_cpp.dir/rosidl_typesupport_fastrtps_cpp/tier4_planning_msgs/msg/detail/dds_fastrtps/route_state__type_support.cpp.o[0m
[34.558s] [ 43%] [32mBuilding CXX object CMakeFiles/tier4_planning_msgs__rosidl_typesupport_fastrtps_cpp.dir/rosidl_typesupport_fastrtps_cpp/tier4_planning_msgs/msg/detail/dds_fastrtps/scenario__type_support.cpp.o[0m
[34.564s] [ 43%] [32mBuilding CXX object CMakeFiles/tier4_planning_msgs__rosidl_typesupport_fastrtps_cpp.dir/rosidl_typesupport_fastrtps_cpp/tier4_planning_msgs/msg/detail/dds_fastrtps/stop_factor__type_support.cpp.o[0m
[34.739s] [ 43%] [32mBuilding CXX object CMakeFiles/tier4_planning_msgs__rosidl_typesupport_introspection_cpp.dir/rosidl_typesupport_introspection_cpp/tier4_planning_msgs/msg/detail/stop_speed_exceeded__type_support.cpp.o[0m
[34.860s] [ 43%] [32mBuilding CXX object CMakeFiles/tier4_planning_msgs__rosidl_typesupport_fastrtps_cpp.dir/rosidl_typesupport_fastrtps_cpp/tier4_planning_msgs/msg/detail/dds_fastrtps/stop_reason__type_support.cpp.o[0m
[35.087s] [ 44%] [32mBuilding CXX object CMakeFiles/tier4_planning_msgs__rosidl_typesupport_fastrtps_cpp.dir/rosidl_typesupport_fastrtps_cpp/tier4_planning_msgs/msg/detail/dds_fastrtps/stop_reason_array__type_support.cpp.o[0m
[35.308s] [ 44%] [32mBuilding CXX object CMakeFiles/tier4_planning_msgs__rosidl_typesupport_fastrtps_cpp.dir/rosidl_typesupport_fastrtps_cpp/tier4_planning_msgs/msg/detail/dds_fastrtps/stop_speed_exceeded__type_support.cpp.o[0m
[35.458s] [ 45%] [32mBuilding CXX object CMakeFiles/tier4_planning_msgs__rosidl_typesupport_introspection_cpp.dir/rosidl_typesupport_introspection_cpp/tier4_planning_msgs/msg/detail/trajectory__type_support.cpp.o[0m
[35.672s] [ 46%] [32mBuilding CXX object CMakeFiles/tier4_planning_msgs__rosidl_typesupport_fastrtps_cpp.dir/rosidl_typesupport_fastrtps_cpp/tier4_planning_msgs/msg/detail/dds_fastrtps/trajectory__type_support.cpp.o[0m
[35.844s] [ 46%] [32mBuilding CXX object CMakeFiles/tier4_planning_msgs__rosidl_typesupport_fastrtps_cpp.dir/rosidl_typesupport_fastrtps_cpp/tier4_planning_msgs/msg/detail/dds_fastrtps/trajectory_point__type_support.cpp.o[0m
[36.040s] [ 46%] [32mBuilding CXX object CMakeFiles/tier4_planning_msgs__rosidl_typesupport_fastrtps_cpp.dir/rosidl_typesupport_fastrtps_cpp/tier4_planning_msgs/msg/detail/dds_fastrtps/velocity_limit__type_support.cpp.o[0m
[36.287s] [ 46%] [32mBuilding CXX object CMakeFiles/tier4_planning_msgs__rosidl_typesupport_introspection_cpp.dir/rosidl_typesupport_introspection_cpp/tier4_planning_msgs/msg/detail/trajectory_point__type_support.cpp.o[0m
[36.308s] [ 47%] [32mBuilding CXX object CMakeFiles/tier4_planning_msgs__rosidl_typesupport_fastrtps_cpp.dir/rosidl_typesupport_fastrtps_cpp/tier4_planning_msgs/msg/detail/dds_fastrtps/velocity_limit_clear_command__type_support.cpp.o[0m
[36.328s] [ 47%] [32mBuilding CXX object CMakeFiles/tier4_planning_msgs__rosidl_typesupport_fastrtps_cpp.dir/rosidl_typesupport_fastrtps_cpp/tier4_planning_msgs/msg/detail/dds_fastrtps/velocity_limit_constraints__type_support.cpp.o[0m
[36.859s] [ 47%] [32mBuilding CXX object CMakeFiles/tier4_planning_msgs__rosidl_typesupport_fastrtps_cpp.dir/rosidl_typesupport_fastrtps_cpp/tier4_planning_msgs/srv/detail/dds_fastrtps/clear_route__type_support.cpp.o[0m
[36.958s] [ 48%] [32mBuilding CXX object CMakeFiles/tier4_planning_msgs__rosidl_typesupport_fastrtps_cpp.dir/rosidl_typesupport_fastrtps_cpp/tier4_planning_msgs/srv/detail/dds_fastrtps/set_lanelet_route__type_support.cpp.o[0m
[37.003s] [ 48%] [32mBuilding CXX object CMakeFiles/tier4_planning_msgs__rosidl_typesupport_introspection_cpp.dir/rosidl_typesupport_introspection_cpp/tier4_planning_msgs/msg/detail/velocity_limit__type_support.cpp.o[0m
[37.197s] [ 49%] [32mBuilding CXX object CMakeFiles/tier4_planning_msgs__rosidl_typesupport_introspection_cpp.dir/rosidl_typesupport_introspection_cpp/tier4_planning_msgs/msg/detail/velocity_limit_clear_command__type_support.cpp.o[0m
[37.334s] [ 49%] [32mBuilding CXX object CMakeFiles/tier4_planning_msgs__rosidl_typesupport_fastrtps_cpp.dir/rosidl_typesupport_fastrtps_cpp/tier4_planning_msgs/srv/detail/dds_fastrtps/set_waypoint_route__type_support.cpp.o[0m
[37.442s] [35m[1mScanning dependencies of target tier4_planning_msgs__rosidl_typesupport_c[0m
[37.516s] [ 49%] [32mBuilding CXX object CMakeFiles/tier4_planning_msgs__rosidl_typesupport_c.dir/rosidl_typesupport_c/tier4_planning_msgs/msg/avoidance_debug_factor__type_support.cpp.o[0m
[37.517s] [ 49%] [32mBuilding CXX object CMakeFiles/tier4_planning_msgs__rosidl_typesupport_c.dir/rosidl_typesupport_c/tier4_planning_msgs/msg/approval__type_support.cpp.o[0m
[37.628s] [ 50%] [32mBuilding CXX object CMakeFiles/tier4_planning_msgs__rosidl_typesupport_c.dir/rosidl_typesupport_c/tier4_planning_msgs/msg/avoidance_debug_msg__type_support.cpp.o[0m
[37.714s] [ 50%] [32mBuilding CXX object CMakeFiles/tier4_planning_msgs__rosidl_typesupport_introspection_cpp.dir/rosidl_typesupport_introspection_cpp/tier4_planning_msgs/msg/detail/velocity_limit_constraints__type_support.cpp.o[0m
[37.730s] [ 50%] [32mBuilding CXX object CMakeFiles/tier4_planning_msgs__rosidl_typesupport_c.dir/rosidl_typesupport_c/tier4_planning_msgs/msg/avoidance_debug_msg_array__type_support.cpp.o[0m
[37.736s] [ 50%] [32mBuilding CXX object CMakeFiles/tier4_planning_msgs__rosidl_typesupport_introspection_cpp.dir/rosidl_typesupport_introspection_cpp/tier4_planning_msgs/srv/detail/clear_route__type_support.cpp.o[0m
[37.826s] [ 50%] [32mBuilding CXX object CMakeFiles/tier4_planning_msgs__rosidl_typesupport_c.dir/rosidl_typesupport_c/tier4_planning_msgs/msg/enable_avoidance__type_support.cpp.o[0m
[37.914s] [ 51%] [32mBuilding CXX object CMakeFiles/tier4_planning_msgs__rosidl_typesupport_introspection_cpp.dir/rosidl_typesupport_introspection_cpp/tier4_planning_msgs/srv/detail/set_lanelet_route__type_support.cpp.o[0m
[37.942s] [ 52%] [32mBuilding CXX object CMakeFiles/tier4_planning_msgs__rosidl_typesupport_c.dir/rosidl_typesupport_c/tier4_planning_msgs/msg/expand_stop_range__type_support.cpp.o[0m
[37.956s] [ 52%] [32mBuilding CXX object CMakeFiles/tier4_planning_msgs__rosidl_typesupport_introspection_cpp.dir/rosidl_typesupport_introspection_cpp/tier4_planning_msgs/srv/detail/set_waypoint_route__type_support.cpp.o[0m
[38.035s] [ 52%] [32mBuilding CXX object CMakeFiles/tier4_planning_msgs__rosidl_typesupport_c.dir/rosidl_typesupport_c/tier4_planning_msgs/msg/is_avoidance_possible__type_support.cpp.o[0m
[38.134s] [ 52%] [32mBuilding CXX object CMakeFiles/tier4_planning_msgs__rosidl_typesupport_c.dir/rosidl_typesupport_c/tier4_planning_msgs/msg/lane_change_command__type_support.cpp.o[0m
[38.234s] [ 53%] [32mBuilding CXX object CMakeFiles/tier4_planning_msgs__rosidl_typesupport_c.dir/rosidl_typesupport_c/tier4_planning_msgs/msg/lane_change_debug_msg__type_support.cpp.o[0m
[38.248s] [ 53%] [32mBuilding CXX object CMakeFiles/tier4_planning_msgs__rosidl_typesupport_c.dir/rosidl_typesupport_c/tier4_planning_msgs/msg/lane_change_debug_msg_array__type_support.cpp.o[0m
[38.349s] [ 54%] [32mBuilding CXX object CMakeFiles/tier4_planning_msgs__rosidl_typesupport_c.dir/rosidl_typesupport_c/tier4_planning_msgs/msg/lane_change_status__type_support.cpp.o[0m
[38.443s] [ 54%] [32mBuilding CXX object CMakeFiles/tier4_planning_msgs__rosidl_typesupport_c.dir/rosidl_typesupport_c/tier4_planning_msgs/msg/lateral_offset__type_support.cpp.o[0m
[38.489s] [ 55%] [32mBuilding CXX object CMakeFiles/tier4_planning_msgs__rosidl_typesupport_c.dir/rosidl_typesupport_c/tier4_planning_msgs/msg/path__type_support.cpp.o[0m
[38.489s] [ 55%] [32mBuilding CXX object CMakeFiles/tier4_planning_msgs__rosidl_typesupport_c.dir/rosidl_typesupport_c/tier4_planning_msgs/msg/path_change_module__type_support.cpp.o[0m
[38.497s] [ 55%] [32m[1mLinking CXX shared library libtier4_planning_msgs__rosidl_typesupport_fastrtps_cpp.so[0m
[38.544s] [ 55%] [32mBuilding CXX object CMakeFiles/tier4_planning_msgs__rosidl_typesupport_c.dir/rosidl_typesupport_c/tier4_planning_msgs/msg/path_change_module_array__type_support.cpp.o[0m
[38.585s] [ 55%] [32mBuilding CXX object CMakeFiles/tier4_planning_msgs__rosidl_typesupport_c.dir/rosidl_typesupport_c/tier4_planning_msgs/msg/path_change_module_id__type_support.cpp.o[0m
[38.591s] [ 56%] [32mBuilding CXX object CMakeFiles/tier4_planning_msgs__rosidl_typesupport_c.dir/rosidl_typesupport_c/tier4_planning_msgs/msg/path_point__type_support.cpp.o[0m
[38.604s] [ 56%] [32mBuilding CXX object CMakeFiles/tier4_planning_msgs__rosidl_typesupport_c.dir/rosidl_typesupport_c/tier4_planning_msgs/msg/reroute_availability__type_support.cpp.o[0m
[38.611s] [35m[1mScanning dependencies of target tier4_planning_msgs__rosidl_typesupport_introspection_c[0m
[38.640s] [ 56%] [32mBuilding CXX object CMakeFiles/tier4_planning_msgs__rosidl_typesupport_c.dir/rosidl_typesupport_c/tier4_planning_msgs/msg/route_state__type_support.cpp.o[0m
[38.679s] [ 57%] [32mBuilding CXX object CMakeFiles/tier4_planning_msgs__rosidl_typesupport_c.dir/rosidl_typesupport_c/tier4_planning_msgs/msg/scenario__type_support.cpp.o[0m
[38.683s] [ 57%] [32mBuilding CXX object CMakeFiles/tier4_planning_msgs__rosidl_typesupport_c.dir/rosidl_typesupport_c/tier4_planning_msgs/msg/stop_factor__type_support.cpp.o[0m
[38.707s] [ 57%] [32mBuilding C object CMakeFiles/tier4_planning_msgs__rosidl_typesupport_introspection_c.dir/rosidl_typesupport_introspection_c/tier4_planning_msgs/msg/detail/approval__type_support.c.o[0m
[38.712s] [ 57%] [32mBuilding C object CMakeFiles/tier4_planning_msgs__rosidl_typesupport_introspection_c.dir/rosidl_typesupport_introspection_c/tier4_planning_msgs/msg/detail/avoidance_debug_factor__type_support.c.o[0m
[38.735s] [ 58%] [32mBuilding C object CMakeFiles/tier4_planning_msgs__rosidl_typesupport_introspection_c.dir/rosidl_typesupport_introspection_c/tier4_planning_msgs/msg/detail/avoidance_debug_msg__type_support.c.o[0m
[38.769s] [ 58%] [32mBuilding CXX object CMakeFiles/tier4_planning_msgs__rosidl_typesupport_c.dir/rosidl_typesupport_c/tier4_planning_msgs/msg/stop_reason__type_support.cpp.o[0m
[38.769s] [ 58%] [32mBuilding C object CMakeFiles/tier4_planning_msgs__rosidl_typesupport_introspection_c.dir/rosidl_typesupport_introspection_c/tier4_planning_msgs/msg/detail/avoidance_debug_msg_array__type_support.c.o[0m
[38.806s] [ 59%] [32mBuilding CXX object CMakeFiles/tier4_planning_msgs__rosidl_typesupport_c.dir/rosidl_typesupport_c/tier4_planning_msgs/msg/stop_reason_array__type_support.cpp.o[0m
[38.823s] [ 59%] Built target tier4_planning_msgs__rosidl_typesupport_fastrtps_cpp
[38.831s] [ 60%] [32mBuilding C object CMakeFiles/tier4_planning_msgs__rosidl_typesupport_introspection_c.dir/rosidl_typesupport_introspection_c/tier4_planning_msgs/msg/detail/enable_avoidance__type_support.c.o[0m
[38.835s] [ 60%] [32mBuilding C object CMakeFiles/tier4_planning_msgs__rosidl_typesupport_introspection_c.dir/rosidl_typesupport_introspection_c/tier4_planning_msgs/msg/detail/expand_stop_range__type_support.c.o[0m
[38.841s] [ 60%] [32mBuilding C object CMakeFiles/tier4_planning_msgs__rosidl_typesupport_introspection_c.dir/rosidl_typesupport_introspection_c/tier4_planning_msgs/msg/detail/is_avoidance_possible__type_support.c.o[0m
[38.859s] [ 61%] [32m[1mLinking CXX shared library libtier4_planning_msgs__rosidl_typesupport_introspection_cpp.so[0m
[38.869s] [ 62%] [34m[1mGenerating C type support for eProsima Fast-RTPS[0m
[38.881s] [ 62%] [32mBuilding CXX object CMakeFiles/tier4_planning_msgs__rosidl_typesupport_c.dir/rosidl_typesupport_c/tier4_planning_msgs/msg/stop_speed_exceeded__type_support.cpp.o[0m
[38.882s] [ 63%] [32mBuilding C object CMakeFiles/tier4_planning_msgs__rosidl_typesupport_introspection_c.dir/rosidl_typesupport_introspection_c/tier4_planning_msgs/msg/detail/lane_change_command__type_support.c.o[0m
[38.923s] [ 64%] [32mBuilding CXX object CMakeFiles/tier4_planning_msgs__rosidl_typesupport_c.dir/rosidl_typesupport_c/tier4_planning_msgs/msg/trajectory__type_support.cpp.o[0m
[38.946s] [ 64%] [32mBuilding C object CMakeFiles/tier4_planning_msgs__rosidl_typesupport_introspection_c.dir/rosidl_typesupport_introspection_c/tier4_planning_msgs/msg/detail/lane_change_debug_msg__type_support.c.o[0m
[38.946s] [ 64%] [32mBuilding C object CMakeFiles/tier4_planning_msgs__rosidl_typesupport_introspection_c.dir/rosidl_typesupport_introspection_c/tier4_planning_msgs/msg/detail/lane_change_debug_msg_array__type_support.c.o[0m
[38.957s] [ 65%] [32mBuilding C object CMakeFiles/tier4_planning_msgs__rosidl_typesupport_introspection_c.dir/rosidl_typesupport_introspection_c/tier4_planning_msgs/msg/detail/lane_change_status__type_support.c.o[0m
[38.982s] [ 65%] [32mBuilding CXX object CMakeFiles/tier4_planning_msgs__rosidl_typesupport_c.dir/rosidl_typesupport_c/tier4_planning_msgs/msg/trajectory_point__type_support.cpp.o[0m
[39.006s] [ 65%] [32mBuilding C object CMakeFiles/tier4_planning_msgs__rosidl_typesupport_introspection_c.dir/rosidl_typesupport_introspection_c/tier4_planning_msgs/msg/detail/lateral_offset__type_support.c.o[0m
[39.035s] [ 65%] [32mBuilding CXX object CMakeFiles/tier4_planning_msgs__rosidl_typesupport_c.dir/rosidl_typesupport_c/tier4_planning_msgs/msg/velocity_limit__type_support.cpp.o[0m
[39.053s] [ 65%] [32mBuilding C object CMakeFiles/tier4_planning_msgs__rosidl_typesupport_introspection_c.dir/rosidl_typesupport_introspection_c/tier4_planning_msgs/msg/detail/path__type_support.c.o[0m
[39.068s] [ 66%] [32mBuilding C object CMakeFiles/tier4_planning_msgs__rosidl_typesupport_introspection_c.dir/rosidl_typesupport_introspection_c/tier4_planning_msgs/msg/detail/path_change_module_array__type_support.c.o[0m
[39.069s] [ 66%] [32mBuilding C object CMakeFiles/tier4_planning_msgs__rosidl_typesupport_introspection_c.dir/rosidl_typesupport_introspection_c/tier4_planning_msgs/msg/detail/path_change_module__type_support.c.o[0m
[39.084s] [ 67%] [32mBuilding CXX object CMakeFiles/tier4_planning_msgs__rosidl_typesupport_c.dir/rosidl_typesupport_c/tier4_planning_msgs/msg/velocity_limit_clear_command__type_support.cpp.o[0m
[39.123s] [ 68%] [32mBuilding C object CMakeFiles/tier4_planning_msgs__rosidl_typesupport_introspection_c.dir/rosidl_typesupport_introspection_c/tier4_planning_msgs/msg/detail/path_change_module_id__type_support.c.o[0m
[39.139s] [ 68%] [32mBuilding CXX object CMakeFiles/tier4_planning_msgs__rosidl_typesupport_c.dir/rosidl_typesupport_c/tier4_planning_msgs/msg/velocity_limit_constraints__type_support.cpp.o[0m
[39.154s] [ 68%] Built target tier4_planning_msgs__rosidl_typesupport_introspection_cpp
[39.185s] [ 68%] [32mBuilding C object CMakeFiles/tier4_planning_msgs__rosidl_typesupport_introspection_c.dir/rosidl_typesupport_introspection_c/tier4_planning_msgs/msg/detail/path_point__type_support.c.o[0m
[39.188s] [ 69%] [32mBuilding C object CMakeFiles/tier4_planning_msgs__rosidl_typesupport_introspection_c.dir/rosidl_typesupport_introspection_c/tier4_planning_msgs/msg/detail/scenario__type_support.c.o[0m
[39.188s] [ 69%] [32mBuilding C object CMakeFiles/tier4_planning_msgs__rosidl_typesupport_introspection_c.dir/rosidl_typesupport_introspection_c/tier4_planning_msgs/msg/detail/route_state__type_support.c.o[0m
[39.189s] [ 69%] [32mBuilding C object CMakeFiles/tier4_planning_msgs__rosidl_typesupport_introspection_c.dir/rosidl_typesupport_introspection_c/tier4_planning_msgs/msg/detail/reroute_availability__type_support.c.o[0m
[39.226s] [ 69%] [32mBuilding C object CMakeFiles/tier4_planning_msgs__rosidl_typesupport_introspection_c.dir/rosidl_typesupport_introspection_c/tier4_planning_msgs/msg/detail/stop_factor__type_support.c.o[0m
[39.230s] [ 69%] [32mBuilding CXX object CMakeFiles/tier4_planning_msgs__rosidl_typesupport_c.dir/rosidl_typesupport_c/tier4_planning_msgs/srv/clear_route__type_support.cpp.o[0m
[39.249s] [ 70%] [32mBuilding CXX object CMakeFiles/tier4_planning_msgs__rosidl_typesupport_c.dir/rosidl_typesupport_c/tier4_planning_msgs/srv/set_lanelet_route__type_support.cpp.o[0m
[39.299s] [ 71%] [32mBuilding C object CMakeFiles/tier4_planning_msgs__rosidl_typesupport_introspection_c.dir/rosidl_typesupport_introspection_c/tier4_planning_msgs/msg/detail/stop_reason_array__type_support.c.o[0m
[39.299s] [ 71%] [32mBuilding C object CMakeFiles/tier4_planning_msgs__rosidl_typesupport_introspection_c.dir/rosidl_typesupport_introspection_c/tier4_planning_msgs/msg/detail/stop_reason__type_support.c.o[0m
[39.304s] [ 72%] [32mBuilding C object CMakeFiles/tier4_planning_msgs__rosidl_typesupport_introspection_c.dir/rosidl_typesupport_introspection_c/tier4_planning_msgs/msg/detail/trajectory__type_support.c.o[0m
[39.305s] [ 72%] [32mBuilding C object CMakeFiles/tier4_planning_msgs__rosidl_typesupport_introspection_c.dir/rosidl_typesupport_introspection_c/tier4_planning_msgs/msg/detail/stop_speed_exceeded__type_support.c.o[0m
[39.348s] [ 72%] [32mBuilding C object CMakeFiles/tier4_planning_msgs__rosidl_typesupport_introspection_c.dir/rosidl_typesupport_introspection_c/tier4_planning_msgs/msg/detail/trajectory_point__type_support.c.o[0m
[39.348s] [ 72%] [32mBuilding CXX object CMakeFiles/tier4_planning_msgs__rosidl_typesupport_c.dir/rosidl_typesupport_c/tier4_planning_msgs/srv/set_waypoint_route__type_support.cpp.o[0m
[39.364s] [ 72%] [32mBuilding C object CMakeFiles/tier4_planning_msgs__rosidl_typesupport_introspection_c.dir/rosidl_typesupport_introspection_c/tier4_planning_msgs/msg/detail/velocity_limit__type_support.c.o[0m
[39.416s] [ 72%] [32mBuilding C object CMakeFiles/tier4_planning_msgs__rosidl_typesupport_introspection_c.dir/rosidl_typesupport_introspection_c/tier4_planning_msgs/msg/detail/velocity_limit_constraints__type_support.c.o[0m
[39.417s] [ 73%] [32mBuilding C object CMakeFiles/tier4_planning_msgs__rosidl_typesupport_introspection_c.dir/rosidl_typesupport_introspection_c/tier4_planning_msgs/msg/detail/velocity_limit_clear_command__type_support.c.o[0m
[39.424s] [ 74%] [32mBuilding C object CMakeFiles/tier4_planning_msgs__rosidl_typesupport_introspection_c.dir/rosidl_typesupport_introspection_c/tier4_planning_msgs/srv/detail/clear_route__type_support.c.o[0m
[39.430s] [ 74%] [32mBuilding C object CMakeFiles/tier4_planning_msgs__rosidl_typesupport_introspection_c.dir/rosidl_typesupport_introspection_c/tier4_planning_msgs/srv/detail/set_lanelet_route__type_support.c.o[0m
[39.460s] [ 74%] [32m[1mLinking CXX shared library libtier4_planning_msgs__rosidl_typesupport_c.so[0m
[39.461s] [ 74%] [32mBuilding C object CMakeFiles/tier4_planning_msgs__rosidl_typesupport_introspection_c.dir/rosidl_typesupport_introspection_c/tier4_planning_msgs/srv/detail/set_waypoint_route__type_support.c.o[0m
[39.573s] [ 75%] [32m[1mLinking C shared library libtier4_planning_msgs__rosidl_typesupport_introspection_c.so[0m
[39.587s] [ 75%] Built target tier4_planning_msgs__rosidl_typesupport_c
[39.683s] [ 75%] Built target tier4_planning_msgs__rosidl_typesupport_introspection_c
[42.194s] [35m[1mScanning dependencies of target tier4_planning_msgs__rosidl_typesupport_fastrtps_c[0m
[42.373s] [ 76%] [32mBuilding CXX object CMakeFiles/tier4_planning_msgs__rosidl_typesupport_fastrtps_c.dir/rosidl_typesupport_fastrtps_c/tier4_planning_msgs/msg/detail/avoidance_debug_msg_array__type_support_c.cpp.o[0m
[42.373s] [ 76%] [32mBuilding CXX object CMakeFiles/tier4_planning_msgs__rosidl_typesupport_fastrtps_c.dir/rosidl_typesupport_fastrtps_c/tier4_planning_msgs/msg/detail/approval__type_support_c.cpp.o[0m
[42.373s] [ 76%] [32mBuilding CXX object CMakeFiles/tier4_planning_msgs__rosidl_typesupport_fastrtps_c.dir/rosidl_typesupport_fastrtps_c/tier4_planning_msgs/msg/detail/enable_avoidance__type_support_c.cpp.o[0m
[42.373s] [ 76%] [32mBuilding CXX object CMakeFiles/tier4_planning_msgs__rosidl_typesupport_fastrtps_c.dir/rosidl_typesupport_fastrtps_c/tier4_planning_msgs/msg/detail/avoidance_debug_factor__type_support_c.cpp.o[0m
[42.373s] [ 76%] [32mBuilding CXX object CMakeFiles/tier4_planning_msgs__rosidl_typesupport_fastrtps_c.dir/rosidl_typesupport_fastrtps_c/tier4_planning_msgs/msg/detail/avoidance_debug_msg__type_support_c.cpp.o[0m
[43.208s] [ 77%] [32mBuilding CXX object CMakeFiles/tier4_planning_msgs__rosidl_typesupport_fastrtps_c.dir/rosidl_typesupport_fastrtps_c/tier4_planning_msgs/msg/detail/lane_change_command__type_support_c.cpp.o[0m
[43.212s] [ 77%] [32mBuilding CXX object CMakeFiles/tier4_planning_msgs__rosidl_typesupport_fastrtps_c.dir/rosidl_typesupport_fastrtps_c/tier4_planning_msgs/msg/detail/lane_change_debug_msg__type_support_c.cpp.o[0m
[43.218s] [ 77%] [32mBuilding CXX object CMakeFiles/tier4_planning_msgs__rosidl_typesupport_fastrtps_c.dir/rosidl_typesupport_fastrtps_c/tier4_planning_msgs/msg/detail/lane_change_debug_msg_array__type_support_c.cpp.o[0m
[43.218s] [ 78%] [32mBuilding CXX object CMakeFiles/tier4_planning_msgs__rosidl_typesupport_fastrtps_c.dir/rosidl_typesupport_fastrtps_c/tier4_planning_msgs/msg/detail/lane_change_status__type_support_c.cpp.o[0m
[43.240s] [ 78%] [32mBuilding CXX object CMakeFiles/tier4_planning_msgs__rosidl_typesupport_fastrtps_c.dir/rosidl_typesupport_fastrtps_c/tier4_planning_msgs/msg/detail/lateral_offset__type_support_c.cpp.o[0m
[43.248s] [ 78%] [32mBuilding CXX object CMakeFiles/tier4_planning_msgs__rosidl_typesupport_fastrtps_c.dir/rosidl_typesupport_fastrtps_c/tier4_planning_msgs/msg/detail/path__type_support_c.cpp.o[0m
[43.249s] [ 78%] [32mBuilding CXX object CMakeFiles/tier4_planning_msgs__rosidl_typesupport_fastrtps_c.dir/rosidl_typesupport_fastrtps_c/tier4_planning_msgs/msg/detail/is_avoidance_possible__type_support_c.cpp.o[0m
[43.256s] [ 79%] [32mBuilding CXX object CMakeFiles/tier4_planning_msgs__rosidl_typesupport_fastrtps_c.dir/rosidl_typesupport_fastrtps_c/tier4_planning_msgs/msg/detail/expand_stop_range__type_support_c.cpp.o[0m
[44.127s] [ 80%] [32mBuilding CXX object CMakeFiles/tier4_planning_msgs__rosidl_typesupport_fastrtps_c.dir/rosidl_typesupport_fastrtps_c/tier4_planning_msgs/msg/detail/path_change_module__type_support_c.cpp.o[0m
[44.127s] [ 80%] [32mBuilding CXX object CMakeFiles/tier4_planning_msgs__rosidl_typesupport_fastrtps_c.dir/rosidl_typesupport_fastrtps_c/tier4_planning_msgs/msg/detail/path_change_module_array__type_support_c.cpp.o[0m
[44.140s] [ 81%] [32mBuilding CXX object CMakeFiles/tier4_planning_msgs__rosidl_typesupport_fastrtps_c.dir/rosidl_typesupport_fastrtps_c/tier4_planning_msgs/msg/detail/path_change_module_id__type_support_c.cpp.o[0m
[44.140s] [ 81%] [32mBuilding CXX object CMakeFiles/tier4_planning_msgs__rosidl_typesupport_fastrtps_c.dir/rosidl_typesupport_fastrtps_c/tier4_planning_msgs/msg/detail/path_point__type_support_c.cpp.o[0m
[44.156s] [ 81%] [32mBuilding CXX object CMakeFiles/tier4_planning_msgs__rosidl_typesupport_fastrtps_c.dir/rosidl_typesupport_fastrtps_c/tier4_planning_msgs/msg/detail/reroute_availability__type_support_c.cpp.o[0m
[44.161s] [ 81%] [32mBuilding CXX object CMakeFiles/tier4_planning_msgs__rosidl_typesupport_fastrtps_c.dir/rosidl_typesupport_fastrtps_c/tier4_planning_msgs/msg/detail/route_state__type_support_c.cpp.o[0m
[44.170s] [ 82%] [32mBuilding CXX object CMakeFiles/tier4_planning_msgs__rosidl_typesupport_fastrtps_c.dir/rosidl_typesupport_fastrtps_c/tier4_planning_msgs/msg/detail/scenario__type_support_c.cpp.o[0m
[44.990s] [ 82%] [32mBuilding CXX object CMakeFiles/tier4_planning_msgs__rosidl_typesupport_fastrtps_c.dir/rosidl_typesupport_fastrtps_c/tier4_planning_msgs/msg/detail/stop_factor__type_support_c.cpp.o[0m
[44.991s] [ 82%] [32mBuilding CXX object CMakeFiles/tier4_planning_msgs__rosidl_typesupport_fastrtps_c.dir/rosidl_typesupport_fastrtps_c/tier4_planning_msgs/msg/detail/stop_reason_array__type_support_c.cpp.o[0m
[44.991s] [ 83%] [32mBuilding CXX object CMakeFiles/tier4_planning_msgs__rosidl_typesupport_fastrtps_c.dir/rosidl_typesupport_fastrtps_c/tier4_planning_msgs/msg/detail/stop_reason__type_support_c.cpp.o[0m
[44.998s] [ 83%] [32mBuilding CXX object CMakeFiles/tier4_planning_msgs__rosidl_typesupport_fastrtps_c.dir/rosidl_typesupport_fastrtps_c/tier4_planning_msgs/msg/detail/stop_speed_exceeded__type_support_c.cpp.o[0m
[45.005s] [ 84%] [32mBuilding CXX object CMakeFiles/tier4_planning_msgs__rosidl_typesupport_fastrtps_c.dir/rosidl_typesupport_fastrtps_c/tier4_planning_msgs/msg/detail/trajectory__type_support_c.cpp.o[0m
[45.033s] [ 84%] [32mBuilding CXX object CMakeFiles/tier4_planning_msgs__rosidl_typesupport_fastrtps_c.dir/rosidl_typesupport_fastrtps_c/tier4_planning_msgs/msg/detail/trajectory_point__type_support_c.cpp.o[0m
[45.036s] [ 84%] [32mBuilding CXX object CMakeFiles/tier4_planning_msgs__rosidl_typesupport_fastrtps_c.dir/rosidl_typesupport_fastrtps_c/tier4_planning_msgs/msg/detail/velocity_limit__type_support_c.cpp.o[0m
[45.083s] [ 85%] [32mBuilding CXX object CMakeFiles/tier4_planning_msgs__rosidl_typesupport_fastrtps_c.dir/rosidl_typesupport_fastrtps_c/tier4_planning_msgs/msg/detail/velocity_limit_clear_command__type_support_c.cpp.o[0m
[45.886s] [ 85%] [32mBuilding CXX object CMakeFiles/tier4_planning_msgs__rosidl_typesupport_fastrtps_c.dir/rosidl_typesupport_fastrtps_c/tier4_planning_msgs/msg/detail/velocity_limit_constraints__type_support_c.cpp.o[0m
[45.903s] [ 85%] [32mBuilding CXX object CMakeFiles/tier4_planning_msgs__rosidl_typesupport_fastrtps_c.dir/rosidl_typesupport_fastrtps_c/tier4_planning_msgs/srv/detail/clear_route__type_support_c.cpp.o[0m
[45.904s] [ 86%] [32mBuilding CXX object CMakeFiles/tier4_planning_msgs__rosidl_typesupport_fastrtps_c.dir/rosidl_typesupport_fastrtps_c/tier4_planning_msgs/srv/detail/set_lanelet_route__type_support_c.cpp.o[0m
[45.918s] [ 86%] [32mBuilding CXX object CMakeFiles/tier4_planning_msgs__rosidl_typesupport_fastrtps_c.dir/rosidl_typesupport_fastrtps_c/tier4_planning_msgs/srv/detail/set_waypoint_route__type_support_c.cpp.o[0m
[46.759s] [ 87%] [32m[1mLinking CXX shared library libtier4_planning_msgs__rosidl_typesupport_fastrtps_c.so[0m
[46.981s] [ 87%] Built target tier4_planning_msgs__rosidl_typesupport_fastrtps_c
[47.012s] [35m[1mScanning dependencies of target tier4_planning_msgs[0m
[47.047s] [ 87%] Built target tier4_planning_msgs
[47.080s] [35m[1mScanning dependencies of target tier4_planning_msgs__py[0m
[47.116s] [ 87%] [34m[1mGenerating Python code for ROS interfaces[0m
[53.843s] [ 87%] Built target tier4_planning_msgs__py
[53.877s] [35m[1mScanning dependencies of target tier4_planning_msgs__python[0m
[54.085s] [ 88%] [32mBuilding C object CMakeFiles/tier4_planning_msgs__python.dir/rosidl_generator_py/tier4_planning_msgs/msg/_enable_avoidance_s.c.o[0m
[54.086s] [ 88%] [32mBuilding C object CMakeFiles/tier4_planning_msgs__python.dir/rosidl_generator_py/tier4_planning_msgs/msg/_avoidance_debug_factor_s.c.o[0m
[54.086s] [ 88%] [32mBuilding C object CMakeFiles/tier4_planning_msgs__python.dir/rosidl_generator_py/tier4_planning_msgs/msg/_avoidance_debug_msg_s.c.o[0m
[54.086s] [ 88%] [32mBuilding C object CMakeFiles/tier4_planning_msgs__python.dir/rosidl_generator_py/tier4_planning_msgs/msg/_expand_stop_range_s.c.o[0m
[54.086s] [ 88%] [32mBuilding C object CMakeFiles/tier4_planning_msgs__python.dir/rosidl_generator_py/tier4_planning_msgs/msg/_approval_s.c.o[0m
[54.087s] [ 89%] [32mBuilding C object CMakeFiles/tier4_planning_msgs__python.dir/rosidl_generator_py/tier4_planning_msgs/msg/_is_avoidance_possible_s.c.o[0m
[54.091s] [ 90%] [32mBuilding C object CMakeFiles/tier4_planning_msgs__python.dir/rosidl_generator_py/tier4_planning_msgs/msg/_avoidance_debug_msg_array_s.c.o[0m
[54.337s] [ 90%] [32mBuilding C object CMakeFiles/tier4_planning_msgs__python.dir/rosidl_generator_py/tier4_planning_msgs/msg/_lane_change_command_s.c.o[0m
[54.337s] [ 90%] [32mBuilding C object CMakeFiles/tier4_planning_msgs__python.dir/rosidl_generator_py/tier4_planning_msgs/msg/_lane_change_debug_msg_s.c.o[0m
[54.338s] [ 90%] [32mBuilding C object CMakeFiles/tier4_planning_msgs__python.dir/rosidl_generator_py/tier4_planning_msgs/msg/_lane_change_status_s.c.o[0m
[54.338s] [ 91%] [32mBuilding C object CMakeFiles/tier4_planning_msgs__python.dir/rosidl_generator_py/tier4_planning_msgs/msg/_lateral_offset_s.c.o[0m
[54.338s] [ 91%] [32mBuilding C object CMakeFiles/tier4_planning_msgs__python.dir/rosidl_generator_py/tier4_planning_msgs/msg/_path_s.c.o[0m
[54.342s] [ 92%] [32mBuilding C object CMakeFiles/tier4_planning_msgs__python.dir/rosidl_generator_py/tier4_planning_msgs/msg/_lane_change_debug_msg_array_s.c.o[0m
[54.350s] [ 93%] [32mBuilding C object CMakeFiles/tier4_planning_msgs__python.dir/rosidl_generator_py/tier4_planning_msgs/msg/_path_change_module_array_s.c.o[0m
[54.352s] [ 93%] [32mBuilding C object CMakeFiles/tier4_planning_msgs__python.dir/rosidl_generator_py/tier4_planning_msgs/msg/_path_change_module_s.c.o[0m
[54.581s] [ 93%] [32mBuilding C object CMakeFiles/tier4_planning_msgs__python.dir/rosidl_generator_py/tier4_planning_msgs/msg/_path_change_module_id_s.c.o[0m
[54.581s] [ 93%] [32mBuilding C object CMakeFiles/tier4_planning_msgs__python.dir/rosidl_generator_py/tier4_planning_msgs/msg/_path_point_s.c.o[0m
[54.598s] [ 94%] [32mBuilding C object CMakeFiles/tier4_planning_msgs__python.dir/rosidl_generator_py/tier4_planning_msgs/msg/_route_state_s.c.o[0m
[54.599s] [ 94%] [32mBuilding C object CMakeFiles/tier4_planning_msgs__python.dir/rosidl_generator_py/tier4_planning_msgs/msg/_reroute_availability_s.c.o[0m
[54.599s] [ 95%] [32mBuilding C object CMakeFiles/tier4_planning_msgs__python.dir/rosidl_generator_py/tier4_planning_msgs/msg/_stop_factor_s.c.o[0m
[54.600s] [ 95%] [32mBuilding C object CMakeFiles/tier4_planning_msgs__python.dir/rosidl_generator_py/tier4_planning_msgs/msg/_stop_reason_s.c.o[0m
[54.600s] [ 95%] [32mBuilding C object CMakeFiles/tier4_planning_msgs__python.dir/rosidl_generator_py/tier4_planning_msgs/msg/_scenario_s.c.o[0m
[54.603s] [ 95%] [32mBuilding C object CMakeFiles/tier4_planning_msgs__python.dir/rosidl_generator_py/tier4_planning_msgs/msg/_stop_reason_array_s.c.o[0m
[54.842s] [ 97%] [32mBuilding C object CMakeFiles/tier4_planning_msgs__python.dir/rosidl_generator_py/tier4_planning_msgs/msg/_stop_speed_exceeded_s.c.o[0m
[54.842s] [ 97%] [32mBuilding C object CMakeFiles/tier4_planning_msgs__python.dir/rosidl_generator_py/tier4_planning_msgs/msg/_trajectory_point_s.c.o[0m
[54.842s] [ 97%] [32mBuilding C object CMakeFiles/tier4_planning_msgs__python.dir/rosidl_generator_py/tier4_planning_msgs/msg/_trajectory_s.c.o[0m
[54.854s] [ 97%] [32mBuilding C object CMakeFiles/tier4_planning_msgs__python.dir/rosidl_generator_py/tier4_planning_msgs/msg/_velocity_limit_s.c.o[0m
[54.866s] [ 97%] [32mBuilding C object CMakeFiles/tier4_planning_msgs__python.dir/rosidl_generator_py/tier4_planning_msgs/msg/_velocity_limit_clear_command_s.c.o[0m
[54.872s] [ 98%] [32mBuilding C object CMakeFiles/tier4_planning_msgs__python.dir/rosidl_generator_py/tier4_planning_msgs/msg/_velocity_limit_constraints_s.c.o[0m
[54.877s] [ 98%] [32mBuilding C object CMakeFiles/tier4_planning_msgs__python.dir/rosidl_generator_py/tier4_planning_msgs/srv/_clear_route_s.c.o[0m
[54.895s] [ 98%] [32mBuilding C object CMakeFiles/tier4_planning_msgs__python.dir/rosidl_generator_py/tier4_planning_msgs/srv/_set_lanelet_route_s.c.o[0m
[55.077s] [ 99%] [32mBuilding C object CMakeFiles/tier4_planning_msgs__python.dir/rosidl_generator_py/tier4_planning_msgs/srv/_set_waypoint_route_s.c.o[0m
[55.307s] [ 99%] [32m[1mLinking C shared library rosidl_generator_py/tier4_planning_msgs/libtier4_planning_msgs__python.so[0m
[55.451s] [ 99%] Built target tier4_planning_msgs__python
[55.485s] [35m[1mScanning dependencies of target tier4_planning_msgs__rosidl_typesupport_c__pyext[0m
[55.486s] [35m[1mScanning dependencies of target tier4_planning_msgs__rosidl_typesupport_introspection_c__pyext[0m
[55.486s] [35m[1mScanning dependencies of target tier4_planning_msgs__rosidl_typesupport_fastrtps_c__pyext[0m
[55.553s] [100%] [32mBuilding C object CMakeFiles/tier4_planning_msgs__rosidl_typesupport_introspection_c__pyext.dir/rosidl_generator_py/tier4_planning_msgs/_tier4_planning_msgs_s.ep.rosidl_typesupport_introspection_c.c.o[0m
[55.554s] [100%] [32mBuilding C object CMakeFiles/tier4_planning_msgs__rosidl_typesupport_c__pyext.dir/rosidl_generator_py/tier4_planning_msgs/_tier4_planning_msgs_s.ep.rosidl_typesupport_c.c.o[0m
[55.558s] [100%] [32mBuilding C object CMakeFiles/tier4_planning_msgs__rosidl_typesupport_fastrtps_c__pyext.dir/rosidl_generator_py/tier4_planning_msgs/_tier4_planning_msgs_s.ep.rosidl_typesupport_fastrtps_c.c.o[0m
[55.980s] [100%] [32m[1mLinking C shared library rosidl_generator_py/tier4_planning_msgs/tier4_planning_msgs_s__rosidl_typesupport_c.cpython-38-aarch64-linux-gnu.so[0m
[55.988s] [100%] [32m[1mLinking C shared library rosidl_generator_py/tier4_planning_msgs/tier4_planning_msgs_s__rosidl_typesupport_introspection_c.cpython-38-aarch64-linux-gnu.so[0m
[55.988s] [100%] [32m[1mLinking CXX shared library rosidl_generator_py/tier4_planning_msgs/tier4_planning_msgs_s__rosidl_typesupport_fastrtps_c.cpython-38-aarch64-linux-gnu.so[0m
[56.104s] [100%] Built target tier4_planning_msgs__rosidl_typesupport_c__pyext
[56.115s] [100%] Built target tier4_planning_msgs__rosidl_typesupport_introspection_c__pyext
[56.176s] [100%] Built target tier4_planning_msgs__rosidl_typesupport_fastrtps_c__pyext
