-- The C compiler identification is GNU 9.4.0
-- The CXX compiler identification is GNU 9.4.0
-- Check for working C compiler: /usr/bin/cc
-- Check for working C compiler: /usr/bin/cc -- works
-- Detecting C compiler ABI info
-- Detecting C compiler ABI info - done
-- Detecting C compile features
-- Detecting C compile features - done
-- Check for working CXX compiler: /usr/bin/c++
-- Check for working CXX compiler: /usr/bin/c++ -- works
-- Detecting CXX compiler ABI info
-- Detecting CXX compiler ABI info - done
-- Detecting CXX compile features
-- Detecting CXX compile features - done
-- Found ament_cmake_auto: 0.9.11 (/opt/ros/foxy/share/ament_cmake_auto/cmake)
-- Found PythonInterp: /usr/bin/python3 (found suitable version "3.8.10", minimum required is "3") 
-- Using PYTHON_EXECUTABLE: /usr/bin/python3
-- Using all available rosidl_typesupport_c: rosidl_typesupport_fastrtps_c;rosidl_typesupport_introspection_c
-- Found rosidl_adapter: 1.3.0 (/opt/ros/foxy/share/rosidl_adapter/cmake)
-- Found OpenSSL: /usr/lib/aarch64-linux-gnu/libcrypto.so (found version "1.1.1f")  
-- Found FastRTPS: /opt/ros/foxy/include  
-- Using all available rosidl_typesupport_cpp: rosidl_typesupport_fastrtps_cpp;rosidl_typesupport_introspection_cpp
-- Found ament_cmake_cppcheck: 0.9.7 (/opt/ros/foxy/share/ament_cmake_cppcheck/cmake)
-- Found ament_cmake_cpplint: 0.9.7 (/opt/ros/foxy/share/ament_cmake_cpplint/cmake)
-- Found ament_cmake_uncrustify: 0.9.7 (/opt/ros/foxy/share/ament_cmake_uncrustify/cmake)
-- Found ament_cmake_ros: 0.9.2 (/opt/ros/foxy/share/ament_cmake_ros/cmake)
-- Using all available rosidl_typesupport_c: rosidl_typesupport_fastrtps_c;rosidl_typesupport_introspection_c
-- Using all available rosidl_typesupport_cpp: rosidl_typesupport_fastrtps_cpp;rosidl_typesupport_introspection_cpp
-- Found PythonInterp: /usr/bin/python3 (found suitable version "3.8.10", minimum required is "3.5") 
-- Found python_cmake_module: 0.8.1 (/opt/ros/foxy/share/python_cmake_module/cmake)
-- Found PythonLibs: /usr/lib/aarch64-linux-gnu/libpython3.8.so (found suitable version "3.8.10", minimum required is "3.5") 
-- Using PYTHON_EXECUTABLE: /usr/bin/python3
-- Using PYTHON_INCLUDE_DIRS: /usr/include/python3.8
-- Using PYTHON_LIBRARIES: /usr/lib/aarch64-linux-gnu/libpython3.8.so
-- Found PythonExtra: .so  
-- Found ament_cmake_flake8: 0.9.7 (/opt/ros/foxy/share/ament_cmake_flake8/cmake)
-- Found ament_cmake_pep257: 0.9.7 (/opt/ros/foxy/share/ament_cmake_pep257/cmake)
-- Found ament_lint_auto: 0.9.7 (/opt/ros/foxy/share/ament_lint_auto/cmake)
-- Added test 'copyright' to check source files copyright and LICENSE
-- Added test 'lint_cmake' to check CMake code style
-- Added test 'xmllint' to check XML markup files
-- Configuring done
-- Generating done
-- Build files have been written to: /root/r2ware/build/autoware_auto_planning_msgs
[35m[1mScanning dependencies of target autoware_auto_planning_msgs__cpp[0m
[  0%] [34m[1mGenerating C++ code for ROS interfaces[0m
[  0%] Built target autoware_auto_planning_msgs__cpp
[  1%] [34m[1mGenerating C code for ROS interfaces[0m
[35m[1mScanning dependencies of target autoware_auto_planning_msgs__rosidl_generator_c[0m
[  2%] [32mBuilding C object CMakeFiles/autoware_auto_planning_msgs__rosidl_generator_c.dir/rosidl_generator_c/autoware_auto_planning_msgs/action/detail/planner_costmap__functions.c.o[0m
[  3%] [32mBuilding C object CMakeFiles/autoware_auto_planning_msgs__rosidl_generator_c.dir/rosidl_generator_c/autoware_auto_planning_msgs/msg/detail/had_map_route__functions.c.o[0m
[  3%] [32mBuilding C object CMakeFiles/autoware_auto_planning_msgs__rosidl_generator_c.dir/rosidl_generator_c/autoware_auto_planning_msgs/msg/detail/order_movement__functions.c.o[0m
[  4%] [32mBuilding C object CMakeFiles/autoware_auto_planning_msgs__rosidl_generator_c.dir/rosidl_generator_c/autoware_auto_planning_msgs/msg/detail/route__functions.c.o[0m
[  5%] [32mBuilding C object CMakeFiles/autoware_auto_planning_msgs__rosidl_generator_c.dir/rosidl_generator_c/autoware_auto_planning_msgs/msg/detail/trajectory__functions.c.o[0m
[  6%] [32mBuilding C object CMakeFiles/autoware_auto_planning_msgs__rosidl_generator_c.dir/rosidl_generator_c/autoware_auto_planning_msgs/msg/detail/trajectory_point__functions.c.o[0m
[  6%] [32mBuilding C object CMakeFiles/autoware_auto_planning_msgs__rosidl_generator_c.dir/rosidl_generator_c/autoware_auto_planning_msgs/msg/detail/path__functions.c.o[0m
[  7%] [32mBuilding C object CMakeFiles/autoware_auto_planning_msgs__rosidl_generator_c.dir/rosidl_generator_c/autoware_auto_planning_msgs/msg/detail/path_point__functions.c.o[0m
[  8%] [32mBuilding C object CMakeFiles/autoware_auto_planning_msgs__rosidl_generator_c.dir/rosidl_generator_c/autoware_auto_planning_msgs/msg/detail/path_with_lane_id__functions.c.o[0m
[  8%] [32mBuilding C object CMakeFiles/autoware_auto_planning_msgs__rosidl_generator_c.dir/rosidl_generator_c/autoware_auto_planning_msgs/msg/detail/path_point_with_lane_id__functions.c.o[0m
[  9%] [32mBuilding C object CMakeFiles/autoware_auto_planning_msgs__rosidl_generator_c.dir/rosidl_generator_c/autoware_auto_planning_msgs/srv/detail/modify_trajectory__functions.c.o[0m
[ 10%] [32mBuilding C object CMakeFiles/autoware_auto_planning_msgs__rosidl_generator_c.dir/rosidl_generator_c/autoware_auto_planning_msgs/action/detail/replay_trajectory__functions.c.o[0m
[ 11%] [32mBuilding C object CMakeFiles/autoware_auto_planning_msgs__rosidl_generator_c.dir/rosidl_generator_c/autoware_auto_planning_msgs/action/detail/record_trajectory__functions.c.o[0m
[ 11%] [32mBuilding C object CMakeFiles/autoware_auto_planning_msgs__rosidl_generator_c.dir/rosidl_generator_c/autoware_auto_planning_msgs/action/detail/plan_trajectory__functions.c.o[0m
[ 12%] [32m[1mLinking C shared library libautoware_auto_planning_msgs__rosidl_generator_c.so[0m
[ 12%] Built target autoware_auto_planning_msgs__rosidl_generator_c
[ 12%] [34m[1mGenerating C++ introspection for ROS interfaces[0m
[35m[1mScanning dependencies of target autoware_auto_planning_msgs__rosidl_typesupport_introspection_cpp[0m
[ 13%] [32mBuilding CXX object CMakeFiles/autoware_auto_planning_msgs__rosidl_typesupport_introspection_cpp.dir/rosidl_typesupport_introspection_cpp/autoware_auto_planning_msgs/action/detail/planner_costmap__type_support.cpp.o[0m
[ 13%] [32mBuilding CXX object CMakeFiles/autoware_auto_planning_msgs__rosidl_typesupport_introspection_cpp.dir/rosidl_typesupport_introspection_cpp/autoware_auto_planning_msgs/action/detail/replay_trajectory__type_support.cpp.o[0m
[ 14%] [32mBuilding CXX object CMakeFiles/autoware_auto_planning_msgs__rosidl_typesupport_introspection_cpp.dir/rosidl_typesupport_introspection_cpp/autoware_auto_planning_msgs/msg/detail/had_map_route__type_support.cpp.o[0m
[ 15%] [32mBuilding CXX object CMakeFiles/autoware_auto_planning_msgs__rosidl_typesupport_introspection_cpp.dir/rosidl_typesupport_introspection_cpp/autoware_auto_planning_msgs/msg/detail/order_movement__type_support.cpp.o[0m
[ 16%] [32mBuilding CXX object CMakeFiles/autoware_auto_planning_msgs__rosidl_typesupport_introspection_cpp.dir/rosidl_typesupport_introspection_cpp/autoware_auto_planning_msgs/msg/detail/route__type_support.cpp.o[0m
[ 16%] [32mBuilding CXX object CMakeFiles/autoware_auto_planning_msgs__rosidl_typesupport_introspection_cpp.dir/rosidl_typesupport_introspection_cpp/autoware_auto_planning_msgs/msg/detail/trajectory__type_support.cpp.o[0m
[ 17%] [32mBuilding CXX object CMakeFiles/autoware_auto_planning_msgs__rosidl_typesupport_introspection_cpp.dir/rosidl_typesupport_introspection_cpp/autoware_auto_planning_msgs/msg/detail/trajectory_point__type_support.cpp.o[0m
[ 18%] [32mBuilding CXX object CMakeFiles/autoware_auto_planning_msgs__rosidl_typesupport_introspection_cpp.dir/rosidl_typesupport_introspection_cpp/autoware_auto_planning_msgs/msg/detail/path__type_support.cpp.o[0m
[ 19%] [32mBuilding CXX object CMakeFiles/autoware_auto_planning_msgs__rosidl_typesupport_introspection_cpp.dir/rosidl_typesupport_introspection_cpp/autoware_auto_planning_msgs/msg/detail/path_point__type_support.cpp.o[0m
[ 19%] [32mBuilding CXX object CMakeFiles/autoware_auto_planning_msgs__rosidl_typesupport_introspection_cpp.dir/rosidl_typesupport_introspection_cpp/autoware_auto_planning_msgs/msg/detail/path_with_lane_id__type_support.cpp.o[0m
[ 20%] [32mBuilding CXX object CMakeFiles/autoware_auto_planning_msgs__rosidl_typesupport_introspection_cpp.dir/rosidl_typesupport_introspection_cpp/autoware_auto_planning_msgs/msg/detail/path_point_with_lane_id__type_support.cpp.o[0m
[ 21%] [32mBuilding CXX object CMakeFiles/autoware_auto_planning_msgs__rosidl_typesupport_introspection_cpp.dir/rosidl_typesupport_introspection_cpp/autoware_auto_planning_msgs/srv/detail/modify_trajectory__type_support.cpp.o[0m
[ 22%] [32mBuilding CXX object CMakeFiles/autoware_auto_planning_msgs__rosidl_typesupport_introspection_cpp.dir/rosidl_typesupport_introspection_cpp/autoware_auto_planning_msgs/action/detail/record_trajectory__type_support.cpp.o[0m
[ 23%] [32mBuilding CXX object CMakeFiles/autoware_auto_planning_msgs__rosidl_typesupport_introspection_cpp.dir/rosidl_typesupport_introspection_cpp/autoware_auto_planning_msgs/action/detail/plan_trajectory__type_support.cpp.o[0m
[ 24%] [32m[1mLinking CXX shared library libautoware_auto_planning_msgs__rosidl_typesupport_introspection_cpp.so[0m
[ 24%] Built target autoware_auto_planning_msgs__rosidl_typesupport_introspection_cpp
[ 25%] [34m[1mGenerating C type support dispatch for ROS interfaces[0m
[35m[1mScanning dependencies of target autoware_auto_planning_msgs__rosidl_typesupport_c[0m
[ 25%] [32mBuilding CXX object CMakeFiles/autoware_auto_planning_msgs__rosidl_typesupport_c.dir/rosidl_typesupport_c/autoware_auto_planning_msgs/action/planner_costmap__type_support.cpp.o[0m
[ 25%] [32mBuilding CXX object CMakeFiles/autoware_auto_planning_msgs__rosidl_typesupport_c.dir/rosidl_typesupport_c/autoware_auto_planning_msgs/msg/had_map_route__type_support.cpp.o[0m
[ 26%] [32mBuilding CXX object CMakeFiles/autoware_auto_planning_msgs__rosidl_typesupport_c.dir/rosidl_typesupport_c/autoware_auto_planning_msgs/msg/order_movement__type_support.cpp.o[0m
[ 27%] [32mBuilding CXX object CMakeFiles/autoware_auto_planning_msgs__rosidl_typesupport_c.dir/rosidl_typesupport_c/autoware_auto_planning_msgs/msg/route__type_support.cpp.o[0m
[ 28%] [32mBuilding CXX object CMakeFiles/autoware_auto_planning_msgs__rosidl_typesupport_c.dir/rosidl_typesupport_c/autoware_auto_planning_msgs/msg/trajectory__type_support.cpp.o[0m
[ 28%] [32mBuilding CXX object CMakeFiles/autoware_auto_planning_msgs__rosidl_typesupport_c.dir/rosidl_typesupport_c/autoware_auto_planning_msgs/msg/trajectory_point__type_support.cpp.o[0m
[ 29%] [32mBuilding CXX object CMakeFiles/autoware_auto_planning_msgs__rosidl_typesupport_c.dir/rosidl_typesupport_c/autoware_auto_planning_msgs/msg/path__type_support.cpp.o[0m
[ 30%] [32mBuilding CXX object CMakeFiles/autoware_auto_planning_msgs__rosidl_typesupport_c.dir/rosidl_typesupport_c/autoware_auto_planning_msgs/msg/path_point__type_support.cpp.o[0m
[ 31%] [32mBuilding CXX object CMakeFiles/autoware_auto_planning_msgs__rosidl_typesupport_c.dir/rosidl_typesupport_c/autoware_auto_planning_msgs/msg/path_with_lane_id__type_support.cpp.o[0m
[ 31%] [32mBuilding CXX object CMakeFiles/autoware_auto_planning_msgs__rosidl_typesupport_c.dir/rosidl_typesupport_c/autoware_auto_planning_msgs/msg/path_point_with_lane_id__type_support.cpp.o[0m
[ 32%] [32mBuilding CXX object CMakeFiles/autoware_auto_planning_msgs__rosidl_typesupport_c.dir/rosidl_typesupport_c/autoware_auto_planning_msgs/srv/modify_trajectory__type_support.cpp.o[0m
[ 33%] [32mBuilding CXX object CMakeFiles/autoware_auto_planning_msgs__rosidl_typesupport_c.dir/rosidl_typesupport_c/autoware_auto_planning_msgs/action/replay_trajectory__type_support.cpp.o[0m
[ 34%] [32mBuilding CXX object CMakeFiles/autoware_auto_planning_msgs__rosidl_typesupport_c.dir/rosidl_typesupport_c/autoware_auto_planning_msgs/action/record_trajectory__type_support.cpp.o[0m
[ 35%] [32mBuilding CXX object CMakeFiles/autoware_auto_planning_msgs__rosidl_typesupport_c.dir/rosidl_typesupport_c/autoware_auto_planning_msgs/action/plan_trajectory__type_support.cpp.o[0m
[ 36%] [32m[1mLinking CXX shared library libautoware_auto_planning_msgs__rosidl_typesupport_c.so[0m
[ 36%] Built target autoware_auto_planning_msgs__rosidl_typesupport_c
[ 37%] [34m[1mGenerating C introspection for ROS interfaces[0m
[35m[1mScanning dependencies of target autoware_auto_planning_msgs__rosidl_typesupport_introspection_c[0m
[ 38%] [32mBuilding C object CMakeFiles/autoware_auto_planning_msgs__rosidl_typesupport_introspection_c.dir/rosidl_typesupport_introspection_c/autoware_auto_planning_msgs/action/detail/planner_costmap__type_support.c.o[0m
[ 39%] [32mBuilding C object CMakeFiles/autoware_auto_planning_msgs__rosidl_typesupport_introspection_c.dir/rosidl_typesupport_introspection_c/autoware_auto_planning_msgs/msg/detail/order_movement__type_support.c.o[0m
[ 39%] [32mBuilding C object CMakeFiles/autoware_auto_planning_msgs__rosidl_typesupport_introspection_c.dir/rosidl_typesupport_introspection_c/autoware_auto_planning_msgs/msg/detail/route__type_support.c.o[0m
[ 40%] [32mBuilding C object CMakeFiles/autoware_auto_planning_msgs__rosidl_typesupport_introspection_c.dir/rosidl_typesupport_introspection_c/autoware_auto_planning_msgs/msg/detail/trajectory__type_support.c.o[0m
[ 41%] [32mBuilding C object CMakeFiles/autoware_auto_planning_msgs__rosidl_typesupport_introspection_c.dir/rosidl_typesupport_introspection_c/autoware_auto_planning_msgs/msg/detail/trajectory_point__type_support.c.o[0m
[ 41%] [32mBuilding C object CMakeFiles/autoware_auto_planning_msgs__rosidl_typesupport_introspection_c.dir/rosidl_typesupport_introspection_c/autoware_auto_planning_msgs/msg/detail/path__type_support.c.o[0m
[ 42%] [32mBuilding C object CMakeFiles/autoware_auto_planning_msgs__rosidl_typesupport_introspection_c.dir/rosidl_typesupport_introspection_c/autoware_auto_planning_msgs/msg/detail/path_point__type_support.c.o[0m
[ 43%] [32mBuilding C object CMakeFiles/autoware_auto_planning_msgs__rosidl_typesupport_introspection_c.dir/rosidl_typesupport_introspection_c/autoware_auto_planning_msgs/msg/detail/path_with_lane_id__type_support.c.o[0m
[ 44%] [32mBuilding C object CMakeFiles/autoware_auto_planning_msgs__rosidl_typesupport_introspection_c.dir/rosidl_typesupport_introspection_c/autoware_auto_planning_msgs/msg/detail/path_point_with_lane_id__type_support.c.o[0m
[ 44%] [32mBuilding C object CMakeFiles/autoware_auto_planning_msgs__rosidl_typesupport_introspection_c.dir/rosidl_typesupport_introspection_c/autoware_auto_planning_msgs/srv/detail/modify_trajectory__type_support.c.o[0m
[ 45%] [32mBuilding C object CMakeFiles/autoware_auto_planning_msgs__rosidl_typesupport_introspection_c.dir/rosidl_typesupport_introspection_c/autoware_auto_planning_msgs/msg/detail/had_map_route__type_support.c.o[0m
[ 46%] [32mBuilding C object CMakeFiles/autoware_auto_planning_msgs__rosidl_typesupport_introspection_c.dir/rosidl_typesupport_introspection_c/autoware_auto_planning_msgs/action/detail/replay_trajectory__type_support.c.o[0m
[ 46%] [32mBuilding C object CMakeFiles/autoware_auto_planning_msgs__rosidl_typesupport_introspection_c.dir/rosidl_typesupport_introspection_c/autoware_auto_planning_msgs/action/detail/record_trajectory__type_support.c.o[0m
[ 47%] [32mBuilding C object CMakeFiles/autoware_auto_planning_msgs__rosidl_typesupport_introspection_c.dir/rosidl_typesupport_introspection_c/autoware_auto_planning_msgs/action/detail/plan_trajectory__type_support.c.o[0m
[ 48%] [32m[1mLinking C shared library libautoware_auto_planning_msgs__rosidl_typesupport_introspection_c.so[0m
[ 48%] Built target autoware_auto_planning_msgs__rosidl_typesupport_introspection_c
[ 49%] [34m[1mGenerating C++ type support dispatch for ROS interfaces[0m
[35m[1mScanning dependencies of target autoware_auto_planning_msgs__rosidl_typesupport_cpp[0m
[ 50%] [32mBuilding CXX object CMakeFiles/autoware_auto_planning_msgs__rosidl_typesupport_cpp.dir/rosidl_typesupport_cpp/autoware_auto_planning_msgs/action/planner_costmap__type_support.cpp.o[0m
[ 51%] [32mBuilding CXX object CMakeFiles/autoware_auto_planning_msgs__rosidl_typesupport_cpp.dir/rosidl_typesupport_cpp/autoware_auto_planning_msgs/msg/route__type_support.cpp.o[0m
[ 52%] [32mBuilding CXX object CMakeFiles/autoware_auto_planning_msgs__rosidl_typesupport_cpp.dir/rosidl_typesupport_cpp/autoware_auto_planning_msgs/msg/trajectory__type_support.cpp.o[0m
[ 53%] [32mBuilding CXX object CMakeFiles/autoware_auto_planning_msgs__rosidl_typesupport_cpp.dir/rosidl_typesupport_cpp/autoware_auto_planning_msgs/msg/trajectory_point__type_support.cpp.o[0m
[ 53%] [32mBuilding CXX object CMakeFiles/autoware_auto_planning_msgs__rosidl_typesupport_cpp.dir/rosidl_typesupport_cpp/autoware_auto_planning_msgs/msg/path__type_support.cpp.o[0m
[ 54%] [32mBuilding CXX object CMakeFiles/autoware_auto_planning_msgs__rosidl_typesupport_cpp.dir/rosidl_typesupport_cpp/autoware_auto_planning_msgs/msg/path_point__type_support.cpp.o[0m
[ 55%] [32mBuilding CXX object CMakeFiles/autoware_auto_planning_msgs__rosidl_typesupport_cpp.dir/rosidl_typesupport_cpp/autoware_auto_planning_msgs/msg/path_with_lane_id__type_support.cpp.o[0m
[ 56%] [32mBuilding CXX object CMakeFiles/autoware_auto_planning_msgs__rosidl_typesupport_cpp.dir/rosidl_typesupport_cpp/autoware_auto_planning_msgs/msg/path_point_with_lane_id__type_support.cpp.o[0m
[ 56%] [32mBuilding CXX object CMakeFiles/autoware_auto_planning_msgs__rosidl_typesupport_cpp.dir/rosidl_typesupport_cpp/autoware_auto_planning_msgs/srv/modify_trajectory__type_support.cpp.o[0m
[ 56%] [32mBuilding CXX object CMakeFiles/autoware_auto_planning_msgs__rosidl_typesupport_cpp.dir/rosidl_typesupport_cpp/autoware_auto_planning_msgs/msg/order_movement__type_support.cpp.o[0m
[ 57%] [32mBuilding CXX object CMakeFiles/autoware_auto_planning_msgs__rosidl_typesupport_cpp.dir/rosidl_typesupport_cpp/autoware_auto_planning_msgs/msg/had_map_route__type_support.cpp.o[0m
[ 58%] [32mBuilding CXX object CMakeFiles/autoware_auto_planning_msgs__rosidl_typesupport_cpp.dir/rosidl_typesupport_cpp/autoware_auto_planning_msgs/action/replay_trajectory__type_support.cpp.o[0m
[ 58%] [32mBuilding CXX object CMakeFiles/autoware_auto_planning_msgs__rosidl_typesupport_cpp.dir/rosidl_typesupport_cpp/autoware_auto_planning_msgs/action/record_trajectory__type_support.cpp.o[0m
[ 59%] [32mBuilding CXX object CMakeFiles/autoware_auto_planning_msgs__rosidl_typesupport_cpp.dir/rosidl_typesupport_cpp/autoware_auto_planning_msgs/action/plan_trajectory__type_support.cpp.o[0m
make[2]: *** wait: No child processes.  Stop.
make[2]: *** Waiting for unfinished jobs....
make[2]: *** wait: No child processes.  Stop.
make[1]: *** [CMakeFiles/Makefile2:273: CMakeFiles/autoware_auto_planning_msgs__rosidl_typesupport_cpp.dir/all] Error 2
make: *** [Makefile:141: all] Interrupt
