[0.109s] Invoking command in '/root/r2ware/build/autoware_auto_planning_msgs': AMENT_PREFIX_PATH=/root/r2ware/install/autoware_auto_mapping_msgs:/root/r2ware/install/autoware_auto_geometry_msgs:${AMENT_PREFIX_PATH} CMAKE_PREFIX_PATH=/root/r2ware/install/autoware_auto_mapping_msgs:/root/r2ware/install/autoware_auto_geometry_msgs:/root/yahboomcar_ros2_ws/yahboomcar_ws/install/yahboomcar_slam:/root/yahboomcar_ros2_ws/yahboomcar_ws/install/yahboomcar_point:/root/yahboomcar_ros2_ws/yahboomcar_ws/install/yahboomcar_msgs:/root/yahboomcar_ros2_ws/yahboomcar_ws/install/yahboomcar_base_node:/root/yahboomcar_ros2_ws/yahboomcar_ws/install/yahboomcar_KCFTracker:/root/yahboomcar_ros2_ws/yahboomcar_ws/install/yahboom_web_savmap_interfaces:/root/yahboomcar_ros2_ws/yahboomcar_ws/install/robot_pose_publisher_ros2:/root/yahboomcar_ros2_ws/software/library_ws/install/ydlidar_ros2_driver:/root/yahboomcar_ros2_ws/software/library_ws/install/web_video_server:/root/yahboomcar_ros2_ws/software/library_ws/install/teb_local_planner:/root/yahboomcar_ros2_ws/software/library_ws/install/teb_msgs:/root/yahboomcar_ros2_ws/software/library_ws/install/sllidar_ros2:/root/yahboomcar_ros2_ws/software/library_ws/install/slam_gmapping:/root/yahboomcar_ros2_ws/software/library_ws/install/ros2_orbslam:/root/yahboomcar_ros2_ws/software/library_ws/install/robot_localization:/root/yahboomcar_ros2_ws/software/library_ws/install/openslam_gmapping:/root/yahboomcar_ros2_ws/software/library_ws/install/octomap_mapping:/root/yahboomcar_ros2_ws/software/library_ws/install/octomap_server:/root/yahboomcar_ros2_ws/software/library_ws/install/costmap_converter:/root/yahboomcar_ros2_ws/software/library_ws/install/costmap_converter_msgs:/root/yahboomcar_ros2_ws/software/library_ws/install/astra_camera:/root/yahboomcar_ros2_ws/software/library_ws/install/astra_camera_msgs:/root/yahboomcar_ros2_ws/yahboomcar_ws/install/yahboomcar_voice_ctrl:/root/yahboomcar_ros2_ws/yahboomcar_ws/install/yahboomcar_visual:/root/yahboomcar_ros2_ws/yahboomcar_ws/install/yahboomcar_nav:/root/yahboomcar_ros2_ws/yahboomcar_ws/install/yahboomcar_multi:/root/yahboomcar_ros2_ws/yahboomcar_ws/install/yahboomcar_mediapipe:/root/yahboomcar_ros2_ws/yahboomcar_ws/install/yahboomcar_linefollow:/root/yahboomcar_ros2_ws/yahboomcar_ws/install/yahboomcar_laser:/root/yahboomcar_ros2_ws/yahboomcar_ws/install/yahboomcar_description_x1:/root/yahboomcar_ros2_ws/yahboomcar_ws/install/yahboomcar_description:/root/yahboomcar_ros2_ws/yahboomcar_ws/install/yahboomcar_ctrl:/root/yahboomcar_ros2_ws/yahboomcar_ws/install/yahboomcar_bringup:/root/yahboomcar_ros2_ws/yahboomcar_ws/install/yahboomcar_astra:/root/yahboomcar_ros2_ws/yahboomcar_ws/install/yahboom_app_save_map:/root/yahboomcar_ros2_ws/yahboomcar_ws/install/robot_pose_publisher:/root/yahboomcar_ros2_ws/yahboomcar_ws/install/laserscan_to_point_pulisher:/opt/ros/foxy LD_LIBRARY_PATH=/root/r2ware/install/autoware_auto_mapping_msgs/lib:/root/r2ware/install/autoware_auto_geometry_msgs/lib:${LD_LIBRARY_PATH} PYTHONPATH=/root/r2ware/install/autoware_auto_mapping_msgs/lib/python3.8/site-packages:/root/r2ware/install/autoware_auto_geometry_msgs/lib/python3.8/site-packages:${PYTHONPATH} /usr/bin/cmake /root/r2ware/src/autoware_dependencies/core/external/autoware_auto_msgs/autoware_auto_planning_msgs -DCMAKE_INSTALL_PREFIX=/root/r2ware/install/autoware_auto_planning_msgs
[0.727s] -- The C compiler identification is GNU 9.4.0
[0.727s] -- The CXX compiler identification is GNU 9.4.0
[0.727s] -- Check for working C compiler: /usr/bin/cc
[0.727s] -- Check for working C compiler: /usr/bin/cc -- works
[0.727s] -- Detecting C compiler ABI info
[0.988s] -- Detecting C compiler ABI info - done
[1.003s] -- Detecting C compile features
[1.008s] -- Detecting C compile features - done
[1.013s] -- Check for working CXX compiler: /usr/bin/c++
[1.250s] -- Check for working CXX compiler: /usr/bin/c++ -- works
[1.253s] -- Detecting CXX compiler ABI info
[1.496s] -- Detecting CXX compiler ABI info - done
[1.517s] -- Detecting CXX compile features
[1.519s] -- Detecting CXX compile features - done
[1.540s] -- Found ament_cmake_auto: 0.9.11 (/opt/ros/foxy/share/ament_cmake_auto/cmake)
[1.679s] -- Found PythonInterp: /usr/bin/python3 (found suitable version "3.8.10", minimum required is "3") 
[1.679s] -- Using PYTHON_EXECUTABLE: /usr/bin/python3
[2.743s] -- Using all available rosidl_typesupport_c: rosidl_typesupport_fastrtps_c;rosidl_typesupport_introspection_c
[2.801s] -- Found rosidl_adapter: 1.3.0 (/opt/ros/foxy/share/rosidl_adapter/cmake)
[3.294s] -- Found OpenSSL: /usr/lib/aarch64-linux-gnu/libcrypto.so (found version "1.1.1f")  
[3.382s] -- Found FastRTPS: /opt/ros/foxy/include  
[3.709s] -- Using all available rosidl_typesupport_cpp: rosidl_typesupport_fastrtps_cpp;rosidl_typesupport_introspection_cpp
[4.865s] -- Found ament_cmake_cppcheck: 0.9.7 (/opt/ros/foxy/share/ament_cmake_cppcheck/cmake)
[4.889s] -- Found ament_cmake_cpplint: 0.9.7 (/opt/ros/foxy/share/ament_cmake_cpplint/cmake)
[4.912s] -- Found ament_cmake_uncrustify: 0.9.7 (/opt/ros/foxy/share/ament_cmake_uncrustify/cmake)
[4.938s] -- Found ament_cmake_ros: 0.9.2 (/opt/ros/foxy/share/ament_cmake_ros/cmake)
[5.781s] -- Using all available rosidl_typesupport_c: rosidl_typesupport_fastrtps_c;rosidl_typesupport_introspection_c
[6.151s] -- Using all available rosidl_typesupport_cpp: rosidl_typesupport_fastrtps_cpp;rosidl_typesupport_introspection_cpp
[6.282s] -- Found PythonInterp: /usr/bin/python3 (found suitable version "3.8.10", minimum required is "3.5") 
[6.300s] -- Found python_cmake_module: 0.8.1 (/opt/ros/foxy/share/python_cmake_module/cmake)
[6.389s] -- Found PythonLibs: /usr/lib/aarch64-linux-gnu/libpython3.8.so (found suitable version "3.8.10", minimum required is "3.5") 
[6.390s] -- Using PYTHON_EXECUTABLE: /usr/bin/python3
[6.391s] -- Using PYTHON_INCLUDE_DIRS: /usr/include/python3.8
[6.391s] -- Using PYTHON_LIBRARIES: /usr/lib/aarch64-linux-gnu/libpython3.8.so
[6.464s] -- Found PythonExtra: .so  
[6.815s] -- Found ament_cmake_flake8: 0.9.7 (/opt/ros/foxy/share/ament_cmake_flake8/cmake)
[6.853s] -- Found ament_cmake_pep257: 0.9.7 (/opt/ros/foxy/share/ament_cmake_pep257/cmake)
[6.857s] -- Found ament_lint_auto: 0.9.7 (/opt/ros/foxy/share/ament_lint_auto/cmake)
[6.955s] -- Added test 'copyright' to check source files copyright and LICENSE
[6.956s] -- Added test 'lint_cmake' to check CMake code style
[6.958s] -- Added test 'xmllint' to check XML markup files
[6.977s] -- Configuring done
[7.262s] -- Generating done
[7.269s] -- Build files have been written to: /root/r2ware/build/autoware_auto_planning_msgs
[7.312s] Invoked command in '/root/r2ware/build/autoware_auto_planning_msgs' returned '0': AMENT_PREFIX_PATH=/root/r2ware/install/autoware_auto_mapping_msgs:/root/r2ware/install/autoware_auto_geometry_msgs:${AMENT_PREFIX_PATH} CMAKE_PREFIX_PATH=/root/r2ware/install/autoware_auto_mapping_msgs:/root/r2ware/install/autoware_auto_geometry_msgs:/root/yahboomcar_ros2_ws/yahboomcar_ws/install/yahboomcar_slam:/root/yahboomcar_ros2_ws/yahboomcar_ws/install/yahboomcar_point:/root/yahboomcar_ros2_ws/yahboomcar_ws/install/yahboomcar_msgs:/root/yahboomcar_ros2_ws/yahboomcar_ws/install/yahboomcar_base_node:/root/yahboomcar_ros2_ws/yahboomcar_ws/install/yahboomcar_KCFTracker:/root/yahboomcar_ros2_ws/yahboomcar_ws/install/yahboom_web_savmap_interfaces:/root/yahboomcar_ros2_ws/yahboomcar_ws/install/robot_pose_publisher_ros2:/root/yahboomcar_ros2_ws/software/library_ws/install/ydlidar_ros2_driver:/root/yahboomcar_ros2_ws/software/library_ws/install/web_video_server:/root/yahboomcar_ros2_ws/software/library_ws/install/teb_local_planner:/root/yahboomcar_ros2_ws/software/library_ws/install/teb_msgs:/root/yahboomcar_ros2_ws/software/library_ws/install/sllidar_ros2:/root/yahboomcar_ros2_ws/software/library_ws/install/slam_gmapping:/root/yahboomcar_ros2_ws/software/library_ws/install/ros2_orbslam:/root/yahboomcar_ros2_ws/software/library_ws/install/robot_localization:/root/yahboomcar_ros2_ws/software/library_ws/install/openslam_gmapping:/root/yahboomcar_ros2_ws/software/library_ws/install/octomap_mapping:/root/yahboomcar_ros2_ws/software/library_ws/install/octomap_server:/root/yahboomcar_ros2_ws/software/library_ws/install/costmap_converter:/root/yahboomcar_ros2_ws/software/library_ws/install/costmap_converter_msgs:/root/yahboomcar_ros2_ws/software/library_ws/install/astra_camera:/root/yahboomcar_ros2_ws/software/library_ws/install/astra_camera_msgs:/root/yahboomcar_ros2_ws/yahboomcar_ws/install/yahboomcar_voice_ctrl:/root/yahboomcar_ros2_ws/yahboomcar_ws/install/yahboomcar_visual:/root/yahboomcar_ros2_ws/yahboomcar_ws/install/yahboomcar_nav:/root/yahboomcar_ros2_ws/yahboomcar_ws/install/yahboomcar_multi:/root/yahboomcar_ros2_ws/yahboomcar_ws/install/yahboomcar_mediapipe:/root/yahboomcar_ros2_ws/yahboomcar_ws/install/yahboomcar_linefollow:/root/yahboomcar_ros2_ws/yahboomcar_ws/install/yahboomcar_laser:/root/yahboomcar_ros2_ws/yahboomcar_ws/install/yahboomcar_description_x1:/root/yahboomcar_ros2_ws/yahboomcar_ws/install/yahboomcar_description:/root/yahboomcar_ros2_ws/yahboomcar_ws/install/yahboomcar_ctrl:/root/yahboomcar_ros2_ws/yahboomcar_ws/install/yahboomcar_bringup:/root/yahboomcar_ros2_ws/yahboomcar_ws/install/yahboomcar_astra:/root/yahboomcar_ros2_ws/yahboomcar_ws/install/yahboom_app_save_map:/root/yahboomcar_ros2_ws/yahboomcar_ws/install/robot_pose_publisher:/root/yahboomcar_ros2_ws/yahboomcar_ws/install/laserscan_to_point_pulisher:/opt/ros/foxy LD_LIBRARY_PATH=/root/r2ware/install/autoware_auto_mapping_msgs/lib:/root/r2ware/install/autoware_auto_geometry_msgs/lib:${LD_LIBRARY_PATH} PYTHONPATH=/root/r2ware/install/autoware_auto_mapping_msgs/lib/python3.8/site-packages:/root/r2ware/install/autoware_auto_geometry_msgs/lib/python3.8/site-packages:${PYTHONPATH} /usr/bin/cmake /root/r2ware/src/autoware_dependencies/core/external/autoware_auto_msgs/autoware_auto_planning_msgs -DCMAKE_INSTALL_PREFIX=/root/r2ware/install/autoware_auto_planning_msgs
[7.315s] Invoking command in '/root/r2ware/build/autoware_auto_planning_msgs': AMENT_PREFIX_PATH=/root/r2ware/install/autoware_auto_mapping_msgs:/root/r2ware/install/autoware_auto_geometry_msgs:${AMENT_PREFIX_PATH} CMAKE_PREFIX_PATH=/root/r2ware/install/autoware_auto_mapping_msgs:/root/r2ware/install/autoware_auto_geometry_msgs:/root/yahboomcar_ros2_ws/yahboomcar_ws/install/yahboomcar_slam:/root/yahboomcar_ros2_ws/yahboomcar_ws/install/yahboomcar_point:/root/yahboomcar_ros2_ws/yahboomcar_ws/install/yahboomcar_msgs:/root/yahboomcar_ros2_ws/yahboomcar_ws/install/yahboomcar_base_node:/root/yahboomcar_ros2_ws/yahboomcar_ws/install/yahboomcar_KCFTracker:/root/yahboomcar_ros2_ws/yahboomcar_ws/install/yahboom_web_savmap_interfaces:/root/yahboomcar_ros2_ws/yahboomcar_ws/install/robot_pose_publisher_ros2:/root/yahboomcar_ros2_ws/software/library_ws/install/ydlidar_ros2_driver:/root/yahboomcar_ros2_ws/software/library_ws/install/web_video_server:/root/yahboomcar_ros2_ws/software/library_ws/install/teb_local_planner:/root/yahboomcar_ros2_ws/software/library_ws/install/teb_msgs:/root/yahboomcar_ros2_ws/software/library_ws/install/sllidar_ros2:/root/yahboomcar_ros2_ws/software/library_ws/install/slam_gmapping:/root/yahboomcar_ros2_ws/software/library_ws/install/ros2_orbslam:/root/yahboomcar_ros2_ws/software/library_ws/install/robot_localization:/root/yahboomcar_ros2_ws/software/library_ws/install/openslam_gmapping:/root/yahboomcar_ros2_ws/software/library_ws/install/octomap_mapping:/root/yahboomcar_ros2_ws/software/library_ws/install/octomap_server:/root/yahboomcar_ros2_ws/software/library_ws/install/costmap_converter:/root/yahboomcar_ros2_ws/software/library_ws/install/costmap_converter_msgs:/root/yahboomcar_ros2_ws/software/library_ws/install/astra_camera:/root/yahboomcar_ros2_ws/software/library_ws/install/astra_camera_msgs:/root/yahboomcar_ros2_ws/yahboomcar_ws/install/yahboomcar_voice_ctrl:/root/yahboomcar_ros2_ws/yahboomcar_ws/install/yahboomcar_visual:/root/yahboomcar_ros2_ws/yahboomcar_ws/install/yahboomcar_nav:/root/yahboomcar_ros2_ws/yahboomcar_ws/install/yahboomcar_multi:/root/yahboomcar_ros2_ws/yahboomcar_ws/install/yahboomcar_mediapipe:/root/yahboomcar_ros2_ws/yahboomcar_ws/install/yahboomcar_linefollow:/root/yahboomcar_ros2_ws/yahboomcar_ws/install/yahboomcar_laser:/root/yahboomcar_ros2_ws/yahboomcar_ws/install/yahboomcar_description_x1:/root/yahboomcar_ros2_ws/yahboomcar_ws/install/yahboomcar_description:/root/yahboomcar_ros2_ws/yahboomcar_ws/install/yahboomcar_ctrl:/root/yahboomcar_ros2_ws/yahboomcar_ws/install/yahboomcar_bringup:/root/yahboomcar_ros2_ws/yahboomcar_ws/install/yahboomcar_astra:/root/yahboomcar_ros2_ws/yahboomcar_ws/install/yahboom_app_save_map:/root/yahboomcar_ros2_ws/yahboomcar_ws/install/robot_pose_publisher:/root/yahboomcar_ros2_ws/yahboomcar_ws/install/laserscan_to_point_pulisher:/opt/ros/foxy LD_LIBRARY_PATH=/root/r2ware/install/autoware_auto_mapping_msgs/lib:/root/r2ware/install/autoware_auto_geometry_msgs/lib:${LD_LIBRARY_PATH} PYTHONPATH=/root/r2ware/install/autoware_auto_mapping_msgs/lib/python3.8/site-packages:/root/r2ware/install/autoware_auto_geometry_msgs/lib/python3.8/site-packages:${PYTHONPATH} /usr/bin/cmake --build /root/r2ware/build/autoware_auto_planning_msgs -- -j8 -l8
[11.001s] [35m[1mScanning dependencies of target autoware_auto_planning_msgs__cpp[0m
[11.001s] [  0%] [34m[1mGenerating C++ code for ROS interfaces[0m
[12.744s] [  0%] Built target autoware_auto_planning_msgs__cpp
[12.785s] [  1%] [34m[1mGenerating C code for ROS interfaces[0m
[18.548s] [35m[1mScanning dependencies of target autoware_auto_planning_msgs__rosidl_generator_c[0m
[18.616s] [  2%] [32mBuilding C object CMakeFiles/autoware_auto_planning_msgs__rosidl_generator_c.dir/rosidl_generator_c/autoware_auto_planning_msgs/action/detail/planner_costmap__functions.c.o[0m
[18.938s] [  3%] [32mBuilding C object CMakeFiles/autoware_auto_planning_msgs__rosidl_generator_c.dir/rosidl_generator_c/autoware_auto_planning_msgs/msg/detail/had_map_route__functions.c.o[0m
[19.080s] [  3%] [32mBuilding C object CMakeFiles/autoware_auto_planning_msgs__rosidl_generator_c.dir/rosidl_generator_c/autoware_auto_planning_msgs/msg/detail/order_movement__functions.c.o[0m
[19.216s] [  4%] [32mBuilding C object CMakeFiles/autoware_auto_planning_msgs__rosidl_generator_c.dir/rosidl_generator_c/autoware_auto_planning_msgs/msg/detail/route__functions.c.o[0m
[19.350s] [  5%] [32mBuilding C object CMakeFiles/autoware_auto_planning_msgs__rosidl_generator_c.dir/rosidl_generator_c/autoware_auto_planning_msgs/msg/detail/trajectory__functions.c.o[0m
[19.478s] [  6%] [32mBuilding C object CMakeFiles/autoware_auto_planning_msgs__rosidl_generator_c.dir/rosidl_generator_c/autoware_auto_planning_msgs/msg/detail/trajectory_point__functions.c.o[0m
[19.607s] [  6%] [32mBuilding C object CMakeFiles/autoware_auto_planning_msgs__rosidl_generator_c.dir/rosidl_generator_c/autoware_auto_planning_msgs/msg/detail/path__functions.c.o[0m
[19.742s] [  7%] [32mBuilding C object CMakeFiles/autoware_auto_planning_msgs__rosidl_generator_c.dir/rosidl_generator_c/autoware_auto_planning_msgs/msg/detail/path_point__functions.c.o[0m
[19.867s] [  8%] [32mBuilding C object CMakeFiles/autoware_auto_planning_msgs__rosidl_generator_c.dir/rosidl_generator_c/autoware_auto_planning_msgs/msg/detail/path_with_lane_id__functions.c.o[0m
[20.002s] [  8%] [32mBuilding C object CMakeFiles/autoware_auto_planning_msgs__rosidl_generator_c.dir/rosidl_generator_c/autoware_auto_planning_msgs/msg/detail/path_point_with_lane_id__functions.c.o[0m
[20.127s] [  9%] [32mBuilding C object CMakeFiles/autoware_auto_planning_msgs__rosidl_generator_c.dir/rosidl_generator_c/autoware_auto_planning_msgs/srv/detail/modify_trajectory__functions.c.o[0m
[20.279s] [ 10%] [32mBuilding C object CMakeFiles/autoware_auto_planning_msgs__rosidl_generator_c.dir/rosidl_generator_c/autoware_auto_planning_msgs/action/detail/replay_trajectory__functions.c.o[0m
[20.582s] [ 11%] [32mBuilding C object CMakeFiles/autoware_auto_planning_msgs__rosidl_generator_c.dir/rosidl_generator_c/autoware_auto_planning_msgs/action/detail/record_trajectory__functions.c.o[0m
[20.890s] [ 11%] [32mBuilding C object CMakeFiles/autoware_auto_planning_msgs__rosidl_generator_c.dir/rosidl_generator_c/autoware_auto_planning_msgs/action/detail/plan_trajectory__functions.c.o[0m
[21.197s] [ 12%] [32m[1mLinking C shared library libautoware_auto_planning_msgs__rosidl_generator_c.so[0m
[21.329s] [ 12%] Built target autoware_auto_planning_msgs__rosidl_generator_c
[21.369s] [ 12%] [34m[1mGenerating C++ introspection for ROS interfaces[0m
[24.753s] [35m[1mScanning dependencies of target autoware_auto_planning_msgs__rosidl_typesupport_introspection_cpp[0m
[24.827s] [ 13%] [32mBuilding CXX object CMakeFiles/autoware_auto_planning_msgs__rosidl_typesupport_introspection_cpp.dir/rosidl_typesupport_introspection_cpp/autoware_auto_planning_msgs/action/detail/planner_costmap__type_support.cpp.o[0m
[25.762s] [ 13%] [32mBuilding CXX object CMakeFiles/autoware_auto_planning_msgs__rosidl_typesupport_introspection_cpp.dir/rosidl_typesupport_introspection_cpp/autoware_auto_planning_msgs/action/detail/replay_trajectory__type_support.cpp.o[0m
[26.583s] [ 14%] [32mBuilding CXX object CMakeFiles/autoware_auto_planning_msgs__rosidl_typesupport_introspection_cpp.dir/rosidl_typesupport_introspection_cpp/autoware_auto_planning_msgs/msg/detail/had_map_route__type_support.cpp.o[0m
[27.431s] [ 15%] [32mBuilding CXX object CMakeFiles/autoware_auto_planning_msgs__rosidl_typesupport_introspection_cpp.dir/rosidl_typesupport_introspection_cpp/autoware_auto_planning_msgs/msg/detail/order_movement__type_support.cpp.o[0m
[28.111s] [ 16%] [32mBuilding CXX object CMakeFiles/autoware_auto_planning_msgs__rosidl_typesupport_introspection_cpp.dir/rosidl_typesupport_introspection_cpp/autoware_auto_planning_msgs/msg/detail/route__type_support.cpp.o[0m
[28.933s] [ 16%] [32mBuilding CXX object CMakeFiles/autoware_auto_planning_msgs__rosidl_typesupport_introspection_cpp.dir/rosidl_typesupport_introspection_cpp/autoware_auto_planning_msgs/msg/detail/trajectory__type_support.cpp.o[0m
[29.741s] [ 17%] [32mBuilding CXX object CMakeFiles/autoware_auto_planning_msgs__rosidl_typesupport_introspection_cpp.dir/rosidl_typesupport_introspection_cpp/autoware_auto_planning_msgs/msg/detail/trajectory_point__type_support.cpp.o[0m
[30.451s] [ 18%] [32mBuilding CXX object CMakeFiles/autoware_auto_planning_msgs__rosidl_typesupport_introspection_cpp.dir/rosidl_typesupport_introspection_cpp/autoware_auto_planning_msgs/msg/detail/path__type_support.cpp.o[0m
[31.352s] [ 19%] [32mBuilding CXX object CMakeFiles/autoware_auto_planning_msgs__rosidl_typesupport_introspection_cpp.dir/rosidl_typesupport_introspection_cpp/autoware_auto_planning_msgs/msg/detail/path_point__type_support.cpp.o[0m
[32.031s] [ 19%] [32mBuilding CXX object CMakeFiles/autoware_auto_planning_msgs__rosidl_typesupport_introspection_cpp.dir/rosidl_typesupport_introspection_cpp/autoware_auto_planning_msgs/msg/detail/path_with_lane_id__type_support.cpp.o[0m
[32.992s] [ 20%] [32mBuilding CXX object CMakeFiles/autoware_auto_planning_msgs__rosidl_typesupport_introspection_cpp.dir/rosidl_typesupport_introspection_cpp/autoware_auto_planning_msgs/msg/detail/path_point_with_lane_id__type_support.cpp.o[0m
[33.776s] [ 21%] [32mBuilding CXX object CMakeFiles/autoware_auto_planning_msgs__rosidl_typesupport_introspection_cpp.dir/rosidl_typesupport_introspection_cpp/autoware_auto_planning_msgs/srv/detail/modify_trajectory__type_support.cpp.o[0m
[34.522s] [ 22%] [32mBuilding CXX object CMakeFiles/autoware_auto_planning_msgs__rosidl_typesupport_introspection_cpp.dir/rosidl_typesupport_introspection_cpp/autoware_auto_planning_msgs/action/detail/record_trajectory__type_support.cpp.o[0m
[35.322s] [ 23%] [32mBuilding CXX object CMakeFiles/autoware_auto_planning_msgs__rosidl_typesupport_introspection_cpp.dir/rosidl_typesupport_introspection_cpp/autoware_auto_planning_msgs/action/detail/plan_trajectory__type_support.cpp.o[0m
[36.252s] [ 24%] [32m[1mLinking CXX shared library libautoware_auto_planning_msgs__rosidl_typesupport_introspection_cpp.so[0m
[36.502s] [ 24%] Built target autoware_auto_planning_msgs__rosidl_typesupport_introspection_cpp
[36.542s] [ 25%] [34m[1mGenerating C type support dispatch for ROS interfaces[0m
[39.021s] [35m[1mScanning dependencies of target autoware_auto_planning_msgs__rosidl_typesupport_c[0m
[39.085s] [ 25%] [32mBuilding CXX object CMakeFiles/autoware_auto_planning_msgs__rosidl_typesupport_c.dir/rosidl_typesupport_c/autoware_auto_planning_msgs/action/planner_costmap__type_support.cpp.o[0m
[39.217s] [ 25%] [32mBuilding CXX object CMakeFiles/autoware_auto_planning_msgs__rosidl_typesupport_c.dir/rosidl_typesupport_c/autoware_auto_planning_msgs/msg/had_map_route__type_support.cpp.o[0m
[39.303s] [ 26%] [32mBuilding CXX object CMakeFiles/autoware_auto_planning_msgs__rosidl_typesupport_c.dir/rosidl_typesupport_c/autoware_auto_planning_msgs/msg/order_movement__type_support.cpp.o[0m
[39.395s] [ 27%] [32mBuilding CXX object CMakeFiles/autoware_auto_planning_msgs__rosidl_typesupport_c.dir/rosidl_typesupport_c/autoware_auto_planning_msgs/msg/route__type_support.cpp.o[0m
[39.486s] [ 28%] [32mBuilding CXX object CMakeFiles/autoware_auto_planning_msgs__rosidl_typesupport_c.dir/rosidl_typesupport_c/autoware_auto_planning_msgs/msg/trajectory__type_support.cpp.o[0m
[39.573s] [ 28%] [32mBuilding CXX object CMakeFiles/autoware_auto_planning_msgs__rosidl_typesupport_c.dir/rosidl_typesupport_c/autoware_auto_planning_msgs/msg/trajectory_point__type_support.cpp.o[0m
[39.658s] [ 29%] [32mBuilding CXX object CMakeFiles/autoware_auto_planning_msgs__rosidl_typesupport_c.dir/rosidl_typesupport_c/autoware_auto_planning_msgs/msg/path__type_support.cpp.o[0m
[39.746s] [ 30%] [32mBuilding CXX object CMakeFiles/autoware_auto_planning_msgs__rosidl_typesupport_c.dir/rosidl_typesupport_c/autoware_auto_planning_msgs/msg/path_point__type_support.cpp.o[0m
[39.829s] [ 31%] [32mBuilding CXX object CMakeFiles/autoware_auto_planning_msgs__rosidl_typesupport_c.dir/rosidl_typesupport_c/autoware_auto_planning_msgs/msg/path_with_lane_id__type_support.cpp.o[0m
[39.917s] [ 31%] [32mBuilding CXX object CMakeFiles/autoware_auto_planning_msgs__rosidl_typesupport_c.dir/rosidl_typesupport_c/autoware_auto_planning_msgs/msg/path_point_with_lane_id__type_support.cpp.o[0m
[40.004s] [ 32%] [32mBuilding CXX object CMakeFiles/autoware_auto_planning_msgs__rosidl_typesupport_c.dir/rosidl_typesupport_c/autoware_auto_planning_msgs/srv/modify_trajectory__type_support.cpp.o[0m
[40.105s] [ 33%] [32mBuilding CXX object CMakeFiles/autoware_auto_planning_msgs__rosidl_typesupport_c.dir/rosidl_typesupport_c/autoware_auto_planning_msgs/action/replay_trajectory__type_support.cpp.o[0m
[40.238s] [ 34%] [32mBuilding CXX object CMakeFiles/autoware_auto_planning_msgs__rosidl_typesupport_c.dir/rosidl_typesupport_c/autoware_auto_planning_msgs/action/record_trajectory__type_support.cpp.o[0m
[40.368s] [ 35%] [32mBuilding CXX object CMakeFiles/autoware_auto_planning_msgs__rosidl_typesupport_c.dir/rosidl_typesupport_c/autoware_auto_planning_msgs/action/plan_trajectory__type_support.cpp.o[0m
[40.529s] [ 36%] [32m[1mLinking CXX shared library libautoware_auto_planning_msgs__rosidl_typesupport_c.so[0m
[40.652s] [ 36%] Built target autoware_auto_planning_msgs__rosidl_typesupport_c
[40.690s] [ 37%] [34m[1mGenerating C introspection for ROS interfaces[0m
[44.347s] [35m[1mScanning dependencies of target autoware_auto_planning_msgs__rosidl_typesupport_introspection_c[0m
[44.426s] [ 38%] [32mBuilding C object CMakeFiles/autoware_auto_planning_msgs__rosidl_typesupport_introspection_c.dir/rosidl_typesupport_introspection_c/autoware_auto_planning_msgs/action/detail/planner_costmap__type_support.c.o[0m
[44.554s] [ 39%] [32mBuilding C object CMakeFiles/autoware_auto_planning_msgs__rosidl_typesupport_introspection_c.dir/rosidl_typesupport_introspection_c/autoware_auto_planning_msgs/msg/detail/order_movement__type_support.c.o[0m
[44.652s] [ 39%] [32mBuilding C object CMakeFiles/autoware_auto_planning_msgs__rosidl_typesupport_introspection_c.dir/rosidl_typesupport_introspection_c/autoware_auto_planning_msgs/msg/detail/route__type_support.c.o[0m
[44.751s] [ 40%] [32mBuilding C object CMakeFiles/autoware_auto_planning_msgs__rosidl_typesupport_introspection_c.dir/rosidl_typesupport_introspection_c/autoware_auto_planning_msgs/msg/detail/trajectory__type_support.c.o[0m
[44.853s] [ 41%] [32mBuilding C object CMakeFiles/autoware_auto_planning_msgs__rosidl_typesupport_introspection_c.dir/rosidl_typesupport_introspection_c/autoware_auto_planning_msgs/msg/detail/trajectory_point__type_support.c.o[0m
[44.948s] [ 41%] [32mBuilding C object CMakeFiles/autoware_auto_planning_msgs__rosidl_typesupport_introspection_c.dir/rosidl_typesupport_introspection_c/autoware_auto_planning_msgs/msg/detail/path__type_support.c.o[0m
[45.063s] [ 42%] [32mBuilding C object CMakeFiles/autoware_auto_planning_msgs__rosidl_typesupport_introspection_c.dir/rosidl_typesupport_introspection_c/autoware_auto_planning_msgs/msg/detail/path_point__type_support.c.o[0m
[45.164s] [ 43%] [32mBuilding C object CMakeFiles/autoware_auto_planning_msgs__rosidl_typesupport_introspection_c.dir/rosidl_typesupport_introspection_c/autoware_auto_planning_msgs/msg/detail/path_with_lane_id__type_support.c.o[0m
[45.278s] [ 44%] [32mBuilding C object CMakeFiles/autoware_auto_planning_msgs__rosidl_typesupport_introspection_c.dir/rosidl_typesupport_introspection_c/autoware_auto_planning_msgs/msg/detail/path_point_with_lane_id__type_support.c.o[0m
[45.376s] [ 44%] [32mBuilding C object CMakeFiles/autoware_auto_planning_msgs__rosidl_typesupport_introspection_c.dir/rosidl_typesupport_introspection_c/autoware_auto_planning_msgs/srv/detail/modify_trajectory__type_support.c.o[0m
[45.482s] [ 45%] [32mBuilding C object CMakeFiles/autoware_auto_planning_msgs__rosidl_typesupport_introspection_c.dir/rosidl_typesupport_introspection_c/autoware_auto_planning_msgs/msg/detail/had_map_route__type_support.c.o[0m
[45.587s] [ 46%] [32mBuilding C object CMakeFiles/autoware_auto_planning_msgs__rosidl_typesupport_introspection_c.dir/rosidl_typesupport_introspection_c/autoware_auto_planning_msgs/action/detail/replay_trajectory__type_support.c.o[0m
[45.707s] [ 46%] [32mBuilding C object CMakeFiles/autoware_auto_planning_msgs__rosidl_typesupport_introspection_c.dir/rosidl_typesupport_introspection_c/autoware_auto_planning_msgs/action/detail/record_trajectory__type_support.c.o[0m
[45.832s] [ 47%] [32mBuilding C object CMakeFiles/autoware_auto_planning_msgs__rosidl_typesupport_introspection_c.dir/rosidl_typesupport_introspection_c/autoware_auto_planning_msgs/action/detail/plan_trajectory__type_support.c.o[0m
[45.965s] [ 48%] [32m[1mLinking C shared library libautoware_auto_planning_msgs__rosidl_typesupport_introspection_c.so[0m
[46.084s] [ 48%] Built target autoware_auto_planning_msgs__rosidl_typesupport_introspection_c
[46.123s] [ 49%] [34m[1mGenerating C++ type support dispatch for ROS interfaces[0m
[48.637s] [35m[1mScanning dependencies of target autoware_auto_planning_msgs__rosidl_typesupport_cpp[0m
[48.699s] [ 50%] [32mBuilding CXX object CMakeFiles/autoware_auto_planning_msgs__rosidl_typesupport_cpp.dir/rosidl_typesupport_cpp/autoware_auto_planning_msgs/action/planner_costmap__type_support.cpp.o[0m
[49.510s] [ 51%] [32mBuilding CXX object CMakeFiles/autoware_auto_planning_msgs__rosidl_typesupport_cpp.dir/rosidl_typesupport_cpp/autoware_auto_planning_msgs/msg/route__type_support.cpp.o[0m
[50.222s] [ 52%] [32mBuilding CXX object CMakeFiles/autoware_auto_planning_msgs__rosidl_typesupport_cpp.dir/rosidl_typesupport_cpp/autoware_auto_planning_msgs/msg/trajectory__type_support.cpp.o[0m
[50.923s] [ 53%] [32mBuilding CXX object CMakeFiles/autoware_auto_planning_msgs__rosidl_typesupport_cpp.dir/rosidl_typesupport_cpp/autoware_auto_planning_msgs/msg/trajectory_point__type_support.cpp.o[0m
[51.633s] [ 53%] [32mBuilding CXX object CMakeFiles/autoware_auto_planning_msgs__rosidl_typesupport_cpp.dir/rosidl_typesupport_cpp/autoware_auto_planning_msgs/msg/path__type_support.cpp.o[0m
[52.361s] [ 54%] [32mBuilding CXX object CMakeFiles/autoware_auto_planning_msgs__rosidl_typesupport_cpp.dir/rosidl_typesupport_cpp/autoware_auto_planning_msgs/msg/path_point__type_support.cpp.o[0m
[53.049s] [ 55%] [32mBuilding CXX object CMakeFiles/autoware_auto_planning_msgs__rosidl_typesupport_cpp.dir/rosidl_typesupport_cpp/autoware_auto_planning_msgs/msg/path_with_lane_id__type_support.cpp.o[0m
[53.741s] [ 56%] [32mBuilding CXX object CMakeFiles/autoware_auto_planning_msgs__rosidl_typesupport_cpp.dir/rosidl_typesupport_cpp/autoware_auto_planning_msgs/msg/path_point_with_lane_id__type_support.cpp.o[0m
[54.432s] [ 56%] [32mBuilding CXX object CMakeFiles/autoware_auto_planning_msgs__rosidl_typesupport_cpp.dir/rosidl_typesupport_cpp/autoware_auto_planning_msgs/srv/modify_trajectory__type_support.cpp.o[0m
[55.155s] [ 56%] [32mBuilding CXX object CMakeFiles/autoware_auto_planning_msgs__rosidl_typesupport_cpp.dir/rosidl_typesupport_cpp/autoware_auto_planning_msgs/msg/order_movement__type_support.cpp.o[0m
[55.849s] [ 57%] [32mBuilding CXX object CMakeFiles/autoware_auto_planning_msgs__rosidl_typesupport_cpp.dir/rosidl_typesupport_cpp/autoware_auto_planning_msgs/msg/had_map_route__type_support.cpp.o[0m
[56.559s] [ 58%] [32mBuilding CXX object CMakeFiles/autoware_auto_planning_msgs__rosidl_typesupport_cpp.dir/rosidl_typesupport_cpp/autoware_auto_planning_msgs/action/replay_trajectory__type_support.cpp.o[0m
[57.353s] [ 58%] [32mBuilding CXX object CMakeFiles/autoware_auto_planning_msgs__rosidl_typesupport_cpp.dir/rosidl_typesupport_cpp/autoware_auto_planning_msgs/action/record_trajectory__type_support.cpp.o[0m
[58.142s] [ 59%] [32mBuilding CXX object CMakeFiles/autoware_auto_planning_msgs__rosidl_typesupport_cpp.dir/rosidl_typesupport_cpp/autoware_auto_planning_msgs/action/plan_trajectory__type_support.cpp.o[0m
[58.557s] make[2]: *** wait: No child processes.  Stop.
[58.558s] make[2]: *** Waiting for unfinished jobs....
[58.559s] make[2]: *** wait: No child processes.  Stop.
[58.581s] make[1]: *** [CMakeFiles/Makefile2:273: CMakeFiles/autoware_auto_planning_msgs__rosidl_typesupport_cpp.dir/all] Error 2
[58.581s] make: *** [Makefile:141: all] Interrupt
[58.663s] Invoked command in '/root/r2ware/build/autoware_auto_planning_msgs' returned '-2': AMENT_PREFIX_PATH=/root/r2ware/install/autoware_auto_mapping_msgs:/root/r2ware/install/autoware_auto_geometry_msgs:${AMENT_PREFIX_PATH} CMAKE_PREFIX_PATH=/root/r2ware/install/autoware_auto_mapping_msgs:/root/r2ware/install/autoware_auto_geometry_msgs:/root/yahboomcar_ros2_ws/yahboomcar_ws/install/yahboomcar_slam:/root/yahboomcar_ros2_ws/yahboomcar_ws/install/yahboomcar_point:/root/yahboomcar_ros2_ws/yahboomcar_ws/install/yahboomcar_msgs:/root/yahboomcar_ros2_ws/yahboomcar_ws/install/yahboomcar_base_node:/root/yahboomcar_ros2_ws/yahboomcar_ws/install/yahboomcar_KCFTracker:/root/yahboomcar_ros2_ws/yahboomcar_ws/install/yahboom_web_savmap_interfaces:/root/yahboomcar_ros2_ws/yahboomcar_ws/install/robot_pose_publisher_ros2:/root/yahboomcar_ros2_ws/software/library_ws/install/ydlidar_ros2_driver:/root/yahboomcar_ros2_ws/software/library_ws/install/web_video_server:/root/yahboomcar_ros2_ws/software/library_ws/install/teb_local_planner:/root/yahboomcar_ros2_ws/software/library_ws/install/teb_msgs:/root/yahboomcar_ros2_ws/software/library_ws/install/sllidar_ros2:/root/yahboomcar_ros2_ws/software/library_ws/install/slam_gmapping:/root/yahboomcar_ros2_ws/software/library_ws/install/ros2_orbslam:/root/yahboomcar_ros2_ws/software/library_ws/install/robot_localization:/root/yahboomcar_ros2_ws/software/library_ws/install/openslam_gmapping:/root/yahboomcar_ros2_ws/software/library_ws/install/octomap_mapping:/root/yahboomcar_ros2_ws/software/library_ws/install/octomap_server:/root/yahboomcar_ros2_ws/software/library_ws/install/costmap_converter:/root/yahboomcar_ros2_ws/software/library_ws/install/costmap_converter_msgs:/root/yahboomcar_ros2_ws/software/library_ws/install/astra_camera:/root/yahboomcar_ros2_ws/software/library_ws/install/astra_camera_msgs:/root/yahboomcar_ros2_ws/yahboomcar_ws/install/yahboomcar_voice_ctrl:/root/yahboomcar_ros2_ws/yahboomcar_ws/install/yahboomcar_visual:/root/yahboomcar_ros2_ws/yahboomcar_ws/install/yahboomcar_nav:/root/yahboomcar_ros2_ws/yahboomcar_ws/install/yahboomcar_multi:/root/yahboomcar_ros2_ws/yahboomcar_ws/install/yahboomcar_mediapipe:/root/yahboomcar_ros2_ws/yahboomcar_ws/install/yahboomcar_linefollow:/root/yahboomcar_ros2_ws/yahboomcar_ws/install/yahboomcar_laser:/root/yahboomcar_ros2_ws/yahboomcar_ws/install/yahboomcar_description_x1:/root/yahboomcar_ros2_ws/yahboomcar_ws/install/yahboomcar_description:/root/yahboomcar_ros2_ws/yahboomcar_ws/install/yahboomcar_ctrl:/root/yahboomcar_ros2_ws/yahboomcar_ws/install/yahboomcar_bringup:/root/yahboomcar_ros2_ws/yahboomcar_ws/install/yahboomcar_astra:/root/yahboomcar_ros2_ws/yahboomcar_ws/install/yahboom_app_save_map:/root/yahboomcar_ros2_ws/yahboomcar_ws/install/robot_pose_publisher:/root/yahboomcar_ros2_ws/yahboomcar_ws/install/laserscan_to_point_pulisher:/opt/ros/foxy LD_LIBRARY_PATH=/root/r2ware/install/autoware_auto_mapping_msgs/lib:/root/r2ware/install/autoware_auto_geometry_msgs/lib:${LD_LIBRARY_PATH} PYTHONPATH=/root/r2ware/install/autoware_auto_mapping_msgs/lib/python3.8/site-packages:/root/r2ware/install/autoware_auto_geometry_msgs/lib/python3.8/site-packages:${PYTHONPATH} /usr/bin/cmake --build /root/r2ware/build/autoware_auto_planning_msgs -- -j8 -l8
