-- The C compiler identification is GNU 9.4.0
-- The CXX compiler identification is GNU 9.4.0
-- Check for working C compiler: /usr/bin/cc
-- Check for working C compiler: /usr/bin/cc -- works
-- Detecting C compiler ABI info
-- Detecting C compiler ABI info - done
-- Detecting C compile features
-- Detecting C compile features - done
-- Check for working CXX compiler: /usr/bin/c++
-- Check for working CXX compiler: /usr/bin/c++ -- works
-- Detecting CXX compiler ABI info
-- Detecting CXX compiler ABI info - done
-- Detecting CXX compile features
-- Detecting CXX compile features - done
-- Found ament_cmake_auto: 0.9.11 (/opt/ros/foxy/share/ament_cmake_auto/cmake)
-- Found PythonInterp: /usr/bin/python3 (found suitable version "3.8.10", minimum required is "3") 
-- Using PYTHON_EXECUTABLE: /usr/bin/python3
-- Using all available rosidl_typesupport_c: rosidl_typesupport_fastrtps_c;rosidl_typesupport_introspection_c
-- Found rosidl_adapter: 1.3.0 (/opt/ros/foxy/share/rosidl_adapter/cmake)
-- Found OpenSSL: /usr/lib/aarch64-linux-gnu/libcrypto.so (found version "1.1.1f")  
-- Found FastRTPS: /opt/ros/foxy/include  
-- Using all available rosidl_typesupport_cpp: rosidl_typesupport_fastrtps_cpp;rosidl_typesupport_introspection_cpp
-- Found PythonInterp: /usr/bin/python3 (found version "3.8.10") 
-- Found ament_cmake_cppcheck: 0.9.7 (/opt/ros/foxy/share/ament_cmake_cppcheck/cmake)
-- Found ament_cmake_cpplint: 0.9.7 (/opt/ros/foxy/share/ament_cmake_cpplint/cmake)
-- Found ament_cmake_uncrustify: 0.9.7 (/opt/ros/foxy/share/ament_cmake_uncrustify/cmake)
-- Found ament_cmake_ros: 0.9.2 (/opt/ros/foxy/share/ament_cmake_ros/cmake)
-- Using all available rosidl_typesupport_c: rosidl_typesupport_fastrtps_c;rosidl_typesupport_introspection_c
-- Using all available rosidl_typesupport_cpp: rosidl_typesupport_fastrtps_cpp;rosidl_typesupport_introspection_cpp
-- Found PythonInterp: /usr/bin/python3 (found suitable version "3.8.10", minimum required is "3.5") 
-- Found python_cmake_module: 0.8.1 (/opt/ros/foxy/share/python_cmake_module/cmake)
-- Found PythonLibs: /usr/lib/aarch64-linux-gnu/libpython3.8.so (found suitable version "3.8.10", minimum required is "3.5") 
-- Using PYTHON_EXECUTABLE: /usr/bin/python3
-- Using PYTHON_INCLUDE_DIRS: /usr/include/python3.8
-- Using PYTHON_LIBRARIES: /usr/lib/aarch64-linux-gnu/libpython3.8.so
-- Found PythonExtra: .so  
-- Found ament_cmake_flake8: 0.9.7 (/opt/ros/foxy/share/ament_cmake_flake8/cmake)
-- Found ament_cmake_pep257: 0.9.7 (/opt/ros/foxy/share/ament_cmake_pep257/cmake)
-- Found ament_lint_auto: 0.9.7 (/opt/ros/foxy/share/ament_lint_auto/cmake)
-- Added test 'copyright' to check source files copyright and LICENSE
-- Added test 'lint_cmake' to check CMake code style
-- Added test 'xmllint' to check XML markup files
-- Configuring done
-- Generating done
-- Build files have been written to: /root/r2ware/build/autoware_planning_msgs
[35m[1mScanning dependencies of target autoware_planning_msgs__cpp[0m
[  1%] [34m[1mGenerating C code for ROS interfaces[0m
[  1%] [34m[1mGenerating C++ code for ROS interfaces[0m
[  1%] Built target autoware_planning_msgs__cpp
[  2%] [34m[1mGenerating C++ introspection for ROS interfaces[0m
[  3%] [34m[1mGenerating C++ type support for eProsima Fast-RTPS[0m
[  4%] [34m[1mGenerating C++ type support dispatch for ROS interfaces[0m
[35m[1mScanning dependencies of target autoware_planning_msgs__rosidl_generator_c[0m
[  5%] [32mBuilding C object CMakeFiles/autoware_planning_msgs__rosidl_generator_c.dir/rosidl_generator_c/autoware_planning_msgs/msg/detail/lanelet_primitive__functions.c.o[0m
[  6%] [32mBuilding C object CMakeFiles/autoware_planning_msgs__rosidl_generator_c.dir/rosidl_generator_c/autoware_planning_msgs/msg/detail/lanelet_route__functions.c.o[0m
[  7%] [32mBuilding C object CMakeFiles/autoware_planning_msgs__rosidl_generator_c.dir/rosidl_generator_c/autoware_planning_msgs/msg/detail/lanelet_segment__functions.c.o[0m
[  8%] [32mBuilding C object CMakeFiles/autoware_planning_msgs__rosidl_generator_c.dir/rosidl_generator_c/autoware_planning_msgs/msg/detail/pose_with_uuid_stamped__functions.c.o[0m
[  9%] [32mBuilding C object CMakeFiles/autoware_planning_msgs__rosidl_generator_c.dir/rosidl_generator_c/autoware_planning_msgs/msg/detail/trajectory__functions.c.o[0m
[ 10%] [32mBuilding C object CMakeFiles/autoware_planning_msgs__rosidl_generator_c.dir/rosidl_generator_c/autoware_planning_msgs/msg/detail/trajectory_point__functions.c.o[0m
[ 11%] [32mBuilding C object CMakeFiles/autoware_planning_msgs__rosidl_generator_c.dir/rosidl_generator_c/autoware_planning_msgs/msg/detail/path__functions.c.o[0m
[ 12%] [32mBuilding C object CMakeFiles/autoware_planning_msgs__rosidl_generator_c.dir/rosidl_generator_c/autoware_planning_msgs/msg/detail/path_point__functions.c.o[0m
[ 13%] [32mBuilding C object CMakeFiles/autoware_planning_msgs__rosidl_generator_c.dir/rosidl_generator_c/autoware_planning_msgs/msg/detail/path_with_lane_id__functions.c.o[0m
[ 14%] [32mBuilding C object CMakeFiles/autoware_planning_msgs__rosidl_generator_c.dir/rosidl_generator_c/autoware_planning_msgs/msg/detail/path_point_with_lane_id__functions.c.o[0m
[ 15%] [32m[1mLinking C shared library libautoware_planning_msgs__rosidl_generator_c.so[0m
[ 15%] Built target autoware_planning_msgs__rosidl_generator_c
[ 16%] [34m[1mGenerating C introspection for ROS interfaces[0m
[ 17%] [34m[1mGenerating C type support dispatch for ROS interfaces[0m
[35m[1mScanning dependencies of target autoware_planning_msgs__rosidl_typesupport_cpp[0m
[ 18%] [32mBuilding CXX object CMakeFiles/autoware_planning_msgs__rosidl_typesupport_cpp.dir/rosidl_typesupport_cpp/autoware_planning_msgs/msg/lanelet_primitive__type_support.cpp.o[0m
[ 19%] [32mBuilding CXX object CMakeFiles/autoware_planning_msgs__rosidl_typesupport_cpp.dir/rosidl_typesupport_cpp/autoware_planning_msgs/msg/lanelet_route__type_support.cpp.o[0m
[ 20%] [32mBuilding CXX object CMakeFiles/autoware_planning_msgs__rosidl_typesupport_cpp.dir/rosidl_typesupport_cpp/autoware_planning_msgs/msg/lanelet_segment__type_support.cpp.o[0m
[ 21%] [32mBuilding CXX object CMakeFiles/autoware_planning_msgs__rosidl_typesupport_cpp.dir/rosidl_typesupport_cpp/autoware_planning_msgs/msg/pose_with_uuid_stamped__type_support.cpp.o[0m
[35m[1mScanning dependencies of target autoware_planning_msgs__rosidl_typesupport_fastrtps_cpp[0m
[ 22%] [32mBuilding CXX object CMakeFiles/autoware_planning_msgs__rosidl_typesupport_fastrtps_cpp.dir/rosidl_typesupport_fastrtps_cpp/autoware_planning_msgs/msg/detail/dds_fastrtps/lanelet_primitive__type_support.cpp.o[0m
[35m[1mScanning dependencies of target autoware_planning_msgs__rosidl_typesupport_introspection_cpp[0m
[ 23%] [32mBuilding CXX object CMakeFiles/autoware_planning_msgs__rosidl_typesupport_introspection_cpp.dir/rosidl_typesupport_introspection_cpp/autoware_planning_msgs/msg/detail/lanelet_primitive__type_support.cpp.o[0m
[ 24%] [32mBuilding CXX object CMakeFiles/autoware_planning_msgs__rosidl_typesupport_cpp.dir/rosidl_typesupport_cpp/autoware_planning_msgs/msg/trajectory_point__type_support.cpp.o[0m
[35m[1mScanning dependencies of target autoware_planning_msgs__rosidl_typesupport_c[0m
[ 25%] [32mBuilding CXX object CMakeFiles/autoware_planning_msgs__rosidl_typesupport_fastrtps_cpp.dir/rosidl_typesupport_fastrtps_cpp/autoware_planning_msgs/msg/detail/dds_fastrtps/lanelet_route__type_support.cpp.o[0m
[ 26%] [32mBuilding CXX object CMakeFiles/autoware_planning_msgs__rosidl_typesupport_c.dir/rosidl_typesupport_c/autoware_planning_msgs/msg/lanelet_primitive__type_support.cpp.o[0m
[ 27%] [32mBuilding CXX object CMakeFiles/autoware_planning_msgs__rosidl_typesupport_c.dir/rosidl_typesupport_c/autoware_planning_msgs/msg/lanelet_route__type_support.cpp.o[0m
[ 28%] [32mBuilding CXX object CMakeFiles/autoware_planning_msgs__rosidl_typesupport_c.dir/rosidl_typesupport_c/autoware_planning_msgs/msg/lanelet_segment__type_support.cpp.o[0m
[35m[1mScanning dependencies of target autoware_planning_msgs__rosidl_typesupport_introspection_c[0m
[ 29%] [32mBuilding CXX object CMakeFiles/autoware_planning_msgs__rosidl_typesupport_introspection_cpp.dir/rosidl_typesupport_introspection_cpp/autoware_planning_msgs/msg/detail/lanelet_route__type_support.cpp.o[0m
[ 30%] [32mBuilding CXX object CMakeFiles/autoware_planning_msgs__rosidl_typesupport_c.dir/rosidl_typesupport_c/autoware_planning_msgs/msg/pose_with_uuid_stamped__type_support.cpp.o[0m
[ 31%] [32mBuilding C object CMakeFiles/autoware_planning_msgs__rosidl_typesupport_introspection_c.dir/rosidl_typesupport_introspection_c/autoware_planning_msgs/msg/detail/lanelet_primitive__type_support.c.o[0m
[ 32%] [32mBuilding CXX object CMakeFiles/autoware_planning_msgs__rosidl_typesupport_c.dir/rosidl_typesupport_c/autoware_planning_msgs/msg/trajectory__type_support.cpp.o[0m
[ 33%] [32mBuilding C object CMakeFiles/autoware_planning_msgs__rosidl_typesupport_introspection_c.dir/rosidl_typesupport_introspection_c/autoware_planning_msgs/msg/detail/lanelet_route__type_support.c.o[0m
[ 34%] [32mBuilding CXX object CMakeFiles/autoware_planning_msgs__rosidl_typesupport_c.dir/rosidl_typesupport_c/autoware_planning_msgs/msg/trajectory_point__type_support.cpp.o[0m
[ 35%] [32mBuilding C object CMakeFiles/autoware_planning_msgs__rosidl_typesupport_introspection_c.dir/rosidl_typesupport_introspection_c/autoware_planning_msgs/msg/detail/lanelet_segment__type_support.c.o[0m
[ 36%] [32mBuilding CXX object CMakeFiles/autoware_planning_msgs__rosidl_typesupport_c.dir/rosidl_typesupport_c/autoware_planning_msgs/msg/path__type_support.cpp.o[0m
[ 37%] [32mBuilding CXX object CMakeFiles/autoware_planning_msgs__rosidl_typesupport_cpp.dir/rosidl_typesupport_cpp/autoware_planning_msgs/msg/path__type_support.cpp.o[0m
[ 38%] [32mBuilding C object CMakeFiles/autoware_planning_msgs__rosidl_typesupport_introspection_c.dir/rosidl_typesupport_introspection_c/autoware_planning_msgs/msg/detail/pose_with_uuid_stamped__type_support.c.o[0m
[ 39%] [32mBuilding CXX object CMakeFiles/autoware_planning_msgs__rosidl_typesupport_c.dir/rosidl_typesupport_c/autoware_planning_msgs/msg/path_point__type_support.cpp.o[0m
[ 39%] [32mBuilding CXX object CMakeFiles/autoware_planning_msgs__rosidl_typesupport_fastrtps_cpp.dir/rosidl_typesupport_fastrtps_cpp/autoware_planning_msgs/msg/detail/dds_fastrtps/lanelet_segment__type_support.cpp.o[0m
[ 39%] [32mBuilding CXX object CMakeFiles/autoware_planning_msgs__rosidl_typesupport_c.dir/rosidl_typesupport_c/autoware_planning_msgs/msg/path_with_lane_id__type_support.cpp.o[0m
[ 40%] [32mBuilding C object CMakeFiles/autoware_planning_msgs__rosidl_typesupport_introspection_c.dir/rosidl_typesupport_introspection_c/autoware_planning_msgs/msg/detail/trajectory__type_support.c.o[0m
[ 41%] [32mBuilding C object CMakeFiles/autoware_planning_msgs__rosidl_typesupport_introspection_c.dir/rosidl_typesupport_introspection_c/autoware_planning_msgs/msg/detail/trajectory_point__type_support.c.o[0m
[ 42%] [32mBuilding CXX object CMakeFiles/autoware_planning_msgs__rosidl_typesupport_c.dir/rosidl_typesupport_c/autoware_planning_msgs/msg/path_point_with_lane_id__type_support.cpp.o[0m
[ 43%] [32m[1mLinking CXX shared library libautoware_planning_msgs__rosidl_typesupport_c.so[0m
[ 44%] [32mBuilding C object CMakeFiles/autoware_planning_msgs__rosidl_typesupport_introspection_c.dir/rosidl_typesupport_introspection_c/autoware_planning_msgs/msg/detail/path__type_support.c.o[0m
[ 44%] Built target autoware_planning_msgs__rosidl_typesupport_c
[ 45%] [32mBuilding CXX object CMakeFiles/autoware_planning_msgs__rosidl_typesupport_cpp.dir/rosidl_typesupport_cpp/autoware_planning_msgs/msg/trajectory__type_support.cpp.o[0m
[ 46%] [32mBuilding C object CMakeFiles/autoware_planning_msgs__rosidl_typesupport_introspection_c.dir/rosidl_typesupport_introspection_c/autoware_planning_msgs/msg/detail/path_point__type_support.c.o[0m
[ 47%] [32mBuilding CXX object CMakeFiles/autoware_planning_msgs__rosidl_typesupport_introspection_cpp.dir/rosidl_typesupport_introspection_cpp/autoware_planning_msgs/msg/detail/trajectory__type_support.cpp.o[0m
[ 48%] [32mBuilding C object CMakeFiles/autoware_planning_msgs__rosidl_typesupport_introspection_c.dir/rosidl_typesupport_introspection_c/autoware_planning_msgs/msg/detail/path_with_lane_id__type_support.c.o[0m
[ 49%] [32mBuilding C object CMakeFiles/autoware_planning_msgs__rosidl_typesupport_introspection_c.dir/rosidl_typesupport_introspection_c/autoware_planning_msgs/msg/detail/path_point_with_lane_id__type_support.c.o[0m
[ 50%] [32m[1mLinking C shared library libautoware_planning_msgs__rosidl_typesupport_introspection_c.so[0m
[ 50%] Built target autoware_planning_msgs__rosidl_typesupport_introspection_c
[ 51%] [32mBuilding CXX object CMakeFiles/autoware_planning_msgs__rosidl_typesupport_introspection_cpp.dir/rosidl_typesupport_introspection_cpp/autoware_planning_msgs/msg/detail/trajectory_point__type_support.cpp.o[0m
[ 52%] [32mBuilding CXX object CMakeFiles/autoware_planning_msgs__rosidl_typesupport_fastrtps_cpp.dir/rosidl_typesupport_fastrtps_cpp/autoware_planning_msgs/msg/detail/dds_fastrtps/trajectory__type_support.cpp.o[0m
[ 53%] [32mBuilding CXX object CMakeFiles/autoware_planning_msgs__rosidl_typesupport_cpp.dir/rosidl_typesupport_cpp/autoware_planning_msgs/msg/path_point__type_support.cpp.o[0m
[ 54%] [32mBuilding CXX object CMakeFiles/autoware_planning_msgs__rosidl_typesupport_introspection_cpp.dir/rosidl_typesupport_introspection_cpp/autoware_planning_msgs/msg/detail/path__type_support.cpp.o[0m
[ 55%] [32mBuilding CXX object CMakeFiles/autoware_planning_msgs__rosidl_typesupport_cpp.dir/rosidl_typesupport_cpp/autoware_planning_msgs/msg/path_with_lane_id__type_support.cpp.o[0m
[ 56%] [32mBuilding CXX object CMakeFiles/autoware_planning_msgs__rosidl_typesupport_fastrtps_cpp.dir/rosidl_typesupport_fastrtps_cpp/autoware_planning_msgs/msg/detail/dds_fastrtps/path__type_support.cpp.o[0m
[ 57%] [32mBuilding CXX object CMakeFiles/autoware_planning_msgs__rosidl_typesupport_cpp.dir/rosidl_typesupport_cpp/autoware_planning_msgs/msg/path_point_with_lane_id__type_support.cpp.o[0m
[ 58%] [32mBuilding CXX object CMakeFiles/autoware_planning_msgs__rosidl_typesupport_introspection_cpp.dir/rosidl_typesupport_introspection_cpp/autoware_planning_msgs/msg/detail/path_point__type_support.cpp.o[0m
[ 59%] [32m[1mLinking CXX shared library libautoware_planning_msgs__rosidl_typesupport_cpp.so[0m
[ 59%] Built target autoware_planning_msgs__rosidl_typesupport_cpp
[ 60%] [32mBuilding CXX object CMakeFiles/autoware_planning_msgs__rosidl_typesupport_fastrtps_cpp.dir/rosidl_typesupport_fastrtps_cpp/autoware_planning_msgs/msg/detail/dds_fastrtps/path_point__type_support.cpp.o[0m
[ 61%] [32mBuilding CXX object CMakeFiles/autoware_planning_msgs__rosidl_typesupport_introspection_cpp.dir/rosidl_typesupport_introspection_cpp/autoware_planning_msgs/msg/detail/path_point_with_lane_id__type_support.cpp.o[0m
[ 62%] [32mBuilding CXX object CMakeFiles/autoware_planning_msgs__rosidl_typesupport_introspection_cpp.dir/rosidl_typesupport_introspection_cpp/autoware_planning_msgs/msg/detail/path_with_lane_id__type_support.cpp.o[0m
[ 63%] [32mBuilding CXX object CMakeFiles/autoware_planning_msgs__rosidl_typesupport_fastrtps_cpp.dir/rosidl_typesupport_fastrtps_cpp/autoware_planning_msgs/msg/detail/dds_fastrtps/path_point_with_lane_id__type_support.cpp.o[0m
[ 64%] [32mBuilding CXX object CMakeFiles/autoware_planning_msgs__rosidl_typesupport_introspection_cpp.dir/rosidl_typesupport_introspection_cpp/autoware_planning_msgs/msg/detail/pose_with_uuid_stamped__type_support.cpp.o[0m
[ 65%] [32mBuilding CXX object CMakeFiles/autoware_planning_msgs__rosidl_typesupport_fastrtps_cpp.dir/rosidl_typesupport_fastrtps_cpp/autoware_planning_msgs/msg/detail/dds_fastrtps/path_with_lane_id__type_support.cpp.o[0m
[ 66%] [32mBuilding CXX object CMakeFiles/autoware_planning_msgs__rosidl_typesupport_introspection_cpp.dir/rosidl_typesupport_introspection_cpp/autoware_planning_msgs/msg/detail/lanelet_segment__type_support.cpp.o[0m
[ 67%] [32mBuilding CXX object CMakeFiles/autoware_planning_msgs__rosidl_typesupport_fastrtps_cpp.dir/rosidl_typesupport_fastrtps_cpp/autoware_planning_msgs/msg/detail/dds_fastrtps/trajectory_point__type_support.cpp.o[0m
[ 68%] [32m[1mLinking CXX shared library libautoware_planning_msgs__rosidl_typesupport_introspection_cpp.so[0m
[ 68%] Built target autoware_planning_msgs__rosidl_typesupport_introspection_cpp
[ 69%] [32mBuilding CXX object CMakeFiles/autoware_planning_msgs__rosidl_typesupport_fastrtps_cpp.dir/rosidl_typesupport_fastrtps_cpp/autoware_planning_msgs/msg/detail/dds_fastrtps/pose_with_uuid_stamped__type_support.cpp.o[0m
[ 70%] [32m[1mLinking CXX shared library libautoware_planning_msgs__rosidl_typesupport_fastrtps_cpp.so[0m
[ 70%] Built target autoware_planning_msgs__rosidl_typesupport_fastrtps_cpp
[ 71%] [34m[1mGenerating C type support for eProsima Fast-RTPS[0m
[35m[1mScanning dependencies of target autoware_planning_msgs__rosidl_typesupport_fastrtps_c[0m
[ 72%] [32mBuilding CXX object CMakeFiles/autoware_planning_msgs__rosidl_typesupport_fastrtps_c.dir/rosidl_typesupport_fastrtps_c/autoware_planning_msgs/msg/detail/lanelet_primitive__type_support_c.cpp.o[0m
[ 73%] [32mBuilding CXX object CMakeFiles/autoware_planning_msgs__rosidl_typesupport_fastrtps_c.dir/rosidl_typesupport_fastrtps_c/autoware_planning_msgs/msg/detail/path_point__type_support_c.cpp.o[0m
[ 74%] [32mBuilding CXX object CMakeFiles/autoware_planning_msgs__rosidl_typesupport_fastrtps_c.dir/rosidl_typesupport_fastrtps_c/autoware_planning_msgs/msg/detail/path_with_lane_id__type_support_c.cpp.o[0m
[ 75%] [32mBuilding CXX object CMakeFiles/autoware_planning_msgs__rosidl_typesupport_fastrtps_c.dir/rosidl_typesupport_fastrtps_c/autoware_planning_msgs/msg/detail/path_point_with_lane_id__type_support_c.cpp.o[0m
[ 76%] [32mBuilding CXX object CMakeFiles/autoware_planning_msgs__rosidl_typesupport_fastrtps_c.dir/rosidl_typesupport_fastrtps_c/autoware_planning_msgs/msg/detail/path__type_support_c.cpp.o[0m
[ 77%] [32mBuilding CXX object CMakeFiles/autoware_planning_msgs__rosidl_typesupport_fastrtps_c.dir/rosidl_typesupport_fastrtps_c/autoware_planning_msgs/msg/detail/trajectory_point__type_support_c.cpp.o[0m
[ 78%] [32mBuilding CXX object CMakeFiles/autoware_planning_msgs__rosidl_typesupport_fastrtps_c.dir/rosidl_typesupport_fastrtps_c/autoware_planning_msgs/msg/detail/trajectory__type_support_c.cpp.o[0m
[ 79%] [32mBuilding CXX object CMakeFiles/autoware_planning_msgs__rosidl_typesupport_fastrtps_c.dir/rosidl_typesupport_fastrtps_c/autoware_planning_msgs/msg/detail/pose_with_uuid_stamped__type_support_c.cpp.o[0m
[ 80%] [32mBuilding CXX object CMakeFiles/autoware_planning_msgs__rosidl_typesupport_fastrtps_c.dir/rosidl_typesupport_fastrtps_c/autoware_planning_msgs/msg/detail/lanelet_segment__type_support_c.cpp.o[0m
[ 81%] [32mBuilding CXX object CMakeFiles/autoware_planning_msgs__rosidl_typesupport_fastrtps_c.dir/rosidl_typesupport_fastrtps_c/autoware_planning_msgs/msg/detail/lanelet_route__type_support_c.cpp.o[0m
[ 82%] [32m[1mLinking CXX shared library libautoware_planning_msgs__rosidl_typesupport_fastrtps_c.so[0m
[ 82%] Built target autoware_planning_msgs__rosidl_typesupport_fastrtps_c
[35m[1mScanning dependencies of target autoware_planning_msgs[0m
[ 82%] Built target autoware_planning_msgs
[35m[1mScanning dependencies of target autoware_planning_msgs__py[0m
[ 83%] [34m[1mGenerating Python code for ROS interfaces[0m
[ 83%] Built target autoware_planning_msgs__py
[35m[1mScanning dependencies of target autoware_planning_msgs__python[0m
[ 84%] [32mBuilding C object CMakeFiles/autoware_planning_msgs__python.dir/rosidl_generator_py/autoware_planning_msgs/msg/_lanelet_primitive_s.c.o[0m
[ 85%] [32mBuilding C object CMakeFiles/autoware_planning_msgs__python.dir/rosidl_generator_py/autoware_planning_msgs/msg/_path_point_s.c.o[0m
[ 86%] [32mBuilding C object CMakeFiles/autoware_planning_msgs__python.dir/rosidl_generator_py/autoware_planning_msgs/msg/_path_with_lane_id_s.c.o[0m
[ 87%] [32mBuilding C object CMakeFiles/autoware_planning_msgs__python.dir/rosidl_generator_py/autoware_planning_msgs/msg/_path_point_with_lane_id_s.c.o[0m
[ 88%] [32mBuilding C object CMakeFiles/autoware_planning_msgs__python.dir/rosidl_generator_py/autoware_planning_msgs/msg/_path_s.c.o[0m
[ 89%] [32mBuilding C object CMakeFiles/autoware_planning_msgs__python.dir/rosidl_generator_py/autoware_planning_msgs/msg/_trajectory_point_s.c.o[0m
[ 90%] [32mBuilding C object CMakeFiles/autoware_planning_msgs__python.dir/rosidl_generator_py/autoware_planning_msgs/msg/_trajectory_s.c.o[0m
[ 91%] [32mBuilding C object CMakeFiles/autoware_planning_msgs__python.dir/rosidl_generator_py/autoware_planning_msgs/msg/_pose_with_uuid_stamped_s.c.o[0m
[ 92%] [32mBuilding C object CMakeFiles/autoware_planning_msgs__python.dir/rosidl_generator_py/autoware_planning_msgs/msg/_lanelet_segment_s.c.o[0m
[ 93%] [32mBuilding C object CMakeFiles/autoware_planning_msgs__python.dir/rosidl_generator_py/autoware_planning_msgs/msg/_lanelet_route_s.c.o[0m
[ 94%] [32m[1mLinking C shared library rosidl_generator_py/autoware_planning_msgs/libautoware_planning_msgs__python.so[0m
[ 94%] Built target autoware_planning_msgs__python
[35m[1mScanning dependencies of target autoware_planning_msgs__rosidl_typesupport_c__pyext[0m
[ 95%] [32mBuilding C object CMakeFiles/autoware_planning_msgs__rosidl_typesupport_c__pyext.dir/rosidl_generator_py/autoware_planning_msgs/_autoware_planning_msgs_s.ep.rosidl_typesupport_c.c.o[0m
[ 96%] [32m[1mLinking C shared library rosidl_generator_py/autoware_planning_msgs/autoware_planning_msgs_s__rosidl_typesupport_c.cpython-38-aarch64-linux-gnu.so[0m
[ 96%] Built target autoware_planning_msgs__rosidl_typesupport_c__pyext
[35m[1mScanning dependencies of target autoware_planning_msgs__rosidl_typesupport_fastrtps_c__pyext[0m
[ 97%] [32mBuilding C object CMakeFiles/autoware_planning_msgs__rosidl_typesupport_fastrtps_c__pyext.dir/rosidl_generator_py/autoware_planning_msgs/_autoware_planning_msgs_s.ep.rosidl_typesupport_fastrtps_c.c.o[0m
[ 98%] [32m[1mLinking CXX shared library rosidl_generator_py/autoware_planning_msgs/autoware_planning_msgs_s__rosidl_typesupport_fastrtps_c.cpython-38-aarch64-linux-gnu.so[0m
[ 98%] Built target autoware_planning_msgs__rosidl_typesupport_fastrtps_c__pyext
[35m[1mScanning dependencies of target autoware_planning_msgs__rosidl_typesupport_introspection_c__pyext[0m
[ 99%] [32mBuilding C object CMakeFiles/autoware_planning_msgs__rosidl_typesupport_introspection_c__pyext.dir/rosidl_generator_py/autoware_planning_msgs/_autoware_planning_msgs_s.ep.rosidl_typesupport_introspection_c.c.o[0m
[100%] [32m[1mLinking C shared library rosidl_generator_py/autoware_planning_msgs/autoware_planning_msgs_s__rosidl_typesupport_introspection_c.cpython-38-aarch64-linux-gnu.so[0m
[100%] Built target autoware_planning_msgs__rosidl_typesupport_introspection_c__pyext
-- Install configuration: ""
-- Installing: /root/r2ware/install/autoware_planning_msgs/share/ament_index/resource_index/rosidl_interfaces/autoware_planning_msgs
-- Installing: /root/r2ware/install/autoware_planning_msgs/include/autoware_planning_msgs
-- Installing: /root/r2ware/install/autoware_planning_msgs/include/autoware_planning_msgs/msg
-- Installing: /root/r2ware/install/autoware_planning_msgs/include/autoware_planning_msgs/msg/lanelet_segment.h
-- Installing: /root/r2ware/install/autoware_planning_msgs/include/autoware_planning_msgs/msg/pose_with_uuid_stamped.h
-- Installing: /root/r2ware/install/autoware_planning_msgs/include/autoware_planning_msgs/msg/path_point.h
-- Installing: /root/r2ware/install/autoware_planning_msgs/include/autoware_planning_msgs/msg/trajectory_point.h
-- Installing: /root/r2ware/install/autoware_planning_msgs/include/autoware_planning_msgs/msg/rosidl_generator_c__visibility_control.h
-- Installing: /root/r2ware/install/autoware_planning_msgs/include/autoware_planning_msgs/msg/path_with_lane_id.h
-- Installing: /root/r2ware/install/autoware_planning_msgs/include/autoware_planning_msgs/msg/lanelet_route.h
-- Installing: /root/r2ware/install/autoware_planning_msgs/include/autoware_planning_msgs/msg/path.h
-- Installing: /root/r2ware/install/autoware_planning_msgs/include/autoware_planning_msgs/msg/lanelet_primitive.h
-- Installing: /root/r2ware/install/autoware_planning_msgs/include/autoware_planning_msgs/msg/detail
-- Installing: /root/r2ware/install/autoware_planning_msgs/include/autoware_planning_msgs/msg/detail/lanelet_route__functions.c
-- Installing: /root/r2ware/install/autoware_planning_msgs/include/autoware_planning_msgs/msg/detail/lanelet_route__type_support.h
-- Installing: /root/r2ware/install/autoware_planning_msgs/include/autoware_planning_msgs/msg/detail/path_point_with_lane_id__functions.c
-- Installing: /root/r2ware/install/autoware_planning_msgs/include/autoware_planning_msgs/msg/detail/lanelet_route__struct.h
-- Installing: /root/r2ware/install/autoware_planning_msgs/include/autoware_planning_msgs/msg/detail/path_with_lane_id__functions.h
-- Installing: /root/r2ware/install/autoware_planning_msgs/include/autoware_planning_msgs/msg/detail/trajectory_point__functions.c
-- Installing: /root/r2ware/install/autoware_planning_msgs/include/autoware_planning_msgs/msg/detail/trajectory_point__functions.h
-- Installing: /root/r2ware/install/autoware_planning_msgs/include/autoware_planning_msgs/msg/detail/trajectory_point__type_support.h
-- Installing: /root/r2ware/install/autoware_planning_msgs/include/autoware_planning_msgs/msg/detail/pose_with_uuid_stamped__struct.h
-- Installing: /root/r2ware/install/autoware_planning_msgs/include/autoware_planning_msgs/msg/detail/path_point__type_support.h
-- Installing: /root/r2ware/install/autoware_planning_msgs/include/autoware_planning_msgs/msg/detail/path_with_lane_id__functions.c
-- Installing: /root/r2ware/install/autoware_planning_msgs/include/autoware_planning_msgs/msg/detail/pose_with_uuid_stamped__type_support.h
-- Installing: /root/r2ware/install/autoware_planning_msgs/include/autoware_planning_msgs/msg/detail/path__functions.c
-- Installing: /root/r2ware/install/autoware_planning_msgs/include/autoware_planning_msgs/msg/detail/trajectory_point__struct.h
-- Installing: /root/r2ware/install/autoware_planning_msgs/include/autoware_planning_msgs/msg/detail/lanelet_segment__type_support.h
-- Installing: /root/r2ware/install/autoware_planning_msgs/include/autoware_planning_msgs/msg/detail/path_point_with_lane_id__functions.h
-- Installing: /root/r2ware/install/autoware_planning_msgs/include/autoware_planning_msgs/msg/detail/path_point_with_lane_id__struct.h
-- Installing: /root/r2ware/install/autoware_planning_msgs/include/autoware_planning_msgs/msg/detail/path_with_lane_id__type_support.h
-- Installing: /root/r2ware/install/autoware_planning_msgs/include/autoware_planning_msgs/msg/detail/lanelet_primitive__type_support.h
-- Installing: /root/r2ware/install/autoware_planning_msgs/include/autoware_planning_msgs/msg/detail/lanelet_segment__struct.h
-- Installing: /root/r2ware/install/autoware_planning_msgs/include/autoware_planning_msgs/msg/detail/path_point__struct.h
-- Installing: /root/r2ware/install/autoware_planning_msgs/include/autoware_planning_msgs/msg/detail/trajectory__type_support.h
-- Installing: /root/r2ware/install/autoware_planning_msgs/include/autoware_planning_msgs/msg/detail/trajectory__struct.h
-- Installing: /root/r2ware/install/autoware_planning_msgs/include/autoware_planning_msgs/msg/detail/path__struct.h
-- Installing: /root/r2ware/install/autoware_planning_msgs/include/autoware_planning_msgs/msg/detail/path_point_with_lane_id__type_support.h
-- Installing: /root/r2ware/install/autoware_planning_msgs/include/autoware_planning_msgs/msg/detail/trajectory__functions.c
-- Installing: /root/r2ware/install/autoware_planning_msgs/include/autoware_planning_msgs/msg/detail/path__functions.h
-- Installing: /root/r2ware/install/autoware_planning_msgs/include/autoware_planning_msgs/msg/detail/path__type_support.h
-- Installing: /root/r2ware/install/autoware_planning_msgs/include/autoware_planning_msgs/msg/detail/lanelet_segment__functions.h
-- Installing: /root/r2ware/install/autoware_planning_msgs/include/autoware_planning_msgs/msg/detail/path_point__functions.c
-- Installing: /root/r2ware/install/autoware_planning_msgs/include/autoware_planning_msgs/msg/detail/lanelet_segment__functions.c
-- Installing: /root/r2ware/install/autoware_planning_msgs/include/autoware_planning_msgs/msg/detail/lanelet_primitive__functions.c
-- Installing: /root/r2ware/install/autoware_planning_msgs/include/autoware_planning_msgs/msg/detail/pose_with_uuid_stamped__functions.c
-- Installing: /root/r2ware/install/autoware_planning_msgs/include/autoware_planning_msgs/msg/detail/lanelet_route__functions.h
-- Installing: /root/r2ware/install/autoware_planning_msgs/include/autoware_planning_msgs/msg/detail/path_point__functions.h
-- Installing: /root/r2ware/install/autoware_planning_msgs/include/autoware_planning_msgs/msg/detail/lanelet_primitive__functions.h
-- Installing: /root/r2ware/install/autoware_planning_msgs/include/autoware_planning_msgs/msg/detail/lanelet_primitive__struct.h
-- Installing: /root/r2ware/install/autoware_planning_msgs/include/autoware_planning_msgs/msg/detail/trajectory__functions.h
-- Installing: /root/r2ware/install/autoware_planning_msgs/include/autoware_planning_msgs/msg/detail/path_with_lane_id__struct.h
-- Installing: /root/r2ware/install/autoware_planning_msgs/include/autoware_planning_msgs/msg/detail/pose_with_uuid_stamped__functions.h
-- Installing: /root/r2ware/install/autoware_planning_msgs/include/autoware_planning_msgs/msg/path_point_with_lane_id.h
-- Installing: /root/r2ware/install/autoware_planning_msgs/include/autoware_planning_msgs/msg/trajectory.h
-- Installing: /root/r2ware/install/autoware_planning_msgs/share/autoware_planning_msgs/environment/library_path.sh
-- Installing: /root/r2ware/install/autoware_planning_msgs/share/autoware_planning_msgs/environment/library_path.dsv
-- Installing: /root/r2ware/install/autoware_planning_msgs/lib/libautoware_planning_msgs__rosidl_generator_c.so
-- Set runtime path of "/root/r2ware/install/autoware_planning_msgs/lib/libautoware_planning_msgs__rosidl_generator_c.so" to ""
-- Up-to-date: /root/r2ware/install/autoware_planning_msgs/include/autoware_planning_msgs
-- Up-to-date: /root/r2ware/install/autoware_planning_msgs/include/autoware_planning_msgs/msg
-- Installing: /root/r2ware/install/autoware_planning_msgs/include/autoware_planning_msgs/msg/rosidl_typesupport_fastrtps_c__visibility_control.h
-- Up-to-date: /root/r2ware/install/autoware_planning_msgs/include/autoware_planning_msgs/msg/detail
-- Installing: /root/r2ware/install/autoware_planning_msgs/include/autoware_planning_msgs/msg/detail/lanelet_route__rosidl_typesupport_fastrtps_c.h
-- Installing: /root/r2ware/install/autoware_planning_msgs/include/autoware_planning_msgs/msg/detail/pose_with_uuid_stamped__rosidl_typesupport_fastrtps_c.h
-- Installing: /root/r2ware/install/autoware_planning_msgs/include/autoware_planning_msgs/msg/detail/lanelet_primitive__rosidl_typesupport_fastrtps_c.h
-- Installing: /root/r2ware/install/autoware_planning_msgs/include/autoware_planning_msgs/msg/detail/path_with_lane_id__rosidl_typesupport_fastrtps_c.h
-- Installing: /root/r2ware/install/autoware_planning_msgs/include/autoware_planning_msgs/msg/detail/lanelet_segment__rosidl_typesupport_fastrtps_c.h
-- Installing: /root/r2ware/install/autoware_planning_msgs/include/autoware_planning_msgs/msg/detail/path__rosidl_typesupport_fastrtps_c.h
-- Installing: /root/r2ware/install/autoware_planning_msgs/include/autoware_planning_msgs/msg/detail/path_point__rosidl_typesupport_fastrtps_c.h
-- Installing: /root/r2ware/install/autoware_planning_msgs/include/autoware_planning_msgs/msg/detail/path_point_with_lane_id__rosidl_typesupport_fastrtps_c.h
-- Installing: /root/r2ware/install/autoware_planning_msgs/include/autoware_planning_msgs/msg/detail/trajectory_point__rosidl_typesupport_fastrtps_c.h
-- Installing: /root/r2ware/install/autoware_planning_msgs/include/autoware_planning_msgs/msg/detail/trajectory__rosidl_typesupport_fastrtps_c.h
-- Installing: /root/r2ware/install/autoware_planning_msgs/lib/libautoware_planning_msgs__rosidl_typesupport_fastrtps_c.so
-- Set runtime path of "/root/r2ware/install/autoware_planning_msgs/lib/libautoware_planning_msgs__rosidl_typesupport_fastrtps_c.so" to ""
-- Up-to-date: /root/r2ware/install/autoware_planning_msgs/include/autoware_planning_msgs
-- Up-to-date: /root/r2ware/install/autoware_planning_msgs/include/autoware_planning_msgs/msg
-- Installing: /root/r2ware/install/autoware_planning_msgs/include/autoware_planning_msgs/msg/rosidl_typesupport_fastrtps_cpp__visibility_control.h
-- Up-to-date: /root/r2ware/install/autoware_planning_msgs/include/autoware_planning_msgs/msg/detail
-- Installing: /root/r2ware/install/autoware_planning_msgs/include/autoware_planning_msgs/msg/detail/pose_with_uuid_stamped__rosidl_typesupport_fastrtps_cpp.hpp
-- Installing: /root/r2ware/install/autoware_planning_msgs/include/autoware_planning_msgs/msg/detail/path_point_with_lane_id__rosidl_typesupport_fastrtps_cpp.hpp
-- Installing: /root/r2ware/install/autoware_planning_msgs/include/autoware_planning_msgs/msg/detail/path__rosidl_typesupport_fastrtps_cpp.hpp
-- Installing: /root/r2ware/install/autoware_planning_msgs/include/autoware_planning_msgs/msg/detail/lanelet_segment__rosidl_typesupport_fastrtps_cpp.hpp
-- Installing: /root/r2ware/install/autoware_planning_msgs/include/autoware_planning_msgs/msg/detail/dds_fastrtps
-- Installing: /root/r2ware/install/autoware_planning_msgs/include/autoware_planning_msgs/msg/detail/trajectory_point__rosidl_typesupport_fastrtps_cpp.hpp
-- Installing: /root/r2ware/install/autoware_planning_msgs/include/autoware_planning_msgs/msg/detail/trajectory__rosidl_typesupport_fastrtps_cpp.hpp
-- Installing: /root/r2ware/install/autoware_planning_msgs/include/autoware_planning_msgs/msg/detail/path_point__rosidl_typesupport_fastrtps_cpp.hpp
-- Installing: /root/r2ware/install/autoware_planning_msgs/include/autoware_planning_msgs/msg/detail/lanelet_primitive__rosidl_typesupport_fastrtps_cpp.hpp
-- Installing: /root/r2ware/install/autoware_planning_msgs/include/autoware_planning_msgs/msg/detail/lanelet_route__rosidl_typesupport_fastrtps_cpp.hpp
-- Installing: /root/r2ware/install/autoware_planning_msgs/include/autoware_planning_msgs/msg/detail/path_with_lane_id__rosidl_typesupport_fastrtps_cpp.hpp
-- Installing: /root/r2ware/install/autoware_planning_msgs/lib/libautoware_planning_msgs__rosidl_typesupport_fastrtps_cpp.so
-- Set runtime path of "/root/r2ware/install/autoware_planning_msgs/lib/libautoware_planning_msgs__rosidl_typesupport_fastrtps_cpp.so" to ""
-- Up-to-date: /root/r2ware/install/autoware_planning_msgs/include/autoware_planning_msgs
-- Up-to-date: /root/r2ware/install/autoware_planning_msgs/include/autoware_planning_msgs/msg
-- Installing: /root/r2ware/install/autoware_planning_msgs/include/autoware_planning_msgs/msg/rosidl_typesupport_introspection_c__visibility_control.h
-- Up-to-date: /root/r2ware/install/autoware_planning_msgs/include/autoware_planning_msgs/msg/detail
-- Installing: /root/r2ware/install/autoware_planning_msgs/include/autoware_planning_msgs/msg/detail/lanelet_primitive__rosidl_typesupport_introspection_c.h
-- Installing: /root/r2ware/install/autoware_planning_msgs/include/autoware_planning_msgs/msg/detail/pose_with_uuid_stamped__rosidl_typesupport_introspection_c.h
-- Installing: /root/r2ware/install/autoware_planning_msgs/include/autoware_planning_msgs/msg/detail/trajectory_point__rosidl_typesupport_introspection_c.h
-- Installing: /root/r2ware/install/autoware_planning_msgs/include/autoware_planning_msgs/msg/detail/lanelet_primitive__type_support.c
-- Installing: /root/r2ware/install/autoware_planning_msgs/include/autoware_planning_msgs/msg/detail/path_with_lane_id__type_support.c
-- Installing: /root/r2ware/install/autoware_planning_msgs/include/autoware_planning_msgs/msg/detail/trajectory__type_support.c
-- Installing: /root/r2ware/install/autoware_planning_msgs/include/autoware_planning_msgs/msg/detail/pose_with_uuid_stamped__type_support.c
-- Installing: /root/r2ware/install/autoware_planning_msgs/include/autoware_planning_msgs/msg/detail/path_point_with_lane_id__rosidl_typesupport_introspection_c.h
-- Installing: /root/r2ware/install/autoware_planning_msgs/include/autoware_planning_msgs/msg/detail/trajectory__rosidl_typesupport_introspection_c.h
-- Installing: /root/r2ware/install/autoware_planning_msgs/include/autoware_planning_msgs/msg/detail/path_point_with_lane_id__type_support.c
-- Installing: /root/r2ware/install/autoware_planning_msgs/include/autoware_planning_msgs/msg/detail/lanelet_segment__rosidl_typesupport_introspection_c.h
-- Installing: /root/r2ware/install/autoware_planning_msgs/include/autoware_planning_msgs/msg/detail/path__rosidl_typesupport_introspection_c.h
-- Installing: /root/r2ware/install/autoware_planning_msgs/include/autoware_planning_msgs/msg/detail/lanelet_segment__type_support.c
-- Installing: /root/r2ware/install/autoware_planning_msgs/include/autoware_planning_msgs/msg/detail/trajectory_point__type_support.c
-- Installing: /root/r2ware/install/autoware_planning_msgs/include/autoware_planning_msgs/msg/detail/lanelet_route__type_support.c
-- Installing: /root/r2ware/install/autoware_planning_msgs/include/autoware_planning_msgs/msg/detail/lanelet_route__rosidl_typesupport_introspection_c.h
-- Installing: /root/r2ware/install/autoware_planning_msgs/include/autoware_planning_msgs/msg/detail/path_point__rosidl_typesupport_introspection_c.h
-- Installing: /root/r2ware/install/autoware_planning_msgs/include/autoware_planning_msgs/msg/detail/path__type_support.c
-- Installing: /root/r2ware/install/autoware_planning_msgs/include/autoware_planning_msgs/msg/detail/path_point__type_support.c
-- Installing: /root/r2ware/install/autoware_planning_msgs/include/autoware_planning_msgs/msg/detail/path_with_lane_id__rosidl_typesupport_introspection_c.h
-- Installing: /root/r2ware/install/autoware_planning_msgs/lib/libautoware_planning_msgs__rosidl_typesupport_introspection_c.so
-- Set runtime path of "/root/r2ware/install/autoware_planning_msgs/lib/libautoware_planning_msgs__rosidl_typesupport_introspection_c.so" to ""
-- Installing: /root/r2ware/install/autoware_planning_msgs/lib/libautoware_planning_msgs__rosidl_typesupport_c.so
-- Set runtime path of "/root/r2ware/install/autoware_planning_msgs/lib/libautoware_planning_msgs__rosidl_typesupport_c.so" to ""
-- Up-to-date: /root/r2ware/install/autoware_planning_msgs/include/autoware_planning_msgs
-- Up-to-date: /root/r2ware/install/autoware_planning_msgs/include/autoware_planning_msgs/msg
-- Installing: /root/r2ware/install/autoware_planning_msgs/include/autoware_planning_msgs/msg/pose_with_uuid_stamped.hpp
-- Installing: /root/r2ware/install/autoware_planning_msgs/include/autoware_planning_msgs/msg/path_point.hpp
-- Installing: /root/r2ware/install/autoware_planning_msgs/include/autoware_planning_msgs/msg/path.hpp
-- Installing: /root/r2ware/install/autoware_planning_msgs/include/autoware_planning_msgs/msg/trajectory_point.hpp
-- Installing: /root/r2ware/install/autoware_planning_msgs/include/autoware_planning_msgs/msg/path_point_with_lane_id.hpp
-- Installing: /root/r2ware/install/autoware_planning_msgs/include/autoware_planning_msgs/msg/lanelet_segment.hpp
-- Installing: /root/r2ware/install/autoware_planning_msgs/include/autoware_planning_msgs/msg/trajectory.hpp
-- Up-to-date: /root/r2ware/install/autoware_planning_msgs/include/autoware_planning_msgs/msg/detail
-- Installing: /root/r2ware/install/autoware_planning_msgs/include/autoware_planning_msgs/msg/detail/lanelet_primitive__builder.hpp
-- Installing: /root/r2ware/install/autoware_planning_msgs/include/autoware_planning_msgs/msg/detail/path_with_lane_id__struct.hpp
-- Installing: /root/r2ware/install/autoware_planning_msgs/include/autoware_planning_msgs/msg/detail/path__traits.hpp
-- Installing: /root/r2ware/install/autoware_planning_msgs/include/autoware_planning_msgs/msg/detail/trajectory_point__builder.hpp
-- Installing: /root/r2ware/install/autoware_planning_msgs/include/autoware_planning_msgs/msg/detail/trajectory__builder.hpp
-- Installing: /root/r2ware/install/autoware_planning_msgs/include/autoware_planning_msgs/msg/detail/path_point_with_lane_id__struct.hpp
-- Installing: /root/r2ware/install/autoware_planning_msgs/include/autoware_planning_msgs/msg/detail/lanelet_route__struct.hpp
-- Installing: /root/r2ware/install/autoware_planning_msgs/include/autoware_planning_msgs/msg/detail/path_with_lane_id__builder.hpp
-- Installing: /root/r2ware/install/autoware_planning_msgs/include/autoware_planning_msgs/msg/detail/path_point__struct.hpp
-- Installing: /root/r2ware/install/autoware_planning_msgs/include/autoware_planning_msgs/msg/detail/trajectory__struct.hpp
-- Installing: /root/r2ware/install/autoware_planning_msgs/include/autoware_planning_msgs/msg/detail/trajectory_point__traits.hpp
-- Installing: /root/r2ware/install/autoware_planning_msgs/include/autoware_planning_msgs/msg/detail/path__struct.hpp
-- Installing: /root/r2ware/install/autoware_planning_msgs/include/autoware_planning_msgs/msg/detail/lanelet_segment__struct.hpp
-- Installing: /root/r2ware/install/autoware_planning_msgs/include/autoware_planning_msgs/msg/detail/lanelet_route__builder.hpp
-- Installing: /root/r2ware/install/autoware_planning_msgs/include/autoware_planning_msgs/msg/detail/trajectory__traits.hpp
-- Installing: /root/r2ware/install/autoware_planning_msgs/include/autoware_planning_msgs/msg/detail/trajectory_point__struct.hpp
-- Installing: /root/r2ware/install/autoware_planning_msgs/include/autoware_planning_msgs/msg/detail/lanelet_primitive__traits.hpp
-- Installing: /root/r2ware/install/autoware_planning_msgs/include/autoware_planning_msgs/msg/detail/lanelet_route__traits.hpp
-- Installing: /root/r2ware/install/autoware_planning_msgs/include/autoware_planning_msgs/msg/detail/path_point__builder.hpp
-- Installing: /root/r2ware/install/autoware_planning_msgs/include/autoware_planning_msgs/msg/detail/path__builder.hpp
-- Installing: /root/r2ware/install/autoware_planning_msgs/include/autoware_planning_msgs/msg/detail/pose_with_uuid_stamped__builder.hpp
-- Installing: /root/r2ware/install/autoware_planning_msgs/include/autoware_planning_msgs/msg/detail/path_point_with_lane_id__traits.hpp
-- Installing: /root/r2ware/install/autoware_planning_msgs/include/autoware_planning_msgs/msg/detail/lanelet_segment__builder.hpp
-- Installing: /root/r2ware/install/autoware_planning_msgs/include/autoware_planning_msgs/msg/detail/path_with_lane_id__traits.hpp
-- Installing: /root/r2ware/install/autoware_planning_msgs/include/autoware_planning_msgs/msg/detail/path_point__traits.hpp
-- Installing: /root/r2ware/install/autoware_planning_msgs/include/autoware_planning_msgs/msg/detail/path_point_with_lane_id__builder.hpp
-- Installing: /root/r2ware/install/autoware_planning_msgs/include/autoware_planning_msgs/msg/detail/pose_with_uuid_stamped__struct.hpp
-- Installing: /root/r2ware/install/autoware_planning_msgs/include/autoware_planning_msgs/msg/detail/lanelet_primitive__struct.hpp
-- Installing: /root/r2ware/install/autoware_planning_msgs/include/autoware_planning_msgs/msg/detail/lanelet_segment__traits.hpp
-- Installing: /root/r2ware/install/autoware_planning_msgs/include/autoware_planning_msgs/msg/detail/pose_with_uuid_stamped__traits.hpp
-- Installing: /root/r2ware/install/autoware_planning_msgs/include/autoware_planning_msgs/msg/lanelet_primitive.hpp
-- Installing: /root/r2ware/install/autoware_planning_msgs/include/autoware_planning_msgs/msg/lanelet_route.hpp
-- Installing: /root/r2ware/install/autoware_planning_msgs/include/autoware_planning_msgs/msg/path_with_lane_id.hpp
-- Up-to-date: /root/r2ware/install/autoware_planning_msgs/include/autoware_planning_msgs
-- Up-to-date: /root/r2ware/install/autoware_planning_msgs/include/autoware_planning_msgs/msg
-- Up-to-date: /root/r2ware/install/autoware_planning_msgs/include/autoware_planning_msgs/msg/detail
-- Installing: /root/r2ware/install/autoware_planning_msgs/include/autoware_planning_msgs/msg/detail/path_with_lane_id__type_support.cpp
-- Installing: /root/r2ware/install/autoware_planning_msgs/include/autoware_planning_msgs/msg/detail/pose_with_uuid_stamped__type_support.cpp
-- Installing: /root/r2ware/install/autoware_planning_msgs/include/autoware_planning_msgs/msg/detail/path_with_lane_id__rosidl_typesupport_introspection_cpp.hpp
-- Installing: /root/r2ware/install/autoware_planning_msgs/include/autoware_planning_msgs/msg/detail/trajectory__type_support.cpp
-- Installing: /root/r2ware/install/autoware_planning_msgs/include/autoware_planning_msgs/msg/detail/path_point_with_lane_id__rosidl_typesupport_introspection_cpp.hpp
-- Installing: /root/r2ware/install/autoware_planning_msgs/include/autoware_planning_msgs/msg/detail/pose_with_uuid_stamped__rosidl_typesupport_introspection_cpp.hpp
-- Installing: /root/r2ware/install/autoware_planning_msgs/include/autoware_planning_msgs/msg/detail/lanelet_route__rosidl_typesupport_introspection_cpp.hpp
-- Installing: /root/r2ware/install/autoware_planning_msgs/include/autoware_planning_msgs/msg/detail/trajectory__rosidl_typesupport_introspection_cpp.hpp
-- Installing: /root/r2ware/install/autoware_planning_msgs/include/autoware_planning_msgs/msg/detail/lanelet_primitive__rosidl_typesupport_introspection_cpp.hpp
-- Installing: /root/r2ware/install/autoware_planning_msgs/include/autoware_planning_msgs/msg/detail/trajectory_point__rosidl_typesupport_introspection_cpp.hpp
-- Installing: /root/r2ware/install/autoware_planning_msgs/include/autoware_planning_msgs/msg/detail/path_point__type_support.cpp
-- Installing: /root/r2ware/install/autoware_planning_msgs/include/autoware_planning_msgs/msg/detail/path__rosidl_typesupport_introspection_cpp.hpp
-- Installing: /root/r2ware/install/autoware_planning_msgs/include/autoware_planning_msgs/msg/detail/lanelet_route__type_support.cpp
-- Installing: /root/r2ware/install/autoware_planning_msgs/include/autoware_planning_msgs/msg/detail/path_point_with_lane_id__type_support.cpp
-- Installing: /root/r2ware/install/autoware_planning_msgs/include/autoware_planning_msgs/msg/detail/path__type_support.cpp
-- Installing: /root/r2ware/install/autoware_planning_msgs/include/autoware_planning_msgs/msg/detail/lanelet_segment__type_support.cpp
-- Installing: /root/r2ware/install/autoware_planning_msgs/include/autoware_planning_msgs/msg/detail/trajectory_point__type_support.cpp
-- Installing: /root/r2ware/install/autoware_planning_msgs/include/autoware_planning_msgs/msg/detail/lanelet_segment__rosidl_typesupport_introspection_cpp.hpp
-- Installing: /root/r2ware/install/autoware_planning_msgs/include/autoware_planning_msgs/msg/detail/lanelet_primitive__type_support.cpp
-- Installing: /root/r2ware/install/autoware_planning_msgs/include/autoware_planning_msgs/msg/detail/path_point__rosidl_typesupport_introspection_cpp.hpp
-- Installing: /root/r2ware/install/autoware_planning_msgs/lib/libautoware_planning_msgs__rosidl_typesupport_introspection_cpp.so
-- Set runtime path of "/root/r2ware/install/autoware_planning_msgs/lib/libautoware_planning_msgs__rosidl_typesupport_introspection_cpp.so" to ""
-- Installing: /root/r2ware/install/autoware_planning_msgs/lib/libautoware_planning_msgs__rosidl_typesupport_cpp.so
-- Set runtime path of "/root/r2ware/install/autoware_planning_msgs/lib/libautoware_planning_msgs__rosidl_typesupport_cpp.so" to ""
-- Installing: /root/r2ware/install/autoware_planning_msgs/share/autoware_planning_msgs/environment/pythonpath.sh
-- Installing: /root/r2ware/install/autoware_planning_msgs/share/autoware_planning_msgs/environment/pythonpath.dsv
-- Installing: /root/r2ware/install/autoware_planning_msgs/lib/python3.8/site-packages/autoware_planning_msgs/__init__.py
Compiling '/root/r2ware/install/autoware_planning_msgs/lib/python3.8/site-packages/autoware_planning_msgs/__init__.py'...
-- Installing: /root/r2ware/install/autoware_planning_msgs/lib/python3.8/site-packages/autoware_planning_msgs/msg
-- Installing: /root/r2ware/install/autoware_planning_msgs/lib/python3.8/site-packages/autoware_planning_msgs/msg/_lanelet_route.py
-- Installing: /root/r2ware/install/autoware_planning_msgs/lib/python3.8/site-packages/autoware_planning_msgs/msg/_lanelet_primitive.py
-- Installing: /root/r2ware/install/autoware_planning_msgs/lib/python3.8/site-packages/autoware_planning_msgs/msg/_path_point_with_lane_id_s.c
-- Installing: /root/r2ware/install/autoware_planning_msgs/lib/python3.8/site-packages/autoware_planning_msgs/msg/__init__.py
-- Installing: /root/r2ware/install/autoware_planning_msgs/lib/python3.8/site-packages/autoware_planning_msgs/msg/_path.py
-- Installing: /root/r2ware/install/autoware_planning_msgs/lib/python3.8/site-packages/autoware_planning_msgs/msg/_trajectory_point.py
-- Installing: /root/r2ware/install/autoware_planning_msgs/lib/python3.8/site-packages/autoware_planning_msgs/msg/_path_point.py
-- Installing: /root/r2ware/install/autoware_planning_msgs/lib/python3.8/site-packages/autoware_planning_msgs/msg/_pose_with_uuid_stamped.py
-- Installing: /root/r2ware/install/autoware_planning_msgs/lib/python3.8/site-packages/autoware_planning_msgs/msg/_path_point_s.c
-- Installing: /root/r2ware/install/autoware_planning_msgs/lib/python3.8/site-packages/autoware_planning_msgs/msg/_lanelet_route_s.c
-- Installing: /root/r2ware/install/autoware_planning_msgs/lib/python3.8/site-packages/autoware_planning_msgs/msg/_trajectory.py
-- Installing: /root/r2ware/install/autoware_planning_msgs/lib/python3.8/site-packages/autoware_planning_msgs/msg/_path_with_lane_id.py
-- Installing: /root/r2ware/install/autoware_planning_msgs/lib/python3.8/site-packages/autoware_planning_msgs/msg/_lanelet_segment_s.c
-- Installing: /root/r2ware/install/autoware_planning_msgs/lib/python3.8/site-packages/autoware_planning_msgs/msg/_trajectory_point_s.c
-- Installing: /root/r2ware/install/autoware_planning_msgs/lib/python3.8/site-packages/autoware_planning_msgs/msg/_path_s.c
-- Installing: /root/r2ware/install/autoware_planning_msgs/lib/python3.8/site-packages/autoware_planning_msgs/msg/_lanelet_segment.py
-- Installing: /root/r2ware/install/autoware_planning_msgs/lib/python3.8/site-packages/autoware_planning_msgs/msg/_pose_with_uuid_stamped_s.c
-- Installing: /root/r2ware/install/autoware_planning_msgs/lib/python3.8/site-packages/autoware_planning_msgs/msg/_path_with_lane_id_s.c
-- Installing: /root/r2ware/install/autoware_planning_msgs/lib/python3.8/site-packages/autoware_planning_msgs/msg/_trajectory_s.c
-- Installing: /root/r2ware/install/autoware_planning_msgs/lib/python3.8/site-packages/autoware_planning_msgs/msg/_path_point_with_lane_id.py
-- Installing: /root/r2ware/install/autoware_planning_msgs/lib/python3.8/site-packages/autoware_planning_msgs/msg/_lanelet_primitive_s.c
-- Installing: /root/r2ware/install/autoware_planning_msgs/lib/python3.8/site-packages/autoware_planning_msgs/autoware_planning_msgs_s__rosidl_typesupport_fastrtps_c.cpython-38-aarch64-linux-gnu.so
-- Set runtime path of "/root/r2ware/install/autoware_planning_msgs/lib/python3.8/site-packages/autoware_planning_msgs/autoware_planning_msgs_s__rosidl_typesupport_fastrtps_c.cpython-38-aarch64-linux-gnu.so" to ""
-- Installing: /root/r2ware/install/autoware_planning_msgs/lib/python3.8/site-packages/autoware_planning_msgs/autoware_planning_msgs_s__rosidl_typesupport_introspection_c.cpython-38-aarch64-linux-gnu.so
-- Set runtime path of "/root/r2ware/install/autoware_planning_msgs/lib/python3.8/site-packages/autoware_planning_msgs/autoware_planning_msgs_s__rosidl_typesupport_introspection_c.cpython-38-aarch64-linux-gnu.so" to ""
-- Installing: /root/r2ware/install/autoware_planning_msgs/lib/python3.8/site-packages/autoware_planning_msgs/autoware_planning_msgs_s__rosidl_typesupport_c.cpython-38-aarch64-linux-gnu.so
-- Set runtime path of "/root/r2ware/install/autoware_planning_msgs/lib/python3.8/site-packages/autoware_planning_msgs/autoware_planning_msgs_s__rosidl_typesupport_c.cpython-38-aarch64-linux-gnu.so" to ""
-- Installing: /root/r2ware/install/autoware_planning_msgs/lib/libautoware_planning_msgs__python.so
-- Set runtime path of "/root/r2ware/install/autoware_planning_msgs/lib/libautoware_planning_msgs__python.so" to ""
-- Installing: /root/r2ware/install/autoware_planning_msgs/share/autoware_planning_msgs/msg/LaneletPrimitive.idl
-- Installing: /root/r2ware/install/autoware_planning_msgs/share/autoware_planning_msgs/msg/LaneletRoute.idl
-- Installing: /root/r2ware/install/autoware_planning_msgs/share/autoware_planning_msgs/msg/LaneletSegment.idl
-- Installing: /root/r2ware/install/autoware_planning_msgs/share/autoware_planning_msgs/msg/PoseWithUuidStamped.idl
-- Installing: /root/r2ware/install/autoware_planning_msgs/share/autoware_planning_msgs/msg/Trajectory.idl
-- Installing: /root/r2ware/install/autoware_planning_msgs/share/autoware_planning_msgs/msg/TrajectoryPoint.idl
-- Installing: /root/r2ware/install/autoware_planning_msgs/share/autoware_planning_msgs/msg/Path.idl
-- Installing: /root/r2ware/install/autoware_planning_msgs/share/autoware_planning_msgs/msg/PathPoint.idl
-- Installing: /root/r2ware/install/autoware_planning_msgs/share/autoware_planning_msgs/msg/PathWithLaneId.idl
-- Installing: /root/r2ware/install/autoware_planning_msgs/share/autoware_planning_msgs/msg/PathPointWithLaneId.idl
-- Installing: /root/r2ware/install/autoware_planning_msgs/share/autoware_planning_msgs/msg/LaneletPrimitive.msg
-- Installing: /root/r2ware/install/autoware_planning_msgs/share/autoware_planning_msgs/msg/LaneletRoute.msg
-- Installing: /root/r2ware/install/autoware_planning_msgs/share/autoware_planning_msgs/msg/LaneletSegment.msg
-- Installing: /root/r2ware/install/autoware_planning_msgs/share/autoware_planning_msgs/msg/PoseWithUuidStamped.msg
-- Installing: /root/r2ware/install/autoware_planning_msgs/share/autoware_planning_msgs/msg/Trajectory.msg
-- Installing: /root/r2ware/install/autoware_planning_msgs/share/autoware_planning_msgs/msg/TrajectoryPoint.msg
-- Installing: /root/r2ware/install/autoware_planning_msgs/share/autoware_planning_msgs/msg/Path.msg
-- Installing: /root/r2ware/install/autoware_planning_msgs/share/autoware_planning_msgs/msg/PathPoint.msg
-- Installing: /root/r2ware/install/autoware_planning_msgs/share/autoware_planning_msgs/msg/PathWithLaneId.msg
-- Installing: /root/r2ware/install/autoware_planning_msgs/share/autoware_planning_msgs/msg/PathPointWithLaneId.msg
-- Installing: /root/r2ware/install/autoware_planning_msgs/share/ament_index/resource_index/package_run_dependencies/autoware_planning_msgs
-- Installing: /root/r2ware/install/autoware_planning_msgs/share/ament_index/resource_index/parent_prefix_path/autoware_planning_msgs
-- Installing: /root/r2ware/install/autoware_planning_msgs/share/autoware_planning_msgs/environment/ament_prefix_path.sh
-- Installing: /root/r2ware/install/autoware_planning_msgs/share/autoware_planning_msgs/environment/ament_prefix_path.dsv
-- Installing: /root/r2ware/install/autoware_planning_msgs/share/autoware_planning_msgs/environment/path.sh
-- Installing: /root/r2ware/install/autoware_planning_msgs/share/autoware_planning_msgs/environment/path.dsv
-- Installing: /root/r2ware/install/autoware_planning_msgs/share/autoware_planning_msgs/local_setup.bash
-- Installing: /root/r2ware/install/autoware_planning_msgs/share/autoware_planning_msgs/local_setup.sh
-- Installing: /root/r2ware/install/autoware_planning_msgs/share/autoware_planning_msgs/local_setup.zsh
-- Installing: /root/r2ware/install/autoware_planning_msgs/share/autoware_planning_msgs/local_setup.dsv
-- Installing: /root/r2ware/install/autoware_planning_msgs/share/autoware_planning_msgs/package.dsv
-- Installing: /root/r2ware/install/autoware_planning_msgs/share/ament_index/resource_index/packages/autoware_planning_msgs
-- Installing: /root/r2ware/install/autoware_planning_msgs/share/autoware_planning_msgs/cmake/autoware_planning_msgs__rosidl_generator_cExport.cmake
-- Installing: /root/r2ware/install/autoware_planning_msgs/share/autoware_planning_msgs/cmake/autoware_planning_msgs__rosidl_generator_cExport-noconfig.cmake
-- Installing: /root/r2ware/install/autoware_planning_msgs/share/autoware_planning_msgs/cmake/autoware_planning_msgs__rosidl_typesupport_introspection_cExport.cmake
-- Installing: /root/r2ware/install/autoware_planning_msgs/share/autoware_planning_msgs/cmake/autoware_planning_msgs__rosidl_typesupport_introspection_cExport-noconfig.cmake
-- Installing: /root/r2ware/install/autoware_planning_msgs/share/autoware_planning_msgs/cmake/autoware_planning_msgs__rosidl_typesupport_cExport.cmake
-- Installing: /root/r2ware/install/autoware_planning_msgs/share/autoware_planning_msgs/cmake/autoware_planning_msgs__rosidl_typesupport_cExport-noconfig.cmake
-- Installing: /root/r2ware/install/autoware_planning_msgs/share/autoware_planning_msgs/cmake/autoware_planning_msgs__rosidl_generator_cppExport.cmake
-- Installing: /root/r2ware/install/autoware_planning_msgs/share/autoware_planning_msgs/cmake/autoware_planning_msgs__rosidl_typesupport_introspection_cppExport.cmake
-- Installing: /root/r2ware/install/autoware_planning_msgs/share/autoware_planning_msgs/cmake/autoware_planning_msgs__rosidl_typesupport_introspection_cppExport-noconfig.cmake
-- Installing: /root/r2ware/install/autoware_planning_msgs/share/autoware_planning_msgs/cmake/autoware_planning_msgs__rosidl_typesupport_cppExport.cmake
-- Installing: /root/r2ware/install/autoware_planning_msgs/share/autoware_planning_msgs/cmake/autoware_planning_msgs__rosidl_typesupport_cppExport-noconfig.cmake
-- Installing: /root/r2ware/install/autoware_planning_msgs/share/autoware_planning_msgs/cmake/rosidl_cmake-extras.cmake
-- Installing: /root/r2ware/install/autoware_planning_msgs/share/autoware_planning_msgs/cmake/ament_cmake_export_dependencies-extras.cmake
-- Installing: /root/r2ware/install/autoware_planning_msgs/share/autoware_planning_msgs/cmake/ament_cmake_export_libraries-extras.cmake
-- Installing: /root/r2ware/install/autoware_planning_msgs/share/autoware_planning_msgs/cmake/ament_cmake_export_targets-extras.cmake
-- Installing: /root/r2ware/install/autoware_planning_msgs/share/autoware_planning_msgs/cmake/ament_cmake_export_include_directories-extras.cmake
-- Installing: /root/r2ware/install/autoware_planning_msgs/share/autoware_planning_msgs/cmake/rosidl_cmake_export_typesupport_libraries-extras.cmake
-- Installing: /root/r2ware/install/autoware_planning_msgs/share/autoware_planning_msgs/cmake/rosidl_cmake_export_typesupport_targets-extras.cmake
-- Installing: /root/r2ware/install/autoware_planning_msgs/share/autoware_planning_msgs/cmake/autoware_planning_msgsConfig.cmake
-- Installing: /root/r2ware/install/autoware_planning_msgs/share/autoware_planning_msgs/cmake/autoware_planning_msgsConfig-version.cmake
-- Installing: /root/r2ware/install/autoware_planning_msgs/share/autoware_planning_msgs/package.xml
