[0.192s] Invoking command in '/root/r2ware/build/autoware_planning_msgs': CMAKE_PREFIX_PATH=${CMAKE_PREFIX_PATH}:/root/yahboomcar_ros2_ws/yahboomcar_ws/install/yahboomcar_voice_ctrl:/root/yahboomcar_ros2_ws/yahboomcar_ws/install/yahboomcar_visual:/root/yahboomcar_ros2_ws/yahboomcar_ws/install/yahboomcar_nav:/root/yahboomcar_ros2_ws/yahboomcar_ws/install/yahboomcar_multi:/root/yahboomcar_ros2_ws/yahboomcar_ws/install/yahboomcar_mediapipe:/root/yahboomcar_ros2_ws/yahboomcar_ws/install/yahboomcar_linefollow:/root/yahboomcar_ros2_ws/yahboomcar_ws/install/yahboomcar_laser:/root/yahboomcar_ros2_ws/yahboomcar_ws/install/yahboomcar_description_x1:/root/yahboomcar_ros2_ws/yahboomcar_ws/install/yahboomcar_description:/root/yahboomcar_ros2_ws/yahboomcar_ws/install/yahboomcar_ctrl:/root/yahboomcar_ros2_ws/yahboomcar_ws/install/yahboomcar_bringup:/root/yahboomcar_ros2_ws/yahboomcar_ws/install/yahboomcar_astra:/root/yahboomcar_ros2_ws/yahboomcar_ws/install/yahboom_app_save_map:/root/yahboomcar_ros2_ws/yahboomcar_ws/install/robot_pose_publisher:/root/yahboomcar_ros2_ws/yahboomcar_ws/install/laserscan_to_point_pulisher:/opt/ros/foxy /usr/bin/cmake /root/r2ware/src/autoware_dependencies/core/autoware_msgs/autoware_planning_msgs -DCMAKE_INSTALL_PREFIX=/root/r2ware/install/autoware_planning_msgs
[0.496s] -- The C compiler identification is GNU 9.4.0
[0.739s] -- The CXX compiler identification is GNU 9.4.0
[0.756s] -- Check for working C compiler: /usr/bin/cc
[1.054s] -- Check for working C compiler: /usr/bin/cc -- works
[1.055s] -- Detecting C compiler ABI info
[1.335s] -- Detecting C compiler ABI info - done
[1.359s] -- Detecting C compile features
[1.360s] -- Detecting C compile features - done
[1.367s] -- Check for working CXX compiler: /usr/bin/c++
[1.667s] -- Check for working CXX compiler: /usr/bin/c++ -- works
[1.669s] -- Detecting CXX compiler ABI info
[1.932s] -- Detecting CXX compiler ABI info - done
[1.951s] -- Detecting CXX compile features
[1.952s] -- Detecting CXX compile features - done
[1.985s] -- Found ament_cmake_auto: 0.9.11 (/opt/ros/foxy/share/ament_cmake_auto/cmake)
[2.169s] -- Found PythonInterp: /usr/bin/python3 (found suitable version "3.8.10", minimum required is "3") 
[2.169s] -- Using PYTHON_EXECUTABLE: /usr/bin/python3
[3.315s] -- Using all available rosidl_typesupport_c: rosidl_typesupport_fastrtps_c;rosidl_typesupport_introspection_c
[3.387s] -- Found rosidl_adapter: 1.3.0 (/opt/ros/foxy/share/rosidl_adapter/cmake)
[4.118s] -- Found OpenSSL: /usr/lib/aarch64-linux-gnu/libcrypto.so (found version "1.1.1f")  
[4.333s] -- Found FastRTPS: /opt/ros/foxy/include  
[4.769s] -- Using all available rosidl_typesupport_cpp: rosidl_typesupport_fastrtps_cpp;rosidl_typesupport_introspection_cpp
[5.378s] -- Found PythonInterp: /usr/bin/python3 (found version "3.8.10") 
[5.818s] -- Found ament_cmake_cppcheck: 0.9.7 (/opt/ros/foxy/share/ament_cmake_cppcheck/cmake)
[5.836s] -- Found ament_cmake_cpplint: 0.9.7 (/opt/ros/foxy/share/ament_cmake_cpplint/cmake)
[5.857s] -- Found ament_cmake_uncrustify: 0.9.7 (/opt/ros/foxy/share/ament_cmake_uncrustify/cmake)
[5.881s] -- Found ament_cmake_ros: 0.9.2 (/opt/ros/foxy/share/ament_cmake_ros/cmake)
[6.659s] -- Using all available rosidl_typesupport_c: rosidl_typesupport_fastrtps_c;rosidl_typesupport_introspection_c
[6.994s] -- Using all available rosidl_typesupport_cpp: rosidl_typesupport_fastrtps_cpp;rosidl_typesupport_introspection_cpp
[7.186s] -- Found PythonInterp: /usr/bin/python3 (found suitable version "3.8.10", minimum required is "3.5") 
[7.203s] -- Found python_cmake_module: 0.8.1 (/opt/ros/foxy/share/python_cmake_module/cmake)
[7.363s] -- Found PythonLibs: /usr/lib/aarch64-linux-gnu/libpython3.8.so (found suitable version "3.8.10", minimum required is "3.5") 
[7.364s] -- Using PYTHON_EXECUTABLE: /usr/bin/python3
[7.364s] -- Using PYTHON_INCLUDE_DIRS: /usr/include/python3.8
[7.364s] -- Using PYTHON_LIBRARIES: /usr/lib/aarch64-linux-gnu/libpython3.8.so
[7.518s] -- Found PythonExtra: .so  
[8.170s] -- Found ament_cmake_flake8: 0.9.7 (/opt/ros/foxy/share/ament_cmake_flake8/cmake)
[8.215s] -- Found ament_cmake_pep257: 0.9.7 (/opt/ros/foxy/share/ament_cmake_pep257/cmake)
[8.259s] -- Found ament_lint_auto: 0.9.7 (/opt/ros/foxy/share/ament_lint_auto/cmake)
[8.441s] -- Added test 'copyright' to check source files copyright and LICENSE
[8.445s] -- Added test 'lint_cmake' to check CMake code style
[8.460s] -- Added test 'xmllint' to check XML markup files
[8.484s] -- Configuring done
[9.018s] -- Generating done
[9.050s] -- Build files have been written to: /root/r2ware/build/autoware_planning_msgs
[9.148s] Invoked command in '/root/r2ware/build/autoware_planning_msgs' returned '0': CMAKE_PREFIX_PATH=${CMAKE_PREFIX_PATH}:/root/yahboomcar_ros2_ws/yahboomcar_ws/install/yahboomcar_voice_ctrl:/root/yahboomcar_ros2_ws/yahboomcar_ws/install/yahboomcar_visual:/root/yahboomcar_ros2_ws/yahboomcar_ws/install/yahboomcar_nav:/root/yahboomcar_ros2_ws/yahboomcar_ws/install/yahboomcar_multi:/root/yahboomcar_ros2_ws/yahboomcar_ws/install/yahboomcar_mediapipe:/root/yahboomcar_ros2_ws/yahboomcar_ws/install/yahboomcar_linefollow:/root/yahboomcar_ros2_ws/yahboomcar_ws/install/yahboomcar_laser:/root/yahboomcar_ros2_ws/yahboomcar_ws/install/yahboomcar_description_x1:/root/yahboomcar_ros2_ws/yahboomcar_ws/install/yahboomcar_description:/root/yahboomcar_ros2_ws/yahboomcar_ws/install/yahboomcar_ctrl:/root/yahboomcar_ros2_ws/yahboomcar_ws/install/yahboomcar_bringup:/root/yahboomcar_ros2_ws/yahboomcar_ws/install/yahboomcar_astra:/root/yahboomcar_ros2_ws/yahboomcar_ws/install/yahboom_app_save_map:/root/yahboomcar_ros2_ws/yahboomcar_ws/install/robot_pose_publisher:/root/yahboomcar_ros2_ws/yahboomcar_ws/install/laserscan_to_point_pulisher:/opt/ros/foxy /usr/bin/cmake /root/r2ware/src/autoware_dependencies/core/autoware_msgs/autoware_planning_msgs -DCMAKE_INSTALL_PREFIX=/root/r2ware/install/autoware_planning_msgs
[9.150s] Invoking command in '/root/r2ware/build/autoware_planning_msgs': CMAKE_PREFIX_PATH=${CMAKE_PREFIX_PATH}:/root/yahboomcar_ros2_ws/yahboomcar_ws/install/yahboomcar_voice_ctrl:/root/yahboomcar_ros2_ws/yahboomcar_ws/install/yahboomcar_visual:/root/yahboomcar_ros2_ws/yahboomcar_ws/install/yahboomcar_nav:/root/yahboomcar_ros2_ws/yahboomcar_ws/install/yahboomcar_multi:/root/yahboomcar_ros2_ws/yahboomcar_ws/install/yahboomcar_mediapipe:/root/yahboomcar_ros2_ws/yahboomcar_ws/install/yahboomcar_linefollow:/root/yahboomcar_ros2_ws/yahboomcar_ws/install/yahboomcar_laser:/root/yahboomcar_ros2_ws/yahboomcar_ws/install/yahboomcar_description_x1:/root/yahboomcar_ros2_ws/yahboomcar_ws/install/yahboomcar_description:/root/yahboomcar_ros2_ws/yahboomcar_ws/install/yahboomcar_ctrl:/root/yahboomcar_ros2_ws/yahboomcar_ws/install/yahboomcar_bringup:/root/yahboomcar_ros2_ws/yahboomcar_ws/install/yahboomcar_astra:/root/yahboomcar_ros2_ws/yahboomcar_ws/install/yahboom_app_save_map:/root/yahboomcar_ros2_ws/yahboomcar_ws/install/robot_pose_publisher:/root/yahboomcar_ros2_ws/yahboomcar_ws/install/laserscan_to_point_pulisher:/opt/ros/foxy /usr/bin/cmake --build /root/r2ware/build/autoware_planning_msgs -- -j8 -l8
[11.364s] [35m[1mScanning dependencies of target autoware_planning_msgs__cpp[0m
[11.365s] [  1%] [34m[1mGenerating C code for ROS interfaces[0m
[11.365s] [  1%] [34m[1mGenerating C++ code for ROS interfaces[0m
[14.295s] [  1%] Built target autoware_planning_msgs__cpp
[14.556s] [  2%] [34m[1mGenerating C++ introspection for ROS interfaces[0m
[14.574s] [  3%] [34m[1mGenerating C++ type support for eProsima Fast-RTPS[0m
[14.731s] [  4%] [34m[1mGenerating C++ type support dispatch for ROS interfaces[0m
[15.760s] [35m[1mScanning dependencies of target autoware_planning_msgs__rosidl_generator_c[0m
[16.004s] [  5%] [32mBuilding C object CMakeFiles/autoware_planning_msgs__rosidl_generator_c.dir/rosidl_generator_c/autoware_planning_msgs/msg/detail/lanelet_primitive__functions.c.o[0m
[16.071s] [  6%] [32mBuilding C object CMakeFiles/autoware_planning_msgs__rosidl_generator_c.dir/rosidl_generator_c/autoware_planning_msgs/msg/detail/lanelet_route__functions.c.o[0m
[16.154s] [  7%] [32mBuilding C object CMakeFiles/autoware_planning_msgs__rosidl_generator_c.dir/rosidl_generator_c/autoware_planning_msgs/msg/detail/lanelet_segment__functions.c.o[0m
[16.175s] [  8%] [32mBuilding C object CMakeFiles/autoware_planning_msgs__rosidl_generator_c.dir/rosidl_generator_c/autoware_planning_msgs/msg/detail/pose_with_uuid_stamped__functions.c.o[0m
[16.178s] [  9%] [32mBuilding C object CMakeFiles/autoware_planning_msgs__rosidl_generator_c.dir/rosidl_generator_c/autoware_planning_msgs/msg/detail/trajectory__functions.c.o[0m
[16.401s] [ 10%] [32mBuilding C object CMakeFiles/autoware_planning_msgs__rosidl_generator_c.dir/rosidl_generator_c/autoware_planning_msgs/msg/detail/trajectory_point__functions.c.o[0m
[16.603s] [ 11%] [32mBuilding C object CMakeFiles/autoware_planning_msgs__rosidl_generator_c.dir/rosidl_generator_c/autoware_planning_msgs/msg/detail/path__functions.c.o[0m
[16.836s] [ 12%] [32mBuilding C object CMakeFiles/autoware_planning_msgs__rosidl_generator_c.dir/rosidl_generator_c/autoware_planning_msgs/msg/detail/path_point__functions.c.o[0m
[16.961s] [ 13%] [32mBuilding C object CMakeFiles/autoware_planning_msgs__rosidl_generator_c.dir/rosidl_generator_c/autoware_planning_msgs/msg/detail/path_with_lane_id__functions.c.o[0m
[17.076s] [ 14%] [32mBuilding C object CMakeFiles/autoware_planning_msgs__rosidl_generator_c.dir/rosidl_generator_c/autoware_planning_msgs/msg/detail/path_point_with_lane_id__functions.c.o[0m
[17.778s] [ 15%] [32m[1mLinking C shared library libautoware_planning_msgs__rosidl_generator_c.so[0m
[18.480s] [ 15%] Built target autoware_planning_msgs__rosidl_generator_c
[18.675s] [ 16%] [34m[1mGenerating C introspection for ROS interfaces[0m
[18.679s] [ 17%] [34m[1mGenerating C type support dispatch for ROS interfaces[0m
[19.712s] [35m[1mScanning dependencies of target autoware_planning_msgs__rosidl_typesupport_cpp[0m
[19.914s] [ 18%] [32mBuilding CXX object CMakeFiles/autoware_planning_msgs__rosidl_typesupport_cpp.dir/rosidl_typesupport_cpp/autoware_planning_msgs/msg/lanelet_primitive__type_support.cpp.o[0m
[20.160s] [ 19%] [32mBuilding CXX object CMakeFiles/autoware_planning_msgs__rosidl_typesupport_cpp.dir/rosidl_typesupport_cpp/autoware_planning_msgs/msg/lanelet_route__type_support.cpp.o[0m
[20.447s] [ 20%] [32mBuilding CXX object CMakeFiles/autoware_planning_msgs__rosidl_typesupport_cpp.dir/rosidl_typesupport_cpp/autoware_planning_msgs/msg/lanelet_segment__type_support.cpp.o[0m
[20.489s] [ 21%] [32mBuilding CXX object CMakeFiles/autoware_planning_msgs__rosidl_typesupport_cpp.dir/rosidl_typesupport_cpp/autoware_planning_msgs/msg/pose_with_uuid_stamped__type_support.cpp.o[0m
[20.491s] [35m[1mScanning dependencies of target autoware_planning_msgs__rosidl_typesupport_fastrtps_cpp[0m
[20.784s] [ 22%] [32mBuilding CXX object CMakeFiles/autoware_planning_msgs__rosidl_typesupport_fastrtps_cpp.dir/rosidl_typesupport_fastrtps_cpp/autoware_planning_msgs/msg/detail/dds_fastrtps/lanelet_primitive__type_support.cpp.o[0m
[22.191s] [35m[1mScanning dependencies of target autoware_planning_msgs__rosidl_typesupport_introspection_cpp[0m
[22.405s] [ 23%] [32mBuilding CXX object CMakeFiles/autoware_planning_msgs__rosidl_typesupport_introspection_cpp.dir/rosidl_typesupport_introspection_cpp/autoware_planning_msgs/msg/detail/lanelet_primitive__type_support.cpp.o[0m
[23.139s] [ 24%] [32mBuilding CXX object CMakeFiles/autoware_planning_msgs__rosidl_typesupport_cpp.dir/rosidl_typesupport_cpp/autoware_planning_msgs/msg/trajectory_point__type_support.cpp.o[0m
[23.334s] [35m[1mScanning dependencies of target autoware_planning_msgs__rosidl_typesupport_c[0m
[23.358s] [ 25%] [32mBuilding CXX object CMakeFiles/autoware_planning_msgs__rosidl_typesupport_fastrtps_cpp.dir/rosidl_typesupport_fastrtps_cpp/autoware_planning_msgs/msg/detail/dds_fastrtps/lanelet_route__type_support.cpp.o[0m
[23.489s] [ 26%] [32mBuilding CXX object CMakeFiles/autoware_planning_msgs__rosidl_typesupport_c.dir/rosidl_typesupport_c/autoware_planning_msgs/msg/lanelet_primitive__type_support.cpp.o[0m
[23.753s] [ 27%] [32mBuilding CXX object CMakeFiles/autoware_planning_msgs__rosidl_typesupport_c.dir/rosidl_typesupport_c/autoware_planning_msgs/msg/lanelet_route__type_support.cpp.o[0m
[23.986s] [ 28%] [32mBuilding CXX object CMakeFiles/autoware_planning_msgs__rosidl_typesupport_c.dir/rosidl_typesupport_c/autoware_planning_msgs/msg/lanelet_segment__type_support.cpp.o[0m
[24.159s] [35m[1mScanning dependencies of target autoware_planning_msgs__rosidl_typesupport_introspection_c[0m
[24.216s] [ 29%] [32mBuilding CXX object CMakeFiles/autoware_planning_msgs__rosidl_typesupport_introspection_cpp.dir/rosidl_typesupport_introspection_cpp/autoware_planning_msgs/msg/detail/lanelet_route__type_support.cpp.o[0m
[24.218s] [ 30%] [32mBuilding CXX object CMakeFiles/autoware_planning_msgs__rosidl_typesupport_c.dir/rosidl_typesupport_c/autoware_planning_msgs/msg/pose_with_uuid_stamped__type_support.cpp.o[0m
[24.349s] [ 31%] [32mBuilding C object CMakeFiles/autoware_planning_msgs__rosidl_typesupport_introspection_c.dir/rosidl_typesupport_introspection_c/autoware_planning_msgs/msg/detail/lanelet_primitive__type_support.c.o[0m
[24.472s] [ 32%] [32mBuilding CXX object CMakeFiles/autoware_planning_msgs__rosidl_typesupport_c.dir/rosidl_typesupport_c/autoware_planning_msgs/msg/trajectory__type_support.cpp.o[0m
[24.634s] [ 33%] [32mBuilding C object CMakeFiles/autoware_planning_msgs__rosidl_typesupport_introspection_c.dir/rosidl_typesupport_introspection_c/autoware_planning_msgs/msg/detail/lanelet_route__type_support.c.o[0m
[24.727s] [ 34%] [32mBuilding CXX object CMakeFiles/autoware_planning_msgs__rosidl_typesupport_c.dir/rosidl_typesupport_c/autoware_planning_msgs/msg/trajectory_point__type_support.cpp.o[0m
[24.948s] [ 35%] [32mBuilding C object CMakeFiles/autoware_planning_msgs__rosidl_typesupport_introspection_c.dir/rosidl_typesupport_introspection_c/autoware_planning_msgs/msg/detail/lanelet_segment__type_support.c.o[0m
[24.983s] [ 36%] [32mBuilding CXX object CMakeFiles/autoware_planning_msgs__rosidl_typesupport_c.dir/rosidl_typesupport_c/autoware_planning_msgs/msg/path__type_support.cpp.o[0m
[24.998s] [ 37%] [32mBuilding CXX object CMakeFiles/autoware_planning_msgs__rosidl_typesupport_cpp.dir/rosidl_typesupport_cpp/autoware_planning_msgs/msg/path__type_support.cpp.o[0m
[25.256s] [ 38%] [32mBuilding C object CMakeFiles/autoware_planning_msgs__rosidl_typesupport_introspection_c.dir/rosidl_typesupport_introspection_c/autoware_planning_msgs/msg/detail/pose_with_uuid_stamped__type_support.c.o[0m
[25.283s] [ 39%] [32mBuilding CXX object CMakeFiles/autoware_planning_msgs__rosidl_typesupport_c.dir/rosidl_typesupport_c/autoware_planning_msgs/msg/path_point__type_support.cpp.o[0m
[25.575s] [ 39%] [32mBuilding CXX object CMakeFiles/autoware_planning_msgs__rosidl_typesupport_fastrtps_cpp.dir/rosidl_typesupport_fastrtps_cpp/autoware_planning_msgs/msg/detail/dds_fastrtps/lanelet_segment__type_support.cpp.o[0m
[25.577s] [ 39%] [32mBuilding CXX object CMakeFiles/autoware_planning_msgs__rosidl_typesupport_c.dir/rosidl_typesupport_c/autoware_planning_msgs/msg/path_with_lane_id__type_support.cpp.o[0m
[25.585s] [ 40%] [32mBuilding C object CMakeFiles/autoware_planning_msgs__rosidl_typesupport_introspection_c.dir/rosidl_typesupport_introspection_c/autoware_planning_msgs/msg/detail/trajectory__type_support.c.o[0m
[25.820s] [ 41%] [32mBuilding C object CMakeFiles/autoware_planning_msgs__rosidl_typesupport_introspection_c.dir/rosidl_typesupport_introspection_c/autoware_planning_msgs/msg/detail/trajectory_point__type_support.c.o[0m
[25.861s] [ 42%] [32mBuilding CXX object CMakeFiles/autoware_planning_msgs__rosidl_typesupport_c.dir/rosidl_typesupport_c/autoware_planning_msgs/msg/path_point_with_lane_id__type_support.cpp.o[0m
[26.047s] [ 43%] [32m[1mLinking CXX shared library libautoware_planning_msgs__rosidl_typesupport_c.so[0m
[26.090s] [ 44%] [32mBuilding C object CMakeFiles/autoware_planning_msgs__rosidl_typesupport_introspection_c.dir/rosidl_typesupport_introspection_c/autoware_planning_msgs/msg/detail/path__type_support.c.o[0m
[26.349s] [ 44%] Built target autoware_planning_msgs__rosidl_typesupport_c
[26.354s] [ 45%] [32mBuilding CXX object CMakeFiles/autoware_planning_msgs__rosidl_typesupport_cpp.dir/rosidl_typesupport_cpp/autoware_planning_msgs/msg/trajectory__type_support.cpp.o[0m
[26.413s] [ 46%] [32mBuilding C object CMakeFiles/autoware_planning_msgs__rosidl_typesupport_introspection_c.dir/rosidl_typesupport_introspection_c/autoware_planning_msgs/msg/detail/path_point__type_support.c.o[0m
[26.423s] [ 47%] [32mBuilding CXX object CMakeFiles/autoware_planning_msgs__rosidl_typesupport_introspection_cpp.dir/rosidl_typesupport_introspection_cpp/autoware_planning_msgs/msg/detail/trajectory__type_support.cpp.o[0m
[26.620s] [ 48%] [32mBuilding C object CMakeFiles/autoware_planning_msgs__rosidl_typesupport_introspection_c.dir/rosidl_typesupport_introspection_c/autoware_planning_msgs/msg/detail/path_with_lane_id__type_support.c.o[0m
[26.880s] [ 49%] [32mBuilding C object CMakeFiles/autoware_planning_msgs__rosidl_typesupport_introspection_c.dir/rosidl_typesupport_introspection_c/autoware_planning_msgs/msg/detail/path_point_with_lane_id__type_support.c.o[0m
[27.172s] [ 50%] [32m[1mLinking C shared library libautoware_planning_msgs__rosidl_typesupport_introspection_c.so[0m
[27.460s] [ 50%] Built target autoware_planning_msgs__rosidl_typesupport_introspection_c
[27.586s] [ 51%] [32mBuilding CXX object CMakeFiles/autoware_planning_msgs__rosidl_typesupport_introspection_cpp.dir/rosidl_typesupport_introspection_cpp/autoware_planning_msgs/msg/detail/trajectory_point__type_support.cpp.o[0m
[27.719s] [ 52%] [32mBuilding CXX object CMakeFiles/autoware_planning_msgs__rosidl_typesupport_fastrtps_cpp.dir/rosidl_typesupport_fastrtps_cpp/autoware_planning_msgs/msg/detail/dds_fastrtps/trajectory__type_support.cpp.o[0m
[27.888s] [ 53%] [32mBuilding CXX object CMakeFiles/autoware_planning_msgs__rosidl_typesupport_cpp.dir/rosidl_typesupport_cpp/autoware_planning_msgs/msg/path_point__type_support.cpp.o[0m
[28.483s] [ 54%] [32mBuilding CXX object CMakeFiles/autoware_planning_msgs__rosidl_typesupport_introspection_cpp.dir/rosidl_typesupport_introspection_cpp/autoware_planning_msgs/msg/detail/path__type_support.cpp.o[0m
[28.963s] [ 55%] [32mBuilding CXX object CMakeFiles/autoware_planning_msgs__rosidl_typesupport_cpp.dir/rosidl_typesupport_cpp/autoware_planning_msgs/msg/path_with_lane_id__type_support.cpp.o[0m
[29.561s] [ 56%] [32mBuilding CXX object CMakeFiles/autoware_planning_msgs__rosidl_typesupport_fastrtps_cpp.dir/rosidl_typesupport_fastrtps_cpp/autoware_planning_msgs/msg/detail/dds_fastrtps/path__type_support.cpp.o[0m
[29.821s] [ 57%] [32mBuilding CXX object CMakeFiles/autoware_planning_msgs__rosidl_typesupport_cpp.dir/rosidl_typesupport_cpp/autoware_planning_msgs/msg/path_point_with_lane_id__type_support.cpp.o[0m
[30.765s] [ 58%] [32mBuilding CXX object CMakeFiles/autoware_planning_msgs__rosidl_typesupport_introspection_cpp.dir/rosidl_typesupport_introspection_cpp/autoware_planning_msgs/msg/detail/path_point__type_support.cpp.o[0m
[31.003s] [ 59%] [32m[1mLinking CXX shared library libautoware_planning_msgs__rosidl_typesupport_cpp.so[0m
[31.302s] [ 59%] Built target autoware_planning_msgs__rosidl_typesupport_cpp
[31.460s] [ 60%] [32mBuilding CXX object CMakeFiles/autoware_planning_msgs__rosidl_typesupport_fastrtps_cpp.dir/rosidl_typesupport_fastrtps_cpp/autoware_planning_msgs/msg/detail/dds_fastrtps/path_point__type_support.cpp.o[0m
[31.813s] [ 61%] [32mBuilding CXX object CMakeFiles/autoware_planning_msgs__rosidl_typesupport_introspection_cpp.dir/rosidl_typesupport_introspection_cpp/autoware_planning_msgs/msg/detail/path_point_with_lane_id__type_support.cpp.o[0m
[32.801s] [ 62%] [32mBuilding CXX object CMakeFiles/autoware_planning_msgs__rosidl_typesupport_introspection_cpp.dir/rosidl_typesupport_introspection_cpp/autoware_planning_msgs/msg/detail/path_with_lane_id__type_support.cpp.o[0m
[32.916s] [ 63%] [32mBuilding CXX object CMakeFiles/autoware_planning_msgs__rosidl_typesupport_fastrtps_cpp.dir/rosidl_typesupport_fastrtps_cpp/autoware_planning_msgs/msg/detail/dds_fastrtps/path_point_with_lane_id__type_support.cpp.o[0m
[33.923s] [ 64%] [32mBuilding CXX object CMakeFiles/autoware_planning_msgs__rosidl_typesupport_introspection_cpp.dir/rosidl_typesupport_introspection_cpp/autoware_planning_msgs/msg/detail/pose_with_uuid_stamped__type_support.cpp.o[0m
[34.095s] [ 65%] [32mBuilding CXX object CMakeFiles/autoware_planning_msgs__rosidl_typesupport_fastrtps_cpp.dir/rosidl_typesupport_fastrtps_cpp/autoware_planning_msgs/msg/detail/dds_fastrtps/path_with_lane_id__type_support.cpp.o[0m
[34.844s] [ 66%] [32mBuilding CXX object CMakeFiles/autoware_planning_msgs__rosidl_typesupport_introspection_cpp.dir/rosidl_typesupport_introspection_cpp/autoware_planning_msgs/msg/detail/lanelet_segment__type_support.cpp.o[0m
[35.494s] [ 67%] [32mBuilding CXX object CMakeFiles/autoware_planning_msgs__rosidl_typesupport_fastrtps_cpp.dir/rosidl_typesupport_fastrtps_cpp/autoware_planning_msgs/msg/detail/dds_fastrtps/trajectory_point__type_support.cpp.o[0m
[35.764s] [ 68%] [32m[1mLinking CXX shared library libautoware_planning_msgs__rosidl_typesupport_introspection_cpp.so[0m
[36.123s] [ 68%] Built target autoware_planning_msgs__rosidl_typesupport_introspection_cpp
[36.653s] [ 69%] [32mBuilding CXX object CMakeFiles/autoware_planning_msgs__rosidl_typesupport_fastrtps_cpp.dir/rosidl_typesupport_fastrtps_cpp/autoware_planning_msgs/msg/detail/dds_fastrtps/pose_with_uuid_stamped__type_support.cpp.o[0m
[37.748s] [ 70%] [32m[1mLinking CXX shared library libautoware_planning_msgs__rosidl_typesupport_fastrtps_cpp.so[0m
[38.055s] [ 70%] Built target autoware_planning_msgs__rosidl_typesupport_fastrtps_cpp
[38.142s] [ 71%] [34m[1mGenerating C type support for eProsima Fast-RTPS[0m
[40.089s] [35m[1mScanning dependencies of target autoware_planning_msgs__rosidl_typesupport_fastrtps_c[0m
[40.208s] [ 72%] [32mBuilding CXX object CMakeFiles/autoware_planning_msgs__rosidl_typesupport_fastrtps_c.dir/rosidl_typesupport_fastrtps_c/autoware_planning_msgs/msg/detail/lanelet_primitive__type_support_c.cpp.o[0m
[41.122s] [ 73%] [32mBuilding CXX object CMakeFiles/autoware_planning_msgs__rosidl_typesupport_fastrtps_c.dir/rosidl_typesupport_fastrtps_c/autoware_planning_msgs/msg/detail/path_point__type_support_c.cpp.o[0m
[42.008s] [ 74%] [32mBuilding CXX object CMakeFiles/autoware_planning_msgs__rosidl_typesupport_fastrtps_c.dir/rosidl_typesupport_fastrtps_c/autoware_planning_msgs/msg/detail/path_with_lane_id__type_support_c.cpp.o[0m
[42.902s] [ 75%] [32mBuilding CXX object CMakeFiles/autoware_planning_msgs__rosidl_typesupport_fastrtps_c.dir/rosidl_typesupport_fastrtps_c/autoware_planning_msgs/msg/detail/path_point_with_lane_id__type_support_c.cpp.o[0m
[43.789s] [ 76%] [32mBuilding CXX object CMakeFiles/autoware_planning_msgs__rosidl_typesupport_fastrtps_c.dir/rosidl_typesupport_fastrtps_c/autoware_planning_msgs/msg/detail/path__type_support_c.cpp.o[0m
[44.677s] [ 77%] [32mBuilding CXX object CMakeFiles/autoware_planning_msgs__rosidl_typesupport_fastrtps_c.dir/rosidl_typesupport_fastrtps_c/autoware_planning_msgs/msg/detail/trajectory_point__type_support_c.cpp.o[0m
[45.606s] [ 78%] [32mBuilding CXX object CMakeFiles/autoware_planning_msgs__rosidl_typesupport_fastrtps_c.dir/rosidl_typesupport_fastrtps_c/autoware_planning_msgs/msg/detail/trajectory__type_support_c.cpp.o[0m
[46.499s] [ 79%] [32mBuilding CXX object CMakeFiles/autoware_planning_msgs__rosidl_typesupport_fastrtps_c.dir/rosidl_typesupport_fastrtps_c/autoware_planning_msgs/msg/detail/pose_with_uuid_stamped__type_support_c.cpp.o[0m
[47.390s] [ 80%] [32mBuilding CXX object CMakeFiles/autoware_planning_msgs__rosidl_typesupport_fastrtps_c.dir/rosidl_typesupport_fastrtps_c/autoware_planning_msgs/msg/detail/lanelet_segment__type_support_c.cpp.o[0m
[48.419s] [ 81%] [32mBuilding CXX object CMakeFiles/autoware_planning_msgs__rosidl_typesupport_fastrtps_c.dir/rosidl_typesupport_fastrtps_c/autoware_planning_msgs/msg/detail/lanelet_route__type_support_c.cpp.o[0m
[49.318s] [ 82%] [32m[1mLinking CXX shared library libautoware_planning_msgs__rosidl_typesupport_fastrtps_c.so[0m
[49.595s] [ 82%] Built target autoware_planning_msgs__rosidl_typesupport_fastrtps_c
[49.636s] [35m[1mScanning dependencies of target autoware_planning_msgs[0m
[49.687s] [ 82%] Built target autoware_planning_msgs
[49.723s] [35m[1mScanning dependencies of target autoware_planning_msgs__py[0m
[49.765s] [ 83%] [34m[1mGenerating Python code for ROS interfaces[0m
[52.854s] [ 83%] Built target autoware_planning_msgs__py
[52.895s] [35m[1mScanning dependencies of target autoware_planning_msgs__python[0m
[52.988s] [ 84%] [32mBuilding C object CMakeFiles/autoware_planning_msgs__python.dir/rosidl_generator_py/autoware_planning_msgs/msg/_lanelet_primitive_s.c.o[0m
[53.199s] [ 85%] [32mBuilding C object CMakeFiles/autoware_planning_msgs__python.dir/rosidl_generator_py/autoware_planning_msgs/msg/_path_point_s.c.o[0m
[53.425s] [ 86%] [32mBuilding C object CMakeFiles/autoware_planning_msgs__python.dir/rosidl_generator_py/autoware_planning_msgs/msg/_path_with_lane_id_s.c.o[0m
[53.669s] [ 87%] [32mBuilding C object CMakeFiles/autoware_planning_msgs__python.dir/rosidl_generator_py/autoware_planning_msgs/msg/_path_point_with_lane_id_s.c.o[0m
[53.904s] [ 88%] [32mBuilding C object CMakeFiles/autoware_planning_msgs__python.dir/rosidl_generator_py/autoware_planning_msgs/msg/_path_s.c.o[0m
[54.147s] [ 89%] [32mBuilding C object CMakeFiles/autoware_planning_msgs__python.dir/rosidl_generator_py/autoware_planning_msgs/msg/_trajectory_point_s.c.o[0m
[54.386s] [ 90%] [32mBuilding C object CMakeFiles/autoware_planning_msgs__python.dir/rosidl_generator_py/autoware_planning_msgs/msg/_trajectory_s.c.o[0m
[54.621s] [ 91%] [32mBuilding C object CMakeFiles/autoware_planning_msgs__python.dir/rosidl_generator_py/autoware_planning_msgs/msg/_pose_with_uuid_stamped_s.c.o[0m
[54.850s] [ 92%] [32mBuilding C object CMakeFiles/autoware_planning_msgs__python.dir/rosidl_generator_py/autoware_planning_msgs/msg/_lanelet_segment_s.c.o[0m
[55.072s] [ 93%] [32mBuilding C object CMakeFiles/autoware_planning_msgs__python.dir/rosidl_generator_py/autoware_planning_msgs/msg/_lanelet_route_s.c.o[0m
[55.311s] [ 94%] [32m[1mLinking C shared library rosidl_generator_py/autoware_planning_msgs/libautoware_planning_msgs__python.so[0m
[55.449s] [ 94%] Built target autoware_planning_msgs__python
[55.481s] [35m[1mScanning dependencies of target autoware_planning_msgs__rosidl_typesupport_c__pyext[0m
[55.545s] [ 95%] [32mBuilding C object CMakeFiles/autoware_planning_msgs__rosidl_typesupport_c__pyext.dir/rosidl_generator_py/autoware_planning_msgs/_autoware_planning_msgs_s.ep.rosidl_typesupport_c.c.o[0m
[55.802s] [ 96%] [32m[1mLinking C shared library rosidl_generator_py/autoware_planning_msgs/autoware_planning_msgs_s__rosidl_typesupport_c.cpython-38-aarch64-linux-gnu.so[0m
[55.921s] [ 96%] Built target autoware_planning_msgs__rosidl_typesupport_c__pyext
[55.958s] [35m[1mScanning dependencies of target autoware_planning_msgs__rosidl_typesupport_fastrtps_c__pyext[0m
[56.027s] [ 97%] [32mBuilding C object CMakeFiles/autoware_planning_msgs__rosidl_typesupport_fastrtps_c__pyext.dir/rosidl_generator_py/autoware_planning_msgs/_autoware_planning_msgs_s.ep.rosidl_typesupport_fastrtps_c.c.o[0m
[56.294s] [ 98%] [32m[1mLinking CXX shared library rosidl_generator_py/autoware_planning_msgs/autoware_planning_msgs_s__rosidl_typesupport_fastrtps_c.cpython-38-aarch64-linux-gnu.so[0m
[56.477s] [ 98%] Built target autoware_planning_msgs__rosidl_typesupport_fastrtps_c__pyext
[56.520s] [35m[1mScanning dependencies of target autoware_planning_msgs__rosidl_typesupport_introspection_c__pyext[0m
[56.577s] [ 99%] [32mBuilding C object CMakeFiles/autoware_planning_msgs__rosidl_typesupport_introspection_c__pyext.dir/rosidl_generator_py/autoware_planning_msgs/_autoware_planning_msgs_s.ep.rosidl_typesupport_introspection_c.c.o[0m
[56.868s] [100%] [32m[1mLinking C shared library rosidl_generator_py/autoware_planning_msgs/autoware_planning_msgs_s__rosidl_typesupport_introspection_c.cpython-38-aarch64-linux-gnu.so[0m
[56.991s] [100%] Built target autoware_planning_msgs__rosidl_typesupport_introspection_c__pyext
[57.056s] Invoked command in '/root/r2ware/build/autoware_planning_msgs' returned '0': CMAKE_PREFIX_PATH=${CMAKE_PREFIX_PATH}:/root/yahboomcar_ros2_ws/yahboomcar_ws/install/yahboomcar_voice_ctrl:/root/yahboomcar_ros2_ws/yahboomcar_ws/install/yahboomcar_visual:/root/yahboomcar_ros2_ws/yahboomcar_ws/install/yahboomcar_nav:/root/yahboomcar_ros2_ws/yahboomcar_ws/install/yahboomcar_multi:/root/yahboomcar_ros2_ws/yahboomcar_ws/install/yahboomcar_mediapipe:/root/yahboomcar_ros2_ws/yahboomcar_ws/install/yahboomcar_linefollow:/root/yahboomcar_ros2_ws/yahboomcar_ws/install/yahboomcar_laser:/root/yahboomcar_ros2_ws/yahboomcar_ws/install/yahboomcar_description_x1:/root/yahboomcar_ros2_ws/yahboomcar_ws/install/yahboomcar_description:/root/yahboomcar_ros2_ws/yahboomcar_ws/install/yahboomcar_ctrl:/root/yahboomcar_ros2_ws/yahboomcar_ws/install/yahboomcar_bringup:/root/yahboomcar_ros2_ws/yahboomcar_ws/install/yahboomcar_astra:/root/yahboomcar_ros2_ws/yahboomcar_ws/install/yahboom_app_save_map:/root/yahboomcar_ros2_ws/yahboomcar_ws/install/robot_pose_publisher:/root/yahboomcar_ros2_ws/yahboomcar_ws/install/laserscan_to_point_pulisher:/opt/ros/foxy /usr/bin/cmake --build /root/r2ware/build/autoware_planning_msgs -- -j8 -l8
[58.175s] Invoking command in '/root/r2ware/build/autoware_planning_msgs': CMAKE_PREFIX_PATH=${CMAKE_PREFIX_PATH}:/root/yahboomcar_ros2_ws/yahboomcar_ws/install/yahboomcar_voice_ctrl:/root/yahboomcar_ros2_ws/yahboomcar_ws/install/yahboomcar_visual:/root/yahboomcar_ros2_ws/yahboomcar_ws/install/yahboomcar_nav:/root/yahboomcar_ros2_ws/yahboomcar_ws/install/yahboomcar_multi:/root/yahboomcar_ros2_ws/yahboomcar_ws/install/yahboomcar_mediapipe:/root/yahboomcar_ros2_ws/yahboomcar_ws/install/yahboomcar_linefollow:/root/yahboomcar_ros2_ws/yahboomcar_ws/install/yahboomcar_laser:/root/yahboomcar_ros2_ws/yahboomcar_ws/install/yahboomcar_description_x1:/root/yahboomcar_ros2_ws/yahboomcar_ws/install/yahboomcar_description:/root/yahboomcar_ros2_ws/yahboomcar_ws/install/yahboomcar_ctrl:/root/yahboomcar_ros2_ws/yahboomcar_ws/install/yahboomcar_bringup:/root/yahboomcar_ros2_ws/yahboomcar_ws/install/yahboomcar_astra:/root/yahboomcar_ros2_ws/yahboomcar_ws/install/yahboom_app_save_map:/root/yahboomcar_ros2_ws/yahboomcar_ws/install/robot_pose_publisher:/root/yahboomcar_ros2_ws/yahboomcar_ws/install/laserscan_to_point_pulisher:/opt/ros/foxy /usr/bin/cmake --install /root/r2ware/build/autoware_planning_msgs
[95.505s] -- Install configuration: ""
[95.511s] -- Installing: /root/r2ware/install/autoware_planning_msgs/share/ament_index/resource_index/rosidl_interfaces/autoware_planning_msgs
[95.511s] -- Installing: /root/r2ware/install/autoware_planning_msgs/include/autoware_planning_msgs
[95.512s] -- Installing: /root/r2ware/install/autoware_planning_msgs/include/autoware_planning_msgs/msg
[95.512s] -- Installing: /root/r2ware/install/autoware_planning_msgs/include/autoware_planning_msgs/msg/lanelet_segment.h
[95.512s] -- Installing: /root/r2ware/install/autoware_planning_msgs/include/autoware_planning_msgs/msg/pose_with_uuid_stamped.h
[95.512s] -- Installing: /root/r2ware/install/autoware_planning_msgs/include/autoware_planning_msgs/msg/path_point.h
[95.512s] -- Installing: /root/r2ware/install/autoware_planning_msgs/include/autoware_planning_msgs/msg/trajectory_point.h
[95.512s] -- Installing: /root/r2ware/install/autoware_planning_msgs/include/autoware_planning_msgs/msg/rosidl_generator_c__visibility_control.h
[95.512s] -- Installing: /root/r2ware/install/autoware_planning_msgs/include/autoware_planning_msgs/msg/path_with_lane_id.h
[95.513s] -- Installing: /root/r2ware/install/autoware_planning_msgs/include/autoware_planning_msgs/msg/lanelet_route.h
[95.513s] -- Installing: /root/r2ware/install/autoware_planning_msgs/include/autoware_planning_msgs/msg/path.h
[95.513s] -- Installing: /root/r2ware/install/autoware_planning_msgs/include/autoware_planning_msgs/msg/lanelet_primitive.h
[95.513s] -- Installing: /root/r2ware/install/autoware_planning_msgs/include/autoware_planning_msgs/msg/detail
[95.513s] -- Installing: /root/r2ware/install/autoware_planning_msgs/include/autoware_planning_msgs/msg/detail/lanelet_route__functions.c
[95.513s] -- Installing: /root/r2ware/install/autoware_planning_msgs/include/autoware_planning_msgs/msg/detail/lanelet_route__type_support.h
[95.513s] -- Installing: /root/r2ware/install/autoware_planning_msgs/include/autoware_planning_msgs/msg/detail/path_point_with_lane_id__functions.c
[95.514s] -- Installing: /root/r2ware/install/autoware_planning_msgs/include/autoware_planning_msgs/msg/detail/lanelet_route__struct.h
[95.514s] -- Installing: /root/r2ware/install/autoware_planning_msgs/include/autoware_planning_msgs/msg/detail/path_with_lane_id__functions.h
[95.514s] -- Installing: /root/r2ware/install/autoware_planning_msgs/include/autoware_planning_msgs/msg/detail/trajectory_point__functions.c
[95.514s] -- Installing: /root/r2ware/install/autoware_planning_msgs/include/autoware_planning_msgs/msg/detail/trajectory_point__functions.h
[95.514s] -- Installing: /root/r2ware/install/autoware_planning_msgs/include/autoware_planning_msgs/msg/detail/trajectory_point__type_support.h
[95.514s] -- Installing: /root/r2ware/install/autoware_planning_msgs/include/autoware_planning_msgs/msg/detail/pose_with_uuid_stamped__struct.h
[95.514s] -- Installing: /root/r2ware/install/autoware_planning_msgs/include/autoware_planning_msgs/msg/detail/path_point__type_support.h
[95.514s] -- Installing: /root/r2ware/install/autoware_planning_msgs/include/autoware_planning_msgs/msg/detail/path_with_lane_id__functions.c
[95.515s] -- Installing: /root/r2ware/install/autoware_planning_msgs/include/autoware_planning_msgs/msg/detail/pose_with_uuid_stamped__type_support.h
[95.515s] -- Installing: /root/r2ware/install/autoware_planning_msgs/include/autoware_planning_msgs/msg/detail/path__functions.c
[95.515s] -- Installing: /root/r2ware/install/autoware_planning_msgs/include/autoware_planning_msgs/msg/detail/trajectory_point__struct.h
[95.515s] -- Installing: /root/r2ware/install/autoware_planning_msgs/include/autoware_planning_msgs/msg/detail/lanelet_segment__type_support.h
[95.515s] -- Installing: /root/r2ware/install/autoware_planning_msgs/include/autoware_planning_msgs/msg/detail/path_point_with_lane_id__functions.h
[95.515s] -- Installing: /root/r2ware/install/autoware_planning_msgs/include/autoware_planning_msgs/msg/detail/path_point_with_lane_id__struct.h
[95.516s] -- Installing: /root/r2ware/install/autoware_planning_msgs/include/autoware_planning_msgs/msg/detail/path_with_lane_id__type_support.h
[95.516s] -- Installing: /root/r2ware/install/autoware_planning_msgs/include/autoware_planning_msgs/msg/detail/lanelet_primitive__type_support.h
[95.516s] -- Installing: /root/r2ware/install/autoware_planning_msgs/include/autoware_planning_msgs/msg/detail/lanelet_segment__struct.h
[95.516s] -- Installing: /root/r2ware/install/autoware_planning_msgs/include/autoware_planning_msgs/msg/detail/path_point__struct.h
[95.516s] -- Installing: /root/r2ware/install/autoware_planning_msgs/include/autoware_planning_msgs/msg/detail/trajectory__type_support.h
[95.516s] -- Installing: /root/r2ware/install/autoware_planning_msgs/include/autoware_planning_msgs/msg/detail/trajectory__struct.h
[95.516s] -- Installing: /root/r2ware/install/autoware_planning_msgs/include/autoware_planning_msgs/msg/detail/path__struct.h
[95.516s] -- Installing: /root/r2ware/install/autoware_planning_msgs/include/autoware_planning_msgs/msg/detail/path_point_with_lane_id__type_support.h
[95.516s] -- Installing: /root/r2ware/install/autoware_planning_msgs/include/autoware_planning_msgs/msg/detail/trajectory__functions.c
[95.517s] -- Installing: /root/r2ware/install/autoware_planning_msgs/include/autoware_planning_msgs/msg/detail/path__functions.h
[95.517s] -- Installing: /root/r2ware/install/autoware_planning_msgs/include/autoware_planning_msgs/msg/detail/path__type_support.h
[95.517s] -- Installing: /root/r2ware/install/autoware_planning_msgs/include/autoware_planning_msgs/msg/detail/lanelet_segment__functions.h
[95.518s] -- Installing: /root/r2ware/install/autoware_planning_msgs/include/autoware_planning_msgs/msg/detail/path_point__functions.c
[95.519s] -- Installing: /root/r2ware/install/autoware_planning_msgs/include/autoware_planning_msgs/msg/detail/lanelet_segment__functions.c
[95.519s] -- Installing: /root/r2ware/install/autoware_planning_msgs/include/autoware_planning_msgs/msg/detail/lanelet_primitive__functions.c
[95.519s] -- Installing: /root/r2ware/install/autoware_planning_msgs/include/autoware_planning_msgs/msg/detail/pose_with_uuid_stamped__functions.c
[95.519s] -- Installing: /root/r2ware/install/autoware_planning_msgs/include/autoware_planning_msgs/msg/detail/lanelet_route__functions.h
[95.519s] -- Installing: /root/r2ware/install/autoware_planning_msgs/include/autoware_planning_msgs/msg/detail/path_point__functions.h
[95.519s] -- Installing: /root/r2ware/install/autoware_planning_msgs/include/autoware_planning_msgs/msg/detail/lanelet_primitive__functions.h
[95.520s] -- Installing: /root/r2ware/install/autoware_planning_msgs/include/autoware_planning_msgs/msg/detail/lanelet_primitive__struct.h
[95.520s] -- Installing: /root/r2ware/install/autoware_planning_msgs/include/autoware_planning_msgs/msg/detail/trajectory__functions.h
[95.520s] -- Installing: /root/r2ware/install/autoware_planning_msgs/include/autoware_planning_msgs/msg/detail/path_with_lane_id__struct.h
[95.520s] -- Installing: /root/r2ware/install/autoware_planning_msgs/include/autoware_planning_msgs/msg/detail/pose_with_uuid_stamped__functions.h
[95.520s] -- Installing: /root/r2ware/install/autoware_planning_msgs/include/autoware_planning_msgs/msg/path_point_with_lane_id.h
[95.520s] -- Installing: /root/r2ware/install/autoware_planning_msgs/include/autoware_planning_msgs/msg/trajectory.h
[95.520s] -- Installing: /root/r2ware/install/autoware_planning_msgs/share/autoware_planning_msgs/environment/library_path.sh
[95.520s] -- Installing: /root/r2ware/install/autoware_planning_msgs/share/autoware_planning_msgs/environment/library_path.dsv
[95.521s] -- Installing: /root/r2ware/install/autoware_planning_msgs/lib/libautoware_planning_msgs__rosidl_generator_c.so
[95.521s] -- Set runtime path of "/root/r2ware/install/autoware_planning_msgs/lib/libautoware_planning_msgs__rosidl_generator_c.so" to ""
[95.521s] -- Up-to-date: /root/r2ware/install/autoware_planning_msgs/include/autoware_planning_msgs
[95.521s] -- Up-to-date: /root/r2ware/install/autoware_planning_msgs/include/autoware_planning_msgs/msg
[95.521s] -- Installing: /root/r2ware/install/autoware_planning_msgs/include/autoware_planning_msgs/msg/rosidl_typesupport_fastrtps_c__visibility_control.h
[95.521s] -- Up-to-date: /root/r2ware/install/autoware_planning_msgs/include/autoware_planning_msgs/msg/detail
[95.521s] -- Installing: /root/r2ware/install/autoware_planning_msgs/include/autoware_planning_msgs/msg/detail/lanelet_route__rosidl_typesupport_fastrtps_c.h
[95.521s] -- Installing: /root/r2ware/install/autoware_planning_msgs/include/autoware_planning_msgs/msg/detail/pose_with_uuid_stamped__rosidl_typesupport_fastrtps_c.h
[95.521s] -- Installing: /root/r2ware/install/autoware_planning_msgs/include/autoware_planning_msgs/msg/detail/lanelet_primitive__rosidl_typesupport_fastrtps_c.h
[95.522s] -- Installing: /root/r2ware/install/autoware_planning_msgs/include/autoware_planning_msgs/msg/detail/path_with_lane_id__rosidl_typesupport_fastrtps_c.h
[95.522s] -- Installing: /root/r2ware/install/autoware_planning_msgs/include/autoware_planning_msgs/msg/detail/lanelet_segment__rosidl_typesupport_fastrtps_c.h
[95.522s] -- Installing: /root/r2ware/install/autoware_planning_msgs/include/autoware_planning_msgs/msg/detail/path__rosidl_typesupport_fastrtps_c.h
[95.522s] -- Installing: /root/r2ware/install/autoware_planning_msgs/include/autoware_planning_msgs/msg/detail/path_point__rosidl_typesupport_fastrtps_c.h
[95.522s] -- Installing: /root/r2ware/install/autoware_planning_msgs/include/autoware_planning_msgs/msg/detail/path_point_with_lane_id__rosidl_typesupport_fastrtps_c.h
[95.522s] -- Installing: /root/r2ware/install/autoware_planning_msgs/include/autoware_planning_msgs/msg/detail/trajectory_point__rosidl_typesupport_fastrtps_c.h
[95.522s] -- Installing: /root/r2ware/install/autoware_planning_msgs/include/autoware_planning_msgs/msg/detail/trajectory__rosidl_typesupport_fastrtps_c.h
[95.522s] -- Installing: /root/r2ware/install/autoware_planning_msgs/lib/libautoware_planning_msgs__rosidl_typesupport_fastrtps_c.so
[95.523s] -- Set runtime path of "/root/r2ware/install/autoware_planning_msgs/lib/libautoware_planning_msgs__rosidl_typesupport_fastrtps_c.so" to ""
[95.523s] -- Up-to-date: /root/r2ware/install/autoware_planning_msgs/include/autoware_planning_msgs
[95.523s] -- Up-to-date: /root/r2ware/install/autoware_planning_msgs/include/autoware_planning_msgs/msg
[95.523s] -- Installing: /root/r2ware/install/autoware_planning_msgs/include/autoware_planning_msgs/msg/rosidl_typesupport_fastrtps_cpp__visibility_control.h
[95.523s] -- Up-to-date: /root/r2ware/install/autoware_planning_msgs/include/autoware_planning_msgs/msg/detail
[95.523s] -- Installing: /root/r2ware/install/autoware_planning_msgs/include/autoware_planning_msgs/msg/detail/pose_with_uuid_stamped__rosidl_typesupport_fastrtps_cpp.hpp
[95.523s] -- Installing: /root/r2ware/install/autoware_planning_msgs/include/autoware_planning_msgs/msg/detail/path_point_with_lane_id__rosidl_typesupport_fastrtps_cpp.hpp
[95.524s] -- Installing: /root/r2ware/install/autoware_planning_msgs/include/autoware_planning_msgs/msg/detail/path__rosidl_typesupport_fastrtps_cpp.hpp
[95.524s] -- Installing: /root/r2ware/install/autoware_planning_msgs/include/autoware_planning_msgs/msg/detail/lanelet_segment__rosidl_typesupport_fastrtps_cpp.hpp
[95.524s] -- Installing: /root/r2ware/install/autoware_planning_msgs/include/autoware_planning_msgs/msg/detail/dds_fastrtps
[95.524s] -- Installing: /root/r2ware/install/autoware_planning_msgs/include/autoware_planning_msgs/msg/detail/trajectory_point__rosidl_typesupport_fastrtps_cpp.hpp
[95.524s] -- Installing: /root/r2ware/install/autoware_planning_msgs/include/autoware_planning_msgs/msg/detail/trajectory__rosidl_typesupport_fastrtps_cpp.hpp
[95.524s] -- Installing: /root/r2ware/install/autoware_planning_msgs/include/autoware_planning_msgs/msg/detail/path_point__rosidl_typesupport_fastrtps_cpp.hpp
[95.524s] -- Installing: /root/r2ware/install/autoware_planning_msgs/include/autoware_planning_msgs/msg/detail/lanelet_primitive__rosidl_typesupport_fastrtps_cpp.hpp
[95.524s] -- Installing: /root/r2ware/install/autoware_planning_msgs/include/autoware_planning_msgs/msg/detail/lanelet_route__rosidl_typesupport_fastrtps_cpp.hpp
[95.525s] -- Installing: /root/r2ware/install/autoware_planning_msgs/include/autoware_planning_msgs/msg/detail/path_with_lane_id__rosidl_typesupport_fastrtps_cpp.hpp
[95.525s] -- Installing: /root/r2ware/install/autoware_planning_msgs/lib/libautoware_planning_msgs__rosidl_typesupport_fastrtps_cpp.so
[95.525s] -- Set runtime path of "/root/r2ware/install/autoware_planning_msgs/lib/libautoware_planning_msgs__rosidl_typesupport_fastrtps_cpp.so" to ""
[95.525s] -- Up-to-date: /root/r2ware/install/autoware_planning_msgs/include/autoware_planning_msgs
[95.525s] -- Up-to-date: /root/r2ware/install/autoware_planning_msgs/include/autoware_planning_msgs/msg
[95.525s] -- Installing: /root/r2ware/install/autoware_planning_msgs/include/autoware_planning_msgs/msg/rosidl_typesupport_introspection_c__visibility_control.h
[95.525s] -- Up-to-date: /root/r2ware/install/autoware_planning_msgs/include/autoware_planning_msgs/msg/detail
[95.525s] -- Installing: /root/r2ware/install/autoware_planning_msgs/include/autoware_planning_msgs/msg/detail/lanelet_primitive__rosidl_typesupport_introspection_c.h
[95.525s] -- Installing: /root/r2ware/install/autoware_planning_msgs/include/autoware_planning_msgs/msg/detail/pose_with_uuid_stamped__rosidl_typesupport_introspection_c.h
[95.526s] -- Installing: /root/r2ware/install/autoware_planning_msgs/include/autoware_planning_msgs/msg/detail/trajectory_point__rosidl_typesupport_introspection_c.h
[95.526s] -- Installing: /root/r2ware/install/autoware_planning_msgs/include/autoware_planning_msgs/msg/detail/lanelet_primitive__type_support.c
[95.526s] -- Installing: /root/r2ware/install/autoware_planning_msgs/include/autoware_planning_msgs/msg/detail/path_with_lane_id__type_support.c
[95.526s] -- Installing: /root/r2ware/install/autoware_planning_msgs/include/autoware_planning_msgs/msg/detail/trajectory__type_support.c
[95.526s] -- Installing: /root/r2ware/install/autoware_planning_msgs/include/autoware_planning_msgs/msg/detail/pose_with_uuid_stamped__type_support.c
[95.526s] -- Installing: /root/r2ware/install/autoware_planning_msgs/include/autoware_planning_msgs/msg/detail/path_point_with_lane_id__rosidl_typesupport_introspection_c.h
[95.526s] -- Installing: /root/r2ware/install/autoware_planning_msgs/include/autoware_planning_msgs/msg/detail/trajectory__rosidl_typesupport_introspection_c.h
[95.526s] -- Installing: /root/r2ware/install/autoware_planning_msgs/include/autoware_planning_msgs/msg/detail/path_point_with_lane_id__type_support.c
[95.527s] -- Installing: /root/r2ware/install/autoware_planning_msgs/include/autoware_planning_msgs/msg/detail/lanelet_segment__rosidl_typesupport_introspection_c.h
[95.527s] -- Installing: /root/r2ware/install/autoware_planning_msgs/include/autoware_planning_msgs/msg/detail/path__rosidl_typesupport_introspection_c.h
[95.527s] -- Installing: /root/r2ware/install/autoware_planning_msgs/include/autoware_planning_msgs/msg/detail/lanelet_segment__type_support.c
[95.527s] -- Installing: /root/r2ware/install/autoware_planning_msgs/include/autoware_planning_msgs/msg/detail/trajectory_point__type_support.c
[95.527s] -- Installing: /root/r2ware/install/autoware_planning_msgs/include/autoware_planning_msgs/msg/detail/lanelet_route__type_support.c
[95.527s] -- Installing: /root/r2ware/install/autoware_planning_msgs/include/autoware_planning_msgs/msg/detail/lanelet_route__rosidl_typesupport_introspection_c.h
[95.527s] -- Installing: /root/r2ware/install/autoware_planning_msgs/include/autoware_planning_msgs/msg/detail/path_point__rosidl_typesupport_introspection_c.h
[95.527s] -- Installing: /root/r2ware/install/autoware_planning_msgs/include/autoware_planning_msgs/msg/detail/path__type_support.c
[95.528s] -- Installing: /root/r2ware/install/autoware_planning_msgs/include/autoware_planning_msgs/msg/detail/path_point__type_support.c
[95.528s] -- Installing: /root/r2ware/install/autoware_planning_msgs/include/autoware_planning_msgs/msg/detail/path_with_lane_id__rosidl_typesupport_introspection_c.h
[95.528s] -- Installing: /root/r2ware/install/autoware_planning_msgs/lib/libautoware_planning_msgs__rosidl_typesupport_introspection_c.so
[95.528s] -- Set runtime path of "/root/r2ware/install/autoware_planning_msgs/lib/libautoware_planning_msgs__rosidl_typesupport_introspection_c.so" to ""
[95.528s] -- Installing: /root/r2ware/install/autoware_planning_msgs/lib/libautoware_planning_msgs__rosidl_typesupport_c.so
[95.528s] -- Set runtime path of "/root/r2ware/install/autoware_planning_msgs/lib/libautoware_planning_msgs__rosidl_typesupport_c.so" to ""
[95.528s] -- Up-to-date: /root/r2ware/install/autoware_planning_msgs/include/autoware_planning_msgs
[95.528s] -- Up-to-date: /root/r2ware/install/autoware_planning_msgs/include/autoware_planning_msgs/msg
[95.529s] -- Installing: /root/r2ware/install/autoware_planning_msgs/include/autoware_planning_msgs/msg/pose_with_uuid_stamped.hpp
[95.529s] -- Installing: /root/r2ware/install/autoware_planning_msgs/include/autoware_planning_msgs/msg/path_point.hpp
[95.529s] -- Installing: /root/r2ware/install/autoware_planning_msgs/include/autoware_planning_msgs/msg/path.hpp
[95.529s] -- Installing: /root/r2ware/install/autoware_planning_msgs/include/autoware_planning_msgs/msg/trajectory_point.hpp
[95.529s] -- Installing: /root/r2ware/install/autoware_planning_msgs/include/autoware_planning_msgs/msg/path_point_with_lane_id.hpp
[95.529s] -- Installing: /root/r2ware/install/autoware_planning_msgs/include/autoware_planning_msgs/msg/lanelet_segment.hpp
[95.529s] -- Installing: /root/r2ware/install/autoware_planning_msgs/include/autoware_planning_msgs/msg/trajectory.hpp
[95.529s] -- Up-to-date: /root/r2ware/install/autoware_planning_msgs/include/autoware_planning_msgs/msg/detail
[95.530s] -- Installing: /root/r2ware/install/autoware_planning_msgs/include/autoware_planning_msgs/msg/detail/lanelet_primitive__builder.hpp
[95.530s] -- Installing: /root/r2ware/install/autoware_planning_msgs/include/autoware_planning_msgs/msg/detail/path_with_lane_id__struct.hpp
[95.530s] -- Installing: /root/r2ware/install/autoware_planning_msgs/include/autoware_planning_msgs/msg/detail/path__traits.hpp
[95.530s] -- Installing: /root/r2ware/install/autoware_planning_msgs/include/autoware_planning_msgs/msg/detail/trajectory_point__builder.hpp
[95.530s] -- Installing: /root/r2ware/install/autoware_planning_msgs/include/autoware_planning_msgs/msg/detail/trajectory__builder.hpp
[95.530s] -- Installing: /root/r2ware/install/autoware_planning_msgs/include/autoware_planning_msgs/msg/detail/path_point_with_lane_id__struct.hpp
[95.530s] -- Installing: /root/r2ware/install/autoware_planning_msgs/include/autoware_planning_msgs/msg/detail/lanelet_route__struct.hpp
[95.530s] -- Installing: /root/r2ware/install/autoware_planning_msgs/include/autoware_planning_msgs/msg/detail/path_with_lane_id__builder.hpp
[95.531s] -- Installing: /root/r2ware/install/autoware_planning_msgs/include/autoware_planning_msgs/msg/detail/path_point__struct.hpp
[95.531s] -- Installing: /root/r2ware/install/autoware_planning_msgs/include/autoware_planning_msgs/msg/detail/trajectory__struct.hpp
[95.531s] -- Installing: /root/r2ware/install/autoware_planning_msgs/include/autoware_planning_msgs/msg/detail/trajectory_point__traits.hpp
[95.531s] -- Installing: /root/r2ware/install/autoware_planning_msgs/include/autoware_planning_msgs/msg/detail/path__struct.hpp
[95.531s] -- Installing: /root/r2ware/install/autoware_planning_msgs/include/autoware_planning_msgs/msg/detail/lanelet_segment__struct.hpp
[95.531s] -- Installing: /root/r2ware/install/autoware_planning_msgs/include/autoware_planning_msgs/msg/detail/lanelet_route__builder.hpp
[95.531s] -- Installing: /root/r2ware/install/autoware_planning_msgs/include/autoware_planning_msgs/msg/detail/trajectory__traits.hpp
[95.531s] -- Installing: /root/r2ware/install/autoware_planning_msgs/include/autoware_planning_msgs/msg/detail/trajectory_point__struct.hpp
[95.532s] -- Installing: /root/r2ware/install/autoware_planning_msgs/include/autoware_planning_msgs/msg/detail/lanelet_primitive__traits.hpp
[95.532s] -- Installing: /root/r2ware/install/autoware_planning_msgs/include/autoware_planning_msgs/msg/detail/lanelet_route__traits.hpp
[95.532s] -- Installing: /root/r2ware/install/autoware_planning_msgs/include/autoware_planning_msgs/msg/detail/path_point__builder.hpp
[95.532s] -- Installing: /root/r2ware/install/autoware_planning_msgs/include/autoware_planning_msgs/msg/detail/path__builder.hpp
[95.532s] -- Installing: /root/r2ware/install/autoware_planning_msgs/include/autoware_planning_msgs/msg/detail/pose_with_uuid_stamped__builder.hpp
[95.532s] -- Installing: /root/r2ware/install/autoware_planning_msgs/include/autoware_planning_msgs/msg/detail/path_point_with_lane_id__traits.hpp
[95.532s] -- Installing: /root/r2ware/install/autoware_planning_msgs/include/autoware_planning_msgs/msg/detail/lanelet_segment__builder.hpp
[95.532s] -- Installing: /root/r2ware/install/autoware_planning_msgs/include/autoware_planning_msgs/msg/detail/path_with_lane_id__traits.hpp
[95.533s] -- Installing: /root/r2ware/install/autoware_planning_msgs/include/autoware_planning_msgs/msg/detail/path_point__traits.hpp
[95.533s] -- Installing: /root/r2ware/install/autoware_planning_msgs/include/autoware_planning_msgs/msg/detail/path_point_with_lane_id__builder.hpp
[95.533s] -- Installing: /root/r2ware/install/autoware_planning_msgs/include/autoware_planning_msgs/msg/detail/pose_with_uuid_stamped__struct.hpp
[95.533s] -- Installing: /root/r2ware/install/autoware_planning_msgs/include/autoware_planning_msgs/msg/detail/lanelet_primitive__struct.hpp
[95.533s] -- Installing: /root/r2ware/install/autoware_planning_msgs/include/autoware_planning_msgs/msg/detail/lanelet_segment__traits.hpp
[95.533s] -- Installing: /root/r2ware/install/autoware_planning_msgs/include/autoware_planning_msgs/msg/detail/pose_with_uuid_stamped__traits.hpp
[95.533s] -- Installing: /root/r2ware/install/autoware_planning_msgs/include/autoware_planning_msgs/msg/lanelet_primitive.hpp
[95.533s] -- Installing: /root/r2ware/install/autoware_planning_msgs/include/autoware_planning_msgs/msg/lanelet_route.hpp
[95.533s] -- Installing: /root/r2ware/install/autoware_planning_msgs/include/autoware_planning_msgs/msg/path_with_lane_id.hpp
[95.534s] -- Up-to-date: /root/r2ware/install/autoware_planning_msgs/include/autoware_planning_msgs
[95.534s] -- Up-to-date: /root/r2ware/install/autoware_planning_msgs/include/autoware_planning_msgs/msg
[95.534s] -- Up-to-date: /root/r2ware/install/autoware_planning_msgs/include/autoware_planning_msgs/msg/detail
[95.536s] -- Installing: /root/r2ware/install/autoware_planning_msgs/include/autoware_planning_msgs/msg/detail/path_with_lane_id__type_support.cpp
[95.536s] -- Installing: /root/r2ware/install/autoware_planning_msgs/include/autoware_planning_msgs/msg/detail/pose_with_uuid_stamped__type_support.cpp
[95.536s] -- Installing: /root/r2ware/install/autoware_planning_msgs/include/autoware_planning_msgs/msg/detail/path_with_lane_id__rosidl_typesupport_introspection_cpp.hpp
[95.536s] -- Installing: /root/r2ware/install/autoware_planning_msgs/include/autoware_planning_msgs/msg/detail/trajectory__type_support.cpp
[95.537s] -- Installing: /root/r2ware/install/autoware_planning_msgs/include/autoware_planning_msgs/msg/detail/path_point_with_lane_id__rosidl_typesupport_introspection_cpp.hpp
[95.537s] -- Installing: /root/r2ware/install/autoware_planning_msgs/include/autoware_planning_msgs/msg/detail/pose_with_uuid_stamped__rosidl_typesupport_introspection_cpp.hpp
[95.537s] -- Installing: /root/r2ware/install/autoware_planning_msgs/include/autoware_planning_msgs/msg/detail/lanelet_route__rosidl_typesupport_introspection_cpp.hpp
[95.537s] -- Installing: /root/r2ware/install/autoware_planning_msgs/include/autoware_planning_msgs/msg/detail/trajectory__rosidl_typesupport_introspection_cpp.hpp
[95.537s] -- Installing: /root/r2ware/install/autoware_planning_msgs/include/autoware_planning_msgs/msg/detail/lanelet_primitive__rosidl_typesupport_introspection_cpp.hpp
[95.537s] -- Installing: /root/r2ware/install/autoware_planning_msgs/include/autoware_planning_msgs/msg/detail/trajectory_point__rosidl_typesupport_introspection_cpp.hpp
[95.538s] -- Installing: /root/r2ware/install/autoware_planning_msgs/include/autoware_planning_msgs/msg/detail/path_point__type_support.cpp
[95.538s] -- Installing: /root/r2ware/install/autoware_planning_msgs/include/autoware_planning_msgs/msg/detail/path__rosidl_typesupport_introspection_cpp.hpp
[95.540s] -- Installing: /root/r2ware/install/autoware_planning_msgs/include/autoware_planning_msgs/msg/detail/lanelet_route__type_support.cpp
[95.540s] -- Installing: /root/r2ware/install/autoware_planning_msgs/include/autoware_planning_msgs/msg/detail/path_point_with_lane_id__type_support.cpp
[95.540s] -- Installing: /root/r2ware/install/autoware_planning_msgs/include/autoware_planning_msgs/msg/detail/path__type_support.cpp
[95.540s] -- Installing: /root/r2ware/install/autoware_planning_msgs/include/autoware_planning_msgs/msg/detail/lanelet_segment__type_support.cpp
[95.541s] -- Installing: /root/r2ware/install/autoware_planning_msgs/include/autoware_planning_msgs/msg/detail/trajectory_point__type_support.cpp
[95.541s] -- Installing: /root/r2ware/install/autoware_planning_msgs/include/autoware_planning_msgs/msg/detail/lanelet_segment__rosidl_typesupport_introspection_cpp.hpp
[95.541s] -- Installing: /root/r2ware/install/autoware_planning_msgs/include/autoware_planning_msgs/msg/detail/lanelet_primitive__type_support.cpp
[95.541s] -- Installing: /root/r2ware/install/autoware_planning_msgs/include/autoware_planning_msgs/msg/detail/path_point__rosidl_typesupport_introspection_cpp.hpp
[95.541s] -- Installing: /root/r2ware/install/autoware_planning_msgs/lib/libautoware_planning_msgs__rosidl_typesupport_introspection_cpp.so
[95.541s] -- Set runtime path of "/root/r2ware/install/autoware_planning_msgs/lib/libautoware_planning_msgs__rosidl_typesupport_introspection_cpp.so" to ""
[95.541s] -- Installing: /root/r2ware/install/autoware_planning_msgs/lib/libautoware_planning_msgs__rosidl_typesupport_cpp.so
[95.542s] -- Set runtime path of "/root/r2ware/install/autoware_planning_msgs/lib/libautoware_planning_msgs__rosidl_typesupport_cpp.so" to ""
[95.542s] -- Installing: /root/r2ware/install/autoware_planning_msgs/share/autoware_planning_msgs/environment/pythonpath.sh
[95.542s] -- Installing: /root/r2ware/install/autoware_planning_msgs/share/autoware_planning_msgs/environment/pythonpath.dsv
[95.542s] -- Installing: /root/r2ware/install/autoware_planning_msgs/lib/python3.8/site-packages/autoware_planning_msgs/__init__.py
[95.632s] Compiling '/root/r2ware/install/autoware_planning_msgs/lib/python3.8/site-packages/autoware_planning_msgs/__init__.py'...
[95.646s] -- Installing: /root/r2ware/install/autoware_planning_msgs/lib/python3.8/site-packages/autoware_planning_msgs/msg
[95.647s] -- Installing: /root/r2ware/install/autoware_planning_msgs/lib/python3.8/site-packages/autoware_planning_msgs/msg/_lanelet_route.py
[95.647s] -- Installing: /root/r2ware/install/autoware_planning_msgs/lib/python3.8/site-packages/autoware_planning_msgs/msg/_lanelet_primitive.py
[95.647s] -- Installing: /root/r2ware/install/autoware_planning_msgs/lib/python3.8/site-packages/autoware_planning_msgs/msg/_path_point_with_lane_id_s.c
[95.647s] -- Installing: /root/r2ware/install/autoware_planning_msgs/lib/python3.8/site-packages/autoware_planning_msgs/msg/__init__.py
[95.648s] -- Installing: /root/r2ware/install/autoware_planning_msgs/lib/python3.8/site-packages/autoware_planning_msgs/msg/_path.py
[95.648s] -- Installing: /root/r2ware/install/autoware_planning_msgs/lib/python3.8/site-packages/autoware_planning_msgs/msg/_trajectory_point.py
[95.648s] -- Installing: /root/r2ware/install/autoware_planning_msgs/lib/python3.8/site-packages/autoware_planning_msgs/msg/_path_point.py
[95.648s] -- Installing: /root/r2ware/install/autoware_planning_msgs/lib/python3.8/site-packages/autoware_planning_msgs/msg/_pose_with_uuid_stamped.py
[95.649s] -- Installing: /root/r2ware/install/autoware_planning_msgs/lib/python3.8/site-packages/autoware_planning_msgs/msg/_path_point_s.c
[95.649s] -- Installing: /root/r2ware/install/autoware_planning_msgs/lib/python3.8/site-packages/autoware_planning_msgs/msg/_lanelet_route_s.c
[95.650s] -- Installing: /root/r2ware/install/autoware_planning_msgs/lib/python3.8/site-packages/autoware_planning_msgs/msg/_trajectory.py
[95.650s] -- Installing: /root/r2ware/install/autoware_planning_msgs/lib/python3.8/site-packages/autoware_planning_msgs/msg/_path_with_lane_id.py
[95.650s] -- Installing: /root/r2ware/install/autoware_planning_msgs/lib/python3.8/site-packages/autoware_planning_msgs/msg/_lanelet_segment_s.c
[95.651s] -- Installing: /root/r2ware/install/autoware_planning_msgs/lib/python3.8/site-packages/autoware_planning_msgs/msg/_trajectory_point_s.c
[95.651s] -- Installing: /root/r2ware/install/autoware_planning_msgs/lib/python3.8/site-packages/autoware_planning_msgs/msg/_path_s.c
[95.651s] -- Installing: /root/r2ware/install/autoware_planning_msgs/lib/python3.8/site-packages/autoware_planning_msgs/msg/_lanelet_segment.py
[95.652s] -- Installing: /root/r2ware/install/autoware_planning_msgs/lib/python3.8/site-packages/autoware_planning_msgs/msg/_pose_with_uuid_stamped_s.c
[95.652s] -- Installing: /root/r2ware/install/autoware_planning_msgs/lib/python3.8/site-packages/autoware_planning_msgs/msg/_path_with_lane_id_s.c
[95.652s] -- Installing: /root/r2ware/install/autoware_planning_msgs/lib/python3.8/site-packages/autoware_planning_msgs/msg/_trajectory_s.c
[95.652s] -- Installing: /root/r2ware/install/autoware_planning_msgs/lib/python3.8/site-packages/autoware_planning_msgs/msg/_path_point_with_lane_id.py
[95.652s] -- Installing: /root/r2ware/install/autoware_planning_msgs/lib/python3.8/site-packages/autoware_planning_msgs/msg/_lanelet_primitive_s.c
[95.653s] -- Installing: /root/r2ware/install/autoware_planning_msgs/lib/python3.8/site-packages/autoware_planning_msgs/autoware_planning_msgs_s__rosidl_typesupport_fastrtps_c.cpython-38-aarch64-linux-gnu.so
[95.654s] -- Set runtime path of "/root/r2ware/install/autoware_planning_msgs/lib/python3.8/site-packages/autoware_planning_msgs/autoware_planning_msgs_s__rosidl_typesupport_fastrtps_c.cpython-38-aarch64-linux-gnu.so" to ""
[95.655s] -- Installing: /root/r2ware/install/autoware_planning_msgs/lib/python3.8/site-packages/autoware_planning_msgs/autoware_planning_msgs_s__rosidl_typesupport_introspection_c.cpython-38-aarch64-linux-gnu.so
[95.656s] -- Set runtime path of "/root/r2ware/install/autoware_planning_msgs/lib/python3.8/site-packages/autoware_planning_msgs/autoware_planning_msgs_s__rosidl_typesupport_introspection_c.cpython-38-aarch64-linux-gnu.so" to ""
[95.657s] -- Installing: /root/r2ware/install/autoware_planning_msgs/lib/python3.8/site-packages/autoware_planning_msgs/autoware_planning_msgs_s__rosidl_typesupport_c.cpython-38-aarch64-linux-gnu.so
[95.658s] -- Set runtime path of "/root/r2ware/install/autoware_planning_msgs/lib/python3.8/site-packages/autoware_planning_msgs/autoware_planning_msgs_s__rosidl_typesupport_c.cpython-38-aarch64-linux-gnu.so" to ""
[95.659s] -- Installing: /root/r2ware/install/autoware_planning_msgs/lib/libautoware_planning_msgs__python.so
[95.660s] -- Set runtime path of "/root/r2ware/install/autoware_planning_msgs/lib/libautoware_planning_msgs__python.so" to ""
[95.660s] -- Installing: /root/r2ware/install/autoware_planning_msgs/share/autoware_planning_msgs/msg/LaneletPrimitive.idl
[95.660s] -- Installing: /root/r2ware/install/autoware_planning_msgs/share/autoware_planning_msgs/msg/LaneletRoute.idl
[95.661s] -- Installing: /root/r2ware/install/autoware_planning_msgs/share/autoware_planning_msgs/msg/LaneletSegment.idl
[95.661s] -- Installing: /root/r2ware/install/autoware_planning_msgs/share/autoware_planning_msgs/msg/PoseWithUuidStamped.idl
[95.662s] -- Installing: /root/r2ware/install/autoware_planning_msgs/share/autoware_planning_msgs/msg/Trajectory.idl
[95.662s] -- Installing: /root/r2ware/install/autoware_planning_msgs/share/autoware_planning_msgs/msg/TrajectoryPoint.idl
[95.662s] -- Installing: /root/r2ware/install/autoware_planning_msgs/share/autoware_planning_msgs/msg/Path.idl
[95.662s] -- Installing: /root/r2ware/install/autoware_planning_msgs/share/autoware_planning_msgs/msg/PathPoint.idl
[95.663s] -- Installing: /root/r2ware/install/autoware_planning_msgs/share/autoware_planning_msgs/msg/PathWithLaneId.idl
[95.663s] -- Installing: /root/r2ware/install/autoware_planning_msgs/share/autoware_planning_msgs/msg/PathPointWithLaneId.idl
[95.664s] -- Installing: /root/r2ware/install/autoware_planning_msgs/share/autoware_planning_msgs/msg/LaneletPrimitive.msg
[95.664s] -- Installing: /root/r2ware/install/autoware_planning_msgs/share/autoware_planning_msgs/msg/LaneletRoute.msg
[95.664s] -- Installing: /root/r2ware/install/autoware_planning_msgs/share/autoware_planning_msgs/msg/LaneletSegment.msg
[95.665s] -- Installing: /root/r2ware/install/autoware_planning_msgs/share/autoware_planning_msgs/msg/PoseWithUuidStamped.msg
[95.670s] -- Installing: /root/r2ware/install/autoware_planning_msgs/share/autoware_planning_msgs/msg/Trajectory.msg
[95.670s] -- Installing: /root/r2ware/install/autoware_planning_msgs/share/autoware_planning_msgs/msg/TrajectoryPoint.msg
[95.670s] -- Installing: /root/r2ware/install/autoware_planning_msgs/share/autoware_planning_msgs/msg/Path.msg
[95.670s] -- Installing: /root/r2ware/install/autoware_planning_msgs/share/autoware_planning_msgs/msg/PathPoint.msg
[95.671s] -- Installing: /root/r2ware/install/autoware_planning_msgs/share/autoware_planning_msgs/msg/PathWithLaneId.msg
[95.671s] -- Installing: /root/r2ware/install/autoware_planning_msgs/share/autoware_planning_msgs/msg/PathPointWithLaneId.msg
[95.671s] -- Installing: /root/r2ware/install/autoware_planning_msgs/share/ament_index/resource_index/package_run_dependencies/autoware_planning_msgs
[95.672s] -- Installing: /root/r2ware/install/autoware_planning_msgs/share/ament_index/resource_index/parent_prefix_path/autoware_planning_msgs
[95.672s] -- Installing: /root/r2ware/install/autoware_planning_msgs/share/autoware_planning_msgs/environment/ament_prefix_path.sh
[95.672s] -- Installing: /root/r2ware/install/autoware_planning_msgs/share/autoware_planning_msgs/environment/ament_prefix_path.dsv
[95.672s] -- Installing: /root/r2ware/install/autoware_planning_msgs/share/autoware_planning_msgs/environment/path.sh
[95.672s] -- Installing: /root/r2ware/install/autoware_planning_msgs/share/autoware_planning_msgs/environment/path.dsv
[95.673s] -- Installing: /root/r2ware/install/autoware_planning_msgs/share/autoware_planning_msgs/local_setup.bash
[95.673s] -- Installing: /root/r2ware/install/autoware_planning_msgs/share/autoware_planning_msgs/local_setup.sh
[95.673s] -- Installing: /root/r2ware/install/autoware_planning_msgs/share/autoware_planning_msgs/local_setup.zsh
[95.673s] -- Installing: /root/r2ware/install/autoware_planning_msgs/share/autoware_planning_msgs/local_setup.dsv
[95.674s] -- Installing: /root/r2ware/install/autoware_planning_msgs/share/autoware_planning_msgs/package.dsv
[95.674s] -- Installing: /root/r2ware/install/autoware_planning_msgs/share/ament_index/resource_index/packages/autoware_planning_msgs
[95.675s] -- Installing: /root/r2ware/install/autoware_planning_msgs/share/autoware_planning_msgs/cmake/autoware_planning_msgs__rosidl_generator_cExport.cmake
[95.676s] -- Installing: /root/r2ware/install/autoware_planning_msgs/share/autoware_planning_msgs/cmake/autoware_planning_msgs__rosidl_generator_cExport-noconfig.cmake
[95.676s] -- Installing: /root/r2ware/install/autoware_planning_msgs/share/autoware_planning_msgs/cmake/autoware_planning_msgs__rosidl_typesupport_introspection_cExport.cmake
[95.677s] -- Installing: /root/r2ware/install/autoware_planning_msgs/share/autoware_planning_msgs/cmake/autoware_planning_msgs__rosidl_typesupport_introspection_cExport-noconfig.cmake
[95.677s] -- Installing: /root/r2ware/install/autoware_planning_msgs/share/autoware_planning_msgs/cmake/autoware_planning_msgs__rosidl_typesupport_cExport.cmake
[95.677s] -- Installing: /root/r2ware/install/autoware_planning_msgs/share/autoware_planning_msgs/cmake/autoware_planning_msgs__rosidl_typesupport_cExport-noconfig.cmake
[95.678s] -- Installing: /root/r2ware/install/autoware_planning_msgs/share/autoware_planning_msgs/cmake/autoware_planning_msgs__rosidl_generator_cppExport.cmake
[95.678s] -- Installing: /root/r2ware/install/autoware_planning_msgs/share/autoware_planning_msgs/cmake/autoware_planning_msgs__rosidl_typesupport_introspection_cppExport.cmake
[95.679s] -- Installing: /root/r2ware/install/autoware_planning_msgs/share/autoware_planning_msgs/cmake/autoware_planning_msgs__rosidl_typesupport_introspection_cppExport-noconfig.cmake
[95.679s] -- Installing: /root/r2ware/install/autoware_planning_msgs/share/autoware_planning_msgs/cmake/autoware_planning_msgs__rosidl_typesupport_cppExport.cmake
[95.680s] -- Installing: /root/r2ware/install/autoware_planning_msgs/share/autoware_planning_msgs/cmake/autoware_planning_msgs__rosidl_typesupport_cppExport-noconfig.cmake
[95.680s] -- Installing: /root/r2ware/install/autoware_planning_msgs/share/autoware_planning_msgs/cmake/rosidl_cmake-extras.cmake
[95.680s] -- Installing: /root/r2ware/install/autoware_planning_msgs/share/autoware_planning_msgs/cmake/ament_cmake_export_dependencies-extras.cmake
[95.681s] -- Installing: /root/r2ware/install/autoware_planning_msgs/share/autoware_planning_msgs/cmake/ament_cmake_export_libraries-extras.cmake
[95.681s] -- Installing: /root/r2ware/install/autoware_planning_msgs/share/autoware_planning_msgs/cmake/ament_cmake_export_targets-extras.cmake
[95.681s] -- Installing: /root/r2ware/install/autoware_planning_msgs/share/autoware_planning_msgs/cmake/ament_cmake_export_include_directories-extras.cmake
[95.682s] -- Installing: /root/r2ware/install/autoware_planning_msgs/share/autoware_planning_msgs/cmake/rosidl_cmake_export_typesupport_libraries-extras.cmake
[95.682s] -- Installing: /root/r2ware/install/autoware_planning_msgs/share/autoware_planning_msgs/cmake/rosidl_cmake_export_typesupport_targets-extras.cmake
[95.683s] -- Installing: /root/r2ware/install/autoware_planning_msgs/share/autoware_planning_msgs/cmake/autoware_planning_msgsConfig.cmake
[95.683s] -- Installing: /root/r2ware/install/autoware_planning_msgs/share/autoware_planning_msgs/cmake/autoware_planning_msgsConfig-version.cmake
[95.683s] -- Installing: /root/r2ware/install/autoware_planning_msgs/share/autoware_planning_msgs/package.xml
[95.703s] Invoked command in '/root/r2ware/build/autoware_planning_msgs' returned '0': CMAKE_PREFIX_PATH=${CMAKE_PREFIX_PATH}:/root/yahboomcar_ros2_ws/yahboomcar_ws/install/yahboomcar_voice_ctrl:/root/yahboomcar_ros2_ws/yahboomcar_ws/install/yahboomcar_visual:/root/yahboomcar_ros2_ws/yahboomcar_ws/install/yahboomcar_nav:/root/yahboomcar_ros2_ws/yahboomcar_ws/install/yahboomcar_multi:/root/yahboomcar_ros2_ws/yahboomcar_ws/install/yahboomcar_mediapipe:/root/yahboomcar_ros2_ws/yahboomcar_ws/install/yahboomcar_linefollow:/root/yahboomcar_ros2_ws/yahboomcar_ws/install/yahboomcar_laser:/root/yahboomcar_ros2_ws/yahboomcar_ws/install/yahboomcar_description_x1:/root/yahboomcar_ros2_ws/yahboomcar_ws/install/yahboomcar_description:/root/yahboomcar_ros2_ws/yahboomcar_ws/install/yahboomcar_ctrl:/root/yahboomcar_ros2_ws/yahboomcar_ws/install/yahboomcar_bringup:/root/yahboomcar_ros2_ws/yahboomcar_ws/install/yahboomcar_astra:/root/yahboomcar_ros2_ws/yahboomcar_ws/install/yahboom_app_save_map:/root/yahboomcar_ros2_ws/yahboomcar_ws/install/robot_pose_publisher:/root/yahboomcar_ros2_ws/yahboomcar_ws/install/laserscan_to_point_pulisher:/opt/ros/foxy /usr/bin/cmake --install /root/r2ware/build/autoware_planning_msgs
