-- The C compiler identification is GNU 9.4.0
-- The CXX compiler identification is GNU 9.4.0
-- Check for working C compiler: /usr/bin/cc
-- Check for working C compiler: /usr/bin/cc -- works
-- Detecting C compiler ABI info
-- Detecting C compiler ABI info - done
-- Detecting C compile features
-- Detecting C compile features - done
-- Check for working CXX compiler: /usr/bin/c++
-- Check for working CXX compiler: /usr/bin/c++ -- works
-- Detecting CXX compiler ABI info
-- Detecting CXX compiler ABI info - done
-- Detecting CXX compile features
-- Detecting CXX compile features - done
-- Found ament_cmake_auto: 0.9.11 (/opt/ros/foxy/share/ament_cmake_auto/cmake)
-- Found PythonInterp: /usr/bin/python3 (found suitable version "3.8.10", minimum required is "3") 
-- Using PYTHON_EXECUTABLE: /usr/bin/python3
-- Using all available rosidl_typesupport_c: rosidl_typesupport_fastrtps_c;rosidl_typesupport_introspection_c
-- Found rosidl_adapter: 1.3.0 (/opt/ros/foxy/share/rosidl_adapter/cmake)
-- Found OpenSSL: /usr/lib/aarch64-linux-gnu/libcrypto.so (found version "1.1.1f")  
-- Found FastRTPS: /opt/ros/foxy/include  
-- Using all available rosidl_typesupport_cpp: rosidl_typesupport_fastrtps_cpp;rosidl_typesupport_introspection_cpp
-- Found PythonInterp: /usr/bin/python3 (found version "3.8.10") 
-- Found ament_cmake_ros: 0.9.2 (/opt/ros/foxy/share/ament_cmake_ros/cmake)
-- Using all available rosidl_typesupport_c: rosidl_typesupport_fastrtps_c;rosidl_typesupport_introspection_c
-- Using all available rosidl_typesupport_cpp: rosidl_typesupport_fastrtps_cpp;rosidl_typesupport_introspection_cpp
-- Found PythonInterp: /usr/bin/python3 (found suitable version "3.8.10", minimum required is "3.5") 
-- Found python_cmake_module: 0.8.1 (/opt/ros/foxy/share/python_cmake_module/cmake)
-- Found PythonLibs: /usr/lib/aarch64-linux-gnu/libpython3.8.so (found suitable version "3.8.10", minimum required is "3.5") 
-- Using PYTHON_EXECUTABLE: /usr/bin/python3
-- Using PYTHON_INCLUDE_DIRS: /usr/include/python3.8
-- Using PYTHON_LIBRARIES: /usr/lib/aarch64-linux-gnu/libpython3.8.so
-- Found PythonExtra: .so  
-- Found ament_lint_auto: 0.9.7 (/opt/ros/foxy/share/ament_lint_auto/cmake)
-- Added test 'copyright' to check source files copyright and LICENSE
-- Added test 'lint_cmake' to check CMake code style
-- Added test 'xmllint' to check XML markup files
-- Configuring done
-- Generating done
-- Build files have been written to: /root/r2ware/build/tier4_control_msgs
[35m[1mScanning dependencies of target tier4_control_msgs__cpp[0m
[  1%] [34m[1mGenerating C++ code for ROS interfaces[0m
[  1%] Built target tier4_control_msgs__cpp
[  2%] [34m[1mGenerating C code for ROS interfaces[0m
[35m[1mScanning dependencies of target tier4_control_msgs__rosidl_generator_c[0m
[  3%] [32mBuilding C object CMakeFiles/tier4_control_msgs__rosidl_generator_c.dir/rosidl_generator_c/tier4_control_msgs/msg/detail/gate_mode__functions.c.o[0m
[  4%] [32mBuilding C object CMakeFiles/tier4_control_msgs__rosidl_generator_c.dir/rosidl_generator_c/tier4_control_msgs/msg/detail/is_paused__functions.c.o[0m
[  5%] [32mBuilding C object CMakeFiles/tier4_control_msgs__rosidl_generator_c.dir/rosidl_generator_c/tier4_control_msgs/srv/detail/set_pause__functions.c.o[0m
[  6%] [32mBuilding C object CMakeFiles/tier4_control_msgs__rosidl_generator_c.dir/rosidl_generator_c/tier4_control_msgs/msg/detail/is_stopped__functions.c.o[0m
[  8%] [32mBuilding C object CMakeFiles/tier4_control_msgs__rosidl_generator_c.dir/rosidl_generator_c/tier4_control_msgs/srv/detail/set_stop__functions.c.o[0m
[  9%] [32mBuilding C object CMakeFiles/tier4_control_msgs__rosidl_generator_c.dir/rosidl_generator_c/tier4_control_msgs/msg/detail/is_start_requested__functions.c.o[0m
[ 10%] [32mBuilding C object CMakeFiles/tier4_control_msgs__rosidl_generator_c.dir/rosidl_generator_c/tier4_control_msgs/srv/detail/external_command_select__functions.c.o[0m
[ 11%] [32mBuilding C object CMakeFiles/tier4_control_msgs__rosidl_generator_c.dir/rosidl_generator_c/tier4_control_msgs/msg/detail/external_command_selector_mode__functions.c.o[0m
[ 12%] [32m[1mLinking C shared library libtier4_control_msgs__rosidl_generator_c.so[0m
[ 12%] Built target tier4_control_msgs__rosidl_generator_c
[ 13%] [34m[1mGenerating C++ introspection for ROS interfaces[0m
[35m[1mScanning dependencies of target tier4_control_msgs__rosidl_typesupport_introspection_cpp[0m
[ 14%] [32mBuilding CXX object CMakeFiles/tier4_control_msgs__rosidl_typesupport_introspection_cpp.dir/rosidl_typesupport_introspection_cpp/tier4_control_msgs/msg/detail/gate_mode__type_support.cpp.o[0m
[ 16%] [32mBuilding CXX object CMakeFiles/tier4_control_msgs__rosidl_typesupport_introspection_cpp.dir/rosidl_typesupport_introspection_cpp/tier4_control_msgs/msg/detail/is_start_requested__type_support.cpp.o[0m
[ 17%] [32mBuilding CXX object CMakeFiles/tier4_control_msgs__rosidl_typesupport_introspection_cpp.dir/rosidl_typesupport_introspection_cpp/tier4_control_msgs/msg/detail/is_paused__type_support.cpp.o[0m
[ 18%] [32mBuilding CXX object CMakeFiles/tier4_control_msgs__rosidl_typesupport_introspection_cpp.dir/rosidl_typesupport_introspection_cpp/tier4_control_msgs/srv/detail/set_pause__type_support.cpp.o[0m
[ 19%] [32mBuilding CXX object CMakeFiles/tier4_control_msgs__rosidl_typesupport_introspection_cpp.dir/rosidl_typesupport_introspection_cpp/tier4_control_msgs/msg/detail/is_stopped__type_support.cpp.o[0m
[ 20%] [32mBuilding CXX object CMakeFiles/tier4_control_msgs__rosidl_typesupport_introspection_cpp.dir/rosidl_typesupport_introspection_cpp/tier4_control_msgs/srv/detail/set_stop__type_support.cpp.o[0m
[ 21%] [32mBuilding CXX object CMakeFiles/tier4_control_msgs__rosidl_typesupport_introspection_cpp.dir/rosidl_typesupport_introspection_cpp/tier4_control_msgs/srv/detail/external_command_select__type_support.cpp.o[0m
[ 22%] [32mBuilding CXX object CMakeFiles/tier4_control_msgs__rosidl_typesupport_introspection_cpp.dir/rosidl_typesupport_introspection_cpp/tier4_control_msgs/msg/detail/external_command_selector_mode__type_support.cpp.o[0m
[ 24%] [32m[1mLinking CXX shared library libtier4_control_msgs__rosidl_typesupport_introspection_cpp.so[0m
[ 24%] Built target tier4_control_msgs__rosidl_typesupport_introspection_cpp
[ 25%] [34m[1mGenerating C type support dispatch for ROS interfaces[0m
[35m[1mScanning dependencies of target tier4_control_msgs__rosidl_typesupport_c[0m
[ 26%] [32mBuilding CXX object CMakeFiles/tier4_control_msgs__rosidl_typesupport_c.dir/rosidl_typesupport_c/tier4_control_msgs/msg/gate_mode__type_support.cpp.o[0m
[ 27%] [32mBuilding CXX object CMakeFiles/tier4_control_msgs__rosidl_typesupport_c.dir/rosidl_typesupport_c/tier4_control_msgs/msg/is_paused__type_support.cpp.o[0m
[ 28%] [32mBuilding CXX object CMakeFiles/tier4_control_msgs__rosidl_typesupport_c.dir/rosidl_typesupport_c/tier4_control_msgs/srv/set_pause__type_support.cpp.o[0m
[ 29%] [32mBuilding CXX object CMakeFiles/tier4_control_msgs__rosidl_typesupport_c.dir/rosidl_typesupport_c/tier4_control_msgs/msg/is_stopped__type_support.cpp.o[0m
[ 31%] [32mBuilding CXX object CMakeFiles/tier4_control_msgs__rosidl_typesupport_c.dir/rosidl_typesupport_c/tier4_control_msgs/srv/set_stop__type_support.cpp.o[0m
[ 32%] [32mBuilding CXX object CMakeFiles/tier4_control_msgs__rosidl_typesupport_c.dir/rosidl_typesupport_c/tier4_control_msgs/msg/is_start_requested__type_support.cpp.o[0m
[ 33%] [32mBuilding CXX object CMakeFiles/tier4_control_msgs__rosidl_typesupport_c.dir/rosidl_typesupport_c/tier4_control_msgs/srv/external_command_select__type_support.cpp.o[0m
[ 34%] [32mBuilding CXX object CMakeFiles/tier4_control_msgs__rosidl_typesupport_c.dir/rosidl_typesupport_c/tier4_control_msgs/msg/external_command_selector_mode__type_support.cpp.o[0m
[ 35%] [32m[1mLinking CXX shared library libtier4_control_msgs__rosidl_typesupport_c.so[0m
[ 35%] Built target tier4_control_msgs__rosidl_typesupport_c
[ 36%] [34m[1mGenerating C introspection for ROS interfaces[0m
[35m[1mScanning dependencies of target tier4_control_msgs__rosidl_typesupport_introspection_c[0m
[ 37%] [32mBuilding C object CMakeFiles/tier4_control_msgs__rosidl_typesupport_introspection_c.dir/rosidl_typesupport_introspection_c/tier4_control_msgs/msg/detail/gate_mode__type_support.c.o[0m
[ 39%] [32mBuilding C object CMakeFiles/tier4_control_msgs__rosidl_typesupport_introspection_c.dir/rosidl_typesupport_introspection_c/tier4_control_msgs/srv/detail/set_pause__type_support.c.o[0m
[ 40%] [32mBuilding C object CMakeFiles/tier4_control_msgs__rosidl_typesupport_introspection_c.dir/rosidl_typesupport_introspection_c/tier4_control_msgs/msg/detail/is_stopped__type_support.c.o[0m
[ 41%] [32mBuilding C object CMakeFiles/tier4_control_msgs__rosidl_typesupport_introspection_c.dir/rosidl_typesupport_introspection_c/tier4_control_msgs/srv/detail/set_stop__type_support.c.o[0m
[ 42%] [32mBuilding C object CMakeFiles/tier4_control_msgs__rosidl_typesupport_introspection_c.dir/rosidl_typesupport_introspection_c/tier4_control_msgs/msg/detail/is_paused__type_support.c.o[0m
[ 43%] [32mBuilding C object CMakeFiles/tier4_control_msgs__rosidl_typesupport_introspection_c.dir/rosidl_typesupport_introspection_c/tier4_control_msgs/msg/detail/is_start_requested__type_support.c.o[0m
[ 44%] [32mBuilding C object CMakeFiles/tier4_control_msgs__rosidl_typesupport_introspection_c.dir/rosidl_typesupport_introspection_c/tier4_control_msgs/srv/detail/external_command_select__type_support.c.o[0m
[ 45%] [32mBuilding C object CMakeFiles/tier4_control_msgs__rosidl_typesupport_introspection_c.dir/rosidl_typesupport_introspection_c/tier4_control_msgs/msg/detail/external_command_selector_mode__type_support.c.o[0m
[ 47%] [32m[1mLinking C shared library libtier4_control_msgs__rosidl_typesupport_introspection_c.so[0m
[ 47%] Built target tier4_control_msgs__rosidl_typesupport_introspection_c
[ 48%] [34m[1mGenerating C++ type support dispatch for ROS interfaces[0m
[35m[1mScanning dependencies of target tier4_control_msgs__rosidl_typesupport_cpp[0m
[ 49%] [32mBuilding CXX object CMakeFiles/tier4_control_msgs__rosidl_typesupport_cpp.dir/rosidl_typesupport_cpp/tier4_control_msgs/msg/gate_mode__type_support.cpp.o[0m
[ 50%] [32mBuilding CXX object CMakeFiles/tier4_control_msgs__rosidl_typesupport_cpp.dir/rosidl_typesupport_cpp/tier4_control_msgs/msg/is_stopped__type_support.cpp.o[0m
[ 51%] [32mBuilding CXX object CMakeFiles/tier4_control_msgs__rosidl_typesupport_cpp.dir/rosidl_typesupport_cpp/tier4_control_msgs/srv/set_stop__type_support.cpp.o[0m
[ 52%] [32mBuilding CXX object CMakeFiles/tier4_control_msgs__rosidl_typesupport_cpp.dir/rosidl_typesupport_cpp/tier4_control_msgs/srv/set_pause__type_support.cpp.o[0m
[ 54%] [32mBuilding CXX object CMakeFiles/tier4_control_msgs__rosidl_typesupport_cpp.dir/rosidl_typesupport_cpp/tier4_control_msgs/msg/is_paused__type_support.cpp.o[0m
[ 55%] [32mBuilding CXX object CMakeFiles/tier4_control_msgs__rosidl_typesupport_cpp.dir/rosidl_typesupport_cpp/tier4_control_msgs/msg/is_start_requested__type_support.cpp.o[0m
[ 56%] [32mBuilding CXX object CMakeFiles/tier4_control_msgs__rosidl_typesupport_cpp.dir/rosidl_typesupport_cpp/tier4_control_msgs/srv/external_command_select__type_support.cpp.o[0m
[ 57%] [32mBuilding CXX object CMakeFiles/tier4_control_msgs__rosidl_typesupport_cpp.dir/rosidl_typesupport_cpp/tier4_control_msgs/msg/external_command_selector_mode__type_support.cpp.o[0m
[ 58%] [32m[1mLinking CXX shared library libtier4_control_msgs__rosidl_typesupport_cpp.so[0m
[ 58%] Built target tier4_control_msgs__rosidl_typesupport_cpp
[ 59%] [34m[1mGenerating C++ type support for eProsima Fast-RTPS[0m
[35m[1mScanning dependencies of target tier4_control_msgs__rosidl_typesupport_fastrtps_cpp[0m
[ 60%] [32mBuilding CXX object CMakeFiles/tier4_control_msgs__rosidl_typesupport_fastrtps_cpp.dir/rosidl_typesupport_fastrtps_cpp/tier4_control_msgs/msg/detail/dds_fastrtps/gate_mode__type_support.cpp.o[0m
[ 62%] [32mBuilding CXX object CMakeFiles/tier4_control_msgs__rosidl_typesupport_fastrtps_cpp.dir/rosidl_typesupport_fastrtps_cpp/tier4_control_msgs/srv/detail/dds_fastrtps/set_stop__type_support.cpp.o[0m
[ 63%] [32mBuilding CXX object CMakeFiles/tier4_control_msgs__rosidl_typesupport_fastrtps_cpp.dir/rosidl_typesupport_fastrtps_cpp/tier4_control_msgs/msg/detail/dds_fastrtps/is_stopped__type_support.cpp.o[0m
[ 64%] [32mBuilding CXX object CMakeFiles/tier4_control_msgs__rosidl_typesupport_fastrtps_cpp.dir/rosidl_typesupport_fastrtps_cpp/tier4_control_msgs/srv/detail/dds_fastrtps/set_pause__type_support.cpp.o[0m
[ 65%] [32mBuilding CXX object CMakeFiles/tier4_control_msgs__rosidl_typesupport_fastrtps_cpp.dir/rosidl_typesupport_fastrtps_cpp/tier4_control_msgs/msg/detail/dds_fastrtps/is_paused__type_support.cpp.o[0m
[ 66%] [32mBuilding CXX object CMakeFiles/tier4_control_msgs__rosidl_typesupport_fastrtps_cpp.dir/rosidl_typesupport_fastrtps_cpp/tier4_control_msgs/msg/detail/dds_fastrtps/is_start_requested__type_support.cpp.o[0m
[ 67%] [32mBuilding CXX object CMakeFiles/tier4_control_msgs__rosidl_typesupport_fastrtps_cpp.dir/rosidl_typesupport_fastrtps_cpp/tier4_control_msgs/srv/detail/dds_fastrtps/external_command_select__type_support.cpp.o[0m
[ 68%] [32mBuilding CXX object CMakeFiles/tier4_control_msgs__rosidl_typesupport_fastrtps_cpp.dir/rosidl_typesupport_fastrtps_cpp/tier4_control_msgs/msg/detail/dds_fastrtps/external_command_selector_mode__type_support.cpp.o[0m
[ 70%] [32m[1mLinking CXX shared library libtier4_control_msgs__rosidl_typesupport_fastrtps_cpp.so[0m
[ 70%] Built target tier4_control_msgs__rosidl_typesupport_fastrtps_cpp
[ 71%] [34m[1mGenerating C type support for eProsima Fast-RTPS[0m
[35m[1mScanning dependencies of target tier4_control_msgs__rosidl_typesupport_fastrtps_c[0m
[ 72%] [32mBuilding CXX object CMakeFiles/tier4_control_msgs__rosidl_typesupport_fastrtps_c.dir/rosidl_typesupport_fastrtps_c/tier4_control_msgs/msg/detail/gate_mode__type_support_c.cpp.o[0m
[ 73%] [32mBuilding CXX object CMakeFiles/tier4_control_msgs__rosidl_typesupport_fastrtps_c.dir/rosidl_typesupport_fastrtps_c/tier4_control_msgs/srv/detail/set_stop__type_support_c.cpp.o[0m
[ 74%] [32mBuilding CXX object CMakeFiles/tier4_control_msgs__rosidl_typesupport_fastrtps_c.dir/rosidl_typesupport_fastrtps_c/tier4_control_msgs/msg/detail/is_stopped__type_support_c.cpp.o[0m
[ 75%] [32mBuilding CXX object CMakeFiles/tier4_control_msgs__rosidl_typesupport_fastrtps_c.dir/rosidl_typesupport_fastrtps_c/tier4_control_msgs/srv/detail/set_pause__type_support_c.cpp.o[0m
[ 77%] [32mBuilding CXX object CMakeFiles/tier4_control_msgs__rosidl_typesupport_fastrtps_c.dir/rosidl_typesupport_fastrtps_c/tier4_control_msgs/msg/detail/is_paused__type_support_c.cpp.o[0m
[ 78%] [32mBuilding CXX object CMakeFiles/tier4_control_msgs__rosidl_typesupport_fastrtps_c.dir/rosidl_typesupport_fastrtps_c/tier4_control_msgs/msg/detail/is_start_requested__type_support_c.cpp.o[0m
[ 79%] [32mBuilding CXX object CMakeFiles/tier4_control_msgs__rosidl_typesupport_fastrtps_c.dir/rosidl_typesupport_fastrtps_c/tier4_control_msgs/srv/detail/external_command_select__type_support_c.cpp.o[0m
[ 80%] [32mBuilding CXX object CMakeFiles/tier4_control_msgs__rosidl_typesupport_fastrtps_c.dir/rosidl_typesupport_fastrtps_c/tier4_control_msgs/msg/detail/external_command_selector_mode__type_support_c.cpp.o[0m
[ 81%] [32m[1mLinking CXX shared library libtier4_control_msgs__rosidl_typesupport_fastrtps_c.so[0m
[ 81%] Built target tier4_control_msgs__rosidl_typesupport_fastrtps_c
[35m[1mScanning dependencies of target tier4_control_msgs[0m
[ 81%] Built target tier4_control_msgs
[35m[1mScanning dependencies of target tier4_control_msgs__py[0m
[ 82%] [34m[1mGenerating Python code for ROS interfaces[0m
[ 82%] Built target tier4_control_msgs__py
[35m[1mScanning dependencies of target tier4_control_msgs__python[0m
[ 83%] [32mBuilding C object CMakeFiles/tier4_control_msgs__python.dir/rosidl_generator_py/tier4_control_msgs/msg/_gate_mode_s.c.o[0m
[ 85%] [32mBuilding C object CMakeFiles/tier4_control_msgs__python.dir/rosidl_generator_py/tier4_control_msgs/srv/_set_stop_s.c.o[0m
[ 86%] [32mBuilding C object CMakeFiles/tier4_control_msgs__python.dir/rosidl_generator_py/tier4_control_msgs/msg/_is_stopped_s.c.o[0m
[ 87%] [32mBuilding C object CMakeFiles/tier4_control_msgs__python.dir/rosidl_generator_py/tier4_control_msgs/srv/_set_pause_s.c.o[0m
[ 88%] [32mBuilding C object CMakeFiles/tier4_control_msgs__python.dir/rosidl_generator_py/tier4_control_msgs/msg/_is_paused_s.c.o[0m
[ 89%] [32mBuilding C object CMakeFiles/tier4_control_msgs__python.dir/rosidl_generator_py/tier4_control_msgs/msg/_is_start_requested_s.c.o[0m
[ 90%] [32mBuilding C object CMakeFiles/tier4_control_msgs__python.dir/rosidl_generator_py/tier4_control_msgs/srv/_external_command_select_s.c.o[0m
[ 91%] [32mBuilding C object CMakeFiles/tier4_control_msgs__python.dir/rosidl_generator_py/tier4_control_msgs/msg/_external_command_selector_mode_s.c.o[0m
[ 93%] [32m[1mLinking C shared library rosidl_generator_py/tier4_control_msgs/libtier4_control_msgs__python.so[0m
[ 93%] Built target tier4_control_msgs__python
[35m[1mScanning dependencies of target tier4_control_msgs__rosidl_typesupport_introspection_c__pyext[0m
[ 94%] [32mBuilding C object CMakeFiles/tier4_control_msgs__rosidl_typesupport_introspection_c__pyext.dir/rosidl_generator_py/tier4_control_msgs/_tier4_control_msgs_s.ep.rosidl_typesupport_introspection_c.c.o[0m
[ 95%] [32m[1mLinking C shared library rosidl_generator_py/tier4_control_msgs/tier4_control_msgs_s__rosidl_typesupport_introspection_c.cpython-38-aarch64-linux-gnu.so[0m
[ 95%] Built target tier4_control_msgs__rosidl_typesupport_introspection_c__pyext
[35m[1mScanning dependencies of target tier4_control_msgs__rosidl_typesupport_fastrtps_c__pyext[0m
[ 96%] [32mBuilding C object CMakeFiles/tier4_control_msgs__rosidl_typesupport_fastrtps_c__pyext.dir/rosidl_generator_py/tier4_control_msgs/_tier4_control_msgs_s.ep.rosidl_typesupport_fastrtps_c.c.o[0m
[ 97%] [32m[1mLinking CXX shared library rosidl_generator_py/tier4_control_msgs/tier4_control_msgs_s__rosidl_typesupport_fastrtps_c.cpython-38-aarch64-linux-gnu.so[0m
[ 97%] Built target tier4_control_msgs__rosidl_typesupport_fastrtps_c__pyext
[35m[1mScanning dependencies of target tier4_control_msgs__rosidl_typesupport_c__pyext[0m
[ 98%] [32mBuilding C object CMakeFiles/tier4_control_msgs__rosidl_typesupport_c__pyext.dir/rosidl_generator_py/tier4_control_msgs/_tier4_control_msgs_s.ep.rosidl_typesupport_c.c.o[0m
[100%] [32m[1mLinking C shared library rosidl_generator_py/tier4_control_msgs/tier4_control_msgs_s__rosidl_typesupport_c.cpython-38-aarch64-linux-gnu.so[0m
[100%] Built target tier4_control_msgs__rosidl_typesupport_c__pyext
-- Install configuration: ""
-- Installing: /root/r2ware/install/tier4_control_msgs/share/ament_index/resource_index/rosidl_interfaces/tier4_control_msgs
-- Installing: /root/r2ware/install/tier4_control_msgs/include/tier4_control_msgs
-- Installing: /root/r2ware/install/tier4_control_msgs/include/tier4_control_msgs/msg
-- Installing: /root/r2ware/install/tier4_control_msgs/include/tier4_control_msgs/msg/gate_mode.h
-- Installing: /root/r2ware/install/tier4_control_msgs/include/tier4_control_msgs/msg/is_start_requested.h
-- Installing: /root/r2ware/install/tier4_control_msgs/include/tier4_control_msgs/msg/is_stopped.h
-- Installing: /root/r2ware/install/tier4_control_msgs/include/tier4_control_msgs/msg/rosidl_generator_c__visibility_control.h
-- Installing: /root/r2ware/install/tier4_control_msgs/include/tier4_control_msgs/msg/is_paused.h
-- Installing: /root/r2ware/install/tier4_control_msgs/include/tier4_control_msgs/msg/external_command_selector_mode.h
-- Installing: /root/r2ware/install/tier4_control_msgs/include/tier4_control_msgs/msg/detail
-- Installing: /root/r2ware/install/tier4_control_msgs/include/tier4_control_msgs/msg/detail/is_paused__type_support.h
-- Installing: /root/r2ware/install/tier4_control_msgs/include/tier4_control_msgs/msg/detail/is_paused__functions.h
-- Installing: /root/r2ware/install/tier4_control_msgs/include/tier4_control_msgs/msg/detail/is_start_requested__functions.c
-- Installing: /root/r2ware/install/tier4_control_msgs/include/tier4_control_msgs/msg/detail/is_start_requested__struct.h
-- Installing: /root/r2ware/install/tier4_control_msgs/include/tier4_control_msgs/msg/detail/external_command_selector_mode__functions.h
-- Installing: /root/r2ware/install/tier4_control_msgs/include/tier4_control_msgs/msg/detail/gate_mode__struct.h
-- Installing: /root/r2ware/install/tier4_control_msgs/include/tier4_control_msgs/msg/detail/is_start_requested__type_support.h
-- Installing: /root/r2ware/install/tier4_control_msgs/include/tier4_control_msgs/msg/detail/is_stopped__functions.h
-- Installing: /root/r2ware/install/tier4_control_msgs/include/tier4_control_msgs/msg/detail/is_stopped__struct.h
-- Installing: /root/r2ware/install/tier4_control_msgs/include/tier4_control_msgs/msg/detail/is_paused__functions.c
-- Installing: /root/r2ware/install/tier4_control_msgs/include/tier4_control_msgs/msg/detail/is_stopped__type_support.h
-- Installing: /root/r2ware/install/tier4_control_msgs/include/tier4_control_msgs/msg/detail/is_start_requested__functions.h
-- Installing: /root/r2ware/install/tier4_control_msgs/include/tier4_control_msgs/msg/detail/external_command_selector_mode__functions.c
-- Installing: /root/r2ware/install/tier4_control_msgs/include/tier4_control_msgs/msg/detail/is_paused__struct.h
-- Installing: /root/r2ware/install/tier4_control_msgs/include/tier4_control_msgs/msg/detail/gate_mode__type_support.h
-- Installing: /root/r2ware/install/tier4_control_msgs/include/tier4_control_msgs/msg/detail/external_command_selector_mode__struct.h
-- Installing: /root/r2ware/install/tier4_control_msgs/include/tier4_control_msgs/msg/detail/gate_mode__functions.c
-- Installing: /root/r2ware/install/tier4_control_msgs/include/tier4_control_msgs/msg/detail/is_stopped__functions.c
-- Installing: /root/r2ware/install/tier4_control_msgs/include/tier4_control_msgs/msg/detail/external_command_selector_mode__type_support.h
-- Installing: /root/r2ware/install/tier4_control_msgs/include/tier4_control_msgs/msg/detail/gate_mode__functions.h
-- Installing: /root/r2ware/install/tier4_control_msgs/include/tier4_control_msgs/srv
-- Installing: /root/r2ware/install/tier4_control_msgs/include/tier4_control_msgs/srv/external_command_select.h
-- Installing: /root/r2ware/install/tier4_control_msgs/include/tier4_control_msgs/srv/set_stop.h
-- Installing: /root/r2ware/install/tier4_control_msgs/include/tier4_control_msgs/srv/detail
-- Installing: /root/r2ware/install/tier4_control_msgs/include/tier4_control_msgs/srv/detail/external_command_select__struct.h
-- Installing: /root/r2ware/install/tier4_control_msgs/include/tier4_control_msgs/srv/detail/external_command_select__functions.h
-- Installing: /root/r2ware/install/tier4_control_msgs/include/tier4_control_msgs/srv/detail/set_stop__type_support.h
-- Installing: /root/r2ware/install/tier4_control_msgs/include/tier4_control_msgs/srv/detail/set_pause__struct.h
-- Installing: /root/r2ware/install/tier4_control_msgs/include/tier4_control_msgs/srv/detail/external_command_select__type_support.h
-- Installing: /root/r2ware/install/tier4_control_msgs/include/tier4_control_msgs/srv/detail/external_command_select__functions.c
-- Installing: /root/r2ware/install/tier4_control_msgs/include/tier4_control_msgs/srv/detail/set_pause__functions.c
-- Installing: /root/r2ware/install/tier4_control_msgs/include/tier4_control_msgs/srv/detail/set_stop__struct.h
-- Installing: /root/r2ware/install/tier4_control_msgs/include/tier4_control_msgs/srv/detail/set_stop__functions.c
-- Installing: /root/r2ware/install/tier4_control_msgs/include/tier4_control_msgs/srv/detail/set_pause__type_support.h
-- Installing: /root/r2ware/install/tier4_control_msgs/include/tier4_control_msgs/srv/detail/set_pause__functions.h
-- Installing: /root/r2ware/install/tier4_control_msgs/include/tier4_control_msgs/srv/detail/set_stop__functions.h
-- Installing: /root/r2ware/install/tier4_control_msgs/include/tier4_control_msgs/srv/set_pause.h
-- Installing: /root/r2ware/install/tier4_control_msgs/share/tier4_control_msgs/environment/library_path.sh
-- Installing: /root/r2ware/install/tier4_control_msgs/share/tier4_control_msgs/environment/library_path.dsv
-- Installing: /root/r2ware/install/tier4_control_msgs/lib/libtier4_control_msgs__rosidl_generator_c.so
-- Set runtime path of "/root/r2ware/install/tier4_control_msgs/lib/libtier4_control_msgs__rosidl_generator_c.so" to ""
-- Up-to-date: /root/r2ware/install/tier4_control_msgs/include/tier4_control_msgs
-- Up-to-date: /root/r2ware/install/tier4_control_msgs/include/tier4_control_msgs/msg
-- Installing: /root/r2ware/install/tier4_control_msgs/include/tier4_control_msgs/msg/rosidl_typesupport_fastrtps_c__visibility_control.h
-- Up-to-date: /root/r2ware/install/tier4_control_msgs/include/tier4_control_msgs/msg/detail
-- Installing: /root/r2ware/install/tier4_control_msgs/include/tier4_control_msgs/msg/detail/is_paused__rosidl_typesupport_fastrtps_c.h
-- Installing: /root/r2ware/install/tier4_control_msgs/include/tier4_control_msgs/msg/detail/is_start_requested__rosidl_typesupport_fastrtps_c.h
-- Installing: /root/r2ware/install/tier4_control_msgs/include/tier4_control_msgs/msg/detail/external_command_selector_mode__rosidl_typesupport_fastrtps_c.h
-- Installing: /root/r2ware/install/tier4_control_msgs/include/tier4_control_msgs/msg/detail/is_stopped__rosidl_typesupport_fastrtps_c.h
-- Installing: /root/r2ware/install/tier4_control_msgs/include/tier4_control_msgs/msg/detail/gate_mode__rosidl_typesupport_fastrtps_c.h
-- Up-to-date: /root/r2ware/install/tier4_control_msgs/include/tier4_control_msgs/srv
-- Up-to-date: /root/r2ware/install/tier4_control_msgs/include/tier4_control_msgs/srv/detail
-- Installing: /root/r2ware/install/tier4_control_msgs/include/tier4_control_msgs/srv/detail/set_stop__rosidl_typesupport_fastrtps_c.h
-- Installing: /root/r2ware/install/tier4_control_msgs/include/tier4_control_msgs/srv/detail/set_pause__rosidl_typesupport_fastrtps_c.h
-- Installing: /root/r2ware/install/tier4_control_msgs/include/tier4_control_msgs/srv/detail/external_command_select__rosidl_typesupport_fastrtps_c.h
-- Installing: /root/r2ware/install/tier4_control_msgs/lib/libtier4_control_msgs__rosidl_typesupport_fastrtps_c.so
-- Set runtime path of "/root/r2ware/install/tier4_control_msgs/lib/libtier4_control_msgs__rosidl_typesupport_fastrtps_c.so" to ""
-- Up-to-date: /root/r2ware/install/tier4_control_msgs/include/tier4_control_msgs
-- Up-to-date: /root/r2ware/install/tier4_control_msgs/include/tier4_control_msgs/msg
-- Installing: /root/r2ware/install/tier4_control_msgs/include/tier4_control_msgs/msg/rosidl_typesupport_fastrtps_cpp__visibility_control.h
-- Up-to-date: /root/r2ware/install/tier4_control_msgs/include/tier4_control_msgs/msg/detail
-- Installing: /root/r2ware/install/tier4_control_msgs/include/tier4_control_msgs/msg/detail/external_command_selector_mode__rosidl_typesupport_fastrtps_cpp.hpp
-- Installing: /root/r2ware/install/tier4_control_msgs/include/tier4_control_msgs/msg/detail/is_stopped__rosidl_typesupport_fastrtps_cpp.hpp
-- Installing: /root/r2ware/install/tier4_control_msgs/include/tier4_control_msgs/msg/detail/is_start_requested__rosidl_typesupport_fastrtps_cpp.hpp
-- Installing: /root/r2ware/install/tier4_control_msgs/include/tier4_control_msgs/msg/detail/gate_mode__rosidl_typesupport_fastrtps_cpp.hpp
-- Installing: /root/r2ware/install/tier4_control_msgs/include/tier4_control_msgs/msg/detail/dds_fastrtps
-- Installing: /root/r2ware/install/tier4_control_msgs/include/tier4_control_msgs/msg/detail/is_paused__rosidl_typesupport_fastrtps_cpp.hpp
-- Up-to-date: /root/r2ware/install/tier4_control_msgs/include/tier4_control_msgs/srv
-- Up-to-date: /root/r2ware/install/tier4_control_msgs/include/tier4_control_msgs/srv/detail
-- Installing: /root/r2ware/install/tier4_control_msgs/include/tier4_control_msgs/srv/detail/set_stop__rosidl_typesupport_fastrtps_cpp.hpp
-- Installing: /root/r2ware/install/tier4_control_msgs/include/tier4_control_msgs/srv/detail/dds_fastrtps
-- Installing: /root/r2ware/install/tier4_control_msgs/include/tier4_control_msgs/srv/detail/set_pause__rosidl_typesupport_fastrtps_cpp.hpp
-- Installing: /root/r2ware/install/tier4_control_msgs/include/tier4_control_msgs/srv/detail/external_command_select__rosidl_typesupport_fastrtps_cpp.hpp
-- Installing: /root/r2ware/install/tier4_control_msgs/lib/libtier4_control_msgs__rosidl_typesupport_fastrtps_cpp.so
-- Set runtime path of "/root/r2ware/install/tier4_control_msgs/lib/libtier4_control_msgs__rosidl_typesupport_fastrtps_cpp.so" to ""
-- Up-to-date: /root/r2ware/install/tier4_control_msgs/include/tier4_control_msgs
-- Up-to-date: /root/r2ware/install/tier4_control_msgs/include/tier4_control_msgs/msg
-- Installing: /root/r2ware/install/tier4_control_msgs/include/tier4_control_msgs/msg/rosidl_typesupport_introspection_c__visibility_control.h
-- Up-to-date: /root/r2ware/install/tier4_control_msgs/include/tier4_control_msgs/msg/detail
-- Installing: /root/r2ware/install/tier4_control_msgs/include/tier4_control_msgs/msg/detail/is_paused__rosidl_typesupport_introspection_c.h
-- Installing: /root/r2ware/install/tier4_control_msgs/include/tier4_control_msgs/msg/detail/gate_mode__type_support.c
-- Installing: /root/r2ware/install/tier4_control_msgs/include/tier4_control_msgs/msg/detail/external_command_selector_mode__rosidl_typesupport_introspection_c.h
-- Installing: /root/r2ware/install/tier4_control_msgs/include/tier4_control_msgs/msg/detail/is_start_requested__type_support.c
-- Installing: /root/r2ware/install/tier4_control_msgs/include/tier4_control_msgs/msg/detail/is_stopped__rosidl_typesupport_introspection_c.h
-- Installing: /root/r2ware/install/tier4_control_msgs/include/tier4_control_msgs/msg/detail/gate_mode__rosidl_typesupport_introspection_c.h
-- Installing: /root/r2ware/install/tier4_control_msgs/include/tier4_control_msgs/msg/detail/external_command_selector_mode__type_support.c
-- Installing: /root/r2ware/install/tier4_control_msgs/include/tier4_control_msgs/msg/detail/is_paused__type_support.c
-- Installing: /root/r2ware/install/tier4_control_msgs/include/tier4_control_msgs/msg/detail/is_start_requested__rosidl_typesupport_introspection_c.h
-- Installing: /root/r2ware/install/tier4_control_msgs/include/tier4_control_msgs/msg/detail/is_stopped__type_support.c
-- Up-to-date: /root/r2ware/install/tier4_control_msgs/include/tier4_control_msgs/srv
-- Up-to-date: /root/r2ware/install/tier4_control_msgs/include/tier4_control_msgs/srv/detail
-- Installing: /root/r2ware/install/tier4_control_msgs/include/tier4_control_msgs/srv/detail/set_pause__rosidl_typesupport_introspection_c.h
-- Installing: /root/r2ware/install/tier4_control_msgs/include/tier4_control_msgs/srv/detail/external_command_select__type_support.c
-- Installing: /root/r2ware/install/tier4_control_msgs/include/tier4_control_msgs/srv/detail/set_stop__type_support.c
-- Installing: /root/r2ware/install/tier4_control_msgs/include/tier4_control_msgs/srv/detail/external_command_select__rosidl_typesupport_introspection_c.h
-- Installing: /root/r2ware/install/tier4_control_msgs/include/tier4_control_msgs/srv/detail/set_stop__rosidl_typesupport_introspection_c.h
-- Installing: /root/r2ware/install/tier4_control_msgs/include/tier4_control_msgs/srv/detail/set_pause__type_support.c
-- Installing: /root/r2ware/install/tier4_control_msgs/lib/libtier4_control_msgs__rosidl_typesupport_introspection_c.so
-- Set runtime path of "/root/r2ware/install/tier4_control_msgs/lib/libtier4_control_msgs__rosidl_typesupport_introspection_c.so" to ""
-- Installing: /root/r2ware/install/tier4_control_msgs/lib/libtier4_control_msgs__rosidl_typesupport_c.so
-- Set runtime path of "/root/r2ware/install/tier4_control_msgs/lib/libtier4_control_msgs__rosidl_typesupport_c.so" to ""
-- Up-to-date: /root/r2ware/install/tier4_control_msgs/include/tier4_control_msgs
-- Up-to-date: /root/r2ware/install/tier4_control_msgs/include/tier4_control_msgs/msg
-- Installing: /root/r2ware/install/tier4_control_msgs/include/tier4_control_msgs/msg/external_command_selector_mode.hpp
-- Installing: /root/r2ware/install/tier4_control_msgs/include/tier4_control_msgs/msg/is_stopped.hpp
-- Installing: /root/r2ware/install/tier4_control_msgs/include/tier4_control_msgs/msg/is_paused.hpp
-- Installing: /root/r2ware/install/tier4_control_msgs/include/tier4_control_msgs/msg/gate_mode.hpp
-- Installing: /root/r2ware/install/tier4_control_msgs/include/tier4_control_msgs/msg/is_start_requested.hpp
-- Up-to-date: /root/r2ware/install/tier4_control_msgs/include/tier4_control_msgs/msg/detail
-- Installing: /root/r2ware/install/tier4_control_msgs/include/tier4_control_msgs/msg/detail/is_start_requested__struct.hpp
-- Installing: /root/r2ware/install/tier4_control_msgs/include/tier4_control_msgs/msg/detail/is_paused__struct.hpp
-- Installing: /root/r2ware/install/tier4_control_msgs/include/tier4_control_msgs/msg/detail/external_command_selector_mode__traits.hpp
-- Installing: /root/r2ware/install/tier4_control_msgs/include/tier4_control_msgs/msg/detail/is_start_requested__builder.hpp
-- Installing: /root/r2ware/install/tier4_control_msgs/include/tier4_control_msgs/msg/detail/external_command_selector_mode__struct.hpp
-- Installing: /root/r2ware/install/tier4_control_msgs/include/tier4_control_msgs/msg/detail/is_paused__traits.hpp
-- Installing: /root/r2ware/install/tier4_control_msgs/include/tier4_control_msgs/msg/detail/is_stopped__traits.hpp
-- Installing: /root/r2ware/install/tier4_control_msgs/include/tier4_control_msgs/msg/detail/gate_mode__traits.hpp
-- Installing: /root/r2ware/install/tier4_control_msgs/include/tier4_control_msgs/msg/detail/is_stopped__builder.hpp
-- Installing: /root/r2ware/install/tier4_control_msgs/include/tier4_control_msgs/msg/detail/gate_mode__builder.hpp
-- Installing: /root/r2ware/install/tier4_control_msgs/include/tier4_control_msgs/msg/detail/is_start_requested__traits.hpp
-- Installing: /root/r2ware/install/tier4_control_msgs/include/tier4_control_msgs/msg/detail/gate_mode__struct.hpp
-- Installing: /root/r2ware/install/tier4_control_msgs/include/tier4_control_msgs/msg/detail/is_paused__builder.hpp
-- Installing: /root/r2ware/install/tier4_control_msgs/include/tier4_control_msgs/msg/detail/external_command_selector_mode__builder.hpp
-- Installing: /root/r2ware/install/tier4_control_msgs/include/tier4_control_msgs/msg/detail/is_stopped__struct.hpp
-- Up-to-date: /root/r2ware/install/tier4_control_msgs/include/tier4_control_msgs/srv
-- Installing: /root/r2ware/install/tier4_control_msgs/include/tier4_control_msgs/srv/set_stop.hpp
-- Installing: /root/r2ware/install/tier4_control_msgs/include/tier4_control_msgs/srv/set_pause.hpp
-- Up-to-date: /root/r2ware/install/tier4_control_msgs/include/tier4_control_msgs/srv/detail
-- Installing: /root/r2ware/install/tier4_control_msgs/include/tier4_control_msgs/srv/detail/set_stop__traits.hpp
-- Installing: /root/r2ware/install/tier4_control_msgs/include/tier4_control_msgs/srv/detail/set_stop__builder.hpp
-- Installing: /root/r2ware/install/tier4_control_msgs/include/tier4_control_msgs/srv/detail/set_pause__traits.hpp
-- Installing: /root/r2ware/install/tier4_control_msgs/include/tier4_control_msgs/srv/detail/set_pause__builder.hpp
-- Installing: /root/r2ware/install/tier4_control_msgs/include/tier4_control_msgs/srv/detail/external_command_select__traits.hpp
-- Installing: /root/r2ware/install/tier4_control_msgs/include/tier4_control_msgs/srv/detail/set_pause__struct.hpp
-- Installing: /root/r2ware/install/tier4_control_msgs/include/tier4_control_msgs/srv/detail/external_command_select__struct.hpp
-- Installing: /root/r2ware/install/tier4_control_msgs/include/tier4_control_msgs/srv/detail/external_command_select__builder.hpp
-- Installing: /root/r2ware/install/tier4_control_msgs/include/tier4_control_msgs/srv/detail/set_stop__struct.hpp
