-- The C compiler identification is GNU 9.4.0
-- The CXX compiler identification is GNU 9.4.0
-- Check for working C compiler: /usr/bin/cc
-- Check for working C compiler: /usr/bin/cc -- works
-- Detecting C compiler ABI info
-- Detecting C compiler ABI info - done
-- Detecting C compile features
-- Detecting C compile features - done
-- Check for working CXX compiler: /usr/bin/c++
-- Check for working CXX compiler: /usr/bin/c++ -- works
-- Detecting CXX compiler ABI info
-- Detecting CXX compiler ABI info - done
-- Detecting CXX compile features
-- Detecting CXX compile features - done
-- Found ament_cmake_auto: 0.9.11 (/opt/ros/foxy/share/ament_cmake_auto/cmake)
-- Found PythonInterp: /usr/bin/python3 (found suitable version "3.8.10", minimum required is "3") 
-- Using PYTHON_EXECUTABLE: /usr/bin/python3
-- Using all available rosidl_typesupport_c: rosidl_typesupport_fastrtps_c;rosidl_typesupport_introspection_c
-- Found rosidl_adapter: 1.3.0 (/opt/ros/foxy/share/rosidl_adapter/cmake)
-- Found OpenSSL: /usr/lib/aarch64-linux-gnu/libcrypto.so (found version "1.1.1f")  
-- Found FastRTPS: /opt/ros/foxy/include  
-- Using all available rosidl_typesupport_cpp: rosidl_typesupport_fastrtps_cpp;rosidl_typesupport_introspection_cpp
-- Found PythonInterp: /usr/bin/python3 (found version "3.8.10") 
-- Found ament_cmake_ros: 0.9.2 (/opt/ros/foxy/share/ament_cmake_ros/cmake)
-- Using all available rosidl_typesupport_c: rosidl_typesupport_fastrtps_c;rosidl_typesupport_introspection_c
-- Using all available rosidl_typesupport_cpp: rosidl_typesupport_fastrtps_cpp;rosidl_typesupport_introspection_cpp
-- Found PythonInterp: /usr/bin/python3 (found suitable version "3.8.10", minimum required is "3.5") 
-- Found python_cmake_module: 0.8.1 (/opt/ros/foxy/share/python_cmake_module/cmake)
-- Found PythonLibs: /usr/lib/aarch64-linux-gnu/libpython3.8.so (found suitable version "3.8.10", minimum required is "3.5") 
-- Using PYTHON_EXECUTABLE: /usr/bin/python3
-- Using PYTHON_INCLUDE_DIRS: /usr/include/python3.8
-- Using PYTHON_LIBRARIES: /usr/lib/aarch64-linux-gnu/libpython3.8.so
-- Found PythonExtra: .so  
-- Configuring done
-- Generating done
-- Build files have been written to: /root/r2ware/build/autoware_adapi_v1_msgs
[35m[1mScanning dependencies of target autoware_adapi_v1_msgs__cpp[0m
[  0%] [34m[1mGenerating C code for ROS interfaces[0m
[  0%] [34m[1mGenerating C++ code for ROS interfaces[0m
[  0%] Built target autoware_adapi_v1_msgs__cpp
[35m[1mScanning dependencies of target autoware_adapi_v1_msgs__rosidl_generator_c[0m
[  1%] [32mBuilding C object CMakeFiles/autoware_adapi_v1_msgs__rosidl_generator_c.dir/rosidl_generator_c/autoware_adapi_v1_msgs/msg/detail/response_status__functions.c.o[0m
[  2%] [32mBuilding C object CMakeFiles/autoware_adapi_v1_msgs__rosidl_generator_c.dir/rosidl_generator_c/autoware_adapi_v1_msgs/msg/detail/route__functions.c.o[0m
[  2%] [32mBuilding C object CMakeFiles/autoware_adapi_v1_msgs__rosidl_generator_c.dir/rosidl_generator_c/autoware_adapi_v1_msgs/msg/detail/route_data__functions.c.o[0m
[  2%] [32mBuilding C object CMakeFiles/autoware_adapi_v1_msgs__rosidl_generator_c.dir/rosidl_generator_c/autoware_adapi_v1_msgs/msg/detail/route_option__functions.c.o[0m
[  2%] [32mBuilding C object CMakeFiles/autoware_adapi_v1_msgs__rosidl_generator_c.dir/rosidl_generator_c/autoware_adapi_v1_msgs/msg/detail/route_primitive__functions.c.o[0m
[  2%] [32mBuilding C object CMakeFiles/autoware_adapi_v1_msgs__rosidl_generator_c.dir/rosidl_generator_c/autoware_adapi_v1_msgs/msg/detail/route_segment__functions.c.o[0m
[  3%] [32mBuilding C object CMakeFiles/autoware_adapi_v1_msgs__rosidl_generator_c.dir/rosidl_generator_c/autoware_adapi_v1_msgs/srv/detail/clear_route__functions.c.o[0m
[  3%] [32mBuilding C object CMakeFiles/autoware_adapi_v1_msgs__rosidl_generator_c.dir/rosidl_generator_c/autoware_adapi_v1_msgs/srv/detail/set_route__functions.c.o[0m
[  3%] [32mBuilding C object CMakeFiles/autoware_adapi_v1_msgs__rosidl_generator_c.dir/rosidl_generator_c/autoware_adapi_v1_msgs/srv/detail/set_route_points__functions.c.o[0m
[  3%] [32mBuilding C object CMakeFiles/autoware_adapi_v1_msgs__rosidl_generator_c.dir/rosidl_generator_c/autoware_adapi_v1_msgs/msg/detail/operation_mode_state__functions.c.o[0m
[  4%] [32mBuilding C object CMakeFiles/autoware_adapi_v1_msgs__rosidl_generator_c.dir/rosidl_generator_c/autoware_adapi_v1_msgs/srv/detail/change_operation_mode__functions.c.o[0m
[  4%] [32mBuilding C object CMakeFiles/autoware_adapi_v1_msgs__rosidl_generator_c.dir/rosidl_generator_c/autoware_adapi_v1_msgs/msg/detail/motion_state__functions.c.o[0m
[  4%] [32mBuilding C object CMakeFiles/autoware_adapi_v1_msgs__rosidl_generator_c.dir/rosidl_generator_c/autoware_adapi_v1_msgs/srv/detail/accept_start__functions.c.o[0m
[  4%] [32mBuilding C object CMakeFiles/autoware_adapi_v1_msgs__rosidl_generator_c.dir/rosidl_generator_c/autoware_adapi_v1_msgs/msg/detail/dynamic_object__functions.c.o[0m
[  5%] [32mBuilding C object CMakeFiles/autoware_adapi_v1_msgs__rosidl_generator_c.dir/rosidl_generator_c/autoware_adapi_v1_msgs/msg/detail/dynamic_object_array__functions.c.o[0m
[  5%] [32mBuilding C object CMakeFiles/autoware_adapi_v1_msgs__rosidl_generator_c.dir/rosidl_generator_c/autoware_adapi_v1_msgs/msg/detail/dynamic_object_kinematics__functions.c.o[0m
[  5%] [32mBuilding C object CMakeFiles/autoware_adapi_v1_msgs__rosidl_generator_c.dir/rosidl_generator_c/autoware_adapi_v1_msgs/msg/detail/dynamic_object_path__functions.c.o[0m
[  5%] [32mBuilding C object CMakeFiles/autoware_adapi_v1_msgs__rosidl_generator_c.dir/rosidl_generator_c/autoware_adapi_v1_msgs/msg/detail/object_classification__functions.c.o[0m
[  6%] [32mBuilding C object CMakeFiles/autoware_adapi_v1_msgs__rosidl_generator_c.dir/rosidl_generator_c/autoware_adapi_v1_msgs/msg/detail/steering_factor__functions.c.o[0m
[  6%] [32mBuilding C object CMakeFiles/autoware_adapi_v1_msgs__rosidl_generator_c.dir/rosidl_generator_c/autoware_adapi_v1_msgs/msg/detail/steering_factor_array__functions.c.o[0m
[  6%] [32mBuilding C object CMakeFiles/autoware_adapi_v1_msgs__rosidl_generator_c.dir/rosidl_generator_c/autoware_adapi_v1_msgs/msg/detail/velocity_factor__functions.c.o[0m
[  6%] [32mBuilding C object CMakeFiles/autoware_adapi_v1_msgs__rosidl_generator_c.dir/rosidl_generator_c/autoware_adapi_v1_msgs/msg/detail/velocity_factor_array__functions.c.o[0m
[  7%] [32mBuilding C object CMakeFiles/autoware_adapi_v1_msgs__rosidl_generator_c.dir/rosidl_generator_c/autoware_adapi_v1_msgs/msg/detail/planning_behavior__functions.c.o[0m
[  7%] [32mBuilding C object CMakeFiles/autoware_adapi_v1_msgs__rosidl_generator_c.dir/rosidl_generator_c/autoware_adapi_v1_msgs/msg/detail/planning_sequence__functions.c.o[0m
[  7%] [32mBuilding C object CMakeFiles/autoware_adapi_v1_msgs__rosidl_generator_c.dir/rosidl_generator_c/autoware_adapi_v1_msgs/msg/detail/cooperation_command__functions.c.o[0m
[  7%] [32mBuilding C object CMakeFiles/autoware_adapi_v1_msgs__rosidl_generator_c.dir/rosidl_generator_c/autoware_adapi_v1_msgs/msg/detail/cooperation_decision__functions.c.o[0m
[  8%] [32mBuilding C object CMakeFiles/autoware_adapi_v1_msgs__rosidl_generator_c.dir/rosidl_generator_c/autoware_adapi_v1_msgs/msg/detail/cooperation_policy__functions.c.o[0m
[  8%] [32mBuilding C object CMakeFiles/autoware_adapi_v1_msgs__rosidl_generator_c.dir/rosidl_generator_c/autoware_adapi_v1_msgs/msg/detail/cooperation_status__functions.c.o[0m
[  8%] [32mBuilding C object CMakeFiles/autoware_adapi_v1_msgs__rosidl_generator_c.dir/rosidl_generator_c/autoware_adapi_v1_msgs/srv/detail/set_cooperation_commands__functions.c.o[0m
[  8%] [32mBuilding C object CMakeFiles/autoware_adapi_v1_msgs__rosidl_generator_c.dir/rosidl_generator_c/autoware_adapi_v1_msgs/srv/detail/set_cooperation_policies__functions.c.o[0m
[  9%] [32mBuilding C object CMakeFiles/autoware_adapi_v1_msgs__rosidl_generator_c.dir/rosidl_generator_c/autoware_adapi_v1_msgs/srv/detail/get_cooperation_policies__functions.c.o[0m
[  9%] [32mBuilding C object CMakeFiles/autoware_adapi_v1_msgs__rosidl_generator_c.dir/rosidl_generator_c/autoware_adapi_v1_msgs/msg/detail/mrm_state__functions.c.o[0m
[  9%] [32mBuilding C object CMakeFiles/autoware_adapi_v1_msgs__rosidl_generator_c.dir/rosidl_generator_c/autoware_adapi_v1_msgs/msg/detail/door_command__functions.c.o[0m
[  9%] [32mBuilding C object CMakeFiles/autoware_adapi_v1_msgs__rosidl_generator_c.dir/rosidl_generator_c/autoware_adapi_v1_msgs/msg/detail/door_layout__functions.c.o[0m
[ 10%] [32mBuilding C object CMakeFiles/autoware_adapi_v1_msgs__rosidl_generator_c.dir/rosidl_generator_c/autoware_adapi_v1_msgs/msg/detail/door_status__functions.c.o[0m
[ 10%] [32mBuilding C object CMakeFiles/autoware_adapi_v1_msgs__rosidl_generator_c.dir/rosidl_generator_c/autoware_adapi_v1_msgs/msg/detail/door_status_array__functions.c.o[0m
[ 10%] [32mBuilding C object CMakeFiles/autoware_adapi_v1_msgs__rosidl_generator_c.dir/rosidl_generator_c/autoware_adapi_v1_msgs/msg/detail/gear__functions.c.o[0m
[ 10%] [32mBuilding C object CMakeFiles/autoware_adapi_v1_msgs__rosidl_generator_c.dir/rosidl_generator_c/autoware_adapi_v1_msgs/msg/detail/hazard_lights__functions.c.o[0m
[ 11%] [32mBuilding C object CMakeFiles/autoware_adapi_v1_msgs__rosidl_generator_c.dir/rosidl_generator_c/autoware_adapi_v1_msgs/msg/detail/turn_indicators__functions.c.o[0m
[ 11%] [32mBuilding C object CMakeFiles/autoware_adapi_v1_msgs__rosidl_generator_c.dir/rosidl_generator_c/autoware_adapi_v1_msgs/msg/detail/vehicle_status__functions.c.o[0m
[ 11%] [32mBuilding C object CMakeFiles/autoware_adapi_v1_msgs__rosidl_generator_c.dir/rosidl_generator_c/autoware_adapi_v1_msgs/msg/detail/vehicle_dimensions__functions.c.o[0m
[ 11%] [32mBuilding C object CMakeFiles/autoware_adapi_v1_msgs__rosidl_generator_c.dir/rosidl_generator_c/autoware_adapi_v1_msgs/msg/detail/vehicle_kinematics__functions.c.o[0m
[ 12%] [32mBuilding C object CMakeFiles/autoware_adapi_v1_msgs__rosidl_generator_c.dir/rosidl_generator_c/autoware_adapi_v1_msgs/srv/detail/set_door_command__functions.c.o[0m
[ 12%] [32mBuilding C object CMakeFiles/autoware_adapi_v1_msgs__rosidl_generator_c.dir/rosidl_generator_c/autoware_adapi_v1_msgs/srv/detail/get_door_layout__functions.c.o[0m
[ 12%] [32mBuilding C object CMakeFiles/autoware_adapi_v1_msgs__rosidl_generator_c.dir/rosidl_generator_c/autoware_adapi_v1_msgs/srv/detail/get_vehicle_dimensions__functions.c.o[0m
[ 12%] [32mBuilding C object CMakeFiles/autoware_adapi_v1_msgs__rosidl_generator_c.dir/rosidl_generator_c/autoware_adapi_v1_msgs/msg/detail/route_state__functions.c.o[0m
[ 12%] [32mBuilding C object CMakeFiles/autoware_adapi_v1_msgs__rosidl_generator_c.dir/rosidl_generator_c/autoware_adapi_v1_msgs/srv/detail/initialize_localization__functions.c.o[0m
[ 12%] [32mBuilding C object CMakeFiles/autoware_adapi_v1_msgs__rosidl_generator_c.dir/rosidl_generator_c/autoware_adapi_v1_msgs/msg/detail/localization_initialization_state__functions.c.o[0m
[ 12%] [32m[1mLinking C shared library libautoware_adapi_v1_msgs__rosidl_generator_c.so[0m
[ 12%] Built target autoware_adapi_v1_msgs__rosidl_generator_c
[ 12%] [34m[1mGenerating C++ introspection for ROS interfaces[0m
[35m[1mScanning dependencies of target autoware_adapi_v1_msgs__rosidl_typesupport_introspection_cpp[0m
[ 13%] [32mBuilding CXX object CMakeFiles/autoware_adapi_v1_msgs__rosidl_typesupport_introspection_cpp.dir/rosidl_typesupport_introspection_cpp/autoware_adapi_v1_msgs/msg/detail/response_status__type_support.cpp.o[0m
[ 13%] [32mBuilding CXX object CMakeFiles/autoware_adapi_v1_msgs__rosidl_typesupport_introspection_cpp.dir/rosidl_typesupport_introspection_cpp/autoware_adapi_v1_msgs/msg/detail/route_state__type_support.cpp.o[0m
[ 14%] [32mBuilding CXX object CMakeFiles/autoware_adapi_v1_msgs__rosidl_typesupport_introspection_cpp.dir/rosidl_typesupport_introspection_cpp/autoware_adapi_v1_msgs/msg/detail/route__type_support.cpp.o[0m
[ 14%] [32mBuilding CXX object CMakeFiles/autoware_adapi_v1_msgs__rosidl_typesupport_introspection_cpp.dir/rosidl_typesupport_introspection_cpp/autoware_adapi_v1_msgs/msg/detail/route_data__type_support.cpp.o[0m
[ 14%] [32mBuilding CXX object CMakeFiles/autoware_adapi_v1_msgs__rosidl_typesupport_introspection_cpp.dir/rosidl_typesupport_introspection_cpp/autoware_adapi_v1_msgs/msg/detail/route_option__type_support.cpp.o[0m
[ 14%] [32mBuilding CXX object CMakeFiles/autoware_adapi_v1_msgs__rosidl_typesupport_introspection_cpp.dir/rosidl_typesupport_introspection_cpp/autoware_adapi_v1_msgs/msg/detail/route_primitive__type_support.cpp.o[0m
[ 15%] [32mBuilding CXX object CMakeFiles/autoware_adapi_v1_msgs__rosidl_typesupport_introspection_cpp.dir/rosidl_typesupport_introspection_cpp/autoware_adapi_v1_msgs/msg/detail/route_segment__type_support.cpp.o[0m
[ 15%] [32mBuilding CXX object CMakeFiles/autoware_adapi_v1_msgs__rosidl_typesupport_introspection_cpp.dir/rosidl_typesupport_introspection_cpp/autoware_adapi_v1_msgs/srv/detail/clear_route__type_support.cpp.o[0m
[ 15%] [32mBuilding CXX object CMakeFiles/autoware_adapi_v1_msgs__rosidl_typesupport_introspection_cpp.dir/rosidl_typesupport_introspection_cpp/autoware_adapi_v1_msgs/srv/detail/set_route__type_support.cpp.o[0m
[ 15%] [32mBuilding CXX object CMakeFiles/autoware_adapi_v1_msgs__rosidl_typesupport_introspection_cpp.dir/rosidl_typesupport_introspection_cpp/autoware_adapi_v1_msgs/srv/detail/set_route_points__type_support.cpp.o[0m
[ 16%] [32mBuilding CXX object CMakeFiles/autoware_adapi_v1_msgs__rosidl_typesupport_introspection_cpp.dir/rosidl_typesupport_introspection_cpp/autoware_adapi_v1_msgs/msg/detail/operation_mode_state__type_support.cpp.o[0m
[ 16%] [32mBuilding CXX object CMakeFiles/autoware_adapi_v1_msgs__rosidl_typesupport_introspection_cpp.dir/rosidl_typesupport_introspection_cpp/autoware_adapi_v1_msgs/srv/detail/change_operation_mode__type_support.cpp.o[0m
[ 16%] [32mBuilding CXX object CMakeFiles/autoware_adapi_v1_msgs__rosidl_typesupport_introspection_cpp.dir/rosidl_typesupport_introspection_cpp/autoware_adapi_v1_msgs/msg/detail/motion_state__type_support.cpp.o[0m
[ 16%] [32mBuilding CXX object CMakeFiles/autoware_adapi_v1_msgs__rosidl_typesupport_introspection_cpp.dir/rosidl_typesupport_introspection_cpp/autoware_adapi_v1_msgs/srv/detail/accept_start__type_support.cpp.o[0m
[ 17%] [32mBuilding CXX object CMakeFiles/autoware_adapi_v1_msgs__rosidl_typesupport_introspection_cpp.dir/rosidl_typesupport_introspection_cpp/autoware_adapi_v1_msgs/msg/detail/dynamic_object__type_support.cpp.o[0m
[ 17%] [32mBuilding CXX object CMakeFiles/autoware_adapi_v1_msgs__rosidl_typesupport_introspection_cpp.dir/rosidl_typesupport_introspection_cpp/autoware_adapi_v1_msgs/msg/detail/dynamic_object_array__type_support.cpp.o[0m
[ 17%] [32mBuilding CXX object CMakeFiles/autoware_adapi_v1_msgs__rosidl_typesupport_introspection_cpp.dir/rosidl_typesupport_introspection_cpp/autoware_adapi_v1_msgs/msg/detail/dynamic_object_kinematics__type_support.cpp.o[0m
[ 17%] [32mBuilding CXX object CMakeFiles/autoware_adapi_v1_msgs__rosidl_typesupport_introspection_cpp.dir/rosidl_typesupport_introspection_cpp/autoware_adapi_v1_msgs/msg/detail/dynamic_object_path__type_support.cpp.o[0m
[ 18%] [32mBuilding CXX object CMakeFiles/autoware_adapi_v1_msgs__rosidl_typesupport_introspection_cpp.dir/rosidl_typesupport_introspection_cpp/autoware_adapi_v1_msgs/msg/detail/object_classification__type_support.cpp.o[0m
[ 18%] [32mBuilding CXX object CMakeFiles/autoware_adapi_v1_msgs__rosidl_typesupport_introspection_cpp.dir/rosidl_typesupport_introspection_cpp/autoware_adapi_v1_msgs/msg/detail/steering_factor__type_support.cpp.o[0m
[ 18%] [32mBuilding CXX object CMakeFiles/autoware_adapi_v1_msgs__rosidl_typesupport_introspection_cpp.dir/rosidl_typesupport_introspection_cpp/autoware_adapi_v1_msgs/msg/detail/steering_factor_array__type_support.cpp.o[0m
[ 18%] [32mBuilding CXX object CMakeFiles/autoware_adapi_v1_msgs__rosidl_typesupport_introspection_cpp.dir/rosidl_typesupport_introspection_cpp/autoware_adapi_v1_msgs/msg/detail/velocity_factor__type_support.cpp.o[0m
[ 19%] [32mBuilding CXX object CMakeFiles/autoware_adapi_v1_msgs__rosidl_typesupport_introspection_cpp.dir/rosidl_typesupport_introspection_cpp/autoware_adapi_v1_msgs/msg/detail/velocity_factor_array__type_support.cpp.o[0m
[ 19%] [32mBuilding CXX object CMakeFiles/autoware_adapi_v1_msgs__rosidl_typesupport_introspection_cpp.dir/rosidl_typesupport_introspection_cpp/autoware_adapi_v1_msgs/msg/detail/planning_behavior__type_support.cpp.o[0m
[ 19%] [32mBuilding CXX object CMakeFiles/autoware_adapi_v1_msgs__rosidl_typesupport_introspection_cpp.dir/rosidl_typesupport_introspection_cpp/autoware_adapi_v1_msgs/msg/detail/planning_sequence__type_support.cpp.o[0m
[ 19%] [32mBuilding CXX object CMakeFiles/autoware_adapi_v1_msgs__rosidl_typesupport_introspection_cpp.dir/rosidl_typesupport_introspection_cpp/autoware_adapi_v1_msgs/msg/detail/cooperation_command__type_support.cpp.o[0m
[ 20%] [32mBuilding CXX object CMakeFiles/autoware_adapi_v1_msgs__rosidl_typesupport_introspection_cpp.dir/rosidl_typesupport_introspection_cpp/autoware_adapi_v1_msgs/msg/detail/cooperation_decision__type_support.cpp.o[0m
[ 20%] [32mBuilding CXX object CMakeFiles/autoware_adapi_v1_msgs__rosidl_typesupport_introspection_cpp.dir/rosidl_typesupport_introspection_cpp/autoware_adapi_v1_msgs/msg/detail/cooperation_policy__type_support.cpp.o[0m
[ 20%] [32mBuilding CXX object CMakeFiles/autoware_adapi_v1_msgs__rosidl_typesupport_introspection_cpp.dir/rosidl_typesupport_introspection_cpp/autoware_adapi_v1_msgs/msg/detail/cooperation_status__type_support.cpp.o[0m
[ 20%] [32mBuilding CXX object CMakeFiles/autoware_adapi_v1_msgs__rosidl_typesupport_introspection_cpp.dir/rosidl_typesupport_introspection_cpp/autoware_adapi_v1_msgs/srv/detail/set_cooperation_commands__type_support.cpp.o[0m
[ 21%] [32mBuilding CXX object CMakeFiles/autoware_adapi_v1_msgs__rosidl_typesupport_introspection_cpp.dir/rosidl_typesupport_introspection_cpp/autoware_adapi_v1_msgs/srv/detail/set_cooperation_policies__type_support.cpp.o[0m
[ 21%] [32mBuilding CXX object CMakeFiles/autoware_adapi_v1_msgs__rosidl_typesupport_introspection_cpp.dir/rosidl_typesupport_introspection_cpp/autoware_adapi_v1_msgs/srv/detail/get_cooperation_policies__type_support.cpp.o[0m
[ 21%] [32mBuilding CXX object CMakeFiles/autoware_adapi_v1_msgs__rosidl_typesupport_introspection_cpp.dir/rosidl_typesupport_introspection_cpp/autoware_adapi_v1_msgs/msg/detail/mrm_state__type_support.cpp.o[0m
[ 21%] [32mBuilding CXX object CMakeFiles/autoware_adapi_v1_msgs__rosidl_typesupport_introspection_cpp.dir/rosidl_typesupport_introspection_cpp/autoware_adapi_v1_msgs/msg/detail/door_command__type_support.cpp.o[0m
[ 22%] [32mBuilding CXX object CMakeFiles/autoware_adapi_v1_msgs__rosidl_typesupport_introspection_cpp.dir/rosidl_typesupport_introspection_cpp/autoware_adapi_v1_msgs/msg/detail/door_layout__type_support.cpp.o[0m
[ 22%] [32mBuilding CXX object CMakeFiles/autoware_adapi_v1_msgs__rosidl_typesupport_introspection_cpp.dir/rosidl_typesupport_introspection_cpp/autoware_adapi_v1_msgs/msg/detail/door_status__type_support.cpp.o[0m
[ 22%] [32mBuilding CXX object CMakeFiles/autoware_adapi_v1_msgs__rosidl_typesupport_introspection_cpp.dir/rosidl_typesupport_introspection_cpp/autoware_adapi_v1_msgs/msg/detail/door_status_array__type_support.cpp.o[0m
[ 22%] [32mBuilding CXX object CMakeFiles/autoware_adapi_v1_msgs__rosidl_typesupport_introspection_cpp.dir/rosidl_typesupport_introspection_cpp/autoware_adapi_v1_msgs/msg/detail/gear__type_support.cpp.o[0m
[ 23%] [32mBuilding CXX object CMakeFiles/autoware_adapi_v1_msgs__rosidl_typesupport_introspection_cpp.dir/rosidl_typesupport_introspection_cpp/autoware_adapi_v1_msgs/msg/detail/hazard_lights__type_support.cpp.o[0m
[ 23%] [32mBuilding CXX object CMakeFiles/autoware_adapi_v1_msgs__rosidl_typesupport_introspection_cpp.dir/rosidl_typesupport_introspection_cpp/autoware_adapi_v1_msgs/msg/detail/turn_indicators__type_support.cpp.o[0m
[ 23%] [32mBuilding CXX object CMakeFiles/autoware_adapi_v1_msgs__rosidl_typesupport_introspection_cpp.dir/rosidl_typesupport_introspection_cpp/autoware_adapi_v1_msgs/msg/detail/vehicle_status__type_support.cpp.o[0m
[ 23%] [32mBuilding CXX object CMakeFiles/autoware_adapi_v1_msgs__rosidl_typesupport_introspection_cpp.dir/rosidl_typesupport_introspection_cpp/autoware_adapi_v1_msgs/msg/detail/vehicle_dimensions__type_support.cpp.o[0m
[ 24%] [32mBuilding CXX object CMakeFiles/autoware_adapi_v1_msgs__rosidl_typesupport_introspection_cpp.dir/rosidl_typesupport_introspection_cpp/autoware_adapi_v1_msgs/msg/detail/vehicle_kinematics__type_support.cpp.o[0m
[ 24%] [32mBuilding CXX object CMakeFiles/autoware_adapi_v1_msgs__rosidl_typesupport_introspection_cpp.dir/rosidl_typesupport_introspection_cpp/autoware_adapi_v1_msgs/srv/detail/set_door_command__type_support.cpp.o[0m
[ 24%] [32mBuilding CXX object CMakeFiles/autoware_adapi_v1_msgs__rosidl_typesupport_introspection_cpp.dir/rosidl_typesupport_introspection_cpp/autoware_adapi_v1_msgs/srv/detail/get_door_layout__type_support.cpp.o[0m
[ 24%] [32mBuilding CXX object CMakeFiles/autoware_adapi_v1_msgs__rosidl_typesupport_introspection_cpp.dir/rosidl_typesupport_introspection_cpp/autoware_adapi_v1_msgs/srv/detail/get_vehicle_dimensions__type_support.cpp.o[0m
[ 24%] [32mBuilding CXX object CMakeFiles/autoware_adapi_v1_msgs__rosidl_typesupport_introspection_cpp.dir/rosidl_typesupport_introspection_cpp/autoware_adapi_v1_msgs/srv/detail/initialize_localization__type_support.cpp.o[0m
[ 24%] [32mBuilding CXX object CMakeFiles/autoware_adapi_v1_msgs__rosidl_typesupport_introspection_cpp.dir/rosidl_typesupport_introspection_cpp/autoware_adapi_v1_msgs/msg/detail/localization_initialization_state__type_support.cpp.o[0m
[ 25%] [32m[1mLinking CXX shared library libautoware_adapi_v1_msgs__rosidl_typesupport_introspection_cpp.so[0m
[ 25%] Built target autoware_adapi_v1_msgs__rosidl_typesupport_introspection_cpp
[ 26%] [34m[1mGenerating C introspection for ROS interfaces[0m
[35m[1mScanning dependencies of target autoware_adapi_v1_msgs__rosidl_typesupport_introspection_c[0m
[ 26%] [32mBuilding C object CMakeFiles/autoware_adapi_v1_msgs__rosidl_typesupport_introspection_c.dir/rosidl_typesupport_introspection_c/autoware_adapi_v1_msgs/msg/detail/response_status__type_support.c.o[0m
[ 26%] [32mBuilding C object CMakeFiles/autoware_adapi_v1_msgs__rosidl_typesupport_introspection_c.dir/rosidl_typesupport_introspection_c/autoware_adapi_v1_msgs/msg/detail/route__type_support.c.o[0m
[ 26%] [32mBuilding C object CMakeFiles/autoware_adapi_v1_msgs__rosidl_typesupport_introspection_c.dir/rosidl_typesupport_introspection_c/autoware_adapi_v1_msgs/msg/detail/route_data__type_support.c.o[0m
[ 26%] [32mBuilding C object CMakeFiles/autoware_adapi_v1_msgs__rosidl_typesupport_introspection_c.dir/rosidl_typesupport_introspection_c/autoware_adapi_v1_msgs/msg/detail/route_option__type_support.c.o[0m
[ 27%] [32mBuilding C object CMakeFiles/autoware_adapi_v1_msgs__rosidl_typesupport_introspection_c.dir/rosidl_typesupport_introspection_c/autoware_adapi_v1_msgs/msg/detail/route_primitive__type_support.c.o[0m
[ 27%] [32mBuilding C object CMakeFiles/autoware_adapi_v1_msgs__rosidl_typesupport_introspection_c.dir/rosidl_typesupport_introspection_c/autoware_adapi_v1_msgs/msg/detail/route_segment__type_support.c.o[0m
[ 27%] [32mBuilding C object CMakeFiles/autoware_adapi_v1_msgs__rosidl_typesupport_introspection_c.dir/rosidl_typesupport_introspection_c/autoware_adapi_v1_msgs/srv/detail/clear_route__type_support.c.o[0m
[ 27%] [32mBuilding C object CMakeFiles/autoware_adapi_v1_msgs__rosidl_typesupport_introspection_c.dir/rosidl_typesupport_introspection_c/autoware_adapi_v1_msgs/srv/detail/set_route__type_support.c.o[0m
[ 28%] [32mBuilding C object CMakeFiles/autoware_adapi_v1_msgs__rosidl_typesupport_introspection_c.dir/rosidl_typesupport_introspection_c/autoware_adapi_v1_msgs/srv/detail/set_route_points__type_support.c.o[0m
[ 28%] [32mBuilding C object CMakeFiles/autoware_adapi_v1_msgs__rosidl_typesupport_introspection_c.dir/rosidl_typesupport_introspection_c/autoware_adapi_v1_msgs/msg/detail/operation_mode_state__type_support.c.o[0m
[ 28%] [32mBuilding C object CMakeFiles/autoware_adapi_v1_msgs__rosidl_typesupport_introspection_c.dir/rosidl_typesupport_introspection_c/autoware_adapi_v1_msgs/srv/detail/change_operation_mode__type_support.c.o[0m
[ 28%] [32mBuilding C object CMakeFiles/autoware_adapi_v1_msgs__rosidl_typesupport_introspection_c.dir/rosidl_typesupport_introspection_c/autoware_adapi_v1_msgs/msg/detail/motion_state__type_support.c.o[0m
[ 29%] [32mBuilding C object CMakeFiles/autoware_adapi_v1_msgs__rosidl_typesupport_introspection_c.dir/rosidl_typesupport_introspection_c/autoware_adapi_v1_msgs/srv/detail/accept_start__type_support.c.o[0m
[ 29%] [32mBuilding C object CMakeFiles/autoware_adapi_v1_msgs__rosidl_typesupport_introspection_c.dir/rosidl_typesupport_introspection_c/autoware_adapi_v1_msgs/msg/detail/dynamic_object__type_support.c.o[0m
[ 29%] [32mBuilding C object CMakeFiles/autoware_adapi_v1_msgs__rosidl_typesupport_introspection_c.dir/rosidl_typesupport_introspection_c/autoware_adapi_v1_msgs/msg/detail/dynamic_object_array__type_support.c.o[0m
[ 29%] [32mBuilding C object CMakeFiles/autoware_adapi_v1_msgs__rosidl_typesupport_introspection_c.dir/rosidl_typesupport_introspection_c/autoware_adapi_v1_msgs/msg/detail/dynamic_object_kinematics__type_support.c.o[0m
[ 30%] [32mBuilding C object CMakeFiles/autoware_adapi_v1_msgs__rosidl_typesupport_introspection_c.dir/rosidl_typesupport_introspection_c/autoware_adapi_v1_msgs/msg/detail/dynamic_object_path__type_support.c.o[0m
[ 30%] [32mBuilding C object CMakeFiles/autoware_adapi_v1_msgs__rosidl_typesupport_introspection_c.dir/rosidl_typesupport_introspection_c/autoware_adapi_v1_msgs/msg/detail/object_classification__type_support.c.o[0m
[ 30%] [32mBuilding C object CMakeFiles/autoware_adapi_v1_msgs__rosidl_typesupport_introspection_c.dir/rosidl_typesupport_introspection_c/autoware_adapi_v1_msgs/msg/detail/steering_factor__type_support.c.o[0m
[ 30%] [32mBuilding C object CMakeFiles/autoware_adapi_v1_msgs__rosidl_typesupport_introspection_c.dir/rosidl_typesupport_introspection_c/autoware_adapi_v1_msgs/msg/detail/steering_factor_array__type_support.c.o[0m
[ 31%] [32mBuilding C object CMakeFiles/autoware_adapi_v1_msgs__rosidl_typesupport_introspection_c.dir/rosidl_typesupport_introspection_c/autoware_adapi_v1_msgs/msg/detail/velocity_factor__type_support.c.o[0m
[ 31%] [32mBuilding C object CMakeFiles/autoware_adapi_v1_msgs__rosidl_typesupport_introspection_c.dir/rosidl_typesupport_introspection_c/autoware_adapi_v1_msgs/msg/detail/velocity_factor_array__type_support.c.o[0m
[ 31%] [32mBuilding C object CMakeFiles/autoware_adapi_v1_msgs__rosidl_typesupport_introspection_c.dir/rosidl_typesupport_introspection_c/autoware_adapi_v1_msgs/msg/detail/planning_behavior__type_support.c.o[0m
[ 31%] [32mBuilding C object CMakeFiles/autoware_adapi_v1_msgs__rosidl_typesupport_introspection_c.dir/rosidl_typesupport_introspection_c/autoware_adapi_v1_msgs/msg/detail/planning_sequence__type_support.c.o[0m
[ 32%] [32mBuilding C object CMakeFiles/autoware_adapi_v1_msgs__rosidl_typesupport_introspection_c.dir/rosidl_typesupport_introspection_c/autoware_adapi_v1_msgs/msg/detail/cooperation_command__type_support.c.o[0m
[ 32%] [32mBuilding C object CMakeFiles/autoware_adapi_v1_msgs__rosidl_typesupport_introspection_c.dir/rosidl_typesupport_introspection_c/autoware_adapi_v1_msgs/msg/detail/cooperation_decision__type_support.c.o[0m
[ 32%] [32mBuilding C object CMakeFiles/autoware_adapi_v1_msgs__rosidl_typesupport_introspection_c.dir/rosidl_typesupport_introspection_c/autoware_adapi_v1_msgs/msg/detail/cooperation_policy__type_support.c.o[0m
[ 32%] [32mBuilding C object CMakeFiles/autoware_adapi_v1_msgs__rosidl_typesupport_introspection_c.dir/rosidl_typesupport_introspection_c/autoware_adapi_v1_msgs/msg/detail/cooperation_status__type_support.c.o[0m
[ 33%] [32mBuilding C object CMakeFiles/autoware_adapi_v1_msgs__rosidl_typesupport_introspection_c.dir/rosidl_typesupport_introspection_c/autoware_adapi_v1_msgs/srv/detail/set_cooperation_commands__type_support.c.o[0m
[ 33%] [32mBuilding C object CMakeFiles/autoware_adapi_v1_msgs__rosidl_typesupport_introspection_c.dir/rosidl_typesupport_introspection_c/autoware_adapi_v1_msgs/srv/detail/set_cooperation_policies__type_support.c.o[0m
[ 33%] [32mBuilding C object CMakeFiles/autoware_adapi_v1_msgs__rosidl_typesupport_introspection_c.dir/rosidl_typesupport_introspection_c/autoware_adapi_v1_msgs/srv/detail/get_cooperation_policies__type_support.c.o[0m
[ 33%] [32mBuilding C object CMakeFiles/autoware_adapi_v1_msgs__rosidl_typesupport_introspection_c.dir/rosidl_typesupport_introspection_c/autoware_adapi_v1_msgs/msg/detail/mrm_state__type_support.c.o[0m
[ 34%] [32mBuilding C object CMakeFiles/autoware_adapi_v1_msgs__rosidl_typesupport_introspection_c.dir/rosidl_typesupport_introspection_c/autoware_adapi_v1_msgs/msg/detail/door_command__type_support.c.o[0m
make[2]: *** [CMakeFiles/autoware_adapi_v1_msgs__rosidl_typesupport_introspection_c.dir/build.make:946: CMakeFiles/autoware_adapi_v1_msgs__rosidl_typesupport_introspection_c.dir/rosidl_typesupport_introspection_c/autoware_adapi_v1_msgs/msg/detail/door_command__type_support.c.o] Interrupt
make[1]: *** [CMakeFiles/Makefile2:385: CMakeFiles/autoware_adapi_v1_msgs__rosidl_typesupport_introspection_c.dir/all] Interrupt
make: *** [Makefile:141: all] Interrupt
