[0.113s] Invoking command in '/root/r2ware/build/autoware_adapi_v1_msgs': CMAKE_PREFIX_PATH=${CMAKE_PREFIX_PATH}:/root/yahboomcar_ros2_ws/yahboomcar_ws/install/yahboomcar_voice_ctrl:/root/yahboomcar_ros2_ws/yahboomcar_ws/install/yahboomcar_visual:/root/yahboomcar_ros2_ws/yahboomcar_ws/install/yahboomcar_nav:/root/yahboomcar_ros2_ws/yahboomcar_ws/install/yahboomcar_multi:/root/yahboomcar_ros2_ws/yahboomcar_ws/install/yahboomcar_mediapipe:/root/yahboomcar_ros2_ws/yahboomcar_ws/install/yahboomcar_linefollow:/root/yahboomcar_ros2_ws/yahboomcar_ws/install/yahboomcar_laser:/root/yahboomcar_ros2_ws/yahboomcar_ws/install/yahboomcar_description_x1:/root/yahboomcar_ros2_ws/yahboomcar_ws/install/yahboomcar_description:/root/yahboomcar_ros2_ws/yahboomcar_ws/install/yahboomcar_ctrl:/root/yahboomcar_ros2_ws/yahboomcar_ws/install/yahboomcar_bringup:/root/yahboomcar_ros2_ws/yahboomcar_ws/install/yahboomcar_astra:/root/yahboomcar_ros2_ws/yahboomcar_ws/install/yahboom_app_save_map:/root/yahboomcar_ros2_ws/yahboomcar_ws/install/robot_pose_publisher:/root/yahboomcar_ros2_ws/yahboomcar_ws/install/laserscan_to_point_pulisher:/opt/ros/foxy /usr/bin/cmake /root/r2ware/src/autoware_dependencies/core/autoware_adapi_msgs/autoware_adapi_v1_msgs -DCMAKE_INSTALL_PREFIX=/root/r2ware/install/autoware_adapi_v1_msgs
[6.292s] -- The C compiler identification is GNU 9.4.0
[6.292s] -- The CXX compiler identification is GNU 9.4.0
[6.292s] -- Check for working C compiler: /usr/bin/cc
[6.293s] -- Check for working C compiler: /usr/bin/cc -- works
[6.293s] -- Detecting C compiler ABI info
[6.293s] -- Detecting C compiler ABI info - done
[6.293s] -- Detecting C compile features
[6.293s] -- Detecting C compile features - done
[6.293s] -- Check for working CXX compiler: /usr/bin/c++
[6.293s] -- Check for working CXX compiler: /usr/bin/c++ -- works
[6.293s] -- Detecting CXX compiler ABI info
[6.294s] -- Detecting CXX compiler ABI info - done
[6.294s] -- Detecting CXX compile features
[6.294s] -- Detecting CXX compile features - done
[6.294s] -- Found ament_cmake_auto: 0.9.11 (/opt/ros/foxy/share/ament_cmake_auto/cmake)
[6.294s] -- Found PythonInterp: /usr/bin/python3 (found suitable version "3.8.10", minimum required is "3") 
[6.294s] -- Using PYTHON_EXECUTABLE: /usr/bin/python3
[6.294s] -- Using all available rosidl_typesupport_c: rosidl_typesupport_fastrtps_c;rosidl_typesupport_introspection_c
[6.294s] -- Found rosidl_adapter: 1.3.0 (/opt/ros/foxy/share/rosidl_adapter/cmake)
[6.295s] -- Found OpenSSL: /usr/lib/aarch64-linux-gnu/libcrypto.so (found version "1.1.1f")  
[6.295s] -- Found FastRTPS: /opt/ros/foxy/include  
[6.295s] -- Using all available rosidl_typesupport_cpp: rosidl_typesupport_fastrtps_cpp;rosidl_typesupport_introspection_cpp
[6.295s] -- Found PythonInterp: /usr/bin/python3 (found version "3.8.10") 
[6.427s] -- Found ament_cmake_ros: 0.9.2 (/opt/ros/foxy/share/ament_cmake_ros/cmake)
[7.453s] -- Using all available rosidl_typesupport_c: rosidl_typesupport_fastrtps_c;rosidl_typesupport_introspection_c
[8.182s] -- Using all available rosidl_typesupport_cpp: rosidl_typesupport_fastrtps_cpp;rosidl_typesupport_introspection_cpp
[8.425s] -- Found PythonInterp: /usr/bin/python3 (found suitable version "3.8.10", minimum required is "3.5") 
[8.450s] -- Found python_cmake_module: 0.8.1 (/opt/ros/foxy/share/python_cmake_module/cmake)
[8.706s] -- Found PythonLibs: /usr/lib/aarch64-linux-gnu/libpython3.8.so (found suitable version "3.8.10", minimum required is "3.5") 
[8.707s] -- Using PYTHON_EXECUTABLE: /usr/bin/python3
[8.707s] -- Using PYTHON_INCLUDE_DIRS: /usr/include/python3.8
[8.707s] -- Using PYTHON_LIBRARIES: /usr/lib/aarch64-linux-gnu/libpython3.8.so
[8.913s] -- Found PythonExtra: .so  
[9.722s] -- Configuring done
[11.135s] -- Generating done
[11.142s] -- Build files have been written to: /root/r2ware/build/autoware_adapi_v1_msgs
[11.245s] Invoked command in '/root/r2ware/build/autoware_adapi_v1_msgs' returned '0': CMAKE_PREFIX_PATH=${CMAKE_PREFIX_PATH}:/root/yahboomcar_ros2_ws/yahboomcar_ws/install/yahboomcar_voice_ctrl:/root/yahboomcar_ros2_ws/yahboomcar_ws/install/yahboomcar_visual:/root/yahboomcar_ros2_ws/yahboomcar_ws/install/yahboomcar_nav:/root/yahboomcar_ros2_ws/yahboomcar_ws/install/yahboomcar_multi:/root/yahboomcar_ros2_ws/yahboomcar_ws/install/yahboomcar_mediapipe:/root/yahboomcar_ros2_ws/yahboomcar_ws/install/yahboomcar_linefollow:/root/yahboomcar_ros2_ws/yahboomcar_ws/install/yahboomcar_laser:/root/yahboomcar_ros2_ws/yahboomcar_ws/install/yahboomcar_description_x1:/root/yahboomcar_ros2_ws/yahboomcar_ws/install/yahboomcar_description:/root/yahboomcar_ros2_ws/yahboomcar_ws/install/yahboomcar_ctrl:/root/yahboomcar_ros2_ws/yahboomcar_ws/install/yahboomcar_bringup:/root/yahboomcar_ros2_ws/yahboomcar_ws/install/yahboomcar_astra:/root/yahboomcar_ros2_ws/yahboomcar_ws/install/yahboom_app_save_map:/root/yahboomcar_ros2_ws/yahboomcar_ws/install/robot_pose_publisher:/root/yahboomcar_ros2_ws/yahboomcar_ws/install/laserscan_to_point_pulisher:/opt/ros/foxy /usr/bin/cmake /root/r2ware/src/autoware_dependencies/core/autoware_adapi_msgs/autoware_adapi_v1_msgs -DCMAKE_INSTALL_PREFIX=/root/r2ware/install/autoware_adapi_v1_msgs
[11.253s] Invoking command in '/root/r2ware/build/autoware_adapi_v1_msgs': CMAKE_PREFIX_PATH=${CMAKE_PREFIX_PATH}:/root/yahboomcar_ros2_ws/yahboomcar_ws/install/yahboomcar_voice_ctrl:/root/yahboomcar_ros2_ws/yahboomcar_ws/install/yahboomcar_visual:/root/yahboomcar_ros2_ws/yahboomcar_ws/install/yahboomcar_nav:/root/yahboomcar_ros2_ws/yahboomcar_ws/install/yahboomcar_multi:/root/yahboomcar_ros2_ws/yahboomcar_ws/install/yahboomcar_mediapipe:/root/yahboomcar_ros2_ws/yahboomcar_ws/install/yahboomcar_linefollow:/root/yahboomcar_ros2_ws/yahboomcar_ws/install/yahboomcar_laser:/root/yahboomcar_ros2_ws/yahboomcar_ws/install/yahboomcar_description_x1:/root/yahboomcar_ros2_ws/yahboomcar_ws/install/yahboomcar_description:/root/yahboomcar_ros2_ws/yahboomcar_ws/install/yahboomcar_ctrl:/root/yahboomcar_ros2_ws/yahboomcar_ws/install/yahboomcar_bringup:/root/yahboomcar_ros2_ws/yahboomcar_ws/install/yahboomcar_astra:/root/yahboomcar_ros2_ws/yahboomcar_ws/install/yahboom_app_save_map:/root/yahboomcar_ros2_ws/yahboomcar_ws/install/robot_pose_publisher:/root/yahboomcar_ros2_ws/yahboomcar_ws/install/laserscan_to_point_pulisher:/opt/ros/foxy /usr/bin/cmake --build /root/r2ware/build/autoware_adapi_v1_msgs -- -j8 -l8
[37.268s] [35m[1mScanning dependencies of target autoware_adapi_v1_msgs__cpp[0m
[37.269s] [  0%] [34m[1mGenerating C code for ROS interfaces[0m
[37.269s] [  0%] [34m[1mGenerating C++ code for ROS interfaces[0m
[38.608s] [  0%] Built target autoware_adapi_v1_msgs__cpp
[41.474s] [35m[1mScanning dependencies of target autoware_adapi_v1_msgs__rosidl_generator_c[0m
[41.630s] [  1%] [32mBuilding C object CMakeFiles/autoware_adapi_v1_msgs__rosidl_generator_c.dir/rosidl_generator_c/autoware_adapi_v1_msgs/msg/detail/response_status__functions.c.o[0m
[41.773s] [  2%] [32mBuilding C object CMakeFiles/autoware_adapi_v1_msgs__rosidl_generator_c.dir/rosidl_generator_c/autoware_adapi_v1_msgs/msg/detail/route__functions.c.o[0m
[41.926s] [  2%] [32mBuilding C object CMakeFiles/autoware_adapi_v1_msgs__rosidl_generator_c.dir/rosidl_generator_c/autoware_adapi_v1_msgs/msg/detail/route_data__functions.c.o[0m
[42.068s] [  2%] [32mBuilding C object CMakeFiles/autoware_adapi_v1_msgs__rosidl_generator_c.dir/rosidl_generator_c/autoware_adapi_v1_msgs/msg/detail/route_option__functions.c.o[0m
[42.195s] [  2%] [32mBuilding C object CMakeFiles/autoware_adapi_v1_msgs__rosidl_generator_c.dir/rosidl_generator_c/autoware_adapi_v1_msgs/msg/detail/route_primitive__functions.c.o[0m
[42.323s] [  2%] [32mBuilding C object CMakeFiles/autoware_adapi_v1_msgs__rosidl_generator_c.dir/rosidl_generator_c/autoware_adapi_v1_msgs/msg/detail/route_segment__functions.c.o[0m
[42.456s] [  3%] [32mBuilding C object CMakeFiles/autoware_adapi_v1_msgs__rosidl_generator_c.dir/rosidl_generator_c/autoware_adapi_v1_msgs/srv/detail/clear_route__functions.c.o[0m
[42.617s] [  3%] [32mBuilding C object CMakeFiles/autoware_adapi_v1_msgs__rosidl_generator_c.dir/rosidl_generator_c/autoware_adapi_v1_msgs/srv/detail/set_route__functions.c.o[0m
[42.799s] [  3%] [32mBuilding C object CMakeFiles/autoware_adapi_v1_msgs__rosidl_generator_c.dir/rosidl_generator_c/autoware_adapi_v1_msgs/srv/detail/set_route_points__functions.c.o[0m
[42.994s] [  3%] [32mBuilding C object CMakeFiles/autoware_adapi_v1_msgs__rosidl_generator_c.dir/rosidl_generator_c/autoware_adapi_v1_msgs/msg/detail/operation_mode_state__functions.c.o[0m
[43.125s] [  4%] [32mBuilding C object CMakeFiles/autoware_adapi_v1_msgs__rosidl_generator_c.dir/rosidl_generator_c/autoware_adapi_v1_msgs/srv/detail/change_operation_mode__functions.c.o[0m
[43.285s] [  4%] [32mBuilding C object CMakeFiles/autoware_adapi_v1_msgs__rosidl_generator_c.dir/rosidl_generator_c/autoware_adapi_v1_msgs/msg/detail/motion_state__functions.c.o[0m
[43.419s] [  4%] [32mBuilding C object CMakeFiles/autoware_adapi_v1_msgs__rosidl_generator_c.dir/rosidl_generator_c/autoware_adapi_v1_msgs/srv/detail/accept_start__functions.c.o[0m
[43.568s] [  4%] [32mBuilding C object CMakeFiles/autoware_adapi_v1_msgs__rosidl_generator_c.dir/rosidl_generator_c/autoware_adapi_v1_msgs/msg/detail/dynamic_object__functions.c.o[0m
[43.710s] [  5%] [32mBuilding C object CMakeFiles/autoware_adapi_v1_msgs__rosidl_generator_c.dir/rosidl_generator_c/autoware_adapi_v1_msgs/msg/detail/dynamic_object_array__functions.c.o[0m
[43.858s] [  5%] [32mBuilding C object CMakeFiles/autoware_adapi_v1_msgs__rosidl_generator_c.dir/rosidl_generator_c/autoware_adapi_v1_msgs/msg/detail/dynamic_object_kinematics__functions.c.o[0m
[44.001s] [  5%] [32mBuilding C object CMakeFiles/autoware_adapi_v1_msgs__rosidl_generator_c.dir/rosidl_generator_c/autoware_adapi_v1_msgs/msg/detail/dynamic_object_path__functions.c.o[0m
[44.131s] [  5%] [32mBuilding C object CMakeFiles/autoware_adapi_v1_msgs__rosidl_generator_c.dir/rosidl_generator_c/autoware_adapi_v1_msgs/msg/detail/object_classification__functions.c.o[0m
[44.249s] [  6%] [32mBuilding C object CMakeFiles/autoware_adapi_v1_msgs__rosidl_generator_c.dir/rosidl_generator_c/autoware_adapi_v1_msgs/msg/detail/steering_factor__functions.c.o[0m
[44.386s] [  6%] [32mBuilding C object CMakeFiles/autoware_adapi_v1_msgs__rosidl_generator_c.dir/rosidl_generator_c/autoware_adapi_v1_msgs/msg/detail/steering_factor_array__functions.c.o[0m
[44.548s] [  6%] [32mBuilding C object CMakeFiles/autoware_adapi_v1_msgs__rosidl_generator_c.dir/rosidl_generator_c/autoware_adapi_v1_msgs/msg/detail/velocity_factor__functions.c.o[0m
[44.693s] [  6%] [32mBuilding C object CMakeFiles/autoware_adapi_v1_msgs__rosidl_generator_c.dir/rosidl_generator_c/autoware_adapi_v1_msgs/msg/detail/velocity_factor_array__functions.c.o[0m
[44.841s] [  7%] [32mBuilding C object CMakeFiles/autoware_adapi_v1_msgs__rosidl_generator_c.dir/rosidl_generator_c/autoware_adapi_v1_msgs/msg/detail/planning_behavior__functions.c.o[0m
[45.015s] [  7%] [32mBuilding C object CMakeFiles/autoware_adapi_v1_msgs__rosidl_generator_c.dir/rosidl_generator_c/autoware_adapi_v1_msgs/msg/detail/planning_sequence__functions.c.o[0m
[45.143s] [  7%] [32mBuilding C object CMakeFiles/autoware_adapi_v1_msgs__rosidl_generator_c.dir/rosidl_generator_c/autoware_adapi_v1_msgs/msg/detail/cooperation_command__functions.c.o[0m
[45.284s] [  7%] [32mBuilding C object CMakeFiles/autoware_adapi_v1_msgs__rosidl_generator_c.dir/rosidl_generator_c/autoware_adapi_v1_msgs/msg/detail/cooperation_decision__functions.c.o[0m
[45.402s] [  8%] [32mBuilding C object CMakeFiles/autoware_adapi_v1_msgs__rosidl_generator_c.dir/rosidl_generator_c/autoware_adapi_v1_msgs/msg/detail/cooperation_policy__functions.c.o[0m
[45.534s] [  8%] [32mBuilding C object CMakeFiles/autoware_adapi_v1_msgs__rosidl_generator_c.dir/rosidl_generator_c/autoware_adapi_v1_msgs/msg/detail/cooperation_status__functions.c.o[0m
[45.666s] [  8%] [32mBuilding C object CMakeFiles/autoware_adapi_v1_msgs__rosidl_generator_c.dir/rosidl_generator_c/autoware_adapi_v1_msgs/srv/detail/set_cooperation_commands__functions.c.o[0m
[45.822s] [  8%] [32mBuilding C object CMakeFiles/autoware_adapi_v1_msgs__rosidl_generator_c.dir/rosidl_generator_c/autoware_adapi_v1_msgs/srv/detail/set_cooperation_policies__functions.c.o[0m
[46.000s] [  9%] [32mBuilding C object CMakeFiles/autoware_adapi_v1_msgs__rosidl_generator_c.dir/rosidl_generator_c/autoware_adapi_v1_msgs/srv/detail/get_cooperation_policies__functions.c.o[0m
[46.174s] [  9%] [32mBuilding C object CMakeFiles/autoware_adapi_v1_msgs__rosidl_generator_c.dir/rosidl_generator_c/autoware_adapi_v1_msgs/msg/detail/mrm_state__functions.c.o[0m
[46.305s] [  9%] [32mBuilding C object CMakeFiles/autoware_adapi_v1_msgs__rosidl_generator_c.dir/rosidl_generator_c/autoware_adapi_v1_msgs/msg/detail/door_command__functions.c.o[0m
[46.446s] [  9%] [32mBuilding C object CMakeFiles/autoware_adapi_v1_msgs__rosidl_generator_c.dir/rosidl_generator_c/autoware_adapi_v1_msgs/msg/detail/door_layout__functions.c.o[0m
[46.586s] [ 10%] [32mBuilding C object CMakeFiles/autoware_adapi_v1_msgs__rosidl_generator_c.dir/rosidl_generator_c/autoware_adapi_v1_msgs/msg/detail/door_status__functions.c.o[0m
[46.714s] [ 10%] [32mBuilding C object CMakeFiles/autoware_adapi_v1_msgs__rosidl_generator_c.dir/rosidl_generator_c/autoware_adapi_v1_msgs/msg/detail/door_status_array__functions.c.o[0m
[46.844s] [ 10%] [32mBuilding C object CMakeFiles/autoware_adapi_v1_msgs__rosidl_generator_c.dir/rosidl_generator_c/autoware_adapi_v1_msgs/msg/detail/gear__functions.c.o[0m
[46.992s] [ 10%] [32mBuilding C object CMakeFiles/autoware_adapi_v1_msgs__rosidl_generator_c.dir/rosidl_generator_c/autoware_adapi_v1_msgs/msg/detail/hazard_lights__functions.c.o[0m
[47.145s] [ 11%] [32mBuilding C object CMakeFiles/autoware_adapi_v1_msgs__rosidl_generator_c.dir/rosidl_generator_c/autoware_adapi_v1_msgs/msg/detail/turn_indicators__functions.c.o[0m
[47.269s] [ 11%] [32mBuilding C object CMakeFiles/autoware_adapi_v1_msgs__rosidl_generator_c.dir/rosidl_generator_c/autoware_adapi_v1_msgs/msg/detail/vehicle_status__functions.c.o[0m
[47.401s] [ 11%] [32mBuilding C object CMakeFiles/autoware_adapi_v1_msgs__rosidl_generator_c.dir/rosidl_generator_c/autoware_adapi_v1_msgs/msg/detail/vehicle_dimensions__functions.c.o[0m
[47.542s] [ 11%] [32mBuilding C object CMakeFiles/autoware_adapi_v1_msgs__rosidl_generator_c.dir/rosidl_generator_c/autoware_adapi_v1_msgs/msg/detail/vehicle_kinematics__functions.c.o[0m
[47.695s] [ 12%] [32mBuilding C object CMakeFiles/autoware_adapi_v1_msgs__rosidl_generator_c.dir/rosidl_generator_c/autoware_adapi_v1_msgs/srv/detail/set_door_command__functions.c.o[0m
[47.879s] [ 12%] [32mBuilding C object CMakeFiles/autoware_adapi_v1_msgs__rosidl_generator_c.dir/rosidl_generator_c/autoware_adapi_v1_msgs/srv/detail/get_door_layout__functions.c.o[0m
[48.046s] [ 12%] [32mBuilding C object CMakeFiles/autoware_adapi_v1_msgs__rosidl_generator_c.dir/rosidl_generator_c/autoware_adapi_v1_msgs/srv/detail/get_vehicle_dimensions__functions.c.o[0m
[48.207s] [ 12%] [32mBuilding C object CMakeFiles/autoware_adapi_v1_msgs__rosidl_generator_c.dir/rosidl_generator_c/autoware_adapi_v1_msgs/msg/detail/route_state__functions.c.o[0m
[48.416s] [ 12%] [32mBuilding C object CMakeFiles/autoware_adapi_v1_msgs__rosidl_generator_c.dir/rosidl_generator_c/autoware_adapi_v1_msgs/srv/detail/initialize_localization__functions.c.o[0m
[48.687s] [ 12%] [32mBuilding C object CMakeFiles/autoware_adapi_v1_msgs__rosidl_generator_c.dir/rosidl_generator_c/autoware_adapi_v1_msgs/msg/detail/localization_initialization_state__functions.c.o[0m
[48.845s] [ 12%] [32m[1mLinking C shared library libautoware_adapi_v1_msgs__rosidl_generator_c.so[0m
[49.012s] [ 12%] Built target autoware_adapi_v1_msgs__rosidl_generator_c
[49.076s] [ 12%] [34m[1mGenerating C++ introspection for ROS interfaces[0m
[56.683s] [35m[1mScanning dependencies of target autoware_adapi_v1_msgs__rosidl_typesupport_introspection_cpp[0m
[56.777s] [ 13%] [32mBuilding CXX object CMakeFiles/autoware_adapi_v1_msgs__rosidl_typesupport_introspection_cpp.dir/rosidl_typesupport_introspection_cpp/autoware_adapi_v1_msgs/msg/detail/response_status__type_support.cpp.o[0m
[57.481s] [ 13%] [32mBuilding CXX object CMakeFiles/autoware_adapi_v1_msgs__rosidl_typesupport_introspection_cpp.dir/rosidl_typesupport_introspection_cpp/autoware_adapi_v1_msgs/msg/detail/route_state__type_support.cpp.o[0m
[58.191s] [ 14%] [32mBuilding CXX object CMakeFiles/autoware_adapi_v1_msgs__rosidl_typesupport_introspection_cpp.dir/rosidl_typesupport_introspection_cpp/autoware_adapi_v1_msgs/msg/detail/route__type_support.cpp.o[0m
[59.096s] [ 14%] [32mBuilding CXX object CMakeFiles/autoware_adapi_v1_msgs__rosidl_typesupport_introspection_cpp.dir/rosidl_typesupport_introspection_cpp/autoware_adapi_v1_msgs/msg/detail/route_data__type_support.cpp.o[0m
[59.951s] [ 14%] [32mBuilding CXX object CMakeFiles/autoware_adapi_v1_msgs__rosidl_typesupport_introspection_cpp.dir/rosidl_typesupport_introspection_cpp/autoware_adapi_v1_msgs/msg/detail/route_option__type_support.cpp.o[0m
[60.636s] [ 14%] [32mBuilding CXX object CMakeFiles/autoware_adapi_v1_msgs__rosidl_typesupport_introspection_cpp.dir/rosidl_typesupport_introspection_cpp/autoware_adapi_v1_msgs/msg/detail/route_primitive__type_support.cpp.o[0m
[61.336s] [ 15%] [32mBuilding CXX object CMakeFiles/autoware_adapi_v1_msgs__rosidl_typesupport_introspection_cpp.dir/rosidl_typesupport_introspection_cpp/autoware_adapi_v1_msgs/msg/detail/route_segment__type_support.cpp.o[0m
[62.140s] [ 15%] [32mBuilding CXX object CMakeFiles/autoware_adapi_v1_msgs__rosidl_typesupport_introspection_cpp.dir/rosidl_typesupport_introspection_cpp/autoware_adapi_v1_msgs/srv/detail/clear_route__type_support.cpp.o[0m
[62.844s] [ 15%] [32mBuilding CXX object CMakeFiles/autoware_adapi_v1_msgs__rosidl_typesupport_introspection_cpp.dir/rosidl_typesupport_introspection_cpp/autoware_adapi_v1_msgs/srv/detail/set_route__type_support.cpp.o[0m
[63.718s] [ 15%] [32mBuilding CXX object CMakeFiles/autoware_adapi_v1_msgs__rosidl_typesupport_introspection_cpp.dir/rosidl_typesupport_introspection_cpp/autoware_adapi_v1_msgs/srv/detail/set_route_points__type_support.cpp.o[0m
[64.550s] [ 16%] [32mBuilding CXX object CMakeFiles/autoware_adapi_v1_msgs__rosidl_typesupport_introspection_cpp.dir/rosidl_typesupport_introspection_cpp/autoware_adapi_v1_msgs/msg/detail/operation_mode_state__type_support.cpp.o[0m
[65.227s] [ 16%] [32mBuilding CXX object CMakeFiles/autoware_adapi_v1_msgs__rosidl_typesupport_introspection_cpp.dir/rosidl_typesupport_introspection_cpp/autoware_adapi_v1_msgs/srv/detail/change_operation_mode__type_support.cpp.o[0m
[65.917s] [ 16%] [32mBuilding CXX object CMakeFiles/autoware_adapi_v1_msgs__rosidl_typesupport_introspection_cpp.dir/rosidl_typesupport_introspection_cpp/autoware_adapi_v1_msgs/msg/detail/motion_state__type_support.cpp.o[0m
[66.590s] [ 16%] [32mBuilding CXX object CMakeFiles/autoware_adapi_v1_msgs__rosidl_typesupport_introspection_cpp.dir/rosidl_typesupport_introspection_cpp/autoware_adapi_v1_msgs/srv/detail/accept_start__type_support.cpp.o[0m
[67.283s] [ 17%] [32mBuilding CXX object CMakeFiles/autoware_adapi_v1_msgs__rosidl_typesupport_introspection_cpp.dir/rosidl_typesupport_introspection_cpp/autoware_adapi_v1_msgs/msg/detail/dynamic_object__type_support.cpp.o[0m
[68.168s] [ 17%] [32mBuilding CXX object CMakeFiles/autoware_adapi_v1_msgs__rosidl_typesupport_introspection_cpp.dir/rosidl_typesupport_introspection_cpp/autoware_adapi_v1_msgs/msg/detail/dynamic_object_array__type_support.cpp.o[0m
[69.111s] [ 17%] [32mBuilding CXX object CMakeFiles/autoware_adapi_v1_msgs__rosidl_typesupport_introspection_cpp.dir/rosidl_typesupport_introspection_cpp/autoware_adapi_v1_msgs/msg/detail/dynamic_object_kinematics__type_support.cpp.o[0m
[69.930s] [ 17%] [32mBuilding CXX object CMakeFiles/autoware_adapi_v1_msgs__rosidl_typesupport_introspection_cpp.dir/rosidl_typesupport_introspection_cpp/autoware_adapi_v1_msgs/msg/detail/dynamic_object_path__type_support.cpp.o[0m
[70.717s] [ 18%] [32mBuilding CXX object CMakeFiles/autoware_adapi_v1_msgs__rosidl_typesupport_introspection_cpp.dir/rosidl_typesupport_introspection_cpp/autoware_adapi_v1_msgs/msg/detail/object_classification__type_support.cpp.o[0m
[71.384s] [ 18%] [32mBuilding CXX object CMakeFiles/autoware_adapi_v1_msgs__rosidl_typesupport_introspection_cpp.dir/rosidl_typesupport_introspection_cpp/autoware_adapi_v1_msgs/msg/detail/steering_factor__type_support.cpp.o[0m
[72.248s] [ 18%] [32mBuilding CXX object CMakeFiles/autoware_adapi_v1_msgs__rosidl_typesupport_introspection_cpp.dir/rosidl_typesupport_introspection_cpp/autoware_adapi_v1_msgs/msg/detail/steering_factor_array__type_support.cpp.o[0m
[73.122s] [ 18%] [32mBuilding CXX object CMakeFiles/autoware_adapi_v1_msgs__rosidl_typesupport_introspection_cpp.dir/rosidl_typesupport_introspection_cpp/autoware_adapi_v1_msgs/msg/detail/velocity_factor__type_support.cpp.o[0m
[73.932s] [ 19%] [32mBuilding CXX object CMakeFiles/autoware_adapi_v1_msgs__rosidl_typesupport_introspection_cpp.dir/rosidl_typesupport_introspection_cpp/autoware_adapi_v1_msgs/msg/detail/velocity_factor_array__type_support.cpp.o[0m
[74.766s] [ 19%] [32mBuilding CXX object CMakeFiles/autoware_adapi_v1_msgs__rosidl_typesupport_introspection_cpp.dir/rosidl_typesupport_introspection_cpp/autoware_adapi_v1_msgs/msg/detail/planning_behavior__type_support.cpp.o[0m
[75.428s] [ 19%] [32mBuilding CXX object CMakeFiles/autoware_adapi_v1_msgs__rosidl_typesupport_introspection_cpp.dir/rosidl_typesupport_introspection_cpp/autoware_adapi_v1_msgs/msg/detail/planning_sequence__type_support.cpp.o[0m
[76.089s] [ 19%] [32mBuilding CXX object CMakeFiles/autoware_adapi_v1_msgs__rosidl_typesupport_introspection_cpp.dir/rosidl_typesupport_introspection_cpp/autoware_adapi_v1_msgs/msg/detail/cooperation_command__type_support.cpp.o[0m
[76.787s] [ 20%] [32mBuilding CXX object CMakeFiles/autoware_adapi_v1_msgs__rosidl_typesupport_introspection_cpp.dir/rosidl_typesupport_introspection_cpp/autoware_adapi_v1_msgs/msg/detail/cooperation_decision__type_support.cpp.o[0m
[77.459s] [ 20%] [32mBuilding CXX object CMakeFiles/autoware_adapi_v1_msgs__rosidl_typesupport_introspection_cpp.dir/rosidl_typesupport_introspection_cpp/autoware_adapi_v1_msgs/msg/detail/cooperation_policy__type_support.cpp.o[0m
[78.129s] [ 20%] [32mBuilding CXX object CMakeFiles/autoware_adapi_v1_msgs__rosidl_typesupport_introspection_cpp.dir/rosidl_typesupport_introspection_cpp/autoware_adapi_v1_msgs/msg/detail/cooperation_status__type_support.cpp.o[0m
[78.806s] [ 20%] [32mBuilding CXX object CMakeFiles/autoware_adapi_v1_msgs__rosidl_typesupport_introspection_cpp.dir/rosidl_typesupport_introspection_cpp/autoware_adapi_v1_msgs/srv/detail/set_cooperation_commands__type_support.cpp.o[0m
[79.615s] [ 21%] [32mBuilding CXX object CMakeFiles/autoware_adapi_v1_msgs__rosidl_typesupport_introspection_cpp.dir/rosidl_typesupport_introspection_cpp/autoware_adapi_v1_msgs/srv/detail/set_cooperation_policies__type_support.cpp.o[0m
[80.425s] [ 21%] [32mBuilding CXX object CMakeFiles/autoware_adapi_v1_msgs__rosidl_typesupport_introspection_cpp.dir/rosidl_typesupport_introspection_cpp/autoware_adapi_v1_msgs/srv/detail/get_cooperation_policies__type_support.cpp.o[0m
[81.216s] [ 21%] [32mBuilding CXX object CMakeFiles/autoware_adapi_v1_msgs__rosidl_typesupport_introspection_cpp.dir/rosidl_typesupport_introspection_cpp/autoware_adapi_v1_msgs/msg/detail/mrm_state__type_support.cpp.o[0m
[81.879s] [ 21%] [32mBuilding CXX object CMakeFiles/autoware_adapi_v1_msgs__rosidl_typesupport_introspection_cpp.dir/rosidl_typesupport_introspection_cpp/autoware_adapi_v1_msgs/msg/detail/door_command__type_support.cpp.o[0m
[82.542s] [ 22%] [32mBuilding CXX object CMakeFiles/autoware_adapi_v1_msgs__rosidl_typesupport_introspection_cpp.dir/rosidl_typesupport_introspection_cpp/autoware_adapi_v1_msgs/msg/detail/door_layout__type_support.cpp.o[0m
[83.326s] [ 22%] [32mBuilding CXX object CMakeFiles/autoware_adapi_v1_msgs__rosidl_typesupport_introspection_cpp.dir/rosidl_typesupport_introspection_cpp/autoware_adapi_v1_msgs/msg/detail/door_status__type_support.cpp.o[0m
[83.985s] [ 22%] [32mBuilding CXX object CMakeFiles/autoware_adapi_v1_msgs__rosidl_typesupport_introspection_cpp.dir/rosidl_typesupport_introspection_cpp/autoware_adapi_v1_msgs/msg/detail/door_status_array__type_support.cpp.o[0m
[84.773s] [ 22%] [32mBuilding CXX object CMakeFiles/autoware_adapi_v1_msgs__rosidl_typesupport_introspection_cpp.dir/rosidl_typesupport_introspection_cpp/autoware_adapi_v1_msgs/msg/detail/gear__type_support.cpp.o[0m
[85.451s] [ 23%] [32mBuilding CXX object CMakeFiles/autoware_adapi_v1_msgs__rosidl_typesupport_introspection_cpp.dir/rosidl_typesupport_introspection_cpp/autoware_adapi_v1_msgs/msg/detail/hazard_lights__type_support.cpp.o[0m
[86.135s] [ 23%] [32mBuilding CXX object CMakeFiles/autoware_adapi_v1_msgs__rosidl_typesupport_introspection_cpp.dir/rosidl_typesupport_introspection_cpp/autoware_adapi_v1_msgs/msg/detail/turn_indicators__type_support.cpp.o[0m
[86.810s] [ 23%] [32mBuilding CXX object CMakeFiles/autoware_adapi_v1_msgs__rosidl_typesupport_introspection_cpp.dir/rosidl_typesupport_introspection_cpp/autoware_adapi_v1_msgs/msg/detail/vehicle_status__type_support.cpp.o[0m
[87.498s] [ 23%] [32mBuilding CXX object CMakeFiles/autoware_adapi_v1_msgs__rosidl_typesupport_introspection_cpp.dir/rosidl_typesupport_introspection_cpp/autoware_adapi_v1_msgs/msg/detail/vehicle_dimensions__type_support.cpp.o[0m
[88.202s] [ 24%] [32mBuilding CXX object CMakeFiles/autoware_adapi_v1_msgs__rosidl_typesupport_introspection_cpp.dir/rosidl_typesupport_introspection_cpp/autoware_adapi_v1_msgs/msg/detail/vehicle_kinematics__type_support.cpp.o[0m
[88.942s] [ 24%] [32mBuilding CXX object CMakeFiles/autoware_adapi_v1_msgs__rosidl_typesupport_introspection_cpp.dir/rosidl_typesupport_introspection_cpp/autoware_adapi_v1_msgs/srv/detail/set_door_command__type_support.cpp.o[0m
[89.743s] [ 24%] [32mBuilding CXX object CMakeFiles/autoware_adapi_v1_msgs__rosidl_typesupport_introspection_cpp.dir/rosidl_typesupport_introspection_cpp/autoware_adapi_v1_msgs/srv/detail/get_door_layout__type_support.cpp.o[0m
[90.603s] [ 24%] [32mBuilding CXX object CMakeFiles/autoware_adapi_v1_msgs__rosidl_typesupport_introspection_cpp.dir/rosidl_typesupport_introspection_cpp/autoware_adapi_v1_msgs/srv/detail/get_vehicle_dimensions__type_support.cpp.o[0m
[91.341s] [ 24%] [32mBuilding CXX object CMakeFiles/autoware_adapi_v1_msgs__rosidl_typesupport_introspection_cpp.dir/rosidl_typesupport_introspection_cpp/autoware_adapi_v1_msgs/srv/detail/initialize_localization__type_support.cpp.o[0m
[92.187s] [ 24%] [32mBuilding CXX object CMakeFiles/autoware_adapi_v1_msgs__rosidl_typesupport_introspection_cpp.dir/rosidl_typesupport_introspection_cpp/autoware_adapi_v1_msgs/msg/detail/localization_initialization_state__type_support.cpp.o[0m
[92.860s] [ 25%] [32m[1mLinking CXX shared library libautoware_adapi_v1_msgs__rosidl_typesupport_introspection_cpp.so[0m
[93.174s] [ 25%] Built target autoware_adapi_v1_msgs__rosidl_typesupport_introspection_cpp
[93.213s] [ 26%] [34m[1mGenerating C introspection for ROS interfaces[0m
[101.236s] [35m[1mScanning dependencies of target autoware_adapi_v1_msgs__rosidl_typesupport_introspection_c[0m
[101.358s] [ 26%] [32mBuilding C object CMakeFiles/autoware_adapi_v1_msgs__rosidl_typesupport_introspection_c.dir/rosidl_typesupport_introspection_c/autoware_adapi_v1_msgs/msg/detail/response_status__type_support.c.o[0m
[101.470s] [ 26%] [32mBuilding C object CMakeFiles/autoware_adapi_v1_msgs__rosidl_typesupport_introspection_c.dir/rosidl_typesupport_introspection_c/autoware_adapi_v1_msgs/msg/detail/route__type_support.c.o[0m
[101.576s] [ 26%] [32mBuilding C object CMakeFiles/autoware_adapi_v1_msgs__rosidl_typesupport_introspection_c.dir/rosidl_typesupport_introspection_c/autoware_adapi_v1_msgs/msg/detail/route_data__type_support.c.o[0m
[101.679s] [ 26%] [32mBuilding C object CMakeFiles/autoware_adapi_v1_msgs__rosidl_typesupport_introspection_c.dir/rosidl_typesupport_introspection_c/autoware_adapi_v1_msgs/msg/detail/route_option__type_support.c.o[0m
[101.771s] [ 27%] [32mBuilding C object CMakeFiles/autoware_adapi_v1_msgs__rosidl_typesupport_introspection_c.dir/rosidl_typesupport_introspection_c/autoware_adapi_v1_msgs/msg/detail/route_primitive__type_support.c.o[0m
[101.875s] [ 27%] [32mBuilding C object CMakeFiles/autoware_adapi_v1_msgs__rosidl_typesupport_introspection_c.dir/rosidl_typesupport_introspection_c/autoware_adapi_v1_msgs/msg/detail/route_segment__type_support.c.o[0m
[101.980s] [ 27%] [32mBuilding C object CMakeFiles/autoware_adapi_v1_msgs__rosidl_typesupport_introspection_c.dir/rosidl_typesupport_introspection_c/autoware_adapi_v1_msgs/srv/detail/clear_route__type_support.c.o[0m
[102.080s] [ 27%] [32mBuilding C object CMakeFiles/autoware_adapi_v1_msgs__rosidl_typesupport_introspection_c.dir/rosidl_typesupport_introspection_c/autoware_adapi_v1_msgs/srv/detail/set_route__type_support.c.o[0m
[102.190s] [ 28%] [32mBuilding C object CMakeFiles/autoware_adapi_v1_msgs__rosidl_typesupport_introspection_c.dir/rosidl_typesupport_introspection_c/autoware_adapi_v1_msgs/srv/detail/set_route_points__type_support.c.o[0m
[102.302s] [ 28%] [32mBuilding C object CMakeFiles/autoware_adapi_v1_msgs__rosidl_typesupport_introspection_c.dir/rosidl_typesupport_introspection_c/autoware_adapi_v1_msgs/msg/detail/operation_mode_state__type_support.c.o[0m
[102.402s] [ 28%] [32mBuilding C object CMakeFiles/autoware_adapi_v1_msgs__rosidl_typesupport_introspection_c.dir/rosidl_typesupport_introspection_c/autoware_adapi_v1_msgs/srv/detail/change_operation_mode__type_support.c.o[0m
[102.498s] [ 28%] [32mBuilding C object CMakeFiles/autoware_adapi_v1_msgs__rosidl_typesupport_introspection_c.dir/rosidl_typesupport_introspection_c/autoware_adapi_v1_msgs/msg/detail/motion_state__type_support.c.o[0m
[102.594s] [ 29%] [32mBuilding C object CMakeFiles/autoware_adapi_v1_msgs__rosidl_typesupport_introspection_c.dir/rosidl_typesupport_introspection_c/autoware_adapi_v1_msgs/srv/detail/accept_start__type_support.c.o[0m
[102.699s] [ 29%] [32mBuilding C object CMakeFiles/autoware_adapi_v1_msgs__rosidl_typesupport_introspection_c.dir/rosidl_typesupport_introspection_c/autoware_adapi_v1_msgs/msg/detail/dynamic_object__type_support.c.o[0m
[102.805s] [ 29%] [32mBuilding C object CMakeFiles/autoware_adapi_v1_msgs__rosidl_typesupport_introspection_c.dir/rosidl_typesupport_introspection_c/autoware_adapi_v1_msgs/msg/detail/dynamic_object_array__type_support.c.o[0m
[102.907s] [ 29%] [32mBuilding C object CMakeFiles/autoware_adapi_v1_msgs__rosidl_typesupport_introspection_c.dir/rosidl_typesupport_introspection_c/autoware_adapi_v1_msgs/msg/detail/dynamic_object_kinematics__type_support.c.o[0m
[103.015s] [ 30%] [32mBuilding C object CMakeFiles/autoware_adapi_v1_msgs__rosidl_typesupport_introspection_c.dir/rosidl_typesupport_introspection_c/autoware_adapi_v1_msgs/msg/detail/dynamic_object_path__type_support.c.o[0m
[103.119s] [ 30%] [32mBuilding C object CMakeFiles/autoware_adapi_v1_msgs__rosidl_typesupport_introspection_c.dir/rosidl_typesupport_introspection_c/autoware_adapi_v1_msgs/msg/detail/object_classification__type_support.c.o[0m
[103.217s] [ 30%] [32mBuilding C object CMakeFiles/autoware_adapi_v1_msgs__rosidl_typesupport_introspection_c.dir/rosidl_typesupport_introspection_c/autoware_adapi_v1_msgs/msg/detail/steering_factor__type_support.c.o[0m
[103.324s] [ 30%] [32mBuilding C object CMakeFiles/autoware_adapi_v1_msgs__rosidl_typesupport_introspection_c.dir/rosidl_typesupport_introspection_c/autoware_adapi_v1_msgs/msg/detail/steering_factor_array__type_support.c.o[0m
[103.433s] [ 31%] [32mBuilding C object CMakeFiles/autoware_adapi_v1_msgs__rosidl_typesupport_introspection_c.dir/rosidl_typesupport_introspection_c/autoware_adapi_v1_msgs/msg/detail/velocity_factor__type_support.c.o[0m
[103.534s] [ 31%] [32mBuilding C object CMakeFiles/autoware_adapi_v1_msgs__rosidl_typesupport_introspection_c.dir/rosidl_typesupport_introspection_c/autoware_adapi_v1_msgs/msg/detail/velocity_factor_array__type_support.c.o[0m
[103.641s] [ 31%] [32mBuilding C object CMakeFiles/autoware_adapi_v1_msgs__rosidl_typesupport_introspection_c.dir/rosidl_typesupport_introspection_c/autoware_adapi_v1_msgs/msg/detail/planning_behavior__type_support.c.o[0m
[103.740s] [ 31%] [32mBuilding C object CMakeFiles/autoware_adapi_v1_msgs__rosidl_typesupport_introspection_c.dir/rosidl_typesupport_introspection_c/autoware_adapi_v1_msgs/msg/detail/planning_sequence__type_support.c.o[0m
[103.842s] [ 32%] [32mBuilding C object CMakeFiles/autoware_adapi_v1_msgs__rosidl_typesupport_introspection_c.dir/rosidl_typesupport_introspection_c/autoware_adapi_v1_msgs/msg/detail/cooperation_command__type_support.c.o[0m
[103.948s] [ 32%] [32mBuilding C object CMakeFiles/autoware_adapi_v1_msgs__rosidl_typesupport_introspection_c.dir/rosidl_typesupport_introspection_c/autoware_adapi_v1_msgs/msg/detail/cooperation_decision__type_support.c.o[0m
[104.039s] [ 32%] [32mBuilding C object CMakeFiles/autoware_adapi_v1_msgs__rosidl_typesupport_introspection_c.dir/rosidl_typesupport_introspection_c/autoware_adapi_v1_msgs/msg/detail/cooperation_policy__type_support.c.o[0m
[104.136s] [ 32%] [32mBuilding C object CMakeFiles/autoware_adapi_v1_msgs__rosidl_typesupport_introspection_c.dir/rosidl_typesupport_introspection_c/autoware_adapi_v1_msgs/msg/detail/cooperation_status__type_support.c.o[0m
[104.236s] [ 33%] [32mBuilding C object CMakeFiles/autoware_adapi_v1_msgs__rosidl_typesupport_introspection_c.dir/rosidl_typesupport_introspection_c/autoware_adapi_v1_msgs/srv/detail/set_cooperation_commands__type_support.c.o[0m
[104.339s] [ 33%] [32mBuilding C object CMakeFiles/autoware_adapi_v1_msgs__rosidl_typesupport_introspection_c.dir/rosidl_typesupport_introspection_c/autoware_adapi_v1_msgs/srv/detail/set_cooperation_policies__type_support.c.o[0m
[104.437s] [ 33%] [32mBuilding C object CMakeFiles/autoware_adapi_v1_msgs__rosidl_typesupport_introspection_c.dir/rosidl_typesupport_introspection_c/autoware_adapi_v1_msgs/srv/detail/get_cooperation_policies__type_support.c.o[0m
[104.537s] [ 33%] [32mBuilding C object CMakeFiles/autoware_adapi_v1_msgs__rosidl_typesupport_introspection_c.dir/rosidl_typesupport_introspection_c/autoware_adapi_v1_msgs/msg/detail/mrm_state__type_support.c.o[0m
[104.624s] [ 34%] [32mBuilding C object CMakeFiles/autoware_adapi_v1_msgs__rosidl_typesupport_introspection_c.dir/rosidl_typesupport_introspection_c/autoware_adapi_v1_msgs/msg/detail/door_command__type_support.c.o[0m
[104.641s] make[2]: *** [CMakeFiles/autoware_adapi_v1_msgs__rosidl_typesupport_introspection_c.dir/build.make:946: CMakeFiles/autoware_adapi_v1_msgs__rosidl_typesupport_introspection_c.dir/rosidl_typesupport_introspection_c/autoware_adapi_v1_msgs/msg/detail/door_command__type_support.c.o] Interrupt
[104.641s] make[1]: *** [CMakeFiles/Makefile2:385: CMakeFiles/autoware_adapi_v1_msgs__rosidl_typesupport_introspection_c.dir/all] Interrupt
[104.643s] make: *** [Makefile:141: all] Interrupt
[104.743s] Invoked command in '/root/r2ware/build/autoware_adapi_v1_msgs' returned '-2': CMAKE_PREFIX_PATH=${CMAKE_PREFIX_PATH}:/root/yahboomcar_ros2_ws/yahboomcar_ws/install/yahboomcar_voice_ctrl:/root/yahboomcar_ros2_ws/yahboomcar_ws/install/yahboomcar_visual:/root/yahboomcar_ros2_ws/yahboomcar_ws/install/yahboomcar_nav:/root/yahboomcar_ros2_ws/yahboomcar_ws/install/yahboomcar_multi:/root/yahboomcar_ros2_ws/yahboomcar_ws/install/yahboomcar_mediapipe:/root/yahboomcar_ros2_ws/yahboomcar_ws/install/yahboomcar_linefollow:/root/yahboomcar_ros2_ws/yahboomcar_ws/install/yahboomcar_laser:/root/yahboomcar_ros2_ws/yahboomcar_ws/install/yahboomcar_description_x1:/root/yahboomcar_ros2_ws/yahboomcar_ws/install/yahboomcar_description:/root/yahboomcar_ros2_ws/yahboomcar_ws/install/yahboomcar_ctrl:/root/yahboomcar_ros2_ws/yahboomcar_ws/install/yahboomcar_bringup:/root/yahboomcar_ros2_ws/yahboomcar_ws/install/yahboomcar_astra:/root/yahboomcar_ros2_ws/yahboomcar_ws/install/yahboom_app_save_map:/root/yahboomcar_ros2_ws/yahboomcar_ws/install/robot_pose_publisher:/root/yahboomcar_ros2_ws/yahboomcar_ws/install/laserscan_to_point_pulisher:/opt/ros/foxy /usr/bin/cmake --build /root/r2ware/build/autoware_adapi_v1_msgs -- -j8 -l8
