[0.154s] Invoking command in '/root/r2ware/build/autoware_auto_system_msgs': CMAKE_PREFIX_PATH=${CMAKE_PREFIX_PATH}:/root/yahboomcar_ros2_ws/yahboomcar_ws/install/yahboomcar_voice_ctrl:/root/yahboomcar_ros2_ws/yahboomcar_ws/install/yahboomcar_visual:/root/yahboomcar_ros2_ws/yahboomcar_ws/install/yahboomcar_nav:/root/yahboomcar_ros2_ws/yahboomcar_ws/install/yahboomcar_multi:/root/yahboomcar_ros2_ws/yahboomcar_ws/install/yahboomcar_mediapipe:/root/yahboomcar_ros2_ws/yahboomcar_ws/install/yahboomcar_linefollow:/root/yahboomcar_ros2_ws/yahboomcar_ws/install/yahboomcar_laser:/root/yahboomcar_ros2_ws/yahboomcar_ws/install/yahboomcar_description_x1:/root/yahboomcar_ros2_ws/yahboomcar_ws/install/yahboomcar_description:/root/yahboomcar_ros2_ws/yahboomcar_ws/install/yahboomcar_ctrl:/root/yahboomcar_ros2_ws/yahboomcar_ws/install/yahboomcar_bringup:/root/yahboomcar_ros2_ws/yahboomcar_ws/install/yahboomcar_astra:/root/yahboomcar_ros2_ws/yahboomcar_ws/install/yahboom_app_save_map:/root/yahboomcar_ros2_ws/yahboomcar_ws/install/robot_pose_publisher:/root/yahboomcar_ros2_ws/yahboomcar_ws/install/laserscan_to_point_pulisher:/opt/ros/foxy /usr/bin/cmake /root/r2ware/src/autoware_dependencies/core/external/autoware_auto_msgs/autoware_auto_system_msgs -DCMAKE_INSTALL_PREFIX=/root/r2ware/install/autoware_auto_system_msgs
[0.418s] -- The C compiler identification is GNU 9.4.0
[0.678s] -- The CXX compiler identification is GNU 9.4.0
[0.699s] -- Check for working C compiler: /usr/bin/cc
[0.989s] -- Check for working C compiler: /usr/bin/cc -- works
[0.990s] -- Detecting C compiler ABI info
[1.272s] -- Detecting C compiler ABI info - done
[1.303s] -- Detecting C compile features
[1.303s] -- Detecting C compile features - done
[1.308s] -- Check for working CXX compiler: /usr/bin/c++
[1.591s] -- Check for working CXX compiler: /usr/bin/c++ -- works
[1.594s] -- Detecting CXX compiler ABI info
[1.867s] -- Detecting CXX compiler ABI info - done
[1.889s] -- Detecting CXX compile features
[1.890s] -- Detecting CXX compile features - done
[1.928s] -- Found ament_cmake_auto: 0.9.11 (/opt/ros/foxy/share/ament_cmake_auto/cmake)
[2.111s] -- Found PythonInterp: /usr/bin/python3 (found suitable version "3.8.10", minimum required is "3") 
[2.112s] -- Using PYTHON_EXECUTABLE: /usr/bin/python3
[3.263s] -- Using all available rosidl_typesupport_c: rosidl_typesupport_fastrtps_c;rosidl_typesupport_introspection_c
[3.331s] -- Found rosidl_adapter: 1.3.0 (/opt/ros/foxy/share/rosidl_adapter/cmake)
[4.062s] -- Found OpenSSL: /usr/lib/aarch64-linux-gnu/libcrypto.so (found version "1.1.1f")  
[4.230s] -- Found FastRTPS: /opt/ros/foxy/include  
[4.673s] -- Using all available rosidl_typesupport_cpp: rosidl_typesupport_fastrtps_cpp;rosidl_typesupport_introspection_cpp
[5.146s] -- Found ament_cmake_cppcheck: 0.9.7 (/opt/ros/foxy/share/ament_cmake_cppcheck/cmake)
[5.164s] -- Found ament_cmake_cpplint: 0.9.7 (/opt/ros/foxy/share/ament_cmake_cpplint/cmake)
[5.192s] -- Found ament_cmake_uncrustify: 0.9.7 (/opt/ros/foxy/share/ament_cmake_uncrustify/cmake)
[5.216s] -- Found ament_cmake_ros: 0.9.2 (/opt/ros/foxy/share/ament_cmake_ros/cmake)
[5.842s] -- Using all available rosidl_typesupport_c: rosidl_typesupport_fastrtps_c;rosidl_typesupport_introspection_c
[6.017s] -- Using all available rosidl_typesupport_cpp: rosidl_typesupport_fastrtps_cpp;rosidl_typesupport_introspection_cpp
[6.115s] -- Found PythonInterp: /usr/bin/python3 (found suitable version "3.8.10", minimum required is "3.5") 
[6.127s] -- Found python_cmake_module: 0.8.1 (/opt/ros/foxy/share/python_cmake_module/cmake)
[6.224s] -- Found PythonLibs: /usr/lib/aarch64-linux-gnu/libpython3.8.so (found suitable version "3.8.10", minimum required is "3.5") 
[6.224s] -- Using PYTHON_EXECUTABLE: /usr/bin/python3
[6.224s] -- Using PYTHON_INCLUDE_DIRS: /usr/include/python3.8
[6.224s] -- Using PYTHON_LIBRARIES: /usr/lib/aarch64-linux-gnu/libpython3.8.so
[6.296s] -- Found PythonExtra: .so  
[6.550s] -- Found ament_cmake_flake8: 0.9.7 (/opt/ros/foxy/share/ament_cmake_flake8/cmake)
[6.567s] -- Found ament_cmake_pep257: 0.9.7 (/opt/ros/foxy/share/ament_cmake_pep257/cmake)
[6.587s] -- Found ament_lint_auto: 0.9.7 (/opt/ros/foxy/share/ament_lint_auto/cmake)
[6.681s] -- Added test 'copyright' to check source files copyright and LICENSE
[6.685s] -- Added test 'lint_cmake' to check CMake code style
[6.688s] -- Added test 'xmllint' to check XML markup files
[6.709s] -- Configuring done
[6.961s] -- Generating done
[6.980s] -- Build files have been written to: /root/r2ware/build/autoware_auto_system_msgs
[7.032s] Invoked command in '/root/r2ware/build/autoware_auto_system_msgs' returned '0': CMAKE_PREFIX_PATH=${CMAKE_PREFIX_PATH}:/root/yahboomcar_ros2_ws/yahboomcar_ws/install/yahboomcar_voice_ctrl:/root/yahboomcar_ros2_ws/yahboomcar_ws/install/yahboomcar_visual:/root/yahboomcar_ros2_ws/yahboomcar_ws/install/yahboomcar_nav:/root/yahboomcar_ros2_ws/yahboomcar_ws/install/yahboomcar_multi:/root/yahboomcar_ros2_ws/yahboomcar_ws/install/yahboomcar_mediapipe:/root/yahboomcar_ros2_ws/yahboomcar_ws/install/yahboomcar_linefollow:/root/yahboomcar_ros2_ws/yahboomcar_ws/install/yahboomcar_laser:/root/yahboomcar_ros2_ws/yahboomcar_ws/install/yahboomcar_description_x1:/root/yahboomcar_ros2_ws/yahboomcar_ws/install/yahboomcar_description:/root/yahboomcar_ros2_ws/yahboomcar_ws/install/yahboomcar_ctrl:/root/yahboomcar_ros2_ws/yahboomcar_ws/install/yahboomcar_bringup:/root/yahboomcar_ros2_ws/yahboomcar_ws/install/yahboomcar_astra:/root/yahboomcar_ros2_ws/yahboomcar_ws/install/yahboom_app_save_map:/root/yahboomcar_ros2_ws/yahboomcar_ws/install/robot_pose_publisher:/root/yahboomcar_ros2_ws/yahboomcar_ws/install/laserscan_to_point_pulisher:/opt/ros/foxy /usr/bin/cmake /root/r2ware/src/autoware_dependencies/core/external/autoware_auto_msgs/autoware_auto_system_msgs -DCMAKE_INSTALL_PREFIX=/root/r2ware/install/autoware_auto_system_msgs
[7.034s] Invoking command in '/root/r2ware/build/autoware_auto_system_msgs': CMAKE_PREFIX_PATH=${CMAKE_PREFIX_PATH}:/root/yahboomcar_ros2_ws/yahboomcar_ws/install/yahboomcar_voice_ctrl:/root/yahboomcar_ros2_ws/yahboomcar_ws/install/yahboomcar_visual:/root/yahboomcar_ros2_ws/yahboomcar_ws/install/yahboomcar_nav:/root/yahboomcar_ros2_ws/yahboomcar_ws/install/yahboomcar_multi:/root/yahboomcar_ros2_ws/yahboomcar_ws/install/yahboomcar_mediapipe:/root/yahboomcar_ros2_ws/yahboomcar_ws/install/yahboomcar_linefollow:/root/yahboomcar_ros2_ws/yahboomcar_ws/install/yahboomcar_laser:/root/yahboomcar_ros2_ws/yahboomcar_ws/install/yahboomcar_description_x1:/root/yahboomcar_ros2_ws/yahboomcar_ws/install/yahboomcar_description:/root/yahboomcar_ros2_ws/yahboomcar_ws/install/yahboomcar_ctrl:/root/yahboomcar_ros2_ws/yahboomcar_ws/install/yahboomcar_bringup:/root/yahboomcar_ros2_ws/yahboomcar_ws/install/yahboomcar_astra:/root/yahboomcar_ros2_ws/yahboomcar_ws/install/yahboom_app_save_map:/root/yahboomcar_ros2_ws/yahboomcar_ws/install/robot_pose_publisher:/root/yahboomcar_ros2_ws/yahboomcar_ws/install/laserscan_to_point_pulisher:/opt/ros/foxy /usr/bin/cmake --build /root/r2ware/build/autoware_auto_system_msgs -- -j8 -l8
[9.089s] [  1%] [34m[1mGenerating C code for ROS interfaces[0m
[9.090s] [35m[1mScanning dependencies of target autoware_auto_system_msgs__cpp[0m
[9.090s] [  2%] [34m[1mGenerating C++ code for ROS interfaces[0m
[12.656s] [  2%] Built target autoware_auto_system_msgs__cpp
[12.832s] [  3%] [34m[1mGenerating C++ type support for eProsima Fast-RTPS[0m
[12.837s] [  5%] [34m[1mGenerating C++ introspection for ROS interfaces[0m
[12.856s] [  6%] [34m[1mGenerating C++ type support dispatch for ROS interfaces[0m
[13.655s] [35m[1mScanning dependencies of target autoware_auto_system_msgs__rosidl_generator_c[0m
[13.964s] [  7%] [32mBuilding C object CMakeFiles/autoware_auto_system_msgs__rosidl_generator_c.dir/rosidl_generator_c/autoware_auto_system_msgs/msg/detail/diagnostic_header__functions.c.o[0m
[13.991s] [  8%] [32mBuilding C object CMakeFiles/autoware_auto_system_msgs__rosidl_generator_c.dir/rosidl_generator_c/autoware_auto_system_msgs/msg/detail/control_diagnostic__functions.c.o[0m
[14.003s] [ 10%] [32mBuilding C object CMakeFiles/autoware_auto_system_msgs__rosidl_generator_c.dir/rosidl_generator_c/autoware_auto_system_msgs/msg/detail/emergency_state__functions.c.o[0m
[14.064s] [ 11%] [32mBuilding C object CMakeFiles/autoware_auto_system_msgs__rosidl_generator_c.dir/rosidl_generator_c/autoware_auto_system_msgs/msg/detail/autoware_state__functions.c.o[0m
[14.088s] [ 12%] [32mBuilding C object CMakeFiles/autoware_auto_system_msgs__rosidl_generator_c.dir/rosidl_generator_c/autoware_auto_system_msgs/msg/detail/driving_capability__functions.c.o[0m
[14.511s] [ 13%] [32mBuilding C object CMakeFiles/autoware_auto_system_msgs__rosidl_generator_c.dir/rosidl_generator_c/autoware_auto_system_msgs/msg/detail/hazard_status__functions.c.o[0m
[14.722s] [ 15%] [32mBuilding C object CMakeFiles/autoware_auto_system_msgs__rosidl_generator_c.dir/rosidl_generator_c/autoware_auto_system_msgs/msg/detail/hazard_status_stamped__functions.c.o[0m
[15.331s] [ 16%] [32m[1mLinking C shared library libautoware_auto_system_msgs__rosidl_generator_c.so[0m
[16.047s] [ 16%] Built target autoware_auto_system_msgs__rosidl_generator_c
[16.366s] [ 17%] [34m[1mGenerating C introspection for ROS interfaces[0m
[16.394s] [ 18%] [34m[1mGenerating C type support dispatch for ROS interfaces[0m
[19.637s] [35m[1mScanning dependencies of target autoware_auto_system_msgs__rosidl_typesupport_cpp[0m
[19.899s] [ 20%] [32mBuilding CXX object CMakeFiles/autoware_auto_system_msgs__rosidl_typesupport_cpp.dir/rosidl_typesupport_cpp/autoware_auto_system_msgs/msg/autoware_state__type_support.cpp.o[0m
[19.928s] [ 21%] [32mBuilding CXX object CMakeFiles/autoware_auto_system_msgs__rosidl_typesupport_cpp.dir/rosidl_typesupport_cpp/autoware_auto_system_msgs/msg/control_diagnostic__type_support.cpp.o[0m
[19.962s] [ 22%] [32mBuilding CXX object CMakeFiles/autoware_auto_system_msgs__rosidl_typesupport_cpp.dir/rosidl_typesupport_cpp/autoware_auto_system_msgs/msg/diagnostic_header__type_support.cpp.o[0m
[19.985s] [ 24%] [32mBuilding CXX object CMakeFiles/autoware_auto_system_msgs__rosidl_typesupport_cpp.dir/rosidl_typesupport_cpp/autoware_auto_system_msgs/msg/driving_capability__type_support.cpp.o[0m
[22.319s] [35m[1mScanning dependencies of target autoware_auto_system_msgs__rosidl_typesupport_introspection_cpp[0m
[22.471s] [ 25%] [32mBuilding CXX object CMakeFiles/autoware_auto_system_msgs__rosidl_typesupport_introspection_cpp.dir/rosidl_typesupport_introspection_cpp/autoware_auto_system_msgs/msg/detail/autoware_state__type_support.cpp.o[0m
[22.494s] [35m[1mScanning dependencies of target autoware_auto_system_msgs__rosidl_typesupport_c[0m
[22.496s] [35m[1mScanning dependencies of target autoware_auto_system_msgs__rosidl_typesupport_fastrtps_cpp[0m
[22.650s] [ 26%] [32mBuilding CXX object CMakeFiles/autoware_auto_system_msgs__rosidl_typesupport_fastrtps_cpp.dir/rosidl_typesupport_fastrtps_cpp/autoware_auto_system_msgs/msg/detail/dds_fastrtps/autoware_state__type_support.cpp.o[0m
[22.675s] [ 27%] [32mBuilding CXX object CMakeFiles/autoware_auto_system_msgs__rosidl_typesupport_c.dir/rosidl_typesupport_c/autoware_auto_system_msgs/msg/autoware_state__type_support.cpp.o[0m
[22.818s] [ 29%] [32mBuilding CXX object CMakeFiles/autoware_auto_system_msgs__rosidl_typesupport_cpp.dir/rosidl_typesupport_cpp/autoware_auto_system_msgs/msg/hazard_status__type_support.cpp.o[0m
[22.973s] [ 30%] [32mBuilding CXX object CMakeFiles/autoware_auto_system_msgs__rosidl_typesupport_c.dir/rosidl_typesupport_c/autoware_auto_system_msgs/msg/control_diagnostic__type_support.cpp.o[0m
[23.332s] [ 31%] [32mBuilding CXX object CMakeFiles/autoware_auto_system_msgs__rosidl_typesupport_c.dir/rosidl_typesupport_c/autoware_auto_system_msgs/msg/diagnostic_header__type_support.cpp.o[0m
[23.583s] [35m[1mScanning dependencies of target autoware_auto_system_msgs__rosidl_typesupport_introspection_c[0m
[23.604s] [ 32%] [32mBuilding CXX object CMakeFiles/autoware_auto_system_msgs__rosidl_typesupport_c.dir/rosidl_typesupport_c/autoware_auto_system_msgs/msg/driving_capability__type_support.cpp.o[0m
[23.739s] [ 34%] [32mBuilding C object CMakeFiles/autoware_auto_system_msgs__rosidl_typesupport_introspection_c.dir/rosidl_typesupport_introspection_c/autoware_auto_system_msgs/msg/detail/autoware_state__type_support.c.o[0m
[23.869s] [ 35%] [32mBuilding CXX object CMakeFiles/autoware_auto_system_msgs__rosidl_typesupport_c.dir/rosidl_typesupport_c/autoware_auto_system_msgs/msg/emergency_state__type_support.cpp.o[0m
[23.975s] [ 36%] [32mBuilding C object CMakeFiles/autoware_auto_system_msgs__rosidl_typesupport_introspection_c.dir/rosidl_typesupport_introspection_c/autoware_auto_system_msgs/msg/detail/control_diagnostic__type_support.c.o[0m
[24.029s] [ 37%] [32mBuilding CXX object CMakeFiles/autoware_auto_system_msgs__rosidl_typesupport_introspection_cpp.dir/rosidl_typesupport_introspection_cpp/autoware_auto_system_msgs/msg/detail/control_diagnostic__type_support.cpp.o[0m
[24.103s] [ 39%] [32mBuilding CXX object CMakeFiles/autoware_auto_system_msgs__rosidl_typesupport_c.dir/rosidl_typesupport_c/autoware_auto_system_msgs/msg/hazard_status__type_support.cpp.o[0m
[24.243s] [ 40%] [32mBuilding C object CMakeFiles/autoware_auto_system_msgs__rosidl_typesupport_introspection_c.dir/rosidl_typesupport_introspection_c/autoware_auto_system_msgs/msg/detail/diagnostic_header__type_support.c.o[0m
[24.276s] [ 41%] [32mBuilding CXX object CMakeFiles/autoware_auto_system_msgs__rosidl_typesupport_c.dir/rosidl_typesupport_c/autoware_auto_system_msgs/msg/hazard_status_stamped__type_support.cpp.o[0m
[24.553s] [ 44%] [32mBuilding CXX object CMakeFiles/autoware_auto_system_msgs__rosidl_typesupport_cpp.dir/rosidl_typesupport_cpp/autoware_auto_system_msgs/msg/hazard_status_stamped__type_support.cpp.o[0m
[24.553s] [ 44%] [32mBuilding C object CMakeFiles/autoware_auto_system_msgs__rosidl_typesupport_introspection_c.dir/rosidl_typesupport_introspection_c/autoware_auto_system_msgs/msg/detail/driving_capability__type_support.c.o[0m
[24.596s] [ 45%] [32m[1mLinking CXX shared library libautoware_auto_system_msgs__rosidl_typesupport_c.so[0m
[24.867s] [ 46%] [32mBuilding C object CMakeFiles/autoware_auto_system_msgs__rosidl_typesupport_introspection_c.dir/rosidl_typesupport_introspection_c/autoware_auto_system_msgs/msg/detail/emergency_state__type_support.c.o[0m
[24.951s] [ 46%] Built target autoware_auto_system_msgs__rosidl_typesupport_c
[25.097s] [ 48%] [32mBuilding C object CMakeFiles/autoware_auto_system_msgs__rosidl_typesupport_introspection_c.dir/rosidl_typesupport_introspection_c/autoware_auto_system_msgs/msg/detail/hazard_status__type_support.c.o[0m
[25.375s] [ 49%] [32mBuilding C object CMakeFiles/autoware_auto_system_msgs__rosidl_typesupport_introspection_c.dir/rosidl_typesupport_introspection_c/autoware_auto_system_msgs/msg/detail/hazard_status_stamped__type_support.c.o[0m
[25.416s] [ 50%] [32mBuilding CXX object CMakeFiles/autoware_auto_system_msgs__rosidl_typesupport_fastrtps_cpp.dir/rosidl_typesupport_fastrtps_cpp/autoware_auto_system_msgs/msg/detail/dds_fastrtps/diagnostic_header__type_support.cpp.o[0m
[25.632s] [ 51%] [32mBuilding CXX object CMakeFiles/autoware_auto_system_msgs__rosidl_typesupport_introspection_cpp.dir/rosidl_typesupport_introspection_cpp/autoware_auto_system_msgs/msg/detail/driving_capability__type_support.cpp.o[0m
[25.658s] [ 53%] [32m[1mLinking C shared library libautoware_auto_system_msgs__rosidl_typesupport_introspection_c.so[0m
[26.007s] [ 53%] Built target autoware_auto_system_msgs__rosidl_typesupport_introspection_c
[26.419s] [ 54%] [32mBuilding CXX object CMakeFiles/autoware_auto_system_msgs__rosidl_typesupport_cpp.dir/rosidl_typesupport_cpp/autoware_auto_system_msgs/msg/emergency_state__type_support.cpp.o[0m
[26.715s] [ 55%] [32mBuilding CXX object CMakeFiles/autoware_auto_system_msgs__rosidl_typesupport_introspection_cpp.dir/rosidl_typesupport_introspection_cpp/autoware_auto_system_msgs/msg/detail/diagnostic_header__type_support.cpp.o[0m
[27.628s] [ 56%] [32mBuilding CXX object CMakeFiles/autoware_auto_system_msgs__rosidl_typesupport_fastrtps_cpp.dir/rosidl_typesupport_fastrtps_cpp/autoware_auto_system_msgs/msg/detail/dds_fastrtps/hazard_status_stamped__type_support.cpp.o[0m
[27.820s] [ 58%] [32m[1mLinking CXX shared library libautoware_auto_system_msgs__rosidl_typesupport_cpp.so[0m
[28.097s] [ 58%] Built target autoware_auto_system_msgs__rosidl_typesupport_cpp
[28.107s] [ 59%] [32mBuilding CXX object CMakeFiles/autoware_auto_system_msgs__rosidl_typesupport_introspection_cpp.dir/rosidl_typesupport_introspection_cpp/autoware_auto_system_msgs/msg/detail/emergency_state__type_support.cpp.o[0m
[29.627s] [ 60%] [32mBuilding CXX object CMakeFiles/autoware_auto_system_msgs__rosidl_typesupport_introspection_cpp.dir/rosidl_typesupport_introspection_cpp/autoware_auto_system_msgs/msg/detail/hazard_status_stamped__type_support.cpp.o[0m
[29.705s] [ 62%] [32mBuilding CXX object CMakeFiles/autoware_auto_system_msgs__rosidl_typesupport_fastrtps_cpp.dir/rosidl_typesupport_fastrtps_cpp/autoware_auto_system_msgs/msg/detail/dds_fastrtps/hazard_status__type_support.cpp.o[0m
[30.911s] [ 63%] [32mBuilding CXX object CMakeFiles/autoware_auto_system_msgs__rosidl_typesupport_introspection_cpp.dir/rosidl_typesupport_introspection_cpp/autoware_auto_system_msgs/msg/detail/hazard_status__type_support.cpp.o[0m
[31.604s] [ 64%] [32mBuilding CXX object CMakeFiles/autoware_auto_system_msgs__rosidl_typesupport_fastrtps_cpp.dir/rosidl_typesupport_fastrtps_cpp/autoware_auto_system_msgs/msg/detail/dds_fastrtps/emergency_state__type_support.cpp.o[0m
[32.190s] [ 65%] [32m[1mLinking CXX shared library libautoware_auto_system_msgs__rosidl_typesupport_introspection_cpp.so[0m
[32.453s] [ 65%] Built target autoware_auto_system_msgs__rosidl_typesupport_introspection_cpp
[32.796s] [ 67%] [32mBuilding CXX object CMakeFiles/autoware_auto_system_msgs__rosidl_typesupport_fastrtps_cpp.dir/rosidl_typesupport_fastrtps_cpp/autoware_auto_system_msgs/msg/detail/dds_fastrtps/driving_capability__type_support.cpp.o[0m
[33.961s] [ 68%] [32mBuilding CXX object CMakeFiles/autoware_auto_system_msgs__rosidl_typesupport_fastrtps_cpp.dir/rosidl_typesupport_fastrtps_cpp/autoware_auto_system_msgs/msg/detail/dds_fastrtps/control_diagnostic__type_support.cpp.o[0m
[35.142s] [ 69%] [32m[1mLinking CXX shared library libautoware_auto_system_msgs__rosidl_typesupport_fastrtps_cpp.so[0m
[35.456s] [ 69%] Built target autoware_auto_system_msgs__rosidl_typesupport_fastrtps_cpp
[35.540s] [ 70%] [34m[1mGenerating C type support for eProsima Fast-RTPS[0m
[37.643s] [35m[1mScanning dependencies of target autoware_auto_system_msgs__rosidl_typesupport_fastrtps_c[0m
[37.744s] [ 72%] [32mBuilding CXX object CMakeFiles/autoware_auto_system_msgs__rosidl_typesupport_fastrtps_c.dir/rosidl_typesupport_fastrtps_c/autoware_auto_system_msgs/msg/detail/autoware_state__type_support_c.cpp.o[0m
[38.662s] [ 73%] [32mBuilding CXX object CMakeFiles/autoware_auto_system_msgs__rosidl_typesupport_fastrtps_c.dir/rosidl_typesupport_fastrtps_c/autoware_auto_system_msgs/msg/detail/hazard_status_stamped__type_support_c.cpp.o[0m
[39.606s] [ 74%] [32mBuilding CXX object CMakeFiles/autoware_auto_system_msgs__rosidl_typesupport_fastrtps_c.dir/rosidl_typesupport_fastrtps_c/autoware_auto_system_msgs/msg/detail/hazard_status__type_support_c.cpp.o[0m
[40.523s] [ 75%] [32mBuilding CXX object CMakeFiles/autoware_auto_system_msgs__rosidl_typesupport_fastrtps_c.dir/rosidl_typesupport_fastrtps_c/autoware_auto_system_msgs/msg/detail/emergency_state__type_support_c.cpp.o[0m
[41.411s] [ 77%] [32mBuilding CXX object CMakeFiles/autoware_auto_system_msgs__rosidl_typesupport_fastrtps_c.dir/rosidl_typesupport_fastrtps_c/autoware_auto_system_msgs/msg/detail/driving_capability__type_support_c.cpp.o[0m
[42.288s] [ 78%] [32mBuilding CXX object CMakeFiles/autoware_auto_system_msgs__rosidl_typesupport_fastrtps_c.dir/rosidl_typesupport_fastrtps_c/autoware_auto_system_msgs/msg/detail/diagnostic_header__type_support_c.cpp.o[0m
[43.186s] [ 79%] [32mBuilding CXX object CMakeFiles/autoware_auto_system_msgs__rosidl_typesupport_fastrtps_c.dir/rosidl_typesupport_fastrtps_c/autoware_auto_system_msgs/msg/detail/control_diagnostic__type_support_c.cpp.o[0m
[44.075s] [ 81%] [32m[1mLinking CXX shared library libautoware_auto_system_msgs__rosidl_typesupport_fastrtps_c.so[0m
[44.298s] [ 81%] Built target autoware_auto_system_msgs__rosidl_typesupport_fastrtps_c
[44.335s] [35m[1mScanning dependencies of target autoware_auto_system_msgs[0m
[44.376s] [ 81%] Built target autoware_auto_system_msgs
[44.415s] [35m[1mScanning dependencies of target autoware_auto_system_msgs__py[0m
[44.456s] [ 82%] [34m[1mGenerating Python code for ROS interfaces[0m
[48.372s] [ 82%] Built target autoware_auto_system_msgs__py
[48.410s] [35m[1mScanning dependencies of target autoware_auto_system_msgs__python[0m
[48.503s] [ 83%] [32mBuilding C object CMakeFiles/autoware_auto_system_msgs__python.dir/rosidl_generator_py/autoware_auto_system_msgs/msg/_autoware_state_s.c.o[0m
[48.773s] [ 84%] [32mBuilding C object CMakeFiles/autoware_auto_system_msgs__python.dir/rosidl_generator_py/autoware_auto_system_msgs/msg/_hazard_status_stamped_s.c.o[0m
[49.041s] [ 86%] [32mBuilding C object CMakeFiles/autoware_auto_system_msgs__python.dir/rosidl_generator_py/autoware_auto_system_msgs/msg/_hazard_status_s.c.o[0m
[49.321s] [ 87%] [32mBuilding C object CMakeFiles/autoware_auto_system_msgs__python.dir/rosidl_generator_py/autoware_auto_system_msgs/msg/_emergency_state_s.c.o[0m
[49.574s] [ 88%] [32mBuilding C object CMakeFiles/autoware_auto_system_msgs__python.dir/rosidl_generator_py/autoware_auto_system_msgs/msg/_driving_capability_s.c.o[0m
[49.822s] [ 89%] [32mBuilding C object CMakeFiles/autoware_auto_system_msgs__python.dir/rosidl_generator_py/autoware_auto_system_msgs/msg/_diagnostic_header_s.c.o[0m
[50.058s] [ 91%] [32mBuilding C object CMakeFiles/autoware_auto_system_msgs__python.dir/rosidl_generator_py/autoware_auto_system_msgs/msg/_control_diagnostic_s.c.o[0m
[50.315s] [ 92%] [32m[1mLinking C shared library rosidl_generator_py/autoware_auto_system_msgs/libautoware_auto_system_msgs__python.so[0m
[50.444s] [ 92%] Built target autoware_auto_system_msgs__python
[50.480s] [35m[1mScanning dependencies of target autoware_auto_system_msgs__rosidl_typesupport_c__pyext[0m
[50.545s] [ 93%] [32mBuilding C object CMakeFiles/autoware_auto_system_msgs__rosidl_typesupport_c__pyext.dir/rosidl_generator_py/autoware_auto_system_msgs/_autoware_auto_system_msgs_s.ep.rosidl_typesupport_c.c.o[0m
[50.810s] [ 94%] [32m[1mLinking C shared library rosidl_generator_py/autoware_auto_system_msgs/autoware_auto_system_msgs_s__rosidl_typesupport_c.cpython-38-aarch64-linux-gnu.so[0m
[50.933s] [ 94%] Built target autoware_auto_system_msgs__rosidl_typesupport_c__pyext
[50.971s] [35m[1mScanning dependencies of target autoware_auto_system_msgs__rosidl_typesupport_introspection_c__pyext[0m
[51.034s] [ 96%] [32mBuilding C object CMakeFiles/autoware_auto_system_msgs__rosidl_typesupport_introspection_c__pyext.dir/rosidl_generator_py/autoware_auto_system_msgs/_autoware_auto_system_msgs_s.ep.rosidl_typesupport_introspection_c.c.o[0m
[51.296s] [ 97%] [32m[1mLinking C shared library rosidl_generator_py/autoware_auto_system_msgs/autoware_auto_system_msgs_s__rosidl_typesupport_introspection_c.cpython-38-aarch64-linux-gnu.so[0m
[51.404s] [ 97%] Built target autoware_auto_system_msgs__rosidl_typesupport_introspection_c__pyext
[51.448s] [35m[1mScanning dependencies of target autoware_auto_system_msgs__rosidl_typesupport_fastrtps_c__pyext[0m
[51.544s] [ 98%] [32mBuilding C object CMakeFiles/autoware_auto_system_msgs__rosidl_typesupport_fastrtps_c__pyext.dir/rosidl_generator_py/autoware_auto_system_msgs/_autoware_auto_system_msgs_s.ep.rosidl_typesupport_fastrtps_c.c.o[0m
[51.794s] [100%] [32m[1mLinking CXX shared library rosidl_generator_py/autoware_auto_system_msgs/autoware_auto_system_msgs_s__rosidl_typesupport_fastrtps_c.cpython-38-aarch64-linux-gnu.so[0m
[51.971s] [100%] Built target autoware_auto_system_msgs__rosidl_typesupport_fastrtps_c__pyext
[52.029s] Invoked command in '/root/r2ware/build/autoware_auto_system_msgs' returned '0': CMAKE_PREFIX_PATH=${CMAKE_PREFIX_PATH}:/root/yahboomcar_ros2_ws/yahboomcar_ws/install/yahboomcar_voice_ctrl:/root/yahboomcar_ros2_ws/yahboomcar_ws/install/yahboomcar_visual:/root/yahboomcar_ros2_ws/yahboomcar_ws/install/yahboomcar_nav:/root/yahboomcar_ros2_ws/yahboomcar_ws/install/yahboomcar_multi:/root/yahboomcar_ros2_ws/yahboomcar_ws/install/yahboomcar_mediapipe:/root/yahboomcar_ros2_ws/yahboomcar_ws/install/yahboomcar_linefollow:/root/yahboomcar_ros2_ws/yahboomcar_ws/install/yahboomcar_laser:/root/yahboomcar_ros2_ws/yahboomcar_ws/install/yahboomcar_description_x1:/root/yahboomcar_ros2_ws/yahboomcar_ws/install/yahboomcar_description:/root/yahboomcar_ros2_ws/yahboomcar_ws/install/yahboomcar_ctrl:/root/yahboomcar_ros2_ws/yahboomcar_ws/install/yahboomcar_bringup:/root/yahboomcar_ros2_ws/yahboomcar_ws/install/yahboomcar_astra:/root/yahboomcar_ros2_ws/yahboomcar_ws/install/yahboom_app_save_map:/root/yahboomcar_ros2_ws/yahboomcar_ws/install/robot_pose_publisher:/root/yahboomcar_ros2_ws/yahboomcar_ws/install/laserscan_to_point_pulisher:/opt/ros/foxy /usr/bin/cmake --build /root/r2ware/build/autoware_auto_system_msgs -- -j8 -l8
[52.783s] Invoking command in '/root/r2ware/build/autoware_auto_system_msgs': CMAKE_PREFIX_PATH=${CMAKE_PREFIX_PATH}:/root/yahboomcar_ros2_ws/yahboomcar_ws/install/yahboomcar_voice_ctrl:/root/yahboomcar_ros2_ws/yahboomcar_ws/install/yahboomcar_visual:/root/yahboomcar_ros2_ws/yahboomcar_ws/install/yahboomcar_nav:/root/yahboomcar_ros2_ws/yahboomcar_ws/install/yahboomcar_multi:/root/yahboomcar_ros2_ws/yahboomcar_ws/install/yahboomcar_mediapipe:/root/yahboomcar_ros2_ws/yahboomcar_ws/install/yahboomcar_linefollow:/root/yahboomcar_ros2_ws/yahboomcar_ws/install/yahboomcar_laser:/root/yahboomcar_ros2_ws/yahboomcar_ws/install/yahboomcar_description_x1:/root/yahboomcar_ros2_ws/yahboomcar_ws/install/yahboomcar_description:/root/yahboomcar_ros2_ws/yahboomcar_ws/install/yahboomcar_ctrl:/root/yahboomcar_ros2_ws/yahboomcar_ws/install/yahboomcar_bringup:/root/yahboomcar_ros2_ws/yahboomcar_ws/install/yahboomcar_astra:/root/yahboomcar_ros2_ws/yahboomcar_ws/install/yahboom_app_save_map:/root/yahboomcar_ros2_ws/yahboomcar_ws/install/robot_pose_publisher:/root/yahboomcar_ros2_ws/yahboomcar_ws/install/laserscan_to_point_pulisher:/opt/ros/foxy /usr/bin/cmake --install /root/r2ware/build/autoware_auto_system_msgs
[56.973s] -- Install configuration: ""
[56.974s] -- Installing: /root/r2ware/install/autoware_auto_system_msgs/share/ament_index/resource_index/rosidl_interfaces/autoware_auto_system_msgs
[56.974s] -- Installing: /root/r2ware/install/autoware_auto_system_msgs/include/autoware_auto_system_msgs
[56.974s] -- Installing: /root/r2ware/install/autoware_auto_system_msgs/include/autoware_auto_system_msgs/msg
[56.974s] -- Installing: /root/r2ware/install/autoware_auto_system_msgs/include/autoware_auto_system_msgs/msg/driving_capability.h
[56.974s] -- Installing: /root/r2ware/install/autoware_auto_system_msgs/include/autoware_auto_system_msgs/msg/hazard_status.h
[56.974s] -- Installing: /root/r2ware/install/autoware_auto_system_msgs/include/autoware_auto_system_msgs/msg/hazard_status_stamped.h
[56.974s] -- Installing: /root/r2ware/install/autoware_auto_system_msgs/include/autoware_auto_system_msgs/msg/diagnostic_header.h
[56.975s] -- Installing: /root/r2ware/install/autoware_auto_system_msgs/include/autoware_auto_system_msgs/msg/rosidl_generator_c__visibility_control.h
[56.975s] -- Installing: /root/r2ware/install/autoware_auto_system_msgs/include/autoware_auto_system_msgs/msg/control_diagnostic.h
[56.975s] -- Installing: /root/r2ware/install/autoware_auto_system_msgs/include/autoware_auto_system_msgs/msg/emergency_state.h
[56.975s] -- Installing: /root/r2ware/install/autoware_auto_system_msgs/include/autoware_auto_system_msgs/msg/autoware_state.h
[56.975s] -- Installing: /root/r2ware/install/autoware_auto_system_msgs/include/autoware_auto_system_msgs/msg/detail
[56.975s] -- Installing: /root/r2ware/install/autoware_auto_system_msgs/include/autoware_auto_system_msgs/msg/detail/autoware_state__struct.h
[56.975s] -- Installing: /root/r2ware/install/autoware_auto_system_msgs/include/autoware_auto_system_msgs/msg/detail/diagnostic_header__type_support.h
[56.975s] -- Installing: /root/r2ware/install/autoware_auto_system_msgs/include/autoware_auto_system_msgs/msg/detail/autoware_state__functions.c
[56.976s] -- Installing: /root/r2ware/install/autoware_auto_system_msgs/include/autoware_auto_system_msgs/msg/detail/diagnostic_header__functions.h
[56.976s] -- Installing: /root/r2ware/install/autoware_auto_system_msgs/include/autoware_auto_system_msgs/msg/detail/hazard_status_stamped__struct.h
[56.976s] -- Installing: /root/r2ware/install/autoware_auto_system_msgs/include/autoware_auto_system_msgs/msg/detail/control_diagnostic__struct.h
[56.976s] -- Installing: /root/r2ware/install/autoware_auto_system_msgs/include/autoware_auto_system_msgs/msg/detail/hazard_status_stamped__functions.h
[56.976s] -- Installing: /root/r2ware/install/autoware_auto_system_msgs/include/autoware_auto_system_msgs/msg/detail/autoware_state__functions.h
[56.976s] -- Installing: /root/r2ware/install/autoware_auto_system_msgs/include/autoware_auto_system_msgs/msg/detail/driving_capability__struct.h
[56.976s] -- Installing: /root/r2ware/install/autoware_auto_system_msgs/include/autoware_auto_system_msgs/msg/detail/control_diagnostic__functions.c
[56.976s] -- Installing: /root/r2ware/install/autoware_auto_system_msgs/include/autoware_auto_system_msgs/msg/detail/hazard_status_stamped__type_support.h
[56.977s] -- Installing: /root/r2ware/install/autoware_auto_system_msgs/include/autoware_auto_system_msgs/msg/detail/emergency_state__type_support.h
[56.977s] -- Installing: /root/r2ware/install/autoware_auto_system_msgs/include/autoware_auto_system_msgs/msg/detail/hazard_status_stamped__functions.c
[56.977s] -- Installing: /root/r2ware/install/autoware_auto_system_msgs/include/autoware_auto_system_msgs/msg/detail/emergency_state__functions.c
[56.977s] -- Installing: /root/r2ware/install/autoware_auto_system_msgs/include/autoware_auto_system_msgs/msg/detail/emergency_state__functions.h
[56.977s] -- Installing: /root/r2ware/install/autoware_auto_system_msgs/include/autoware_auto_system_msgs/msg/detail/driving_capability__type_support.h
[56.977s] -- Installing: /root/r2ware/install/autoware_auto_system_msgs/include/autoware_auto_system_msgs/msg/detail/hazard_status__functions.c
[56.977s] -- Installing: /root/r2ware/install/autoware_auto_system_msgs/include/autoware_auto_system_msgs/msg/detail/hazard_status__type_support.h
[56.977s] -- Installing: /root/r2ware/install/autoware_auto_system_msgs/include/autoware_auto_system_msgs/msg/detail/driving_capability__functions.h
[56.978s] -- Installing: /root/r2ware/install/autoware_auto_system_msgs/include/autoware_auto_system_msgs/msg/detail/hazard_status__struct.h
[56.978s] -- Installing: /root/r2ware/install/autoware_auto_system_msgs/include/autoware_auto_system_msgs/msg/detail/driving_capability__functions.c
[56.978s] -- Installing: /root/r2ware/install/autoware_auto_system_msgs/include/autoware_auto_system_msgs/msg/detail/hazard_status__functions.h
[56.978s] -- Installing: /root/r2ware/install/autoware_auto_system_msgs/include/autoware_auto_system_msgs/msg/detail/diagnostic_header__functions.c
[56.985s] -- Installing: /root/r2ware/install/autoware_auto_system_msgs/include/autoware_auto_system_msgs/msg/detail/autoware_state__type_support.h
[56.986s] -- Installing: /root/r2ware/install/autoware_auto_system_msgs/include/autoware_auto_system_msgs/msg/detail/emergency_state__struct.h
[56.986s] -- Installing: /root/r2ware/install/autoware_auto_system_msgs/include/autoware_auto_system_msgs/msg/detail/control_diagnostic__functions.h
[56.986s] -- Installing: /root/r2ware/install/autoware_auto_system_msgs/include/autoware_auto_system_msgs/msg/detail/diagnostic_header__struct.h
[56.986s] -- Installing: /root/r2ware/install/autoware_auto_system_msgs/include/autoware_auto_system_msgs/msg/detail/control_diagnostic__type_support.h
[56.986s] -- Installing: /root/r2ware/install/autoware_auto_system_msgs/share/autoware_auto_system_msgs/environment/library_path.sh
[56.987s] -- Installing: /root/r2ware/install/autoware_auto_system_msgs/share/autoware_auto_system_msgs/environment/library_path.dsv
[56.987s] -- Installing: /root/r2ware/install/autoware_auto_system_msgs/lib/libautoware_auto_system_msgs__rosidl_generator_c.so
[56.987s] -- Set runtime path of "/root/r2ware/install/autoware_auto_system_msgs/lib/libautoware_auto_system_msgs__rosidl_generator_c.so" to ""
[56.987s] -- Up-to-date: /root/r2ware/install/autoware_auto_system_msgs/include/autoware_auto_system_msgs
[56.987s] -- Up-to-date: /root/r2ware/install/autoware_auto_system_msgs/include/autoware_auto_system_msgs/msg
[56.987s] -- Installing: /root/r2ware/install/autoware_auto_system_msgs/include/autoware_auto_system_msgs/msg/rosidl_typesupport_fastrtps_c__visibility_control.h
[56.987s] -- Up-to-date: /root/r2ware/install/autoware_auto_system_msgs/include/autoware_auto_system_msgs/msg/detail
[56.987s] -- Installing: /root/r2ware/install/autoware_auto_system_msgs/include/autoware_auto_system_msgs/msg/detail/hazard_status_stamped__rosidl_typesupport_fastrtps_c.h
[56.988s] -- Installing: /root/r2ware/install/autoware_auto_system_msgs/include/autoware_auto_system_msgs/msg/detail/diagnostic_header__rosidl_typesupport_fastrtps_c.h
[56.988s] -- Installing: /root/r2ware/install/autoware_auto_system_msgs/include/autoware_auto_system_msgs/msg/detail/emergency_state__rosidl_typesupport_fastrtps_c.h
[56.988s] -- Installing: /root/r2ware/install/autoware_auto_system_msgs/include/autoware_auto_system_msgs/msg/detail/autoware_state__rosidl_typesupport_fastrtps_c.h
[56.988s] -- Installing: /root/r2ware/install/autoware_auto_system_msgs/include/autoware_auto_system_msgs/msg/detail/control_diagnostic__rosidl_typesupport_fastrtps_c.h
[56.988s] -- Installing: /root/r2ware/install/autoware_auto_system_msgs/include/autoware_auto_system_msgs/msg/detail/hazard_status__rosidl_typesupport_fastrtps_c.h
[56.988s] -- Installing: /root/r2ware/install/autoware_auto_system_msgs/include/autoware_auto_system_msgs/msg/detail/driving_capability__rosidl_typesupport_fastrtps_c.h
[56.988s] -- Installing: /root/r2ware/install/autoware_auto_system_msgs/lib/libautoware_auto_system_msgs__rosidl_typesupport_fastrtps_c.so
[56.988s] -- Set runtime path of "/root/r2ware/install/autoware_auto_system_msgs/lib/libautoware_auto_system_msgs__rosidl_typesupport_fastrtps_c.so" to ""
[56.989s] -- Up-to-date: /root/r2ware/install/autoware_auto_system_msgs/include/autoware_auto_system_msgs
[56.989s] -- Up-to-date: /root/r2ware/install/autoware_auto_system_msgs/include/autoware_auto_system_msgs/msg
[56.989s] -- Installing: /root/r2ware/install/autoware_auto_system_msgs/include/autoware_auto_system_msgs/msg/rosidl_typesupport_fastrtps_cpp__visibility_control.h
[56.989s] -- Up-to-date: /root/r2ware/install/autoware_auto_system_msgs/include/autoware_auto_system_msgs/msg/detail
[56.989s] -- Installing: /root/r2ware/install/autoware_auto_system_msgs/include/autoware_auto_system_msgs/msg/detail/driving_capability__rosidl_typesupport_fastrtps_cpp.hpp
[56.989s] -- Installing: /root/r2ware/install/autoware_auto_system_msgs/include/autoware_auto_system_msgs/msg/detail/hazard_status__rosidl_typesupport_fastrtps_cpp.hpp
[56.989s] -- Installing: /root/r2ware/install/autoware_auto_system_msgs/include/autoware_auto_system_msgs/msg/detail/hazard_status_stamped__rosidl_typesupport_fastrtps_cpp.hpp
[56.990s] -- Installing: /root/r2ware/install/autoware_auto_system_msgs/include/autoware_auto_system_msgs/msg/detail/diagnostic_header__rosidl_typesupport_fastrtps_cpp.hpp
[56.990s] -- Installing: /root/r2ware/install/autoware_auto_system_msgs/include/autoware_auto_system_msgs/msg/detail/emergency_state__rosidl_typesupport_fastrtps_cpp.hpp
[56.990s] -- Installing: /root/r2ware/install/autoware_auto_system_msgs/include/autoware_auto_system_msgs/msg/detail/autoware_state__rosidl_typesupport_fastrtps_cpp.hpp
[56.990s] -- Installing: /root/r2ware/install/autoware_auto_system_msgs/include/autoware_auto_system_msgs/msg/detail/dds_fastrtps
[56.990s] -- Installing: /root/r2ware/install/autoware_auto_system_msgs/include/autoware_auto_system_msgs/msg/detail/control_diagnostic__rosidl_typesupport_fastrtps_cpp.hpp
[56.990s] -- Installing: /root/r2ware/install/autoware_auto_system_msgs/lib/libautoware_auto_system_msgs__rosidl_typesupport_fastrtps_cpp.so
[56.990s] -- Set runtime path of "/root/r2ware/install/autoware_auto_system_msgs/lib/libautoware_auto_system_msgs__rosidl_typesupport_fastrtps_cpp.so" to ""
[56.990s] -- Up-to-date: /root/r2ware/install/autoware_auto_system_msgs/include/autoware_auto_system_msgs
[56.991s] -- Up-to-date: /root/r2ware/install/autoware_auto_system_msgs/include/autoware_auto_system_msgs/msg
[56.991s] -- Installing: /root/r2ware/install/autoware_auto_system_msgs/include/autoware_auto_system_msgs/msg/rosidl_typesupport_introspection_c__visibility_control.h
[56.991s] -- Up-to-date: /root/r2ware/install/autoware_auto_system_msgs/include/autoware_auto_system_msgs/msg/detail
[56.991s] -- Installing: /root/r2ware/install/autoware_auto_system_msgs/include/autoware_auto_system_msgs/msg/detail/hazard_status_stamped__rosidl_typesupport_introspection_c.h
[56.991s] -- Installing: /root/r2ware/install/autoware_auto_system_msgs/include/autoware_auto_system_msgs/msg/detail/diagnostic_header__type_support.c
[56.991s] -- Installing: /root/r2ware/install/autoware_auto_system_msgs/include/autoware_auto_system_msgs/msg/detail/driving_capability__rosidl_typesupport_introspection_c.h
[56.991s] -- Installing: /root/r2ware/install/autoware_auto_system_msgs/include/autoware_auto_system_msgs/msg/detail/autoware_state__type_support.c
[56.991s] -- Installing: /root/r2ware/install/autoware_auto_system_msgs/include/autoware_auto_system_msgs/msg/detail/emergency_state__rosidl_typesupport_introspection_c.h
[56.992s] -- Installing: /root/r2ware/install/autoware_auto_system_msgs/include/autoware_auto_system_msgs/msg/detail/control_diagnostic__type_support.c
[56.992s] -- Installing: /root/r2ware/install/autoware_auto_system_msgs/include/autoware_auto_system_msgs/msg/detail/autoware_state__rosidl_typesupport_introspection_c.h
[56.992s] -- Installing: /root/r2ware/install/autoware_auto_system_msgs/include/autoware_auto_system_msgs/msg/detail/driving_capability__type_support.c
[56.992s] -- Installing: /root/r2ware/install/autoware_auto_system_msgs/include/autoware_auto_system_msgs/msg/detail/diagnostic_header__rosidl_typesupport_introspection_c.h
[56.992s] -- Installing: /root/r2ware/install/autoware_auto_system_msgs/include/autoware_auto_system_msgs/msg/detail/hazard_status__type_support.c
[56.992s] -- Installing: /root/r2ware/install/autoware_auto_system_msgs/include/autoware_auto_system_msgs/msg/detail/emergency_state__type_support.c
[56.992s] -- Installing: /root/r2ware/install/autoware_auto_system_msgs/include/autoware_auto_system_msgs/msg/detail/hazard_status_stamped__type_support.c
[56.992s] -- Installing: /root/r2ware/install/autoware_auto_system_msgs/include/autoware_auto_system_msgs/msg/detail/hazard_status__rosidl_typesupport_introspection_c.h
[56.992s] -- Installing: /root/r2ware/install/autoware_auto_system_msgs/include/autoware_auto_system_msgs/msg/detail/control_diagnostic__rosidl_typesupport_introspection_c.h
[56.993s] -- Installing: /root/r2ware/install/autoware_auto_system_msgs/lib/libautoware_auto_system_msgs__rosidl_typesupport_introspection_c.so
[56.993s] -- Set runtime path of "/root/r2ware/install/autoware_auto_system_msgs/lib/libautoware_auto_system_msgs__rosidl_typesupport_introspection_c.so" to ""
[56.993s] -- Installing: /root/r2ware/install/autoware_auto_system_msgs/lib/libautoware_auto_system_msgs__rosidl_typesupport_c.so
[56.993s] -- Set runtime path of "/root/r2ware/install/autoware_auto_system_msgs/lib/libautoware_auto_system_msgs__rosidl_typesupport_c.so" to ""
[56.993s] -- Up-to-date: /root/r2ware/install/autoware_auto_system_msgs/include/autoware_auto_system_msgs
[56.993s] -- Up-to-date: /root/r2ware/install/autoware_auto_system_msgs/include/autoware_auto_system_msgs/msg
[56.993s] -- Installing: /root/r2ware/install/autoware_auto_system_msgs/include/autoware_auto_system_msgs/msg/driving_capability.hpp
[56.994s] -- Installing: /root/r2ware/install/autoware_auto_system_msgs/include/autoware_auto_system_msgs/msg/autoware_state.hpp
[56.994s] -- Installing: /root/r2ware/install/autoware_auto_system_msgs/include/autoware_auto_system_msgs/msg/diagnostic_header.hpp
[56.994s] -- Installing: /root/r2ware/install/autoware_auto_system_msgs/include/autoware_auto_system_msgs/msg/hazard_status_stamped.hpp
[56.994s] -- Installing: /root/r2ware/install/autoware_auto_system_msgs/include/autoware_auto_system_msgs/msg/control_diagnostic.hpp
[56.994s] -- Up-to-date: /root/r2ware/install/autoware_auto_system_msgs/include/autoware_auto_system_msgs/msg/detail
[56.995s] -- Installing: /root/r2ware/install/autoware_auto_system_msgs/include/autoware_auto_system_msgs/msg/detail/autoware_state__struct.hpp
[56.995s] -- Installing: /root/r2ware/install/autoware_auto_system_msgs/include/autoware_auto_system_msgs/msg/detail/hazard_status_stamped__struct.hpp
[56.995s] -- Installing: /root/r2ware/install/autoware_auto_system_msgs/include/autoware_auto_system_msgs/msg/detail/driving_capability__builder.hpp
[56.995s] -- Installing: /root/r2ware/install/autoware_auto_system_msgs/include/autoware_auto_system_msgs/msg/detail/hazard_status__traits.hpp
[56.995s] -- Installing: /root/r2ware/install/autoware_auto_system_msgs/include/autoware_auto_system_msgs/msg/detail/hazard_status__struct.hpp
[56.995s] -- Installing: /root/r2ware/install/autoware_auto_system_msgs/include/autoware_auto_system_msgs/msg/detail/driving_capability__struct.hpp
[56.995s] -- Installing: /root/r2ware/install/autoware_auto_system_msgs/include/autoware_auto_system_msgs/msg/detail/emergency_state__struct.hpp
[56.995s] -- Installing: /root/r2ware/install/autoware_auto_system_msgs/include/autoware_auto_system_msgs/msg/detail/hazard_status_stamped__traits.hpp
[56.996s] -- Installing: /root/r2ware/install/autoware_auto_system_msgs/include/autoware_auto_system_msgs/msg/detail/diagnostic_header__builder.hpp
[56.996s] -- Installing: /root/r2ware/install/autoware_auto_system_msgs/include/autoware_auto_system_msgs/msg/detail/hazard_status_stamped__builder.hpp
[56.996s] -- Installing: /root/r2ware/install/autoware_auto_system_msgs/include/autoware_auto_system_msgs/msg/detail/control_diagnostic__struct.hpp
[56.996s] -- Installing: /root/r2ware/install/autoware_auto_system_msgs/include/autoware_auto_system_msgs/msg/detail/autoware_state__builder.hpp
[56.996s] -- Installing: /root/r2ware/install/autoware_auto_system_msgs/include/autoware_auto_system_msgs/msg/detail/autoware_state__traits.hpp
[56.996s] -- Installing: /root/r2ware/install/autoware_auto_system_msgs/include/autoware_auto_system_msgs/msg/detail/emergency_state__builder.hpp
[56.996s] -- Installing: /root/r2ware/install/autoware_auto_system_msgs/include/autoware_auto_system_msgs/msg/detail/diagnostic_header__struct.hpp
[56.996s] -- Installing: /root/r2ware/install/autoware_auto_system_msgs/include/autoware_auto_system_msgs/msg/detail/diagnostic_header__traits.hpp
[56.997s] -- Installing: /root/r2ware/install/autoware_auto_system_msgs/include/autoware_auto_system_msgs/msg/detail/control_diagnostic__traits.hpp
[56.997s] -- Installing: /root/r2ware/install/autoware_auto_system_msgs/include/autoware_auto_system_msgs/msg/detail/emergency_state__traits.hpp
[56.997s] -- Installing: /root/r2ware/install/autoware_auto_system_msgs/include/autoware_auto_system_msgs/msg/detail/hazard_status__builder.hpp
[56.997s] -- Installing: /root/r2ware/install/autoware_auto_system_msgs/include/autoware_auto_system_msgs/msg/detail/control_diagnostic__builder.hpp
[56.997s] -- Installing: /root/r2ware/install/autoware_auto_system_msgs/include/autoware_auto_system_msgs/msg/detail/driving_capability__traits.hpp
[56.997s] -- Installing: /root/r2ware/install/autoware_auto_system_msgs/include/autoware_auto_system_msgs/msg/hazard_status.hpp
[56.997s] -- Installing: /root/r2ware/install/autoware_auto_system_msgs/include/autoware_auto_system_msgs/msg/emergency_state.hpp
[56.997s] -- Up-to-date: /root/r2ware/install/autoware_auto_system_msgs/include/autoware_auto_system_msgs
[56.998s] -- Up-to-date: /root/r2ware/install/autoware_auto_system_msgs/include/autoware_auto_system_msgs/msg
[56.998s] -- Up-to-date: /root/r2ware/install/autoware_auto_system_msgs/include/autoware_auto_system_msgs/msg/detail
[56.998s] -- Installing: /root/r2ware/install/autoware_auto_system_msgs/include/autoware_auto_system_msgs/msg/detail/hazard_status__rosidl_typesupport_introspection_cpp.hpp
[56.998s] -- Installing: /root/r2ware/install/autoware_auto_system_msgs/include/autoware_auto_system_msgs/msg/detail/diagnostic_header__rosidl_typesupport_introspection_cpp.hpp
[56.998s] -- Installing: /root/r2ware/install/autoware_auto_system_msgs/include/autoware_auto_system_msgs/msg/detail/diagnostic_header__type_support.cpp
[56.998s] -- Installing: /root/r2ware/install/autoware_auto_system_msgs/include/autoware_auto_system_msgs/msg/detail/hazard_status_stamped__type_support.cpp
[56.998s] -- Installing: /root/r2ware/install/autoware_auto_system_msgs/include/autoware_auto_system_msgs/msg/detail/driving_capability__type_support.cpp
[56.998s] -- Installing: /root/r2ware/install/autoware_auto_system_msgs/include/autoware_auto_system_msgs/msg/detail/autoware_state__type_support.cpp
[57.000s] -- Installing: /root/r2ware/install/autoware_auto_system_msgs/include/autoware_auto_system_msgs/msg/detail/emergency_state__rosidl_typesupport_introspection_cpp.hpp
[57.000s] -- Installing: /root/r2ware/install/autoware_auto_system_msgs/include/autoware_auto_system_msgs/msg/detail/driving_capability__rosidl_typesupport_introspection_cpp.hpp
[57.000s] -- Installing: /root/r2ware/install/autoware_auto_system_msgs/include/autoware_auto_system_msgs/msg/detail/hazard_status_stamped__rosidl_typesupport_introspection_cpp.hpp
[57.001s] -- Installing: /root/r2ware/install/autoware_auto_system_msgs/include/autoware_auto_system_msgs/msg/detail/control_diagnostic__type_support.cpp
[57.001s] -- Installing: /root/r2ware/install/autoware_auto_system_msgs/include/autoware_auto_system_msgs/msg/detail/control_diagnostic__rosidl_typesupport_introspection_cpp.hpp
[57.001s] -- Installing: /root/r2ware/install/autoware_auto_system_msgs/include/autoware_auto_system_msgs/msg/detail/autoware_state__rosidl_typesupport_introspection_cpp.hpp
[57.001s] -- Installing: /root/r2ware/install/autoware_auto_system_msgs/include/autoware_auto_system_msgs/msg/detail/emergency_state__type_support.cpp
[57.001s] -- Installing: /root/r2ware/install/autoware_auto_system_msgs/include/autoware_auto_system_msgs/msg/detail/hazard_status__type_support.cpp
[57.001s] -- Installing: /root/r2ware/install/autoware_auto_system_msgs/lib/libautoware_auto_system_msgs__rosidl_typesupport_introspection_cpp.so
[57.001s] -- Set runtime path of "/root/r2ware/install/autoware_auto_system_msgs/lib/libautoware_auto_system_msgs__rosidl_typesupport_introspection_cpp.so" to ""
[57.001s] -- Installing: /root/r2ware/install/autoware_auto_system_msgs/lib/libautoware_auto_system_msgs__rosidl_typesupport_cpp.so
[57.002s] -- Set runtime path of "/root/r2ware/install/autoware_auto_system_msgs/lib/libautoware_auto_system_msgs__rosidl_typesupport_cpp.so" to ""
[57.002s] -- Installing: /root/r2ware/install/autoware_auto_system_msgs/share/autoware_auto_system_msgs/environment/pythonpath.sh
[57.002s] -- Installing: /root/r2ware/install/autoware_auto_system_msgs/share/autoware_auto_system_msgs/environment/pythonpath.dsv
[57.002s] -- Installing: /root/r2ware/install/autoware_auto_system_msgs/lib/python3.8/site-packages/autoware_auto_system_msgs/__init__.py
[57.091s] Compiling '/root/r2ware/install/autoware_auto_system_msgs/lib/python3.8/site-packages/autoware_auto_system_msgs/__init__.py'...
[57.105s] -- Installing: /root/r2ware/install/autoware_auto_system_msgs/lib/python3.8/site-packages/autoware_auto_system_msgs/msg
[57.106s] -- Installing: /root/r2ware/install/autoware_auto_system_msgs/lib/python3.8/site-packages/autoware_auto_system_msgs/msg/__init__.py
[57.106s] -- Installing: /root/r2ware/install/autoware_auto_system_msgs/lib/python3.8/site-packages/autoware_auto_system_msgs/msg/_hazard_status.py
[57.106s] -- Installing: /root/r2ware/install/autoware_auto_system_msgs/lib/python3.8/site-packages/autoware_auto_system_msgs/msg/_autoware_state_s.c
[57.106s] -- Installing: /root/r2ware/install/autoware_auto_system_msgs/lib/python3.8/site-packages/autoware_auto_system_msgs/msg/_emergency_state.py
[57.107s] -- Installing: /root/r2ware/install/autoware_auto_system_msgs/lib/python3.8/site-packages/autoware_auto_system_msgs/msg/_autoware_state.py
[57.107s] -- Installing: /root/r2ware/install/autoware_auto_system_msgs/lib/python3.8/site-packages/autoware_auto_system_msgs/msg/_driving_capability.py
[57.107s] -- Installing: /root/r2ware/install/autoware_auto_system_msgs/lib/python3.8/site-packages/autoware_auto_system_msgs/msg/_hazard_status_stamped.py
[57.107s] -- Installing: /root/r2ware/install/autoware_auto_system_msgs/lib/python3.8/site-packages/autoware_auto_system_msgs/msg/_driving_capability_s.c
[57.107s] -- Installing: /root/r2ware/install/autoware_auto_system_msgs/lib/python3.8/site-packages/autoware_auto_system_msgs/msg/_control_diagnostic_s.c
[57.108s] -- Installing: /root/r2ware/install/autoware_auto_system_msgs/lib/python3.8/site-packages/autoware_auto_system_msgs/msg/_hazard_status_stamped_s.c
[57.108s] -- Installing: /root/r2ware/install/autoware_auto_system_msgs/lib/python3.8/site-packages/autoware_auto_system_msgs/msg/_hazard_status_s.c
[57.108s] -- Installing: /root/r2ware/install/autoware_auto_system_msgs/lib/python3.8/site-packages/autoware_auto_system_msgs/msg/_control_diagnostic.py
[57.109s] -- Installing: /root/r2ware/install/autoware_auto_system_msgs/lib/python3.8/site-packages/autoware_auto_system_msgs/msg/_diagnostic_header.py
[57.109s] -- Installing: /root/r2ware/install/autoware_auto_system_msgs/lib/python3.8/site-packages/autoware_auto_system_msgs/msg/_emergency_state_s.c
[57.109s] -- Installing: /root/r2ware/install/autoware_auto_system_msgs/lib/python3.8/site-packages/autoware_auto_system_msgs/msg/_diagnostic_header_s.c
[57.110s] -- Installing: /root/r2ware/install/autoware_auto_system_msgs/lib/python3.8/site-packages/autoware_auto_system_msgs/autoware_auto_system_msgs_s__rosidl_typesupport_fastrtps_c.cpython-38-aarch64-linux-gnu.so
[57.111s] -- Set runtime path of "/root/r2ware/install/autoware_auto_system_msgs/lib/python3.8/site-packages/autoware_auto_system_msgs/autoware_auto_system_msgs_s__rosidl_typesupport_fastrtps_c.cpython-38-aarch64-linux-gnu.so" to ""
[57.112s] -- Installing: /root/r2ware/install/autoware_auto_system_msgs/lib/python3.8/site-packages/autoware_auto_system_msgs/autoware_auto_system_msgs_s__rosidl_typesupport_introspection_c.cpython-38-aarch64-linux-gnu.so
[57.113s] -- Set runtime path of "/root/r2ware/install/autoware_auto_system_msgs/lib/python3.8/site-packages/autoware_auto_system_msgs/autoware_auto_system_msgs_s__rosidl_typesupport_introspection_c.cpython-38-aarch64-linux-gnu.so" to ""
[57.114s] -- Installing: /root/r2ware/install/autoware_auto_system_msgs/lib/python3.8/site-packages/autoware_auto_system_msgs/autoware_auto_system_msgs_s__rosidl_typesupport_c.cpython-38-aarch64-linux-gnu.so
[57.115s] -- Set runtime path of "/root/r2ware/install/autoware_auto_system_msgs/lib/python3.8/site-packages/autoware_auto_system_msgs/autoware_auto_system_msgs_s__rosidl_typesupport_c.cpython-38-aarch64-linux-gnu.so" to ""
[57.115s] -- Installing: /root/r2ware/install/autoware_auto_system_msgs/lib/libautoware_auto_system_msgs__python.so
[57.116s] -- Set runtime path of "/root/r2ware/install/autoware_auto_system_msgs/lib/libautoware_auto_system_msgs__python.so" to ""
[57.116s] -- Installing: /root/r2ware/install/autoware_auto_system_msgs/share/autoware_auto_system_msgs/msg/AutowareState.idl
[57.117s] -- Installing: /root/r2ware/install/autoware_auto_system_msgs/share/autoware_auto_system_msgs/msg/ControlDiagnostic.idl
[57.117s] -- Installing: /root/r2ware/install/autoware_auto_system_msgs/share/autoware_auto_system_msgs/msg/DiagnosticHeader.idl
[57.118s] -- Installing: /root/r2ware/install/autoware_auto_system_msgs/share/autoware_auto_system_msgs/msg/DrivingCapability.idl
[57.118s] -- Installing: /root/r2ware/install/autoware_auto_system_msgs/share/autoware_auto_system_msgs/msg/EmergencyState.idl
[57.118s] -- Installing: /root/r2ware/install/autoware_auto_system_msgs/share/autoware_auto_system_msgs/msg/HazardStatus.idl
[57.119s] -- Installing: /root/r2ware/install/autoware_auto_system_msgs/share/autoware_auto_system_msgs/msg/HazardStatusStamped.idl
[57.119s] -- Installing: /root/r2ware/install/autoware_auto_system_msgs/share/ament_index/resource_index/package_run_dependencies/autoware_auto_system_msgs
[57.120s] -- Installing: /root/r2ware/install/autoware_auto_system_msgs/share/ament_index/resource_index/parent_prefix_path/autoware_auto_system_msgs
[57.120s] -- Installing: /root/r2ware/install/autoware_auto_system_msgs/share/autoware_auto_system_msgs/environment/ament_prefix_path.sh
[57.120s] -- Installing: /root/r2ware/install/autoware_auto_system_msgs/share/autoware_auto_system_msgs/environment/ament_prefix_path.dsv
[57.121s] -- Installing: /root/r2ware/install/autoware_auto_system_msgs/share/autoware_auto_system_msgs/environment/path.sh
[57.121s] -- Installing: /root/r2ware/install/autoware_auto_system_msgs/share/autoware_auto_system_msgs/environment/path.dsv
[57.122s] -- Installing: /root/r2ware/install/autoware_auto_system_msgs/share/autoware_auto_system_msgs/local_setup.bash
[57.122s] -- Installing: /root/r2ware/install/autoware_auto_system_msgs/share/autoware_auto_system_msgs/local_setup.sh
[57.122s] -- Installing: /root/r2ware/install/autoware_auto_system_msgs/share/autoware_auto_system_msgs/local_setup.zsh
[57.123s] -- Installing: /root/r2ware/install/autoware_auto_system_msgs/share/autoware_auto_system_msgs/local_setup.dsv
[57.123s] -- Installing: /root/r2ware/install/autoware_auto_system_msgs/share/autoware_auto_system_msgs/package.dsv
[57.123s] -- Installing: /root/r2ware/install/autoware_auto_system_msgs/share/ament_index/resource_index/packages/autoware_auto_system_msgs
[57.124s] -- Installing: /root/r2ware/install/autoware_auto_system_msgs/share/autoware_auto_system_msgs/cmake/autoware_auto_system_msgs__rosidl_generator_cExport.cmake
[57.124s] -- Installing: /root/r2ware/install/autoware_auto_system_msgs/share/autoware_auto_system_msgs/cmake/autoware_auto_system_msgs__rosidl_generator_cExport-noconfig.cmake
[57.125s] -- Installing: /root/r2ware/install/autoware_auto_system_msgs/share/autoware_auto_system_msgs/cmake/autoware_auto_system_msgs__rosidl_typesupport_introspection_cExport.cmake
[57.125s] -- Installing: /root/r2ware/install/autoware_auto_system_msgs/share/autoware_auto_system_msgs/cmake/autoware_auto_system_msgs__rosidl_typesupport_introspection_cExport-noconfig.cmake
[57.126s] -- Installing: /root/r2ware/install/autoware_auto_system_msgs/share/autoware_auto_system_msgs/cmake/autoware_auto_system_msgs__rosidl_typesupport_cExport.cmake
[57.126s] -- Installing: /root/r2ware/install/autoware_auto_system_msgs/share/autoware_auto_system_msgs/cmake/autoware_auto_system_msgs__rosidl_typesupport_cExport-noconfig.cmake
[57.127s] -- Installing: /root/r2ware/install/autoware_auto_system_msgs/share/autoware_auto_system_msgs/cmake/autoware_auto_system_msgs__rosidl_generator_cppExport.cmake
[57.127s] -- Installing: /root/r2ware/install/autoware_auto_system_msgs/share/autoware_auto_system_msgs/cmake/autoware_auto_system_msgs__rosidl_typesupport_introspection_cppExport.cmake
[57.128s] -- Installing: /root/r2ware/install/autoware_auto_system_msgs/share/autoware_auto_system_msgs/cmake/autoware_auto_system_msgs__rosidl_typesupport_introspection_cppExport-noconfig.cmake
[57.129s] -- Installing: /root/r2ware/install/autoware_auto_system_msgs/share/autoware_auto_system_msgs/cmake/autoware_auto_system_msgs__rosidl_typesupport_cppExport.cmake
[57.130s] -- Installing: /root/r2ware/install/autoware_auto_system_msgs/share/autoware_auto_system_msgs/cmake/autoware_auto_system_msgs__rosidl_typesupport_cppExport-noconfig.cmake
[57.131s] -- Installing: /root/r2ware/install/autoware_auto_system_msgs/share/autoware_auto_system_msgs/cmake/rosidl_cmake-extras.cmake
[57.132s] -- Installing: /root/r2ware/install/autoware_auto_system_msgs/share/autoware_auto_system_msgs/cmake/ament_cmake_export_dependencies-extras.cmake
[57.133s] -- Installing: /root/r2ware/install/autoware_auto_system_msgs/share/autoware_auto_system_msgs/cmake/ament_cmake_export_libraries-extras.cmake
[57.134s] -- Installing: /root/r2ware/install/autoware_auto_system_msgs/share/autoware_auto_system_msgs/cmake/ament_cmake_export_targets-extras.cmake
[57.135s] -- Installing: /root/r2ware/install/autoware_auto_system_msgs/share/autoware_auto_system_msgs/cmake/ament_cmake_export_include_directories-extras.cmake
[57.135s] -- Installing: /root/r2ware/install/autoware_auto_system_msgs/share/autoware_auto_system_msgs/cmake/rosidl_cmake_export_typesupport_libraries-extras.cmake
[57.136s] -- Installing: /root/r2ware/install/autoware_auto_system_msgs/share/autoware_auto_system_msgs/cmake/rosidl_cmake_export_typesupport_targets-extras.cmake
[57.137s] -- Installing: /root/r2ware/install/autoware_auto_system_msgs/share/autoware_auto_system_msgs/cmake/autoware_auto_system_msgsConfig.cmake
[57.138s] -- Installing: /root/r2ware/install/autoware_auto_system_msgs/share/autoware_auto_system_msgs/cmake/autoware_auto_system_msgsConfig-version.cmake
[57.139s] -- Installing: /root/r2ware/install/autoware_auto_system_msgs/share/autoware_auto_system_msgs/package.xml
[57.155s] Invoked command in '/root/r2ware/build/autoware_auto_system_msgs' returned '0': CMAKE_PREFIX_PATH=${CMAKE_PREFIX_PATH}:/root/yahboomcar_ros2_ws/yahboomcar_ws/install/yahboomcar_voice_ctrl:/root/yahboomcar_ros2_ws/yahboomcar_ws/install/yahboomcar_visual:/root/yahboomcar_ros2_ws/yahboomcar_ws/install/yahboomcar_nav:/root/yahboomcar_ros2_ws/yahboomcar_ws/install/yahboomcar_multi:/root/yahboomcar_ros2_ws/yahboomcar_ws/install/yahboomcar_mediapipe:/root/yahboomcar_ros2_ws/yahboomcar_ws/install/yahboomcar_linefollow:/root/yahboomcar_ros2_ws/yahboomcar_ws/install/yahboomcar_laser:/root/yahboomcar_ros2_ws/yahboomcar_ws/install/yahboomcar_description_x1:/root/yahboomcar_ros2_ws/yahboomcar_ws/install/yahboomcar_description:/root/yahboomcar_ros2_ws/yahboomcar_ws/install/yahboomcar_ctrl:/root/yahboomcar_ros2_ws/yahboomcar_ws/install/yahboomcar_bringup:/root/yahboomcar_ros2_ws/yahboomcar_ws/install/yahboomcar_astra:/root/yahboomcar_ros2_ws/yahboomcar_ws/install/yahboom_app_save_map:/root/yahboomcar_ros2_ws/yahboomcar_ws/install/robot_pose_publisher:/root/yahboomcar_ros2_ws/yahboomcar_ws/install/laserscan_to_point_pulisher:/opt/ros/foxy /usr/bin/cmake --install /root/r2ware/build/autoware_auto_system_msgs
