[0.259s] Invoking command in '/root/r2ware/build/autoware_auto_geometry_msgs': CMAKE_PREFIX_PATH=${CMAKE_PREFIX_PATH}:/root/yahboomcar_ros2_ws/yahboomcar_ws/install/yahboomcar_voice_ctrl:/root/yahboomcar_ros2_ws/yahboomcar_ws/install/yahboomcar_visual:/root/yahboomcar_ros2_ws/yahboomcar_ws/install/yahboomcar_nav:/root/yahboomcar_ros2_ws/yahboomcar_ws/install/yahboomcar_multi:/root/yahboomcar_ros2_ws/yahboomcar_ws/install/yahboomcar_mediapipe:/root/yahboomcar_ros2_ws/yahboomcar_ws/install/yahboomcar_linefollow:/root/yahboomcar_ros2_ws/yahboomcar_ws/install/yahboomcar_laser:/root/yahboomcar_ros2_ws/yahboomcar_ws/install/yahboomcar_description_x1:/root/yahboomcar_ros2_ws/yahboomcar_ws/install/yahboomcar_description:/root/yahboomcar_ros2_ws/yahboomcar_ws/install/yahboomcar_ctrl:/root/yahboomcar_ros2_ws/yahboomcar_ws/install/yahboomcar_bringup:/root/yahboomcar_ros2_ws/yahboomcar_ws/install/yahboomcar_astra:/root/yahboomcar_ros2_ws/yahboomcar_ws/install/yahboom_app_save_map:/root/yahboomcar_ros2_ws/yahboomcar_ws/install/robot_pose_publisher:/root/yahboomcar_ros2_ws/yahboomcar_ws/install/laserscan_to_point_pulisher:/opt/ros/foxy /usr/bin/cmake /root/r2ware/src/autoware_dependencies/core/external/autoware_auto_msgs/autoware_auto_geometry_msgs -DCMAKE_INSTALL_PREFIX=/root/r2ware/install/autoware_auto_geometry_msgs
[0.575s] -- The C compiler identification is GNU 9.4.0
[0.833s] -- The CXX compiler identification is GNU 9.4.0
[0.855s] -- Check for working C compiler: /usr/bin/cc
[1.156s] -- Check for working C compiler: /usr/bin/cc -- works
[1.159s] -- Detecting C compiler ABI info
[1.429s] -- Detecting C compiler ABI info - done
[1.453s] -- Detecting C compile features
[1.453s] -- Detecting C compile features - done
[1.460s] -- Check for working CXX compiler: /usr/bin/c++
[1.731s] -- Check for working CXX compiler: /usr/bin/c++ -- works
[1.738s] -- Detecting CXX compiler ABI info
[2.017s] -- Detecting CXX compiler ABI info - done
[2.044s] -- Detecting CXX compile features
[2.045s] -- Detecting CXX compile features - done
[2.088s] -- Found ament_cmake_auto: 0.9.11 (/opt/ros/foxy/share/ament_cmake_auto/cmake)
[2.261s] -- Found PythonInterp: /usr/bin/python3 (found suitable version "3.8.10", minimum required is "3") 
[2.262s] -- Using PYTHON_EXECUTABLE: /usr/bin/python3
[3.430s] -- Using all available rosidl_typesupport_c: rosidl_typesupport_fastrtps_c;rosidl_typesupport_introspection_c
[3.507s] -- Found rosidl_adapter: 1.3.0 (/opt/ros/foxy/share/rosidl_adapter/cmake)
[4.217s] -- Found OpenSSL: /usr/lib/aarch64-linux-gnu/libcrypto.so (found version "1.1.1f")  
[4.412s] -- Found FastRTPS: /opt/ros/foxy/include  
[4.906s] -- Using all available rosidl_typesupport_cpp: rosidl_typesupport_fastrtps_cpp;rosidl_typesupport_introspection_cpp
[5.427s] -- Found ament_cmake_cppcheck: 0.9.7 (/opt/ros/foxy/share/ament_cmake_cppcheck/cmake)
[5.452s] -- Found ament_cmake_cpplint: 0.9.7 (/opt/ros/foxy/share/ament_cmake_cpplint/cmake)
[5.472s] -- Found ament_cmake_uncrustify: 0.9.7 (/opt/ros/foxy/share/ament_cmake_uncrustify/cmake)
[5.492s] -- Found ament_cmake_ros: 0.9.2 (/opt/ros/foxy/share/ament_cmake_ros/cmake)
[6.200s] -- Using all available rosidl_typesupport_c: rosidl_typesupport_fastrtps_c;rosidl_typesupport_introspection_c
[6.458s] -- Using all available rosidl_typesupport_cpp: rosidl_typesupport_fastrtps_cpp;rosidl_typesupport_introspection_cpp
[6.568s] -- Found PythonInterp: /usr/bin/python3 (found suitable version "3.8.10", minimum required is "3.5") 
[6.587s] -- Found python_cmake_module: 0.8.1 (/opt/ros/foxy/share/python_cmake_module/cmake)
[6.670s] -- Found PythonLibs: /usr/lib/aarch64-linux-gnu/libpython3.8.so (found suitable version "3.8.10", minimum required is "3.5") 
[6.670s] -- Using PYTHON_EXECUTABLE: /usr/bin/python3
[6.671s] -- Using PYTHON_INCLUDE_DIRS: /usr/include/python3.8
[6.671s] -- Using PYTHON_LIBRARIES: /usr/lib/aarch64-linux-gnu/libpython3.8.so
[6.743s] -- Found PythonExtra: .so  
[7.113s] -- Found ament_cmake_flake8: 0.9.7 (/opt/ros/foxy/share/ament_cmake_flake8/cmake)
[7.132s] -- Found ament_cmake_pep257: 0.9.7 (/opt/ros/foxy/share/ament_cmake_pep257/cmake)
[7.154s] -- Found ament_lint_auto: 0.9.7 (/opt/ros/foxy/share/ament_lint_auto/cmake)
[7.248s] -- Added test 'copyright' to check source files copyright and LICENSE
[7.250s] -- Added test 'lint_cmake' to check CMake code style
[7.255s] -- Added test 'xmllint' to check XML markup files
[7.276s] -- Configuring done
[7.463s] -- Generating done
[7.469s] -- Build files have been written to: /root/r2ware/build/autoware_auto_geometry_msgs
[7.539s] Invoked command in '/root/r2ware/build/autoware_auto_geometry_msgs' returned '0': CMAKE_PREFIX_PATH=${CMAKE_PREFIX_PATH}:/root/yahboomcar_ros2_ws/yahboomcar_ws/install/yahboomcar_voice_ctrl:/root/yahboomcar_ros2_ws/yahboomcar_ws/install/yahboomcar_visual:/root/yahboomcar_ros2_ws/yahboomcar_ws/install/yahboomcar_nav:/root/yahboomcar_ros2_ws/yahboomcar_ws/install/yahboomcar_multi:/root/yahboomcar_ros2_ws/yahboomcar_ws/install/yahboomcar_mediapipe:/root/yahboomcar_ros2_ws/yahboomcar_ws/install/yahboomcar_linefollow:/root/yahboomcar_ros2_ws/yahboomcar_ws/install/yahboomcar_laser:/root/yahboomcar_ros2_ws/yahboomcar_ws/install/yahboomcar_description_x1:/root/yahboomcar_ros2_ws/yahboomcar_ws/install/yahboomcar_description:/root/yahboomcar_ros2_ws/yahboomcar_ws/install/yahboomcar_ctrl:/root/yahboomcar_ros2_ws/yahboomcar_ws/install/yahboomcar_bringup:/root/yahboomcar_ros2_ws/yahboomcar_ws/install/yahboomcar_astra:/root/yahboomcar_ros2_ws/yahboomcar_ws/install/yahboom_app_save_map:/root/yahboomcar_ros2_ws/yahboomcar_ws/install/robot_pose_publisher:/root/yahboomcar_ros2_ws/yahboomcar_ws/install/laserscan_to_point_pulisher:/opt/ros/foxy /usr/bin/cmake /root/r2ware/src/autoware_dependencies/core/external/autoware_auto_msgs/autoware_auto_geometry_msgs -DCMAKE_INSTALL_PREFIX=/root/r2ware/install/autoware_auto_geometry_msgs
[7.540s] Invoking command in '/root/r2ware/build/autoware_auto_geometry_msgs': CMAKE_PREFIX_PATH=${CMAKE_PREFIX_PATH}:/root/yahboomcar_ros2_ws/yahboomcar_ws/install/yahboomcar_voice_ctrl:/root/yahboomcar_ros2_ws/yahboomcar_ws/install/yahboomcar_visual:/root/yahboomcar_ros2_ws/yahboomcar_ws/install/yahboomcar_nav:/root/yahboomcar_ros2_ws/yahboomcar_ws/install/yahboomcar_multi:/root/yahboomcar_ros2_ws/yahboomcar_ws/install/yahboomcar_mediapipe:/root/yahboomcar_ros2_ws/yahboomcar_ws/install/yahboomcar_linefollow:/root/yahboomcar_ros2_ws/yahboomcar_ws/install/yahboomcar_laser:/root/yahboomcar_ros2_ws/yahboomcar_ws/install/yahboomcar_description_x1:/root/yahboomcar_ros2_ws/yahboomcar_ws/install/yahboomcar_description:/root/yahboomcar_ros2_ws/yahboomcar_ws/install/yahboomcar_ctrl:/root/yahboomcar_ros2_ws/yahboomcar_ws/install/yahboomcar_bringup:/root/yahboomcar_ros2_ws/yahboomcar_ws/install/yahboomcar_astra:/root/yahboomcar_ros2_ws/yahboomcar_ws/install/yahboom_app_save_map:/root/yahboomcar_ros2_ws/yahboomcar_ws/install/robot_pose_publisher:/root/yahboomcar_ros2_ws/yahboomcar_ws/install/laserscan_to_point_pulisher:/opt/ros/foxy /usr/bin/cmake --build /root/r2ware/build/autoware_auto_geometry_msgs -- -j8 -l8
[11.134s] [35m[1mScanning dependencies of target autoware_auto_geometry_msgs__cpp[0m
[11.135s] [  2%] [34m[1mGenerating C code for ROS interfaces[0m
[11.135s] [  4%] [34m[1mGenerating C++ code for ROS interfaces[0m
[11.135s] [  4%] Built target autoware_auto_geometry_msgs__cpp
[11.136s] [  6%] [34m[1mGenerating C++ type support dispatch for ROS interfaces[0m
[11.136s] [  8%] [34m[1mGenerating C++ type support for eProsima Fast-RTPS[0m
[11.136s] [ 10%] [34m[1mGenerating C++ introspection for ROS interfaces[0m
[11.136s] [35m[1mScanning dependencies of target autoware_auto_geometry_msgs__rosidl_generator_c[0m
[11.136s] [ 12%] [32mBuilding C object CMakeFiles/autoware_auto_geometry_msgs__rosidl_generator_c.dir/rosidl_generator_c/autoware_auto_geometry_msgs/msg/detail/complex32__functions.c.o[0m
[11.136s] [ 14%] [32mBuilding C object CMakeFiles/autoware_auto_geometry_msgs__rosidl_generator_c.dir/rosidl_generator_c/autoware_auto_geometry_msgs/msg/detail/quaternion32__functions.c.o[0m
[11.137s] [ 17%] [32mBuilding C object CMakeFiles/autoware_auto_geometry_msgs__rosidl_generator_c.dir/rosidl_generator_c/autoware_auto_geometry_msgs/msg/detail/relative_position_with_covariance_stamped__functions.c.o[0m
[11.398s] [ 19%] [32m[1mLinking C shared library libautoware_auto_geometry_msgs__rosidl_generator_c.so[0m
[11.832s] [ 19%] Built target autoware_auto_geometry_msgs__rosidl_generator_c
[12.006s] [ 21%] [34m[1mGenerating C type support dispatch for ROS interfaces[0m
[12.010s] [ 23%] [34m[1mGenerating C introspection for ROS interfaces[0m
[13.238s] [35m[1mScanning dependencies of target autoware_auto_geometry_msgs__rosidl_typesupport_cpp[0m
[13.430s] [ 25%] [32mBuilding CXX object CMakeFiles/autoware_auto_geometry_msgs__rosidl_typesupport_cpp.dir/rosidl_typesupport_cpp/autoware_auto_geometry_msgs/msg/complex32__type_support.cpp.o[0m
[13.474s] [ 27%] [32mBuilding CXX object CMakeFiles/autoware_auto_geometry_msgs__rosidl_typesupport_cpp.dir/rosidl_typesupport_cpp/autoware_auto_geometry_msgs/msg/quaternion32__type_support.cpp.o[0m
[13.485s] [ 29%] [32mBuilding CXX object CMakeFiles/autoware_auto_geometry_msgs__rosidl_typesupport_cpp.dir/rosidl_typesupport_cpp/autoware_auto_geometry_msgs/msg/relative_position_with_covariance_stamped__type_support.cpp.o[0m
[13.549s] [35m[1mScanning dependencies of target autoware_auto_geometry_msgs__rosidl_typesupport_introspection_cpp[0m
[13.875s] [ 31%] [32mBuilding CXX object CMakeFiles/autoware_auto_geometry_msgs__rosidl_typesupport_introspection_cpp.dir/rosidl_typesupport_introspection_cpp/autoware_auto_geometry_msgs/msg/detail/complex32__type_support.cpp.o[0m
[13.934s] [ 34%] [32mBuilding CXX object CMakeFiles/autoware_auto_geometry_msgs__rosidl_typesupport_introspection_cpp.dir/rosidl_typesupport_introspection_cpp/autoware_auto_geometry_msgs/msg/detail/quaternion32__type_support.cpp.o[0m
[14.124s] [35m[1mScanning dependencies of target autoware_auto_geometry_msgs__rosidl_typesupport_fastrtps_cpp[0m
[14.388s] [ 36%] [32mBuilding CXX object CMakeFiles/autoware_auto_geometry_msgs__rosidl_typesupport_fastrtps_cpp.dir/rosidl_typesupport_fastrtps_cpp/autoware_auto_geometry_msgs/msg/detail/dds_fastrtps/complex32__type_support.cpp.o[0m
[16.142s] [35m[1mScanning dependencies of target autoware_auto_geometry_msgs__rosidl_typesupport_c[0m
[16.303s] [35m[1mScanning dependencies of target autoware_auto_geometry_msgs__rosidl_typesupport_introspection_c[0m
[16.495s] [ 38%] [32mBuilding CXX object CMakeFiles/autoware_auto_geometry_msgs__rosidl_typesupport_c.dir/rosidl_typesupport_c/autoware_auto_geometry_msgs/msg/complex32__type_support.cpp.o[0m
[16.562s] [ 40%] [32mBuilding CXX object CMakeFiles/autoware_auto_geometry_msgs__rosidl_typesupport_introspection_cpp.dir/rosidl_typesupport_introspection_cpp/autoware_auto_geometry_msgs/msg/detail/relative_position_with_covariance_stamped__type_support.cpp.o[0m
[16.566s] [ 42%] [32mBuilding C object CMakeFiles/autoware_auto_geometry_msgs__rosidl_typesupport_introspection_c.dir/rosidl_typesupport_introspection_c/autoware_auto_geometry_msgs/msg/detail/complex32__type_support.c.o[0m
[16.913s] [ 44%] [32mBuilding C object CMakeFiles/autoware_auto_geometry_msgs__rosidl_typesupport_introspection_c.dir/rosidl_typesupport_introspection_c/autoware_auto_geometry_msgs/msg/detail/quaternion32__type_support.c.o[0m
[16.962s] [ 46%] [32mBuilding CXX object CMakeFiles/autoware_auto_geometry_msgs__rosidl_typesupport_c.dir/rosidl_typesupport_c/autoware_auto_geometry_msgs/msg/quaternion32__type_support.cpp.o[0m
[17.043s] [ 48%] [32mBuilding C object CMakeFiles/autoware_auto_geometry_msgs__rosidl_typesupport_introspection_c.dir/rosidl_typesupport_introspection_c/autoware_auto_geometry_msgs/msg/detail/relative_position_with_covariance_stamped__type_support.c.o[0m
[17.349s] [ 51%] [32mBuilding CXX object CMakeFiles/autoware_auto_geometry_msgs__rosidl_typesupport_c.dir/rosidl_typesupport_c/autoware_auto_geometry_msgs/msg/relative_position_with_covariance_stamped__type_support.cpp.o[0m
[17.402s] [ 53%] [32mBuilding CXX object CMakeFiles/autoware_auto_geometry_msgs__rosidl_typesupport_fastrtps_cpp.dir/rosidl_typesupport_fastrtps_cpp/autoware_auto_geometry_msgs/msg/detail/dds_fastrtps/quaternion32__type_support.cpp.o[0m
[17.530s] [ 55%] [32m[1mLinking C shared library libautoware_auto_geometry_msgs__rosidl_typesupport_introspection_c.so[0m
[17.826s] [ 57%] [32m[1mLinking CXX shared library libautoware_auto_geometry_msgs__rosidl_typesupport_c.so[0m
[18.024s] [ 59%] [32m[1mLinking CXX shared library libautoware_auto_geometry_msgs__rosidl_typesupport_cpp.so[0m
[18.031s] [ 59%] Built target autoware_auto_geometry_msgs__rosidl_typesupport_introspection_c
[18.162s] [ 61%] [32mBuilding CXX object CMakeFiles/autoware_auto_geometry_msgs__rosidl_typesupport_fastrtps_cpp.dir/rosidl_typesupport_fastrtps_cpp/autoware_auto_geometry_msgs/msg/detail/dds_fastrtps/relative_position_with_covariance_stamped__type_support.cpp.o[0m
[18.395s] [ 61%] Built target autoware_auto_geometry_msgs__rosidl_typesupport_c
[18.570s] [ 61%] Built target autoware_auto_geometry_msgs__rosidl_typesupport_cpp
[19.626s] [ 63%] [32m[1mLinking CXX shared library libautoware_auto_geometry_msgs__rosidl_typesupport_introspection_cpp.so[0m
[20.586s] [ 63%] Built target autoware_auto_geometry_msgs__rosidl_typesupport_introspection_cpp
[22.774s] [ 65%] [32m[1mLinking CXX shared library libautoware_auto_geometry_msgs__rosidl_typesupport_fastrtps_cpp.so[0m
[23.315s] [ 65%] Built target autoware_auto_geometry_msgs__rosidl_typesupport_fastrtps_cpp
[23.412s] [ 68%] [34m[1mGenerating C type support for eProsima Fast-RTPS[0m
[26.118s] [35m[1mScanning dependencies of target autoware_auto_geometry_msgs__rosidl_typesupport_fastrtps_c[0m
[26.263s] [ 70%] [32mBuilding CXX object CMakeFiles/autoware_auto_geometry_msgs__rosidl_typesupport_fastrtps_c.dir/rosidl_typesupport_fastrtps_c/autoware_auto_geometry_msgs/msg/detail/complex32__type_support_c.cpp.o[0m
[27.788s] [ 72%] [32mBuilding CXX object CMakeFiles/autoware_auto_geometry_msgs__rosidl_typesupport_fastrtps_c.dir/rosidl_typesupport_fastrtps_c/autoware_auto_geometry_msgs/msg/detail/relative_position_with_covariance_stamped__type_support_c.cpp.o[0m
[29.363s] [ 74%] [32mBuilding CXX object CMakeFiles/autoware_auto_geometry_msgs__rosidl_typesupport_fastrtps_c.dir/rosidl_typesupport_fastrtps_c/autoware_auto_geometry_msgs/msg/detail/quaternion32__type_support_c.cpp.o[0m
[30.986s] [ 76%] [32m[1mLinking CXX shared library libautoware_auto_geometry_msgs__rosidl_typesupport_fastrtps_c.so[0m
[31.519s] [ 76%] Built target autoware_auto_geometry_msgs__rosidl_typesupport_fastrtps_c
[31.611s] [35m[1mScanning dependencies of target autoware_auto_geometry_msgs[0m
[31.704s] [ 76%] Built target autoware_auto_geometry_msgs
[31.792s] [35m[1mScanning dependencies of target autoware_auto_geometry_msgs__py[0m
[31.905s] [ 78%] [34m[1mGenerating Python code for ROS interfaces[0m
[34.191s] [ 78%] Built target autoware_auto_geometry_msgs__py
[34.238s] [35m[1mScanning dependencies of target autoware_auto_geometry_msgs__python[0m
[34.378s] [ 80%] [32mBuilding C object CMakeFiles/autoware_auto_geometry_msgs__python.dir/rosidl_generator_py/autoware_auto_geometry_msgs/msg/_complex32_s.c.o[0m
[34.711s] [ 82%] [32mBuilding C object CMakeFiles/autoware_auto_geometry_msgs__python.dir/rosidl_generator_py/autoware_auto_geometry_msgs/msg/_relative_position_with_covariance_stamped_s.c.o[0m
[35.041s] [ 85%] [32mBuilding C object CMakeFiles/autoware_auto_geometry_msgs__python.dir/rosidl_generator_py/autoware_auto_geometry_msgs/msg/_quaternion32_s.c.o[0m
[35.370s] [ 87%] [32m[1mLinking C shared library rosidl_generator_py/autoware_auto_geometry_msgs/libautoware_auto_geometry_msgs__python.so[0m
[35.619s] [ 87%] Built target autoware_auto_geometry_msgs__python
[35.674s] [35m[1mScanning dependencies of target autoware_auto_geometry_msgs__rosidl_typesupport_introspection_c__pyext[0m
[35.761s] [ 89%] [32mBuilding C object CMakeFiles/autoware_auto_geometry_msgs__rosidl_typesupport_introspection_c__pyext.dir/rosidl_generator_py/autoware_auto_geometry_msgs/_autoware_auto_geometry_msgs_s.ep.rosidl_typesupport_introspection_c.c.o[0m
[36.056s] [ 91%] [32m[1mLinking C shared library rosidl_generator_py/autoware_auto_geometry_msgs/autoware_auto_geometry_msgs_s__rosidl_typesupport_introspection_c.cpython-38-aarch64-linux-gnu.so[0m
[36.274s] [ 91%] Built target autoware_auto_geometry_msgs__rosidl_typesupport_introspection_c__pyext
[36.313s] [35m[1mScanning dependencies of target autoware_auto_geometry_msgs__rosidl_typesupport_c__pyext[0m
[36.376s] [ 93%] [32mBuilding C object CMakeFiles/autoware_auto_geometry_msgs__rosidl_typesupport_c__pyext.dir/rosidl_generator_py/autoware_auto_geometry_msgs/_autoware_auto_geometry_msgs_s.ep.rosidl_typesupport_c.c.o[0m
[36.638s] [ 95%] [32m[1mLinking C shared library rosidl_generator_py/autoware_auto_geometry_msgs/autoware_auto_geometry_msgs_s__rosidl_typesupport_c.cpython-38-aarch64-linux-gnu.so[0m
[36.785s] [ 95%] Built target autoware_auto_geometry_msgs__rosidl_typesupport_c__pyext
[36.823s] [35m[1mScanning dependencies of target autoware_auto_geometry_msgs__rosidl_typesupport_fastrtps_c__pyext[0m
[36.891s] [ 97%] [32mBuilding C object CMakeFiles/autoware_auto_geometry_msgs__rosidl_typesupport_fastrtps_c__pyext.dir/rosidl_generator_py/autoware_auto_geometry_msgs/_autoware_auto_geometry_msgs_s.ep.rosidl_typesupport_fastrtps_c.c.o[0m
[37.194s] [100%] [32m[1mLinking CXX shared library rosidl_generator_py/autoware_auto_geometry_msgs/autoware_auto_geometry_msgs_s__rosidl_typesupport_fastrtps_c.cpython-38-aarch64-linux-gnu.so[0m
[37.445s] [100%] Built target autoware_auto_geometry_msgs__rosidl_typesupport_fastrtps_c__pyext
[37.489s] Invoked command in '/root/r2ware/build/autoware_auto_geometry_msgs' returned '0': CMAKE_PREFIX_PATH=${CMAKE_PREFIX_PATH}:/root/yahboomcar_ros2_ws/yahboomcar_ws/install/yahboomcar_voice_ctrl:/root/yahboomcar_ros2_ws/yahboomcar_ws/install/yahboomcar_visual:/root/yahboomcar_ros2_ws/yahboomcar_ws/install/yahboomcar_nav:/root/yahboomcar_ros2_ws/yahboomcar_ws/install/yahboomcar_multi:/root/yahboomcar_ros2_ws/yahboomcar_ws/install/yahboomcar_mediapipe:/root/yahboomcar_ros2_ws/yahboomcar_ws/install/yahboomcar_linefollow:/root/yahboomcar_ros2_ws/yahboomcar_ws/install/yahboomcar_laser:/root/yahboomcar_ros2_ws/yahboomcar_ws/install/yahboomcar_description_x1:/root/yahboomcar_ros2_ws/yahboomcar_ws/install/yahboomcar_description:/root/yahboomcar_ros2_ws/yahboomcar_ws/install/yahboomcar_ctrl:/root/yahboomcar_ros2_ws/yahboomcar_ws/install/yahboomcar_bringup:/root/yahboomcar_ros2_ws/yahboomcar_ws/install/yahboomcar_astra:/root/yahboomcar_ros2_ws/yahboomcar_ws/install/yahboom_app_save_map:/root/yahboomcar_ros2_ws/yahboomcar_ws/install/robot_pose_publisher:/root/yahboomcar_ros2_ws/yahboomcar_ws/install/laserscan_to_point_pulisher:/opt/ros/foxy /usr/bin/cmake --build /root/r2ware/build/autoware_auto_geometry_msgs -- -j8 -l8
[38.200s] Invoking command in '/root/r2ware/build/autoware_auto_geometry_msgs': CMAKE_PREFIX_PATH=${CMAKE_PREFIX_PATH}:/root/yahboomcar_ros2_ws/yahboomcar_ws/install/yahboomcar_voice_ctrl:/root/yahboomcar_ros2_ws/yahboomcar_ws/install/yahboomcar_visual:/root/yahboomcar_ros2_ws/yahboomcar_ws/install/yahboomcar_nav:/root/yahboomcar_ros2_ws/yahboomcar_ws/install/yahboomcar_multi:/root/yahboomcar_ros2_ws/yahboomcar_ws/install/yahboomcar_mediapipe:/root/yahboomcar_ros2_ws/yahboomcar_ws/install/yahboomcar_linefollow:/root/yahboomcar_ros2_ws/yahboomcar_ws/install/yahboomcar_laser:/root/yahboomcar_ros2_ws/yahboomcar_ws/install/yahboomcar_description_x1:/root/yahboomcar_ros2_ws/yahboomcar_ws/install/yahboomcar_description:/root/yahboomcar_ros2_ws/yahboomcar_ws/install/yahboomcar_ctrl:/root/yahboomcar_ros2_ws/yahboomcar_ws/install/yahboomcar_bringup:/root/yahboomcar_ros2_ws/yahboomcar_ws/install/yahboomcar_astra:/root/yahboomcar_ros2_ws/yahboomcar_ws/install/yahboom_app_save_map:/root/yahboomcar_ros2_ws/yahboomcar_ws/install/robot_pose_publisher:/root/yahboomcar_ros2_ws/yahboomcar_ws/install/laserscan_to_point_pulisher:/opt/ros/foxy /usr/bin/cmake --install /root/r2ware/build/autoware_auto_geometry_msgs
[38.758s] -- Install configuration: ""
[38.758s] -- Installing: /root/r2ware/install/autoware_auto_geometry_msgs/share/ament_index/resource_index/rosidl_interfaces/autoware_auto_geometry_msgs
[38.758s] -- Installing: /root/r2ware/install/autoware_auto_geometry_msgs/include/autoware_auto_geometry_msgs
[38.758s] -- Installing: /root/r2ware/install/autoware_auto_geometry_msgs/include/autoware_auto_geometry_msgs/msg
[38.758s] -- Installing: /root/r2ware/install/autoware_auto_geometry_msgs/include/autoware_auto_geometry_msgs/msg/rosidl_generator_c__visibility_control.h
[38.758s] -- Installing: /root/r2ware/install/autoware_auto_geometry_msgs/include/autoware_auto_geometry_msgs/msg/relative_position_with_covariance_stamped.h
[38.759s] -- Installing: /root/r2ware/install/autoware_auto_geometry_msgs/include/autoware_auto_geometry_msgs/msg/quaternion32.h
[38.759s] -- Installing: /root/r2ware/install/autoware_auto_geometry_msgs/include/autoware_auto_geometry_msgs/msg/detail
[38.759s] -- Installing: /root/r2ware/install/autoware_auto_geometry_msgs/include/autoware_auto_geometry_msgs/msg/detail/quaternion32__functions.c
[38.759s] -- Installing: /root/r2ware/install/autoware_auto_geometry_msgs/include/autoware_auto_geometry_msgs/msg/detail/relative_position_with_covariance_stamped__type_support.h
[38.759s] -- Installing: /root/r2ware/install/autoware_auto_geometry_msgs/include/autoware_auto_geometry_msgs/msg/detail/complex32__functions.h
[38.759s] -- Installing: /root/r2ware/install/autoware_auto_geometry_msgs/include/autoware_auto_geometry_msgs/msg/detail/quaternion32__struct.h
[38.759s] -- Installing: /root/r2ware/install/autoware_auto_geometry_msgs/include/autoware_auto_geometry_msgs/msg/detail/complex32__struct.h
[38.759s] -- Installing: /root/r2ware/install/autoware_auto_geometry_msgs/include/autoware_auto_geometry_msgs/msg/detail/relative_position_with_covariance_stamped__struct.h
[38.759s] -- Installing: /root/r2ware/install/autoware_auto_geometry_msgs/include/autoware_auto_geometry_msgs/msg/detail/complex32__functions.c
[38.760s] -- Installing: /root/r2ware/install/autoware_auto_geometry_msgs/include/autoware_auto_geometry_msgs/msg/detail/relative_position_with_covariance_stamped__functions.h
[38.760s] -- Installing: /root/r2ware/install/autoware_auto_geometry_msgs/include/autoware_auto_geometry_msgs/msg/detail/quaternion32__functions.h
[38.760s] -- Installing: /root/r2ware/install/autoware_auto_geometry_msgs/include/autoware_auto_geometry_msgs/msg/detail/quaternion32__type_support.h
[38.760s] -- Installing: /root/r2ware/install/autoware_auto_geometry_msgs/include/autoware_auto_geometry_msgs/msg/detail/relative_position_with_covariance_stamped__functions.c
[38.760s] -- Installing: /root/r2ware/install/autoware_auto_geometry_msgs/include/autoware_auto_geometry_msgs/msg/detail/complex32__type_support.h
[38.760s] -- Installing: /root/r2ware/install/autoware_auto_geometry_msgs/include/autoware_auto_geometry_msgs/msg/complex32.h
[38.760s] -- Installing: /root/r2ware/install/autoware_auto_geometry_msgs/share/autoware_auto_geometry_msgs/environment/library_path.sh
[38.760s] -- Installing: /root/r2ware/install/autoware_auto_geometry_msgs/share/autoware_auto_geometry_msgs/environment/library_path.dsv
[38.760s] -- Installing: /root/r2ware/install/autoware_auto_geometry_msgs/lib/libautoware_auto_geometry_msgs__rosidl_generator_c.so
[38.761s] -- Set runtime path of "/root/r2ware/install/autoware_auto_geometry_msgs/lib/libautoware_auto_geometry_msgs__rosidl_generator_c.so" to ""
[38.761s] -- Up-to-date: /root/r2ware/install/autoware_auto_geometry_msgs/include/autoware_auto_geometry_msgs
[38.761s] -- Up-to-date: /root/r2ware/install/autoware_auto_geometry_msgs/include/autoware_auto_geometry_msgs/msg
[38.761s] -- Installing: /root/r2ware/install/autoware_auto_geometry_msgs/include/autoware_auto_geometry_msgs/msg/rosidl_typesupport_fastrtps_c__visibility_control.h
[38.761s] -- Up-to-date: /root/r2ware/install/autoware_auto_geometry_msgs/include/autoware_auto_geometry_msgs/msg/detail
[38.761s] -- Installing: /root/r2ware/install/autoware_auto_geometry_msgs/include/autoware_auto_geometry_msgs/msg/detail/relative_position_with_covariance_stamped__rosidl_typesupport_fastrtps_c.h
[38.763s] -- Installing: /root/r2ware/install/autoware_auto_geometry_msgs/include/autoware_auto_geometry_msgs/msg/detail/quaternion32__rosidl_typesupport_fastrtps_c.h
[38.763s] -- Installing: /root/r2ware/install/autoware_auto_geometry_msgs/include/autoware_auto_geometry_msgs/msg/detail/complex32__rosidl_typesupport_fastrtps_c.h
[38.763s] -- Installing: /root/r2ware/install/autoware_auto_geometry_msgs/lib/libautoware_auto_geometry_msgs__rosidl_typesupport_fastrtps_c.so
[38.763s] -- Set runtime path of "/root/r2ware/install/autoware_auto_geometry_msgs/lib/libautoware_auto_geometry_msgs__rosidl_typesupport_fastrtps_c.so" to ""
[38.763s] -- Up-to-date: /root/r2ware/install/autoware_auto_geometry_msgs/include/autoware_auto_geometry_msgs
[38.763s] -- Up-to-date: /root/r2ware/install/autoware_auto_geometry_msgs/include/autoware_auto_geometry_msgs/msg
[38.763s] -- Installing: /root/r2ware/install/autoware_auto_geometry_msgs/include/autoware_auto_geometry_msgs/msg/rosidl_typesupport_fastrtps_cpp__visibility_control.h
[38.764s] -- Up-to-date: /root/r2ware/install/autoware_auto_geometry_msgs/include/autoware_auto_geometry_msgs/msg/detail
[38.764s] -- Installing: /root/r2ware/install/autoware_auto_geometry_msgs/include/autoware_auto_geometry_msgs/msg/detail/complex32__rosidl_typesupport_fastrtps_cpp.hpp
[38.764s] -- Installing: /root/r2ware/install/autoware_auto_geometry_msgs/include/autoware_auto_geometry_msgs/msg/detail/dds_fastrtps
[38.764s] -- Installing: /root/r2ware/install/autoware_auto_geometry_msgs/include/autoware_auto_geometry_msgs/msg/detail/quaternion32__rosidl_typesupport_fastrtps_cpp.hpp
[38.764s] -- Installing: /root/r2ware/install/autoware_auto_geometry_msgs/include/autoware_auto_geometry_msgs/msg/detail/relative_position_with_covariance_stamped__rosidl_typesupport_fastrtps_cpp.hpp
[38.764s] -- Installing: /root/r2ware/install/autoware_auto_geometry_msgs/lib/libautoware_auto_geometry_msgs__rosidl_typesupport_fastrtps_cpp.so
[38.764s] -- Set runtime path of "/root/r2ware/install/autoware_auto_geometry_msgs/lib/libautoware_auto_geometry_msgs__rosidl_typesupport_fastrtps_cpp.so" to ""
[38.764s] -- Up-to-date: /root/r2ware/install/autoware_auto_geometry_msgs/include/autoware_auto_geometry_msgs
[38.765s] -- Up-to-date: /root/r2ware/install/autoware_auto_geometry_msgs/include/autoware_auto_geometry_msgs/msg
[38.765s] -- Installing: /root/r2ware/install/autoware_auto_geometry_msgs/include/autoware_auto_geometry_msgs/msg/rosidl_typesupport_introspection_c__visibility_control.h
[38.765s] -- Up-to-date: /root/r2ware/install/autoware_auto_geometry_msgs/include/autoware_auto_geometry_msgs/msg/detail
[38.765s] -- Installing: /root/r2ware/install/autoware_auto_geometry_msgs/include/autoware_auto_geometry_msgs/msg/detail/complex32__type_support.c
[38.805s] -- Installing: /root/r2ware/install/autoware_auto_geometry_msgs/include/autoware_auto_geometry_msgs/msg/detail/complex32__rosidl_typesupport_introspection_c.h
[38.806s] -- Installing: /root/r2ware/install/autoware_auto_geometry_msgs/include/autoware_auto_geometry_msgs/msg/detail/relative_position_with_covariance_stamped__rosidl_typesupport_introspection_c.h
[38.806s] -- Installing: /root/r2ware/install/autoware_auto_geometry_msgs/include/autoware_auto_geometry_msgs/msg/detail/quaternion32__type_support.c
[38.806s] -- Installing: /root/r2ware/install/autoware_auto_geometry_msgs/include/autoware_auto_geometry_msgs/msg/detail/relative_position_with_covariance_stamped__type_support.c
[38.806s] -- Installing: /root/r2ware/install/autoware_auto_geometry_msgs/include/autoware_auto_geometry_msgs/msg/detail/quaternion32__rosidl_typesupport_introspection_c.h
[38.806s] -- Installing: /root/r2ware/install/autoware_auto_geometry_msgs/lib/libautoware_auto_geometry_msgs__rosidl_typesupport_introspection_c.so
[38.806s] -- Set runtime path of "/root/r2ware/install/autoware_auto_geometry_msgs/lib/libautoware_auto_geometry_msgs__rosidl_typesupport_introspection_c.so" to ""
[38.807s] -- Installing: /root/r2ware/install/autoware_auto_geometry_msgs/lib/libautoware_auto_geometry_msgs__rosidl_typesupport_c.so
[38.807s] -- Set runtime path of "/root/r2ware/install/autoware_auto_geometry_msgs/lib/libautoware_auto_geometry_msgs__rosidl_typesupport_c.so" to ""
[38.807s] -- Up-to-date: /root/r2ware/install/autoware_auto_geometry_msgs/include/autoware_auto_geometry_msgs
[38.807s] -- Up-to-date: /root/r2ware/install/autoware_auto_geometry_msgs/include/autoware_auto_geometry_msgs/msg
[38.807s] -- Installing: /root/r2ware/install/autoware_auto_geometry_msgs/include/autoware_auto_geometry_msgs/msg/relative_position_with_covariance_stamped.hpp
[38.807s] -- Installing: /root/r2ware/install/autoware_auto_geometry_msgs/include/autoware_auto_geometry_msgs/msg/complex32.hpp
[38.807s] -- Up-to-date: /root/r2ware/install/autoware_auto_geometry_msgs/include/autoware_auto_geometry_msgs/msg/detail
[38.808s] -- Installing: /root/r2ware/install/autoware_auto_geometry_msgs/include/autoware_auto_geometry_msgs/msg/detail/complex32__builder.hpp
[38.808s] -- Installing: /root/r2ware/install/autoware_auto_geometry_msgs/include/autoware_auto_geometry_msgs/msg/detail/relative_position_with_covariance_stamped__traits.hpp
[38.808s] -- Installing: /root/r2ware/install/autoware_auto_geometry_msgs/include/autoware_auto_geometry_msgs/msg/detail/quaternion32__traits.hpp
[38.808s] -- Installing: /root/r2ware/install/autoware_auto_geometry_msgs/include/autoware_auto_geometry_msgs/msg/detail/quaternion32__builder.hpp
[38.808s] -- Installing: /root/r2ware/install/autoware_auto_geometry_msgs/include/autoware_auto_geometry_msgs/msg/detail/quaternion32__struct.hpp
[38.808s] -- Installing: /root/r2ware/install/autoware_auto_geometry_msgs/include/autoware_auto_geometry_msgs/msg/detail/relative_position_with_covariance_stamped__struct.hpp
[38.808s] -- Installing: /root/r2ware/install/autoware_auto_geometry_msgs/include/autoware_auto_geometry_msgs/msg/detail/complex32__traits.hpp
[38.808s] -- Installing: /root/r2ware/install/autoware_auto_geometry_msgs/include/autoware_auto_geometry_msgs/msg/detail/relative_position_with_covariance_stamped__builder.hpp
[38.808s] -- Installing: /root/r2ware/install/autoware_auto_geometry_msgs/include/autoware_auto_geometry_msgs/msg/detail/complex32__struct.hpp
[38.809s] -- Installing: /root/r2ware/install/autoware_auto_geometry_msgs/include/autoware_auto_geometry_msgs/msg/quaternion32.hpp
[38.809s] -- Up-to-date: /root/r2ware/install/autoware_auto_geometry_msgs/include/autoware_auto_geometry_msgs
[38.809s] -- Up-to-date: /root/r2ware/install/autoware_auto_geometry_msgs/include/autoware_auto_geometry_msgs/msg
[38.809s] -- Up-to-date: /root/r2ware/install/autoware_auto_geometry_msgs/include/autoware_auto_geometry_msgs/msg/detail
[38.809s] -- Installing: /root/r2ware/install/autoware_auto_geometry_msgs/include/autoware_auto_geometry_msgs/msg/detail/complex32__rosidl_typesupport_introspection_cpp.hpp
[38.809s] -- Installing: /root/r2ware/install/autoware_auto_geometry_msgs/include/autoware_auto_geometry_msgs/msg/detail/quaternion32__rosidl_typesupport_introspection_cpp.hpp
[38.809s] -- Installing: /root/r2ware/install/autoware_auto_geometry_msgs/include/autoware_auto_geometry_msgs/msg/detail/complex32__type_support.cpp
[38.809s] -- Installing: /root/r2ware/install/autoware_auto_geometry_msgs/include/autoware_auto_geometry_msgs/msg/detail/relative_position_with_covariance_stamped__type_support.cpp
[38.810s] -- Installing: /root/r2ware/install/autoware_auto_geometry_msgs/include/autoware_auto_geometry_msgs/msg/detail/quaternion32__type_support.cpp
[38.810s] -- Installing: /root/r2ware/install/autoware_auto_geometry_msgs/include/autoware_auto_geometry_msgs/msg/detail/relative_position_with_covariance_stamped__rosidl_typesupport_introspection_cpp.hpp
[38.810s] -- Installing: /root/r2ware/install/autoware_auto_geometry_msgs/lib/libautoware_auto_geometry_msgs__rosidl_typesupport_introspection_cpp.so
[38.810s] -- Set runtime path of "/root/r2ware/install/autoware_auto_geometry_msgs/lib/libautoware_auto_geometry_msgs__rosidl_typesupport_introspection_cpp.so" to ""
[38.810s] -- Installing: /root/r2ware/install/autoware_auto_geometry_msgs/lib/libautoware_auto_geometry_msgs__rosidl_typesupport_cpp.so
[38.810s] -- Set runtime path of "/root/r2ware/install/autoware_auto_geometry_msgs/lib/libautoware_auto_geometry_msgs__rosidl_typesupport_cpp.so" to ""
[38.810s] -- Installing: /root/r2ware/install/autoware_auto_geometry_msgs/share/autoware_auto_geometry_msgs/environment/pythonpath.sh
[38.810s] -- Installing: /root/r2ware/install/autoware_auto_geometry_msgs/share/autoware_auto_geometry_msgs/environment/pythonpath.dsv
[38.811s] -- Installing: /root/r2ware/install/autoware_auto_geometry_msgs/lib/python3.8/site-packages/autoware_auto_geometry_msgs/__init__.py
[38.811s] Compiling '/root/r2ware/install/autoware_auto_geometry_msgs/lib/python3.8/site-packages/autoware_auto_geometry_msgs/__init__.py'...
[38.811s] -- Installing: /root/r2ware/install/autoware_auto_geometry_msgs/lib/python3.8/site-packages/autoware_auto_geometry_msgs/msg
[38.811s] -- Installing: /root/r2ware/install/autoware_auto_geometry_msgs/lib/python3.8/site-packages/autoware_auto_geometry_msgs/msg/__init__.py
[38.811s] -- Installing: /root/r2ware/install/autoware_auto_geometry_msgs/lib/python3.8/site-packages/autoware_auto_geometry_msgs/msg/_quaternion32.py
[38.811s] -- Installing: /root/r2ware/install/autoware_auto_geometry_msgs/lib/python3.8/site-packages/autoware_auto_geometry_msgs/msg/_complex32_s.c
[38.811s] -- Installing: /root/r2ware/install/autoware_auto_geometry_msgs/lib/python3.8/site-packages/autoware_auto_geometry_msgs/msg/_relative_position_with_covariance_stamped.py
[38.811s] -- Installing: /root/r2ware/install/autoware_auto_geometry_msgs/lib/python3.8/site-packages/autoware_auto_geometry_msgs/msg/_quaternion32_s.c
[38.812s] -- Installing: /root/r2ware/install/autoware_auto_geometry_msgs/lib/python3.8/site-packages/autoware_auto_geometry_msgs/msg/_relative_position_with_covariance_stamped_s.c
[38.812s] -- Installing: /root/r2ware/install/autoware_auto_geometry_msgs/lib/python3.8/site-packages/autoware_auto_geometry_msgs/msg/_complex32.py
[38.812s] -- Installing: /root/r2ware/install/autoware_auto_geometry_msgs/lib/python3.8/site-packages/autoware_auto_geometry_msgs/autoware_auto_geometry_msgs_s__rosidl_typesupport_fastrtps_c.cpython-38-aarch64-linux-gnu.so
[38.812s] -- Set runtime path of "/root/r2ware/install/autoware_auto_geometry_msgs/lib/python3.8/site-packages/autoware_auto_geometry_msgs/autoware_auto_geometry_msgs_s__rosidl_typesupport_fastrtps_c.cpython-38-aarch64-linux-gnu.so" to ""
[38.812s] -- Installing: /root/r2ware/install/autoware_auto_geometry_msgs/lib/python3.8/site-packages/autoware_auto_geometry_msgs/autoware_auto_geometry_msgs_s__rosidl_typesupport_introspection_c.cpython-38-aarch64-linux-gnu.so
[38.812s] -- Set runtime path of "/root/r2ware/install/autoware_auto_geometry_msgs/lib/python3.8/site-packages/autoware_auto_geometry_msgs/autoware_auto_geometry_msgs_s__rosidl_typesupport_introspection_c.cpython-38-aarch64-linux-gnu.so" to ""
[38.812s] -- Installing: /root/r2ware/install/autoware_auto_geometry_msgs/lib/python3.8/site-packages/autoware_auto_geometry_msgs/autoware_auto_geometry_msgs_s__rosidl_typesupport_c.cpython-38-aarch64-linux-gnu.so
[38.812s] -- Set runtime path of "/root/r2ware/install/autoware_auto_geometry_msgs/lib/python3.8/site-packages/autoware_auto_geometry_msgs/autoware_auto_geometry_msgs_s__rosidl_typesupport_c.cpython-38-aarch64-linux-gnu.so" to ""
[38.812s] -- Installing: /root/r2ware/install/autoware_auto_geometry_msgs/lib/libautoware_auto_geometry_msgs__python.so
[38.813s] -- Set runtime path of "/root/r2ware/install/autoware_auto_geometry_msgs/lib/libautoware_auto_geometry_msgs__python.so" to ""
[38.813s] -- Installing: /root/r2ware/install/autoware_auto_geometry_msgs/share/autoware_auto_geometry_msgs/msg/Complex32.idl
[38.813s] -- Installing: /root/r2ware/install/autoware_auto_geometry_msgs/share/autoware_auto_geometry_msgs/msg/Quaternion32.idl
[38.813s] -- Installing: /root/r2ware/install/autoware_auto_geometry_msgs/share/autoware_auto_geometry_msgs/msg/RelativePositionWithCovarianceStamped.idl
[38.813s] -- Installing: /root/r2ware/install/autoware_auto_geometry_msgs/share/ament_index/resource_index/package_run_dependencies/autoware_auto_geometry_msgs
[38.813s] -- Installing: /root/r2ware/install/autoware_auto_geometry_msgs/share/ament_index/resource_index/parent_prefix_path/autoware_auto_geometry_msgs
[38.813s] -- Installing: /root/r2ware/install/autoware_auto_geometry_msgs/share/autoware_auto_geometry_msgs/environment/ament_prefix_path.sh
[38.814s] -- Installing: /root/r2ware/install/autoware_auto_geometry_msgs/share/autoware_auto_geometry_msgs/environment/ament_prefix_path.dsv
[38.814s] -- Installing: /root/r2ware/install/autoware_auto_geometry_msgs/share/autoware_auto_geometry_msgs/environment/path.sh
[38.814s] -- Installing: /root/r2ware/install/autoware_auto_geometry_msgs/share/autoware_auto_geometry_msgs/environment/path.dsv
[38.814s] -- Installing: /root/r2ware/install/autoware_auto_geometry_msgs/share/autoware_auto_geometry_msgs/local_setup.bash
[38.814s] -- Installing: /root/r2ware/install/autoware_auto_geometry_msgs/share/autoware_auto_geometry_msgs/local_setup.sh
[38.814s] -- Installing: /root/r2ware/install/autoware_auto_geometry_msgs/share/autoware_auto_geometry_msgs/local_setup.zsh
[38.814s] -- Installing: /root/r2ware/install/autoware_auto_geometry_msgs/share/autoware_auto_geometry_msgs/local_setup.dsv
[38.814s] -- Installing: /root/r2ware/install/autoware_auto_geometry_msgs/share/autoware_auto_geometry_msgs/package.dsv
[38.814s] -- Installing: /root/r2ware/install/autoware_auto_geometry_msgs/share/ament_index/resource_index/packages/autoware_auto_geometry_msgs
[38.815s] -- Installing: /root/r2ware/install/autoware_auto_geometry_msgs/share/autoware_auto_geometry_msgs/cmake/autoware_auto_geometry_msgs__rosidl_generator_cExport.cmake
[38.815s] -- Installing: /root/r2ware/install/autoware_auto_geometry_msgs/share/autoware_auto_geometry_msgs/cmake/autoware_auto_geometry_msgs__rosidl_generator_cExport-noconfig.cmake
[38.815s] -- Installing: /root/r2ware/install/autoware_auto_geometry_msgs/share/autoware_auto_geometry_msgs/cmake/autoware_auto_geometry_msgs__rosidl_typesupport_introspection_cExport.cmake
[38.815s] -- Installing: /root/r2ware/install/autoware_auto_geometry_msgs/share/autoware_auto_geometry_msgs/cmake/autoware_auto_geometry_msgs__rosidl_typesupport_introspection_cExport-noconfig.cmake
[38.815s] -- Installing: /root/r2ware/install/autoware_auto_geometry_msgs/share/autoware_auto_geometry_msgs/cmake/autoware_auto_geometry_msgs__rosidl_typesupport_cExport.cmake
[38.815s] -- Installing: /root/r2ware/install/autoware_auto_geometry_msgs/share/autoware_auto_geometry_msgs/cmake/autoware_auto_geometry_msgs__rosidl_typesupport_cExport-noconfig.cmake
[38.815s] -- Installing: /root/r2ware/install/autoware_auto_geometry_msgs/share/autoware_auto_geometry_msgs/cmake/autoware_auto_geometry_msgs__rosidl_generator_cppExport.cmake
[38.815s] -- Installing: /root/r2ware/install/autoware_auto_geometry_msgs/share/autoware_auto_geometry_msgs/cmake/autoware_auto_geometry_msgs__rosidl_typesupport_introspection_cppExport.cmake
[38.816s] -- Installing: /root/r2ware/install/autoware_auto_geometry_msgs/share/autoware_auto_geometry_msgs/cmake/autoware_auto_geometry_msgs__rosidl_typesupport_introspection_cppExport-noconfig.cmake
[38.816s] -- Installing: /root/r2ware/install/autoware_auto_geometry_msgs/share/autoware_auto_geometry_msgs/cmake/autoware_auto_geometry_msgs__rosidl_typesupport_cppExport.cmake
[38.816s] -- Installing: /root/r2ware/install/autoware_auto_geometry_msgs/share/autoware_auto_geometry_msgs/cmake/autoware_auto_geometry_msgs__rosidl_typesupport_cppExport-noconfig.cmake
[38.816s] -- Installing: /root/r2ware/install/autoware_auto_geometry_msgs/share/autoware_auto_geometry_msgs/cmake/rosidl_cmake-extras.cmake
[38.816s] -- Installing: /root/r2ware/install/autoware_auto_geometry_msgs/share/autoware_auto_geometry_msgs/cmake/ament_cmake_export_dependencies-extras.cmake
[38.816s] -- Installing: /root/r2ware/install/autoware_auto_geometry_msgs/share/autoware_auto_geometry_msgs/cmake/ament_cmake_export_libraries-extras.cmake
[38.816s] -- Installing: /root/r2ware/install/autoware_auto_geometry_msgs/share/autoware_auto_geometry_msgs/cmake/ament_cmake_export_targets-extras.cmake
[38.816s] -- Installing: /root/r2ware/install/autoware_auto_geometry_msgs/share/autoware_auto_geometry_msgs/cmake/ament_cmake_export_include_directories-extras.cmake
[38.816s] -- Installing: /root/r2ware/install/autoware_auto_geometry_msgs/share/autoware_auto_geometry_msgs/cmake/rosidl_cmake_export_typesupport_libraries-extras.cmake
[38.817s] -- Installing: /root/r2ware/install/autoware_auto_geometry_msgs/share/autoware_auto_geometry_msgs/cmake/rosidl_cmake_export_typesupport_targets-extras.cmake
[38.817s] -- Installing: /root/r2ware/install/autoware_auto_geometry_msgs/share/autoware_auto_geometry_msgs/cmake/autoware_auto_geometry_msgsConfig.cmake
[38.817s] -- Installing: /root/r2ware/install/autoware_auto_geometry_msgs/share/autoware_auto_geometry_msgs/cmake/autoware_auto_geometry_msgsConfig-version.cmake
[38.817s] -- Installing: /root/r2ware/install/autoware_auto_geometry_msgs/share/autoware_auto_geometry_msgs/package.xml
[38.878s] Invoked command in '/root/r2ware/build/autoware_auto_geometry_msgs' returned '0': CMAKE_PREFIX_PATH=${CMAKE_PREFIX_PATH}:/root/yahboomcar_ros2_ws/yahboomcar_ws/install/yahboomcar_voice_ctrl:/root/yahboomcar_ros2_ws/yahboomcar_ws/install/yahboomcar_visual:/root/yahboomcar_ros2_ws/yahboomcar_ws/install/yahboomcar_nav:/root/yahboomcar_ros2_ws/yahboomcar_ws/install/yahboomcar_multi:/root/yahboomcar_ros2_ws/yahboomcar_ws/install/yahboomcar_mediapipe:/root/yahboomcar_ros2_ws/yahboomcar_ws/install/yahboomcar_linefollow:/root/yahboomcar_ros2_ws/yahboomcar_ws/install/yahboomcar_laser:/root/yahboomcar_ros2_ws/yahboomcar_ws/install/yahboomcar_description_x1:/root/yahboomcar_ros2_ws/yahboomcar_ws/install/yahboomcar_description:/root/yahboomcar_ros2_ws/yahboomcar_ws/install/yahboomcar_ctrl:/root/yahboomcar_ros2_ws/yahboomcar_ws/install/yahboomcar_bringup:/root/yahboomcar_ros2_ws/yahboomcar_ws/install/yahboomcar_astra:/root/yahboomcar_ros2_ws/yahboomcar_ws/install/yahboom_app_save_map:/root/yahboomcar_ros2_ws/yahboomcar_ws/install/robot_pose_publisher:/root/yahboomcar_ros2_ws/yahboomcar_ws/install/laserscan_to_point_pulisher:/opt/ros/foxy /usr/bin/cmake --install /root/r2ware/build/autoware_auto_geometry_msgs
