-- Found ament_cmake_auto: 0.9.11 (/opt/ros/foxy/share/ament_cmake_auto/cmake)
-- Found PythonInterp: /usr/bin/python3 (found suitable version "3.8.10", minimum required is "3") 
-- Using PYTHON_EXECUTABLE: /usr/bin/python3
-- Using all available rosidl_typesupport_c: rosidl_typesupport_fastrtps_c;rosidl_typesupport_introspection_c
-- Found rosidl_adapter: 1.3.0 (/opt/ros/foxy/share/rosidl_adapter/cmake)
-- Using all available rosidl_typesupport_cpp: rosidl_typesupport_fastrtps_cpp;rosidl_typesupport_introspection_cpp
-- Found PythonInterp: /usr/bin/python3 (found version "3.8.10") 
-- Found ament_cmake_ros: 0.9.2 (/opt/ros/foxy/share/ament_cmake_ros/cmake)
-- Using all available rosidl_typesupport_c: rosidl_typesupport_fastrtps_c;rosidl_typesupport_introspection_c
-- Using all available rosidl_typesupport_cpp: rosidl_typesupport_fastrtps_cpp;rosidl_typesupport_introspection_cpp
-- Found PythonInterp: /usr/bin/python3 (found suitable version "3.8.10", minimum required is "3.5") 
-- Found python_cmake_module: 0.8.1 (/opt/ros/foxy/share/python_cmake_module/cmake)
-- Using PYTHON_EXECUTABLE: /usr/bin/python3
-- Using PYTHON_INCLUDE_DIRS: /usr/include/python3.8
-- Using PYTHON_LIBRARIES: /usr/lib/aarch64-linux-gnu/libpython3.8.so
-- Configuring done
-- Generating done
-- Build files have been written to: /root/r2ware/build/autoware_common_msgs
[  9%] Built target autoware_common_msgs__rosidl_generator_c
[ 12%] Built target autoware_common_msgs__cpp
[ 22%] Built target autoware_common_msgs__rosidl_typesupport_introspection_cpp
[ 32%] Built target autoware_common_msgs__rosidl_typesupport_c
[ 41%] Built target autoware_common_msgs__rosidl_typesupport_introspection_c
[ 51%] Built target autoware_common_msgs__rosidl_typesupport_cpp
[ 61%] Built target autoware_common_msgs__rosidl_typesupport_fastrtps_cpp
[ 70%] Built target autoware_common_msgs__rosidl_typesupport_fastrtps_c
[ 70%] Built target autoware_common_msgs
[ 74%] Built target autoware_common_msgs__py
[ 80%] Built target autoware_common_msgs__python
[ 87%] Built target autoware_common_msgs__rosidl_typesupport_fastrtps_c__pyext
[ 93%] Built target autoware_common_msgs__rosidl_typesupport_introspection_c__pyext
[100%] Built target autoware_common_msgs__rosidl_typesupport_c__pyext
-- Install configuration: ""
-- Up-to-date: /root/r2ware/install/autoware_common_msgs/share/ament_index/resource_index/rosidl_interfaces/autoware_common_msgs
-- Up-to-date: /root/r2ware/install/autoware_common_msgs/include/autoware_common_msgs
-- Up-to-date: /root/r2ware/install/autoware_common_msgs/include/autoware_common_msgs/msg
-- Up-to-date: /root/r2ware/install/autoware_common_msgs/include/autoware_common_msgs/msg/rosidl_generator_c__visibility_control.h
-- Up-to-date: /root/r2ware/install/autoware_common_msgs/include/autoware_common_msgs/msg/detail
-- Up-to-date: /root/r2ware/install/autoware_common_msgs/include/autoware_common_msgs/msg/detail/response_status__type_support.h
-- Up-to-date: /root/r2ware/install/autoware_common_msgs/include/autoware_common_msgs/msg/detail/response_status__functions.h
-- Up-to-date: /root/r2ware/install/autoware_common_msgs/include/autoware_common_msgs/msg/detail/response_status__functions.c
-- Up-to-date: /root/r2ware/install/autoware_common_msgs/include/autoware_common_msgs/msg/detail/response_status__struct.h
-- Up-to-date: /root/r2ware/install/autoware_common_msgs/include/autoware_common_msgs/msg/response_status.h
-- Up-to-date: /root/r2ware/install/autoware_common_msgs/share/autoware_common_msgs/environment/library_path.sh
-- Installing: /root/r2ware/install/autoware_common_msgs/share/autoware_common_msgs/environment/library_path.dsv
-- Up-to-date: /root/r2ware/install/autoware_common_msgs/lib/libautoware_common_msgs__rosidl_generator_c.so
-- Up-to-date: /root/r2ware/install/autoware_common_msgs/include/autoware_common_msgs
-- Up-to-date: /root/r2ware/install/autoware_common_msgs/include/autoware_common_msgs/msg
-- Up-to-date: /root/r2ware/install/autoware_common_msgs/include/autoware_common_msgs/msg/rosidl_typesupport_fastrtps_c__visibility_control.h
-- Up-to-date: /root/r2ware/install/autoware_common_msgs/include/autoware_common_msgs/msg/detail
-- Up-to-date: /root/r2ware/install/autoware_common_msgs/include/autoware_common_msgs/msg/detail/response_status__rosidl_typesupport_fastrtps_c.h
-- Up-to-date: /root/r2ware/install/autoware_common_msgs/lib/libautoware_common_msgs__rosidl_typesupport_fastrtps_c.so
-- Up-to-date: /root/r2ware/install/autoware_common_msgs/include/autoware_common_msgs
-- Up-to-date: /root/r2ware/install/autoware_common_msgs/include/autoware_common_msgs/msg
-- Up-to-date: /root/r2ware/install/autoware_common_msgs/include/autoware_common_msgs/msg/rosidl_typesupport_fastrtps_cpp__visibility_control.h
-- Up-to-date: /root/r2ware/install/autoware_common_msgs/include/autoware_common_msgs/msg/detail
-- Up-to-date: /root/r2ware/install/autoware_common_msgs/include/autoware_common_msgs/msg/detail/dds_fastrtps
-- Up-to-date: /root/r2ware/install/autoware_common_msgs/include/autoware_common_msgs/msg/detail/response_status__rosidl_typesupport_fastrtps_cpp.hpp
-- Up-to-date: /root/r2ware/install/autoware_common_msgs/lib/libautoware_common_msgs__rosidl_typesupport_fastrtps_cpp.so
-- Up-to-date: /root/r2ware/install/autoware_common_msgs/include/autoware_common_msgs
-- Up-to-date: /root/r2ware/install/autoware_common_msgs/include/autoware_common_msgs/msg
-- Up-to-date: /root/r2ware/install/autoware_common_msgs/include/autoware_common_msgs/msg/rosidl_typesupport_introspection_c__visibility_control.h
-- Up-to-date: /root/r2ware/install/autoware_common_msgs/include/autoware_common_msgs/msg/detail
-- Up-to-date: /root/r2ware/install/autoware_common_msgs/include/autoware_common_msgs/msg/detail/response_status__type_support.c
-- Up-to-date: /root/r2ware/install/autoware_common_msgs/include/autoware_common_msgs/msg/detail/response_status__rosidl_typesupport_introspection_c.h
-- Up-to-date: /root/r2ware/install/autoware_common_msgs/lib/libautoware_common_msgs__rosidl_typesupport_introspection_c.so
-- Up-to-date: /root/r2ware/install/autoware_common_msgs/lib/libautoware_common_msgs__rosidl_typesupport_c.so
-- Up-to-date: /root/r2ware/install/autoware_common_msgs/include/autoware_common_msgs
-- Up-to-date: /root/r2ware/install/autoware_common_msgs/include/autoware_common_msgs/msg
-- Up-to-date: /root/r2ware/install/autoware_common_msgs/include/autoware_common_msgs/msg/response_status.hpp
-- Up-to-date: /root/r2ware/install/autoware_common_msgs/include/autoware_common_msgs/msg/detail
-- Up-to-date: /root/r2ware/install/autoware_common_msgs/include/autoware_common_msgs/msg/detail/response_status__struct.hpp
-- Up-to-date: /root/r2ware/install/autoware_common_msgs/include/autoware_common_msgs/msg/detail/response_status__builder.hpp
-- Up-to-date: /root/r2ware/install/autoware_common_msgs/include/autoware_common_msgs/msg/detail/response_status__traits.hpp
-- Up-to-date: /root/r2ware/install/autoware_common_msgs/include/autoware_common_msgs
-- Up-to-date: /root/r2ware/install/autoware_common_msgs/include/autoware_common_msgs/msg
-- Up-to-date: /root/r2ware/install/autoware_common_msgs/include/autoware_common_msgs/msg/detail
-- Up-to-date: /root/r2ware/install/autoware_common_msgs/include/autoware_common_msgs/msg/detail/response_status__type_support.cpp
-- Up-to-date: /root/r2ware/install/autoware_common_msgs/include/autoware_common_msgs/msg/detail/response_status__rosidl_typesupport_introspection_cpp.hpp
-- Up-to-date: /root/r2ware/install/autoware_common_msgs/lib/libautoware_common_msgs__rosidl_typesupport_introspection_cpp.so
-- Up-to-date: /root/r2ware/install/autoware_common_msgs/lib/libautoware_common_msgs__rosidl_typesupport_cpp.so
-- Up-to-date: /root/r2ware/install/autoware_common_msgs/share/autoware_common_msgs/environment/pythonpath.sh
-- Installing: /root/r2ware/install/autoware_common_msgs/share/autoware_common_msgs/environment/pythonpath.dsv
-- Installing: /root/r2ware/install/autoware_common_msgs/lib/python3.8/site-packages/autoware_common_msgs/__init__.py
Compiling '/root/r2ware/install/autoware_common_msgs/lib/python3.8/site-packages/autoware_common_msgs/__init__.py'...
-- Up-to-date: /root/r2ware/install/autoware_common_msgs/lib/python3.8/site-packages/autoware_common_msgs/msg
-- Up-to-date: /root/r2ware/install/autoware_common_msgs/lib/python3.8/site-packages/autoware_common_msgs/msg/__init__.py
-- Up-to-date: /root/r2ware/install/autoware_common_msgs/lib/python3.8/site-packages/autoware_common_msgs/msg/_response_status_s.c
-- Up-to-date: /root/r2ware/install/autoware_common_msgs/lib/python3.8/site-packages/autoware_common_msgs/msg/_response_status.py
-- Up-to-date: /root/r2ware/install/autoware_common_msgs/lib/python3.8/site-packages/autoware_common_msgs/autoware_common_msgs_s__rosidl_typesupport_fastrtps_c.cpython-38-aarch64-linux-gnu.so
-- Up-to-date: /root/r2ware/install/autoware_common_msgs/lib/python3.8/site-packages/autoware_common_msgs/autoware_common_msgs_s__rosidl_typesupport_introspection_c.cpython-38-aarch64-linux-gnu.so
-- Up-to-date: /root/r2ware/install/autoware_common_msgs/lib/python3.8/site-packages/autoware_common_msgs/autoware_common_msgs_s__rosidl_typesupport_c.cpython-38-aarch64-linux-gnu.so
-- Up-to-date: /root/r2ware/install/autoware_common_msgs/lib/libautoware_common_msgs__python.so
-- Up-to-date: /root/r2ware/install/autoware_common_msgs/share/autoware_common_msgs/msg/ResponseStatus.idl
-- Installing: /root/r2ware/install/autoware_common_msgs/share/autoware_common_msgs/msg/ResponseStatus.msg
-- Up-to-date: /root/r2ware/install/autoware_common_msgs/share/ament_index/resource_index/package_run_dependencies/autoware_common_msgs
-- Installing: /root/r2ware/install/autoware_common_msgs/share/ament_index/resource_index/parent_prefix_path/autoware_common_msgs
-- Up-to-date: /root/r2ware/install/autoware_common_msgs/share/autoware_common_msgs/environment/ament_prefix_path.sh
-- Installing: /root/r2ware/install/autoware_common_msgs/share/autoware_common_msgs/environment/ament_prefix_path.dsv
-- Up-to-date: /root/r2ware/install/autoware_common_msgs/share/autoware_common_msgs/environment/path.sh
-- Installing: /root/r2ware/install/autoware_common_msgs/share/autoware_common_msgs/environment/path.dsv
-- Up-to-date: /root/r2ware/install/autoware_common_msgs/share/autoware_common_msgs/local_setup.bash
-- Up-to-date: /root/r2ware/install/autoware_common_msgs/share/autoware_common_msgs/local_setup.sh
-- Up-to-date: /root/r2ware/install/autoware_common_msgs/share/autoware_common_msgs/local_setup.zsh
-- Installing: /root/r2ware/install/autoware_common_msgs/share/autoware_common_msgs/local_setup.dsv
-- Installing: /root/r2ware/install/autoware_common_msgs/share/autoware_common_msgs/package.dsv
-- Up-to-date: /root/r2ware/install/autoware_common_msgs/share/ament_index/resource_index/packages/autoware_common_msgs
-- Up-to-date: /root/r2ware/install/autoware_common_msgs/share/autoware_common_msgs/cmake/autoware_common_msgs__rosidl_generator_cExport.cmake
-- Installing: /root/r2ware/install/autoware_common_msgs/share/autoware_common_msgs/cmake/autoware_common_msgs__rosidl_generator_cExport-noconfig.cmake
-- Up-to-date: /root/r2ware/install/autoware_common_msgs/share/autoware_common_msgs/cmake/autoware_common_msgs__rosidl_typesupport_introspection_cExport.cmake
-- Installing: /root/r2ware/install/autoware_common_msgs/share/autoware_common_msgs/cmake/autoware_common_msgs__rosidl_typesupport_introspection_cExport-noconfig.cmake
-- Up-to-date: /root/r2ware/install/autoware_common_msgs/share/autoware_common_msgs/cmake/autoware_common_msgs__rosidl_typesupport_cExport.cmake
-- Installing: /root/r2ware/install/autoware_common_msgs/share/autoware_common_msgs/cmake/autoware_common_msgs__rosidl_typesupport_cExport-noconfig.cmake
-- Up-to-date: /root/r2ware/install/autoware_common_msgs/share/autoware_common_msgs/cmake/autoware_common_msgs__rosidl_generator_cppExport.cmake
-- Up-to-date: /root/r2ware/install/autoware_common_msgs/share/autoware_common_msgs/cmake/autoware_common_msgs__rosidl_typesupport_introspection_cppExport.cmake
-- Installing: /root/r2ware/install/autoware_common_msgs/share/autoware_common_msgs/cmake/autoware_common_msgs__rosidl_typesupport_introspection_cppExport-noconfig.cmake
-- Up-to-date: /root/r2ware/install/autoware_common_msgs/share/autoware_common_msgs/cmake/autoware_common_msgs__rosidl_typesupport_cppExport.cmake
-- Installing: /root/r2ware/install/autoware_common_msgs/share/autoware_common_msgs/cmake/autoware_common_msgs__rosidl_typesupport_cppExport-noconfig.cmake
-- Up-to-date: /root/r2ware/install/autoware_common_msgs/share/autoware_common_msgs/cmake/rosidl_cmake-extras.cmake
-- Up-to-date: /root/r2ware/install/autoware_common_msgs/share/autoware_common_msgs/cmake/ament_cmake_export_dependencies-extras.cmake
-- Up-to-date: /root/r2ware/install/autoware_common_msgs/share/autoware_common_msgs/cmake/ament_cmake_export_libraries-extras.cmake
-- Up-to-date: /root/r2ware/install/autoware_common_msgs/share/autoware_common_msgs/cmake/ament_cmake_export_targets-extras.cmake
-- Up-to-date: /root/r2ware/install/autoware_common_msgs/share/autoware_common_msgs/cmake/ament_cmake_export_include_directories-extras.cmake
-- Up-to-date: /root/r2ware/install/autoware_common_msgs/share/autoware_common_msgs/cmake/rosidl_cmake_export_typesupport_libraries-extras.cmake
-- Up-to-date: /root/r2ware/install/autoware_common_msgs/share/autoware_common_msgs/cmake/rosidl_cmake_export_typesupport_targets-extras.cmake
-- Up-to-date: /root/r2ware/install/autoware_common_msgs/share/autoware_common_msgs/cmake/autoware_common_msgsConfig.cmake
-- Up-to-date: /root/r2ware/install/autoware_common_msgs/share/autoware_common_msgs/cmake/autoware_common_msgsConfig-version.cmake
-- Installing: /root/r2ware/install/autoware_common_msgs/share/autoware_common_msgs/package.xml
