[0.138s] Invoking command in '/root/r2ware/build/autoware_common_msgs': CMAKE_PREFIX_PATH=${CMAKE_PREFIX_PATH}:/root/yahboomcar_ros2_ws/yahboomcar_ws/install/yahboomcar_voice_ctrl:/root/yahboomcar_ros2_ws/yahboomcar_ws/install/yahboomcar_visual:/root/yahboomcar_ros2_ws/yahboomcar_ws/install/yahboomcar_nav:/root/yahboomcar_ros2_ws/yahboomcar_ws/install/yahboomcar_multi:/root/yahboomcar_ros2_ws/yahboomcar_ws/install/yahboomcar_mediapipe:/root/yahboomcar_ros2_ws/yahboomcar_ws/install/yahboomcar_linefollow:/root/yahboomcar_ros2_ws/yahboomcar_ws/install/yahboomcar_laser:/root/yahboomcar_ros2_ws/yahboomcar_ws/install/yahboomcar_description_x1:/root/yahboomcar_ros2_ws/yahboomcar_ws/install/yahboomcar_description:/root/yahboomcar_ros2_ws/yahboomcar_ws/install/yahboomcar_ctrl:/root/yahboomcar_ros2_ws/yahboomcar_ws/install/yahboomcar_bringup:/root/yahboomcar_ros2_ws/yahboomcar_ws/install/yahboomcar_astra:/root/yahboomcar_ros2_ws/yahboomcar_ws/install/yahboom_app_save_map:/root/yahboomcar_ros2_ws/yahboomcar_ws/install/robot_pose_publisher:/root/yahboomcar_ros2_ws/yahboomcar_ws/install/laserscan_to_point_pulisher:/opt/ros/foxy /usr/bin/cmake --build /root/r2ware/build/autoware_common_msgs -- -j8 -l8
[15.308s] -- Found ament_cmake_auto: 0.9.11 (/opt/ros/foxy/share/ament_cmake_auto/cmake)
[15.309s] -- Found PythonInterp: /usr/bin/python3 (found suitable version "3.8.10", minimum required is "3") 
[15.310s] -- Using PYTHON_EXECUTABLE: /usr/bin/python3
[15.311s] -- Using all available rosidl_typesupport_c: rosidl_typesupport_fastrtps_c;rosidl_typesupport_introspection_c
[15.311s] -- Found rosidl_adapter: 1.3.0 (/opt/ros/foxy/share/rosidl_adapter/cmake)
[15.311s] -- Using all available rosidl_typesupport_cpp: rosidl_typesupport_fastrtps_cpp;rosidl_typesupport_introspection_cpp
[15.311s] -- Found PythonInterp: /usr/bin/python3 (found version "3.8.10") 
[15.311s] -- Found ament_cmake_ros: 0.9.2 (/opt/ros/foxy/share/ament_cmake_ros/cmake)
[15.311s] -- Using all available rosidl_typesupport_c: rosidl_typesupport_fastrtps_c;rosidl_typesupport_introspection_c
[15.311s] -- Using all available rosidl_typesupport_cpp: rosidl_typesupport_fastrtps_cpp;rosidl_typesupport_introspection_cpp
[15.312s] -- Found PythonInterp: /usr/bin/python3 (found suitable version "3.8.10", minimum required is "3.5") 
[15.312s] -- Found python_cmake_module: 0.8.1 (/opt/ros/foxy/share/python_cmake_module/cmake)
[15.312s] -- Using PYTHON_EXECUTABLE: /usr/bin/python3
[15.312s] -- Using PYTHON_INCLUDE_DIRS: /usr/include/python3.8
[15.312s] -- Using PYTHON_LIBRARIES: /usr/lib/aarch64-linux-gnu/libpython3.8.so
[15.312s] -- Configuring done
[15.312s] -- Generating done
[15.312s] -- Build files have been written to: /root/r2ware/build/autoware_common_msgs
[15.313s] [  9%] Built target autoware_common_msgs__rosidl_generator_c
[15.313s] [ 12%] Built target autoware_common_msgs__cpp
[15.313s] [ 22%] Built target autoware_common_msgs__rosidl_typesupport_introspection_cpp
[15.313s] [ 32%] Built target autoware_common_msgs__rosidl_typesupport_c
[15.313s] [ 41%] Built target autoware_common_msgs__rosidl_typesupport_introspection_c
[15.314s] [ 51%] Built target autoware_common_msgs__rosidl_typesupport_cpp
[15.314s] [ 61%] Built target autoware_common_msgs__rosidl_typesupport_fastrtps_cpp
[15.314s] [ 70%] Built target autoware_common_msgs__rosidl_typesupport_fastrtps_c
[15.314s] [ 70%] Built target autoware_common_msgs
[15.314s] [ 74%] Built target autoware_common_msgs__py
[15.314s] [ 80%] Built target autoware_common_msgs__python
[15.314s] [ 87%] Built target autoware_common_msgs__rosidl_typesupport_fastrtps_c__pyext
[15.314s] [ 93%] Built target autoware_common_msgs__rosidl_typesupport_introspection_c__pyext
[15.315s] [100%] Built target autoware_common_msgs__rosidl_typesupport_c__pyext
[15.389s] Invoked command in '/root/r2ware/build/autoware_common_msgs' returned '0': CMAKE_PREFIX_PATH=${CMAKE_PREFIX_PATH}:/root/yahboomcar_ros2_ws/yahboomcar_ws/install/yahboomcar_voice_ctrl:/root/yahboomcar_ros2_ws/yahboomcar_ws/install/yahboomcar_visual:/root/yahboomcar_ros2_ws/yahboomcar_ws/install/yahboomcar_nav:/root/yahboomcar_ros2_ws/yahboomcar_ws/install/yahboomcar_multi:/root/yahboomcar_ros2_ws/yahboomcar_ws/install/yahboomcar_mediapipe:/root/yahboomcar_ros2_ws/yahboomcar_ws/install/yahboomcar_linefollow:/root/yahboomcar_ros2_ws/yahboomcar_ws/install/yahboomcar_laser:/root/yahboomcar_ros2_ws/yahboomcar_ws/install/yahboomcar_description_x1:/root/yahboomcar_ros2_ws/yahboomcar_ws/install/yahboomcar_description:/root/yahboomcar_ros2_ws/yahboomcar_ws/install/yahboomcar_ctrl:/root/yahboomcar_ros2_ws/yahboomcar_ws/install/yahboomcar_bringup:/root/yahboomcar_ros2_ws/yahboomcar_ws/install/yahboomcar_astra:/root/yahboomcar_ros2_ws/yahboomcar_ws/install/yahboom_app_save_map:/root/yahboomcar_ros2_ws/yahboomcar_ws/install/robot_pose_publisher:/root/yahboomcar_ros2_ws/yahboomcar_ws/install/laserscan_to_point_pulisher:/opt/ros/foxy /usr/bin/cmake --build /root/r2ware/build/autoware_common_msgs -- -j8 -l8
[16.801s] Invoking command in '/root/r2ware/build/autoware_common_msgs': CMAKE_PREFIX_PATH=${CMAKE_PREFIX_PATH}:/root/yahboomcar_ros2_ws/yahboomcar_ws/install/yahboomcar_voice_ctrl:/root/yahboomcar_ros2_ws/yahboomcar_ws/install/yahboomcar_visual:/root/yahboomcar_ros2_ws/yahboomcar_ws/install/yahboomcar_nav:/root/yahboomcar_ros2_ws/yahboomcar_ws/install/yahboomcar_multi:/root/yahboomcar_ros2_ws/yahboomcar_ws/install/yahboomcar_mediapipe:/root/yahboomcar_ros2_ws/yahboomcar_ws/install/yahboomcar_linefollow:/root/yahboomcar_ros2_ws/yahboomcar_ws/install/yahboomcar_laser:/root/yahboomcar_ros2_ws/yahboomcar_ws/install/yahboomcar_description_x1:/root/yahboomcar_ros2_ws/yahboomcar_ws/install/yahboomcar_description:/root/yahboomcar_ros2_ws/yahboomcar_ws/install/yahboomcar_ctrl:/root/yahboomcar_ros2_ws/yahboomcar_ws/install/yahboomcar_bringup:/root/yahboomcar_ros2_ws/yahboomcar_ws/install/yahboomcar_astra:/root/yahboomcar_ros2_ws/yahboomcar_ws/install/yahboom_app_save_map:/root/yahboomcar_ros2_ws/yahboomcar_ws/install/robot_pose_publisher:/root/yahboomcar_ros2_ws/yahboomcar_ws/install/laserscan_to_point_pulisher:/opt/ros/foxy /usr/bin/cmake --install /root/r2ware/build/autoware_common_msgs
[16.885s] -- Install configuration: ""
[16.885s] -- Up-to-date: /root/r2ware/install/autoware_common_msgs/share/ament_index/resource_index/rosidl_interfaces/autoware_common_msgs
[16.886s] -- Up-to-date: /root/r2ware/install/autoware_common_msgs/include/autoware_common_msgs
[16.886s] -- Up-to-date: /root/r2ware/install/autoware_common_msgs/include/autoware_common_msgs/msg
[16.886s] -- Up-to-date: /root/r2ware/install/autoware_common_msgs/include/autoware_common_msgs/msg/rosidl_generator_c__visibility_control.h
[16.886s] -- Up-to-date: /root/r2ware/install/autoware_common_msgs/include/autoware_common_msgs/msg/detail
[16.886s] -- Up-to-date: /root/r2ware/install/autoware_common_msgs/include/autoware_common_msgs/msg/detail/response_status__type_support.h
[16.886s] -- Up-to-date: /root/r2ware/install/autoware_common_msgs/include/autoware_common_msgs/msg/detail/response_status__functions.h
[16.887s] -- Up-to-date: /root/r2ware/install/autoware_common_msgs/include/autoware_common_msgs/msg/detail/response_status__functions.c
[16.887s] -- Up-to-date: /root/r2ware/install/autoware_common_msgs/include/autoware_common_msgs/msg/detail/response_status__struct.h
[16.898s] -- Up-to-date: /root/r2ware/install/autoware_common_msgs/include/autoware_common_msgs/msg/response_status.h
[16.903s] -- Up-to-date: /root/r2ware/install/autoware_common_msgs/share/autoware_common_msgs/environment/library_path.sh
[16.904s] -- Installing: /root/r2ware/install/autoware_common_msgs/share/autoware_common_msgs/environment/library_path.dsv
[16.905s] -- Up-to-date: /root/r2ware/install/autoware_common_msgs/lib/libautoware_common_msgs__rosidl_generator_c.so
[16.905s] -- Up-to-date: /root/r2ware/install/autoware_common_msgs/include/autoware_common_msgs
[16.905s] -- Up-to-date: /root/r2ware/install/autoware_common_msgs/include/autoware_common_msgs/msg
[16.905s] -- Up-to-date: /root/r2ware/install/autoware_common_msgs/include/autoware_common_msgs/msg/rosidl_typesupport_fastrtps_c__visibility_control.h
[16.906s] -- Up-to-date: /root/r2ware/install/autoware_common_msgs/include/autoware_common_msgs/msg/detail
[16.906s] -- Up-to-date: /root/r2ware/install/autoware_common_msgs/include/autoware_common_msgs/msg/detail/response_status__rosidl_typesupport_fastrtps_c.h
[16.906s] -- Up-to-date: /root/r2ware/install/autoware_common_msgs/lib/libautoware_common_msgs__rosidl_typesupport_fastrtps_c.so
[16.906s] -- Up-to-date: /root/r2ware/install/autoware_common_msgs/include/autoware_common_msgs
[16.906s] -- Up-to-date: /root/r2ware/install/autoware_common_msgs/include/autoware_common_msgs/msg
[16.907s] -- Up-to-date: /root/r2ware/install/autoware_common_msgs/include/autoware_common_msgs/msg/rosidl_typesupport_fastrtps_cpp__visibility_control.h
[16.907s] -- Up-to-date: /root/r2ware/install/autoware_common_msgs/include/autoware_common_msgs/msg/detail
[16.907s] -- Up-to-date: /root/r2ware/install/autoware_common_msgs/include/autoware_common_msgs/msg/detail/dds_fastrtps
[16.907s] -- Up-to-date: /root/r2ware/install/autoware_common_msgs/include/autoware_common_msgs/msg/detail/response_status__rosidl_typesupport_fastrtps_cpp.hpp
[16.907s] -- Up-to-date: /root/r2ware/install/autoware_common_msgs/lib/libautoware_common_msgs__rosidl_typesupport_fastrtps_cpp.so
[16.908s] -- Up-to-date: /root/r2ware/install/autoware_common_msgs/include/autoware_common_msgs
[16.908s] -- Up-to-date: /root/r2ware/install/autoware_common_msgs/include/autoware_common_msgs/msg
[16.909s] -- Up-to-date: /root/r2ware/install/autoware_common_msgs/include/autoware_common_msgs/msg/rosidl_typesupport_introspection_c__visibility_control.h
[16.909s] -- Up-to-date: /root/r2ware/install/autoware_common_msgs/include/autoware_common_msgs/msg/detail
[16.909s] -- Up-to-date: /root/r2ware/install/autoware_common_msgs/include/autoware_common_msgs/msg/detail/response_status__type_support.c
[16.909s] -- Up-to-date: /root/r2ware/install/autoware_common_msgs/include/autoware_common_msgs/msg/detail/response_status__rosidl_typesupport_introspection_c.h
[16.910s] -- Up-to-date: /root/r2ware/install/autoware_common_msgs/lib/libautoware_common_msgs__rosidl_typesupport_introspection_c.so
[16.910s] -- Up-to-date: /root/r2ware/install/autoware_common_msgs/lib/libautoware_common_msgs__rosidl_typesupport_c.so
[16.911s] -- Up-to-date: /root/r2ware/install/autoware_common_msgs/include/autoware_common_msgs
[16.911s] -- Up-to-date: /root/r2ware/install/autoware_common_msgs/include/autoware_common_msgs/msg
[16.911s] -- Up-to-date: /root/r2ware/install/autoware_common_msgs/include/autoware_common_msgs/msg/response_status.hpp
[16.911s] -- Up-to-date: /root/r2ware/install/autoware_common_msgs/include/autoware_common_msgs/msg/detail
[16.912s] -- Up-to-date: /root/r2ware/install/autoware_common_msgs/include/autoware_common_msgs/msg/detail/response_status__struct.hpp
[16.912s] -- Up-to-date: /root/r2ware/install/autoware_common_msgs/include/autoware_common_msgs/msg/detail/response_status__builder.hpp
[16.912s] -- Up-to-date: /root/r2ware/install/autoware_common_msgs/include/autoware_common_msgs/msg/detail/response_status__traits.hpp
[16.912s] -- Up-to-date: /root/r2ware/install/autoware_common_msgs/include/autoware_common_msgs
[16.912s] -- Up-to-date: /root/r2ware/install/autoware_common_msgs/include/autoware_common_msgs/msg
[16.912s] -- Up-to-date: /root/r2ware/install/autoware_common_msgs/include/autoware_common_msgs/msg/detail
[16.912s] -- Up-to-date: /root/r2ware/install/autoware_common_msgs/include/autoware_common_msgs/msg/detail/response_status__type_support.cpp
[16.913s] -- Up-to-date: /root/r2ware/install/autoware_common_msgs/include/autoware_common_msgs/msg/detail/response_status__rosidl_typesupport_introspection_cpp.hpp
[16.913s] -- Up-to-date: /root/r2ware/install/autoware_common_msgs/lib/libautoware_common_msgs__rosidl_typesupport_introspection_cpp.so
[16.913s] -- Up-to-date: /root/r2ware/install/autoware_common_msgs/lib/libautoware_common_msgs__rosidl_typesupport_cpp.so
[16.913s] -- Up-to-date: /root/r2ware/install/autoware_common_msgs/share/autoware_common_msgs/environment/pythonpath.sh
[16.914s] -- Installing: /root/r2ware/install/autoware_common_msgs/share/autoware_common_msgs/environment/pythonpath.dsv
[16.914s] -- Installing: /root/r2ware/install/autoware_common_msgs/lib/python3.8/site-packages/autoware_common_msgs/__init__.py
[17.271s] Compiling '/root/r2ware/install/autoware_common_msgs/lib/python3.8/site-packages/autoware_common_msgs/__init__.py'...
[17.338s] -- Up-to-date: /root/r2ware/install/autoware_common_msgs/lib/python3.8/site-packages/autoware_common_msgs/msg
[17.338s] -- Up-to-date: /root/r2ware/install/autoware_common_msgs/lib/python3.8/site-packages/autoware_common_msgs/msg/__init__.py
[17.339s] -- Up-to-date: /root/r2ware/install/autoware_common_msgs/lib/python3.8/site-packages/autoware_common_msgs/msg/_response_status_s.c
[17.339s] -- Up-to-date: /root/r2ware/install/autoware_common_msgs/lib/python3.8/site-packages/autoware_common_msgs/msg/_response_status.py
[17.339s] -- Up-to-date: /root/r2ware/install/autoware_common_msgs/lib/python3.8/site-packages/autoware_common_msgs/autoware_common_msgs_s__rosidl_typesupport_fastrtps_c.cpython-38-aarch64-linux-gnu.so
[17.339s] -- Up-to-date: /root/r2ware/install/autoware_common_msgs/lib/python3.8/site-packages/autoware_common_msgs/autoware_common_msgs_s__rosidl_typesupport_introspection_c.cpython-38-aarch64-linux-gnu.so
[17.339s] -- Up-to-date: /root/r2ware/install/autoware_common_msgs/lib/python3.8/site-packages/autoware_common_msgs/autoware_common_msgs_s__rosidl_typesupport_c.cpython-38-aarch64-linux-gnu.so
[17.339s] -- Up-to-date: /root/r2ware/install/autoware_common_msgs/lib/libautoware_common_msgs__python.so
[17.340s] -- Up-to-date: /root/r2ware/install/autoware_common_msgs/share/autoware_common_msgs/msg/ResponseStatus.idl
[17.340s] -- Installing: /root/r2ware/install/autoware_common_msgs/share/autoware_common_msgs/msg/ResponseStatus.msg
[17.340s] -- Up-to-date: /root/r2ware/install/autoware_common_msgs/share/ament_index/resource_index/package_run_dependencies/autoware_common_msgs
[17.340s] -- Installing: /root/r2ware/install/autoware_common_msgs/share/ament_index/resource_index/parent_prefix_path/autoware_common_msgs
[17.340s] -- Up-to-date: /root/r2ware/install/autoware_common_msgs/share/autoware_common_msgs/environment/ament_prefix_path.sh
[17.340s] -- Installing: /root/r2ware/install/autoware_common_msgs/share/autoware_common_msgs/environment/ament_prefix_path.dsv
[17.341s] -- Up-to-date: /root/r2ware/install/autoware_common_msgs/share/autoware_common_msgs/environment/path.sh
[17.341s] -- Installing: /root/r2ware/install/autoware_common_msgs/share/autoware_common_msgs/environment/path.dsv
[17.341s] -- Up-to-date: /root/r2ware/install/autoware_common_msgs/share/autoware_common_msgs/local_setup.bash
[17.341s] -- Up-to-date: /root/r2ware/install/autoware_common_msgs/share/autoware_common_msgs/local_setup.sh
[17.341s] -- Up-to-date: /root/r2ware/install/autoware_common_msgs/share/autoware_common_msgs/local_setup.zsh
[17.342s] -- Installing: /root/r2ware/install/autoware_common_msgs/share/autoware_common_msgs/local_setup.dsv
[17.342s] -- Installing: /root/r2ware/install/autoware_common_msgs/share/autoware_common_msgs/package.dsv
[17.342s] -- Up-to-date: /root/r2ware/install/autoware_common_msgs/share/ament_index/resource_index/packages/autoware_common_msgs
[17.342s] -- Up-to-date: /root/r2ware/install/autoware_common_msgs/share/autoware_common_msgs/cmake/autoware_common_msgs__rosidl_generator_cExport.cmake
[17.342s] -- Installing: /root/r2ware/install/autoware_common_msgs/share/autoware_common_msgs/cmake/autoware_common_msgs__rosidl_generator_cExport-noconfig.cmake
[17.343s] -- Up-to-date: /root/r2ware/install/autoware_common_msgs/share/autoware_common_msgs/cmake/autoware_common_msgs__rosidl_typesupport_introspection_cExport.cmake
[17.343s] -- Installing: /root/r2ware/install/autoware_common_msgs/share/autoware_common_msgs/cmake/autoware_common_msgs__rosidl_typesupport_introspection_cExport-noconfig.cmake
[17.344s] -- Up-to-date: /root/r2ware/install/autoware_common_msgs/share/autoware_common_msgs/cmake/autoware_common_msgs__rosidl_typesupport_cExport.cmake
[17.344s] -- Installing: /root/r2ware/install/autoware_common_msgs/share/autoware_common_msgs/cmake/autoware_common_msgs__rosidl_typesupport_cExport-noconfig.cmake
[17.345s] -- Up-to-date: /root/r2ware/install/autoware_common_msgs/share/autoware_common_msgs/cmake/autoware_common_msgs__rosidl_generator_cppExport.cmake
[17.346s] -- Up-to-date: /root/r2ware/install/autoware_common_msgs/share/autoware_common_msgs/cmake/autoware_common_msgs__rosidl_typesupport_introspection_cppExport.cmake
[17.346s] -- Installing: /root/r2ware/install/autoware_common_msgs/share/autoware_common_msgs/cmake/autoware_common_msgs__rosidl_typesupport_introspection_cppExport-noconfig.cmake
[17.347s] -- Up-to-date: /root/r2ware/install/autoware_common_msgs/share/autoware_common_msgs/cmake/autoware_common_msgs__rosidl_typesupport_cppExport.cmake
[17.348s] -- Installing: /root/r2ware/install/autoware_common_msgs/share/autoware_common_msgs/cmake/autoware_common_msgs__rosidl_typesupport_cppExport-noconfig.cmake
[17.348s] -- Up-to-date: /root/r2ware/install/autoware_common_msgs/share/autoware_common_msgs/cmake/rosidl_cmake-extras.cmake
[17.349s] -- Up-to-date: /root/r2ware/install/autoware_common_msgs/share/autoware_common_msgs/cmake/ament_cmake_export_dependencies-extras.cmake
[17.349s] -- Up-to-date: /root/r2ware/install/autoware_common_msgs/share/autoware_common_msgs/cmake/ament_cmake_export_libraries-extras.cmake
[17.349s] -- Up-to-date: /root/r2ware/install/autoware_common_msgs/share/autoware_common_msgs/cmake/ament_cmake_export_targets-extras.cmake
[17.349s] -- Up-to-date: /root/r2ware/install/autoware_common_msgs/share/autoware_common_msgs/cmake/ament_cmake_export_include_directories-extras.cmake
[17.350s] -- Up-to-date: /root/r2ware/install/autoware_common_msgs/share/autoware_common_msgs/cmake/rosidl_cmake_export_typesupport_libraries-extras.cmake
[17.350s] -- Up-to-date: /root/r2ware/install/autoware_common_msgs/share/autoware_common_msgs/cmake/rosidl_cmake_export_typesupport_targets-extras.cmake
[17.351s] -- Up-to-date: /root/r2ware/install/autoware_common_msgs/share/autoware_common_msgs/cmake/autoware_common_msgsConfig.cmake
[17.358s] -- Up-to-date: /root/r2ware/install/autoware_common_msgs/share/autoware_common_msgs/cmake/autoware_common_msgsConfig-version.cmake
[17.358s] -- Installing: /root/r2ware/install/autoware_common_msgs/share/autoware_common_msgs/package.xml
[17.372s] Invoked command in '/root/r2ware/build/autoware_common_msgs' returned '0': CMAKE_PREFIX_PATH=${CMAKE_PREFIX_PATH}:/root/yahboomcar_ros2_ws/yahboomcar_ws/install/yahboomcar_voice_ctrl:/root/yahboomcar_ros2_ws/yahboomcar_ws/install/yahboomcar_visual:/root/yahboomcar_ros2_ws/yahboomcar_ws/install/yahboomcar_nav:/root/yahboomcar_ros2_ws/yahboomcar_ws/install/yahboomcar_multi:/root/yahboomcar_ros2_ws/yahboomcar_ws/install/yahboomcar_mediapipe:/root/yahboomcar_ros2_ws/yahboomcar_ws/install/yahboomcar_linefollow:/root/yahboomcar_ros2_ws/yahboomcar_ws/install/yahboomcar_laser:/root/yahboomcar_ros2_ws/yahboomcar_ws/install/yahboomcar_description_x1:/root/yahboomcar_ros2_ws/yahboomcar_ws/install/yahboomcar_description:/root/yahboomcar_ros2_ws/yahboomcar_ws/install/yahboomcar_ctrl:/root/yahboomcar_ros2_ws/yahboomcar_ws/install/yahboomcar_bringup:/root/yahboomcar_ros2_ws/yahboomcar_ws/install/yahboomcar_astra:/root/yahboomcar_ros2_ws/yahboomcar_ws/install/yahboom_app_save_map:/root/yahboomcar_ros2_ws/yahboomcar_ws/install/robot_pose_publisher:/root/yahboomcar_ros2_ws/yahboomcar_ws/install/laserscan_to_point_pulisher:/opt/ros/foxy /usr/bin/cmake --install /root/r2ware/build/autoware_common_msgs
