-- Found ament_cmake_auto: 0.9.11 (/opt/ros/foxy/share/ament_cmake_auto/cmake)
-- Found PythonInterp: /usr/bin/python3 (found suitable version "3.8.10", minimum required is "3") 
-- Using PYTHON_EXECUTABLE: /usr/bin/python3
-- Using all available rosidl_typesupport_c: rosidl_typesupport_fastrtps_c;rosidl_typesupport_introspection_c
-- Found rosidl_adapter: 1.3.0 (/opt/ros/foxy/share/rosidl_adapter/cmake)
-- Using all available rosidl_typesupport_cpp: rosidl_typesupport_fastrtps_cpp;rosidl_typesupport_introspection_cpp
-- Found PythonInterp: /usr/bin/python3 (found version "3.8.10") 
-- Found ament_cmake_cppcheck: 0.9.7 (/opt/ros/foxy/share/ament_cmake_cppcheck/cmake)
-- Found ament_cmake_cpplint: 0.9.7 (/opt/ros/foxy/share/ament_cmake_cpplint/cmake)
-- Found ament_cmake_uncrustify: 0.9.7 (/opt/ros/foxy/share/ament_cmake_uncrustify/cmake)
-- Found ament_cmake_ros: 0.9.2 (/opt/ros/foxy/share/ament_cmake_ros/cmake)
-- Using all available rosidl_typesupport_c: rosidl_typesupport_fastrtps_c;rosidl_typesupport_introspection_c
-- Using all available rosidl_typesupport_cpp: rosidl_typesupport_fastrtps_cpp;rosidl_typesupport_introspection_cpp
-- Found PythonInterp: /usr/bin/python3 (found suitable version "3.8.10", minimum required is "3.5") 
-- Found python_cmake_module: 0.8.1 (/opt/ros/foxy/share/python_cmake_module/cmake)
-- Using PYTHON_EXECUTABLE: /usr/bin/python3
-- Using PYTHON_INCLUDE_DIRS: /usr/include/python3.8
-- Using PYTHON_LIBRARIES: /usr/lib/aarch64-linux-gnu/libpython3.8.so
-- Found ament_cmake_flake8: 0.9.7 (/opt/ros/foxy/share/ament_cmake_flake8/cmake)
-- Found ament_cmake_pep257: 0.9.7 (/opt/ros/foxy/share/ament_cmake_pep257/cmake)
-- Found ament_lint_auto: 0.9.7 (/opt/ros/foxy/share/ament_lint_auto/cmake)
-- Added test 'copyright' to check source files copyright and LICENSE
-- Added test 'lint_cmake' to check CMake code style
-- Added test 'xmllint' to check XML markup files
-- Configuring done
-- Generating done
-- Build files have been written to: /root/r2ware/build/autoware_planning_msgs
[  0%] Built target autoware_planning_msgs__cpp
[ 12%] Built target autoware_planning_msgs__rosidl_generator_c
[ 24%] Built target autoware_planning_msgs__rosidl_typesupport_introspection_cpp
[ 35%] Built target autoware_planning_msgs__rosidl_typesupport_fastrtps_cpp
[ 47%] Built target autoware_planning_msgs__rosidl_typesupport_introspection_c
[ 59%] Built target autoware_planning_msgs__rosidl_typesupport_cpp
[ 70%] Built target autoware_planning_msgs__rosidl_typesupport_c
[ 82%] Built target autoware_planning_msgs__rosidl_typesupport_fastrtps_c
[ 82%] Built target autoware_planning_msgs
[ 83%] Built target autoware_planning_msgs__py
[ 94%] Built target autoware_planning_msgs__python
[ 96%] Built target autoware_planning_msgs__rosidl_typesupport_c__pyext
[ 98%] Built target autoware_planning_msgs__rosidl_typesupport_introspection_c__pyext
[100%] Built target autoware_planning_msgs__rosidl_typesupport_fastrtps_c__pyext
-- Install configuration: ""
-- Up-to-date: /root/r2ware/install/autoware_planning_msgs/share/ament_index/resource_index/rosidl_interfaces/autoware_planning_msgs
-- Up-to-date: /root/r2ware/install/autoware_planning_msgs/include/autoware_planning_msgs
-- Up-to-date: /root/r2ware/install/autoware_planning_msgs/include/autoware_planning_msgs/msg
-- Up-to-date: /root/r2ware/install/autoware_planning_msgs/include/autoware_planning_msgs/msg/lanelet_segment.h
-- Up-to-date: /root/r2ware/install/autoware_planning_msgs/include/autoware_planning_msgs/msg/pose_with_uuid_stamped.h
-- Up-to-date: /root/r2ware/install/autoware_planning_msgs/include/autoware_planning_msgs/msg/path_point.h
-- Up-to-date: /root/r2ware/install/autoware_planning_msgs/include/autoware_planning_msgs/msg/trajectory_point.h
-- Up-to-date: /root/r2ware/install/autoware_planning_msgs/include/autoware_planning_msgs/msg/rosidl_generator_c__visibility_control.h
-- Up-to-date: /root/r2ware/install/autoware_planning_msgs/include/autoware_planning_msgs/msg/path_with_lane_id.h
-- Up-to-date: /root/r2ware/install/autoware_planning_msgs/include/autoware_planning_msgs/msg/lanelet_route.h
-- Up-to-date: /root/r2ware/install/autoware_planning_msgs/include/autoware_planning_msgs/msg/path.h
-- Up-to-date: /root/r2ware/install/autoware_planning_msgs/include/autoware_planning_msgs/msg/lanelet_primitive.h
-- Up-to-date: /root/r2ware/install/autoware_planning_msgs/include/autoware_planning_msgs/msg/detail
-- Up-to-date: /root/r2ware/install/autoware_planning_msgs/include/autoware_planning_msgs/msg/detail/lanelet_route__functions.c
-- Up-to-date: /root/r2ware/install/autoware_planning_msgs/include/autoware_planning_msgs/msg/detail/lanelet_route__type_support.h
-- Up-to-date: /root/r2ware/install/autoware_planning_msgs/include/autoware_planning_msgs/msg/detail/path_point_with_lane_id__functions.c
-- Up-to-date: /root/r2ware/install/autoware_planning_msgs/include/autoware_planning_msgs/msg/detail/lanelet_route__struct.h
-- Up-to-date: /root/r2ware/install/autoware_planning_msgs/include/autoware_planning_msgs/msg/detail/path_with_lane_id__functions.h
-- Up-to-date: /root/r2ware/install/autoware_planning_msgs/include/autoware_planning_msgs/msg/detail/trajectory_point__functions.c
-- Up-to-date: /root/r2ware/install/autoware_planning_msgs/include/autoware_planning_msgs/msg/detail/trajectory_point__functions.h
-- Up-to-date: /root/r2ware/install/autoware_planning_msgs/include/autoware_planning_msgs/msg/detail/trajectory_point__type_support.h
-- Up-to-date: /root/r2ware/install/autoware_planning_msgs/include/autoware_planning_msgs/msg/detail/pose_with_uuid_stamped__struct.h
-- Up-to-date: /root/r2ware/install/autoware_planning_msgs/include/autoware_planning_msgs/msg/detail/path_point__type_support.h
-- Up-to-date: /root/r2ware/install/autoware_planning_msgs/include/autoware_planning_msgs/msg/detail/path_with_lane_id__functions.c
-- Up-to-date: /root/r2ware/install/autoware_planning_msgs/include/autoware_planning_msgs/msg/detail/pose_with_uuid_stamped__type_support.h
-- Up-to-date: /root/r2ware/install/autoware_planning_msgs/include/autoware_planning_msgs/msg/detail/path__functions.c
-- Up-to-date: /root/r2ware/install/autoware_planning_msgs/include/autoware_planning_msgs/msg/detail/trajectory_point__struct.h
-- Up-to-date: /root/r2ware/install/autoware_planning_msgs/include/autoware_planning_msgs/msg/detail/lanelet_segment__type_support.h
-- Up-to-date: /root/r2ware/install/autoware_planning_msgs/include/autoware_planning_msgs/msg/detail/path_point_with_lane_id__functions.h
-- Up-to-date: /root/r2ware/install/autoware_planning_msgs/include/autoware_planning_msgs/msg/detail/path_point_with_lane_id__struct.h
-- Up-to-date: /root/r2ware/install/autoware_planning_msgs/include/autoware_planning_msgs/msg/detail/path_with_lane_id__type_support.h
-- Up-to-date: /root/r2ware/install/autoware_planning_msgs/include/autoware_planning_msgs/msg/detail/lanelet_primitive__type_support.h
-- Up-to-date: /root/r2ware/install/autoware_planning_msgs/include/autoware_planning_msgs/msg/detail/lanelet_segment__struct.h
-- Up-to-date: /root/r2ware/install/autoware_planning_msgs/include/autoware_planning_msgs/msg/detail/path_point__struct.h
-- Up-to-date: /root/r2ware/install/autoware_planning_msgs/include/autoware_planning_msgs/msg/detail/trajectory__type_support.h
-- Up-to-date: /root/r2ware/install/autoware_planning_msgs/include/autoware_planning_msgs/msg/detail/trajectory__struct.h
-- Up-to-date: /root/r2ware/install/autoware_planning_msgs/include/autoware_planning_msgs/msg/detail/path__struct.h
-- Up-to-date: /root/r2ware/install/autoware_planning_msgs/include/autoware_planning_msgs/msg/detail/path_point_with_lane_id__type_support.h
-- Up-to-date: /root/r2ware/install/autoware_planning_msgs/include/autoware_planning_msgs/msg/detail/trajectory__functions.c
-- Up-to-date: /root/r2ware/install/autoware_planning_msgs/include/autoware_planning_msgs/msg/detail/path__functions.h
-- Up-to-date: /root/r2ware/install/autoware_planning_msgs/include/autoware_planning_msgs/msg/detail/path__type_support.h
-- Up-to-date: /root/r2ware/install/autoware_planning_msgs/include/autoware_planning_msgs/msg/detail/lanelet_segment__functions.h
-- Up-to-date: /root/r2ware/install/autoware_planning_msgs/include/autoware_planning_msgs/msg/detail/path_point__functions.c
-- Up-to-date: /root/r2ware/install/autoware_planning_msgs/include/autoware_planning_msgs/msg/detail/lanelet_segment__functions.c
-- Up-to-date: /root/r2ware/install/autoware_planning_msgs/include/autoware_planning_msgs/msg/detail/lanelet_primitive__functions.c
-- Up-to-date: /root/r2ware/install/autoware_planning_msgs/include/autoware_planning_msgs/msg/detail/pose_with_uuid_stamped__functions.c
-- Up-to-date: /root/r2ware/install/autoware_planning_msgs/include/autoware_planning_msgs/msg/detail/lanelet_route__functions.h
-- Up-to-date: /root/r2ware/install/autoware_planning_msgs/include/autoware_planning_msgs/msg/detail/path_point__functions.h
-- Up-to-date: /root/r2ware/install/autoware_planning_msgs/include/autoware_planning_msgs/msg/detail/lanelet_primitive__functions.h
-- Up-to-date: /root/r2ware/install/autoware_planning_msgs/include/autoware_planning_msgs/msg/detail/lanelet_primitive__struct.h
-- Up-to-date: /root/r2ware/install/autoware_planning_msgs/include/autoware_planning_msgs/msg/detail/trajectory__functions.h
-- Up-to-date: /root/r2ware/install/autoware_planning_msgs/include/autoware_planning_msgs/msg/detail/path_with_lane_id__struct.h
-- Up-to-date: /root/r2ware/install/autoware_planning_msgs/include/autoware_planning_msgs/msg/detail/pose_with_uuid_stamped__functions.h
-- Up-to-date: /root/r2ware/install/autoware_planning_msgs/include/autoware_planning_msgs/msg/path_point_with_lane_id.h
-- Up-to-date: /root/r2ware/install/autoware_planning_msgs/include/autoware_planning_msgs/msg/trajectory.h
-- Up-to-date: /root/r2ware/install/autoware_planning_msgs/share/autoware_planning_msgs/environment/library_path.sh
-- Installing: /root/r2ware/install/autoware_planning_msgs/share/autoware_planning_msgs/environment/library_path.dsv
-- Up-to-date: /root/r2ware/install/autoware_planning_msgs/lib/libautoware_planning_msgs__rosidl_generator_c.so
-- Up-to-date: /root/r2ware/install/autoware_planning_msgs/include/autoware_planning_msgs
-- Up-to-date: /root/r2ware/install/autoware_planning_msgs/include/autoware_planning_msgs/msg
-- Up-to-date: /root/r2ware/install/autoware_planning_msgs/include/autoware_planning_msgs/msg/rosidl_typesupport_fastrtps_c__visibility_control.h
-- Up-to-date: /root/r2ware/install/autoware_planning_msgs/include/autoware_planning_msgs/msg/detail
-- Up-to-date: /root/r2ware/install/autoware_planning_msgs/include/autoware_planning_msgs/msg/detail/lanelet_route__rosidl_typesupport_fastrtps_c.h
-- Up-to-date: /root/r2ware/install/autoware_planning_msgs/include/autoware_planning_msgs/msg/detail/pose_with_uuid_stamped__rosidl_typesupport_fastrtps_c.h
-- Up-to-date: /root/r2ware/install/autoware_planning_msgs/include/autoware_planning_msgs/msg/detail/lanelet_primitive__rosidl_typesupport_fastrtps_c.h
-- Up-to-date: /root/r2ware/install/autoware_planning_msgs/include/autoware_planning_msgs/msg/detail/path_with_lane_id__rosidl_typesupport_fastrtps_c.h
-- Up-to-date: /root/r2ware/install/autoware_planning_msgs/include/autoware_planning_msgs/msg/detail/lanelet_segment__rosidl_typesupport_fastrtps_c.h
-- Up-to-date: /root/r2ware/install/autoware_planning_msgs/include/autoware_planning_msgs/msg/detail/path__rosidl_typesupport_fastrtps_c.h
-- Up-to-date: /root/r2ware/install/autoware_planning_msgs/include/autoware_planning_msgs/msg/detail/path_point__rosidl_typesupport_fastrtps_c.h
-- Up-to-date: /root/r2ware/install/autoware_planning_msgs/include/autoware_planning_msgs/msg/detail/path_point_with_lane_id__rosidl_typesupport_fastrtps_c.h
-- Up-to-date: /root/r2ware/install/autoware_planning_msgs/include/autoware_planning_msgs/msg/detail/trajectory_point__rosidl_typesupport_fastrtps_c.h
-- Up-to-date: /root/r2ware/install/autoware_planning_msgs/include/autoware_planning_msgs/msg/detail/trajectory__rosidl_typesupport_fastrtps_c.h
-- Up-to-date: /root/r2ware/install/autoware_planning_msgs/lib/libautoware_planning_msgs__rosidl_typesupport_fastrtps_c.so
-- Up-to-date: /root/r2ware/install/autoware_planning_msgs/include/autoware_planning_msgs
-- Up-to-date: /root/r2ware/install/autoware_planning_msgs/include/autoware_planning_msgs/msg
-- Up-to-date: /root/r2ware/install/autoware_planning_msgs/include/autoware_planning_msgs/msg/rosidl_typesupport_fastrtps_cpp__visibility_control.h
-- Up-to-date: /root/r2ware/install/autoware_planning_msgs/include/autoware_planning_msgs/msg/detail
-- Up-to-date: /root/r2ware/install/autoware_planning_msgs/include/autoware_planning_msgs/msg/detail/pose_with_uuid_stamped__rosidl_typesupport_fastrtps_cpp.hpp
-- Up-to-date: /root/r2ware/install/autoware_planning_msgs/include/autoware_planning_msgs/msg/detail/path_point_with_lane_id__rosidl_typesupport_fastrtps_cpp.hpp
-- Up-to-date: /root/r2ware/install/autoware_planning_msgs/include/autoware_planning_msgs/msg/detail/path__rosidl_typesupport_fastrtps_cpp.hpp
-- Up-to-date: /root/r2ware/install/autoware_planning_msgs/include/autoware_planning_msgs/msg/detail/lanelet_segment__rosidl_typesupport_fastrtps_cpp.hpp
-- Up-to-date: /root/r2ware/install/autoware_planning_msgs/include/autoware_planning_msgs/msg/detail/dds_fastrtps
-- Up-to-date: /root/r2ware/install/autoware_planning_msgs/include/autoware_planning_msgs/msg/detail/trajectory_point__rosidl_typesupport_fastrtps_cpp.hpp
-- Up-to-date: /root/r2ware/install/autoware_planning_msgs/include/autoware_planning_msgs/msg/detail/trajectory__rosidl_typesupport_fastrtps_cpp.hpp
-- Up-to-date: /root/r2ware/install/autoware_planning_msgs/include/autoware_planning_msgs/msg/detail/path_point__rosidl_typesupport_fastrtps_cpp.hpp
-- Up-to-date: /root/r2ware/install/autoware_planning_msgs/include/autoware_planning_msgs/msg/detail/lanelet_primitive__rosidl_typesupport_fastrtps_cpp.hpp
-- Up-to-date: /root/r2ware/install/autoware_planning_msgs/include/autoware_planning_msgs/msg/detail/lanelet_route__rosidl_typesupport_fastrtps_cpp.hpp
-- Up-to-date: /root/r2ware/install/autoware_planning_msgs/include/autoware_planning_msgs/msg/detail/path_with_lane_id__rosidl_typesupport_fastrtps_cpp.hpp
-- Up-to-date: /root/r2ware/install/autoware_planning_msgs/lib/libautoware_planning_msgs__rosidl_typesupport_fastrtps_cpp.so
-- Up-to-date: /root/r2ware/install/autoware_planning_msgs/include/autoware_planning_msgs
-- Up-to-date: /root/r2ware/install/autoware_planning_msgs/include/autoware_planning_msgs/msg
-- Up-to-date: /root/r2ware/install/autoware_planning_msgs/include/autoware_planning_msgs/msg/rosidl_typesupport_introspection_c__visibility_control.h
-- Up-to-date: /root/r2ware/install/autoware_planning_msgs/include/autoware_planning_msgs/msg/detail
-- Up-to-date: /root/r2ware/install/autoware_planning_msgs/include/autoware_planning_msgs/msg/detail/lanelet_primitive__rosidl_typesupport_introspection_c.h
-- Up-to-date: /root/r2ware/install/autoware_planning_msgs/include/autoware_planning_msgs/msg/detail/pose_with_uuid_stamped__rosidl_typesupport_introspection_c.h
-- Up-to-date: /root/r2ware/install/autoware_planning_msgs/include/autoware_planning_msgs/msg/detail/trajectory_point__rosidl_typesupport_introspection_c.h
-- Up-to-date: /root/r2ware/install/autoware_planning_msgs/include/autoware_planning_msgs/msg/detail/lanelet_primitive__type_support.c
-- Up-to-date: /root/r2ware/install/autoware_planning_msgs/include/autoware_planning_msgs/msg/detail/path_with_lane_id__type_support.c
-- Up-to-date: /root/r2ware/install/autoware_planning_msgs/include/autoware_planning_msgs/msg/detail/trajectory__type_support.c
-- Up-to-date: /root/r2ware/install/autoware_planning_msgs/include/autoware_planning_msgs/msg/detail/pose_with_uuid_stamped__type_support.c
-- Up-to-date: /root/r2ware/install/autoware_planning_msgs/include/autoware_planning_msgs/msg/detail/path_point_with_lane_id__rosidl_typesupport_introspection_c.h
-- Up-to-date: /root/r2ware/install/autoware_planning_msgs/include/autoware_planning_msgs/msg/detail/trajectory__rosidl_typesupport_introspection_c.h
-- Up-to-date: /root/r2ware/install/autoware_planning_msgs/include/autoware_planning_msgs/msg/detail/path_point_with_lane_id__type_support.c
-- Up-to-date: /root/r2ware/install/autoware_planning_msgs/include/autoware_planning_msgs/msg/detail/lanelet_segment__rosidl_typesupport_introspection_c.h
-- Up-to-date: /root/r2ware/install/autoware_planning_msgs/include/autoware_planning_msgs/msg/detail/path__rosidl_typesupport_introspection_c.h
-- Up-to-date: /root/r2ware/install/autoware_planning_msgs/include/autoware_planning_msgs/msg/detail/lanelet_segment__type_support.c
-- Up-to-date: /root/r2ware/install/autoware_planning_msgs/include/autoware_planning_msgs/msg/detail/trajectory_point__type_support.c
-- Up-to-date: /root/r2ware/install/autoware_planning_msgs/include/autoware_planning_msgs/msg/detail/lanelet_route__type_support.c
-- Up-to-date: /root/r2ware/install/autoware_planning_msgs/include/autoware_planning_msgs/msg/detail/lanelet_route__rosidl_typesupport_introspection_c.h
-- Up-to-date: /root/r2ware/install/autoware_planning_msgs/include/autoware_planning_msgs/msg/detail/path_point__rosidl_typesupport_introspection_c.h
-- Up-to-date: /root/r2ware/install/autoware_planning_msgs/include/autoware_planning_msgs/msg/detail/path__type_support.c
-- Up-to-date: /root/r2ware/install/autoware_planning_msgs/include/autoware_planning_msgs/msg/detail/path_point__type_support.c
-- Up-to-date: /root/r2ware/install/autoware_planning_msgs/include/autoware_planning_msgs/msg/detail/path_with_lane_id__rosidl_typesupport_introspection_c.h
-- Up-to-date: /root/r2ware/install/autoware_planning_msgs/lib/libautoware_planning_msgs__rosidl_typesupport_introspection_c.so
-- Up-to-date: /root/r2ware/install/autoware_planning_msgs/lib/libautoware_planning_msgs__rosidl_typesupport_c.so
-- Up-to-date: /root/r2ware/install/autoware_planning_msgs/include/autoware_planning_msgs
-- Up-to-date: /root/r2ware/install/autoware_planning_msgs/include/autoware_planning_msgs/msg
-- Up-to-date: /root/r2ware/install/autoware_planning_msgs/include/autoware_planning_msgs/msg/pose_with_uuid_stamped.hpp
-- Up-to-date: /root/r2ware/install/autoware_planning_msgs/include/autoware_planning_msgs/msg/path_point.hpp
-- Up-to-date: /root/r2ware/install/autoware_planning_msgs/include/autoware_planning_msgs/msg/path.hpp
-- Up-to-date: /root/r2ware/install/autoware_planning_msgs/include/autoware_planning_msgs/msg/trajectory_point.hpp
-- Up-to-date: /root/r2ware/install/autoware_planning_msgs/include/autoware_planning_msgs/msg/path_point_with_lane_id.hpp
-- Up-to-date: /root/r2ware/install/autoware_planning_msgs/include/autoware_planning_msgs/msg/lanelet_segment.hpp
-- Up-to-date: /root/r2ware/install/autoware_planning_msgs/include/autoware_planning_msgs/msg/trajectory.hpp
-- Up-to-date: /root/r2ware/install/autoware_planning_msgs/include/autoware_planning_msgs/msg/detail
-- Up-to-date: /root/r2ware/install/autoware_planning_msgs/include/autoware_planning_msgs/msg/detail/lanelet_primitive__builder.hpp
-- Up-to-date: /root/r2ware/install/autoware_planning_msgs/include/autoware_planning_msgs/msg/detail/path_with_lane_id__struct.hpp
-- Up-to-date: /root/r2ware/install/autoware_planning_msgs/include/autoware_planning_msgs/msg/detail/path__traits.hpp
-- Up-to-date: /root/r2ware/install/autoware_planning_msgs/include/autoware_planning_msgs/msg/detail/trajectory_point__builder.hpp
-- Up-to-date: /root/r2ware/install/autoware_planning_msgs/include/autoware_planning_msgs/msg/detail/trajectory__builder.hpp
-- Up-to-date: /root/r2ware/install/autoware_planning_msgs/include/autoware_planning_msgs/msg/detail/path_point_with_lane_id__struct.hpp
-- Up-to-date: /root/r2ware/install/autoware_planning_msgs/include/autoware_planning_msgs/msg/detail/lanelet_route__struct.hpp
-- Up-to-date: /root/r2ware/install/autoware_planning_msgs/include/autoware_planning_msgs/msg/detail/path_with_lane_id__builder.hpp
-- Up-to-date: /root/r2ware/install/autoware_planning_msgs/include/autoware_planning_msgs/msg/detail/path_point__struct.hpp
-- Up-to-date: /root/r2ware/install/autoware_planning_msgs/include/autoware_planning_msgs/msg/detail/trajectory__struct.hpp
-- Up-to-date: /root/r2ware/install/autoware_planning_msgs/include/autoware_planning_msgs/msg/detail/trajectory_point__traits.hpp
-- Up-to-date: /root/r2ware/install/autoware_planning_msgs/include/autoware_planning_msgs/msg/detail/path__struct.hpp
-- Up-to-date: /root/r2ware/install/autoware_planning_msgs/include/autoware_planning_msgs/msg/detail/lanelet_segment__struct.hpp
-- Up-to-date: /root/r2ware/install/autoware_planning_msgs/include/autoware_planning_msgs/msg/detail/lanelet_route__builder.hpp
-- Up-to-date: /root/r2ware/install/autoware_planning_msgs/include/autoware_planning_msgs/msg/detail/trajectory__traits.hpp
-- Up-to-date: /root/r2ware/install/autoware_planning_msgs/include/autoware_planning_msgs/msg/detail/trajectory_point__struct.hpp
-- Up-to-date: /root/r2ware/install/autoware_planning_msgs/include/autoware_planning_msgs/msg/detail/lanelet_primitive__traits.hpp
-- Up-to-date: /root/r2ware/install/autoware_planning_msgs/include/autoware_planning_msgs/msg/detail/lanelet_route__traits.hpp
-- Up-to-date: /root/r2ware/install/autoware_planning_msgs/include/autoware_planning_msgs/msg/detail/path_point__builder.hpp
-- Up-to-date: /root/r2ware/install/autoware_planning_msgs/include/autoware_planning_msgs/msg/detail/path__builder.hpp
-- Up-to-date: /root/r2ware/install/autoware_planning_msgs/include/autoware_planning_msgs/msg/detail/pose_with_uuid_stamped__builder.hpp
-- Up-to-date: /root/r2ware/install/autoware_planning_msgs/include/autoware_planning_msgs/msg/detail/path_point_with_lane_id__traits.hpp
-- Up-to-date: /root/r2ware/install/autoware_planning_msgs/include/autoware_planning_msgs/msg/detail/lanelet_segment__builder.hpp
-- Up-to-date: /root/r2ware/install/autoware_planning_msgs/include/autoware_planning_msgs/msg/detail/path_with_lane_id__traits.hpp
-- Up-to-date: /root/r2ware/install/autoware_planning_msgs/include/autoware_planning_msgs/msg/detail/path_point__traits.hpp
-- Up-to-date: /root/r2ware/install/autoware_planning_msgs/include/autoware_planning_msgs/msg/detail/path_point_with_lane_id__builder.hpp
-- Up-to-date: /root/r2ware/install/autoware_planning_msgs/include/autoware_planning_msgs/msg/detail/pose_with_uuid_stamped__struct.hpp
-- Up-to-date: /root/r2ware/install/autoware_planning_msgs/include/autoware_planning_msgs/msg/detail/lanelet_primitive__struct.hpp
-- Up-to-date: /root/r2ware/install/autoware_planning_msgs/include/autoware_planning_msgs/msg/detail/lanelet_segment__traits.hpp
-- Up-to-date: /root/r2ware/install/autoware_planning_msgs/include/autoware_planning_msgs/msg/detail/pose_with_uuid_stamped__traits.hpp
-- Up-to-date: /root/r2ware/install/autoware_planning_msgs/include/autoware_planning_msgs/msg/lanelet_primitive.hpp
-- Up-to-date: /root/r2ware/install/autoware_planning_msgs/include/autoware_planning_msgs/msg/lanelet_route.hpp
-- Up-to-date: /root/r2ware/install/autoware_planning_msgs/include/autoware_planning_msgs/msg/path_with_lane_id.hpp
-- Up-to-date: /root/r2ware/install/autoware_planning_msgs/include/autoware_planning_msgs
-- Up-to-date: /root/r2ware/install/autoware_planning_msgs/include/autoware_planning_msgs/msg
-- Up-to-date: /root/r2ware/install/autoware_planning_msgs/include/autoware_planning_msgs/msg/detail
-- Up-to-date: /root/r2ware/install/autoware_planning_msgs/include/autoware_planning_msgs/msg/detail/path_with_lane_id__type_support.cpp
-- Up-to-date: /root/r2ware/install/autoware_planning_msgs/include/autoware_planning_msgs/msg/detail/pose_with_uuid_stamped__type_support.cpp
-- Up-to-date: /root/r2ware/install/autoware_planning_msgs/include/autoware_planning_msgs/msg/detail/path_with_lane_id__rosidl_typesupport_introspection_cpp.hpp
-- Up-to-date: /root/r2ware/install/autoware_planning_msgs/include/autoware_planning_msgs/msg/detail/trajectory__type_support.cpp
-- Up-to-date: /root/r2ware/install/autoware_planning_msgs/include/autoware_planning_msgs/msg/detail/path_point_with_lane_id__rosidl_typesupport_introspection_cpp.hpp
-- Up-to-date: /root/r2ware/install/autoware_planning_msgs/include/autoware_planning_msgs/msg/detail/pose_with_uuid_stamped__rosidl_typesupport_introspection_cpp.hpp
-- Up-to-date: /root/r2ware/install/autoware_planning_msgs/include/autoware_planning_msgs/msg/detail/lanelet_route__rosidl_typesupport_introspection_cpp.hpp
-- Up-to-date: /root/r2ware/install/autoware_planning_msgs/include/autoware_planning_msgs/msg/detail/trajectory__rosidl_typesupport_introspection_cpp.hpp
-- Up-to-date: /root/r2ware/install/autoware_planning_msgs/include/autoware_planning_msgs/msg/detail/lanelet_primitive__rosidl_typesupport_introspection_cpp.hpp
-- Up-to-date: /root/r2ware/install/autoware_planning_msgs/include/autoware_planning_msgs/msg/detail/trajectory_point__rosidl_typesupport_introspection_cpp.hpp
-- Up-to-date: /root/r2ware/install/autoware_planning_msgs/include/autoware_planning_msgs/msg/detail/path_point__type_support.cpp
-- Up-to-date: /root/r2ware/install/autoware_planning_msgs/include/autoware_planning_msgs/msg/detail/path__rosidl_typesupport_introspection_cpp.hpp
-- Up-to-date: /root/r2ware/install/autoware_planning_msgs/include/autoware_planning_msgs/msg/detail/lanelet_route__type_support.cpp
-- Up-to-date: /root/r2ware/install/autoware_planning_msgs/include/autoware_planning_msgs/msg/detail/path_point_with_lane_id__type_support.cpp
-- Up-to-date: /root/r2ware/install/autoware_planning_msgs/include/autoware_planning_msgs/msg/detail/path__type_support.cpp
-- Up-to-date: /root/r2ware/install/autoware_planning_msgs/include/autoware_planning_msgs/msg/detail/lanelet_segment__type_support.cpp
-- Up-to-date: /root/r2ware/install/autoware_planning_msgs/include/autoware_planning_msgs/msg/detail/trajectory_point__type_support.cpp
-- Up-to-date: /root/r2ware/install/autoware_planning_msgs/include/autoware_planning_msgs/msg/detail/lanelet_segment__rosidl_typesupport_introspection_cpp.hpp
-- Up-to-date: /root/r2ware/install/autoware_planning_msgs/include/autoware_planning_msgs/msg/detail/lanelet_primitive__type_support.cpp
-- Up-to-date: /root/r2ware/install/autoware_planning_msgs/include/autoware_planning_msgs/msg/detail/path_point__rosidl_typesupport_introspection_cpp.hpp
-- Up-to-date: /root/r2ware/install/autoware_planning_msgs/lib/libautoware_planning_msgs__rosidl_typesupport_introspection_cpp.so
-- Up-to-date: /root/r2ware/install/autoware_planning_msgs/lib/libautoware_planning_msgs__rosidl_typesupport_cpp.so
-- Up-to-date: /root/r2ware/install/autoware_planning_msgs/share/autoware_planning_msgs/environment/pythonpath.sh
-- Installing: /root/r2ware/install/autoware_planning_msgs/share/autoware_planning_msgs/environment/pythonpath.dsv
-- Installing: /root/r2ware/install/autoware_planning_msgs/lib/python3.8/site-packages/autoware_planning_msgs/__init__.py
Compiling '/root/r2ware/install/autoware_planning_msgs/lib/python3.8/site-packages/autoware_planning_msgs/__init__.py'...
-- Up-to-date: /root/r2ware/install/autoware_planning_msgs/lib/python3.8/site-packages/autoware_planning_msgs/msg
-- Up-to-date: /root/r2ware/install/autoware_planning_msgs/lib/python3.8/site-packages/autoware_planning_msgs/msg/_lanelet_route.py
-- Up-to-date: /root/r2ware/install/autoware_planning_msgs/lib/python3.8/site-packages/autoware_planning_msgs/msg/_lanelet_primitive.py
-- Up-to-date: /root/r2ware/install/autoware_planning_msgs/lib/python3.8/site-packages/autoware_planning_msgs/msg/_path_point_with_lane_id_s.c
-- Up-to-date: /root/r2ware/install/autoware_planning_msgs/lib/python3.8/site-packages/autoware_planning_msgs/msg/__init__.py
-- Up-to-date: /root/r2ware/install/autoware_planning_msgs/lib/python3.8/site-packages/autoware_planning_msgs/msg/_path.py
-- Up-to-date: /root/r2ware/install/autoware_planning_msgs/lib/python3.8/site-packages/autoware_planning_msgs/msg/_trajectory_point.py
-- Up-to-date: /root/r2ware/install/autoware_planning_msgs/lib/python3.8/site-packages/autoware_planning_msgs/msg/_path_point.py
-- Up-to-date: /root/r2ware/install/autoware_planning_msgs/lib/python3.8/site-packages/autoware_planning_msgs/msg/_pose_with_uuid_stamped.py
-- Up-to-date: /root/r2ware/install/autoware_planning_msgs/lib/python3.8/site-packages/autoware_planning_msgs/msg/_path_point_s.c
-- Up-to-date: /root/r2ware/install/autoware_planning_msgs/lib/python3.8/site-packages/autoware_planning_msgs/msg/_lanelet_route_s.c
-- Up-to-date: /root/r2ware/install/autoware_planning_msgs/lib/python3.8/site-packages/autoware_planning_msgs/msg/_trajectory.py
-- Up-to-date: /root/r2ware/install/autoware_planning_msgs/lib/python3.8/site-packages/autoware_planning_msgs/msg/_path_with_lane_id.py
-- Up-to-date: /root/r2ware/install/autoware_planning_msgs/lib/python3.8/site-packages/autoware_planning_msgs/msg/_lanelet_segment_s.c
-- Up-to-date: /root/r2ware/install/autoware_planning_msgs/lib/python3.8/site-packages/autoware_planning_msgs/msg/_trajectory_point_s.c
-- Up-to-date: /root/r2ware/install/autoware_planning_msgs/lib/python3.8/site-packages/autoware_planning_msgs/msg/_path_s.c
-- Up-to-date: /root/r2ware/install/autoware_planning_msgs/lib/python3.8/site-packages/autoware_planning_msgs/msg/_lanelet_segment.py
-- Up-to-date: /root/r2ware/install/autoware_planning_msgs/lib/python3.8/site-packages/autoware_planning_msgs/msg/_pose_with_uuid_stamped_s.c
-- Up-to-date: /root/r2ware/install/autoware_planning_msgs/lib/python3.8/site-packages/autoware_planning_msgs/msg/_path_with_lane_id_s.c
-- Up-to-date: /root/r2ware/install/autoware_planning_msgs/lib/python3.8/site-packages/autoware_planning_msgs/msg/_trajectory_s.c
-- Up-to-date: /root/r2ware/install/autoware_planning_msgs/lib/python3.8/site-packages/autoware_planning_msgs/msg/_path_point_with_lane_id.py
-- Up-to-date: /root/r2ware/install/autoware_planning_msgs/lib/python3.8/site-packages/autoware_planning_msgs/msg/_lanelet_primitive_s.c
-- Up-to-date: /root/r2ware/install/autoware_planning_msgs/lib/python3.8/site-packages/autoware_planning_msgs/autoware_planning_msgs_s__rosidl_typesupport_fastrtps_c.cpython-38-aarch64-linux-gnu.so
-- Up-to-date: /root/r2ware/install/autoware_planning_msgs/lib/python3.8/site-packages/autoware_planning_msgs/autoware_planning_msgs_s__rosidl_typesupport_introspection_c.cpython-38-aarch64-linux-gnu.so
-- Up-to-date: /root/r2ware/install/autoware_planning_msgs/lib/python3.8/site-packages/autoware_planning_msgs/autoware_planning_msgs_s__rosidl_typesupport_c.cpython-38-aarch64-linux-gnu.so
-- Up-to-date: /root/r2ware/install/autoware_planning_msgs/lib/libautoware_planning_msgs__python.so
-- Up-to-date: /root/r2ware/install/autoware_planning_msgs/share/autoware_planning_msgs/msg/LaneletPrimitive.idl
-- Up-to-date: /root/r2ware/install/autoware_planning_msgs/share/autoware_planning_msgs/msg/LaneletRoute.idl
-- Up-to-date: /root/r2ware/install/autoware_planning_msgs/share/autoware_planning_msgs/msg/LaneletSegment.idl
-- Up-to-date: /root/r2ware/install/autoware_planning_msgs/share/autoware_planning_msgs/msg/PoseWithUuidStamped.idl
-- Up-to-date: /root/r2ware/install/autoware_planning_msgs/share/autoware_planning_msgs/msg/Trajectory.idl
-- Up-to-date: /root/r2ware/install/autoware_planning_msgs/share/autoware_planning_msgs/msg/TrajectoryPoint.idl
-- Up-to-date: /root/r2ware/install/autoware_planning_msgs/share/autoware_planning_msgs/msg/Path.idl
-- Up-to-date: /root/r2ware/install/autoware_planning_msgs/share/autoware_planning_msgs/msg/PathPoint.idl
-- Up-to-date: /root/r2ware/install/autoware_planning_msgs/share/autoware_planning_msgs/msg/PathWithLaneId.idl
-- Up-to-date: /root/r2ware/install/autoware_planning_msgs/share/autoware_planning_msgs/msg/PathPointWithLaneId.idl
-- Installing: /root/r2ware/install/autoware_planning_msgs/share/autoware_planning_msgs/msg/LaneletPrimitive.msg
-- Installing: /root/r2ware/install/autoware_planning_msgs/share/autoware_planning_msgs/msg/LaneletRoute.msg
-- Installing: /root/r2ware/install/autoware_planning_msgs/share/autoware_planning_msgs/msg/LaneletSegment.msg
-- Installing: /root/r2ware/install/autoware_planning_msgs/share/autoware_planning_msgs/msg/PoseWithUuidStamped.msg
-- Installing: /root/r2ware/install/autoware_planning_msgs/share/autoware_planning_msgs/msg/Trajectory.msg
-- Installing: /root/r2ware/install/autoware_planning_msgs/share/autoware_planning_msgs/msg/TrajectoryPoint.msg
-- Installing: /root/r2ware/install/autoware_planning_msgs/share/autoware_planning_msgs/msg/Path.msg
-- Installing: /root/r2ware/install/autoware_planning_msgs/share/autoware_planning_msgs/msg/PathPoint.msg
-- Installing: /root/r2ware/install/autoware_planning_msgs/share/autoware_planning_msgs/msg/PathWithLaneId.msg
-- Installing: /root/r2ware/install/autoware_planning_msgs/share/autoware_planning_msgs/msg/PathPointWithLaneId.msg
-- Up-to-date: /root/r2ware/install/autoware_planning_msgs/share/ament_index/resource_index/package_run_dependencies/autoware_planning_msgs
-- Installing: /root/r2ware/install/autoware_planning_msgs/share/ament_index/resource_index/parent_prefix_path/autoware_planning_msgs
-- Up-to-date: /root/r2ware/install/autoware_planning_msgs/share/autoware_planning_msgs/environment/ament_prefix_path.sh
-- Installing: /root/r2ware/install/autoware_planning_msgs/share/autoware_planning_msgs/environment/ament_prefix_path.dsv
-- Up-to-date: /root/r2ware/install/autoware_planning_msgs/share/autoware_planning_msgs/environment/path.sh
-- Installing: /root/r2ware/install/autoware_planning_msgs/share/autoware_planning_msgs/environment/path.dsv
-- Up-to-date: /root/r2ware/install/autoware_planning_msgs/share/autoware_planning_msgs/local_setup.bash
-- Up-to-date: /root/r2ware/install/autoware_planning_msgs/share/autoware_planning_msgs/local_setup.sh
-- Up-to-date: /root/r2ware/install/autoware_planning_msgs/share/autoware_planning_msgs/local_setup.zsh
-- Installing: /root/r2ware/install/autoware_planning_msgs/share/autoware_planning_msgs/local_setup.dsv
-- Installing: /root/r2ware/install/autoware_planning_msgs/share/autoware_planning_msgs/package.dsv
-- Up-to-date: /root/r2ware/install/autoware_planning_msgs/share/ament_index/resource_index/packages/autoware_planning_msgs
-- Up-to-date: /root/r2ware/install/autoware_planning_msgs/share/autoware_planning_msgs/cmake/autoware_planning_msgs__rosidl_generator_cExport.cmake
-- Installing: /root/r2ware/install/autoware_planning_msgs/share/autoware_planning_msgs/cmake/autoware_planning_msgs__rosidl_generator_cExport-noconfig.cmake
-- Up-to-date: /root/r2ware/install/autoware_planning_msgs/share/autoware_planning_msgs/cmake/autoware_planning_msgs__rosidl_typesupport_introspection_cExport.cmake
-- Installing: /root/r2ware/install/autoware_planning_msgs/share/autoware_planning_msgs/cmake/autoware_planning_msgs__rosidl_typesupport_introspection_cExport-noconfig.cmake
-- Up-to-date: /root/r2ware/install/autoware_planning_msgs/share/autoware_planning_msgs/cmake/autoware_planning_msgs__rosidl_typesupport_cExport.cmake
-- Installing: /root/r2ware/install/autoware_planning_msgs/share/autoware_planning_msgs/cmake/autoware_planning_msgs__rosidl_typesupport_cExport-noconfig.cmake
-- Up-to-date: /root/r2ware/install/autoware_planning_msgs/share/autoware_planning_msgs/cmake/autoware_planning_msgs__rosidl_generator_cppExport.cmake
-- Up-to-date: /root/r2ware/install/autoware_planning_msgs/share/autoware_planning_msgs/cmake/autoware_planning_msgs__rosidl_typesupport_introspection_cppExport.cmake
-- Installing: /root/r2ware/install/autoware_planning_msgs/share/autoware_planning_msgs/cmake/autoware_planning_msgs__rosidl_typesupport_introspection_cppExport-noconfig.cmake
-- Up-to-date: /root/r2ware/install/autoware_planning_msgs/share/autoware_planning_msgs/cmake/autoware_planning_msgs__rosidl_typesupport_cppExport.cmake
-- Installing: /root/r2ware/install/autoware_planning_msgs/share/autoware_planning_msgs/cmake/autoware_planning_msgs__rosidl_typesupport_cppExport-noconfig.cmake
-- Up-to-date: /root/r2ware/install/autoware_planning_msgs/share/autoware_planning_msgs/cmake/rosidl_cmake-extras.cmake
-- Up-to-date: /root/r2ware/install/autoware_planning_msgs/share/autoware_planning_msgs/cmake/ament_cmake_export_dependencies-extras.cmake
-- Up-to-date: /root/r2ware/install/autoware_planning_msgs/share/autoware_planning_msgs/cmake/ament_cmake_export_libraries-extras.cmake
-- Up-to-date: /root/r2ware/install/autoware_planning_msgs/share/autoware_planning_msgs/cmake/ament_cmake_export_targets-extras.cmake
-- Up-to-date: /root/r2ware/install/autoware_planning_msgs/share/autoware_planning_msgs/cmake/ament_cmake_export_include_directories-extras.cmake
-- Up-to-date: /root/r2ware/install/autoware_planning_msgs/share/autoware_planning_msgs/cmake/rosidl_cmake_export_typesupport_libraries-extras.cmake
-- Up-to-date: /root/r2ware/install/autoware_planning_msgs/share/autoware_planning_msgs/cmake/rosidl_cmake_export_typesupport_targets-extras.cmake
-- Up-to-date: /root/r2ware/install/autoware_planning_msgs/share/autoware_planning_msgs/cmake/autoware_planning_msgsConfig.cmake
-- Up-to-date: /root/r2ware/install/autoware_planning_msgs/share/autoware_planning_msgs/cmake/autoware_planning_msgsConfig-version.cmake
-- Installing: /root/r2ware/install/autoware_planning_msgs/share/autoware_planning_msgs/package.xml
