[0.190s] Invoking command in '/root/r2ware/build/autoware_planning_msgs': CMAKE_PREFIX_PATH=${CMAKE_PREFIX_PATH}:/root/yahboomcar_ros2_ws/yahboomcar_ws/install/yahboomcar_voice_ctrl:/root/yahboomcar_ros2_ws/yahboomcar_ws/install/yahboomcar_visual:/root/yahboomcar_ros2_ws/yahboomcar_ws/install/yahboomcar_nav:/root/yahboomcar_ros2_ws/yahboomcar_ws/install/yahboomcar_multi:/root/yahboomcar_ros2_ws/yahboomcar_ws/install/yahboomcar_mediapipe:/root/yahboomcar_ros2_ws/yahboomcar_ws/install/yahboomcar_linefollow:/root/yahboomcar_ros2_ws/yahboomcar_ws/install/yahboomcar_laser:/root/yahboomcar_ros2_ws/yahboomcar_ws/install/yahboomcar_description_x1:/root/yahboomcar_ros2_ws/yahboomcar_ws/install/yahboomcar_description:/root/yahboomcar_ros2_ws/yahboomcar_ws/install/yahboomcar_ctrl:/root/yahboomcar_ros2_ws/yahboomcar_ws/install/yahboomcar_bringup:/root/yahboomcar_ros2_ws/yahboomcar_ws/install/yahboomcar_astra:/root/yahboomcar_ros2_ws/yahboomcar_ws/install/yahboom_app_save_map:/root/yahboomcar_ros2_ws/yahboomcar_ws/install/robot_pose_publisher:/root/yahboomcar_ros2_ws/yahboomcar_ws/install/laserscan_to_point_pulisher:/opt/ros/foxy /usr/bin/cmake --build /root/r2ware/build/autoware_planning_msgs -- -j8 -l8
[0.294s] -- Found ament_cmake_auto: 0.9.11 (/opt/ros/foxy/share/ament_cmake_auto/cmake)
[0.378s] -- Found PythonInterp: /usr/bin/python3 (found suitable version "3.8.10", minimum required is "3") 
[0.378s] -- Using PYTHON_EXECUTABLE: /usr/bin/python3
[1.163s] -- Using all available rosidl_typesupport_c: rosidl_typesupport_fastrtps_c;rosidl_typesupport_introspection_c
[1.170s] -- Found rosidl_adapter: 1.3.0 (/opt/ros/foxy/share/rosidl_adapter/cmake)
[1.743s] -- Using all available rosidl_typesupport_cpp: rosidl_typesupport_fastrtps_cpp;rosidl_typesupport_introspection_cpp
[2.154s] -- Found PythonInterp: /usr/bin/python3 (found version "3.8.10") 
[2.588s] -- Found ament_cmake_cppcheck: 0.9.7 (/opt/ros/foxy/share/ament_cmake_cppcheck/cmake)
[2.590s] -- Found ament_cmake_cpplint: 0.9.7 (/opt/ros/foxy/share/ament_cmake_cpplint/cmake)
[2.591s] -- Found ament_cmake_uncrustify: 0.9.7 (/opt/ros/foxy/share/ament_cmake_uncrustify/cmake)
[2.594s] -- Found ament_cmake_ros: 0.9.2 (/opt/ros/foxy/share/ament_cmake_ros/cmake)
[3.357s] -- Using all available rosidl_typesupport_c: rosidl_typesupport_fastrtps_c;rosidl_typesupport_introspection_c
[3.683s] -- Using all available rosidl_typesupport_cpp: rosidl_typesupport_fastrtps_cpp;rosidl_typesupport_introspection_cpp
[3.831s] -- Found PythonInterp: /usr/bin/python3 (found suitable version "3.8.10", minimum required is "3.5") 
[3.832s] -- Found python_cmake_module: 0.8.1 (/opt/ros/foxy/share/python_cmake_module/cmake)
[4.003s] -- Using PYTHON_EXECUTABLE: /usr/bin/python3
[4.004s] -- Using PYTHON_INCLUDE_DIRS: /usr/include/python3.8
[4.004s] -- Using PYTHON_LIBRARIES: /usr/lib/aarch64-linux-gnu/libpython3.8.so
[4.397s] -- Found ament_cmake_flake8: 0.9.7 (/opt/ros/foxy/share/ament_cmake_flake8/cmake)
[4.399s] -- Found ament_cmake_pep257: 0.9.7 (/opt/ros/foxy/share/ament_cmake_pep257/cmake)
[4.403s] -- Found ament_lint_auto: 0.9.7 (/opt/ros/foxy/share/ament_lint_auto/cmake)
[4.427s] -- Added test 'copyright' to check source files copyright and LICENSE
[4.428s] -- Added test 'lint_cmake' to check CMake code style
[4.429s] -- Added test 'xmllint' to check XML markup files
[4.444s] -- Configuring done
[4.753s] -- Generating done
[4.762s] -- Build files have been written to: /root/r2ware/build/autoware_planning_msgs
[5.171s] [  0%] Built target autoware_planning_msgs__cpp
[5.240s] [ 12%] Built target autoware_planning_msgs__rosidl_generator_c
[5.403s] [ 24%] Built target autoware_planning_msgs__rosidl_typesupport_introspection_cpp
[5.445s] [ 35%] Built target autoware_planning_msgs__rosidl_typesupport_fastrtps_cpp
[5.497s] [ 47%] Built target autoware_planning_msgs__rosidl_typesupport_introspection_c
[5.574s] [ 59%] Built target autoware_planning_msgs__rosidl_typesupport_cpp
[5.628s] [ 70%] Built target autoware_planning_msgs__rosidl_typesupport_c
[5.835s] [ 82%] Built target autoware_planning_msgs__rosidl_typesupport_fastrtps_c
[6.088s] [ 82%] Built target autoware_planning_msgs
[6.362s] [ 83%] Built target autoware_planning_msgs__py
[6.719s] [ 94%] Built target autoware_planning_msgs__python
[7.124s] [ 96%] Built target autoware_planning_msgs__rosidl_typesupport_c__pyext
[7.166s] [ 98%] Built target autoware_planning_msgs__rosidl_typesupport_introspection_c__pyext
[7.225s] [100%] Built target autoware_planning_msgs__rosidl_typesupport_fastrtps_c__pyext
[7.377s] Invoked command in '/root/r2ware/build/autoware_planning_msgs' returned '0': CMAKE_PREFIX_PATH=${CMAKE_PREFIX_PATH}:/root/yahboomcar_ros2_ws/yahboomcar_ws/install/yahboomcar_voice_ctrl:/root/yahboomcar_ros2_ws/yahboomcar_ws/install/yahboomcar_visual:/root/yahboomcar_ros2_ws/yahboomcar_ws/install/yahboomcar_nav:/root/yahboomcar_ros2_ws/yahboomcar_ws/install/yahboomcar_multi:/root/yahboomcar_ros2_ws/yahboomcar_ws/install/yahboomcar_mediapipe:/root/yahboomcar_ros2_ws/yahboomcar_ws/install/yahboomcar_linefollow:/root/yahboomcar_ros2_ws/yahboomcar_ws/install/yahboomcar_laser:/root/yahboomcar_ros2_ws/yahboomcar_ws/install/yahboomcar_description_x1:/root/yahboomcar_ros2_ws/yahboomcar_ws/install/yahboomcar_description:/root/yahboomcar_ros2_ws/yahboomcar_ws/install/yahboomcar_ctrl:/root/yahboomcar_ros2_ws/yahboomcar_ws/install/yahboomcar_bringup:/root/yahboomcar_ros2_ws/yahboomcar_ws/install/yahboomcar_astra:/root/yahboomcar_ros2_ws/yahboomcar_ws/install/yahboom_app_save_map:/root/yahboomcar_ros2_ws/yahboomcar_ws/install/robot_pose_publisher:/root/yahboomcar_ros2_ws/yahboomcar_ws/install/laserscan_to_point_pulisher:/opt/ros/foxy /usr/bin/cmake --build /root/r2ware/build/autoware_planning_msgs -- -j8 -l8
[15.366s] Invoking command in '/root/r2ware/build/autoware_planning_msgs': CMAKE_PREFIX_PATH=${CMAKE_PREFIX_PATH}:/root/yahboomcar_ros2_ws/yahboomcar_ws/install/yahboomcar_voice_ctrl:/root/yahboomcar_ros2_ws/yahboomcar_ws/install/yahboomcar_visual:/root/yahboomcar_ros2_ws/yahboomcar_ws/install/yahboomcar_nav:/root/yahboomcar_ros2_ws/yahboomcar_ws/install/yahboomcar_multi:/root/yahboomcar_ros2_ws/yahboomcar_ws/install/yahboomcar_mediapipe:/root/yahboomcar_ros2_ws/yahboomcar_ws/install/yahboomcar_linefollow:/root/yahboomcar_ros2_ws/yahboomcar_ws/install/yahboomcar_laser:/root/yahboomcar_ros2_ws/yahboomcar_ws/install/yahboomcar_description_x1:/root/yahboomcar_ros2_ws/yahboomcar_ws/install/yahboomcar_description:/root/yahboomcar_ros2_ws/yahboomcar_ws/install/yahboomcar_ctrl:/root/yahboomcar_ros2_ws/yahboomcar_ws/install/yahboomcar_bringup:/root/yahboomcar_ros2_ws/yahboomcar_ws/install/yahboomcar_astra:/root/yahboomcar_ros2_ws/yahboomcar_ws/install/yahboom_app_save_map:/root/yahboomcar_ros2_ws/yahboomcar_ws/install/robot_pose_publisher:/root/yahboomcar_ros2_ws/yahboomcar_ws/install/laserscan_to_point_pulisher:/opt/ros/foxy /usr/bin/cmake --install /root/r2ware/build/autoware_planning_msgs
[15.468s] -- Install configuration: ""
[15.469s] -- Up-to-date: /root/r2ware/install/autoware_planning_msgs/share/ament_index/resource_index/rosidl_interfaces/autoware_planning_msgs
[15.477s] -- Up-to-date: /root/r2ware/install/autoware_planning_msgs/include/autoware_planning_msgs
[15.478s] -- Up-to-date: /root/r2ware/install/autoware_planning_msgs/include/autoware_planning_msgs/msg
[15.478s] -- Up-to-date: /root/r2ware/install/autoware_planning_msgs/include/autoware_planning_msgs/msg/lanelet_segment.h
[15.479s] -- Up-to-date: /root/r2ware/install/autoware_planning_msgs/include/autoware_planning_msgs/msg/pose_with_uuid_stamped.h
[15.479s] -- Up-to-date: /root/r2ware/install/autoware_planning_msgs/include/autoware_planning_msgs/msg/path_point.h
[15.479s] -- Up-to-date: /root/r2ware/install/autoware_planning_msgs/include/autoware_planning_msgs/msg/trajectory_point.h
[15.479s] -- Up-to-date: /root/r2ware/install/autoware_planning_msgs/include/autoware_planning_msgs/msg/rosidl_generator_c__visibility_control.h
[15.480s] -- Up-to-date: /root/r2ware/install/autoware_planning_msgs/include/autoware_planning_msgs/msg/path_with_lane_id.h
[15.480s] -- Up-to-date: /root/r2ware/install/autoware_planning_msgs/include/autoware_planning_msgs/msg/lanelet_route.h
[15.481s] -- Up-to-date: /root/r2ware/install/autoware_planning_msgs/include/autoware_planning_msgs/msg/path.h
[15.481s] -- Up-to-date: /root/r2ware/install/autoware_planning_msgs/include/autoware_planning_msgs/msg/lanelet_primitive.h
[15.481s] -- Up-to-date: /root/r2ware/install/autoware_planning_msgs/include/autoware_planning_msgs/msg/detail
[15.481s] -- Up-to-date: /root/r2ware/install/autoware_planning_msgs/include/autoware_planning_msgs/msg/detail/lanelet_route__functions.c
[15.482s] -- Up-to-date: /root/r2ware/install/autoware_planning_msgs/include/autoware_planning_msgs/msg/detail/lanelet_route__type_support.h
[15.482s] -- Up-to-date: /root/r2ware/install/autoware_planning_msgs/include/autoware_planning_msgs/msg/detail/path_point_with_lane_id__functions.c
[15.482s] -- Up-to-date: /root/r2ware/install/autoware_planning_msgs/include/autoware_planning_msgs/msg/detail/lanelet_route__struct.h
[15.482s] -- Up-to-date: /root/r2ware/install/autoware_planning_msgs/include/autoware_planning_msgs/msg/detail/path_with_lane_id__functions.h
[15.482s] -- Up-to-date: /root/r2ware/install/autoware_planning_msgs/include/autoware_planning_msgs/msg/detail/trajectory_point__functions.c
[15.482s] -- Up-to-date: /root/r2ware/install/autoware_planning_msgs/include/autoware_planning_msgs/msg/detail/trajectory_point__functions.h
[15.482s] -- Up-to-date: /root/r2ware/install/autoware_planning_msgs/include/autoware_planning_msgs/msg/detail/trajectory_point__type_support.h
[15.482s] -- Up-to-date: /root/r2ware/install/autoware_planning_msgs/include/autoware_planning_msgs/msg/detail/pose_with_uuid_stamped__struct.h
[15.483s] -- Up-to-date: /root/r2ware/install/autoware_planning_msgs/include/autoware_planning_msgs/msg/detail/path_point__type_support.h
[15.483s] -- Up-to-date: /root/r2ware/install/autoware_planning_msgs/include/autoware_planning_msgs/msg/detail/path_with_lane_id__functions.c
[15.483s] -- Up-to-date: /root/r2ware/install/autoware_planning_msgs/include/autoware_planning_msgs/msg/detail/pose_with_uuid_stamped__type_support.h
[15.483s] -- Up-to-date: /root/r2ware/install/autoware_planning_msgs/include/autoware_planning_msgs/msg/detail/path__functions.c
[15.483s] -- Up-to-date: /root/r2ware/install/autoware_planning_msgs/include/autoware_planning_msgs/msg/detail/trajectory_point__struct.h
[15.483s] -- Up-to-date: /root/r2ware/install/autoware_planning_msgs/include/autoware_planning_msgs/msg/detail/lanelet_segment__type_support.h
[15.483s] -- Up-to-date: /root/r2ware/install/autoware_planning_msgs/include/autoware_planning_msgs/msg/detail/path_point_with_lane_id__functions.h
[15.483s] -- Up-to-date: /root/r2ware/install/autoware_planning_msgs/include/autoware_planning_msgs/msg/detail/path_point_with_lane_id__struct.h
[15.484s] -- Up-to-date: /root/r2ware/install/autoware_planning_msgs/include/autoware_planning_msgs/msg/detail/path_with_lane_id__type_support.h
[15.484s] -- Up-to-date: /root/r2ware/install/autoware_planning_msgs/include/autoware_planning_msgs/msg/detail/lanelet_primitive__type_support.h
[15.484s] -- Up-to-date: /root/r2ware/install/autoware_planning_msgs/include/autoware_planning_msgs/msg/detail/lanelet_segment__struct.h
[15.484s] -- Up-to-date: /root/r2ware/install/autoware_planning_msgs/include/autoware_planning_msgs/msg/detail/path_point__struct.h
[15.484s] -- Up-to-date: /root/r2ware/install/autoware_planning_msgs/include/autoware_planning_msgs/msg/detail/trajectory__type_support.h
[15.484s] -- Up-to-date: /root/r2ware/install/autoware_planning_msgs/include/autoware_planning_msgs/msg/detail/trajectory__struct.h
[15.484s] -- Up-to-date: /root/r2ware/install/autoware_planning_msgs/include/autoware_planning_msgs/msg/detail/path__struct.h
[15.484s] -- Up-to-date: /root/r2ware/install/autoware_planning_msgs/include/autoware_planning_msgs/msg/detail/path_point_with_lane_id__type_support.h
[15.485s] -- Up-to-date: /root/r2ware/install/autoware_planning_msgs/include/autoware_planning_msgs/msg/detail/trajectory__functions.c
[15.485s] -- Up-to-date: /root/r2ware/install/autoware_planning_msgs/include/autoware_planning_msgs/msg/detail/path__functions.h
[15.485s] -- Up-to-date: /root/r2ware/install/autoware_planning_msgs/include/autoware_planning_msgs/msg/detail/path__type_support.h
[15.487s] -- Up-to-date: /root/r2ware/install/autoware_planning_msgs/include/autoware_planning_msgs/msg/detail/lanelet_segment__functions.h
[15.487s] -- Up-to-date: /root/r2ware/install/autoware_planning_msgs/include/autoware_planning_msgs/msg/detail/path_point__functions.c
[15.487s] -- Up-to-date: /root/r2ware/install/autoware_planning_msgs/include/autoware_planning_msgs/msg/detail/lanelet_segment__functions.c
[15.487s] -- Up-to-date: /root/r2ware/install/autoware_planning_msgs/include/autoware_planning_msgs/msg/detail/lanelet_primitive__functions.c
[15.487s] -- Up-to-date: /root/r2ware/install/autoware_planning_msgs/include/autoware_planning_msgs/msg/detail/pose_with_uuid_stamped__functions.c
[15.487s] -- Up-to-date: /root/r2ware/install/autoware_planning_msgs/include/autoware_planning_msgs/msg/detail/lanelet_route__functions.h
[15.488s] -- Up-to-date: /root/r2ware/install/autoware_planning_msgs/include/autoware_planning_msgs/msg/detail/path_point__functions.h
[15.488s] -- Up-to-date: /root/r2ware/install/autoware_planning_msgs/include/autoware_planning_msgs/msg/detail/lanelet_primitive__functions.h
[15.488s] -- Up-to-date: /root/r2ware/install/autoware_planning_msgs/include/autoware_planning_msgs/msg/detail/lanelet_primitive__struct.h
[15.488s] -- Up-to-date: /root/r2ware/install/autoware_planning_msgs/include/autoware_planning_msgs/msg/detail/trajectory__functions.h
[15.488s] -- Up-to-date: /root/r2ware/install/autoware_planning_msgs/include/autoware_planning_msgs/msg/detail/path_with_lane_id__struct.h
[15.488s] -- Up-to-date: /root/r2ware/install/autoware_planning_msgs/include/autoware_planning_msgs/msg/detail/pose_with_uuid_stamped__functions.h
[15.488s] -- Up-to-date: /root/r2ware/install/autoware_planning_msgs/include/autoware_planning_msgs/msg/path_point_with_lane_id.h
[15.488s] -- Up-to-date: /root/r2ware/install/autoware_planning_msgs/include/autoware_planning_msgs/msg/trajectory.h
[15.489s] -- Up-to-date: /root/r2ware/install/autoware_planning_msgs/share/autoware_planning_msgs/environment/library_path.sh
[15.489s] -- Installing: /root/r2ware/install/autoware_planning_msgs/share/autoware_planning_msgs/environment/library_path.dsv
[15.489s] -- Up-to-date: /root/r2ware/install/autoware_planning_msgs/lib/libautoware_planning_msgs__rosidl_generator_c.so
[15.489s] -- Up-to-date: /root/r2ware/install/autoware_planning_msgs/include/autoware_planning_msgs
[15.490s] -- Up-to-date: /root/r2ware/install/autoware_planning_msgs/include/autoware_planning_msgs/msg
[15.491s] -- Up-to-date: /root/r2ware/install/autoware_planning_msgs/include/autoware_planning_msgs/msg/rosidl_typesupport_fastrtps_c__visibility_control.h
[15.493s] -- Up-to-date: /root/r2ware/install/autoware_planning_msgs/include/autoware_planning_msgs/msg/detail
[15.494s] -- Up-to-date: /root/r2ware/install/autoware_planning_msgs/include/autoware_planning_msgs/msg/detail/lanelet_route__rosidl_typesupport_fastrtps_c.h
[15.495s] -- Up-to-date: /root/r2ware/install/autoware_planning_msgs/include/autoware_planning_msgs/msg/detail/pose_with_uuid_stamped__rosidl_typesupport_fastrtps_c.h
[15.495s] -- Up-to-date: /root/r2ware/install/autoware_planning_msgs/include/autoware_planning_msgs/msg/detail/lanelet_primitive__rosidl_typesupport_fastrtps_c.h
[15.496s] -- Up-to-date: /root/r2ware/install/autoware_planning_msgs/include/autoware_planning_msgs/msg/detail/path_with_lane_id__rosidl_typesupport_fastrtps_c.h
[15.497s] -- Up-to-date: /root/r2ware/install/autoware_planning_msgs/include/autoware_planning_msgs/msg/detail/lanelet_segment__rosidl_typesupport_fastrtps_c.h
[15.497s] -- Up-to-date: /root/r2ware/install/autoware_planning_msgs/include/autoware_planning_msgs/msg/detail/path__rosidl_typesupport_fastrtps_c.h
[15.498s] -- Up-to-date: /root/r2ware/install/autoware_planning_msgs/include/autoware_planning_msgs/msg/detail/path_point__rosidl_typesupport_fastrtps_c.h
[15.498s] -- Up-to-date: /root/r2ware/install/autoware_planning_msgs/include/autoware_planning_msgs/msg/detail/path_point_with_lane_id__rosidl_typesupport_fastrtps_c.h
[15.501s] -- Up-to-date: /root/r2ware/install/autoware_planning_msgs/include/autoware_planning_msgs/msg/detail/trajectory_point__rosidl_typesupport_fastrtps_c.h
[15.501s] -- Up-to-date: /root/r2ware/install/autoware_planning_msgs/include/autoware_planning_msgs/msg/detail/trajectory__rosidl_typesupport_fastrtps_c.h
[15.501s] -- Up-to-date: /root/r2ware/install/autoware_planning_msgs/lib/libautoware_planning_msgs__rosidl_typesupport_fastrtps_c.so
[15.501s] -- Up-to-date: /root/r2ware/install/autoware_planning_msgs/include/autoware_planning_msgs
[15.501s] -- Up-to-date: /root/r2ware/install/autoware_planning_msgs/include/autoware_planning_msgs/msg
[15.501s] -- Up-to-date: /root/r2ware/install/autoware_planning_msgs/include/autoware_planning_msgs/msg/rosidl_typesupport_fastrtps_cpp__visibility_control.h
[15.502s] -- Up-to-date: /root/r2ware/install/autoware_planning_msgs/include/autoware_planning_msgs/msg/detail
[15.502s] -- Up-to-date: /root/r2ware/install/autoware_planning_msgs/include/autoware_planning_msgs/msg/detail/pose_with_uuid_stamped__rosidl_typesupport_fastrtps_cpp.hpp
[15.502s] -- Up-to-date: /root/r2ware/install/autoware_planning_msgs/include/autoware_planning_msgs/msg/detail/path_point_with_lane_id__rosidl_typesupport_fastrtps_cpp.hpp
[15.502s] -- Up-to-date: /root/r2ware/install/autoware_planning_msgs/include/autoware_planning_msgs/msg/detail/path__rosidl_typesupport_fastrtps_cpp.hpp
[15.502s] -- Up-to-date: /root/r2ware/install/autoware_planning_msgs/include/autoware_planning_msgs/msg/detail/lanelet_segment__rosidl_typesupport_fastrtps_cpp.hpp
[15.502s] -- Up-to-date: /root/r2ware/install/autoware_planning_msgs/include/autoware_planning_msgs/msg/detail/dds_fastrtps
[15.502s] -- Up-to-date: /root/r2ware/install/autoware_planning_msgs/include/autoware_planning_msgs/msg/detail/trajectory_point__rosidl_typesupport_fastrtps_cpp.hpp
[15.502s] -- Up-to-date: /root/r2ware/install/autoware_planning_msgs/include/autoware_planning_msgs/msg/detail/trajectory__rosidl_typesupport_fastrtps_cpp.hpp
[15.503s] -- Up-to-date: /root/r2ware/install/autoware_planning_msgs/include/autoware_planning_msgs/msg/detail/path_point__rosidl_typesupport_fastrtps_cpp.hpp
[15.503s] -- Up-to-date: /root/r2ware/install/autoware_planning_msgs/include/autoware_planning_msgs/msg/detail/lanelet_primitive__rosidl_typesupport_fastrtps_cpp.hpp
[15.503s] -- Up-to-date: /root/r2ware/install/autoware_planning_msgs/include/autoware_planning_msgs/msg/detail/lanelet_route__rosidl_typesupport_fastrtps_cpp.hpp
[15.503s] -- Up-to-date: /root/r2ware/install/autoware_planning_msgs/include/autoware_planning_msgs/msg/detail/path_with_lane_id__rosidl_typesupport_fastrtps_cpp.hpp
[15.503s] -- Up-to-date: /root/r2ware/install/autoware_planning_msgs/lib/libautoware_planning_msgs__rosidl_typesupport_fastrtps_cpp.so
[15.503s] -- Up-to-date: /root/r2ware/install/autoware_planning_msgs/include/autoware_planning_msgs
[15.503s] -- Up-to-date: /root/r2ware/install/autoware_planning_msgs/include/autoware_planning_msgs/msg
[15.503s] -- Up-to-date: /root/r2ware/install/autoware_planning_msgs/include/autoware_planning_msgs/msg/rosidl_typesupport_introspection_c__visibility_control.h
[15.504s] -- Up-to-date: /root/r2ware/install/autoware_planning_msgs/include/autoware_planning_msgs/msg/detail
[15.504s] -- Up-to-date: /root/r2ware/install/autoware_planning_msgs/include/autoware_planning_msgs/msg/detail/lanelet_primitive__rosidl_typesupport_introspection_c.h
[15.504s] -- Up-to-date: /root/r2ware/install/autoware_planning_msgs/include/autoware_planning_msgs/msg/detail/pose_with_uuid_stamped__rosidl_typesupport_introspection_c.h
[15.504s] -- Up-to-date: /root/r2ware/install/autoware_planning_msgs/include/autoware_planning_msgs/msg/detail/trajectory_point__rosidl_typesupport_introspection_c.h
[15.504s] -- Up-to-date: /root/r2ware/install/autoware_planning_msgs/include/autoware_planning_msgs/msg/detail/lanelet_primitive__type_support.c
[15.504s] -- Up-to-date: /root/r2ware/install/autoware_planning_msgs/include/autoware_planning_msgs/msg/detail/path_with_lane_id__type_support.c
[15.504s] -- Up-to-date: /root/r2ware/install/autoware_planning_msgs/include/autoware_planning_msgs/msg/detail/trajectory__type_support.c
[15.504s] -- Up-to-date: /root/r2ware/install/autoware_planning_msgs/include/autoware_planning_msgs/msg/detail/pose_with_uuid_stamped__type_support.c
[15.505s] -- Up-to-date: /root/r2ware/install/autoware_planning_msgs/include/autoware_planning_msgs/msg/detail/path_point_with_lane_id__rosidl_typesupport_introspection_c.h
[15.505s] -- Up-to-date: /root/r2ware/install/autoware_planning_msgs/include/autoware_planning_msgs/msg/detail/trajectory__rosidl_typesupport_introspection_c.h
[15.505s] -- Up-to-date: /root/r2ware/install/autoware_planning_msgs/include/autoware_planning_msgs/msg/detail/path_point_with_lane_id__type_support.c
[15.505s] -- Up-to-date: /root/r2ware/install/autoware_planning_msgs/include/autoware_planning_msgs/msg/detail/lanelet_segment__rosidl_typesupport_introspection_c.h
[15.505s] -- Up-to-date: /root/r2ware/install/autoware_planning_msgs/include/autoware_planning_msgs/msg/detail/path__rosidl_typesupport_introspection_c.h
[15.505s] -- Up-to-date: /root/r2ware/install/autoware_planning_msgs/include/autoware_planning_msgs/msg/detail/lanelet_segment__type_support.c
[15.505s] -- Up-to-date: /root/r2ware/install/autoware_planning_msgs/include/autoware_planning_msgs/msg/detail/trajectory_point__type_support.c
[15.505s] -- Up-to-date: /root/r2ware/install/autoware_planning_msgs/include/autoware_planning_msgs/msg/detail/lanelet_route__type_support.c
[15.506s] -- Up-to-date: /root/r2ware/install/autoware_planning_msgs/include/autoware_planning_msgs/msg/detail/lanelet_route__rosidl_typesupport_introspection_c.h
[15.506s] -- Up-to-date: /root/r2ware/install/autoware_planning_msgs/include/autoware_planning_msgs/msg/detail/path_point__rosidl_typesupport_introspection_c.h
[15.506s] -- Up-to-date: /root/r2ware/install/autoware_planning_msgs/include/autoware_planning_msgs/msg/detail/path__type_support.c
[15.506s] -- Up-to-date: /root/r2ware/install/autoware_planning_msgs/include/autoware_planning_msgs/msg/detail/path_point__type_support.c
[15.506s] -- Up-to-date: /root/r2ware/install/autoware_planning_msgs/include/autoware_planning_msgs/msg/detail/path_with_lane_id__rosidl_typesupport_introspection_c.h
[15.506s] -- Up-to-date: /root/r2ware/install/autoware_planning_msgs/lib/libautoware_planning_msgs__rosidl_typesupport_introspection_c.so
[15.506s] -- Up-to-date: /root/r2ware/install/autoware_planning_msgs/lib/libautoware_planning_msgs__rosidl_typesupport_c.so
[15.506s] -- Up-to-date: /root/r2ware/install/autoware_planning_msgs/include/autoware_planning_msgs
[15.507s] -- Up-to-date: /root/r2ware/install/autoware_planning_msgs/include/autoware_planning_msgs/msg
[15.507s] -- Up-to-date: /root/r2ware/install/autoware_planning_msgs/include/autoware_planning_msgs/msg/pose_with_uuid_stamped.hpp
[15.507s] -- Up-to-date: /root/r2ware/install/autoware_planning_msgs/include/autoware_planning_msgs/msg/path_point.hpp
[15.507s] -- Up-to-date: /root/r2ware/install/autoware_planning_msgs/include/autoware_planning_msgs/msg/path.hpp
[15.507s] -- Up-to-date: /root/r2ware/install/autoware_planning_msgs/include/autoware_planning_msgs/msg/trajectory_point.hpp
[15.507s] -- Up-to-date: /root/r2ware/install/autoware_planning_msgs/include/autoware_planning_msgs/msg/path_point_with_lane_id.hpp
[15.507s] -- Up-to-date: /root/r2ware/install/autoware_planning_msgs/include/autoware_planning_msgs/msg/lanelet_segment.hpp
[15.507s] -- Up-to-date: /root/r2ware/install/autoware_planning_msgs/include/autoware_planning_msgs/msg/trajectory.hpp
[15.507s] -- Up-to-date: /root/r2ware/install/autoware_planning_msgs/include/autoware_planning_msgs/msg/detail
[15.508s] -- Up-to-date: /root/r2ware/install/autoware_planning_msgs/include/autoware_planning_msgs/msg/detail/lanelet_primitive__builder.hpp
[15.508s] -- Up-to-date: /root/r2ware/install/autoware_planning_msgs/include/autoware_planning_msgs/msg/detail/path_with_lane_id__struct.hpp
[15.508s] -- Up-to-date: /root/r2ware/install/autoware_planning_msgs/include/autoware_planning_msgs/msg/detail/path__traits.hpp
[15.508s] -- Up-to-date: /root/r2ware/install/autoware_planning_msgs/include/autoware_planning_msgs/msg/detail/trajectory_point__builder.hpp
[15.508s] -- Up-to-date: /root/r2ware/install/autoware_planning_msgs/include/autoware_planning_msgs/msg/detail/trajectory__builder.hpp
[15.508s] -- Up-to-date: /root/r2ware/install/autoware_planning_msgs/include/autoware_planning_msgs/msg/detail/path_point_with_lane_id__struct.hpp
[15.508s] -- Up-to-date: /root/r2ware/install/autoware_planning_msgs/include/autoware_planning_msgs/msg/detail/lanelet_route__struct.hpp
[15.508s] -- Up-to-date: /root/r2ware/install/autoware_planning_msgs/include/autoware_planning_msgs/msg/detail/path_with_lane_id__builder.hpp
[15.509s] -- Up-to-date: /root/r2ware/install/autoware_planning_msgs/include/autoware_planning_msgs/msg/detail/path_point__struct.hpp
[15.509s] -- Up-to-date: /root/r2ware/install/autoware_planning_msgs/include/autoware_planning_msgs/msg/detail/trajectory__struct.hpp
[15.509s] -- Up-to-date: /root/r2ware/install/autoware_planning_msgs/include/autoware_planning_msgs/msg/detail/trajectory_point__traits.hpp
[15.509s] -- Up-to-date: /root/r2ware/install/autoware_planning_msgs/include/autoware_planning_msgs/msg/detail/path__struct.hpp
[15.536s] -- Up-to-date: /root/r2ware/install/autoware_planning_msgs/include/autoware_planning_msgs/msg/detail/lanelet_segment__struct.hpp
[15.536s] -- Up-to-date: /root/r2ware/install/autoware_planning_msgs/include/autoware_planning_msgs/msg/detail/lanelet_route__builder.hpp
[15.536s] -- Up-to-date: /root/r2ware/install/autoware_planning_msgs/include/autoware_planning_msgs/msg/detail/trajectory__traits.hpp
[15.536s] -- Up-to-date: /root/r2ware/install/autoware_planning_msgs/include/autoware_planning_msgs/msg/detail/trajectory_point__struct.hpp
[15.536s] -- Up-to-date: /root/r2ware/install/autoware_planning_msgs/include/autoware_planning_msgs/msg/detail/lanelet_primitive__traits.hpp
[15.536s] -- Up-to-date: /root/r2ware/install/autoware_planning_msgs/include/autoware_planning_msgs/msg/detail/lanelet_route__traits.hpp
[15.536s] -- Up-to-date: /root/r2ware/install/autoware_planning_msgs/include/autoware_planning_msgs/msg/detail/path_point__builder.hpp
[15.537s] -- Up-to-date: /root/r2ware/install/autoware_planning_msgs/include/autoware_planning_msgs/msg/detail/path__builder.hpp
[15.537s] -- Up-to-date: /root/r2ware/install/autoware_planning_msgs/include/autoware_planning_msgs/msg/detail/pose_with_uuid_stamped__builder.hpp
[15.537s] -- Up-to-date: /root/r2ware/install/autoware_planning_msgs/include/autoware_planning_msgs/msg/detail/path_point_with_lane_id__traits.hpp
[15.537s] -- Up-to-date: /root/r2ware/install/autoware_planning_msgs/include/autoware_planning_msgs/msg/detail/lanelet_segment__builder.hpp
[15.537s] -- Up-to-date: /root/r2ware/install/autoware_planning_msgs/include/autoware_planning_msgs/msg/detail/path_with_lane_id__traits.hpp
[15.537s] -- Up-to-date: /root/r2ware/install/autoware_planning_msgs/include/autoware_planning_msgs/msg/detail/path_point__traits.hpp
[15.537s] -- Up-to-date: /root/r2ware/install/autoware_planning_msgs/include/autoware_planning_msgs/msg/detail/path_point_with_lane_id__builder.hpp
[15.538s] -- Up-to-date: /root/r2ware/install/autoware_planning_msgs/include/autoware_planning_msgs/msg/detail/pose_with_uuid_stamped__struct.hpp
[15.538s] -- Up-to-date: /root/r2ware/install/autoware_planning_msgs/include/autoware_planning_msgs/msg/detail/lanelet_primitive__struct.hpp
[15.538s] -- Up-to-date: /root/r2ware/install/autoware_planning_msgs/include/autoware_planning_msgs/msg/detail/lanelet_segment__traits.hpp
[15.538s] -- Up-to-date: /root/r2ware/install/autoware_planning_msgs/include/autoware_planning_msgs/msg/detail/pose_with_uuid_stamped__traits.hpp
[15.538s] -- Up-to-date: /root/r2ware/install/autoware_planning_msgs/include/autoware_planning_msgs/msg/lanelet_primitive.hpp
[15.538s] -- Up-to-date: /root/r2ware/install/autoware_planning_msgs/include/autoware_planning_msgs/msg/lanelet_route.hpp
[15.538s] -- Up-to-date: /root/r2ware/install/autoware_planning_msgs/include/autoware_planning_msgs/msg/path_with_lane_id.hpp
[15.538s] -- Up-to-date: /root/r2ware/install/autoware_planning_msgs/include/autoware_planning_msgs
[15.539s] -- Up-to-date: /root/r2ware/install/autoware_planning_msgs/include/autoware_planning_msgs/msg
[15.539s] -- Up-to-date: /root/r2ware/install/autoware_planning_msgs/include/autoware_planning_msgs/msg/detail
[15.539s] -- Up-to-date: /root/r2ware/install/autoware_planning_msgs/include/autoware_planning_msgs/msg/detail/path_with_lane_id__type_support.cpp
[15.539s] -- Up-to-date: /root/r2ware/install/autoware_planning_msgs/include/autoware_planning_msgs/msg/detail/pose_with_uuid_stamped__type_support.cpp
[15.539s] -- Up-to-date: /root/r2ware/install/autoware_planning_msgs/include/autoware_planning_msgs/msg/detail/path_with_lane_id__rosidl_typesupport_introspection_cpp.hpp
[15.539s] -- Up-to-date: /root/r2ware/install/autoware_planning_msgs/include/autoware_planning_msgs/msg/detail/trajectory__type_support.cpp
[15.539s] -- Up-to-date: /root/r2ware/install/autoware_planning_msgs/include/autoware_planning_msgs/msg/detail/path_point_with_lane_id__rosidl_typesupport_introspection_cpp.hpp
[15.539s] -- Up-to-date: /root/r2ware/install/autoware_planning_msgs/include/autoware_planning_msgs/msg/detail/pose_with_uuid_stamped__rosidl_typesupport_introspection_cpp.hpp
[15.540s] -- Up-to-date: /root/r2ware/install/autoware_planning_msgs/include/autoware_planning_msgs/msg/detail/lanelet_route__rosidl_typesupport_introspection_cpp.hpp
[15.540s] -- Up-to-date: /root/r2ware/install/autoware_planning_msgs/include/autoware_planning_msgs/msg/detail/trajectory__rosidl_typesupport_introspection_cpp.hpp
[15.540s] -- Up-to-date: /root/r2ware/install/autoware_planning_msgs/include/autoware_planning_msgs/msg/detail/lanelet_primitive__rosidl_typesupport_introspection_cpp.hpp
[15.540s] -- Up-to-date: /root/r2ware/install/autoware_planning_msgs/include/autoware_planning_msgs/msg/detail/trajectory_point__rosidl_typesupport_introspection_cpp.hpp
[15.540s] -- Up-to-date: /root/r2ware/install/autoware_planning_msgs/include/autoware_planning_msgs/msg/detail/path_point__type_support.cpp
[15.540s] -- Up-to-date: /root/r2ware/install/autoware_planning_msgs/include/autoware_planning_msgs/msg/detail/path__rosidl_typesupport_introspection_cpp.hpp
[15.540s] -- Up-to-date: /root/r2ware/install/autoware_planning_msgs/include/autoware_planning_msgs/msg/detail/lanelet_route__type_support.cpp
[15.540s] -- Up-to-date: /root/r2ware/install/autoware_planning_msgs/include/autoware_planning_msgs/msg/detail/path_point_with_lane_id__type_support.cpp
[15.541s] -- Up-to-date: /root/r2ware/install/autoware_planning_msgs/include/autoware_planning_msgs/msg/detail/path__type_support.cpp
[15.541s] -- Up-to-date: /root/r2ware/install/autoware_planning_msgs/include/autoware_planning_msgs/msg/detail/lanelet_segment__type_support.cpp
[15.541s] -- Up-to-date: /root/r2ware/install/autoware_planning_msgs/include/autoware_planning_msgs/msg/detail/trajectory_point__type_support.cpp
[15.541s] -- Up-to-date: /root/r2ware/install/autoware_planning_msgs/include/autoware_planning_msgs/msg/detail/lanelet_segment__rosidl_typesupport_introspection_cpp.hpp
[15.541s] -- Up-to-date: /root/r2ware/install/autoware_planning_msgs/include/autoware_planning_msgs/msg/detail/lanelet_primitive__type_support.cpp
[15.543s] -- Up-to-date: /root/r2ware/install/autoware_planning_msgs/include/autoware_planning_msgs/msg/detail/path_point__rosidl_typesupport_introspection_cpp.hpp
[15.543s] -- Up-to-date: /root/r2ware/install/autoware_planning_msgs/lib/libautoware_planning_msgs__rosidl_typesupport_introspection_cpp.so
[15.544s] -- Up-to-date: /root/r2ware/install/autoware_planning_msgs/lib/libautoware_planning_msgs__rosidl_typesupport_cpp.so
[15.544s] -- Up-to-date: /root/r2ware/install/autoware_planning_msgs/share/autoware_planning_msgs/environment/pythonpath.sh
[15.544s] -- Installing: /root/r2ware/install/autoware_planning_msgs/share/autoware_planning_msgs/environment/pythonpath.dsv
[15.544s] -- Installing: /root/r2ware/install/autoware_planning_msgs/lib/python3.8/site-packages/autoware_planning_msgs/__init__.py
[15.900s] Compiling '/root/r2ware/install/autoware_planning_msgs/lib/python3.8/site-packages/autoware_planning_msgs/__init__.py'...
[15.947s] -- Up-to-date: /root/r2ware/install/autoware_planning_msgs/lib/python3.8/site-packages/autoware_planning_msgs/msg
[15.947s] -- Up-to-date: /root/r2ware/install/autoware_planning_msgs/lib/python3.8/site-packages/autoware_planning_msgs/msg/_lanelet_route.py
[15.948s] -- Up-to-date: /root/r2ware/install/autoware_planning_msgs/lib/python3.8/site-packages/autoware_planning_msgs/msg/_lanelet_primitive.py
[15.948s] -- Up-to-date: /root/r2ware/install/autoware_planning_msgs/lib/python3.8/site-packages/autoware_planning_msgs/msg/_path_point_with_lane_id_s.c
[15.948s] -- Up-to-date: /root/r2ware/install/autoware_planning_msgs/lib/python3.8/site-packages/autoware_planning_msgs/msg/__init__.py
[15.948s] -- Up-to-date: /root/r2ware/install/autoware_planning_msgs/lib/python3.8/site-packages/autoware_planning_msgs/msg/_path.py
[15.949s] -- Up-to-date: /root/r2ware/install/autoware_planning_msgs/lib/python3.8/site-packages/autoware_planning_msgs/msg/_trajectory_point.py
[15.949s] -- Up-to-date: /root/r2ware/install/autoware_planning_msgs/lib/python3.8/site-packages/autoware_planning_msgs/msg/_path_point.py
[15.949s] -- Up-to-date: /root/r2ware/install/autoware_planning_msgs/lib/python3.8/site-packages/autoware_planning_msgs/msg/_pose_with_uuid_stamped.py
[15.950s] -- Up-to-date: /root/r2ware/install/autoware_planning_msgs/lib/python3.8/site-packages/autoware_planning_msgs/msg/_path_point_s.c
[15.950s] -- Up-to-date: /root/r2ware/install/autoware_planning_msgs/lib/python3.8/site-packages/autoware_planning_msgs/msg/_lanelet_route_s.c
[15.950s] -- Up-to-date: /root/r2ware/install/autoware_planning_msgs/lib/python3.8/site-packages/autoware_planning_msgs/msg/_trajectory.py
[15.950s] -- Up-to-date: /root/r2ware/install/autoware_planning_msgs/lib/python3.8/site-packages/autoware_planning_msgs/msg/_path_with_lane_id.py
[15.950s] -- Up-to-date: /root/r2ware/install/autoware_planning_msgs/lib/python3.8/site-packages/autoware_planning_msgs/msg/_lanelet_segment_s.c
[15.951s] -- Up-to-date: /root/r2ware/install/autoware_planning_msgs/lib/python3.8/site-packages/autoware_planning_msgs/msg/_trajectory_point_s.c
[15.951s] -- Up-to-date: /root/r2ware/install/autoware_planning_msgs/lib/python3.8/site-packages/autoware_planning_msgs/msg/_path_s.c
[15.951s] -- Up-to-date: /root/r2ware/install/autoware_planning_msgs/lib/python3.8/site-packages/autoware_planning_msgs/msg/_lanelet_segment.py
[15.951s] -- Up-to-date: /root/r2ware/install/autoware_planning_msgs/lib/python3.8/site-packages/autoware_planning_msgs/msg/_pose_with_uuid_stamped_s.c
[15.951s] -- Up-to-date: /root/r2ware/install/autoware_planning_msgs/lib/python3.8/site-packages/autoware_planning_msgs/msg/_path_with_lane_id_s.c
[15.951s] -- Up-to-date: /root/r2ware/install/autoware_planning_msgs/lib/python3.8/site-packages/autoware_planning_msgs/msg/_trajectory_s.c
[15.952s] -- Up-to-date: /root/r2ware/install/autoware_planning_msgs/lib/python3.8/site-packages/autoware_planning_msgs/msg/_path_point_with_lane_id.py
[15.952s] -- Up-to-date: /root/r2ware/install/autoware_planning_msgs/lib/python3.8/site-packages/autoware_planning_msgs/msg/_lanelet_primitive_s.c
[15.953s] -- Up-to-date: /root/r2ware/install/autoware_planning_msgs/lib/python3.8/site-packages/autoware_planning_msgs/autoware_planning_msgs_s__rosidl_typesupport_fastrtps_c.cpython-38-aarch64-linux-gnu.so
[15.953s] -- Up-to-date: /root/r2ware/install/autoware_planning_msgs/lib/python3.8/site-packages/autoware_planning_msgs/autoware_planning_msgs_s__rosidl_typesupport_introspection_c.cpython-38-aarch64-linux-gnu.so
[15.955s] -- Up-to-date: /root/r2ware/install/autoware_planning_msgs/lib/python3.8/site-packages/autoware_planning_msgs/autoware_planning_msgs_s__rosidl_typesupport_c.cpython-38-aarch64-linux-gnu.so
[15.957s] -- Up-to-date: /root/r2ware/install/autoware_planning_msgs/lib/libautoware_planning_msgs__python.so
[15.958s] -- Up-to-date: /root/r2ware/install/autoware_planning_msgs/share/autoware_planning_msgs/msg/LaneletPrimitive.idl
[15.958s] -- Up-to-date: /root/r2ware/install/autoware_planning_msgs/share/autoware_planning_msgs/msg/LaneletRoute.idl
[15.958s] -- Up-to-date: /root/r2ware/install/autoware_planning_msgs/share/autoware_planning_msgs/msg/LaneletSegment.idl
[15.959s] -- Up-to-date: /root/r2ware/install/autoware_planning_msgs/share/autoware_planning_msgs/msg/PoseWithUuidStamped.idl
[15.959s] -- Up-to-date: /root/r2ware/install/autoware_planning_msgs/share/autoware_planning_msgs/msg/Trajectory.idl
[15.959s] -- Up-to-date: /root/r2ware/install/autoware_planning_msgs/share/autoware_planning_msgs/msg/TrajectoryPoint.idl
[15.959s] -- Up-to-date: /root/r2ware/install/autoware_planning_msgs/share/autoware_planning_msgs/msg/Path.idl
[15.960s] -- Up-to-date: /root/r2ware/install/autoware_planning_msgs/share/autoware_planning_msgs/msg/PathPoint.idl
[15.960s] -- Up-to-date: /root/r2ware/install/autoware_planning_msgs/share/autoware_planning_msgs/msg/PathWithLaneId.idl
[15.960s] -- Up-to-date: /root/r2ware/install/autoware_planning_msgs/share/autoware_planning_msgs/msg/PathPointWithLaneId.idl
[15.961s] -- Installing: /root/r2ware/install/autoware_planning_msgs/share/autoware_planning_msgs/msg/LaneletPrimitive.msg
[15.962s] -- Installing: /root/r2ware/install/autoware_planning_msgs/share/autoware_planning_msgs/msg/LaneletRoute.msg
[15.962s] -- Installing: /root/r2ware/install/autoware_planning_msgs/share/autoware_planning_msgs/msg/LaneletSegment.msg
[15.963s] -- Installing: /root/r2ware/install/autoware_planning_msgs/share/autoware_planning_msgs/msg/PoseWithUuidStamped.msg
[15.963s] -- Installing: /root/r2ware/install/autoware_planning_msgs/share/autoware_planning_msgs/msg/Trajectory.msg
[15.964s] -- Installing: /root/r2ware/install/autoware_planning_msgs/share/autoware_planning_msgs/msg/TrajectoryPoint.msg
[15.965s] -- Installing: /root/r2ware/install/autoware_planning_msgs/share/autoware_planning_msgs/msg/Path.msg
[15.976s] -- Installing: /root/r2ware/install/autoware_planning_msgs/share/autoware_planning_msgs/msg/PathPoint.msg
[15.976s] -- Installing: /root/r2ware/install/autoware_planning_msgs/share/autoware_planning_msgs/msg/PathWithLaneId.msg
[15.977s] -- Installing: /root/r2ware/install/autoware_planning_msgs/share/autoware_planning_msgs/msg/PathPointWithLaneId.msg
[15.982s] -- Up-to-date: /root/r2ware/install/autoware_planning_msgs/share/ament_index/resource_index/package_run_dependencies/autoware_planning_msgs
[15.982s] -- Installing: /root/r2ware/install/autoware_planning_msgs/share/ament_index/resource_index/parent_prefix_path/autoware_planning_msgs
[15.984s] -- Up-to-date: /root/r2ware/install/autoware_planning_msgs/share/autoware_planning_msgs/environment/ament_prefix_path.sh
[15.985s] -- Installing: /root/r2ware/install/autoware_planning_msgs/share/autoware_planning_msgs/environment/ament_prefix_path.dsv
[15.988s] -- Up-to-date: /root/r2ware/install/autoware_planning_msgs/share/autoware_planning_msgs/environment/path.sh
[15.989s] -- Installing: /root/r2ware/install/autoware_planning_msgs/share/autoware_planning_msgs/environment/path.dsv
[15.990s] -- Up-to-date: /root/r2ware/install/autoware_planning_msgs/share/autoware_planning_msgs/local_setup.bash
[15.990s] -- Up-to-date: /root/r2ware/install/autoware_planning_msgs/share/autoware_planning_msgs/local_setup.sh
[15.991s] -- Up-to-date: /root/r2ware/install/autoware_planning_msgs/share/autoware_planning_msgs/local_setup.zsh
[15.991s] -- Installing: /root/r2ware/install/autoware_planning_msgs/share/autoware_planning_msgs/local_setup.dsv
[15.992s] -- Installing: /root/r2ware/install/autoware_planning_msgs/share/autoware_planning_msgs/package.dsv
[15.994s] -- Up-to-date: /root/r2ware/install/autoware_planning_msgs/share/ament_index/resource_index/packages/autoware_planning_msgs
[15.994s] -- Up-to-date: /root/r2ware/install/autoware_planning_msgs/share/autoware_planning_msgs/cmake/autoware_planning_msgs__rosidl_generator_cExport.cmake
[15.997s] -- Installing: /root/r2ware/install/autoware_planning_msgs/share/autoware_planning_msgs/cmake/autoware_planning_msgs__rosidl_generator_cExport-noconfig.cmake
[16.002s] -- Up-to-date: /root/r2ware/install/autoware_planning_msgs/share/autoware_planning_msgs/cmake/autoware_planning_msgs__rosidl_typesupport_introspection_cExport.cmake
[16.002s] -- Installing: /root/r2ware/install/autoware_planning_msgs/share/autoware_planning_msgs/cmake/autoware_planning_msgs__rosidl_typesupport_introspection_cExport-noconfig.cmake
[16.015s] -- Up-to-date: /root/r2ware/install/autoware_planning_msgs/share/autoware_planning_msgs/cmake/autoware_planning_msgs__rosidl_typesupport_cExport.cmake
[16.015s] -- Installing: /root/r2ware/install/autoware_planning_msgs/share/autoware_planning_msgs/cmake/autoware_planning_msgs__rosidl_typesupport_cExport-noconfig.cmake
[16.017s] -- Up-to-date: /root/r2ware/install/autoware_planning_msgs/share/autoware_planning_msgs/cmake/autoware_planning_msgs__rosidl_generator_cppExport.cmake
[16.024s] -- Up-to-date: /root/r2ware/install/autoware_planning_msgs/share/autoware_planning_msgs/cmake/autoware_planning_msgs__rosidl_typesupport_introspection_cppExport.cmake
[16.025s] -- Installing: /root/r2ware/install/autoware_planning_msgs/share/autoware_planning_msgs/cmake/autoware_planning_msgs__rosidl_typesupport_introspection_cppExport-noconfig.cmake
[16.026s] -- Up-to-date: /root/r2ware/install/autoware_planning_msgs/share/autoware_planning_msgs/cmake/autoware_planning_msgs__rosidl_typesupport_cppExport.cmake
[16.027s] -- Installing: /root/r2ware/install/autoware_planning_msgs/share/autoware_planning_msgs/cmake/autoware_planning_msgs__rosidl_typesupport_cppExport-noconfig.cmake
[16.028s] -- Up-to-date: /root/r2ware/install/autoware_planning_msgs/share/autoware_planning_msgs/cmake/rosidl_cmake-extras.cmake
[16.029s] -- Up-to-date: /root/r2ware/install/autoware_planning_msgs/share/autoware_planning_msgs/cmake/ament_cmake_export_dependencies-extras.cmake
[16.030s] -- Up-to-date: /root/r2ware/install/autoware_planning_msgs/share/autoware_planning_msgs/cmake/ament_cmake_export_libraries-extras.cmake
[16.031s] -- Up-to-date: /root/r2ware/install/autoware_planning_msgs/share/autoware_planning_msgs/cmake/ament_cmake_export_targets-extras.cmake
[16.042s] -- Up-to-date: /root/r2ware/install/autoware_planning_msgs/share/autoware_planning_msgs/cmake/ament_cmake_export_include_directories-extras.cmake
[16.043s] -- Up-to-date: /root/r2ware/install/autoware_planning_msgs/share/autoware_planning_msgs/cmake/rosidl_cmake_export_typesupport_libraries-extras.cmake
[16.044s] -- Up-to-date: /root/r2ware/install/autoware_planning_msgs/share/autoware_planning_msgs/cmake/rosidl_cmake_export_typesupport_targets-extras.cmake
[16.045s] -- Up-to-date: /root/r2ware/install/autoware_planning_msgs/share/autoware_planning_msgs/cmake/autoware_planning_msgsConfig.cmake
[16.046s] -- Up-to-date: /root/r2ware/install/autoware_planning_msgs/share/autoware_planning_msgs/cmake/autoware_planning_msgsConfig-version.cmake
[16.046s] -- Installing: /root/r2ware/install/autoware_planning_msgs/share/autoware_planning_msgs/package.xml
[16.070s] Invoked command in '/root/r2ware/build/autoware_planning_msgs' returned '0': CMAKE_PREFIX_PATH=${CMAKE_PREFIX_PATH}:/root/yahboomcar_ros2_ws/yahboomcar_ws/install/yahboomcar_voice_ctrl:/root/yahboomcar_ros2_ws/yahboomcar_ws/install/yahboomcar_visual:/root/yahboomcar_ros2_ws/yahboomcar_ws/install/yahboomcar_nav:/root/yahboomcar_ros2_ws/yahboomcar_ws/install/yahboomcar_multi:/root/yahboomcar_ros2_ws/yahboomcar_ws/install/yahboomcar_mediapipe:/root/yahboomcar_ros2_ws/yahboomcar_ws/install/yahboomcar_linefollow:/root/yahboomcar_ros2_ws/yahboomcar_ws/install/yahboomcar_laser:/root/yahboomcar_ros2_ws/yahboomcar_ws/install/yahboomcar_description_x1:/root/yahboomcar_ros2_ws/yahboomcar_ws/install/yahboomcar_description:/root/yahboomcar_ros2_ws/yahboomcar_ws/install/yahboomcar_ctrl:/root/yahboomcar_ros2_ws/yahboomcar_ws/install/yahboomcar_bringup:/root/yahboomcar_ros2_ws/yahboomcar_ws/install/yahboomcar_astra:/root/yahboomcar_ros2_ws/yahboomcar_ws/install/yahboom_app_save_map:/root/yahboomcar_ros2_ws/yahboomcar_ws/install/robot_pose_publisher:/root/yahboomcar_ros2_ws/yahboomcar_ws/install/laserscan_to_point_pulisher:/opt/ros/foxy /usr/bin/cmake --install /root/r2ware/build/autoware_planning_msgs
